R tmr
 ets Jan  8 2013,rst cause:1, boot mode:(3,7)

load 0x4010f000, len 1384, room 16 
tail 8
chksum 0x2d
csum 0x2d
v8b899c12
~ld


6.01
 0h00:03.038 2021/06/15T11:28:31z: DS3231
 0h00:03.053 2021/06/15T11:28:32z: BME280 (0x76)
 0h00:03.067 2021/06/15T11:28:32z: 10:52:1c:41:b0:6b
 0h00:03.069 2021/06/15T11:28:32z: SSID: LIVADIA_KB
 0h00:03.074 2021/06/15T11:28:32z: AP_STAR tmr
 ets Jan  8 2013,rst cause:1, boot mode:(3,7)

load 0x4010f000, len 1384, room 16 
tail 8
chksum 0x2d
csum 0x2d
v8b899c12
~ld


6.01
 0h00:03.045 2021/06/15T11:48:28z: DS3231
 0h00:03.060 2021/06/15T11:48:28z: BME280 (0x76)
 0h00:03.074 2021/06/15T11:48:28z: 10:52:1c:41:b0:6b
 0h00:03.076 2021/06/15T11:48:28z: SSID: LIVADIA_KB
 0h00:03.081 2021/06/15T11:48:28z: AP_STAR tmr
 ets Jan  8 2013,rst cause:1, boot mode:(3,7)

load 0x4010f000, len 1384, room 16 
tail 8
chksum 0x2d
csum 0x2d
v8b899c12
~ld


6.01
 0h00:03.016 2021/06/15T12:08:24z: DS3231
 0h00:03.031 2021/06/15T12:08:24z: BME280 (0x76)
 0h00:03.045 2021/06/15T12:08:25z: 10:52:1c:41:b0:6b
 0h00:03.047 2021/06/15T12:08:25z: SSID: LIVADIA_KB
 0h00:03.052 2021/06/15T12:08:25z: AP_STAR tmr
 ets Jan  8 2013,rst cause:1, boot mode:(3,7)

load 0x4010f000, len 1384, room 16 
tail 8
chksum 0x2d
csum 0x2d
v8b899c12
~ld


6.01
 0h00:03.018 2021/06/15T12:28:21z: DS3231
 0h00:03.034 2021/06/15T12:28:21z: BME280 (0x76)
 0h00:03.048 2021/06/15T12:28:21z: 10:52:1c:41:b0:6b
 0h00:03.049 2021/06/15T12:28:21z: SSID: LIVADIA_KB
 0h00:03.055 2021/06/15T12:28:21z: AP_STAR tmr
 ets Jan  8 2013,rst cause:1, boot mode:(3,7)

load 0x4010f000, len 1384, room 16 
tail 8
chksum 0x2d
csum 0x2d
v8b899c12
~ld


6.01
 0h00:03.028 2021/06/15T12:48:17z: DS3231
 0h00:03.043 2021/06/15T12:48:17z: BME280 (0x76)
 0h00:03.057 2021/06/15T12:48:17z: 10:52:1c:41:b0:6b
 0h00:03.059 2021/06/15T12:48:17z: SSID: LIVADIA_KB
 0h00:03.064 2021/06/15T12:48:17z: AP_STAR tmr
 ets Jan  8 2013,rst cause:1, boot mode:(3,7)

load 0x4010f000, len 1384, room 16 
tail 8
chksum 0x2d
csum 0x2d
v8b899c12
~ld


6.01
 0h00:03.021 2021/06/15T13:08:13z: DS3231
 0h00:03.036 2021/06/15T13:08:13z: BME280 (0x76)
 0h00:03.050 2021/06/15T13:08:13z: 10:52:1c:41:b0:6b
 0h00:03.052 2021/06/15T13:08:13z: SSID: LIVADIA_KB
 0h00:03.057 2021/06/15T13:08:13z: AP_STAR tmr
 ets Jan  8 2013,rst cause:1, boot mode:(3,7)

load 0x4010f000, len 1384, room 16 
tail 8
chksum 0x2d
csum 0x2d
v8b899c12
~ld


6.01
 0h00:03.029 2021/06/15T13:28:10z: DS3231
 0h00:03.044 2021/06/15T13:28:10z: BME280 (0x76)
 0h00:03.058 2021/06/15T13:28:10z: 10:52:1c:41:b0:6b
 0h00:03.060 2021/06/15T13:28:10z: SSID: LIVADIA_KB
 0h00:03.065 2021/06/15T13:28:10z: AP_STAR tmr
 ets Jan  8 2013,rst cause:1, boot mode:(3,7)

load 0x4010f000, len 1384, room 16 
tail 8
chksum 0x2d
csum 0x2d
v8b899c12
~ld


6.01
 0h00:03.036 2021/06/15T13:48:06z: DS3231
 0h00:03.051 2021/06/15T13:48:06z: BME280 (0x76)
 0h00:03.065 2021/06/15T13:48:06z: 10:52:1c:41:b0:6b
 0h00:03.067 2021/06/15T13:48:06z: SSID: LIVADIA_KB
 0h00:03.072 2021/06/15T13:48:06z: AP_STAR tmr
 ets Jan  8 2013,rst cause:1, boot mode:(3,7)

load 0x4010f000, len 1384, room 16 
tail 8
chksum 0x2d
csum 0x2d
v8b899c12
~ld


6.01
 0h00:03.037 2021/06/15T14:08:02z: DS3231
 0h00:03.052 2021/06/15T14:08:02z: BME280 (0x76)
 0h00:03.066 2021/06/15T14:08:02z: 10:52:1c:41:b0:6b
 0h00:03.068 2021/06/15T14:08:02z: SSID: LIVADIA_KB
 0h00:03.073 2021/06/15T14:08:02z: AP_STAR tmr
 ets Jan  8 2013,rst cause:1, boot mode:(3,7)

load 0x4010f000, len 1384, room 16 
tail 8
chksum 0x2d
csum 0x2d
v8b899c12
~ld


6.01
 0h00:03.051 2021/06/15T14:27:58z: DS3231
 0h00:03.066 2021/06/15T14:27:58z: BME280 (0x76)
 0h00:03.080 2021/06/15T14:27:58z: 10:52:1c:41:b0:6b
 0h00:03.082 2021/06/15T14:27:58z: SSID: LIVADIA_KB
 0h00:03.087 2021/06/15T14:27:58z: AP_STAR tmr
 ets Jan  8 2013,rst cause:1, boot mode:(3,7)

load 0x4010f000, len 1384, room 16 
tail 8
chksum 0x2d
csum 0x2d
v8b899c12
~ld


6.01
 0h00:03.022 2021/06/15T14:47:54z: DS3231
 0h00:03.037 2021/06/15T14:47:54z: BME280 (0x76)
 0h00:03.051 2021/06/15T14:47:54z: 10:52:1c:41:b0:6b
 0h00:03.053 2021/06/15T14:47:54z: SSID: LIVADIA_KB
 0h00:03.058 2021/06/15T14:47:54z: AP_STAR tmr
 ets Jan  8 2013,rst cause:1, boot mode:(3,7)

load 0x4010f000, len 1384, room 16 
tail 8
chksum 0x2d
csum 0x2d
v8b899c12
~ld


6.01
 0h00:03.025 2021/06/15T15:07:51z: DS3231
 0h00:03.040 2021/06/15T15:07:51z: BME280 (0x76)
 0h00:03.054 2021/06/15T15:07:51z: 10:52:1c:41:b0:6b
 0h00:03.056 2021/06/15T15:07:51z: SSID: LIVADIA_KB
 0h00:03.061 2021/06/15T15:07:51z: AP_STAR tmr
 ets Jan  8 2013,rst cause:1, boot mode:(3,7)

load 0x4010f000, len 1384, room 16 
tail 8
chksum 0x2d
csum 0x2d
v8b899c12
~ld


6.01
 0h00:03.027 2021/06/15T15:27:46z: DS3231
 0h00:03.043 2021/06/15T15:27:46z: BME280 (0x76)
 0h00:03.057 2021/06/15T15:27:46z: 10:52:1c:41:b0:6b
 0h00:03.059 2021/06/15T15:27:46z: SSID: LIVADIA_KB
 0h00:03.064 2021/06/15T15:27:46z: AP_STAR tmr
 ets Jan  8 2013,rst cause:1, boot mode:(3,7)

load 0x4010f000, len 1384, room 16 
tail 8
chksum 0x2d
csum 0x2d
v8b899c12
~ld


6.01
 0h00:03.022 2021/06/15T15:47:42z: DS3231
 0h00:03.038 2021/06/15T15:47:42z: BME280 (0x76)
 0h00:03.052 2021/06/15T15:47:42z: 10:52:1c:41:b0:6b
 0h00:03.053 2021/06/15T15:47:42z: SSID: LIVADIA_KB
 0h00:03.059 2021/06/15T15:47:42z: AP_STAR tmr
 ets Jan  8 2013,rst cause:1, boot mode:(3,7)

load 0x4010f000, len 1384, room 16 
tail 8
chksum 0x2d
csum 0x2d
v8b899c12
~ld


6.01
 0h00:03.024 2021/06/15T16:07:39z: DS3231
 0h00:03.040 2021/06/15T16:07:39z: BME280 (0x76)
 0h00:03.054 2021/06/15T16:07:39z: 10:52:1c:41:b0:6b
 0h00:03.055 2021/06/15T16:07:39z: SSID: LIVADIA_KB
 0h00:03.061 2021/06/15T16:07:39z: AP_STAR tmr
 ets Jan  8 2013,rst cause:1, boot mode:(3,7)

load 0x4010f000, len 1384, room 16 
tail 8
chksum 0x2d
csum 0x2d
v8b899c12
~ld


6.01
 0h00:03.026 2021/06/15T16:27:35z: DS3231
 0h00:03.041 2021/06/15T16:27:35z: BME280 (0x76)
 0h00:03.055 2021/06/15T16:27:35z: 10:52:1c:41:b0:6b
 0h00:03.057 2021/06/15T16:27:35z: SSID: LIVADIA_KB
 0h00:03.062 2021/06/15T16:27:35z: AP_STAR tmr
 ets Jan  8 2013,rst cause:1, boot mode:(3,7)

load 0x4010f000, len 1384, room 16 
tail 8
chksum 0x2d
csum 0x2d
v8b899c12
~ld


6.01
 0h00:03.020 2021/06/15T16:47:31z: DS3231
 0h00:03.035 2021/06/15T16:47:31z: BME280 (0x76)
 0h00:03.050 2021/06/15T16:47:31z: 10:52:1c:41:b0:6b
 0h00:03.051 2021/06/15T16:47:31z: SSID: LIVADIA_KB
 0h00:03.056 2021/06/15T16:47:31z: AP_STAR tmr
 ets Jan  8 2013,rst cause:1, boot mode:(3,7)

load 0x4010f000, len 1384, room 16 
tail 8
chksum 0x2d
csum 0x2d
v8b899c12
~ld


6.01
 0h00:03.028 2021/06/15T17:07:27z: DS3231
 0h00:03.044 2021/06/15T17:07:27z: BME280 (0x76)
 0h00:03.058 2021/06/15T17:07:27z: 10:52:1c:41:b0:6b
 0h00:03.059 2021/06/15T17:07:27z: SSID: LIVADIA_KB
 0h00:03.065 2021/06/15T17:07:27z: AP_STAR tmr
 ets Jan  8 2013,rst cause:1, boot mode:(3,7)

load 0x4010f000, len 1384, room 16 
tail 8
chksum 0x2d
csum 0x2d
v8b899c12
~ld


6.01
 0h00:03.025 2021/06/15T17:27:23z: DS3231
 0h00:03.041 2021/06/15T17:27:23z: BME280 (0x76)
 0h00:03.055 2021/06/15T17:27:23z: 10:52:1c:41:b0:6b
 0h00:03.057 2021/06/15T17:27:23z: SSID: LIVADIA_KB
 0h00:03.062 2021/06/15T17:27:23z: AP_STAR tmr
 ets Jan  8 2013,rst cause:1, boot mode:(3,7)

load 0x4010f000, len 1384, room 16 
tail 8
chksum 0x2d
csum 0x2d
v8b899c12
~ld


6.01
 0h00:03.022 2021/06/15T17:47:20z: DS3231
 0h00:03.037 2021/06/15T17:47:20z: BME280 (0x76)
 0h00:03.051 2021/06/15T17:47:20z: 10:52:1c:41:b0:6b
 0h00:03.053 2021/06/15T17:47:20z: SSID: LIVADIA_KB
 0h00:03.058 2021/06/15T17:47:20z: AP_STAR tmr
 ets Jan  8 2013,rst cause:1, boot mode:(3,7)

load 0x4010f000, len 1384, room 16 
tail 8
chksum 0x2d
csum 0x2d
v8b899c12
~ld


6.01
 0h00:03.027 2021/06/15T18:07:16z: DS3231
 0h00:03.042 2021/06/15T18:07:16z: BME280 (0x76)
 0h00:03.056 2021/06/15T18:07:16z: 10:52:1c:41:b0:6b
 0h00:03.058 2021/06/15T18:07:16z: SSID: LIVADIA_KB
 0h00:03.063 2021/06/15T18:07:16z: AP_STAR tmr
 ets Jan  8 2013,rst cause:1, boot mode:(3,7)

load 0x4010f000, len 1384, room 16 
tail 8
chksum 0x2d
csum 0x2d
v8b899c12
~ld


6.01
 0h00:03.017 2021/06/15T18:27:12z: DS3231
 0h00:03.032 2021/06/15T18:27:13z: BME280 (0x76)
 0h00:03.047 2021/06/15T18:27:13z: 10:52:1c:41:b0:6b
 0h00:03.048 2021/06/15T18:27:13z: SSID: LIVADIA_KB
 0h00:03.053 2021/06/15T18:27:13z: AP_STAR tmr
 ets Jan  8 2013,rst cause:1, boot mode:(3,7)

load 0x4010f000, len 1384, room 16 
tail 8
chksum 0x2d
csum 0x2d
v8b899c12
~ld


6.01
 0h00:03.027 2021/06/15T18:47:08z: DS3231
 0h00:03.042 2021/06/15T18:47:08z: BME280 (0x76)
 0h00:03.056 2021/06/15T18:47:08z: 10:52:1c:41:b0:6b
 0h00:03.058 2021/06/15T18:47:08z: SSID: LIVADIA_KB
 0h00:03.063 2021/06/15T18:47:08z: AP_STAR tmr
 ets Jan  8 2013,rst cause:1, boot mode:(3,7)

load 0x4010f000, len 1384, room 16 
tail 8
chksum 0x2d
csum 0x2d
v8b899c12
~ld


6.01
 0h00:03.038 2021/06/15T19:07:04z: DS3231
 0h00:03.053 2021/06/15T19:07:04z: BME280 (0x76)
 0h00:03.067 2021/06/15T19:07:04z: 10:52:1c:41:b0:6b
 0h00:03.069 2021/06/15T19:07:04z: SSID: LIVADIA_KB
 0h00:03.074 2021/06/15T19:07:04z: AP_STAR tmr
 ets Jan  8 2013,rst cause:1, boot mode:(3,7)

load 0x4010f000, len 1384, room 16 
tail 8
chksum 0x2d
csum 0x2d
v8b899c12
~ld


6.01
 0h00:03.034 2021/06/15T19:27:00z: DS3231
 0h00:03.050 2021/06/15T19:27:00z: BME280 (0x76)
 0h00:03.064 2021/06/15T19:27:00z: 10:52:1c:41:b0:6b
 0h00:03.065 2021/06/15T19:27:00z: SSID: LIVADIA_KB
 0h00:03.071 2021/06/15T19:27:00z: AP_STAR tmr
 ets Jan  8 2013,rst cause:1, boot mode:(3,7)

load 0x4010f000, len 1384, room 16 
tail 8
chksum 0x2d
csum 0x2d
v8b899c12
~ld


6.01
 0h00:03.042 2021/06/15T19:46:56z: DS3231
 0h00:03.058 2021/06/15T19:46:56z: BME280 (0x76)
 0h00:03.072 2021/06/15T19:46:56z: 10:52:1c:41:b0:6b
 0h00:03.074 2021/06/15T19:46:56z: SSID: LIVADIA_KB
 0h00:03.079 2021/06/15T19:46:56z: AP_STAR tmr
 ets Jan  8 2013,rst cause:1, boot mode:(3,7)

load 0x4010f000, len 1384, room 16 
tail 8
chksum 0x2d
csum 0x2d
v8b899c12
~ld


6.01
 0h00:03.046 2021/06/15T20:06:52z: DS3231
 0h00:03.061 2021/06/15T20:06:52z: BME280 (0x76)
 0h00:03.075 2021/06/15T20:06:52z: 10:52:1c:41:b0:6b
 0h00:03.077 2021/06/15T20:06:52z: SSID: LIVADIA_KB
 0h00:03.082 2021/06/15T20:06:52z: AP_STAR tmr
 ets Jan  8 2013,rst cause:1, boot mode:(3,7)

load 0x4010f000, len 1384, room 16 
tail 8
chksum 0x2d
csum 0x2d
v8b899c12
~ld


6.01
 0h00:03.044 2021/06/15T20:26:48z: DS3231
 0h00:03.060 2021/06/15T20:26:48z: BME280 (0x76)
 0h00:03.074 2021/06/15T20:26:48z: 10:52:1c:41:b0:6b
 0h00:03.075 2021/06/15T20:26:48z: SSID: LIVADIA_KB
 0h00:03.081 2021/06/15T20:26:48z: AP_STAR tmr
 ets Jan  8 2013,rst cause:1, boot mode:(3,7)

load 0x4010f000, len 1384, room 16 
tail 8
chksum 0x2d
csum 0x2d
v8b899c12
~ld


6.01
 0h00:03.022 2021/06/15T20:46:44z: DS3231
 0h00:03.037 2021/06/15T20:46:44z: BME280 (0x76)
 0h00:03.051 2021/06/15T20:46:44z: 10:52:1c:41:b0:6b
 0h00:03.053 2021/06/15T20:46:44z: SSID: LIVADIA_KB
 0h00:03.058 2021/06/15T20:46:44z: AP_STAR tmr
 ets Jan  8 2013,rst cause:1, boot mode:(3,7)

load 0x4010f000, len 1384, room 16 
tail 8
chksum 0x2d
csum 0x2d
v8b899c12
~ld


6.01
 0h00:03.023 2021/06/15T21:06:40z: DS3231
 0h00:03.039 2021/06/15T21:06:40z: BME280 (0x76)
 0h00:03.053 2021/06/15T21:06:40z: 10:52:1c:41:b0:6b
 0h00:03.054 2021/06/15T21:06:40z: SSID: LIVADIA_KB
 0h00:03.060 2021/06/15T21:06:40z: AP_STAR tmr
 ets Jan  8 2013,rst cause:1, boot mode:(3,7)

load 0x4010f000, len 1384, room 16 
tail 8
chksum 0x2d
csum 0x2d
v8b899c12
~ld


6.01
 0h00:03.025 2021/06/15T21:26:36z: DS3231
 0h00:03.041 2021/06/15T21:26:36z: BME280 (0x76)
 0h00:03.055 2021/06/15T21:26:36z: 10:52:1c:41:b0:6b
 0h00:03.056 2021/06/15T21:26:36z: SSID: LIVADIA_KB
 0h00:03.062 2021/06/15T21:26:36z: AP_STAR tmr
 ets Jan  8 2013,rst cause:1, boot mode:(3,7)

load 0x4010f000, len 1384, room 16 
tail 8
chksum 0x2d
csum 0x2d
v8b899c12
~ld


6.01
 0h00:03.015 2021/06/15T21:46:32z: DS3231
 0h00:03.030 2021/06/15T21:46:32z: BME280 (0x76)
 0h00:03.045 2021/06/15T21:46:32z: 10:52:1c:41:b0:6b
 0h00:03.046 2021/06/15T21:46:32z: SSID: LIVADIA_KB
 0h00:03.052 2021/06/15T21:46:32z: AP_STAR tmr
 ets Jan  8 2013,rst cause:1, boot mode:(3,7)

load 0x4010f000, len 1384, room 16 
tail 8
chksum 0x2d
csum 0x2d
v8b899c12
~ld


6.01
 0h00:03.028 2021/06/15T22:06:28z: DS3231
 0h00:03.044 2021/06/15T22:06:28z: BME280 (0x76)
 0h00:03.058 2021/06/15T22:06:28z: 10:52:1c:41:b0:6b
 0h00:03.060 2021/06/15T22:06:28z: SSID: LIVADIA_KB
 0h00:03.065 2021/06/15T22:06:28z: AP_STAR tmr
 ets Jan  8 2013,rst cause:1, boot mode:(3,7)

load 0x4010f000, len 1384, room 16 
tail 8
chksum 0x2d
csum 0x2d
v8b899c12
~ld


6.01
 0h00:03.031 2021/06/15T22:26:24z: DS3231
 0h00:03.046 2021/06/15T22:26:25z: BME280 (0x76)
 0h00:03.060 2021/06/15T22:26:25z: 10:52:1c:41:b0:6b
 0h00:03.062 2021/06/15T22:26:25z: SSID: LIVADIA_KB
 0h00:03.067 2021/06/15T22:26:25z: AP_STAR tmr
 ets Jan  8 2013,rst cause:1, boot mode:(3,7)

load 0x4010f000, len 1384, room 16 
tail 8
chksum 0x2d
csum 0x2d
v8b899c12
~ld


6.01
 0h00:03.035 2021/06/15T22:46:21z: DS3231
 0h00:03.050 2021/06/15T22:46:21z: BME280 (0x76)
 0h00:03.064 2021/06/15T22:46:21z: 10:52:1c:41:b0:6b
 0h00:03.066 2021/06/15T22:46:21z: SSID: LIVADIA_KB
 0h00:03.071 2021/06/15T22:46:21z: AP_STAR tmr
 ets Jan  8 2013,rst cause:1, boot mode:(3,7)

load 0x4010f000, len 1384, room 16 
tail 8
chksum 0x2d
csum 0x2d
v8b899c12
~ld


6.01
 0h00:03.053 2021/06/15T23:06:17z: DS3231
 0h00:03.069 2021/06/15T23:06:17z: BME280 (0x76)
 0h00:03.083 2021/06/15T23:06:17z: 10:52:1c:41:b0:6b
 0h00:03.084 2021/06/15T23:06:17z: SSID: LIVADIA_KB
 0h00:03.090 2021/06/15T23:06:17z: AP_STAR tmr
 ets Jan  8 2013,rst cause:1, boot mode:(3,7)

load 0x4010f000, len 1384, room 16 
tail 8
chksum 0x2d
csum 0x2d
v8b899c12
~ld


6.01
 0h00:03.020 2021/06/15T23:26:13z: DS3231
 0h00:03.035 2021/06/15T23:26:13z: BME280 (0x76)
 0h00:03.049 2021/06/15T23:26:13z: 10:52:1c:41:b0:6b
 0h00:03.051 2021/06/15T23:26:13z: SSID: LIVADIA_KB
 0h00:03.056 2021/06/15T23:26:13z: AP_STAR tmr
 ets Jan  8 2013,rst cause:1, boot mode:(3,7)

load 0x4010f000, len 1384, room 16 
tail 8
chksum 0x2d
csum 0x2d
v8b899c12
~ld


6.01
 0h00:03.023 2021/06/15T23:46:09z: DS3231
 0h00:03.038 2021/06/15T23:46:09z: BME280 (0x76)
 0h00:03.052 2021/06/15T23:46:09z: 10:52:1c:41:b0:6b
 0h00:03.054 2021/06/15T23:46:09z: SSID: LIVADIA_KB
 0h00:03.059 2021/06/15T23:46:09z: AP_STA