R tmr
 ets Jan  8 2013,rst cause:1, boot mode:(3,6)

load 0x4010f000, len 1384, room 16 
tail 8
chksum 0x2d
csum 0x2d
v8b899c12
~ld


6.01
 0h00:02.992 2021/06/14T10:44:23z: DS3231
 0h00:03.007 2021/06/14T10:44:23z: BME280 (0x76)
 0h00:03.021 2021/06/14T10:44:23z: 10:52:1c:4d:ae:9b
 0h00:03.023 2021/06/14T10:44:23z: SSID: PurpleAir-2ad
 0h00:03.028 2021/06/14T10:44:23z: AP_STAR tmr
 ets Jan  8 2013,rst cause:1, boot mode:(3,6)

load 0x4010f000, len 1384, room 16 
tail 8
chksum 0x2d
csum 0x2d
v8b899c12
~ld


6.01
 0h00:02.992 2021/06/14T11:04:20z: DS3231
 0h00:03.007 2021/06/14T11:04:20z: BME280 (0x76)
 0h00:03.021 2021/06/14T11:04:20z: 10:52:1c:4d:ae:9b
 0h00:03.023 2021/06/14T11:04:20z: SSID: PurpleAir-2ad
 0h00:03.028 2021/06/14T11:04:20z: AP_STAR tmr
 ets Jan  8 2013,rst cause:1, boot mode:(3,6)

load 0x4010f000, len 1384, room 16 
tail 8
chksum 0x2d
csum 0x2d
v8b899c12
~ld


6.01
 0h00:03.000 2021/06/14T11:24:15z: DS3231
 0h00:03.016 2021/06/14T11:24:15z: BME280 (0x76)
 0h00:03.030 2021/06/14T11:24:15z: 10:52:1c:4d:ae:9b
 0h00:03.032 2021/06/14T11:24:15z: SSID: PurpleAir-2ad
 0h00:03.037 2021/06/14T11:24:15z: AP_STAR tmr
 ets Jan  8 2013,rst cause:1, boot mode:(3,6)

load 0x4010f000, len 1384, room 16 
tail 8
chksum 0x2d
csum 0x2d
v8b899c12
~ld


6.01
 0h00:03.003 2021/06/14T11:44:11z: DS3231
 0h00:03.019 2021/06/14T11:44:11z: BME280 (0x76)
 0h00:03.033 2021/06/14T11:44:11z: 10:52:1c:4d:ae:9b
 0h00:03.034 2021/06/14T11:44:11z: SSID: PurpleAir-2ad
 0h00:03.040 2021/06/14T11:44:11z: AP_STAR tmr
 ets Jan  8 2013,rst cause:1, boot mode:(3,6)

load 0x4010f000, len 1384, room 16 
tail 8
chksum 0x2d
csum 0x2d
v8b899c12
~ld


6.01
 0h00:03.014 2021/06/14T12:04:07z: DS3231
 0h00:03.030 2021/06/14T12:04:07z: BME280 (0x76)
 0h00:03.044 2021/06/14T12:04:07z: 10:52:1c:4d:ae:9b
 0h00:03.046 2021/06/14T12:04:07z: SSID: PurpleAir-2ad
 0h00:03.051 2021/06/14T12:04:07z: AP_STAR tmr
 ets Jan  8 2013,rst cause:1, boot mode:(3,6)

load 0x4010f000, len 1384, room 16 
tail 8
chksum 0x2d
csum 0x2d
v8b899c12
~ld


6.01
 0h00:02.986 2021/06/14T12:24:03z: DS3231
 0h00:03.002 2021/06/14T12:24:03z: BME280 (0x76)
 0h00:03.016 2021/06/14T12:24:03z: 10:52:1c:4d:ae:9b
 0h00:03.017 2021/06/14T12:24:03z: SSID: PurpleAir-2ad
 0h00:03.023 2021/06/14T12:24:03z: AP_STAR tmr
 ets Jan  8 2013,rst cause:1, boot mode:(3,6)

load 0x4010f000, len 1384, room 16 
tail 8
chksum 0x2d
csum 0x2d
v8b899c12
~ld


6.01
 0h00:02.987 2021/06/14T12:43:59z: DS3231
 0h00:03.002 2021/06/14T12:43:59z: BME280 (0x76)
 0h00:03.017 2021/06/14T12:43:59z: 10:52:1c:4d:ae:9b
 0h00:03.018 2021/06/14T12:43:59z: SSID: PurpleAir-2ad
 0h00:03.023 2021/06/14T12:43:59z: AP_STAR tmr
 ets Jan  8 2013,rst cause:1, boot mode:(3,6)

load 0x4010f000, len 1384, room 16 
tail 8
chksum 0x2d
csum 0x2d
v8b899c12
~ld


6.01
 0h00:02.990 2021/06/14T13:03:55z: DS3231
 0h00:03.006 2021/06/14T13:03:55z: BME280 (0x76)
 0h00:03.020 2021/06/14T13:03:55z: 10:52:1c:4d:ae:9b
 0h00:03.022 2021/06/14T13:03:55z: SSID: PurpleAir-2ad
 0h00:03.027 2021/06/14T13:03:55z: AP_STAR tmr
 ets Jan  8 2013,rst cause:1, boot mode:(3,6)

load 0x4010f000, len 1384, room 16 
tail 8
chksum 0x2d
csum 0x2d
v8b899c12
~ld


6.01
 0h00:02.988 2021/06/14T13:23:51z: DS3231
 0h00:03.003 2021/06/14T13:23:51z: BME280 (0x76)
 0h00:03.017 2021/06/14T13:23:51z: 10:52:1c:4d:ae:9b
 0h00:03.019 2021/06/14T13:23:51z: SSID: PurpleAir-2ad
 0h00:03.024 2021/06/14T13:23:51z: AP_STAR tmr
 ets Jan  8 2013,rst cause:1, boot mode:(3,6)

load 0x4010f000, len 1384, room 16 
tail 8
chksum 0x2d
csum 0x2d
v8b899c12
~ld


6.01
 0h00:02.992 2021/06/14T13:43:47z: DS3231
 0h00:03.007 2021/06/14T13:43:47z: BME280 (0x76)
 0h00:03.022 2021/06/14T13:43:47z: 10:52:1c:4d:ae:9b
 0h00:03.023 2021/06/14T13:43:47z: SSID: PurpleAir-2ad
 0h00:03.028 2021/06/14T13:43:47z: AP_STAR tmr
 ets Jan  8 2013,rst cause:1, boot mode:(3,6)

load 0x4010f000, len 1384, room 16 
tail 8
chksum 0x2d
csum 0x2d
v8b899c12
~ld


6.01
 0h00:03.004 2021/06/14T14:03:42z: DS3231
 0h00:03.020 2021/06/14T14:03:42z: BME280 (0x76)
 0h00:03.034 2021/06/14T14:03:42z: 10:52:1c:4d:ae:9b
 0h00:03.035 2021/06/14T14:03:42z: SSID: PurpleAir-2ad
 0h00:03.041 2021/06/14T14:03:42z: AP_STAR tmr
 ets Jan  8 2013,rst cause:1, boot mode:(3,6)

load 0x4010f000, len 1384, room 16 
tail 8
chksum 0x2d
csum 0x2d
v8b899c12
~ld


6.01
 0h00:03.007 2021/06/14T14:23:37z: DS3231
 0h00:03.022 2021/06/14T14:23:37z: BME280 (0x76)
 0h00:03.036 2021/06/14T14:23:37z: 10:52:1c:4d:ae:9b
 0h00:03.038 2021/06/14T14:23:37z: SSID: PurpleAir-2ad
 0h00:03.043 2021/06/14T14:23:37z: AP_STAR tmr
 ets Jan  8 2013,rst cause:1, boot mode:(3,6)

load 0x4010f000, len 1384, room 16 
tail 8
chksum 0x2d
csum 0x2d
v8b899c12
~ld


6.01
 0h00:03.014 2021/06/14T14:43:33z: DS3231
 0h00:03.029 2021/06/14T14:43:33z: BME280 (0x76)
 0h00:03.044 2021/06/14T14:43:33z: 10:52:1c:4d:ae:9b
 0h00:03.045 2021/06/14T14:43:33z: SSID: PurpleAir-2ad
 0h00:03.050 2021/06/14T14:43:33z: AP_STAR tmr
 ets Jan  8 2013,rst cause:1, boot mode:(3,6)

load 0x4010f000, len 1384, room 16 
tail 8
chksum 0x2d
csum 0x2d
v8b899c12
~ld


6.01
 0h00:02.993 2021/06/14T15:03:29z: DS3231
 0h00:03.008 2021/06/14T15:03:29z: BME280 (0x76)
 0h00:03.022 2021/06/14T15:03:29z: 10:52:1c:4d:ae:9b
 0h00:03.024 2021/06/14T15:03:29z: SSID: PurpleAir-2ad
 0h00:03.029 2021/06/14T15:03:29z: AP_STAR tmr
 ets Jan  8 2013,rst cause:1, boot mode:(3,6)

load 0x4010f000, len 1384, room 16 
tail 8
chksum 0x2d
csum 0x2d
v8b899c12
~ld


6.01
 0h00:02.987 2021/06/14T15:23:25z: DS3231
 0h00:03.003 2021/06/14T15:23:25z: BME280 (0x76)
 0h00:03.017 2021/06/14T15:23:25z: 10:52:1c:4d:ae:9b
 0h00:03.019 2021/06/14T15:23:25z: SSID: PurpleAir-2ad
 0h00:03.024 2021/06/14T15:23:25z: AP_STAR tmr
 ets Jan  8 2013,rst cause:1, boot mode:(3,6)

load 0x4010f000, len 1384, room 16 
tail 8
chksum 0x2d
csum 0x2d
v8b899c12
~ld


6.01
 0h00:02.990 2021/06/14T15:43:21z: DS3231
 0h00:03.006 2021/06/14T15:43:21z: BME280 (0x76)
 0h00:03.020 2021/06/14T15:43:21z: 10:52:1c:4d:ae:9b
 0h00:03.022 2021/06/14T15:43:21z: SSID: PurpleAir-2ad
 0h00:03.027 2021/06/14T15:43:21z: AP_STAR tmr
 ets Jan  8 2013,rst cause:1, boot mode:(3,6)

load 0x4010f000, len 1384, room 16 
tail 8
chksum 0x2d
csum 0x2d
v8b899c12
~ld


6.01
 0h00:02.989 2021/06/14T16:03:16z: DS3231
 0h00:03.004 2021/06/14T16:03:16z: BME280 (0x76)
 0h00:03.018 2021/06/14T16:03:16z: 10:52:1c:4d:ae:9b
 0h00:03.020 2021/06/14T16:03:16z: SSID: PurpleAir-2ad
 0h00:03.025 2021/06/14T16:03:16z: AP_STAR tmr
 ets Jan  8 2013,rst cause:1, boot mode:(3,6)

load 0x4010f000, len 1384, room 16 
tail 8
chksum 0x2d
csum 0x2d
v8b899c12
~ld


6.01
 0h00:02.992 2021/06/14T16:23:12z: DS3231
 0h00:03.007 2021/06/14T16:23:12z: BME280 (0x76)
 0h00:03.021 2021/06/14T16:23:12z: 10:52:1c:4d:ae:9b
 0h00:03.023 2021/06/14T16:23:12z: SSID: PurpleAir-2ad
 0h00:03.028 2021/06/14T16:23:12z: AP_STAR tmr
 ets Jan  8 2013,rst cause:1, boot mode:(3,6)

load 0x4010f000, len 1384, room 16 
tail 8
chksum 0x2d
csum 0x2d
v8b899c12
~ld


6.01
 0h00:02.999 2021/06/14T16:43:08z: DS3231
 0h00:03.015 2021/06/14T16:43:08z: BME280 (0x76)
 0h00:03.029 2021/06/14T16:43:08z: 10:52:1c:4d:ae:9b
 0h00:03.031 2021/06/14T16:43:08z: SSID: PurpleAir-2ad
 0h00:03.036 2021/06/14T16:43:08z: AP_STAR tmr
 ets Jan  8 2013,rst cause:1, boot mode:(3,6)

load 0x4010f000, len 1384, room 16 
tail 8
chksum 0x2d
csum 0x2d
v8b899c12
~ld


6.01
 0h00:03.009 2021/06/14T17:03:05z: DS3231
 0h00:03.024 2021/06/14T17:03:05z: BME280 (0x76)
 0h00:03.038 2021/06/14T17:03:05z: 10:52:1c:4d:ae:9b
 0h00:03.040 2021/06/14T17:03:05z: SSID: PurpleAir-2ad
 0h00:03.045 2021/06/14T17:03:05z: AP_STAR tmr
 ets Jan  8 2013,rst cause:1, boot mode:(3,6)

load 0x4010f000, len 1384, room 16 
tail 8
chksum 0x2d
csum 0x2d
v8b899c12
~ld


6.01
 0h00:03.018 2021/06/14T17:23:00z: DS3231
 0h00:03.033 2021/06/14T17:23:00z: BME280 (0x76)
 0h00:03.047 2021/06/14T17:23:00z: 10:52:1c:4d:ae:9b
 0h00:03.049 2021/06/14T17:23:00z: SSID: PurpleAir-2ad
 0h00:03.054 2021/06/14T17:23:00z: AP_STAR tmr
 ets Jan  8 2013,rst cause:1, boot mode:(3,6)

load 0x4010f000, len 1384, room 16 
tail 8
chksum 0x2d
csum 0x2d
v8b899c12
~ld


6.01
 0h00:02.989 2021/06/14T17:42:57z: DS3231
 0h00:03.004 2021/06/14T17:42:57z: BME280 (0x76)
 0h00:03.018 2021/06/14T17:42:57z: 10:52:1c:4d:ae:9b
 0h00:03.020 2021/06/14T17:42:57z: SSID: PurpleAir-2ad
 0h00:03.025 2021/06/14T17:42:57z: AP_STAR tmr
 ets Jan  8 2013,rst cause:1, boot mode:(3,6)

load 0x4010f000, len 1384, room 16 
tail 8
chksum 0x2d
csum 0x2d
v8b899c12
~ld


6.01
 0h00:02.990 2021/06/14T18:02:53z: DS3231
 0h00:03.006 2021/06/14T18:02:53z: BME280 (0x76)
 0h00:03.020 2021/06/14T18:02:53z: 10:52:1c:4d:ae:9b
 0h00:03.021 2021/06/14T18:02:53z: SSID: PurpleAir-2ad
 0h00:03.027 2021/06/14T18:02:53z: AP_STAR tmr
 ets Jan  8 2013,rst cause:1, boot mode:(3,6)

load 0x4010f000, len 1384, room 16 
tail 8
chksum 0x2d
csum 0x2d
v8b899c12
~ld


6.01
 0h00:02.989 2021/06/14T18:22:48z: DS3231
 0h00:03.004 2021/06/14T18:22:48z: BME280 (0x76)
 0h00:03.018 2021/06/14T18:22:48z: 10:52:1c:4d:ae:9b
 0h00:03.020 2021/06/14T18:22:48z: SSID: PurpleAir-2ad
 0h00:03.025 2021/06/14T18:22:48z: AP_STAR tmr
 ets Jan  8 2013,rst cause:1, boot mode:(3,6)

load 0x4010f000, len 1384, room 16 
tail 8
chksum 0x2d
csum 0x2d
v8b899c12
~ld


6.01
 0h00:02.990 2021/06/14T18:42:44z: DS3231
 0h00:03.005 2021/06/14T18:42:44z: BME280 (0x76)
 0h00:03.019 2021/06/14T18:42:44z: 10:52:1c:4d:ae:9b
 0h00:03.021 2021/06/14T18:42:44z: SSID: PurpleAir-2ad
 0h00:03.026 2021/06/14T18:42:44z: AP_STAR tmr
 ets Jan  8 2013,rst cause:1, boot mode:(3,6)

load 0x4010f000, len 1384, room 16 
tail 8
chksum 0x2d
csum 0x2d
v8b899c12
~ld


6.01
 0h00:02.991 2021/06/14T19:02:40z: DS3231
 0h00:03.007 2021/06/14T19:02:40z: BME280 (0x76)
 0h00:03.021 2021/06/14T19:02:40z: 10:52:1c:4d:ae:9b
 0h00:03.023 2021/06/14T19:02:40z: SSID: PurpleAir-2ad
 0h00:03.028 2021/06/14T19:02:40z: AP_STAR tmr
 ets Jan  8 2013,rst cause:1, boot mode:(3,6)

load 0x4010f000, len 1384, room 16 
tail 8
chksum 0x2d
csum 0x2d
v8b899c12
~ld


6.01
 0h00:03.000 2021/06/14T19:22:36z: DS3231
 0h00:03.016 2021/06/14T19:22:36z: BME280 (0x76)
 0h00:03.030 2021/06/14T19:22:36z: 10:52:1c:4d:ae:9b
 0h00:03.032 2021/06/14T19:22:36z: SSID: PurpleAir-2ad
 0h00:03.037 2021/06/14T19:22:36z: AP_STAR tmr
 ets Jan  8 2013,rst cause:1, boot mode:(3,6)

load 0x4010f000, len 1384, room 16 
tail 8
chksum 0x2d
csum 0x2d
v8b899c12
~ld


6.01
 0h00:03.005 2021/06/14T19:42:32z: DS3231
 0h00:03.020 2021/06/14T19:42:32z: BME280 (0x76)
 0h00:03.034 2021/06/14T19:42:32z: 10:52:1c:4d:ae:9b
 0h00:03.036 2021/06/14T19:42:32z: SSID: PurpleAir-2ad
 0h00:03.041 2021/06/14T19:42:32z: AP_STAR tmr
 ets Jan  8 2013,rst cause:1, boot mode:(3,6)

load 0x4010f000, len 1384, room 16 
tail 8
chksum 0x2d
csum 0x2d
v8b899c12
~ld


6.01
 0h00:03.014 2021/06/14T20:02:28z: DS3231
 0h00:03.029 2021/06/14T20:02:28z: BME280 (0x76)
 0h00:03.043 2021/06/14T20:02:28z: 10:52:1c:4d:ae:9b
 0h00:03.045 2021/06/14T20:02:28z: SSID: PurpleAir-2ad
 0h00:03.050 2021/06/14T20:02:28z: AP_STAR tmr
 ets Jan  8 2013,rst cause:1, boot mode:(3,6)

load 0x4010f000, len 1384, room 16 
tail 8
chksum 0x2d
csum 0x2d
v8b899c12
~ld


6.01
 0h00:02.990 2021/06/14T20:22:24z: DS3231
 0h00:03.005 2021/06/14T20:22:24z: BME280 (0x76)
 0h00:03.019 2021/06/14T20:22:24z: 10:52:1c:4d:ae:9b
 0h00:03.021 2021/06/14T20:22:24z: SSID: PurpleAir-2ad
 0h00:03.026 2021/06/14T20:22:24z: AP_STAR tmr
 ets Jan  8 2013,rst cause:1, boot mode:(3,6)

load 0x4010f000, len 1384, room 16 
tail 8
chksum 0x2d
csum 0x2d
v8b899c12
~ld


6.01
 0h00:02.988 2021/06/14T20:42:20z: DS3231
 0h00:03.003 2021/06/14T20:42:20z: BME280 (0x76)
 0h00:03.018 2021/06/14T20:42:20z: 10:52:1c:4d:ae:9b
 0h00:03.019 2021/06/14T20:42:20z: SSID: PurpleAir-2ad
 0h00:03.024 2021/06/14T20:42:20z: AP_STAR tmr
 ets Jan  8 2013,rst cause:1, boot mode:(3,6)

load 0x4010f000, len 1384, room 16 
tail 8
chksum 0x2d
csum 0x2d
v8b899c12
~ld


6.01
 0h00:02.992 2021/06/14T21:02:16z: DS3231
 0h00:03.007 2021/06/14T21:02:16z: BME280 (0x76)
 0h00:03.021 2021/06/14T21:02:16z: 10:52:1c:4d:ae:9b
 0h00:03.023 2021/06/14T21:02:16z: SSID: PurpleAir-2ad
 0h00:03.028 2021/06/14T21:02:16z: AP_STAR tmr
 ets Jan  8 2013,rst cause:1, boot mode:(3,6)

load 0x4010f000, len 1384, room 16 
tail 8
chksum 0x2d
csum 0x2d
v8b899c12
~ld


6.01
 0h00:02.988 2021/06/14T21:22:12z: DS3231
 0h00:03.004 2021/06/14T21:22:12z: BME280 (0x76)
 0h00:03.018 2021/06/14T21:22:12z: 10:52:1c:4d:ae:9b
 0h00:03.020 2021/06/14T21:22:12z: SSID: PurpleAir-2ad
 0h00:03.025 2021/06/14T21:22:12z: AP_STAR tmr
 ets Jan  8 2013,rst cause:1, boot mode:(3,6)

load 0x4010f000, len 1384, room 16 
tail 8
chksum 0x2d
csum 0x2d
v8b899c12
~ld


6.01
 0h00:02.992 2021/06/14T21:42:08z: DS3231
 0h00:03.007 2021/06/14T21:42:08z: BME280 (0x76)
 0h00:03.021 2021/06/14T21:42:08z: 10:52:1c:4d:ae:9b
 0h00:03.023 2021/06/14T21:42:08z: SSID: PurpleAir-2ad
 0h00:03.028 2021/06/14T21:42:08z: AP_STAR tmr
 ets Jan  8 2013,rst cause:1, boot mode:(3,6)

load 0x4010f000, len 1384, room 16 
tail 8
chksum 0x2d
csum 0x2d
v8b899c12
~ld


6.01
 0h00:03.005 2021/06/14T22:02:04z: DS3231
 0h00:03.020 2021/06/14T22:02:04z: BME280 (0x76)
 0h00:03.034 2021/06/14T22:02:04z: 10:52:1c:4d:ae:9b
 0h00:03.036 2021/06/14T22:02:04z: SSID: PurpleAir-2ad
 0h00:03.041 2021/06/14T22:02:04z: AP_STAR tmr
 ets Jan  8 2013,rst cause:1, boot mode:(3,6)

load 0x4010f000, len 1384, room 16 
tail 8
chksum 0x2d
csum 0x2d
v8b899c12
~ld


6.01
 0h00:03.005 2021/06/14T22:22:00z: DS3231
 0h00:03.020 2021/06/14T22:22:00z: BME280 (0x76)
 0h00:03.034 2021/06/14T22:22:00z: 10:52:1c:4d:ae:9b
 0h00:03.036 2021/06/14T22:22:00z: SSID: PurpleAir-2ad
 0h00:03.041 2021/06/14T22:22:00z: AP_STAR tmr
 ets Jan  8 2013,rst cause:1, boot mode:(3,6)

load 0x4010f000, len 1384, room 16 
tail 8
chksum 0x2d
csum 0x2d
v8b899c12
~ld


6.01
 0h00:03.015 2021/06/14T22:41:56z: DS3231
 0h00:03.031 2021/06/14T22:41:56z: BME280 (0x76)
 0h00:03.045 2021/06/14T22:41:56z: 10:52:1c:4d:ae:9b
 0h00:03.047 2021/06/14T22:41:56z: SSID: PurpleAir-2ad
 0h00:03.052 2021/06/14T22:41:56z: AP_STAR tmr
 ets Jan  8 2013,rst cause:1, boot mode:(3,6)

load 0x4010f000, len 1384, room 16 
tail 8
chksum 0x2d
csum 0x2d
v8b899c12
~ld


6.01
 0h00:02.988 2021/06/14T23:01:52z: DS3231
 0h00:03.004 2021/06/14T23:01:52z: BME280 (0x76)
 0h00:03.018 2021/06/14T23:01:52z: 10:52:1c:4d:ae:9b
 0h00:03.019 2021/06/14T23:01:52z: SSID: PurpleAir-2ad
 0h00:03.025 2021/06/14T23:01:52z: AP_STAR tmr
 ets Jan  8 2013,rst cause:1, boot mode:(3,6)

load 0x4010f000, len 1384, room 16 
tail 8
chksum 0x2d
csum 0x2d
v8b899c12
~ld


6.01
 0h00:02.993 2021/06/14T23:21:48z: DS3231
 0h00:03.008 2021/06/14T23:21:48z: BME280 (0x76)
 0h00:03.022 2021/06/14T23:21:48z: 10:52:1c:4d:ae:9b
 0h00:03.024 2021/06/14T23:21:48z: SSID: PurpleAir-2ad
 0h00:03.029 2021/06/14T23:21:48z: AP_STAR tmr
 ets Jan  8 2013,rst cause:1, boot mode:(3,6)

load 0x4010f000, len 1384, room 16 
tail 8
chksum 0x2d
csum 0x2d
v8b899c12
~ld


6.01
 0h00:02.986 2021/06/14T23:41:44z: DS3231
 0h00:03.002 2021/06/14T23:41:44z: BME280 (0x76)
 0h00:03.016 2021/06/14T23:41:44z: 10:52:1c:4d:ae:9b
 0h00:03.018 2021/06/14T23:41:44z: SSID: PurpleAir-2ad
 0h00:03.023 2021/06/14T23:41:44z: AP_STA