R tmr
 ets Jan  8 2013,rst cause:1, boot mode:(3,6)

load 0x4010f000, len 1384, room 16 
tail 8
chksum 0x2d
csum 0x2d
v8b899c12
~ld


6.01
 0h00:02.989 2021/06/15T00:01:39z: DS3231
 0h00:03.005 2021/06/15T00:01:39z: BME280 (0x76)
 0h00:03.019 2021/06/15T00:01:39z: 10:52:1c:4d:ae:9b
 0h00:03.021 2021/06/15T00:01:39z: SSID: PurpleAir-2ad
 0h00:03.026 2021/06/15T00:01:39z: AP_STAR tmr
 ets Jan  8 2013,rst cause:1, boot mode:(3,6)

load 0x4010f000, len 1384, room 16 
tail 8
chksum 0x2d
csum 0x2d
v8b899c12
~ld


6.01
 0h00:02.988 2021/06/15T00:21:35z: DS3231
 0h00:03.004 2021/06/15T00:21:35z: BME280 (0x76)
 0h00:03.018 2021/06/15T00:21:35z: 10:52:1c:4d:ae:9b
 0h00:03.020 2021/06/15T00:21:35z: SSID: PurpleAir-2ad
 0h00:03.025 2021/06/15T00:21:35z: AP_STAR tmr
 ets Jan  8 2013,rst cause:1, boot mode:(3,6)

load 0x4010f000, len 1384, room 16 
tail 8
chksum 0x2d
csum 0x2d
v8b899c12
~ld


6.01
 0h00:03.002 2021/06/15T00:41:32z: DS3231
 0h00:03.018 2021/06/15T00:41:32z: BME280 (0x76)
 0h00:03.032 2021/06/15T00:41:32z: 10:52:1c:4d:ae:9b
 0h00:03.034 2021/06/15T00:41:32z: SSID: PurpleAir-2ad
 0h00:03.039 2021/06/15T00:41:32z: AP_STAR tmr
 ets Jan  8 2013,rst cause:1, boot mode:(3,6)

load 0x4010f000, len 1384, room 16 
tail 8
chksum 0x2d
csum 0x2d
v8b899c12
~ld


6.01
 0h00:03.004 2021/06/15T01:01:28z: DS3231
 0h00:03.019 2021/06/15T01:01:28z: BME280 (0x76)
 0h00:03.034 2021/06/15T01:01:28z: 10:52:1c:4d:ae:9b
 0h00:03.035 2021/06/15T01:01:28z: SSID: PurpleAir-2ad
 0h00:03.040 2021/06/15T01:01:28z: AP_STAR tmr
 ets Jan  8 2013,rst cause:1, boot mode:(3,6)

load 0x4010f000, len 1384, room 16 
tail 8
chksum 0x2d
csum 0x2d
v8b899c12
~ld


6.01
 0h00:03.015 2021/06/15T01:21:24z: DS3231
 0h00:03.031 2021/06/15T01:21:24z: BME280 (0x76)
 0h00:03.045 2021/06/15T01:21:24z: 10:52:1c:4d:ae:9b
 0h00:03.047 2021/06/15T01:21:24z: SSID: PurpleAir-2ad
 0h00:03.052 2021/06/15T01:21:24z: AP_STAR tmr
 ets Jan  8 2013,rst cause:1, boot mode:(3,6)

load 0x4010f000, len 1384, room 16 
tail 8
chksum 0x2d
csum 0x2d
v8b899c12
~ld


6.01
 0h00:02.990 2021/06/15T01:41:20z: DS3231
 0h00:03.005 2021/06/15T01:41:20z: BME280 (0x76)
 0h00:03.020 2021/06/15T01:41:20z: 10:52:1c:4d:ae:9b
 0h00:03.021 2021/06/15T01:41:20z: SSID: PurpleAir-2ad
 0h00:03.026 2021/06/15T01:41:20z: AP_STAR tmr
 ets Jan  8 2013,rst cause:1, boot mode:(3,6)

load 0x4010f000, len 1384, room 16 
tail 8
chksum 0x2d
csum 0x2d
v8b899c12
~ld


6.01
 0h00:02.991 2021/06/15T02:01:16z: DS3231
 0h00:03.006 2021/06/15T02:01:16z: BME280 (0x76)
 0h00:03.020 2021/06/15T02:01:16z: 10:52:1c:4d:ae:9b
 0h00:03.022 2021/06/15T02:01:16z: SSID: PurpleAir-2ad
 0h00:03.027 2021/06/15T02:01:16z: AP_STAR tmr
 ets Jan  8 2013,rst cause:1, boot mode:(3,6)

load 0x4010f000, len 1384, room 16 
tail 8
chksum 0x2d
csum 0x2d
v8b899c12
~ld


6.01
 0h00:03.042 2021/06/15T02:21:11z: DS3231
 0h00:03.058 2021/06/15T02:21:11z: BME280 (0x76)
 0h00:03.072 2021/06/15T02:21:11z: 10:52:1c:4d:ae:9b
 0h00:03.073 2021/06/15T02:21:11z: SSID: PurpleAir-2ad
 0h00:03.079 2021/06/15T02:21:11z: AP_STAR tmr
 ets Jan  8 2013,rst cause:1, boot mode:(3,6)

load 0x4010f000, len 1384, room 16 
tail 8
chksum 0x2d
csum 0x2d
v8b899c12
~ld


6.01
 0h00:02.993 2021/06/15T02:41:07z: DS3231
 0h00:03.008 2021/06/15T02:41:07z: BME280 (0x76)
 0h00:03.022 2021/06/15T02:41:07z: 10:52:1c:4d:ae:9b
 0h00:03.024 2021/06/15T02:41:07z: SSID: PurpleAir-2ad
 0h00:03.029 2021/06/15T02:41:07z: AP_STAR tmr
 ets Jan  8 2013,rst cause:1, boot mode:(3,6)

load 0x4010f000, len 1384, room 16 
tail 8
chksum 0x2d
csum 0x2d
v8b899c12
~ld


6.01
 0h00:03.002 2021/06/15T03:01:03z: DS3231
 0h00:03.017 2021/06/15T03:01:03z: BME280 (0x76)
 0h00:03.031 2021/06/15T03:01:03z: 10:52:1c:4d:ae:9b
 0h00:03.033 2021/06/15T03:01:03z: SSID: PurpleAir-2ad
 0h00:03.038 2021/06/15T03:01:03z: AP_STAR tmr
 ets Jan  8 2013,rst cause:1, boot mode:(3,6)

load 0x4010f000, len 1384, room 16 
tail 8
chksum 0x2d
csum 0x2d
v8b899c12
~ld


6.01
 0h00:03.004 2021/06/15T03:20:59z: DS3231
 0h00:03.019 2021/06/15T03:20:59z: BME280 (0x76)
 0h00:03.033 2021/06/15T03:20:59z: 10:52:1c:4d:ae:9b
 0h00:03.035 2021/06/15T03:20:59z: SSID: PurpleAir-2ad
 0h00:03.040 2021/06/15T03:20:59z: AP_STAR tmr
 ets Jan  8 2013,rst cause:1, boot mode:(3,6)

load 0x4010f000, len 1384, room 16 
tail 8
chksum 0x2d
csum 0x2d
v8b899c12
~ld


6.01
 0h00:03.014 2021/06/15T03:40:56z: DS3231
 0h00:03.030 2021/06/15T03:40:56z: BME280 (0x76)
 0h00:03.044 2021/06/15T03:40:56z: 10:52:1c:4d:ae:9b
 0h00:03.046 2021/06/15T03:40:56z: SSID: PurpleAir-2ad
 0h00:03.051 2021/06/15T03:40:56z: AP_STAR tmr
 ets Jan  8 2013,rst cause:1, boot mode:(3,6)

load 0x4010f000, len 1384, room 16 
tail 8
chksum 0x2d
csum 0x2d
v8b899c12
~ld


6.01
 0h00:02.993 2021/06/15T04:00:52z: DS3231
 0h00:03.008 2021/06/15T04:00:52z: BME280 (0x76)
 0h00:03.023 2021/06/15T04:00:52z: 10:52:1c:4d:ae:9b
 0h00:03.024 2021/06/15T04:00:52z: SSID: PurpleAir-2ad
 0h00:03.029 2021/06/15T04:00:52z: AP_STAR tmr
 ets Jan  8 2013,rst cause:1, boot mode:(3,6)

load 0x4010f000, len 1384, room 16 
tail 8
chksum 0x2d
csum 0x2d
v8b899c12
~ld


6.01
 0h00:02.990 2021/06/15T04:20:47z: DS3231
 0h00:03.006 2021/06/15T04:20:47z: BME280 (0x76)
 0h00:03.020 2021/06/15T04:20:47z: 10:52:1c:4d:ae:9b
 0h00:03.021 2021/06/15T04:20:47z: SSID: PurpleAir-2ad
 0h00:03.027 2021/06/15T04:20:47z: AP_STAR tmr
 ets Jan  8 2013,rst cause:1, boot mode:(3,6)

load 0x4010f000, len 1384, room 16 
tail 8
chksum 0x2d
csum 0x2d
v8b899c12
~ld


6.01
 0h00:02.992 2021/06/15T04:40:43z: DS3231
 0h00:03.007 2021/06/15T04:40:43z: BME280 (0x76)
 0h00:03.021 2021/06/15T04:40:43z: 10:52:1c:4d:ae:9b
 0h00:03.023 2021/06/15T04:40:43z: SSID: PurpleAir-2ad
 0h00:03.028 2021/06/15T04:40:43z: AP_STAR tmr
 ets Jan  8 2013,rst cause:1, boot mode:(3,6)

load 0x4010f000, len 1384, room 16 
tail 8
chksum 0x2d
csum 0x2d
v8b899c12
~ld


6.01
 0h00:02.992 2021/06/15T05:00:40z: DS3231
 0h00:03.007 2021/06/15T05:00:40z: BME280 (0x76)
 0h00:03.021 2021/06/15T05:00:40z: 10:52:1c:4d:ae:9b
 0h00:03.023 2021/06/15T05:00:40z: SSID: PurpleAir-2ad
 0h00:03.028 2021/06/15T05:00:40z: AP_STAR tmr
 ets Jan  8 2013,rst cause:1, boot mode:(3,6)

load 0x4010f000, len 1384, room 16 
tail 8
chksum 0x2d
csum 0x2d
v8b899c12
~ld


6.01
 0h00:02.996 2021/06/15T05:20:36z: DS3231
 0h00:03.012 2021/06/15T05:20:36z: BME280 (0x76)
 0h00:03.026 2021/06/15T05:20:36z: 10:52:1c:4d:ae:9b
 0h00:03.028 2021/06/15T05:20:36z: SSID: PurpleAir-2ad
 0h00:03.033 2021/06/15T05:20:36z: AP_STAR tmr
 ets Jan  8 2013,rst cause:1, boot mode:(3,6)

load 0x4010f000, len 1384, room 16 
tail 8
chksum 0x2d
csum 0x2d
v8b899c12
~ld


6.01
 0h00:03.003 2021/06/15T05:40:32z: DS3231
 0h00:03.018 2021/06/15T05:40:32z: BME280 (0x76)
 0h00:03.032 2021/06/15T05:40:32z: 10:52:1c:4d:ae:9b
 0h00:03.034 2021/06/15T05:40:32z: SSID: PurpleAir-2ad
 0h00:03.039 2021/06/15T05:40:32z: AP_STAR tmr
 ets Jan  8 2013,rst cause:1, boot mode:(3,6)

load 0x4010f000, len 1384, room 16 
tail 8
chksum 0x2d
csum 0x2d
v8b899c12
~ld


6.01
 0h00:03.009 2021/06/15T06:00:28z: DS3231
 0h00:03.024 2021/06/15T06:00:28z: BME280 (0x76)
 0h00:03.039 2021/06/15T06:00:28z: 10:52:1c:4d:ae:9b
 0h00:03.040 2021/06/15T06:00:28z: SSID: PurpleAir-2ad
 0h00:03.045 2021/06/15T06:00:28z: AP_STAR tmr
 ets Jan  8 2013,rst cause:1, boot mode:(3,6)

load 0x4010f000, len 1384, room 16 
tail 8
chksum 0x2d
csum 0x2d
v8b899c12
~ld


6.01
 0h00:03.019 2021/06/15T06:20:25z: DS3231
 0h00:03.034 2021/06/15T06:20:25z: BME280 (0x76)
 0h00:03.049 2021/06/15T06:20:25z: 10:52:1c:4d:ae:9b
 0h00:03.050 2021/06/15T06:20:25z: SSID: PurpleAir-2ad
 0h00:03.055 2021/06/15T06:20:25z: AP_STAR tmr
 ets Jan  8 2013,rst cause:1, boot mode:(3,6)

load 0x4010f000, len 1384, room 16 
tail 8
chksum 0x2d
csum 0x2d
v8b899c12
~ld


6.01
 0h00:02.991 2021/06/15T06:40:21z: DS3231
 0h00:03.006 2021/06/15T06:40:21z: BME280 (0x76)
 0h00:03.020 2021/06/15T06:40:21z: 10:52:1c:4d:ae:9b
 0h00:03.022 2021/06/15T06:40:21z: SSID: PurpleAir-2ad
 0h00:03.027 2021/06/15T06:40:21z: AP_STAR tmr
 ets Jan  8 2013,rst cause:1, boot mode:(3,6)

load 0x4010f000, len 1384, room 16 
tail 8
chksum 0x2d
csum 0x2d
v8b899c12
~ld


6.01
 0h00:02.990 2021/06/15T07:00:17z: DS3231
 0h00:03.005 2021/06/15T07:00:17z: BME280 (0x76)
 0h00:03.019 2021/06/15T07:00:17z: 10:52:1c:4d:ae:9b
 0h00:03.021 2021/06/15T07:00:17z: SSID: PurpleAir-2ad
 0h00:03.026 2021/06/15T07:00:17z: AP_STAR tmr
 ets Jan  8 2013,rst cause:1, boot mode:(3,6)

load 0x4010f000, len 1384, room 16 
tail 8
chksum 0x2d
csum 0x2d
v8b899c12
~ld


6.01
 0h00:02.987 2021/06/15T07:20:13z: DS3231
 0h00:03.002 2021/06/15T07:20:13z: BME280 (0x76)
 0h00:03.016 2021/06/15T07:20:13z: 10:52:1c:4d:ae:9b
 0h00:03.018 2021/06/15T07:20:13z: SSID: PurpleAir-2ad
 0h00:03.023 2021/06/15T07:20:13z: AP_STAR tmr
 ets Jan  8 2013,rst cause:1, boot mode:(3,6)

load 0x4010f000, len 1384, room 16 
tail 8
chksum 0x2d
csum 0x2d
v8b899c12
~ld


6.01
 0h00:02.987 2021/06/15T07:40:10z: DS3231
 0h00:03.002 2021/06/15T07:40:10z: BME280 (0x76)
 0h00:03.016 2021/06/15T07:40:10z: 10:52:1c:4d:ae:9b
 0h00:03.018 2021/06/15T07:40:10z: SSID: PurpleAir-2ad
 0h00:03.023 2021/06/15T07:40:10z: AP_STAR tmr
 ets Jan  8 2013,rst cause:1, boot mode:(3,6)

load 0x4010f000, len 1384, room 16 
tail 8
chksum 0x2d
csum 0x2d
v8b899c12
~ld


6.01
 0h00:02.991 2021/06/15T08:00:06z: DS3231
 0h00:03.006 2021/06/15T08:00:06z: BME280 (0x76)
 0h00:03.020 2021/06/15T08:00:06z: 10:52:1c:4d:ae:9b
 0h00:03.022 2021/06/15T08:00:06z: SSID: PurpleAir-2ad
 0h00:03.027 2021/06/15T08:00:06z: AP_STAR tmr
 ets Jan  8 2013,rst cause:1, boot mode:(3,6)

load 0x4010f000, len 1384, room 16 
tail 8
chksum 0x2d
csum 0x2d
v8b899c12
~ld


6.01
 0h00:02.996 2021/06/15T08:20:01z: DS3231
 0h00:03.011 2021/06/15T08:20:01z: BME280 (0x76)
 0h00:03.025 2021/06/15T08:20:01z: 10:52:1c:4d:ae:9b
 0h00:03.027 2021/06/15T08:20:01z: SSID: PurpleAir-2ad
 0h00:03.032 2021/06/15T08:20:01z: AP_STAR tmr
 ets Jan  8 2013,rst cause:1, boot mode:(3,6)

load 0x4010f000, len 1384, room 16 
tail 8
chksum 0x2d
csum 0x2d
v8b899c12
~ld


6.01
 0h00:03.003 2021/06/15T08:39:57z: DS3231
 0h00:03.018 2021/06/15T08:39:57z: BME280 (0x76)
 0h00:03.032 2021/06/15T08:39:57z: 10:52:1c:4d:ae:9b
 0h00:03.034 2021/06/15T08:39:57z: SSID: PurpleAir-2ad
 0h00:03.039 2021/06/15T08:39:57z: AP_STAR tmr
 ets Jan  8 2013,rst cause:1, boot mode:(3,6)

load 0x4010f000, len 1384, room 16 
tail 8
chksum 0x2d
csum 0x2d
v8b899c12
~ld


6.01
 0h00:03.011 2021/06/15T08:59:53z: DS3231
 0h00:03.026 2021/06/15T08:59:53z: BME280 (0x76)
 0h00:03.041 2021/06/15T08:59:53z: 10:52:1c:4d:ae:9b
 0h00:03.042 2021/06/15T08:59:53z: SSID: PurpleAir-2ad
 0h00:03.047 2021/06/15T08:59:53z: AP_STAR tmr
 ets Jan  8 2013,rst cause:1, boot mode:(3,6)

load 0x4010f000, len 1384, room 16 
tail 8
chksum 0x2d
csum 0x2d
v8b899c12
~ld


6.01
 0h00:02.989 2021/06/15T09:19:49z: DS3231
 0h00:03.005 2021/06/15T09:19:49z: BME280 (0x76)
 0h00:03.019 2021/06/15T09:19:49z: 10:52:1c:4d:ae:9b
 0h00:03.020 2021/06/15T09:19:49z: SSID: PurpleAir-2ad
 0h00:03.026 2021/06/15T09:19:49z: AP_STAR tmr
 ets Jan  8 2013,rst cause:1, boot mode:(3,6)

load 0x4010f000, len 1384, room 16 
tail 8
chksum 0x2d
csum 0x2d
v8b899c12
~ld


6.01
 0h00:02.987 2021/06/15T09:39:45z: DS3231
 0h00:03.002 2021/06/15T09:39:45z: BME280 (0x76)
 0h00:03.016 2021/06/15T09:39:45z: 10:52:1c:4d:ae:9b
 0h00:03.018 2021/06/15T09:39:45z: SSID: PurpleAir-2ad
 0h00:03.023 2021/06/15T09:39:45z: AP_STAR tmr
 ets Jan  8 2013,rst cause:1, boot mode:(3,6)

load 0x4010f000, len 1384, room 16 
tail 8
chksum 0x2d
csum 0x2d
v8b899c12
~ld


6.01
 0h00:02.995 2021/06/15T09:59:41z: DS3231
 0h00:03.010 2021/06/15T09:59:41z: BME280 (0x76)
 0h00:03.024 2021/06/15T09:59:41z: 10:52:1c:4d:ae:9b
 0h00:03.026 2021/06/15T09:59:41z: SSID: PurpleAir-2ad
 0h00:03.031 2021/06/15T09:59:41z: AP_STAR tmr
 ets Jan  8 2013,rst cause:1, boot mode:(3,6)

load 0x4010f000, len 1384, room 16 
tail 8
chksum 0x2d
csum 0x2d
v8b899c12
~ld


6.01
 0h00:02.988 2021/06/15T10:19:37z: DS3231
 0h00:03.003 2021/06/15T10:19:37z: BME280 (0x76)
 0h00:03.017 2021/06/15T10:19:37z: 10:52:1c:4d:ae:9b
 0h00:03.019 2021/06/15T10:19:37z: SSID: PurpleAir-2ad
 0h00:03.024 2021/06/15T10:19:37z: AP_STA