R tmr
 ets Jan  8 2013,rst cause:1, boot mode:(3,7)

load 0x4010f000, len 1384, room 16 
tail 8
chksum 0x2d
csum 0x2d
v8b899c12
~ld


6.01
 0h00:03.012 2021/05/26T00:14:49z: DS3231
 0h00:03.028 2021/05/26T00:14:49z: BME280 (0x76)
 0h00:03.042 2021/05/26T00:14:49z: 10:52:1c:41:79:b5
 0h00:03.044 2021/05/26T00:14:49z: SSID: ARRIS-5A97
 0h00:03.049 2021/05/26T00:14:49z: AP_STAR tmr
 ets Jan  8 2013,rst cause:1, boot mode:(3,7)

load 0x4010f000, len 1384, room 16 
tail 8
chksum 0x2d
csum 0x2d
v8b899c12
~ld


6.01
 0h00:03.010 2021/05/26T00:34:45z: DS3231
 0h00:03.026 2021/05/26T00:34:45z: BME280 (0x76)
 0h00:03.040 2021/05/26T00:34:45z: 10:52:1c:41:79:b5
 0h00:03.042 2021/05/26T00:34:45z: SSID: ARRIS-5A97
 0h00:03.047 2021/05/26T00:34:45z: AP_STAR tmr
 ets Jan  8 2013,rst cause:1, boot mode:(3,7)

load 0x4010f000, len 1384, room 16 
tail 8
chksum 0x2d
csum 0x2d
v8b899c12
~ld


6.01
 0h00:03.021 2021/05/26T00:54:41z: DS3231
 0h00:03.036 2021/05/26T00:54:41z: BME280 (0x76)
 0h00:03.051 2021/05/26T00:54:41z: 10:52:1c:41:79:b5
 0h00:03.052 2021/05/26T00:54:41z: SSID: ARRIS-5A97
 0h00:03.057 2021/05/26T00:54:41z: AP_STAR tmr
 ets Jan  8 2013,rst cause:1, boot mode:(3,7)

load 0x4010f000, len 1384, room 16 
tail 8
chksum 0x2d
csum 0x2d
v8b899c12
~ld


6.01
 0h00:02.995 2021/05/26T01:14:38z: DS3231
 0h00:03.011 2021/05/26T01:14:38z: BME280 (0x76)
 0h00:03.025 2021/05/26T01:14:38z: 10:52:1c:41:79:b5
 0h00:03.027 2021/05/26T01:14:38z: SSID: ARRIS-5A97
 0h00:03.032 2021/05/26T01:14:38z: AP_STAR tmr
 ets Jan  8 2013,rst cause:1, boot mode:(3,7)

load 0x4010f000, len 1384, room 16 
tail 8
chksum 0x2d
csum 0x2d
v8b899c12
~ld


6.01
 0h00:02.994 2021/05/26T01:34:33z: DS3231
 0h00:03.010 2021/05/26T01:34:33z: BME280 (0x76)
 0h00:03.024 2021/05/26T01:34:33z: 10:52:1c:41:79:b5
 0h00:03.026 2021/05/26T01:34:33z: SSID: ARRIS-5A97
 0h00:03.031 2021/05/26T01:34:33z: AP_STAR tmr
 ets Jan  8 2013,rst cause:1, boot mode:(3,7)

load 0x4010f000, len 1384, room 16 
tail 8
chksum 0x2d
csum 0x2d
v8b899c12
~ld


6.01
 0h00:02.995 2021/05/26T01:54:29z: DS3231
 0h00:03.010 2021/05/26T01:54:29z: BME280 (0x76)
 0h00:03.024 2021/05/26T01:54:29z: 10:52:1c:41:79:b5
 0h00:03.026 2021/05/26T01:54:29z: SSID: ARRIS-5A97
 0h00:03.031 2021/05/26T01:54:29z: AP_STAR tmr
 ets Jan  8 2013,rst cause:1, boot mode:(3,7)

load 0x4010f000, len 1384, room 16 
tail 8
chksum 0x2d
csum 0x2d
v8b899c12
~ld


6.01
 0h00:02.994 2021/05/26T02:14:25z: DS3231
 0h00:03.009 2021/05/26T02:14:25z: BME280 (0x76)
 0h00:03.023 2021/05/26T02:14:25z: 10:52:1c:41:79:b5
 0h00:03.025 2021/05/26T02:14:25z: SSID: ARRIS-5A97
 0h00:03.030 2021/05/26T02:14:25z: AP_STAR tmr
 ets Jan  8 2013,rst cause:1, boot mode:(3,7)

load 0x4010f000, len 1384, room 16 
tail 8
chksum 0x2d
csum 0x2d
v8b899c12
~ld


6.01
 0h00:03.002 2021/05/26T02:34:21z: DS3231
 0h00:03.017 2021/05/26T02:34:21z: BME280 (0x76)
 0h00:03.032 2021/05/26T02:34:21z: 10:52:1c:41:79:b5
 0h00:03.033 2021/05/26T02:34:21z: SSID: ARRIS-5A97
 0h00:03.038 2021/05/26T02:34:21z: AP_STAR tmr
 ets Jan  8 2013,rst cause:1, boot mode:(3,7)

load 0x4010f000, len 1384, room 16 
tail 8
chksum 0x2d
csum 0x2d
v8b899c12
~ld


6.01
 0h00:03.006 2021/05/26T02:54:17z: DS3231
 0h00:03.021 2021/05/26T02:54:17z: BME280 (0x76)
 0h00:03.035 2021/05/26T02:54:17z: 10:52:1c:41:79:b5
 0h00:03.037 2021/05/26T02:54:17z: SSID: ARRIS-5A97
 0h00:03.042 2021/05/26T02:54:17z: AP_STAR tmr
 ets Jan  8 2013,rst cause:1, boot mode:(3,7)

load 0x4010f000, len 1384, room 16 
tail 8
chksum 0x2d
csum 0x2d
v8b899c12
~ld


6.01
 0h00:03.015 2021/05/26T03:14:13z: DS3231
 0h00:03.030 2021/05/26T03:14:13z: BME280 (0x76)
 0h00:03.044 2021/05/26T03:14:13z: 10:52:1c:41:79:b5
 0h00:03.046 2021/05/26T03:14:13z: SSID: ARRIS-5A97
 0h00:03.051 2021/05/26T03:14:13z: AP_STAR tmr
 ets Jan  8 2013,rst cause:1, boot mode:(3,7)

load 0x4010f000, len 1384, room 16 
tail 8
chksum 0x2d
csum 0x2d
v8b899c12
~ld


6.01
 0h00:03.017 2021/05/26T03:34:09z: DS3231
 0h00:03.033 2021/05/26T03:34:09z: BME280 (0x76)
 0h00:03.047 2021/05/26T03:34:09z: 10:52:1c:41:79:b5
 0h00:03.048 2021/05/26T03:34:09z: SSID: ARRIS-5A97
 0h00:03.054 2021/05/26T03:34:09z: AP_STAR tmr
 ets Jan  8 2013,rst cause:1, boot mode:(3,7)

load 0x4010f000, len 1384, room 16 
tail 8
chksum 0x2d
csum 0x2d
v8b899c12
~ld


6.01
 0h00:02.998 2021/05/26T03:54:05z: DS3231
 0h00:03.013 2021/05/26T03:54:05z: BME280 (0x76)
 0h00:03.027 2021/05/26T03:54:05z: 10:52:1c:41:79:b5
 0h00:03.029 2021/05/26T03:54:05z: SSID: ARRIS-5A97
 0h00:03.034 2021/05/26T03:54:05z: AP_STAR tmr
 ets Jan  8 2013,rst cause:1, boot mode:(3,7)

load 0x4010f000, len 1384, room 16 
tail 8
chksum 0x2d
csum 0x2d
v8b899c12
~ld


6.01
 0h00:02.993 2021/05/26T04:14:01z: DS3231
 0h00:03.009 2021/05/26T04:14:01z: BME280 (0x76)
 0h00:03.023 2021/05/26T04:14:01z: 10:52:1c:41:79:b5
 0h00:03.025 2021/05/26T04:14:01z: SSID: ARRIS-5A97
 0h00:03.030 2021/05/26T04:14:01z: AP_STAR tmr
 ets Jan  8 2013,rst cause:1, boot mode:(3,7)

load 0x4010f000, len 1384, room 16 
tail 8
chksum 0x2d
csum 0x2d
v8b899c12
~ld


6.01
 0h00:02.995 2021/05/26T04:33:57z: DS3231
 0h00:03.010 2021/05/26T04:33:57z: BME280 (0x76)
 0h00:03.024 2021/05/26T04:33:57z: 10:52:1c:41:79:b5
 0h00:03.026 2021/05/26T04:33:57z: SSID: ARRIS-5A97
 0h00:03.031 2021/05/26T04:33:57z: AP_STAR tmr
 ets Jan  8 2013,rst cause:1, boot mode:(3,7)

load 0x4010f000, len 1384, room 16 
tail 8
chksum 0x2d
csum 0x2d
v8b899c12
~ld


6.01
 0h00:02.994 2021/05/26T04:53:53z: DS3231
 0h00:03.010 2021/05/26T04:53:53z: BME280 (0x76)
 0h00:03.024 2021/05/26T04:53:53z: 10:52:1c:41:79:b5
 0h00:03.026 2021/05/26T04:53:53z: SSID: ARRIS-5A97
 0h00:03.031 2021/05/26T04:53:53z: AP_STAR tmr
 ets Jan  8 2013,rst cause:1, boot mode:(3,7)

load 0x4010f000, len 1384, room 16 
tail 8
chksum 0x2d
csum 0x2d
v8b899c12
~ld


6.01
 0h00:02.998 2021/05/26T05:13:49z: DS3231
 0h00:03.014 2021/05/26T05:13:49z: BME280 (0x76)
 0h00:03.028 2021/05/26T05:13:49z: 10:52:1c:41:79:b5
 0h00:03.030 2021/05/26T05:13:49z: SSID: ARRIS-5A97
 0h00:03.035 2021/05/26T05:13:49z: AP_STAR tmr
 ets Jan  8 2013,rst cause:1, boot mode:(3,7)

load 0x4010f000, len 1384, room 16 
tail 8
chksum 0x2d
csum 0x2d
v8b899c12
~ld


6.01
 0h00:03.005 2021/05/26T05:33:44z: DS3231
 0h00:03.020 2021/05/26T05:33:44z: BME280 (0x76)
 0h00:03.034 2021/05/26T05:33:44z: 10:52:1c:41:79:b5
 0h00:03.036 2021/05/26T05:33:44z: SSID: ARRIS-5A97
 0h00:03.041 2021/05/26T05:33:44z: AP_STAR tmr
 ets Jan  8 2013,rst cause:1, boot mode:(3,7)

load 0x4010f000, len 1384, room 16 
tail 8
chksum 0x2d
csum 0x2d
v8b899c12
~ld


6.01
 0h00:03.018 2021/05/26T05:53:40z: DS3231
 0h00:03.033 2021/05/26T05:53:40z: BME280 (0x76)
 0h00:03.047 2021/05/26T05:53:40z: 10:52:1c:41:79:b5
 0h00:03.049 2021/05/26T05:53:40z: SSID: ARRIS-5A97
 0h00:03.054 2021/05/26T05:53:40z: AP_STAR tmr
 ets Jan  8 2013,rst cause:1, boot mode:(3,7)

load 0x4010f000, len 1384, room 16 
tail 8
chksum 0x2d
csum 0x2d
v8b899c12
~ld


6.01
 0h00:03.016 2021/05/26T06:13:36z: DS3231
 0h00:03.032 2021/05/26T06:13:36z: BME280 (0x76)
 0h00:03.046 2021/05/26T06:13:36z: 10:52:1c:41:79:b5
 0h00:03.048 2021/05/26T06:13:36z: SSID: ARRIS-5A97
 0h00:03.053 2021/05/26T06:13:36z: AP_STAR tmr
 ets Jan  8 2013,rst cause:1, boot mode:(3,7)

load 0x4010f000, len 1384, room 16 
tail 8
chksum 0x2d
csum 0x2d
v8b899c12
~ld


6.01
 0h00:02.993 2021/05/26T06:33:32z: DS3231
 0h00:03.008 2021/05/26T06:33:32z: BME280 (0x76)
 0h00:03.022 2021/05/26T06:33:32z: 10:52:1c:41:79:b5
 0h00:03.024 2021/05/26T06:33:32z: SSID: ARRIS-5A97
 0h00:03.029 2021/05/26T06:33:32z: AP_STAR tmr
 ets Jan  8 2013,rst cause:1, boot mode:(3,7)

load 0x4010f000, len 1384, room 16 
tail 8
chksum 0x2d
csum 0x2d
v8b899c12
~ld


6.01
 0h00:02.991 2021/05/26T06:53:28z: DS3231
 0h00:03.006 2021/05/26T06:53:28z: BME280 (0x76)
 0h00:03.020 2021/05/26T06:53:28z: 10:52:1c:41:79:b5
 0h00:03.022 2021/05/26T06:53:28z: SSID: ARRIS-5A97
 0h00:03.027 2021/05/26T06:53:28z: AP_STAR tmr
 ets Jan  8 2013,rst cause:1, boot mode:(3,7)

load 0x4010f000, len 1384, room 16 
tail 8
chksum 0x2d
csum 0x2d
v8b899c12
~ld


6.01
 0h00:02.997 2021/05/26T07:13:24z: DS3231
 0h00:03.012 2021/05/26T07:13:24z: BME280 (0x76)
 0h00:03.026 2021/05/26T07:13:24z: 10:52:1c:41:79:b5
 0h00:03.028 2021/05/26T07:13:24z: SSID: ARRIS-5A97
 0h00:03.033 2021/05/26T07:13:24z: AP_STAR tmr
 ets Jan  8 2013,rst cause:1, boot mode:(3,7)

load 0x4010f000, len 1384, room 16 
tail 8
chksum 0x2d
csum 0x2d
v8b899c12
~ld


6.01
 0h00:03.002 2021/05/26T07:33:20z: DS3231
 0h00:03.018 2021/05/26T07:33:20z: BME280 (0x76)
 0h00:03.032 2021/05/26T07:33:20z: 10:52:1c:41:79:b5
 0h00:03.034 2021/05/26T07:33:20z: SSID: ARRIS-5A97
 0h00:03.039 2021/05/26T07:33:20z: AP_STAR tmr
 ets Jan  8 2013,rst cause:1, boot mode:(3,7)

load 0x4010f000, len 1384, room 16 
tail 8
chksum 0x2d
csum 0x2d
v8b899c12
~ld


6.01
 0h00:03.006 2021/05/26T07:53:16z: DS3231
 0h00:03.021 2021/05/26T07:53:16z: BME280 (0x76)
 0h00:03.035 2021/05/26T07:53:16z: 10:52:1c:41:79:b5
 0h00:03.037 2021/05/26T07:53:16z: SSID: ARRIS-5A97
 0h00:03.042 2021/05/26T07:53:16z: AP_STAR tmr
 ets Jan  8 2013,rst cause:1, boot mode:(3,7)

load 0x4010f000, len 1384, room 16 
tail 8
chksum 0x2d
csum 0x2d
v8b899c12
~ld


6.01
 0h00:03.013 2021/05/26T08:13:11z: DS3231
 0h00:03.028 2021/05/26T08:13:11z: BME280 (0x76)
 0h00:03.043 2021/05/26T08:13:11z: 10:52:1c:41:79:b5
 0h00:03.044 2021/05/26T08:13:11z: SSID: ARRIS-5A97
 0h00:03.049 2021/05/26T08:13:11z: AP_STAR tmr
 ets Jan  8 2013,rst cause:1, boot mode:(3,7)

load 0x4010f000, len 1384, room 16 
tail 8
chksum 0x2d
csum 0x2d
v8b899c12
~ld


6.01
 0h00:03.011 2021/05/26T08:33:08z: DS3231
 0h00:03.027 2021/05/26T08:33:08z: BME280 (0x76)
 0h00:03.041 2021/05/26T08:33:08z: 10:52:1c:41:79:b5
 0h00:03.043 2021/05/26T08:33:08z: SSID: ARRIS-5A97
 0h00:03.048 2021/05/26T08:33:08z: AP_STAR tmr
 ets Jan  8 2013,rst cause:1, boot mode:(3,7)

load 0x4010f000, len 1384, room 16 
tail 8
chksum 0x2d
csum 0x2d
v8b899c12
~ld


6.01
 0h00:03.021 2021/05/26T08:53:03z: DS3231
 0h00:03.036 2021/05/26T08:53:03z: BME280 (0x76)
 0h00:03.051 2021/05/26T08:53:03z: 10:52:1c:41:79:b5
 0h00:03.052 2021/05/26T08:53:03z: SSID: ARRIS-5A97
 0h00:03.057 2021/05/26T08:53:03z: AP_STAR tmr
 ets Jan  8 2013,rst cause:1, boot mode:(3,7)

load 0x4010f000, len 1384, room 16 
tail 8
chksum 0x2d
csum 0x2d
v8b899c12
~ld


6.01
 0h00:02.997 2021/05/26T09:12:59z: DS3231
 0h00:03.013 2021/05/26T09:12:59z: BME280 (0x76)
 0h00:03.027 2021/05/26T09:12:59z: 10:52:1c:41:79:b5
 0h00:03.028 2021/05/26T09:12:59z: SSID: ARRIS-5A97
 0h00:03.034 2021/05/26T09:12:59z: AP_STAR tmr
 ets Jan  8 2013,rst cause:1, boot mode:(3,7)

load 0x4010f000, len 1384, room 16 
tail 8
chksum 0x2d
csum 0x2d
v8b899c12
~ld


6.01
 0h00:03.001 2021/05/26T09:32:56z: DS3231
 0h00:03.016 2021/05/26T09:32:56z: BME280 (0x76)
 0h00:03.030 2021/05/26T09:32:56z: 10:52:1c:41:79:b5
 0h00:03.032 2021/05/26T09:32:56z: SSID: ARRIS-5A97
 0h00:03.037 2021/05/26T09:32:56z: AP_STAR tmr
 ets Jan  8 2013,rst cause:1, boot mode:(3,7)

load 0x4010f000, len 1384, room 16 
tail 8
chksum 0x2d
csum 0x2d
v8b899c12
~ld


6.01
 0h00:02.993 2021/05/26T09:52:52z: DS3231
 0h00:03.008 2021/05/26T09:52:52z: BME280 (0x76)
 0h00:03.022 2021/05/26T09:52:52z: 10:52:1c:41:79:b5
 0h00:03.024 2021/05/26T09:52:52z: SSID: ARRIS-5A97
 0h00:03.029 2021/05/26T09:52:52z: AP_STAR tmr
 ets Jan  8 2013,rst cause:1, boot mode:(3,7)

load 0x4010f000, len 1384, room 16 
tail 8
chksum 0x2d
csum 0x2d
v8b899c12
~ld


6.01
 0h00:03.002 2021/05/26T10:12:48z: DS3231
 0h00:03.017 2021/05/26T10:12:48z: BME280 (0x76)
 0h00:03.031 2021/05/26T10:12:48z: 10:52:1c:41:79:b5
 0h00:03.033 2021/05/26T10:12:48z: SSID: ARRIS-5A97
 0h00:03.038 2021/05/26T10:12:48z: AP_STA