R tmr
 ets Jan  8 2013,rst cause:1, boot mode:(3,7)

load 0x4010f000, len 1384, room 16 
tail 8
chksum 0x2d
csum 0x2d
v8b899c12
~ld


6.01
 0h00:03.012 2021/05/25T00:19:24z: DS3231
 0h00:03.027 2021/05/25T00:19:24z: BME280 (0x76)
 0h00:03.042 2021/05/25T00:19:24z: 10:52:1c:41:79:b5
 0h00:03.043 2021/05/25T00:19:24z: SSID: ARRIS-5A97
 0h00:03.048 2021/05/25T00:19:24z: AP_STAR tmr
 ets Jan  8 2013,rst cause:1, boot mode:(3,7)

load 0x4010f000, len 1384, room 16 
tail 8
chksum 0x2d
csum 0x2d
v8b899c12
~ld


6.01
 0h00:03.020 2021/05/25T00:39:20z: DS3231
 0h00:03.035 2021/05/25T00:39:20z: BME280 (0x76)
 0h00:03.049 2021/05/25T00:39:20z: 10:52:1c:41:79:b5
 0h00:03.051 2021/05/25T00:39:20z: SSID: ARRIS-5A97
 0h00:03.056 2021/05/25T00:39:20z: AP_STAR tmr
 ets Jan  8 2013,rst cause:1, boot mode:(3,7)

load 0x4010f000, len 1384, room 16 
tail 8
chksum 0x2d
csum 0x2d
v8b899c12
~ld


6.01
 0h00:03.027 2021/05/25T00:59:17z: DS3231
 0h00:03.043 2021/05/25T00:59:17z: BME280 (0x76)
 0h00:03.057 2021/05/25T00:59:17z: 10:52:1c:41:79:b5
 0h00:03.059 2021/05/25T00:59:17z: SSID: ARRIS-5A97
 0h00:03.064 2021/05/25T00:59:17z: AP_STAR tmr
 ets Jan  8 2013,rst cause:1, boot mode:(3,7)

load 0x4010f000, len 1384, room 16 
tail 8
chksum 0x2d
csum 0x2d
v8b899c12
~ld


6.01
 0h00:02.996 2021/05/25T01:19:13z: DS3231
 0h00:03.011 2021/05/25T01:19:13z: BME280 (0x76)
 0h00:03.026 2021/05/25T01:19:13z: 10:52:1c:41:79:b5
 0h00:03.027 2021/05/25T01:19:13z: SSID: ARRIS-5A97
 0h00:03.032 2021/05/25T01:19:13z: AP_STAR tmr
 ets Jan  8 2013,rst cause:1, boot mode:(3,7)

load 0x4010f000, len 1384, room 16 
tail 8
chksum 0x2d
csum 0x2d
v8b899c12
~ld


6.01
 0h00:03.002 2021/05/25T01:39:08z: DS3231
 0h00:03.018 2021/05/25T01:39:08z: BME280 (0x76)
 0h00:03.032 2021/05/25T01:39:08z: 10:52:1c:41:79:b5
 0h00:03.034 2021/05/25T01:39:08z: SSID: ARRIS-5A97
 0h00:03.039 2021/05/25T01:39:08z: AP_STAR tmr
 ets Jan  8 2013,rst cause:1, boot mode:(3,7)

load 0x4010f000, len 1384, room 16 
tail 8
chksum 0x2d
csum 0x2d
v8b899c12
~ld


6.01
 0h00:03.006 2021/05/25T01:59:04z: DS3231
 0h00:03.021 2021/05/25T01:59:04z: BME280 (0x76)
 0h00:03.035 2021/05/25T01:59:04z: 10:52:1c:41:79:b5
 0h00:03.037 2021/05/25T01:59:04z: SSID: ARRIS-5A97
 0h00:03.042 2021/05/25T01:59:04z: AP_STAR tmr
 ets Jan  8 2013,rst cause:1, boot mode:(3,7)

load 0x4010f000, len 1384, room 16 
tail 8
chksum 0x2d
csum 0x2d
v8b899c12
~ld


6.01
 0h00:03.003 2021/05/25T02:19:00z: DS3231
 0h00:03.018 2021/05/25T02:19:01z: BME280 (0x76)
 0h00:03.033 2021/05/25T02:19:01z: 10:52:1c:41:79:b5
 0h00:03.034 2021/05/25T02:19:01z: SSID: ARRIS-5A97
 0h00:03.039 2021/05/25T02:19:01z: AP_STAR tmr
 ets Jan  8 2013,rst cause:1, boot mode:(3,7)

load 0x4010f000, len 1384, room 16 
tail 8
chksum 0x2d
csum 0x2d
v8b899c12
~ld


6.01
 0h00:02.996 2021/05/25T02:38:57z: DS3231
 0h00:03.011 2021/05/25T02:38:57z: BME280 (0x76)
 0h00:03.025 2021/05/25T02:38:57z: 10:52:1c:41:79:b5
 0h00:03.027 2021/05/25T02:38:57z: SSID: ARRIS-5A97
 0h00:03.032 2021/05/25T02:38:57z: AP_STAR tmr
 ets Jan  8 2013,rst cause:1, boot mode:(3,7)

load 0x4010f000, len 1384, room 16 
tail 8
chksum 0x2d
csum 0x2d
v8b899c12
~ld


6.01
 0h00:03.011 2021/05/25T02:58:53z: DS3231
 0h00:03.027 2021/05/25T02:58:53z: BME280 (0x76)
 0h00:03.041 2021/05/25T02:58:53z: 10:52:1c:41:79:b5
 0h00:03.042 2021/05/25T02:58:53z: SSID: ARRIS-5A97
 0h00:03.048 2021/05/25T02:58:53z: AP_STAR tmr
 ets Jan  8 2013,rst cause:1, boot mode:(3,7)

load 0x4010f000, len 1384, room 16 
tail 8
chksum 0x2d
csum 0x2d
v8b899c12
~ld


6.01
 0h00:03.013 2021/05/25T03:18:49z: DS3231
 0h00:03.028 2021/05/25T03:18:49z: BME280 (0x76)
 0h00:03.043 2021/05/25T03:18:49z: 10:52:1c:41:79:b5
 0h00:03.044 2021/05/25T03:18:49z: SSID: ARRIS-5A97
 0h00:03.049 2021/05/25T03:18:49z: AP_STAR tmr
 ets Jan  8 2013,rst cause:1, boot mode:(3,7)

load 0x4010f000, len 1384, room 16 
tail 8
chksum 0x2d
csum 0x2d
v8b899c12
~ld


6.01
 0h00:03.019 2021/05/25T03:38:45z: DS3231
 0h00:03.035 2021/05/25T03:38:45z: BME280 (0x76)
 0h00:03.049 2021/05/25T03:38:45z: 10:52:1c:41:79:b5
 0h00:03.051 2021/05/25T03:38:45z: SSID: ARRIS-5A97
 0h00:03.056 2021/05/25T03:38:45z: AP_STAR tmr
 ets Jan  8 2013,rst cause:1, boot mode:(3,7)

load 0x4010f000, len 1384, room 16 
tail 8
chksum 0x2d
csum 0x2d
v8b899c12
~ld


6.01
 0h00:02.996 2021/05/25T03:58:41z: DS3231
 0h00:03.011 2021/05/25T03:58:41z: BME280 (0x76)
 0h00:03.025 2021/05/25T03:58:41z: 10:52:1c:41:79:b5
 0h00:03.027 2021/05/25T03:58:41z: SSID: ARRIS-5A97
 0h00:03.032 2021/05/25T03:58:41z: AP_STAR tmr
 ets Jan  8 2013,rst cause:1, boot mode:(3,7)

load 0x4010f000, len 1384, room 16 
tail 8
chksum 0x2d
csum 0x2d
v8b899c12
~ld


6.01
 0h00:02.995 2021/05/25T04:18:37z: DS3231
 0h00:03.010 2021/05/25T04:18:37z: BME280 (0x76)
 0h00:03.025 2021/05/25T04:18:37z: 10:52:1c:41:79:b5
 0h00:03.026 2021/05/25T04:18:37z: SSID: ARRIS-5A97
 0h00:03.031 2021/05/25T04:18:37z: AP_STAR tmr
 ets Jan  8 2013,rst cause:1, boot mode:(3,7)

load 0x4010f000, len 1384, room 16 
tail 8
chksum 0x2d
csum 0x2d
v8b899c12
~ld


6.01
 0h00:02.997 2021/05/25T04:38:33z: DS3231
 0h00:03.012 2021/05/25T04:38:33z: BME280 (0x76)
 0h00:03.026 2021/05/25T04:38:33z: 10:52:1c:41:79:b5
 0h00:03.028 2021/05/25T04:38:33z: SSID: ARRIS-5A97
 0h00:03.033 2021/05/25T04:38:33z: AP_STAR tmr
 ets Jan  8 2013,rst cause:1, boot mode:(3,7)

load 0x4010f000, len 1384, room 16 
tail 8
chksum 0x2d
csum 0x2d
v8b899c12
~ld


6.01
 0h00:02.997 2021/05/25T04:58:29z: DS3231
 0h00:03.012 2021/05/25T04:58:29z: BME280 (0x76)
 0h00:03.026 2021/05/25T04:58:29z: 10:52:1c:41:79:b5
 0h00:03.028 2021/05/25T04:58:29z: SSID: ARRIS-5A97
 0h00:03.033 2021/05/25T04:58:29z: AP_STAR tmr
 ets Jan  8 2013,rst cause:1, boot mode:(3,7)

load 0x4010f000, len 1384, room 16 
tail 8
chksum 0x2d
csum 0x2d
v8b899c12
~ld


6.01
 0h00:03.002 2021/05/25T05:18:25z: DS3231
 0h00:03.017 2021/05/25T05:18:25z: BME280 (0x76)
 0h00:03.032 2021/05/25T05:18:25z: 10:52:1c:41:79:b5
 0h00:03.033 2021/05/25T05:18:25z: SSID: ARRIS-5A97
 0h00:03.038 2021/05/25T05:18:25z: AP_STAR tmr
 ets Jan  8 2013,rst cause:1, boot mode:(3,7)

load 0x4010f000, len 1384, room 16 
tail 8
chksum 0x2d
csum 0x2d
v8b899c12
~ld


6.01
 0h00:03.011 2021/05/25T05:38:21z: DS3231
 0h00:03.026 2021/05/25T05:38:21z: BME280 (0x76)
 0h00:03.041 2021/05/25T05:38:21z: 10:52:1c:41:79:b5
 0h00:03.042 2021/05/25T05:38:21z: SSID: ARRIS-5A97
 0h00:03.047 2021/05/25T05:38:21z: AP_STAR tmr
 ets Jan  8 2013,rst cause:1, boot mode:(3,7)

load 0x4010f000, len 1384, room 16 
tail 8
chksum 0x2d
csum 0x2d
v8b899c12
~ld


6.01
 0h00:03.015 2021/05/25T05:58:17z: DS3231
 0h00:03.031 2021/05/25T05:58:17z: BME280 (0x76)
 0h00:03.045 2021/05/25T05:58:17z: 10:52:1c:41:79:b5
 0h00:03.046 2021/05/25T05:58:17z: SSID: ARRIS-5A97
 0h00:03.052 2021/05/25T05:58:17z: AP_STAR tmr
 ets Jan  8 2013,rst cause:1, boot mode:(3,7)

load 0x4010f000, len 1384, room 16 
tail 8
chksum 0x2d
csum 0x2d
v8b899c12
~ld


6.01
 0h00:03.025 2021/05/25T06:18:14z: DS3231
 0h00:03.040 2021/05/25T06:18:14z: BME280 (0x76)
 0h00:03.054 2021/05/25T06:18:14z: 10:52:1c:41:79:b5
 0h00:03.056 2021/05/25T06:18:14z: SSID: ARRIS-5A97
 0h00:03.061 2021/05/25T06:18:14z: AP_STAR tmr
 ets Jan  8 2013,rst cause:1, boot mode:(3,7)

load 0x4010f000, len 1384, room 16 
tail 8
chksum 0x2d
csum 0x2d
v8b899c12
~ld


6.01
 0h00:03.003 2021/05/25T06:38:10z: DS3231
 0h00:03.018 2021/05/25T06:38:10z: BME280 (0x76)
 0h00:03.033 2021/05/25T06:38:10z: 10:52:1c:41:79:b5
 0h00:03.034 2021/05/25T06:38:10z: SSID: ARRIS-5A97
 0h00:03.039 2021/05/25T06:38:10z: AP_STAR tmr
 ets Jan  8 2013,rst cause:1, boot mode:(3,7)

load 0x4010f000, len 1384, room 16 
tail 8
chksum 0x2d
csum 0x2d
v8b899c12
~ld


6.01
 0h00:02.992 2021/05/25T06:58:07z: DS3231
 0h00:03.008 2021/05/25T06:58:07z: BME280 (0x76)
 0h00:03.022 2021/05/25T06:58:07z: 10:52:1c:41:79:b5
 0h00:03.024 2021/05/25T06:58:07z: SSID: ARRIS-5A97
 0h00:03.029 2021/05/25T06:58:07z: AP_STAR tmr
 ets Jan  8 2013,rst cause:1, boot mode:(3,7)

load 0x4010f000, len 1384, room 16 
tail 8
chksum 0x2d
csum 0x2d
v8b899c12
~ld


6.01
 0h00:03.003 2021/05/25T07:18:03z: DS3231
 0h00:03.019 2021/05/25T07:18:03z: BME280 (0x76)
 0h00:03.033 2021/05/25T07:18:03z: 10:52:1c:41:79:b5
 0h00:03.035 2021/05/25T07:18:03z: SSID: ARRIS-5A97
 0h00:03.040 2021/05/25T07:18:03z: AP_STAR tmr
 ets Jan  8 2013,rst cause:1, boot mode:(3,7)

load 0x4010f000, len 1384, room 16 
tail 8
chksum 0x2d
csum 0x2d
v8b899c12
~ld


6.01
 0h00:03.002 2021/05/25T07:37:59z: DS3231
 0h00:03.017 2021/05/25T07:37:59z: BME280 (0x76)
 0h00:03.031 2021/05/25T07:37:59z: 10:52:1c:41:79:b5
 0h00:03.033 2021/05/25T07:37:59z: SSID: ARRIS-5A97
 0h00:03.038 2021/05/25T07:37:59z: AP_STAR tmr
 ets Jan  8 2013,rst cause:1, boot mode:(3,7)

load 0x4010f000, len 1384, room 16 
tail 8
chksum 0x2d
csum 0x2d
v8b899c12
~ld


6.01
 0h00:03.006 2021/05/25T07:57:55z: DS3231
 0h00:03.021 2021/05/25T07:57:55z: BME280 (0x76)
 0h00:03.036 2021/05/25T07:57:55z: 10:52:1c:41:79:b5
 0h00:03.037 2021/05/25T07:57:55z: SSID: ARRIS-5A97
 0h00:03.042 2021/05/25T07:57:55z: AP_STAR tmr
 ets Jan  8 2013,rst cause:1, boot mode:(3,7)

load 0x4010f000, len 1384, room 16 
tail 8
chksum 0x2d
csum 0x2d
v8b899c12
~ld


6.01
 0h00:03.011 2021/05/25T08:17:51z: DS3231
 0h00:03.026 2021/05/25T08:17:51z: BME280 (0x76)
 0h00:03.040 2021/05/25T08:17:51z: 10:52:1c:41:79:b5
 0h00:03.042 2021/05/25T08:17:51z: SSID: ARRIS-5A97
 0h00:03.047 2021/05/25T08:17:51z: AP_STAR tmr
 ets Jan  8 2013,rst cause:1, boot mode:(3,7)

load 0x4010f000, len 1384, room 16 
tail 8
chksum 0x2d
csum 0x2d
v8b899c12
~ld


6.01
 0h00:03.018 2021/05/25T08:37:47z: DS3231
 0h00:03.033 2021/05/25T08:37:47z: BME280 (0x76)
 0h00:03.047 2021/05/25T08:37:47z: 10:52:1c:41:79:b5
 0h00:03.049 2021/05/25T08:37:47z: SSID: ARRIS-5A97
 0h00:03.054 2021/05/25T08:37:47z: AP_STAR tmr
 ets Jan  8 2013,rst cause:1, boot mode:(3,7)

load 0x4010f000, len 1384, room 16 
tail 8
chksum 0x2d
csum 0x2d
v8b899c12
~ld


6.01
 0h00:03.034 2021/05/25T08:57:44z: DS3231
 0h00:03.049 2021/05/25T08:57:44z: BME280 (0x76)
 0h00:03.063 2021/05/25T08:57:44z: 10:52:1c:41:79:b5
 0h00:03.065 2021/05/25T08:57:44z: SSID: ARRIS-5A97
 0h00:03.070 2021/05/25T08:57:44z: AP_STAR tmr
 ets Jan  8 2013,rst cause:1, boot mode:(3,7)

load 0x4010f000, len 1384, room 16 
tail 8
chksum 0x2d
csum 0x2d
v8b899c12
~ld


6.01
 0h00:03.002 2021/05/25T09:17:40z: DS3231
 0h00:03.017 2021/05/25T09:17:40z: BME280 (0x76)
 0h00:03.032 2021/05/25T09:17:40z: 10:52:1c:41:79:b5
 0h00:03.033 2021/05/25T09:17:40z: SSID: ARRIS-5A97
 0h00:03.038 2021/05/25T09:17:40z: AP_STAR tmr
 ets Jan  8 2013,rst cause:1, boot mode:(3,7)

load 0x4010f000, len 1384, room 16 
tail 8
chksum 0x2d
csum 0x2d
v8b899c12
~ld


6.01
 0h00:03.003 2021/05/25T09:37:36z: DS3231
 0h00:03.018 2021/05/25T09:37:36z: BME280 (0x76)
 0h00:03.032 2021/05/25T09:37:36z: 10:52:1c:41:79:b5
 0h00:03.034 2021/05/25T09:37:36z: SSID: ARRIS-5A97
 0h00:03.039 2021/05/25T09:37:36z: AP_STAR tmr
 ets Jan  8 2013,rst cause:1, boot mode:(3,7)

load 0x4010f000, len 1384, room 16 
tail 8
chksum 0x2d
csum 0x2d
v8b899c12
~ld


6.01
 0h00:02.998 2021/05/25T09:57:33z: DS3231
 0h00:03.014 2021/05/25T09:57:33z: BME280 (0x76)
 0h00:03.028 2021/05/25T09:57:33z: 10:52:1c:41:79:b5
 0h00:03.030 2021/05/25T09:57:33z: SSID: ARRIS-5A97
 0h00:03.035 2021/05/25T09:57:33z: AP_STAR tmr
 ets Jan  8 2013,rst cause:1, boot mode:(3,7)

load 0x4010f000, len 1384, room 16 
tail 8
chksum 0x2d
csum 0x2d
v8b899c12
~ld


6.01
 0h00:03.001 2021/05/25T10:17:29z: DS3231
 0h00:03.016 2021/05/25T10:17:29z: BME280 (0x76)
 0h00:03.030 2021/05/25T10:17:29z: 10:52:1c:41:79:b5
 0h00:03.032 2021/05/25T10:17:29z: SSID: ARRIS-5A97
 0h00:03.037 2021/05/25T10:17:29z: AP_STAR tmr
 ets Jan  8 2013,rst cause:1, boot mode:(3,7)

load 0x4010f000, len 1384, room 16 
tail 8
chksum 0x2d
csum 0x2d
v8b899c12
~ld


6.01
 0h00:03.004 2021/05/25T10:37:25z: DS3231
 0h00:03.019 2021/05/25T10:37:25z: BME280 (0x76)
 0h00:03.033 2021/05/25T10:37:25z: 10:52:1c:41:79:b5
 0h00:03.035 2021/05/25T10:37:25z: SSID: ARRIS-5A97
 0h00:03.040 2021/05/25T10:37:25z: AP_STAR tmr
 ets Jan  8 2013,rst cause:1, boot mode:(3,7)

load 0x4010f000, len 1384, room 16 
tail 8
chksum 0x2d
csum 0x2d
v8b899c12
~ld


6.01
 0h00:03.007 2021/05/25T10:57:22z: DS3231
 0h00:03.023 2021/05/25T10:57:22z: BME280 (0x76)
 0h00:03.037 2021/05/25T10:57:22z: 10:52:1c:41:79:b5
 0h00:03.038 2021/05/25T10:57:22z: SSID: ARRIS-5A97
 0h00:03.044 2021/05/25T10:57:22z: AP_STAR tmr
 ets Jan  8 2013,rst cause:1, boot mode:(3,7)

load 0x4010f000, len 1384, room 16 
tail 8
chksum 0x2d
csum 0x2d
v8b899c12
~ld


6.01
 0h00:03.011 2021/05/25T11:17:18z: DS3231
 0h00:03.026 2021/05/25T11:17:18z: BME280 (0x76)
 0h00:03.040 2021/05/25T11:17:18z: 10:52:1c:41:79:b5
 0h00:03.042 2021/05/25T11:17:18z: SSID: ARRIS-5A97
 0h00:03.047 2021/05/25T11:17:18z: AP_STAR tmr
 ets Jan  8 2013,rst cause:1, boot mode:(3,7)

load 0x4010f000, len 1384, room 16 
tail 8
chksum 0x2d
csum 0x2d
v8b899c12
~ld


6.01
 0h00:03.028 2021/05/25T11:37:14z: DS3231
 0h00:03.043 2021/05/25T11:37:14z: BME280 (0x76)
 0h00:03.057 2021/05/25T11:37:14z: 10:52:1c:41:79:b5
 0h00:03.059 2021/05/25T11:37:14z: SSID: ARRIS-5A97
 0h00:03.064 2021/05/25T11:37:14z: AP_STAR tmr
 ets Jan  8 2013,rst cause:1, boot mode:(3,7)

load 0x4010f000, len 1384, room 16 
tail 8
chksum 0x2d
csum 0x2d
v8b899c12
~ld


6.01
 0h00:02.998 2021/05/25T11:57:10z: DS3231
 0h00:03.013 2021/05/25T11:57:10z: BME280 (0x76)
 0h00:03.028 2021/05/25T11:57:10z: 10:52:1c:41:79:b5
 0h00:03.029 2021/05/25T11:57:10z: SSID: ARRIS-5A97
 0h00:03.034 2021/05/25T11:57:10z: AP_STAR tmr
 ets Jan  8 2013,rst cause:1, boot mode:(3,7)

load 0x4010f000, len 1384, room 16 
tail 8
chksum 0x2d
csum 0x2d
v8b899c12
~ld


6.01
 0h00:02.996 2021/05/25T12:17:06z: DS3231
 0h00:03.012 2021/05/25T12:17:06z: BME280 (0x76)
 0h00:03.026 2021/05/25T12:17:06z: 10:52:1c:41:79:b5
 0h00:03.028 2021/05/25T12:17:06z: SSID: ARRIS-5A97
 0h00:03.033 2021/05/25T12:17:06z: AP_STAR tmr
 ets Jan  8 2013,rst cause:1, boot mode:(3,7)

load 0x4010f000, len 1384, room 16 
tail 8
chksum 0x2d
csum 0x2d
v8b899c12
~ld


6.01
 0h00:03.000 2021/05/25T12:37:03z: DS3231
 0h00:03.015 2021/05/25T12:37:03z: BME280 (0x76)
 0h00:03.030 2021/05/25T12:37:03z: 10:52:1c:41:79:b5
 0h00:03.031 2021/05/25T12:37:03z: SSID: ARRIS-5A97
 0h00:03.036 2021/05/25T12:37:03z: AP_STAR tmr
 ets Jan  8 2013,rst cause:1, boot mode:(3,7)

load 0x4010f000, len 1384, room 16 
tail 8
chksum 0x2d
csum 0x2d
v8b899c12
~ld


6.01
 0h00:02.999 2021/05/25T12:56:58z: DS3231
 0h00:03.015 2021/05/25T12:56:58z: BME280 (0x76)
 0h00:03.029 2021/05/25T12:56:58z: 10:52:1c:41:79:b5
 0h00:03.030 2021/05/25T12:56:58z: SSID: ARRIS-5A97
 0h00:03.036 2021/05/25T12:56:58z: AP_STAR tmr
 ets Jan  8 2013,rst cause:1, boot mode:(3,7)

load 0x4010f000, len 1384, room 16 
tail 8
chksum 0x2d
csum 0x2d
v8b899c12
~ld


6.01
 0h00:02.997 2021/05/25T13:16:55z: DS3231
 0h00:03.012 2021/05/25T13:16:55z: BME280 (0x76)
 0h00:03.026 2021/05/25T13:16:55z: 10:52:1c:41:79:b5
 0h00:03.028 2021/05/25T13:16:55z: SSID: ARRIS-5A97
 0h00:03.033 2021/05/25T13:16:55z: AP_STAR tmr
 ets Jan  8 2013,rst cause:1, boot mode:(3,7)

load 0x4010f000, len 1384, room 16 
tail 8
chksum 0x2d
csum 0x2d
v8b899c12
~ld


6.01
 0h00:03.008 2021/05/25T13:36:51z: DS3231
 0h00:03.023 2021/05/25T13:36:51z: BME280 (0x76)
 0h00:03.037 2021/05/25T13:36:51z: 10:52:1c:41:79:b5
 0h00:03.039 2021/05/25T13:36:51z: SSID: ARRIS-5A97
 0h00:03.044 2021/05/25T13:36:51z: AP_STAR tmr
 ets Jan  8 2013,rst cause:1, boot mode:(3,7)

load 0x4010f000, len 1384, room 16 
tail 8
chksum 0x2d
csum 0x2d
v8b899c12
~ld


6.01
 0h00:03.009 2021/05/25T13:56:46z: DS3231
 0h00:03.024 2021/05/25T13:56:46z: BME280 (0x76)
 0h00:03.038 2021/05/25T13:56:46z: 10:52:1c:41:79:b5
 0h00:03.040 2021/05/25T13:56:46z: SSID: ARRIS-5A97
 0h00:03.045 2021/05/25T13:56:46z: AP_STAR tmr
 ets Jan  8 2013,rst cause:1, boot mode:(3,7)

load 0x4010f000, len 1384, room 16 
tail 8
chksum 0x2d
csum 0x2d
v8b899c12
~ld


6.01
 0h00:03.020 2021/05/25T14:16:43z: DS3231
 0h00:03.035 2021/05/25T14:16:43z: BME280 (0x76)
 0h00:03.049 2021/05/25T14:16:43z: 10:52:1c:41:79:b5
 0h00:03.051 2021/05/25T14:16:43z: SSID: ARRIS-5A97
 0h00:03.056 2021/05/25T14:16:43z: AP_STAR tmr
 ets Jan  8 2013,rst cause:1, boot mode:(3,7)

load 0x4010f000, len 1384, room 16 
tail 8
chksum 0x2d
csum 0x2d
v8b899c12
~ld


6.01
 0h00:02.994 2021/05/25T14:36:39z: DS3231
 0h00:03.009 2021/05/25T14:36:39z: BME280 (0x76)
 0h00:03.023 2021/05/25T14:36:39z: 10:52:1c:41:79:b5
 0h00:03.025 2021/05/25T14:36:39z: SSID: ARRIS-5A97
 0h00:03.030 2021/05/25T14:36:39z: AP_STAR tmr
 ets Jan  8 2013,rst cause:1, boot mode:(3,7)

load 0x4010f000, len 1384, room 16 
tail 8
chksum 0x2d
csum 0x2d
v8b899c12
~ld


6.01
 0h00:02.989 2021/05/25T14:56:35z: DS3231
 0h00:03.004 2021/05/25T14:56:35z: BME280 (0x76)
 0h00:03.018 2021/05/25T14:56:35z: 10:52:1c:41:79:b5
 0h00:03.020 2021/05/25T14:56:35z: SSID: ARRIS-5A97
 0h00:03.025 2021/05/25T14:56:35z: AP_STAR tmr
 ets Jan  8 2013,rst cause:1, boot mode:(3,7)

load 0x4010f000, len 1384, room 16 
tail 8
chksum 0x2d
csum 0x2d
v8b899c12
~ld


6.01
 0h00:02.995 2021/05/25T15:16:31z: DS3231
 0h00:03.010 2021/05/25T15:16:31z: BME280 (0x76)
 0h00:03.025 2021/05/25T15:16:31z: 10:52:1c:41:79:b5
 0h00:03.026 2021/05/25T15:16:31z: SSID: ARRIS-5A97
 0h00:03.031 2021/05/25T15:16:31z: AP_STAR tmr
 ets Jan  8 2013,rst cause:1, boot mode:(3,7)

load 0x4010f000, len 1384, room 16 
tail 8
chksum 0x2d
csum 0x2d
v8b899c12
~ld


6.01
 0h00:02.993 2021/05/25T15:36:26z: DS3231
 0h00:03.009 2021/05/25T15:36:27z: BME280 (0x76)
 0h00:03.023 2021/05/25T15:36:27z: 10:52:1c:41:79:b5
 0h00:03.024 2021/05/25T15:36:27z: SSID: ARRIS-5A97
 0h00:03.030 2021/05/25T15:36:27z: AP_STAR tmr
 ets Jan  8 2013,rst cause:1, boot mode:(3,7)

load 0x4010f000, len 1384, room 16 
tail 8
chksum 0x2d
csum 0x2d
v8b899c12
~ld


6.01
 0h00:02.994 2021/05/25T15:56:23z: DS3231
 0h00:03.010 2021/05/25T15:56:23z: BME280 (0x76)
 0h00:03.024 2021/05/25T15:56:23z: 10:52:1c:41:79:b5
 0h00:03.026 2021/05/25T15:56:23z: SSID: ARRIS-5A97
 0h00:03.031 2021/05/25T15:56:23z: AP_STAR tmr
 ets Jan  8 2013,rst cause:1, boot mode:(3,7)

load 0x4010f000, len 1384, room 16 
tail 8
chksum 0x2d
csum 0x2d
v8b899c12
~ld


6.01
 0h00:03.003 2021/05/25T16:16:20z: DS3231
 0h00:03.018 2021/05/25T16:16:20z: BME280 (0x76)
 0h00:03.032 2021/05/25T16:16:20z: 10:52:1c:41:79:b5
 0h00:03.034 2021/05/25T16:16:20z: SSID: ARRIS-5A97
 0h00:03.039 2021/05/25T16:16:20z: AP_STAR tmr
 ets Jan  8 2013,rst cause:1, boot mode:(3,7)

load 0x4010f000, len 1384, room 16 
tail 8
chksum 0x2d
csum 0x2d
v8b899c12
~ld


6.01
 0h00:03.009 2021/05/25T16:36:16z: DS3231
 0h00:03.025 2021/05/25T16:36:16z: BME280 (0x76)
 0h00:03.039 2021/05/25T16:36:16z: 10:52:1c:41:79:b5
 0h00:03.040 2021/05/25T16:36:16z: SSID: ARRIS-5A97
 0h00:03.046 2021/05/25T16:36:16z: AP_STAR tmr
 ets Jan  8 2013,rst cause:1, boot mode:(3,7)

load 0x4010f000, len 1384, room 16 
tail 8
chksum 0x2d
csum 0x2d
v8b899c12
~ld


6.01
 0h00:03.018 2021/05/25T16:56:11z: DS3231
 0h00:03.034 2021/05/25T16:56:11z: BME280 (0x76)
 0h00:03.048 2021/05/25T16:56:12z: 10:52:1c:41:79:b5
 0h00:03.049 2021/05/25T16:56:12z: SSID: ARRIS-5A97
 0h00:03.055 2021/05/25T16:56:12z: AP_STAR tmr
 ets Jan  8 2013,rst cause:1, boot mode:(3,7)

load 0x4010f000, len 1384, room 16 
tail 8
chksum 0x2d
csum 0x2d
v8b899c12
~ld


6.01
 0h00:02.991 2021/05/25T17:16:09z: DS3231
 0h00:03.006 2021/05/25T17:16:09z: BME280 (0x76)
 0h00:03.020 2021/05/25T17:16:09z: 10:52:1c:41:79:b5
 0h00:03.022 2021/05/25T17:16:09z: SSID: ARRIS-5A97
 0h00:03.027 2021/05/25T17:16:09z: AP_STAR tmr
 ets Jan  8 2013,rst cause:1, boot mode:(3,7)

load 0x4010f000, len 1384, room 16 
tail 8
chksum 0x2d
csum 0x2d
v8b899c12
~ld


6.01
 0h00:02.991 2021/05/25T17:36:05z: DS3231
 0h00:03.006 2021/05/25T17:36:05z: BME280 (0x76)
 0h00:03.020 2021/05/25T17:36:05z: 10:52:1c:41:79:b5
 0h00:03.022 2021/05/25T17:36:05z: SSID: ARRIS-5A97
 0h00:03.027 2021/05/25T17:36:05z: AP_STAR tmr
 ets Jan  8 2013,rst cause:1, boot mode:(3,7)

load 0x4010f000, len 1384, room 16 
tail 8
chksum 0x2d
csum 0x2d
v8b899c12
~ld


6.01
 0h00:02.997 2021/05/25T17:56:00z: DS3231
 0h00:03.012 2021/05/25T17:56:00z: BME280 (0x76)
 0h00:03.026 2021/05/25T17:56:00z: 10:52:1c:41:79:b5
 0h00:03.028 2021/05/25T17:56:00z: SSID: ARRIS-5A97
 0h00:03.033 2021/05/25T17:56:00z: AP_STAR tmr
 ets Jan  8 2013,rst cause:1, boot mode:(3,7)

load 0x4010f000, len 1384, room 16 
tail 8
chksum 0x2d
csum 0x2d
v8b899c12
~ld


6.01
 0h00:02.988 2021/05/25T18:15:56z: DS3231
 0h00:03.003 2021/05/25T18:15:56z: BME280 (0x76)
 0h00:03.017 2021/05/25T18:15:56z: 10:52:1c:41:79:b5
 0h00:03.019 2021/05/25T18:15:56z: SSID: ARRIS-5A97
 0h00:03.024 2021/05/25T18:15:56z: AP_STAR tmr
 ets Jan  8 2013,rst cause:1, boot mode:(3,7)

load 0x4010f000, len 1384, room 16 
tail 8
chksum 0x2d
csum 0x2d
v8b899c12
~ld


6.01
 0h00:02.998 2021/05/25T18:35:53z: DS3231
 0h00:03.013 2021/05/25T18:35:53z: BME280 (0x76)
 0h00:03.028 2021/05/25T18:35:53z: 10:52:1c:41:79:b5
 0h00:03.029 2021/05/25T18:35:53z: SSID: ARRIS-5A97
 0h00:03.034 2021/05/25T18:35:53z: AP_STAR tmr
 ets Jan  8 2013,rst cause:1, boot mode:(3,7)

load 0x4010f000, len 1384, room 16 
tail 8
chksum 0x2d
csum 0x2d
v8b899c12
~ld


6.01
 0h00:03.008 2021/05/25T18:55:50z: DS3231
 0h00:03.023 2021/05/25T18:55:50z: BME280 (0x76)
 0h00:03.037 2021/05/25T18:55:50z: 10:52:1c:41:79:b5
 0h00:03.039 2021/05/25T18:55:50z: SSID: ARRIS-5A97
 0h00:03.044 2021/05/25T18:55:50z: AP_STAR tmr
 ets Jan  8 2013,rst cause:1, boot mode:(3,7)

load 0x4010f000, len 1384, room 16 
tail 8
chksum 0x2d
csum 0x2d
v8b899c12
~ld


6.01
 0h00:03.007 2021/05/25T19:15:46z: DS3231
 0h00:03.023 2021/05/25T19:15:46z: BME280 (0x76)
 0h00:03.037 2021/05/25T19:15:46z: 10:52:1c:41:79:b5
 0h00:03.039 2021/05/25T19:15:46z: SSID: ARRIS-5A97
 0h00:03.044 2021/05/25T19:15:46z: AP_STAR tmr
 ets Jan  8 2013,rst cause:1, boot mode:(3,7)

load 0x4010f000, len 1384, room 16 
tail 8
chksum 0x2d
csum 0x2d
v8b899c12
~ld


6.01
 0h00:03.017 2021/05/25T19:35:42z: DS3231
 0h00:03.032 2021/05/25T19:35:42z: BME280 (0x76)
 0h00:03.047 2021/05/25T19:35:42z: 10:52:1c:41:79:b5
 0h00:03.048 2021/05/25T19:35:42z: SSID: ARRIS-5A97
 0h00:03.053 2021/05/25T19:35:42z: AP_STAR tmr
 ets Jan  8 2013,rst cause:1, boot mode:(3,7)

load 0x4010f000, len 1384, room 16 
tail 8
chksum 0x2d
csum 0x2d
v8b899c12
~ld


6.01
 0h00:02.989 2021/05/25T19:55:39z: DS3231
 0h00:03.005 2021/05/25T19:55:39z: BME280 (0x76)
 0h00:03.019 2021/05/25T19:55:39z: 10:52:1c:41:79:b5
 0h00:03.021 2021/05/25T19:55:39z: SSID: ARRIS-5A97
 0h00:03.026 2021/05/25T19:55:39z: AP_STAR tmr
 ets Jan  8 2013,rst cause:1, boot mode:(3,7)

load 0x4010f000, len 1384, room 16 
tail 8
chksum 0x2d
csum 0x2d
v8b899c12
~ld


6.01
 0h00:02.990 2021/05/25T20:15:35z: DS3231
 0h00:03.006 2021/05/25T20:15:36z: BME280 (0x76)
 0h00:03.020 2021/05/25T20:15:36z: 10:52:1c:41:79:b5
 0h00:03.022 2021/05/25T20:15:36z: SSID: ARRIS-5A97
 0h00:03.027 2021/05/25T20:15:36z: AP_STAR tmr
 ets Jan  8 2013,rst cause:1, boot mode:(3,7)

load 0x4010f000, len 1384, room 16 
tail 8
chksum 0x2d
csum 0x2d
v8b899c12
~ld


6.01
 0h00:02.996 2021/05/25T20:35:32z: DS3231
 0h00:03.011 2021/05/25T20:35:32z: BME280 (0x76)
 0h00:03.025 2021/05/25T20:35:32z: 10:52:1c:41:79:b5
 0h00:03.027 2021/05/25T20:35:32z: SSID: ARRIS-5A97
 0h00:03.032 2021/05/25T20:35:32z: AP_STAR tmr
 ets Jan  8 2013,rst cause:1, boot mode:(3,7)

load 0x4010f000, len 1384, room 16 
tail 8
chksum 0x2d
csum 0x2d
v8b899c12
~ld


6.01
 0h00:02.987 2021/05/25T20:55:28z: DS3231
 0h00:03.003 2021/05/25T20:55:28z: BME280 (0x76)
 0h00:03.017 2021/05/25T20:55:28z: 10:52:1c:41:79:b5
 0h00:03.018 2021/05/25T20:55:28z: SSID: ARRIS-5A97
 0h00:03.024 2021/05/25T20:55:28z: AP_STAR tmr
 ets Jan  8 2013,rst cause:1, boot mode:(3,7)

load 0x4010f000, len 1384, room 16 
tail 8
chksum 0x2d
csum 0x2d
v8b899c12
~ld


6.01
 0h00:02.995 2021/05/25T21:15:24z: DS3231
 0h00:03.011 2021/05/25T21:15:24z: BME280 (0x76)
 0h00:03.025 2021/05/25T21:15:24z: 10:52:1c:41:79:b5
 0h00:03.027 2021/05/25T21:15:24z: SSID: ARRIS-5A97
 0h00:03.032 2021/05/25T21:15:24z: AP_STAR tmr
 ets Jan  8 2013,rst cause:1, boot mode:(3,7)

load 0x4010f000, len 1384, room 16 
tail 8
chksum 0x2d
csum 0x2d
v8b899c12
~ld


6.01
 0h00:03.005 2021/05/25T21:35:21z: DS3231
 0h00:03.020 2021/05/25T21:35:21z: BME280 (0x76)
 0h00:03.034 2021/05/25T21:35:21z: 10:52:1c:41:79:b5
 0h00:03.036 2021/05/25T21:35:21z: SSID: ARRIS-5A97
 0h00:03.041 2021/05/25T21:35:21z: AP_STAR tmr
 ets Jan  8 2013,rst cause:1, boot mode:(3,7)

load 0x4010f000, len 1384, room 16 
tail 8
chksum 0x2d
csum 0x2d
v8b899c12
~ld


6.01
 0h00:03.016 2021/05/25T21:55:16z: DS3231
 0h00:03.032 2021/05/25T21:55:16z: BME280 (0x76)
 0h00:03.046 2021/05/25T21:55:16z: 10:52:1c:41:79:b5
 0h00:03.047 2021/05/25T21:55:16z: SSID: ARRIS-5A97
 0h00:03.053 2021/05/25T21:55:16z: AP_STAR tmr
 ets Jan  8 2013,rst cause:1, boot mode:(3,7)

load 0x4010f000, len 1384, room 16 
tail 8
chksum 0x2d
csum 0x2d
v8b899c12
~ld


6.01
 0h00:03.018 2021/05/25T22:15:13z: DS3231
 0h00:03.033 2021/05/25T22:15:13z: BME280 (0x76)
 0h00:03.047 2021/05/25T22:15:13z: 10:52:1c:41:79:b5
 0h00:03.049 2021/05/25T22:15:13z: SSID: ARRIS-5A97
 0h00:03.054 2021/05/25T22:15:13z: AP_STAR tmr
 ets Jan  8 2013,rst cause:1, boot mode:(3,7)

load 0x4010f000, len 1384, room 16 
tail 8
chksum 0x2d
csum 0x2d
v8b899c12
~ld


6.01
 0h00:02.996 2021/05/25T22:35:08z: DS3231
 0h00:03.011 2021/05/25T22:35:08z: BME280 (0x76)
 0h00:03.026 2021/05/25T22:35:08z: 10:52:1c:41:79:b5
 0h00:03.027 2021/05/25T22:35:08z: SSID: ARRIS-5A97
 0h00:03.032 2021/05/25T22:35:09z: AP_STAR tmr
 ets Jan  8 2013,rst cause:1, boot mode:(3,7)

load 0x4010f000, len 1384, room 16 
tail 8
chksum 0x2d
csum 0x2d
v8b899c12
~ld


6.01
 0h00:02.992 2021/05/25T22:55:04z: DS3231
 0h00:03.007 2021/05/25T22:55:04z: BME280 (0x76)
 0h00:03.021 2021/05/25T22:55:04z: 10:52:1c:41:79:b5
 0h00:03.023 2021/05/25T22:55:04z: SSID: ARRIS-5A97
 0h00:03.028 2021/05/25T22:55:04z: AP_STAR tmr
 ets Jan  8 2013,rst cause:1, boot mode:(3,7)

load 0x4010f000, len 1384, room 16 
tail 8
chksum 0x2d
csum 0x2d
v8b899c12
~ld


6.01
 0h00:02.995 2021/05/25T23:15:00z: DS3231
 0h00:03.010 2021/05/25T23:15:00z: BME280 (0x76)
 0h00:03.024 2021/05/25T23:15:00z: 10:52:1c:41:79:b5
 0h00:03.026 2021/05/25T23:15:00z: SSID: ARRIS-5A97
 0h00:03.031 2021/05/25T23:15:00z: AP_STAR tmr
 ets Jan  8 2013,rst cause:1, boot mode:(3,7)

load 0x4010f000, len 1384, room 16 
tail 8
chksum 0x2d
csum 0x2d
v8b899c12
~ld


6.01
 0h00:02.996 2021/05/25T23:34:57z: DS3231
 0h00:03.011 2021/05/25T23:34:57z: BME280 (0x76)
 0h00:03.026 2021/05/25T23:34:57z: 10:52:1c:41:79:b5
 0h00:03.027 2021/05/25T23:34:57z: SSID: ARRIS-5A97
 0h00:03.032 2021/05/25T23:34:57z: AP_STAR tmr
 ets Jan  8 2013,rst cause:1, boot mode:(3,7)

load 0x4010f000, len 1384, room 16 
tail 8
chksum 0x2d
csum 0x2d
v8b899c12
~ld


6.01
 0h00:02.999 2021/05/25T23:54:53z: DS3231
 0h00:03.014 2021/05/25T23:54:53z: BME280 (0x76)
 0h00:03.029 2021/05/25T23:54:53z: 10:52:1c:41:79:b5
 0h00:03.030 2021/05/25T23:54:53z: SSID: ARRIS-5A97
 0h00:03.035 2021/05/25T23:54:53z: AP_STA