R tmr
 ets Jan  8 2013,rst cause:1, boot mode:(3,7)

load 0x4010f000, len 1384, room 16 
tail 8
chksum 0x2d
csum 0x2d
v8b899c12
~ld


6.01
 0h00:02.997 2021/05/24T10:42:06z: DS3231
 0h00:03.012 2021/05/24T10:42:06z: BME280 (0x76)
 0h00:03.027 2021/05/24T10:42:06z: 10:52:1c:41:79:b5
 0h00:03.028 2021/05/24T10:42:06z: SSID: ARRIS-5A97
 0h00:03.033 2021/05/24T10:42:06z: AP_STAR tmr
 ets Jan  8 2013,rst cause:1, boot mode:(3,7)

load 0x4010f000, len 1384, room 16 
tail 8
chksum 0x2d
csum 0x2d
v8b899c12
~ld


6.01
 0h00:03.009 2021/05/24T11:02:02z: DS3231
 0h00:03.024 2021/05/24T11:02:02z: BME280 (0x76)
 0h00:03.038 2021/05/24T11:02:02z: 10:52:1c:41:79:b5
 0h00:03.040 2021/05/24T11:02:02z: SSID: ARRIS-5A97
 0h00:03.045 2021/05/24T11:02:02z: AP_STAR tmr
 ets Jan  8 2013,rst cause:1, boot mode:(3,7)

load 0x4010f000, len 1384, room 16 
tail 8
chksum 0x2d
csum 0x2d
v8b899c12
~ld


6.01
 0h00:03.017 2021/05/24T11:21:57z: DS3231
 0h00:03.033 2021/05/24T11:21:57z: BME280 (0x76)
 0h00:03.047 2021/05/24T11:21:58z: 10:52:1c:41:79:b5
 0h00:03.048 2021/05/24T11:21:58z: SSID: ARRIS-5A97
 0h00:03.054 2021/05/24T11:21:58z: AP_STAR tmr
 ets Jan  8 2013,rst cause:1, boot mode:(3,7)

load 0x4010f000, len 1384, room 16 
tail 8
chksum 0x2d
csum 0x2d
v8b899c12
~ld


6.01
 0h00:03.019 2021/05/24T11:41:54z: DS3231
 0h00:03.034 2021/05/24T11:41:54z: BME280 (0x76)
 0h00:03.048 2021/05/24T11:41:54z: 10:52:1c:41:79:b5
 0h00:03.050 2021/05/24T11:41:54z: SSID: ARRIS-5A97
 0h00:03.055 2021/05/24T11:41:54z: AP_STAR tmr
 ets Jan  8 2013,rst cause:1, boot mode:(3,7)

load 0x4010f000, len 1384, room 16 
tail 8
chksum 0x2d
csum 0x2d
v8b899c12
~ld


6.01
 0h00:02.999 2021/05/24T12:01:50z: DS3231
 0h00:03.014 2021/05/24T12:01:50z: BME280 (0x76)
 0h00:03.028 2021/05/24T12:01:50z: 10:52:1c:41:79:b5
 0h00:03.030 2021/05/24T12:01:50z: SSID: ARRIS-5A97
 0h00:03.035 2021/05/24T12:01:50z: AP_STAR tmr
 ets Jan  8 2013,rst cause:1, boot mode:(3,7)

load 0x4010f000, len 1384, room 16 
tail 8
chksum 0x2d
csum 0x2d
v8b899c12
~ld


6.01
 0h00:02.992 2021/05/24T12:21:46z: DS3231
 0h00:03.008 2021/05/24T12:21:46z: BME280 (0x76)
 0h00:03.022 2021/05/24T12:21:46z: 10:52:1c:41:79:b5
 0h00:03.024 2021/05/24T12:21:46z: SSID: ARRIS-5A97
 0h00:03.029 2021/05/24T12:21:46z: AP_STAR tmr
 ets Jan  8 2013,rst cause:1, boot mode:(3,7)

load 0x4010f000, len 1384, room 16 
tail 8
chksum 0x2d
csum 0x2d
v8b899c12
~ld


6.01
 0h00:02.994 2021/05/24T12:41:42z: DS3231
 0h00:03.010 2021/05/24T12:41:42z: BME280 (0x76)
 0h00:03.024 2021/05/24T12:41:42z: 10:52:1c:41:79:b5
 0h00:03.026 2021/05/24T12:41:42z: SSID: ARRIS-5A97
 0h00:03.031 2021/05/24T12:41:42z: AP_STAR tmr
 ets Jan  8 2013,rst cause:1, boot mode:(3,7)

load 0x4010f000, len 1384, room 16 
tail 8
chksum 0x2d
csum 0x2d
v8b899c12
~ld


6.01
 0h00:02.993 2021/05/24T13:01:39z: DS3231
 0h00:03.008 2021/05/24T13:01:39z: BME280 (0x76)
 0h00:03.022 2021/05/24T13:01:39z: 10:52:1c:41:79:b5
 0h00:03.024 2021/05/24T13:01:39z: SSID: ARRIS-5A97
 0h00:03.029 2021/05/24T13:01:39z: AP_STAR tmr
 ets Jan  8 2013,rst cause:1, boot mode:(3,7)

load 0x4010f000, len 1384, room 16 
tail 8
chksum 0x2d
csum 0x2d
v8b899c12
~ld


6.01
 0h00:02.998 2021/05/24T13:21:35z: DS3231
 0h00:03.014 2021/05/24T13:21:35z: BME280 (0x76)
 0h00:03.028 2021/05/24T13:21:35z: 10:52:1c:41:79:b5
 0h00:03.029 2021/05/24T13:21:35z: SSID: ARRIS-5A97
 0h00:03.035 2021/05/24T13:21:35z: AP_STAR tmr
 ets Jan  8 2013,rst cause:1, boot mode:(3,7)

load 0x4010f000, len 1384, room 16 
tail 8
chksum 0x2d
csum 0x2d
v8b899c12
~ld


6.01
 0h00:03.009 2021/05/24T13:41:31z: DS3231
 0h00:03.024 2021/05/24T13:41:31z: BME280 (0x76)
 0h00:03.038 2021/05/24T13:41:31z: 10:52:1c:41:79:b5
 0h00:03.040 2021/05/24T13:41:31z: SSID: ARRIS-5A97
 0h00:03.045 2021/05/24T13:41:31z: AP_STAR tmr
 ets Jan  8 2013,rst cause:1, boot mode:(3,7)

load 0x4010f000, len 1384, room 16 
tail 8
chksum 0x2d
csum 0x2d
v8b899c12
~ld


6.01
 0h00:03.008 2021/05/24T14:01:26z: DS3231
 0h00:03.023 2021/05/24T14:01:26z: BME280 (0x76)
 0h00:03.037 2021/05/24T14:01:26z: 10:52:1c:41:79:b5
 0h00:03.039 2021/05/24T14:01:26z: SSID: ARRIS-5A97
 0h00:03.044 2021/05/24T14:01:26z: AP_STAR tmr
 ets Jan  8 2013,rst cause:1, boot mode:(3,7)

load 0x4010f000, len 1384, room 16 
tail 8
chksum 0x2d
csum 0x2d
v8b899c12
~ld


6.01
 0h00:03.022 2021/05/24T14:21:23z: DS3231
 0h00:03.037 2021/05/24T14:21:23z: BME280 (0x76)
 0h00:03.051 2021/05/24T14:21:23z: 10:52:1c:41:79:b5
 0h00:03.053 2021/05/24T14:21:23z: SSID: ARRIS-5A97
 0h00:03.058 2021/05/24T14:21:23z: AP_STAR tmr
 ets Jan  8 2013,rst cause:1, boot mode:(3,7)

load 0x4010f000, len 1384, room 16 
tail 8
chksum 0x2d
csum 0x2d
v8b899c12
~ld


6.01
 0h00:02.992 2021/05/24T14:41:19z: DS3231
 0h00:03.007 2021/05/24T14:41:19z: BME280 (0x76)
 0h00:03.022 2021/05/24T14:41:19z: 10:52:1c:41:79:b5
 0h00:03.023 2021/05/24T14:41:19z: SSID: ARRIS-5A97
 0h00:03.028 2021/05/24T14:41:19z: AP_STAR tmr
 ets Jan  8 2013,rst cause:1, boot mode:(3,7)

load 0x4010f000, len 1384, room 16 
tail 8
chksum 0x2d
csum 0x2d
v8b899c12
~ld


6.01
 0h00:02.992 2021/05/24T15:01:14z: DS3231
 0h00:03.008 2021/05/24T15:01:14z: BME280 (0x76)
 0h00:03.022 2021/05/24T15:01:14z: 10:52:1c:41:79:b5
 0h00:03.024 2021/05/24T15:01:14z: SSID: ARRIS-5A97
 0h00:03.029 2021/05/24T15:01:14z: AP_STAR tmr
 ets Jan  8 2013,rst cause:1, boot mode:(3,7)

load 0x4010f000, len 1384, room 16 
tail 8
chksum 0x2d
csum 0x2d
v8b899c12
~ld


6.01
 0h00:02.998 2021/05/24T15:21:10z: DS3231
 0h00:03.013 2021/05/24T15:21:10z: BME280 (0x76)
 0h00:03.027 2021/05/24T15:21:10z: 10:52:1c:41:79:b5
 0h00:03.029 2021/05/24T15:21:10z: SSID: ARRIS-5A97
 0h00:03.034 2021/05/24T15:21:10z: AP_STAR tmr
 ets Jan  8 2013,rst cause:1, boot mode:(3,7)

load 0x4010f000, len 1384, room 16 
tail 8
chksum 0x2d
csum 0x2d
v8b899c12
~ld


6.01
 0h00:02.992 2021/05/24T15:41:06z: DS3231
 0h00:03.007 2021/05/24T15:41:06z: BME280 (0x76)
 0h00:03.021 2021/05/24T15:41:06z: 10:52:1c:41:79:b5
 0h00:03.023 2021/05/24T15:41:06z: SSID: ARRIS-5A97
 0h00:03.028 2021/05/24T15:41:06z: AP_STAR tmr
 ets Jan  8 2013,rst cause:1, boot mode:(3,7)

load 0x4010f000, len 1384, room 16 
tail 8
chksum 0x2d
csum 0x2d
v8b899c12
~ld


6.01
 0h00:03.001 2021/05/24T16:01:01z: DS3231
 0h00:03.016 2021/05/24T16:01:01z: BME280 (0x76)
 0h00:03.030 2021/05/24T16:01:01z: 10:52:1c:41:79:b5
 0h00:03.032 2021/05/24T16:01:01z: SSID: ARRIS-5A97
 0h00:03.037 2021/05/24T16:01:01z: AP_STAR tmr
 ets Jan  8 2013,rst cause:1, boot mode:(3,7)

load 0x4010f000, len 1384, room 16 
tail 8
chksum 0x2d
csum 0x2d
v8b899c12
~ld


6.01
 0h00:03.006 2021/05/24T16:20:58z: DS3231
 0h00:03.022 2021/05/24T16:20:58z: BME280 (0x76)
 0h00:03.036 2021/05/24T16:20:58z: 10:52:1c:41:79:b5
 0h00:03.038 2021/05/24T16:20:58z: SSID: ARRIS-5A97
 0h00:03.043 2021/05/24T16:20:58z: AP_STAR tmr
 ets Jan  8 2013,rst cause:1, boot mode:(3,7)

load 0x4010f000, len 1384, room 16 
tail 8
chksum 0x2d
csum 0x2d
v8b899c12
~ld


6.01
 0h00:03.014 2021/05/24T16:40:54z: DS3231
 0h00:03.029 2021/05/24T16:40:54z: BME280 (0x76)
 0h00:03.044 2021/05/24T16:40:54z: 10:52:1c:41:79:b5
 0h00:03.045 2021/05/24T16:40:54z: SSID: ARRIS-5A97
 0h00:03.050 2021/05/24T16:40:54z: AP_STAR tmr
 ets Jan  8 2013,rst cause:1, boot mode:(3,7)

load 0x4010f000, len 1384, room 16 
tail 8
chksum 0x2d
csum 0x2d
v8b899c12
~ld


6.01
 0h00:03.029 2021/05/24T17:00:50z: DS3231
 0h00:03.044 2021/05/24T17:00:50z: BME280 (0x76)
 0h00:03.058 2021/05/24T17:00:50z: 10:52:1c:41:79:b5
 0h00:03.060 2021/05/24T17:00:50z: SSID: ARRIS-5A97
 0h00:03.065 2021/05/24T17:00:50z: AP_STAR tmr
 ets Jan  8 2013,rst cause:1, boot mode:(3,7)

load 0x4010f000, len 1384, room 16 
tail 8
chksum 0x2d
csum 0x2d
v8b899c12
~ld


6.01
 0h00:02.992 2021/05/24T17:20:47z: DS3231
 0h00:03.007 2021/05/24T17:20:47z: BME280 (0x76)
 0h00:03.021 2021/05/24T17:20:47z: 10:52:1c:41:79:b5
 0h00:03.023 2021/05/24T17:20:47z: SSID: ARRIS-5A97
 0h00:03.028 2021/05/24T17:20:47z: AP_STAR tmr
 ets Jan  8 2013,rst cause:1, boot mode:(3,7)

load 0x4010f000, len 1384, room 16 
tail 8
chksum 0x2d
csum 0x2d
v8b899c12
~ld


6.01
 0h00:02.994 2021/05/24T17:40:43z: DS3231
 0h00:03.010 2021/05/24T17:40:43z: BME280 (0x76)
 0h00:03.024 2021/05/24T17:40:43z: 10:52:1c:41:79:b5
 0h00:03.025 2021/05/24T17:40:43z: SSID: ARRIS-5A97
 0h00:03.031 2021/05/24T17:40:43z: AP_STAR tmr
 ets Jan  8 2013,rst cause:1, boot mode:(3,7)

load 0x4010f000, len 1384, room 16 
tail 8
chksum 0x2d
csum 0x2d
v8b899c12
~ld


6.01
 0h00:02.997 2021/05/24T18:00:39z: DS3231
 0h00:03.012 2021/05/24T18:00:39z: BME280 (0x76)
 0h00:03.026 2021/05/24T18:00:39z: 10:52:1c:41:79:b5
 0h00:03.028 2021/05/24T18:00:39z: SSID: ARRIS-5A97
 0h00:03.033 2021/05/24T18:00:39z: AP_STAR tmr
 ets Jan  8 2013,rst cause:1, boot mode:(3,7)

load 0x4010f000, len 1384, room 16 
tail 8
chksum 0x2d
csum 0x2d
v8b899c12
~ld


6.01
 0h00:02.991 2021/05/24T18:20:35z: DS3231
 0h00:03.007 2021/05/24T18:20:35z: BME280 (0x76)
 0h00:03.021 2021/05/24T18:20:35z: 10:52:1c:41:79:b5
 0h00:03.022 2021/05/24T18:20:35z: SSID: ARRIS-5A97
 0h00:03.028 2021/05/24T18:20:35z: AP_STAR tmr
 ets Jan  8 2013,rst cause:1, boot mode:(3,7)

load 0x4010f000, len 1384, room 16 
tail 8
chksum 0x2d
csum 0x2d
v8b899c12
~ld


6.01
 0h00:02.996 2021/05/24T18:40:31z: DS3231
 0h00:03.011 2021/05/24T18:40:31z: BME280 (0x76)
 0h00:03.025 2021/05/24T18:40:31z: 10:52:1c:41:79:b5
 0h00:03.027 2021/05/24T18:40:31z: SSID: ARRIS-5A97
 0h00:03.032 2021/05/24T18:40:31z: AP_STAR tmr
 ets Jan  8 2013,rst cause:1, boot mode:(3,7)

load 0x4010f000, len 1384, room 16 
tail 8
chksum 0x2d
csum 0x2d
v8b899c12
~ld


6.01
 0h00:03.008 2021/05/24T19:00:28z: DS3231
 0h00:03.023 2021/05/24T19:00:28z: BME280 (0x76)
 0h00:03.038 2021/05/24T19:00:28z: 10:52:1c:41:79:b5
 0h00:03.039 2021/05/24T19:00:28z: SSID: ARRIS-5A97
 0h00:03.044 2021/05/24T19:00:28z: AP_STAR tmr
 ets Jan  8 2013,rst cause:1, boot mode:(3,7)

load 0x4010f000, len 1384, room 16 
tail 8
chksum 0x2d
csum 0x2d
v8b899c12
~ld


6.01
 0h00:03.013 2021/05/24T19:20:24z: DS3231
 0h00:03.028 2021/05/24T19:20:24z: BME280 (0x76)
 0h00:03.042 2021/05/24T19:20:24z: 10:52:1c:41:79:b5
 0h00:03.044 2021/05/24T19:20:24z: SSID: ARRIS-5A97
 0h00:03.049 2021/05/24T19:20:24z: AP_STAR tmr
 ets Jan  8 2013,rst cause:1, boot mode:(3,7)

load 0x4010f000, len 1384, room 16 
tail 8
chksum 0x2d
csum 0x2d
v8b899c12
~ld


6.01
 0h00:03.020 2021/05/24T19:40:20z: DS3231
 0h00:03.035 2021/05/24T19:40:20z: BME280 (0x76)
 0h00:03.050 2021/05/24T19:40:20z: 10:52:1c:41:79:b5
 0h00:03.051 2021/05/24T19:40:20z: SSID: ARRIS-5A97
 0h00:03.056 2021/05/24T19:40:20z: AP_STAR tmr
 ets Jan  8 2013,rst cause:1, boot mode:(3,7)

load 0x4010f000, len 1384, room 16 
tail 8
chksum 0x2d
csum 0x2d
v8b899c12
~ld


6.01
 0h00:02.994 2021/05/24T20:00:16z: DS3231
 0h00:03.009 2021/05/24T20:00:16z: BME280 (0x76)
 0h00:03.023 2021/05/24T20:00:16z: 10:52:1c:41:79:b5
 0h00:03.025 2021/05/24T20:00:16z: SSID: ARRIS-5A97
 0h00:03.030 2021/05/24T20:00:16z: AP_STAR tmr
 ets Jan  8 2013,rst cause:1, boot mode:(3,7)

load 0x4010f000, len 1384, room 16 
tail 8
chksum 0x2d
csum 0x2d
v8b899c12
~ld


6.01
 0h00:02.997 2021/05/24T20:20:12z: DS3231
 0h00:03.012 2021/05/24T20:20:12z: BME280 (0x76)
 0h00:03.026 2021/05/24T20:20:12z: 10:52:1c:41:79:b5
 0h00:03.028 2021/05/24T20:20:12z: SSID: ARRIS-5A97
 0h00:03.033 2021/05/24T20:20:12z: AP_STAR tmr
 ets Jan  8 2013,rst cause:1, boot mode:(3,7)

load 0x4010f000, len 1384, room 16 
tail 8
chksum 0x2d
csum 0x2d
v8b899c12
~ld


6.01
 0h00:03.004 2021/05/24T20:40:08z: DS3231
 0h00:03.020 2021/05/24T20:40:08z: BME280 (0x76)
 0h00:03.034 2021/05/24T20:40:08z: 10:52:1c:41:79:b5
 0h00:03.035 2021/05/24T20:40:08z: SSID: ARRIS-5A97
 0h00:03.041 2021/05/24T20:40:08z: AP_STAR tmr
 ets Jan  8 2013,rst cause:1, boot mode:(3,7)

load 0x4010f000, len 1384, room 16 
tail 8
chksum 0x2d
csum 0x2d
v8b899c12
~ld


6.01
 0h00:03.005 2021/05/24T21:00:04z: DS3231
 0h00:03.020 2021/05/24T21:00:04z: BME280 (0x76)
 0h00:03.034 2021/05/24T21:00:04z: 10:52:1c:41:79:b5
 0h00:03.036 2021/05/24T21:00:04z: SSID: ARRIS-5A97
 0h00:03.041 2021/05/24T21:00:04z: AP_STAR tmr
 ets Jan  8 2013,rst cause:1, boot mode:(3,7)

load 0x4010f000, len 1384, room 16 
tail 8
chksum 0x2d
csum 0x2d
v8b899c12
~ld


6.01
 0h00:03.000 2021/05/24T21:20:01z: DS3231
 0h00:03.015 2021/05/24T21:20:01z: BME280 (0x76)
 0h00:03.029 2021/05/24T21:20:01z: 10:52:1c:41:79:b5
 0h00:03.031 2021/05/24T21:20:01z: SSID: ARRIS-5A97
 0h00:03.036 2021/05/24T21:20:01z: AP_STAR tmr
 ets Jan  8 2013,rst cause:1, boot mode:(3,7)

load 0x4010f000, len 1384, room 16 
tail 8
chksum 0x2d
csum 0x2d
v8b899c12
~ld


6.01
 0h00:03.014 2021/05/24T21:39:56z: DS3231
 0h00:03.030 2021/05/24T21:39:56z: BME280 (0x76)
 0h00:03.044 2021/05/24T21:39:56z: 10:52:1c:41:79:b5
 0h00:03.046 2021/05/24T21:39:56z: SSID: ARRIS-5A97
 0h00:03.051 2021/05/24T21:39:56z: AP_STAR tmr
 ets Jan  8 2013,rst cause:1, boot mode:(3,7)

load 0x4010f000, len 1384, room 16 
tail 8
chksum 0x2d
csum 0x2d
v8b899c12
~ld


6.01
 0h00:03.018 2021/05/24T21:59:52z: DS3231
 0h00:03.034 2021/05/24T21:59:52z: BME280 (0x76)
 0h00:03.048 2021/05/24T21:59:52z: 10:52:1c:41:79:b5
 0h00:03.050 2021/05/24T21:59:52z: SSID: ARRIS-5A97
 0h00:03.055 2021/05/24T21:59:52z: AP_STAR tmr
 ets Jan  8 2013,rst cause:1, boot mode:(3,7)

load 0x4010f000, len 1384, room 16 
tail 8
chksum 0x2d
csum 0x2d
v8b899c12
~ld


6.01
 0h00:03.023 2021/05/24T22:19:49z: DS3231
 0h00:03.038 2021/05/24T22:19:49z: BME280 (0x76)
 0h00:03.052 2021/05/24T22:19:49z: 10:52:1c:41:79:b5
 0h00:03.054 2021/05/24T22:19:49z: SSID: ARRIS-5A97
 0h00:03.059 2021/05/24T22:19:49z: AP_STAR tmr
 ets Jan  8 2013,rst cause:1, boot mode:(3,7)

load 0x4010f000, len 1384, room 16 
tail 8
chksum 0x2d
csum 0x2d
v8b899c12
~ld


6.01
 0h00:03.000 2021/05/24T22:39:44z: DS3231
 0h00:03.015 2021/05/24T22:39:44z: BME280 (0x76)
 0h00:03.029 2021/05/24T22:39:44z: 10:52:1c:41:79:b5
 0h00:03.031 2021/05/24T22:39:44z: SSID: ARRIS-5A97
 0h00:03.036 2021/05/24T22:39:44z: AP_STAR tmr
 ets Jan  8 2013,rst cause:1, boot mode:(3,7)

load 0x4010f000, len 1384, room 16 
tail 8
chksum 0x2d
csum 0x2d
v8b899c12
~ld


6.01
 0h00:03.003 2021/05/24T22:59:40z: DS3231
 0h00:03.019 2021/05/24T22:59:40z: BME280 (0x76)
 0h00:03.033 2021/05/24T22:59:40z: 10:52:1c:41:79:b5
 0h00:03.034 2021/05/24T22:59:40z: SSID: ARRIS-5A97
 0h00:03.040 2021/05/24T22:59:40z: AP_STAR tmr
 ets Jan  8 2013,rst cause:1, boot mode:(3,7)

load 0x4010f000, len 1384, room 16 
tail 8
chksum 0x2d
csum 0x2d
v8b899c12
~ld


6.01
 0h00:03.005 2021/05/24T23:19:36z: DS3231
 0h00:03.020 2021/05/24T23:19:36z: BME280 (0x76)
 0h00:03.034 2021/05/24T23:19:36z: 10:52:1c:41:79:b5
 0h00:03.036 2021/05/24T23:19:36z: SSID: ARRIS-5A97
 0h00:03.041 2021/05/24T23:19:36z: AP_STAR tmr
 ets Jan  8 2013,rst cause:1, boot mode:(3,7)

load 0x4010f000, len 1384, room 16 
tail 8
chksum 0x2d
csum 0x2d
v8b899c12
~ld


6.01
 0h00:03.004 2021/05/24T23:39:32z: DS3231
 0h00:03.019 2021/05/24T23:39:32z: BME280 (0x76)
 0h00:03.033 2021/05/24T23:39:32z: 10:52:1c:41:79:b5
 0h00:03.035 2021/05/24T23:39:32z: SSID: ARRIS-5A97
 0h00:03.040 2021/05/24T23:39:32z: AP_STAR tmr
 ets Jan  8 2013,rst cause:1, boot mode:(3,7)

load 0x4010f000, len 1384, room 16 
tail 8
chksum 0x2d
csum 0x2d
v8b899c12
~ld


6.01
 0h00:03.003 2021/05/24T23:59:28z: DS3231
 0h00:03.019 2021/05/24T23:59:28z: BME280 (0x76)
 0h00:03.033 2021/05/24T23:59:28z: 10:52:1c:41:79:b5
 0h00:03.034 2021/05/24T23:59:28z: SSID: ARRIS-5A97
 0h00:03.040 2021/05/24T23:59:28z: AP_STA