R tmr
 ets Jan  8 2013,rst cause:1, boot mode:(3,7)

load 0x4010f000, len 1384, room 16 
tail 8
chksum 0x2d
csum 0x2d
v8b899c12
~ld


6.01
 0h00:03.022 2021/05/28T00:04:58z: DS3231
 0h00:03.038 2021/05/28T00:04:58z: BME280 (0x76)
 0h00:03.052 2021/05/28T00:04:58z: 10:52:1c:4d:86:b6
 0h00:03.054 2021/05/28T00:04:58z: SSID: Apollonia Students Halls
 0h00:03.059 2021/05/28T00:04:58z: AP_STAR tmr
 ets Jan  8 2013,rst cause:1, boot mode:(3,7)

load 0x4010f000, len 1384, room 16 
tail 8
chksum 0x2d
csum 0x2d
v8b899c12
~ld


6.01
 0h00:03.024 2021/05/28T00:24:55z: DS3231
 0h00:03.039 2021/05/28T00:24:56z: BME280 (0x76)
 0h00:03.053 2021/05/28T00:24:56z: 10:52:1c:4d:86:b6
 0h00:03.055 2021/05/28T00:24:56z: SSID: Apollonia Students Halls
 0h00:03.060 2021/05/28T00:24:56z: AP_STAR tmr
 ets Jan  8 2013,rst cause:1, boot mode:(3,7)

load 0x4010f000, len 1384, room 16 
tail 8
chksum 0x2d
csum 0x2d
v8b899c12
~ld


6.01
 0h00:03.048 2021/05/28T00:44:52z: DS3231
 0h00:03.063 2021/05/28T00:44:52z: BME280 (0x76)
 0h00:03.077 2021/05/28T00:44:52z: 10:52:1c:4d:86:b6
 0h00:03.079 2021/05/28T00:44:52z: SSID: Apollonia Students Halls
 0h00:03.084 2021/05/28T00:44:52z: AP_STAR tmr
 ets Jan  8 2013,rst cause:1, boot mode:(3,7)

load 0x4010f000, len 1384, room 16 
tail 8
chksum 0x2d
csum 0x2d
v8b899c12
~ld


6.01
 0h00:03.041 2021/05/28T01:04:49z: DS3231
 0h00:03.057 2021/05/28T01:04:49z: BME280 (0x76)
 0h00:03.071 2021/05/28T01:04:49z: 10:52:1c:4d:86:b6
 0h00:03.072 2021/05/28T01:04:49z: SSID: Apollonia Students Halls
 0h00:03.078 2021/05/28T01:04:49z: AP_STAR tmr
 ets Jan  8 2013,rst cause:1, boot mode:(3,7)

load 0x4010f000, len 1384, room 16 
tail 8
chksum 0x2d
csum 0x2d
v8b899c12
~ld


6.01
 0h00:03.048 2021/05/28T01:24:45z: DS3231
 0h00:03.064 2021/05/28T01:24:45z: BME280 (0x76)
 0h00:03.078 2021/05/28T01:24:45z: 10:52:1c:4d:86:b6
 0h00:03.079 2021/05/28T01:24:45z: SSID: Apollonia Students Halls
 0h00:03.085 2021/05/28T01:24:45z: AP_STAR tmr
 ets Jan  8 2013,rst cause:1, boot mode:(3,7)

load 0x4010f000, len 1384, room 16 
tail 8
chksum 0x2d
csum 0x2d
v8b899c12
~ld


6.01
 0h00:03.027 2021/05/28T01:44:42z: DS3231
 0h00:03.043 2021/05/28T01:44:42z: BME280 (0x76)
 0h00:03.057 2021/05/28T01:44:42z: 10:52:1c:4d:86:b6
 0h00:03.059 2021/05/28T01:44:42z: SSID: Apollonia Students Halls
 0h00:03.064 2021/05/28T01:44:42z: AP_STAR tmr
 ets Jan  8 2013,rst cause:1, boot mode:(3,7)

load 0x4010f000, len 1384, room 16 
tail 8
chksum 0x2d
csum 0x2d
v8b899c12
~ld


6.01
 0h00:03.032 2021/05/28T02:04:38z: DS3231
 0h00:03.047 2021/05/28T02:04:38z: BME280 (0x76)
 0h00:03.061 2021/05/28T02:04:38z: 10:52:1c:4d:86:b6
 0h00:03.063 2021/05/28T02:04:38z: SSID: Apollonia Students Halls
 0h00:03.068 2021/05/28T02:04:38z: AP_STAR tmr
 ets Jan  8 2013,rst cause:1, boot mode:(3,7)

load 0x4010f000, len 1384, room 16 
tail 8
chksum 0x2d
csum 0x2d
v8b899c12
~ld


6.01
 0h00:03.025 2021/05/28T02:24:34z: DS3231
 0h00:03.040 2021/05/28T02:24:34z: BME280 (0x76)
 0h00:03.054 2021/05/28T02:24:34z: 10:52:1c:4d:86:b6
 0h00:03.056 2021/05/28T02:24:34z: SSID: Apollonia Students Halls
 0h00:03.061 2021/05/28T02:24:34z: AP_STAR tmr
 ets Jan  8 2013,rst cause:1, boot mode:(3,7)

load 0x4010f000, len 1384, room 16 
tail 8
chksum 0x2d
csum 0x2d
v8b899c12
~ld


6.01
 0h00:03.027 2021/05/28T02:44:31z: DS3231
 0h00:03.042 2021/05/28T02:44:31z: BME280 (0x76)
 0h00:03.057 2021/05/28T02:44:31z: 10:52:1c:4d:86:b6
 0h00:03.058 2021/05/28T02:44:31z: SSID: Apollonia Students Halls
 0h00:03.063 2021/05/28T02:44:31z: AP_STAR tmr
 ets Jan  8 2013,rst cause:1, boot mode:(3,7)

load 0x4010f000, len 1384, room 16 
tail 8
chksum 0x2d
csum 0x2d
v8b899c12
~ld


6.01
 0h00:03.035 2021/05/28T03:04:27z: DS3231
 0h00:03.050 2021/05/28T03:04:27z: BME280 (0x76)
 0h00:03.064 2021/05/28T03:04:27z: 10:52:1c:4d:86:b6
 0h00:03.066 2021/05/28T03:04:27z: SSID: Apollonia Students Halls
 0h00:03.071 2021/05/28T03:04:27z: AP_STAR tmr
 ets Jan  8 2013,rst cause:1, boot mode:(3,7)

load 0x4010f000, len 1384, room 16 
tail 8
chksum 0x2d
csum 0x2d
v8b899c12
~ld


6.01
 0h00:03.038 2021/05/28T03:24:24z: DS3231
 0h00:03.053 2021/05/28T03:24:24z: BME280 (0x76)
 0h00:03.068 2021/05/28T03:24:24z: 10:52:1c:4d:86:b6
 0h00:03.069 2021/05/28T03:24:24z: SSID: Apollonia Students Halls
 0h00:03.074 2021/05/28T03:24:24z: AP_STAR tmr
 ets Jan  8 2013,rst cause:1, boot mode:(3,7)

load 0x4010f000, len 1384, room 16 
tail 8
chksum 0x2d
csum 0x2d
v8b899c12
~ld


6.01
 0h00:03.044 2021/05/28T03:44:21z: DS3231
 0h00:03.060 2021/05/28T03:44:21z: BME280 (0x76)
 0h00:03.074 2021/05/28T03:44:21z: 10:52:1c:4d:86:b6
 0h00:03.076 2021/05/28T03:44:21z: SSID: Apollonia Students Halls
 0h00:03.081 2021/05/28T03:44:21z: AP_STAR tmr
 ets Jan  8 2013,rst cause:1, boot mode:(3,7)

load 0x4010f000, len 1384, room 16 
tail 8
chksum 0x2d
csum 0x2d
v8b899c12
~ld


6.01
 0h00:03.059 2021/05/28T04:04:18z: DS3231
 0h00:03.075 2021/05/28T04:04:18z: BME280 (0x76)
 0h00:03.089 2021/05/28T04:04:18z: 10:52:1c:4d:86:b6
 0h00:03.090 2021/05/28T04:04:18z: SSID: Apollonia Students Halls
 0h00:03.096 2021/05/28T04:04:18z: AP_STAR tmr
 ets Jan  8 2013,rst cause:1, boot mode:(3,7)

load 0x4010f000, len 1384, room 16 
tail 8
chksum 0x2d
csum 0x2d
v8b899c12
~ld


6.01
 0h00:03.028 2021/05/28T04:24:15z: DS3231
 0h00:03.044 2021/05/28T04:24:15z: BME280 (0x76)
 0h00:03.058 2021/05/28T04:24:15z: 10:52:1c:4d:86:b6
 0h00:03.060 2021/05/28T04:24:15z: SSID: Apollonia Students Halls
 0h00:03.065 2021/05/28T04:24:15z: AP_STAR tmr
 ets Jan  8 2013,rst cause:1, boot mode:(3,7)

load 0x4010f000, len 1384, room 16 
tail 8
chksum 0x2d
csum 0x2d
v8b899c12
~ld


6.01
 0h00:03.034 2021/05/28T04:44:12z: DS3231
 0h00:03.049 2021/05/28T04:44:12z: BME280 (0x76)
 0h00:03.064 2021/05/28T04:44:12z: 10:52:1c:4d:86:b6
 0h00:03.065 2021/05/28T04:44:12z: SSID: Apollonia Students Halls
 0h00:03.070 2021/05/28T04:44:12z: AP_STAR tmr
 ets Jan  8 2013,rst cause:1, boot mode:(3,7)

load 0x4010f000, len 1384, room 16 
tail 8
chksum 0x2d
csum 0x2d
v8b899c12
~ld


6.01
 0h00:03.031 2021/05/28T05:04:09z: DS3231
 0h00:03.046 2021/05/28T05:04:09z: BME280 (0x76)
 0h00:03.060 2021/05/28T05:04:09z: 10:52:1c:4d:86:b6
 0h00:03.062 2021/05/28T05:04:09z: SSID: Apollonia Students Halls
 0h00:03.067 2021/05/28T05:04:09z: AP_STAR tmr
 ets Jan  8 2013,rst cause:1, boot mode:(3,7)

load 0x4010f000, len 1384, room 16 
tail 8
chksum 0x2d
csum 0x2d
v8b899c12
~ld


6.01
 0h00:03.060 2021/05/28T05:24:05z: DS3231
 0h00:03.075 2021/05/28T05:24:05z: BME280 (0x76)
 0h00:03.089 2021/05/28T05:24:05z: 10:52:1c:4d:86:b6
 0h00:03.091 2021/05/28T05:24:05z: SSID: Apollonia Students Halls
 0h00:03.096 2021/05/28T05:24:05z: AP_STAR tmr
 ets Jan  8 2013,rst cause:1, boot mode:(3,7)

load 0x4010f000, len 1384, room 16 
tail 8
chksum 0x2d
csum 0x2d
v8b899c12
~ld


6.01
 0h00:03.029 2021/05/28T05:44:01z: DS3231
 0h00:03.044 2021/05/28T05:44:01z: BME280 (0x76)
 0h00:03.058 2021/05/28T05:44:01z: 10:52:1c:4d:86:b6
 0h00:03.060 2021/05/28T05:44:01z: SSID: Apollonia Students Halls
 0h00:03.065 2021/05/28T05:44:01z: AP_STAR tmr
 ets Jan  8 2013,rst cause:1, boot mode:(3,7)

load 0x4010f000, len 1384, room 16 
tail 8
chksum 0x2d
csum 0x2d
v8b899c12
~ld


6.01
 0h00:03.032 2021/05/28T06:03:58z: DS3231
 0h00:03.048 2021/05/28T06:03:58z: BME280 (0x76)
 0h00:03.062 2021/05/28T06:03:58z: 10:52:1c:4d:86:b6
 0h00:03.064 2021/05/28T06:03:58z: SSID: Apollonia Students Halls
 0h00:03.069 2021/05/28T06:03:58z: AP_STAR tmr
 ets Jan  8 2013,rst cause:1, boot mode:(3,7)

load 0x4010f000, len 1384, room 16 
tail 8
chksum 0x2d
csum 0x2d
v8b899c12
~ld


6.01
 0h00:03.031 2021/05/28T06:23:55z: DS3231
 0h00:03.046 2021/05/28T06:23:55z: BME280 (0x76)
 0h00:03.060 2021/05/28T06:23:55z: 10:52:1c:4d:86:b6
 0h00:03.062 2021/05/28T06:23:55z: SSID: Apollonia Students Halls
 0h00:03.067 2021/05/28T06:23:55z: AP_STAR tmr
 ets Jan  8 2013,rst cause:1, boot mode:(3,7)

load 0x4010f000, len 1384, room 16 
tail 8
chksum 0x2d
csum 0x2d
v8b899c12
~ld


6.01
 0h00:03.061 2021/05/28T06:43:52z: DS3231
 0h00:03.076 2021/05/28T06:43:52z: BME280 (0x76)
 0h00:03.090 2021/05/28T06:43:52z: 10:52:1c:4d:86:b6
 0h00:03.092 2021/05/28T06:43:52z: SSID: Apollonia Students Halls
 0h00:03.097 2021/05/28T06:43:52z: AP_STAR tmr
 ets Jan  8 2013,rst cause:1, boot mode:(3,7)

load 0x4010f000, len 1384, room 16 
tail 8
chksum 0x2d
csum 0x2d
v8b899c12
~ld


6.01
 0h00:03.028 2021/05/28T07:03:48z: DS3231
 0h00:03.044 2021/05/28T07:03:48z: BME280 (0x76)
 0h00:03.058 2021/05/28T07:03:48z: 10:52:1c:4d:86:b6
 0h00:03.059 2021/05/28T07:03:48z: SSID: Apollonia Students Halls
 0h00:03.065 2021/05/28T07:03:48z: AP_STAR tmr
 ets Jan  8 2013,rst cause:1, boot mode:(3,7)

load 0x4010f000, len 1384, room 16 
tail 8
chksum 0x2d
csum 0x2d
v8b899c12
~ld


6.01
 0h00:03.035 2021/05/28T07:23:45z: DS3231
 0h00:03.050 2021/05/28T07:23:45z: BME280 (0x76)
 0h00:03.065 2021/05/28T07:23:45z: 10:52:1c:4d:86:b6
 0h00:03.066 2021/05/28T07:23:45z: SSID: Apollonia Students Halls
 0h00:03.071 2021/05/28T07:23:45z: AP_STAR tmr
 ets Jan  8 2013,rst cause:1, boot mode:(3,7)

load 0x4010f000, len 1384, room 16 
tail 8
chksum 0x2d
csum 0x2d
v8b899c12
~ld


6.01
 0h00:03.028 2021/05/28T07:43:41z: DS3231
 0h00:03.043 2021/05/28T07:43:41z: BME280 (0x76)
 0h00:03.057 2021/05/28T07:43:41z: 10:52:1c:4d:86:b6
 0h00:03.059 2021/05/28T07:43:41z: SSID: Apollonia Students Halls
 0h00:03.064 2021/05/28T07:43:41z: AP_STAR tmr
 ets Jan  8 2013,rst cause:1, boot mode:(3,7)

load 0x4010f000, len 1384, room 16 
tail 8
chksum 0x2d
csum 0x2d
v8b899c12
~ld


6.01
 0h00:03.027 2021/05/28T08:03:38z: DS3231
 0h00:03.043 2021/05/28T08:03:38z: BME280 (0x76)
 0h00:03.057 2021/05/28T08:03:38z: 10:52:1c:4d:86:b6
 0h00:03.058 2021/05/28T08:03:38z: SSID: Apollonia Students Halls
 0h00:03.064 2021/05/28T08:03:38z: AP_STAR tmr
 ets Jan  8 2013,rst cause:1, boot mode:(3,7)

load 0x4010f000, len 1384, room 16 
tail 8
chksum 0x2d
csum 0x2d
v8b899c12
~ld


6.01
 0h00:03.028 2021/05/28T08:23:35z: DS3231
 0h00:03.044 2021/05/28T08:23:35z: BME280 (0x76)
 0h00:03.058 2021/05/28T08:23:35z: 10:52:1c:4d:86:b6
 0h00:03.059 2021/05/28T08:23:35z: SSID: Apollonia Students Halls
 0h00:03.065 2021/05/28T08:23:35z: AP_STAR tmr
 ets Jan  8 2013,rst cause:1, boot mode:(3,7)

load 0x4010f000, len 1384, room 16 
tail 8
chksum 0x2d
csum 0x2d
v8b899c12
~ld


6.01
 0h00:03.031 2021/05/28T08:43:31z: DS3231
 0h00:03.047 2021/05/28T08:43:31z: BME280 (0x76)
 0h00:03.061 2021/05/28T08:43:31z: 10:52:1c:4d:86:b6
 0h00:03.063 2021/05/28T08:43:31z: SSID: Apollonia Students Halls
 0h00:03.068 2021/05/28T08:43:31z: AP_STAR tmr
 ets Jan  8 2013,rst cause:1, boot mode:(3,7)

load 0x4010f000, len 1384, room 16 
tail 8
chksum 0x2d
csum 0x2d
v8b899c12
~ld


6.01
 0h00:03.040 2021/05/28T09:03:28z: DS3231
 0h00:03.055 2021/05/28T09:03:28z: BME280 (0x76)
 0h00:03.070 2021/05/28T09:03:28z: 10:52:1c:4d:86:b6
 0h00:03.071 2021/05/28T09:03:28z: SSID: Apollonia Students Halls
 0h00:03.076 2021/05/28T09:03:28z: AP_STAR tmr
 ets Jan  8 2013,rst cause:1, boot mode:(3,7)

load 0x4010f000, len 1384, room 16 
tail 8
chksum 0x2d
csum 0x2d
v8b899c12
~ld


6.01
 0h00:03.036 2021/05/28T09:23:24z: DS3231
 0h00:03.051 2021/05/28T09:23:24z: BME280 (0x76)
 0h00:03.065 2021/05/28T09:23:24z: 10:52:1c:4d:86:b6
 0h00:03.067 2021/05/28T09:23:24z: SSID: Apollonia Students Halls
 0h00:03.072 2021/05/28T09:23:24z: AP_STAR tmr
 ets Jan  8 2013,rst cause:1, boot mode:(3,7)

load 0x4010f000, len 1384, room 16 
tail 8
chksum 0x2d
csum 0x2d
v8b899c12
~ld


6.01
 0h00:03.041 2021/05/28T09:43:21z: DS3231
 0h00:03.056 2021/05/28T09:43:21z: BME280 (0x76)
 0h00:03.070 2021/05/28T09:43:21z: 10:52:1c:4d:86:b6
 0h00:03.072 2021/05/28T09:43:21z: SSID: Apollonia Students Halls
 0h00:03.077 2021/05/28T09:43:21z: AP_STAR tmr
 ets Jan  8 2013,rst cause:1, boot mode:(3,7)

load 0x4010f000, len 1384, room 16 
tail 8
chksum 0x2d
csum 0x2d
v8b899c12
~ld


6.01
 0h00:03.036 2021/05/28T10:03:17z: DS3231
 0h00:03.051 2021/05/28T10:03:17z: BME280 (0x76)
 0h00:03.065 2021/05/28T10:03:17z: 10:52:1c:4d:86:b6
 0h00:03.067 2021/05/28T10:03:17z: SSID: Apollonia Students Halls
 0h00:03.072 2021/05/28T10:03:17z: AP_STA