R tmr
 ets Jan  8 2013,rst cause:1, boot mode:(3,7)

load 0x4010f000, len 1384, room 16 
tail 8
chksum 0x2d
csum 0x2d
v8b899c12
~ld


6.01
 0h00:03.016 2021/05/20T00:06:37z: DS3231
 0h00:03.031 2021/05/20T00:06:37z: BME280 (0x76)
 0h00:03.045 2021/05/20T00:06:37z: 10:52:1c:42:2a:d
 0h00:03.047 2021/05/20T00:06:37z: SSID: Apollonia Students Halls
 0h00:03.052 2021/05/20T00:06:37z: AP_STAR tmr
 ets Jan  8 2013,rst cause:1, boot mode:(3,7)

load 0x4010f000, len 1384, room 16 
tail 8
chksum 0x2d
csum 0x2d
v8b899c12
~ld


6.01
 0h00:03.024 2021/05/20T00:26:33z: DS3231
 0h00:03.039 2021/05/20T00:26:33z: BME280 (0x76)
 0h00:03.053 2021/05/20T00:26:33z: 10:52:1c:42:2a:d
 0h00:03.055 2021/05/20T00:26:33z: SSID: Apollonia Students Halls
 0h00:03.060 2021/05/20T00:26:33z: AP_STAR tmr
 ets Jan  8 2013,rst cause:1, boot mode:(3,7)

load 0x4010f000, len 1384, room 16 
tail 8
chksum 0x2d
csum 0x2d
v8b899c12
~ld


6.01
 0h00:03.052 2021/05/20T00:46:30z: DS3231
 0h00:03.067 2021/05/20T00:46:30z: BME280 (0x76)
 0h00:03.081 2021/05/20T00:46:30z: 10:52:1c:42:2a:d
 0h00:03.083 2021/05/20T00:46:30z: SSID: Apollonia Students Halls
 0h00:03.088 2021/05/20T00:46:30z: AP_STAR tmr
 ets Jan  8 2013,rst cause:1, boot mode:(3,7)

load 0x4010f000, len 1384, room 16 
tail 8
chksum 0x2d
csum 0x2d
v8b899c12
~ld


6.01
 0h00:02.999 2021/05/20T01:06:25z: DS3231
 0h00:03.014 2021/05/20T01:06:25z: BME280 (0x76)
 0h00:03.028 2021/05/20T01:06:25z: 10:52:1c:42:2a:d
 0h00:03.030 2021/05/20T01:06:25z: SSID: Apollonia Students Halls
 0h00:03.035 2021/05/20T01:06:25z: AP_STAR tmr
 ets Jan  8 2013,rst cause:1, boot mode:(3,7)

load 0x4010f000, len 1384, room 16 
tail 8
chksum 0x2d
csum 0x2d
v8b899c12
~ld


6.01
 0h00:02.999 2021/05/20T01:26:21z: DS3231
 0h00:03.014 2021/05/20T01:26:21z: BME280 (0x76)
 0h00:03.028 2021/05/20T01:26:21z: 10:52:1c:42:2a:d
 0h00:03.030 2021/05/20T01:26:21z: SSID: Apollonia Students Halls
 0h00:03.035 2021/05/20T01:26:21z: AP_STAR tmr
 ets Jan  8 2013,rst cause:1, boot mode:(3,7)

load 0x4010f000, len 1384, room 16 
tail 8
chksum 0x2d
csum 0x2d
v8b899c12
~ld


6.01
 0h00:03.053 2021/05/20T01:46:17z: DS3231
 0h00:03.068 2021/05/20T01:46:17z: BME280 (0x76)
 0h00:03.082 2021/05/20T01:46:17z: 10:52:1c:42:2a:d
 0h00:03.084 2021/05/20T01:46:17z: SSID: Apollonia Students Halls
 0h00:03.089 2021/05/20T01:46:17z: AP_STAR tmr
 ets Jan  8 2013,rst cause:1, boot mode:(3,7)

load 0x4010f000, len 1384, room 16 
tail 8
chksum 0x2d
csum 0x2d
v8b899c12
~ld


6.01
 0h00:03.017 2021/05/20T02:06:13z: DS3231
 0h00:03.032 2021/05/20T02:06:13z: BME280 (0x76)
 0h00:03.047 2021/05/20T02:06:13z: 10:52:1c:42:2a:d
 0h00:03.048 2021/05/20T02:06:13z: SSID: Apollonia Students Halls
 0h00:03.053 2021/05/20T02:06:13z: AP_STAR tmr
 ets Jan  8 2013,rst cause:1, boot mode:(3,7)

load 0x4010f000, len 1384, room 16 
tail 8
chksum 0x2d
csum 0x2d
v8b899c12
~ld


6.01
 0h00:03.036 2021/05/20T02:26:08z: DS3231
 0h00:03.052 2021/05/20T02:26:08z: BME280 (0x76)
 0h00:03.066 2021/05/20T02:26:08z: 10:52:1c:42:2a:d
 0h00:03.068 2021/05/20T02:26:08z: SSID: Apollonia Students Halls
 0h00:03.073 2021/05/20T02:26:08z: AP_STAR tmr
 ets Jan  8 2013,rst cause:1, boot mode:(3,7)

load 0x4010f000, len 1384, room 16 
tail 8
chksum 0x2d
csum 0x2d
v8b899c12
~ld


6.01
 0h00:03.000 2021/05/20T02:46:04z: DS3231
 0h00:03.016 2021/05/20T02:46:04z: BME280 (0x76)
 0h00:03.030 2021/05/20T02:46:04z: 10:52:1c:42:2a:d
 0h00:03.032 2021/05/20T02:46:04z: SSID: Apollonia Students Halls
 0h00:03.037 2021/05/20T02:46:04z: AP_STAR tmr
 ets Jan  8 2013,rst cause:1, boot mode:(3,7)

load 0x4010f000, len 1384, room 16 
tail 8
chksum 0x2d
csum 0x2d
v8b899c12
~ld


6.01
 0h00:02.996 2021/05/20T03:06:00z: DS3231
 0h00:03.012 2021/05/20T03:06:00z: BME280 (0x76)
 0h00:03.026 2021/05/20T03:06:00z: 10:52:1c:42:2a:d
 0h00:03.028 2021/05/20T03:06:00z: SSID: Apollonia Students Halls
 0h00:03.033 2021/05/20T03:06:00z: AP_STAR tmr
 ets Jan  8 2013,rst cause:1, boot mode:(3,7)

load 0x4010f000, len 1384, room 16 
tail 8
chksum 0x2d
csum 0x2d
v8b899c12
~ld


6.01
 0h00:03.008 2021/05/20T03:25:56z: DS3231
 0h00:03.023 2021/05/20T03:25:56z: BME280 (0x76)
 0h00:03.037 2021/05/20T03:25:56z: 10:52:1c:42:2a:d
 0h00:03.039 2021/05/20T03:25:56z: SSID: Apollonia Students Halls
 0h00:03.044 2021/05/20T03:25:56z: AP_STAR tmr
 ets Jan  8 2013,rst cause:1, boot mode:(3,7)

load 0x4010f000, len 1384, room 16 
tail 8
chksum 0x2d
csum 0x2d
v8b899c12
~ld


6.01
 0h00:02.995 2021/05/20T03:45:52z: DS3231
 0h00:03.011 2021/05/20T03:45:52z: BME280 (0x76)
 0h00:03.025 2021/05/20T03:45:52z: 10:52:1c:42:2a:d
 0h00:03.027 2021/05/20T03:45:52z: SSID: Apollonia Students Halls
 0h00:03.032 2021/05/20T03:45:52z: AP_STAR tmr
 ets Jan  8 2013,rst cause:1, boot mode:(3,7)

load 0x4010f000, len 1384, room 16 
tail 8
chksum 0x2d
csum 0x2d
v8b899c12
~ld


6.01
 0h00:02.999 2021/05/20T04:05:49z: DS3231
 0h00:03.015 2021/05/20T04:05:49z: BME280 (0x76)
 0h00:03.029 2021/05/20T04:05:49z: 10:52:1c:42:2a:d
 0h00:03.030 2021/05/20T04:05:49z: SSID: Apollonia Students Halls
 0h00:03.036 2021/05/20T04:05:49z: AP_STAR tmr
 ets Jan  8 2013,rst cause:1, boot mode:(3,7)

load 0x4010f000, len 1384, room 16 
tail 8
chksum 0x2d
csum 0x2d
v8b899c12
~ld


6.01
 0h00:03.014 2021/05/20T04:25:45z: DS3231
 0h00:03.030 2021/05/20T04:25:45z: BME280 (0x76)
 0h00:03.044 2021/05/20T04:25:45z: 10:52:1c:42:2a:d
 0h00:03.045 2021/05/20T04:25:45z: SSID: Apollonia Students Halls
 0h00:03.051 2021/05/20T04:25:45z: AP_STAR tmr
 ets Jan  8 2013,rst cause:1, boot mode:(3,7)

load 0x4010f000, len 1384, room 16 
tail 8
chksum 0x2d
csum 0x2d
v8b899c12
~ld


6.01
 0h00:03.020 2021/05/20T04:45:40z: DS3231
 0h00:03.035 2021/05/20T04:45:40z: BME280 (0x76)
 0h00:03.049 2021/05/20T04:45:40z: 10:52:1c:42:2a:d
 0h00:03.051 2021/05/20T04:45:40z: SSID: Apollonia Students Halls
 0h00:03.056 2021/05/20T04:45:41z: AP_STAR tmr
 ets Jan  8 2013,rst cause:1, boot mode:(3,7)

load 0x4010f000, len 1384, room 16 
tail 8
chksum 0x2d
csum 0x2d
v8b899c12
~ld


6.01
 0h00:03.027 2021/05/20T05:05:36z: DS3231
 0h00:03.042 2021/05/20T05:05:36z: BME280 (0x76)
 0h00:03.056 2021/05/20T05:05:36z: 10:52:1c:42:2a:d
 0h00:03.058 2021/05/20T05:05:36z: SSID: Apollonia Students Halls
 0h00:03.063 2021/05/20T05:05:36z: AP_STAR tmr
 ets Jan  8 2013,rst cause:1, boot mode:(3,7)

load 0x4010f000, len 1384, room 16 
tail 8
chksum 0x2d
csum 0x2d
v8b899c12
~ld


6.01
 0h00:03.058 2021/05/20T05:25:32z: DS3231
 0h00:03.073 2021/05/20T05:25:32z: BME280 (0x76)
 0h00:03.087 2021/05/20T05:25:32z: 10:52:1c:42:2a:d
 0h00:03.089 2021/05/20T05:25:32z: SSID: Apollonia Students Halls
 0h00:03.094 2021/05/20T05:25:32z: AP_STAR tmr
 ets Jan  8 2013,rst cause:1, boot mode:(3,7)

load 0x4010f000, len 1384, room 16 
tail 8
chksum 0x2d
csum 0x2d
v8b899c12
~ld


6.01
 0h00:03.000 2021/05/20T05:45:29z: DS3231
 0h00:03.015 2021/05/20T05:45:29z: BME280 (0x76)
 0h00:03.030 2021/05/20T05:45:29z: 10:52:1c:42:2a:d
 0h00:03.031 2021/05/20T05:45:29z: SSID: Apollonia Students Halls
 0h00:03.036 2021/05/20T05:45:29z: AP_STAR tmr
 ets Jan  8 2013,rst cause:1, boot mode:(3,7)

load 0x4010f000, len 1384, room 16 
tail 8
chksum 0x2d
csum 0x2d
v8b899c12
~ld


6.01
 0h00:02.998 2021/05/20T06:05:25z: DS3231
 0h00:03.013 2021/05/20T06:05:25z: BME280 (0x76)
 0h00:03.027 2021/05/20T06:05:25z: 10:52:1c:42:2a:d
 0h00:03.029 2021/05/20T06:05:25z: SSID: Apollonia Students Halls
 0h00:03.034 2021/05/20T06:05:25z: AP_STAR tmr
 ets Jan  8 2013,rst cause:1, boot mode:(3,7)

load 0x4010f000, len 1384, room 16 
tail 8
chksum 0x2d
csum 0x2d
v8b899c12
~ld


6.01
 0h00:03.059 2021/05/20T06:25:21z: DS3231
 0h00:03.074 2021/05/20T06:25:21z: BME280 (0x76)
 0h00:03.088 2021/05/20T06:25:21z: 10:52:1c:42:2a:d
 0h00:03.090 2021/05/20T06:25:21z: SSID: Apollonia Students Halls
 0h00:03.095 2021/05/20T06:25:21z: AP_STAR tmr
 ets Jan  8 2013,rst cause:1, boot mode:(3,7)

load 0x4010f000, len 1384, room 16 
tail 8
chksum 0x2d
csum 0x2d
v8b899c12
~ld


6.01
 0h00:03.066 2021/05/20T06:45:17z: DS3231
 0h00:03.081 2021/05/20T06:45:17z: BME280 (0x76)
 0h00:03.096 2021/05/20T06:45:17z: 10:52:1c:42:2a:d
 0h00:03.097 2021/05/20T06:45:17z: SSID: Apollonia Students Halls
 0h00:03.102 2021/05/20T06:45:17z: AP_STAR tmr
 ets Jan  8 2013,rst cause:1, boot mode:(3,7)

load 0x4010f000, len 1384, room 16 
tail 8
chksum 0x2d
csum 0x2d
v8b899c12
~ld


6.01
 0h00:03.056 2021/05/20T07:05:13z: DS3231
 0h00:03.071 2021/05/20T07:05:13z: BME280 (0x76)
 0h00:03.085 2021/05/20T07:05:13z: 10:52:1c:42:2a:d
 0h00:03.087 2021/05/20T07:05:13z: SSID: Apollonia Students Halls
 0h00:03.092 2021/05/20T07:05:13z: AP_STAR tmr
 ets Jan  8 2013,rst cause:1, boot mode:(3,7)

load 0x4010f000, len 1384, room 16 
tail 8
chksum 0x2d
csum 0x2d
v8b899c12
~ld


6.01
 0h00:03.058 2021/05/20T07:25:10z: DS3231
 0h00:03.073 2021/05/20T07:25:10z: BME280 (0x76)
 0h00:03.088 2021/05/20T07:25:10z: 10:52:1c:42:2a:d
 0h00:03.089 2021/05/20T07:25:10z: SSID: Apollonia Students Halls
 0h00:03.094 2021/05/20T07:25:10z: AP_STAR tmr
 ets Jan  8 2013,rst cause:1, boot mode:(3,7)

load 0x4010f000, len 1384, room 16 
tail 8
chksum 0x2d
csum 0x2d
v8b899c12
~ld


6.01
 0h00:02.994 2021/05/20T07:45:06z: DS3231
 0h00:03.009 2021/05/20T07:45:06z: BME280 (0x76)
 0h00:03.024 2021/05/20T07:45:06z: 10:52:1c:42:2a:d
 0h00:03.025 2021/05/20T07:45:06z: SSID: Apollonia Students Halls
 0h00:03.030 2021/05/20T07:45:06z: AP_STAR tmr
 ets Jan  8 2013,rst cause:1, boot mode:(3,7)

load 0x4010f000, len 1384, room 16 
tail 8
chksum 0x2d
csum 0x2d
v8b899c12
~ld


6.01
 0h00:02.995 2021/05/20T08:05:02z: DS3231
 0h00:03.011 2021/05/20T08:05:02z: BME280 (0x76)
 0h00:03.025 2021/05/20T08:05:02z: 10:52:1c:42:2a:d
 0h00:03.027 2021/05/20T08:05:02z: SSID: Apollonia Students Halls
 0h00:03.032 2021/05/20T08:05:02z: AP_STAR tmr
 ets Jan  8 2013,rst cause:1, boot mode:(3,7)

load 0x4010f000, len 1384, room 16 
tail 8
chksum 0x2d
csum 0x2d
v8b899c12
~ld


6.01
 0h00:02.993 2021/05/20T08:24:58z: DS3231
 0h00:03.009 2021/05/20T08:24:58z: BME280 (0x76)
 0h00:03.023 2021/05/20T08:24:58z: 10:52:1c:42:2a:d
 0h00:03.024 2021/05/20T08:24:58z: SSID: Apollonia Students Halls
 0h00:03.030 2021/05/20T08:24:58z: AP_STAR tmr
 ets Jan  8 2013,rst cause:1, boot mode:(3,7)

load 0x4010f000, len 1384, room 16 
tail 8
chksum 0x2d
csum 0x2d
v8b899c12
~ld


6.01
 0h00:03.017 2021/05/20T08:44:54z: DS3231
 0h00:03.032 2021/05/20T08:44:54z: BME280 (0x76)
 0h00:03.046 2021/05/20T08:44:54z: 10:52:1c:42:2a:d
 0h00:03.048 2021/05/20T08:44:54z: SSID: Apollonia Students Halls
 0h00:03.053 2021/05/20T08:44:54z: AP_STAR tmr
 ets Jan  8 2013,rst cause:1, boot mode:(3,7)

load 0x4010f000, len 1384, room 16 
tail 8
chksum 0x2d
csum 0x2d
v8b899c12
~ld


6.01
 0h00:03.017 2021/05/20T09:04:50z: DS3231
 0h00:03.032 2021/05/20T09:04:50z: BME280 (0x76)
 0h00:03.047 2021/05/20T09:04:50z: 10:52:1c:42:2a:d
 0h00:03.048 2021/05/20T09:04:50z: SSID: Apollonia Students Halls
 0h00:03.053 2021/05/20T09:04:50z: AP_STAR tmr
 ets Jan  8 2013,rst cause:1, boot mode:(3,7)

load 0x4010f000, len 1384, room 16 
tail 8
chksum 0x2d
csum 0x2d
v8b899c12
~ld


6.01
 0h00:03.022 2021/05/20T09:24:45z: DS3231
 0h00:03.037 2021/05/20T09:24:46z: BME280 (0x76)
 0h00:03.051 2021/05/20T09:24:46z: 10:52:1c:42:2a:d
 0h00:03.053 2021/05/20T09:24:46z: SSID: Apollonia Students Halls
 0h00:03.058 2021/05/20T09:24:46z: AP_STAR tmr
 ets Jan  8 2013,rst cause:1, boot mode:(3,7)

load 0x4010f000, len 1384, room 16 
tail 8
chksum 0x2d
csum 0x2d
v8b899c12
~ld


6.01
 0h00:03.053 2021/05/20T09:44:42z: DS3231
 0h00:03.068 2021/05/20T09:44:42z: BME280 (0x76)
 0h00:03.082 2021/05/20T09:44:42z: 10:52:1c:42:2a:d
 0h00:03.084 2021/05/20T09:44:42z: SSID: Apollonia Students Halls
 0h00:03.089 2021/05/20T09:44:42z: AP_STAR tmr
 ets Jan  8 2013,rst cause:1, boot mode:(3,7)

load 0x4010f000, len 1384, room 16 
tail 8
chksum 0x2d
csum 0x2d
v8b899c12
~ld


6.01
 0h00:03.028 2021/05/20T10:04:38z: DS3231
 0h00:03.044 2021/05/20T10:04:38z: BME280 (0x76)
 0h00:03.058 2021/05/20T10:04:38z: 10:52:1c:42:2a:d
 0h00:03.060 2021/05/20T10:04:38z: SSID: Apollonia Students Halls
 0h00:03.065 2021/05/20T10:04:38z: AP_STAR tmr
 ets Jan  8 2013,rst cause:1, boot mode:(3,7)

load 0x4010f000, len 1384, room 16 
tail 8
chksum 0x2d
csum 0x2d
v8b899c12
~ld


6.01
 0h00:03.059 2021/05/20T10:24:34z: DS3231
 0h00:03.074 2021/05/20T10:24:34z: BME280 (0x76)
 0h00:03.089 2021/05/20T10:24:34z: 10:52:1c:42:2a:d
 0h00:03.090 2021/05/20T10:24:34z: SSID: Apollonia Students Halls
 0h00:03.095 2021/05/20T10:24:34z: AP_STAR tmr
 ets Jan  8 2013,rst cause:1, boot mode:(3,7)

load 0x4010f000, len 1384, room 16 
tail 8
chksum 0x2d
csum 0x2d
v8b899c12
~ld


6.01
 0h00:03.004 2021/05/20T10:44:30z: DS3231
 0h00:03.019 2021/05/20T10:44:30z: BME280 (0x76)
 0h00:03.033 2021/05/20T10:44:30z: 10:52:1c:42:2a:d
 0h00:03.035 2021/05/20T10:44:30z: SSID: Apollonia Students Halls
 0h00:03.040 2021/05/20T10:44:30z: AP_STAR tmr
 ets Jan  8 2013,rst cause:1, boot mode:(3,7)

load 0x4010f000, len 1384, room 16 
tail 8
chksum 0x2d
csum 0x2d
v8b899c12
~ld


6.01
 0h00:03.054 2021/05/20T11:04:26z: DS3231
 0h00:03.069 2021/05/20T11:04:26z: BME280 (0x76)
 0h00:03.084 2021/05/20T11:04:26z: 10:52:1c:42:2a:d
 0h00:03.085 2021/05/20T11:04:26z: SSID: Apollonia Students Halls
 0h00:03.090 2021/05/20T11:04:26z: AP_STAR tmr
 ets Jan  8 2013,rst cause:1, boot mode:(3,7)

load 0x4010f000, len 1384, room 16 
tail 8
chksum 0x2d
csum 0x2d
v8b899c12
~ld


6.01
 0h00:03.061 2021/05/20T11:24:22z: DS3231
 0h00:03.077 2021/05/20T11:24:22z: BME280 (0x76)
 0h00:03.091 2021/05/20T11:24:22z: 10:52:1c:42:2a:d
 0h00:03.093 2021/05/20T11:24:22z: SSID: Apollonia Students Halls
 0h00:03.098 2021/05/20T11:24:22z: AP_STAR tmr connected clients
R tmr connected clients
R tmr
 ets Jan  8 2013,rst cause:1, boot mode:(3,7)

load 0x4010f000, len 1384, room 16 
tail 8
chksum 0x2d
csum 0x2d
v8b899c12
~ld


6.01
 0h00:03.018 2021/05/20T11:48:18z: DS3231
 0h00:03.033 2021/05/20T11:48:18z: BME280 (0x76)
 0h00:03.048 2021/05/20T11:48:18z: 10:52:1c:42:2a:d
 0h00:03.049 2021/05/20T11:48:18z: SSID: Apollonia Students Halls
 0h00:03.055 2021/05/20T11:48:18z: AP_STAR tmr
 ets Jan  8 2013,rst cause:1, boot mode:(3,7)

load 0x4010f000, len 1384, room 16 
tail 8
chksum 0x2d
csum 0x2d
v8b899c12
~ld


6.01
 0h00:03.022 2021/05/20T12:08:14z: DS3231
 0h00:03.037 2021/05/20T12:08:14z: BME280 (0x76)
 0h00:03.051 2021/05/20T12:08:14z: 10:52:1c:42:2a:d
 0h00:03.053 2021/05/20T12:08:14z: SSID: Apollonia Students Halls
 0h00:03.058 2021/05/20T12:08:15z: AP_STAR tmr
 ets Jan  8 2013,rst cause:1, boot mode:(3,7)

load 0x4010f000, len 1384, room 16 
tail 8
chksum 0x2d
csum 0x2d
v8b899c12
~ld


6.01
 0h00:03.064 2021/05/20T12:28:11z: DS3231
 0h00:03.080 2021/05/20T12:28:11z: BME280 (0x76)
 0h00:03.094 2021/05/20T12:28:11z: 10:52:1c:42:2a:d
 0h00:03.096 2021/05/20T12:28:11z: SSID: Apollonia Students Halls
 0h00:03.101 2021/05/20T12:28:11z: AP_STAR tmr
 ets Jan  8 2013,rst cause:1, boot mode:(3,7)

load 0x4010f000, len 1384, room 16 
tail 8
chksum 0x2d
csum 0x2d
v8b899c12
~ld


6.01
 0h00:03.005 2021/05/20T12:48:07z: DS3231
 0h00:03.021 2021/05/20T12:48:07z: BME280 (0x76)
 0h00:03.035 2021/05/20T12:48:07z: 10:52:1c:42:2a:d
 0h00:03.037 2021/05/20T12:48:07z: SSID: Apollonia Students Halls
 0h00:03.042 2021/05/20T12:48:07z: AP_STAR tmr
 ets Jan  8 2013,rst cause:1, boot mode:(3,7)

load 0x4010f000, len 1384, room 16 
tail 8
chksum 0x2d
csum 0x2d
v8b899c12
~ld


6.01
 0h00:03.062 2021/05/20T13:08:03z: DS3231
 0h00:03.078 2021/05/20T13:08:03z: BME280 (0x76)
 0h00:03.092 2021/05/20T13:08:03z: 10:52:1c:42:2a:d
 0h00:03.094 2021/05/20T13:08:03z: SSID: Apollonia Students Halls
 0h00:03.099 2021/05/20T13:08:03z: AP_STAR tmr
 ets Jan  8 2013,rst cause:1, boot mode:(3,7)

load 0x4010f000, len 1384, room 16 
tail 8
chksum 0x2d
csum 0x2d
v8b899c12
~ld


6.01
 0h00:03.006 2021/05/20T13:27:59z: DS3231
 0h00:03.021 2021/05/20T13:27:59z: BME280 (0x76)
 0h00:03.035 2021/05/20T13:27:59z: 10:52:1c:42:2a:d
 0h00:03.037 2021/05/20T13:27:59z: SSID: Apollonia Students Halls
 0h00:03.042 2021/05/20T13:27:59z: AP_STAR tmr
 ets Jan  8 2013,rst cause:1, boot mode:(3,7)

load 0x4010f000, len 1384, room 16 
tail 8
chksum 0x2d
csum 0x2d
v8b899c12
~ld


6.01
 0h00:03.015 2021/05/20T13:47:55z: DS3231
 0h00:03.030 2021/05/20T13:47:55z: BME280 (0x76)
 0h00:03.044 2021/05/20T13:47:55z: 10:52:1c:42:2a:d
 0h00:03.046 2021/05/20T13:47:55z: SSID: Apollonia Students Halls
 0h00:03.051 2021/05/20T13:47:55z: AP_STAR tmr
 ets Jan  8 2013,rst cause:1, boot mode:(3,7)

load 0x4010f000, len 1384, room 16 
tail 8
chksum 0x2d
csum 0x2d
v8b899c12
~ld


6.01
 0h00:03.027 2021/05/20T14:07:51z: DS3231
 0h00:03.042 2021/05/20T14:07:51z: BME280 (0x76)
 0h00:03.056 2021/05/20T14:07:51z: 10:52:1c:42:2a:d
 0h00:03.058 2021/05/20T14:07:51z: SSID: Apollonia Students Halls
 0h00:03.063 2021/05/20T14:07:51z: AP_STAR tmr
 ets Jan  8 2013,rst cause:1, boot mode:(3,7)

load 0x4010f000, len 1384, room 16 
tail 8
chksum 0x2d
csum 0x2d
v8b899c12
~ld


6.01
 0h00:03.029 2021/05/20T14:27:47z: DS3231
 0h00:03.045 2021/05/20T14:27:47z: BME280 (0x76)
 0h00:03.059 2021/05/20T14:27:47z: 10:52:1c:42:2a:d
 0h00:03.060 2021/05/20T14:27:47z: SSID: Apollonia Students Halls
 0h00:03.066 2021/05/20T14:27:47z: AP_STAR tmr
 ets Jan  8 2013,rst cause:1, boot mode:(3,7)

load 0x4010f000, len 1384, room 16 
tail 8
chksum 0x2d
csum 0x2d
v8b899c12
~ld


6.01
 0h00:03.058 2021/05/20T14:47:44z: DS3231
 0h00:03.073 2021/05/20T14:47:44z: BME280 (0x76)
 0h00:03.087 2021/05/20T14:47:44z: 10:52:1c:42:2a:d
 0h00:03.089 2021/05/20T14:47:44z: SSID: Apollonia Students Halls
 0h00:03.094 2021/05/20T14:47:44z: AP_STAR tmr
 ets Jan  8 2013,rst cause:1, boot mode:(3,7)

load 0x4010f000, len 1384, room 16 
tail 8
chksum 0x2d
csum 0x2d
v8b899c12
~ld


6.01
 0h00:03.007 2021/05/20T15:07:39z: DS3231
 0h00:03.023 2021/05/20T15:07:39z: BME280 (0x76)
 0h00:03.037 2021/05/20T15:07:39z: 10:52:1c:42:2a:d
 0h00:03.038 2021/05/20T15:07:39z: SSID: Apollonia Students Halls
 0h00:03.044 2021/05/20T15:07:39z: AP_STAR tmr
 ets Jan  8 2013,rst cause:1, boot mode:(3,7)

load 0x4010f000, len 1384, room 16 
tail 8
chksum 0x2d
csum 0x2d
v8b899c12
~ld


6.01
 0h00:03.068 2021/05/20T15:27:35z: DS3231
 0h00:03.083 2021/05/20T15:27:35z: BME280 (0x76)
 0h00:03.098 2021/05/20T15:27:35z: 10:52:1c:42:2a:d
 0h00:03.099 2021/05/20T15:27:35z: SSID: Apollonia Students Halls
 0h00:03.104 2021/05/20T15:27:35z: AP_STAR tmr
 ets Jan  8 2013,rst cause:1, boot mode:(3,7)

load 0x4010f000, len 1384, room 16 
tail 8
chksum 0x2d
csum 0x2d
v8b899c12
~ld


6.01
 0h00:03.017 2021/05/20T15:47:31z: DS3231
 0h00:03.033 2021/05/20T15:47:31z: BME280 (0x76)
 0h00:03.047 2021/05/20T15:47:31z: 10:52:1c:42:2a:d
 0h00:03.049 2021/05/20T15:47:31z: SSID: Apollonia Students Halls
 0h00:03.054 2021/05/20T15:47:31z: AP_STAR tmr
 ets Jan  8 2013,rst cause:1, boot mode:(3,7)

load 0x4010f000, len 1384, room 16 
tail 8
chksum 0x2d
csum 0x2d
v8b899c12
~ld


6.01
 0h00:03.067 2021/05/20T16:07:27z: DS3231
 0h00:03.082 2021/05/20T16:07:27z: BME280 (0x76)
 0h00:03.097 2021/05/20T16:07:27z: 10:52:1c:42:2a:d
 0h00:03.098 2021/05/20T16:07:27z: SSID: Apollonia Students Halls
 0h00:03.103 2021/05/20T16:07:27z: AP_STAR tmr
 ets Jan  8 2013,rst cause:1, boot mode:(3,7)

load 0x4010f000, len 1384, room 16 
tail 8
chksum 0x2d
csum 0x2d
v8b899c12
~ld


6.01
 0h00:03.006 2021/05/20T16:27:23z: DS3231
 0h00:03.021 2021/05/20T16:27:23z: BME280 (0x76)
 0h00:03.035 2021/05/20T16:27:23z: 10:52:1c:42:2a:d
 0h00:03.037 2021/05/20T16:27:23z: SSID: Apollonia Students Halls
 0h00:03.042 2021/05/20T16:27:23z: AP_STAR tmr
 ets Jan  8 2013,rst cause:1, boot mode:(3,7)

load 0x4010f000, len 1384, room 16 
tail 8
chksum 0x2d
csum 0x2d
v8b899c12
~ld


6.01
 0h00:03.005 2021/05/20T16:47:18z: DS3231
 0h00:03.021 2021/05/20T16:47:18z: BME280 (0x76)
 0h00:03.035 2021/05/20T16:47:19z: 10:52:1c:42:2a:d
 0h00:03.036 2021/05/20T16:47:19z: SSID: Apollonia Students Halls
 0h00:03.042 2021/05/20T16:47:19z: AP_STAR tmr
 ets Jan  8 2013,rst cause:1, boot mode:(3,7)

load 0x4010f000, len 1384, room 16 
tail 8
chksum 0x2d
csum 0x2d
v8b899c12
~ld


6.01
 0h00:03.006 2021/05/20T17:07:14z: DS3231
 0h00:03.021 2021/05/20T17:07:14z: BME280 (0x76)
 0h00:03.036 2021/05/20T17:07:14z: 10:52:1c:42:2a:d
 0h00:03.037 2021/05/20T17:07:14z: SSID: Apollonia Students Halls
 0h00:03.043 2021/05/20T17:07:14z: AP_STAR tmr
 ets Jan  8 2013,rst cause:1, boot mode:(3,7)

load 0x4010f000, len 1384, room 16 
tail 8
chksum 0x2d
csum 0x2d
v8b899c12
~ld


6.01
 0h00:03.054 2021/05/20T17:27:10z: DS3231
 0h00:03.069 2021/05/20T17:27:10z: BME280 (0x76)
 0h00:03.084 2021/05/20T17:27:10z: 10:52:1c:42:2a:d
 0h00:03.085 2021/05/20T17:27:10z: SSID: Apollonia Students Halls
 0h00:03.090 2021/05/20T17:27:10z: AP_STAR tmr
 ets Jan  8 2013,rst cause:1, boot mode:(3,7)

load 0x4010f000, len 1384, room 16 
tail 8
chksum 0x2d
csum 0x2d
v8b899c12
~ld


6.01
 0h00:03.018 2021/05/20T17:47:06z: DS3231
 0h00:03.033 2021/05/20T17:47:06z: BME280 (0x76)
 0h00:03.047 2021/05/20T17:47:06z: 10:52:1c:42:2a:d
 0h00:03.049 2021/05/20T17:47:06z: SSID: Apollonia Students Halls
 0h00:03.054 2021/05/20T17:47:06z: AP_STAR tmr
 ets Jan  8 2013,rst cause:1, boot mode:(3,7)

load 0x4010f000, len 1384, room 16 
tail 8
chksum 0x2d
csum 0x2d
v8b899c12
~ld


6.01
 0h00:03.018 2021/05/20T18:07:02z: DS3231
 0h00:03.033 2021/05/20T18:07:02z: BME280 (0x76)
 0h00:03.047 2021/05/20T18:07:02z: 10:52:1c:42:2a:d
 0h00:03.049 2021/05/20T18:07:02z: SSID: Apollonia Students Halls
 0h00:03.054 2021/05/20T18:07:02z: AP_STAR tmr
 ets Jan  8 2013,rst cause:1, boot mode:(3,7)

load 0x4010f000, len 1384, room 16 
tail 8
chksum 0x2d
csum 0x2d
v8b899c12
~ld


6.01
 0h00:03.026 2021/05/20T18:26:58z: DS3231
 0h00:03.041 2021/05/20T18:26:58z: BME280 (0x76)
 0h00:03.055 2021/05/20T18:26:58z: 10:52:1c:42:2a:d
 0h00:03.057 2021/05/20T18:26:58z: SSID: Apollonia Students Halls
 0h00:03.062 2021/05/20T18:26:58z: AP_STAR tmr
 ets Jan  8 2013,rst cause:1, boot mode:(3,7)

load 0x4010f000, len 1384, room 16 
tail 8
chksum 0x2d
csum 0x2d
v8b899c12
~ld


6.01
 0h00:03.008 2021/05/20T18:46:54z: DS3231
 0h00:03.023 2021/05/20T18:46:54z: BME280 (0x76)
 0h00:03.037 2021/05/20T18:46:54z: 10:52:1c:42:2a:d
 0h00:03.039 2021/05/20T18:46:54z: SSID: Apollonia Students Halls
 0h00:03.044 2021/05/20T18:46:54z: AP_STAR tmr
 ets Jan  8 2013,rst cause:1, boot mode:(3,7)

load 0x4010f000, len 1384, room 16 
tail 8
chksum 0x2d
csum 0x2d
v8b899c12
~ld


6.01
 0h00:03.059 2021/05/20T19:06:50z: DS3231
 0h00:03.074 2021/05/20T19:06:50z: BME280 (0x76)
 0h00:03.088 2021/05/20T19:06:50z: 10:52:1c:42:2a:d
 0h00:03.090 2021/05/20T19:06:50z: SSID: Apollonia Students Halls
 0h00:03.095 2021/05/20T19:06:50z: AP_STAR tmr
 ets Jan  8 2013,rst cause:1, boot mode:(3,7)

load 0x4010f000, len 1384, room 16 
tail 8
chksum 0x2d
csum 0x2d
v8b899c12
~ld


6.01
 0h00:03.002 2021/05/20T19:26:46z: DS3231
 0h00:03.017 2021/05/20T19:26:46z: BME280 (0x76)
 0h00:03.031 2021/05/20T19:26:46z: 10:52:1c:42:2a:d
 0h00:03.033 2021/05/20T19:26:46z: SSID: Apollonia Students Halls
 0h00:03.038 2021/05/20T19:26:46z: AP_STAR tmr
 ets Jan  8 2013,rst cause:1, boot mode:(3,7)

load 0x4010f000, len 1384, room 16 
tail 8
chksum 0x2d
csum 0x2d
v8b899c12
~ld


6.01
 0h00:03.009 2021/05/20T19:46:42z: DS3231
 0h00:03.025 2021/05/20T19:46:42z: BME280 (0x76)
 0h00:03.039 2021/05/20T19:46:42z: 10:52:1c:42:2a:d
 0h00:03.040 2021/05/20T19:46:42z: SSID: Apollonia Students Halls
 0h00:03.046 2021/05/20T19:46:42z: AP_STAR tmr
 ets Jan  8 2013,rst cause:1, boot mode:(3,7)

load 0x4010f000, len 1384, room 16 
tail 8
chksum 0x2d
csum 0x2d
v8b899c12
~ld


6.01
 0h00:03.018 2021/05/20T20:06:38z: DS3231
 0h00:03.033 2021/05/20T20:06:39z: BME280 (0x76)
 0h00:03.047 2021/05/20T20:06:39z: 10:52:1c:42:2a:d
 0h00:03.049 2021/05/20T20:06:39z: SSID: Apollonia Students Halls
 0h00:03.054 2021/05/20T20:06:39z: AP_STAR tmr
 ets Jan  8 2013,rst cause:1, boot mode:(3,7)

load 0x4010f000, len 1384, room 16 
tail 8
chksum 0x2d
csum 0x2d
v8b899c12
~ld


6.01
 0h00:03.023 2021/05/20T20:26:35z: DS3231
 0h00:03.038 2021/05/20T20:26:35z: BME280 (0x76)
 0h00:03.052 2021/05/20T20:26:35z: 10:52:1c:42:2a:d
 0h00:03.054 2021/05/20T20:26:35z: SSID: Apollonia Students Halls
 0h00:03.059 2021/05/20T20:26:35z: AP_STAR tmr
 ets Jan  8 2013,rst cause:1, boot mode:(3,7)

load 0x4010f000, len 1384, room 16 
tail 8
chksum 0x2d
csum 0x2d
v8b899c12
~ld


6.01
 0h00:03.024 2021/05/20T20:46:31z: DS3231
 0h00:03.039 2021/05/20T20:46:31z: BME280 (0x76)
 0h00:03.053 2021/05/20T20:46:31z: 10:52:1c:42:2a:d
 0h00:03.055 2021/05/20T20:46:31z: SSID: Apollonia Students Halls
 0h00:03.060 2021/05/20T20:46:31z: AP_STAR tmr
 ets Jan  8 2013,rst cause:1, boot mode:(3,7)

load 0x4010f000, len 1384, room 16 
tail 8
chksum 0x2d
csum 0x2d
v8b899c12
~ld


6.01
 0h00:03.055 2021/05/20T21:06:27z: DS3231
 0h00:03.070 2021/05/20T21:06:27z: BME280 (0x76)
 0h00:03.084 2021/05/20T21:06:27z: 10:52:1c:42:2a:d
 0h00:03.086 2021/05/20T21:06:27z: SSID: Apollonia Students Halls
 0h00:03.091 2021/05/20T21:06:27z: AP_STAR tmr
 ets Jan  8 2013,rst cause:1, boot mode:(3,7)

load 0x4010f000, len 1384, room 16 
tail 8
chksum 0x2d
csum 0x2d
v8b899c12
~ld


6.01
 0h00:03.047 2021/05/20T21:26:22z: DS3231
 0h00:03.063 2021/05/20T21:26:22z: BME280 (0x76)
 0h00:03.077 2021/05/20T21:26:22z: 10:52:1c:42:2a:d
 0h00:03.078 2021/05/20T21:26:22z: SSID: Apollonia Students Halls
 0h00:03.084 2021/05/20T21:26:22z: AP_STAR tmr
 ets Jan  8 2013,rst cause:1, boot mode:(3,7)

load 0x4010f000, len 1384, room 16 
tail 8
chksum 0x2d
csum 0x2d
v8b899c12
~ld


6.01
 0h00:03.008 2021/05/20T21:46:19z: DS3231
 0h00:03.023 2021/05/20T21:46:19z: BME280 (0x76)
 0h00:03.037 2021/05/20T21:46:19z: 10:52:1c:42:2a:d
 0h00:03.039 2021/05/20T21:46:19z: SSID: Apollonia Students Halls
 0h00:03.044 2021/05/20T21:46:19z: AP_STAR tmr
 ets Jan  8 2013,rst cause:1, boot mode:(3,7)

load 0x4010f000, len 1384, room 16 
tail 8
chksum 0x2d
csum 0x2d
v8b899c12
~ld


6.01
 0h00:03.062 2021/05/20T22:06:15z: DS3231
 0h00:03.077 2021/05/20T22:06:15z: BME280 (0x76)
 0h00:03.091 2021/05/20T22:06:15z: 10:52:1c:42:2a:d
 0h00:03.093 2021/05/20T22:06:15z: SSID: Apollonia Students Halls
 0h00:03.098 2021/05/20T22:06:15z: AP_STAR tmr
 ets Jan  8 2013,rst cause:1, boot mode:(3,7)

load 0x4010f000, len 1384, room 16 
tail 8
chksum 0x2d
csum 0x2d
v8b899c12
~ld


6.01
 0h00:03.025 2021/05/20T22:26:11z: DS3231
 0h00:03.040 2021/05/20T22:26:11z: BME280 (0x76)
 0h00:03.054 2021/05/20T22:26:11z: 10:52:1c:42:2a:d
 0h00:03.056 2021/05/20T22:26:11z: SSID: Apollonia Students Halls
 0h00:03.061 2021/05/20T22:26:11z: AP_STAR tmr
 ets Jan  8 2013,rst cause:1, boot mode:(3,7)

load 0x4010f000, len 1384, room 16 
tail 8
chksum 0x2d
csum 0x2d
v8b899c12
~ld


6.01
 0h00:02.996 2021/05/20T22:46:07z: DS3231
 0h00:03.011 2021/05/20T22:46:07z: BME280 (0x76)
 0h00:03.025 2021/05/20T22:46:07z: 10:52:1c:42:2a:d
 0h00:03.027 2021/05/20T22:46:07z: SSID: Apollonia Students Halls
 0h00:03.032 2021/05/20T22:46:07z: AP_STAR tmr
 ets Jan  8 2013,rst cause:1, boot mode:(3,7)

load 0x4010f000, len 1384, room 16 
tail 8
chksum 0x2d
csum 0x2d
v8b899c12
~ld


6.01
 0h00:02.996 2021/05/20T23:06:02z: DS3231
 0h00:03.012 2021/05/20T23:06:02z: BME280 (0x76)
 0h00:03.026 2021/05/20T23:06:02z: 10:52:1c:42:2a:d
 0h00:03.027 2021/05/20T23:06:02z: SSID: Apollonia Students Halls
 0h00:03.033 2021/05/20T23:06:02z: AP_STAR tmr
 ets Jan  8 2013,rst cause:1, boot mode:(3,7)

load 0x4010f000, len 1384, room 16 
tail 8
chksum 0x2d
csum 0x2d
v8b899c12
~ld


6.01
 0h00:03.107 2021/05/20T23:25:58z: DS3231
 0h00:03.122 2021/05/20T23:25:58z: BME280 (0x76)
 0h00:03.136 2021/05/20T23:25:58z: 10:52:1c:42:2a:d
 0h00:03.138 2021/05/20T23:25:58z: SSID: Apollonia Students Halls
 0h00:03.143 2021/05/20T23:25:58z: AP_STAR tmr
 ets Jan  8 2013,rst cause:1, boot mode:(3,7)

load 0x4010f000, len 1384, room 16 
tail 8
chksum 0x2d
csum 0x2d
v8b899c12
~ld


6.01
 0h00:03.016 2021/05/20T23:45:54z: DS3231
 0h00:03.032 2021/05/20T23:45:54z: BME280 (0x76)
 0h00:03.046 2021/05/20T23:45:54z: 10:52:1c:42:2a:d
 0h00:03.048 2021/05/20T23:45:54z: SSID: Apollonia Students Halls
 0h00:03.053 2021/05/20T23:45:54z: AP_STA