R tmr
 ets Jan  8 2013,rst cause:1, boot mode:(3,7)

load 0x4010f000, len 1384, room 16 
tail 8
chksum 0x2d
csum 0x2d
v8b899c12
~ld


6.01
 0h00:03.035 2021/05/27T00:07:57z: DS3231
 0h00:03.050 2021/05/27T00:07:57z: BME280 (0x76)
 0h00:03.064 2021/05/27T00:07:57z: 50:2:91:db:e4:21
 0h00:03.066 2021/05/27T00:07:57z: SSID: Isogeio
 0h00:03.071 2021/05/27T00:07:57z: AP_STAR tmr
 ets Jan  8 2013,rst cause:1, boot mode:(3,7)

load 0x4010f000, len 1384, room 16 
tail 8
chksum 0x2d
csum 0x2d
v8b899c12
~ld


6.01
 0h00:03.039 2021/05/27T00:27:53z: DS3231
 0h00:03.054 2021/05/27T00:27:53z: BME280 (0x76)
 0h00:03.068 2021/05/27T00:27:53z: 50:2:91:db:e4:21
 0h00:03.070 2021/05/27T00:27:53z: SSID: Isogeio
 0h00:03.075 2021/05/27T00:27:53z: AP_STAR tmr
 ets Jan  8 2013,rst cause:1, boot mode:(3,7)

load 0x4010f000, len 1384, room 16 
tail 8
chksum 0x2d
csum 0x2d
v8b899c12
~ld


6.01
 0h00:03.035 2021/05/27T00:47:49z: DS3231
 0h00:03.051 2021/05/27T00:47:49z: BME280 (0x76)
 0h00:03.065 2021/05/27T00:47:49z: 50:2:91:db:e4:21
 0h00:03.067 2021/05/27T00:47:49z: SSID: Isogeio
 0h00:03.072 2021/05/27T00:47:49z: AP_STAR tmr
 ets Jan  8 2013,rst cause:1, boot mode:(3,7)

load 0x4010f000, len 1384, room 16 
tail 8
chksum 0x2d
csum 0x2d
v8b899c12
~ld


6.01
 0h00:03.032 2021/05/27T01:07:45z: DS3231
 0h00:03.047 2021/05/27T01:07:45z: BME280 (0x76)
 0h00:03.061 2021/05/27T01:07:45z: 50:2:91:db:e4:21
 0h00:03.063 2021/05/27T01:07:45z: SSID: Isogeio
 0h00:03.068 2021/05/27T01:07:45z: AP_STAR tmr
 ets Jan  8 2013,rst cause:1, boot mode:(3,7)

load 0x4010f000, len 1384, room 16 
tail 8
chksum 0x2d
csum 0x2d
v8b899c12
~ld


6.01
 0h00:03.038 2021/05/27T01:27:41z: DS3231
 0h00:03.053 2021/05/27T01:27:41z: BME280 (0x76)
 0h00:03.067 2021/05/27T01:27:41z: 50:2:91:db:e4:21
 0h00:03.069 2021/05/27T01:27:41z: SSID: Isogeio
 0h00:03.074 2021/05/27T01:27:41z: AP_STAR tmr
 ets Jan  8 2013,rst cause:1, boot mode:(3,7)

load 0x4010f000, len 1384, room 16 
tail 8
chksum 0x2d
csum 0x2d
v8b899c12
~ld


6.01
 0h00:03.048 2021/05/27T01:47:37z: DS3231
 0h00:03.064 2021/05/27T01:47:37z: BME280 (0x76)
 0h00:03.078 2021/05/27T01:47:37z: 50:2:91:db:e4:21
 0h00:03.079 2021/05/27T01:47:37z: SSID: Isogeio
 0h00:03.085 2021/05/27T01:47:38z: AP_STAR tmr
 ets Jan  8 2013,rst cause:1, boot mode:(3,7)

load 0x4010f000, len 1384, room 16 
tail 8
chksum 0x2d
csum 0x2d
v8b899c12
~ld


6.01
 0h00:03.057 2021/05/27T02:07:34z: DS3231
 0h00:03.072 2021/05/27T02:07:34z: BME280 (0x76)
 0h00:03.087 2021/05/27T02:07:34z: 50:2:91:db:e4:21
 0h00:03.088 2021/05/27T02:07:34z: SSID: Isogeio
 0h00:03.093 2021/05/27T02:07:34z: AP_STAR tmr
 ets Jan  8 2013,rst cause:1, boot mode:(3,7)

load 0x4010f000, len 1384, room 16 
tail 8
chksum 0x2d
csum 0x2d
v8b899c12
~ld


6.01
 0h00:03.065 2021/05/27T02:27:29z: DS3231
 0h00:03.080 2021/05/27T02:27:29z: BME280 (0x76)
 0h00:03.095 2021/05/27T02:27:29z: 50:2:91:db:e4:21
 0h00:03.096 2021/05/27T02:27:29z: SSID: Isogeio
 0h00:03.101 2021/05/27T02:27:29z: AP_STAR tmr
 ets Jan  8 2013,rst cause:1, boot mode:(3,7)

load 0x4010f000, len 1384, room 16 
tail 8
chksum 0x2d
csum 0x2d
v8b899c12
~ld


6.01
 0h00:03.038 2021/05/27T02:47:25z: DS3231
 0h00:03.053 2021/05/27T02:47:25z: BME280 (0x76)
 0h00:03.067 2021/05/27T02:47:25z: 50:2:91:db:e4:21
 0h00:03.069 2021/05/27T02:47:25z: SSID: Isogeio
 0h00:03.074 2021/05/27T02:47:25z: AP_STAR tmr
 ets Jan  8 2013,rst cause:1, boot mode:(3,7)

load 0x4010f000, len 1384, room 16 
tail 8
chksum 0x2d
csum 0x2d
v8b899c12
~ld


6.01
 0h00:03.036 2021/05/27T03:07:21z: DS3231
 0h00:03.051 2021/05/27T03:07:21z: BME280 (0x76)
 0h00:03.065 2021/05/27T03:07:21z: 50:2:91:db:e4:21
 0h00:03.067 2021/05/27T03:07:21z: SSID: Isogeio
 0h00:03.072 2021/05/27T03:07:21z: AP_STAR tmr
 ets Jan  8 2013,rst cause:1, boot mode:(3,7)

load 0x4010f000, len 1384, room 16 
tail 8
chksum 0x2d
csum 0x2d
v8b899c12
~ld


6.01
 0h00:03.035 2021/05/27T03:27:17z: DS3231
 0h00:03.051 2021/05/27T03:27:17z: BME280 (0x76)
 0h00:03.065 2021/05/27T03:27:17z: 50:2:91:db:e4:21
 0h00:03.067 2021/05/27T03:27:17z: SSID: Isogeio
 0h00:03.072 2021/05/27T03:27:17z: AP_STAR tmr
 ets Jan  8 2013,rst cause:1, boot mode:(3,7)

load 0x4010f000, len 1384, room 16 
tail 8
chksum 0x2d
csum 0x2d
v8b899c12
~ld


6.01
 0h00:03.031 2021/05/27T03:47:13z: DS3231
 0h00:03.046 2021/05/27T03:47:13z: BME280 (0x76)
 0h00:03.061 2021/05/27T03:47:13z: 50:2:91:db:e4:21
 0h00:03.062 2021/05/27T03:47:13z: SSID: Isogeio
 0h00:03.067 2021/05/27T03:47:13z: AP_STAR tmr
 ets Jan  8 2013,rst cause:1, boot mode:(3,7)

load 0x4010f000, len 1384, room 16 
tail 8
chksum 0x2d
csum 0x2d
v8b899c12
~ld


6.01
 0h00:03.037 2021/05/27T04:07:09z: DS3231
 0h00:03.052 2021/05/27T04:07:09z: BME280 (0x76)
 0h00:03.066 2021/05/27T04:07:09z: 50:2:91:db:e4:21
 0h00:03.068 2021/05/27T04:07:09z: SSID: Isogeio
 0h00:03.073 2021/05/27T04:07:09z: AP_STAR tmr
 ets Jan  8 2013,rst cause:1, boot mode:(3,7)

load 0x4010f000, len 1384, room 16 
tail 8
chksum 0x2d
csum 0x2d
v8b899c12
~ld


6.01
 0h00:03.045 2021/05/27T04:27:06z: DS3231
 0h00:03.060 2021/05/27T04:27:06z: BME280 (0x76)
 0h00:03.075 2021/05/27T04:27:06z: 50:2:91:db:e4:21
 0h00:03.076 2021/05/27T04:27:06z: SSID: Isogeio
 0h00:03.081 2021/05/27T04:27:06z: AP_STAR tmr
 ets Jan  8 2013,rst cause:1, boot mode:(3,7)

load 0x4010f000, len 1384, room 16 
tail 8
chksum 0x2d
csum 0x2d
v8b899c12
~ld


6.01
 0h00:03.054 2021/05/27T04:47:02z: DS3231
 0h00:03.070 2021/05/27T04:47:02z: BME280 (0x76)
 0h00:03.084 2021/05/27T04:47:02z: 50:2:91:db:e4:21
 0h00:03.086 2021/05/27T04:47:02z: SSID: Isogeio
 0h00:03.091 2021/05/27T04:47:02z: AP_STAR tmr
 ets Jan  8 2013,rst cause:1, boot mode:(3,7)

load 0x4010f000, len 1384, room 16 
tail 8
chksum 0x2d
csum 0x2d
v8b899c12
~ld


6.01
 0h00:03.062 2021/05/27T05:06:58z: DS3231
 0h00:03.077 2021/05/27T05:06:58z: BME280 (0x76)
 0h00:03.091 2021/05/27T05:06:58z: 50:2:91:db:e4:21
 0h00:03.093 2021/05/27T05:06:58z: SSID: Isogeio
 0h00:03.098 2021/05/27T05:06:58z: AP_STAR tmr
 ets Jan  8 2013,rst cause:1, boot mode:(3,7)

load 0x4010f000, len 1384, room 16 
tail 8
chksum 0x2d
csum 0x2d
v8b899c12
~ld


6.01
 0h00:03.034 2021/05/27T05:26:54z: DS3231
 0h00:03.049 2021/05/27T05:26:54z: BME280 (0x76)
 0h00:03.063 2021/05/27T05:26:54z: 50:2:91:db:e4:21
 0h00:03.065 2021/05/27T05:26:54z: SSID: Isogeio
 0h00:03.070 2021/05/27T05:26:54z: AP_STAR tmr
 ets Jan  8 2013,rst cause:1, boot mode:(3,7)

load 0x4010f000, len 1384, room 16 
tail 8
chksum 0x2d
csum 0x2d
v8b899c12
~ld


6.01
 0h00:03.031 2021/05/27T05:46:50z: DS3231
 0h00:03.047 2021/05/27T05:46:50z: BME280 (0x76)
 0h00:03.061 2021/05/27T05:46:50z: 50:2:91:db:e4:21
 0h00:03.062 2021/05/27T05:46:50z: SSID: Isogeio
 0h00:03.068 2021/05/27T05:46:50z: AP_STAR tmr
 ets Jan  8 2013,rst cause:1, boot mode:(3,7)

load 0x4010f000, len 1384, room 16 
tail 8
chksum 0x2d
csum 0x2d
v8b899c12
~ld


6.01
 0h00:03.034 2021/05/27T06:06:46z: DS3231
 0h00:03.050 2021/05/27T06:06:46z: BME280 (0x76)
 0h00:03.064 2021/05/27T06:06:46z: 50:2:91:db:e4:21
 0h00:03.066 2021/05/27T06:06:46z: SSID: Isogeio
 0h00:03.071 2021/05/27T06:06:46z: AP_STAR tmr
 ets Jan  8 2013,rst cause:1, boot mode:(3,7)

load 0x4010f000, len 1384, room 16 
tail 8
chksum 0x2d
csum 0x2d
v8b899c12
~ld


6.01
 0h00:03.028 2021/05/27T06:26:43z: DS3231
 0h00:03.043 2021/05/27T06:26:43z: BME280 (0x76)
 0h00:03.057 2021/05/27T06:26:43z: 50:2:91:db:e4:21
 0h00:03.059 2021/05/27T06:26:43z: SSID: Isogeio
 0h00:03.064 2021/05/27T06:26:43z: AP_STAR tmr
 ets Jan  8 2013,rst cause:1, boot mode:(3,7)

load 0x4010f000, len 1384, room 16 
tail 8
chksum 0x2d
csum 0x2d
v8b899c12
~ld


6.01
 0h00:03.040 2021/05/27T06:46:39z: DS3231
 0h00:03.056 2021/05/27T06:46:39z: BME280 (0x76)
 0h00:03.070 2021/05/27T06:46:39z: 50:2:91:db:e4:21
 0h00:03.071 2021/05/27T06:46:39z: SSID: Isogeio
 0h00:03.077 2021/05/27T06:46:39z: AP_STAR tmr
 ets Jan  8 2013,rst cause:1, boot mode:(3,7)

load 0x4010f000, len 1384, room 16 
tail 8
chksum 0x2d
csum 0x2d
v8b899c12
~ld


6.01
 0h00:03.046 2021/05/27T07:06:35z: DS3231
 0h00:03.061 2021/05/27T07:06:35z: BME280 (0x76)
 0h00:03.076 2021/05/27T07:06:35z: 50:2:91:db:e4:21
 0h00:03.077 2021/05/27T07:06:35z: SSID: Isogeio
 0h00:03.082 2021/05/27T07:06:35z: AP_STAR tmr
 ets Jan  8 2013,rst cause:1, boot mode:(3,7)

load 0x4010f000, len 1384, room 16 
tail 8
chksum 0x2d
csum 0x2d
v8b899c12
~ld


6.01
 0h00:03.053 2021/05/27T07:26:31z: DS3231
 0h00:03.068 2021/05/27T07:26:31z: BME280 (0x76)
 0h00:03.082 2021/05/27T07:26:31z: 50:2:91:db:e4:21
 0h00:03.084 2021/05/27T07:26:31z: SSID: Isogeio
 0h00:03.089 2021/05/27T07:26:31z: AP_STAR tmr
 ets Jan  8 2013,rst cause:1, boot mode:(3,7)

load 0x4010f000, len 1384, room 16 
tail 8
chksum 0x2d
csum 0x2d
v8b899c12
~ld


6.01
 0h00:03.059 2021/05/27T07:46:27z: DS3231
 0h00:03.074 2021/05/27T07:46:27z: BME280 (0x76)
 0h00:03.088 2021/05/27T07:46:27z: 50:2:91:db:e4:21
 0h00:03.090 2021/05/27T07:46:27z: SSID: Isogeio
 0h00:03.095 2021/05/27T07:46:27z: AP_STAR tmr
 ets Jan  8 2013,rst cause:1, boot mode:(3,7)

load 0x4010f000, len 1384, room 16 
tail 8
chksum 0x2d
csum 0x2d
v8b899c12
~ld


6.01
 0h00:03.034 2021/05/27T08:06:23z: DS3231
 0h00:03.049 2021/05/27T08:06:23z: BME280 (0x76)
 0h00:03.063 2021/05/27T08:06:23z: 50:2:91:db:e4:21
 0h00:03.065 2021/05/27T08:06:23z: SSID: Isogeio
 0h00:03.070 2021/05/27T08:06:23z: AP_STAR tmr
 ets Jan  8 2013,rst cause:1, boot mode:(3,7)

load 0x4010f000, len 1384, room 16 
tail 8
chksum 0x2d
csum 0x2d
v8b899c12
~ld


6.01
 0h00:03.036 2021/05/27T08:26:20z: DS3231
 0h00:03.052 2021/05/27T08:26:20z: BME280 (0x76)
 0h00:03.066 2021/05/27T08:26:20z: 50:2:91:db:e4:21
 0h00:03.067 2021/05/27T08:26:20z: SSID: Isogeio
 0h00:03.073 2021/05/27T08:26:20z: AP_STAR tmr
 ets Jan  8 2013,rst cause:1, boot mode:(3,7)

load 0x4010f000, len 1384, room 16 
tail 8
chksum 0x2d
csum 0x2d
v8b899c12
~ld


6.01
 0h00:03.036 2021/05/27T08:46:16z: DS3231
 0h00:03.051 2021/05/27T08:46:16z: BME280 (0x76)
 0h00:03.066 2021/05/27T08:46:16z: 50:2:91:db:e4:21
 0h00:03.067 2021/05/27T08:46:16z: SSID: Isogeio
 0h00:03.072 2021/05/27T08:46:16z: AP_STAR tmr
 ets Jan  8 2013,rst cause:1, boot mode:(3,7)

load 0x4010f000, len 1384, room 16 
tail 8
chksum 0x2d
csum 0x2d
v8b899c12
~ld


6.01
 0h00:03.034 2021/05/27T09:06:12z: DS3231
 0h00:03.049 2021/05/27T09:06:12z: BME280 (0x76)
 0h00:03.063 2021/05/27T09:06:12z: 50:2:91:db:e4:21
 0h00:03.065 2021/05/27T09:06:12z: SSID: Isogeio
 0h00:03.070 2021/05/27T09:06:12z: AP_STAR tmr
 ets Jan  8 2013,rst cause:1, boot mode:(3,7)

load 0x4010f000, len 1384, room 16 
tail 8
chksum 0x2d
csum 0x2d
v8b899c12
~ld


6.01
 0h00:03.038 2021/05/27T09:26:08z: DS3231
 0h00:03.053 2021/05/27T09:26:08z: BME280 (0x76)
 0h00:03.067 2021/05/27T09:26:08z: 50:2:91:db:e4:21
 0h00:03.069 2021/05/27T09:26:08z: SSID: Isogeio
 0h00:03.074 2021/05/27T09:26:08z: AP_STAR tmr
 ets Jan  8 2013,rst cause:1, boot mode:(3,7)

load 0x4010f000, len 1384, room 16 
tail 8
chksum 0x2d
csum 0x2d
v8b899c12
~ld


6.01
 0h00:03.045 2021/05/27T09:46:04z: DS3231
 0h00:03.061 2021/05/27T09:46:04z: BME280 (0x76)
 0h00:03.075 2021/05/27T09:46:04z: 50:2:91:db:e4:21
 0h00:03.077 2021/05/27T09:46:04z: SSID: Isogeio
 0h00:03.082 2021/05/27T09:46:04z: AP_STAR tmr
 ets Jan  8 2013,rst cause:1, boot mode:(3,7)

load 0x4010f000, len 1384, room 16 
tail 8
chksum 0x2d
csum 0x2d
v8b899c12
~ld


6.01
 0h00:03.050 2021/05/27T10:06:00z: DS3231
 0h00:03.065 2021/05/27T10:06:00z: BME280 (0x76)
 0h00:03.079 2021/05/27T10:06:00z: 50:2:91:db:e4:21
 0h00:03.081 2021/05/27T10:06:00z: SSID: Isogeio
 0h00:03.086 2021/05/27T10:06:00z: AP_STA