R tmr
 ets Jan  8 2013,rst cause:1, boot mode:(3,7)

load 0x4010f000, len 1384, room 16 
tail 8
chksum 0x2d
csum 0x2d
v8b899c12
~ld


6.01
 0h00:03.122 2021/06/15T11:47:09z: DS3231
 0h00:03.138 2021/06/15T11:47:09z: BME280 (0x76)
 0h00:03.152 2021/06/15T11:47:09z: 50:2:91:db:e4:21
 0h00:03.153 2021/06/15T11:47:09z: SSID: Isogeio
 0h00:03.159 2021/06/15T11:47:09z: AP_STAR tmr
 ets Jan  8 2013,rst cause:1, boot mode:(3,7)

load 0x4010f000, len 1384, room 16 
tail 8
chksum 0x2d
csum 0x2d
v8b899c12
~ld


6.01
 0h00:03.061 2021/06/15T12:07:05z: DS3231
 0h00:03.076 2021/06/15T12:07:05z: BME280 (0x76)
 0h00:03.090 2021/06/15T12:07:05z: 50:2:91:db:e4:21
 0h00:03.092 2021/06/15T12:07:05z: SSID: Isogeio
 0h00:03.097 2021/06/15T12:07:05z: AP_STAR tmr
 ets Jan  8 2013,rst cause:1, boot mode:(3,7)

load 0x4010f000, len 1384, room 16 
tail 8
chksum 0x2d
csum 0x2d
v8b899c12
~ld


6.01
 0h00:03.070 2021/06/15T12:27:01z: DS3231
 0h00:03.086 2021/06/15T12:27:01z: BME280 (0x76)
 0h00:03.100 2021/06/15T12:27:01z: 50:2:91:db:e4:21
 0h00:03.102 2021/06/15T12:27:01z: SSID: Isogeio
 0h00:03.107 2021/06/15T12:27:01z: AP_STAR tmr
 ets Jan  8 2013,rst cause:1, boot mode:(3,7)

load 0x4010f000, len 1384, room 16 
tail 8
chksum 0x2d
csum 0x2d
v8b899c12
~ld


6.01
 0h00:03.071 2021/06/15T12:46:57z: DS3231
 0h00:03.086 2021/06/15T12:46:57z: BME280 (0x76)
 0h00:03.100 2021/06/15T12:46:57z: 50:2:91:db:e4:21
 0h00:03.102 2021/06/15T12:46:57z: SSID: Isogeio
 0h00:03.107 2021/06/15T12:46:57z: AP_STAR tmr
 ets Jan  8 2013,rst cause:1, boot mode:(3,7)

load 0x4010f000, len 1384, room 16 
tail 8
chksum 0x2d
csum 0x2d
v8b899c12
~ld


6.01
 0h00:03.041 2021/06/15T13:06:53z: DS3231
 0h00:03.057 2021/06/15T13:06:53z: BME280 (0x76)
 0h00:03.071 2021/06/15T13:06:53z: 50:2:91:db:e4:21
 0h00:03.073 2021/06/15T13:06:53z: SSID: Isogeio
 0h00:03.078 2021/06/15T13:06:53z: AP_STAR tmr
 ets Jan  8 2013,rst cause:1, boot mode:(3,7)

load 0x4010f000, len 1384, room 16 
tail 8
chksum 0x2d
csum 0x2d
v8b899c12
~ld


6.01
 0h00:03.055 2021/06/15T13:26:49z: DS3231
 0h00:03.070 2021/06/15T13:26:49z: BME280 (0x76)
 0h00:03.084 2021/06/15T13:26:49z: 50:2:91:db:e4:21
 0h00:03.086 2021/06/15T13:26:49z: SSID: Isogeio
 0h00:03.091 2021/06/15T13:26:49z: AP_STAR tmr
 ets Jan  8 2013,rst cause:1, boot mode:(3,7)

load 0x4010f000, len 1384, room 16 
tail 8
chksum 0x2d
csum 0x2d
v8b899c12
~ld


6.01
 0h00:03.047 2021/06/15T13:46:45z: DS3231
 0h00:03.062 2021/06/15T13:46:45z: BME280 (0x76)
 0h00:03.077 2021/06/15T13:46:45z: 50:2:91:db:e4:21
 0h00:03.078 2021/06/15T13:46:45z: SSID: Isogeio
 0h00:03.084 2021/06/15T13:46:45z: AP_STAR tmr
 ets Jan  8 2013,rst cause:1, boot mode:(3,7)

load 0x4010f000, len 1384, room 16 
tail 8
chksum 0x2d
csum 0x2d
v8b899c12
~ld


6.01
 0h00:03.051 2021/06/15T14:06:41z: DS3231
 0h00:03.066 2021/06/15T14:06:41z: BME280 (0x76)
 0h00:03.080 2021/06/15T14:06:41z: 50:2:91:db:e4:21
 0h00:03.082 2021/06/15T14:06:41z: SSID: Isogeio
 0h00:03.087 2021/06/15T14:06:41z: AP_STAR tmr
 ets Jan  8 2013,rst cause:1, boot mode:(3,7)

load 0x4010f000, len 1384, room 16 
tail 8
chksum 0x2d
csum 0x2d
v8b899c12
~ld


6.01
 0h00:03.055 2021/06/15T14:26:37z: DS3231
 0h00:03.071 2021/06/15T14:26:37z: BME280 (0x76)
 0h00:03.085 2021/06/15T14:26:37z: 50:2:91:db:e4:21
 0h00:03.087 2021/06/15T14:26:37z: SSID: Isogeio
 0h00:03.092 2021/06/15T14:26:37z: AP_STAR tmr
 ets Jan  8 2013,rst cause:1, boot mode:(3,7)

load 0x4010f000, len 1384, room 16 
tail 8
chksum 0x2d
csum 0x2d
v8b899c12
~ld


6.01
 0h00:03.123 2021/06/15T14:46:33z: DS3231
 0h00:03.138 2021/06/15T14:46:33z: BME280 (0x76)
 0h00:03.153 2021/06/15T14:46:33z: 50:2:91:db:e4:21
 0h00:03.154 2021/06/15T14:46:33z: SSID: Isogeio
 0h00:03.159 2021/06/15T14:46:33z: AP_STAR tmr
 ets Jan  8 2013,rst cause:1, boot mode:(3,7)

load 0x4010f000, len 1384, room 16 
tail 8
chksum 0x2d
csum 0x2d
v8b899c12
~ld


6.01
 0h00:03.074 2021/06/15T15:06:29z: DS3231
 0h00:03.089 2021/06/15T15:06:29z: BME280 (0x76)
 0h00:03.104 2021/06/15T15:06:29z: 50:2:91:db:e4:21
 0h00:03.105 2021/06/15T15:06:29z: SSID: Isogeio
 0h00:03.110 2021/06/15T15:06:29z: AP_STAR tmr
 ets Jan  8 2013,rst cause:1, boot mode:(3,7)

load 0x4010f000, len 1384, room 16 
tail 8
chksum 0x2d
csum 0x2d
v8b899c12
~ld


6.01
 0h00:03.051 2021/06/15T15:26:25z: DS3231
 0h00:03.066 2021/06/15T15:26:25z: BME280 (0x76)
 0h00:03.080 2021/06/15T15:26:25z: 50:2:91:db:e4:21
 0h00:03.082 2021/06/15T15:26:25z: SSID: Isogeio
 0h00:03.087 2021/06/15T15:26:25z: AP_STAR tmr
 ets Jan  8 2013,rst cause:1, boot mode:(3,7)

load 0x4010f000, len 1384, room 16 
tail 8
chksum 0x2d
csum 0x2d
v8b899c12
~ld


6.01
 0h00:03.046 2021/06/15T15:46:21z: DS3231
 0h00:03.062 2021/06/15T15:46:21z: BME280 (0x76)
 0h00:03.076 2021/06/15T15:46:21z: 50:2:91:db:e4:21
 0h00:03.078 2021/06/15T15:46:21z: SSID: Isogeio
 0h00:03.083 2021/06/15T15:46:21z: AP_STAR tmr
 ets Jan  8 2013,rst cause:1, boot mode:(3,7)

load 0x4010f000, len 1384, room 16 
tail 8
chksum 0x2d
csum 0x2d
v8b899c12
~ld


6.01
 0h00:03.039 2021/06/15T16:06:17z: DS3231
 0h00:03.054 2021/06/15T16:06:17z: BME280 (0x76)
 0h00:03.068 2021/06/15T16:06:17z: 50:2:91:db:e4:21
 0h00:03.070 2021/06/15T16:06:17z: SSID: Isogeio
 0h00:03.075 2021/06/15T16:06:17z: AP_STAR tmr
 ets Jan  8 2013,rst cause:1, boot mode:(3,7)

load 0x4010f000, len 1384, room 16 
tail 8
chksum 0x2d
csum 0x2d
v8b899c12
~ld


6.01
 0h00:03.054 2021/06/15T16:26:14z: DS3231
 0h00:03.069 2021/06/15T16:26:14z: BME280 (0x76)
 0h00:03.084 2021/06/15T16:26:14z: 50:2:91:db:e4:21
 0h00:03.085 2021/06/15T16:26:14z: SSID: Isogeio
 0h00:03.090 2021/06/15T16:26:14z: AP_STAR tmr
 ets Jan  8 2013,rst cause:1, boot mode:(3,7)

load 0x4010f000, len 1384, room 16 
tail 8
chksum 0x2d
csum 0x2d
v8b899c12
~ld


6.01
 0h00:03.047 2021/06/15T16:46:10z: DS3231
 0h00:03.063 2021/06/15T16:46:10z: BME280 (0x76)
 0h00:03.077 2021/06/15T16:46:10z: 50:2:91:db:e4:21
 0h00:03.079 2021/06/15T16:46:10z: SSID: Isogeio
 0h00:03.084 2021/06/15T16:46:10z: AP_STAR tmr
 ets Jan  8 2013,rst cause:1, boot mode:(3,7)

load 0x4010f000, len 1384, room 16 
tail 8
chksum 0x2d
csum 0x2d
v8b899c12
~ld


6.01
 0h00:03.059 2021/06/15T17:06:06z: DS3231
 0h00:03.074 2021/06/15T17:06:06z: BME280 (0x76)
 0h00:03.088 2021/06/15T17:06:06z: 50:2:91:db:e4:21
 0h00:03.090 2021/06/15T17:06:06z: SSID: Isogeio
 0h00:03.095 2021/06/15T17:06:06z: AP_STAR tmr
 ets Jan  8 2013,rst cause:1, boot mode:(3,7)

load 0x4010f000, len 1384, room 16 
tail 8
chksum 0x2d
csum 0x2d
v8b899c12
~ld


6.01
 0h00:03.060 2021/06/15T17:26:02z: DS3231
 0h00:03.075 2021/06/15T17:26:02z: BME280 (0x76)
 0h00:03.089 2021/06/15T17:26:02z: 50:2:91:db:e4:21
 0h00:03.091 2021/06/15T17:26:02z: SSID: Isogeio
 0h00:03.096 2021/06/15T17:26:02z: AP_STAR tmr
 ets Jan  8 2013,rst cause:1, boot mode:(3,7)

load 0x4010f000, len 1384, room 16 
tail 8
chksum 0x2d
csum 0x2d
v8b899c12
~ld


6.01
 0h00:03.114 2021/06/15T17:45:58z: DS3231
 0h00:03.129 2021/06/15T17:45:58z: BME280 (0x76)
 0h00:03.143 2021/06/15T17:45:58z: 50:2:91:db:e4:21
 0h00:03.145 2021/06/15T17:45:58z: SSID: Isogeio
 0h00:03.150 2021/06/15T17:45:58z: AP_STAR tmr
 ets Jan  8 2013,rst cause:1, boot mode:(3,7)

load 0x4010f000, len 1384, room 16 
tail 8
chksum 0x2d
csum 0x2d
v8b899c12
~ld


6.01
 0h00:03.047 2021/06/15T18:05:54z: DS3231
 0h00:03.062 2021/06/15T18:05:54z: BME280 (0x76)
 0h00:03.076 2021/06/15T18:05:54z: 50:2:91:db:e4:21
 0h00:03.078 2021/06/15T18:05:54z: SSID: Isogeio
 0h00:03.083 2021/06/15T18:05:54z: AP_STAR tmr
 ets Jan  8 2013,rst cause:1, boot mode:(3,7)

load 0x4010f000, len 1384, room 16 
tail 8
chksum 0x2d
csum 0x2d
v8b899c12
~ld


6.01
 0h00:03.045 2021/06/15T18:25:51z: DS3231
 0h00:03.060 2021/06/15T18:25:51z: BME280 (0x76)
 0h00:03.074 2021/06/15T18:25:51z: 50:2:91:db:e4:21
 0h00:03.076 2021/06/15T18:25:51z: SSID: Isogeio
 0h00:03.081 2021/06/15T18:25:51z: AP_STAR tmr
 ets Jan  8 2013,rst cause:1, boot mode:(3,7)

load 0x4010f000, len 1384, room 16 
tail 8
chksum 0x2d
csum 0x2d
v8b899c12
~ld


6.01
 0h00:03.053 2021/06/15T18:45:47z: DS3231
 0h00:03.068 2021/06/15T18:45:47z: BME280 (0x76)
 0h00:03.082 2021/06/15T18:45:47z: 50:2:91:db:e4:21
 0h00:03.084 2021/06/15T18:45:47z: SSID: Isogeio
 0h00:03.089 2021/06/15T18:45:47z: AP_STAR tmr
 ets Jan  8 2013,rst cause:1, boot mode:(3,7)

load 0x4010f000, len 1384, room 16 
tail 8
chksum 0x2d
csum 0x2d
v8b899c12
~ld


6.01
 0h00:03.047 2021/06/15T19:05:43z: DS3231
 0h00:03.062 2021/06/15T19:05:43z: BME280 (0x76)
 0h00:03.076 2021/06/15T19:05:43z: 50:2:91:db:e4:21
 0h00:03.078 2021/06/15T19:05:43z: SSID: Isogeio
 0h00:03.083 2021/06/15T19:05:43z: AP_STAR tmr
 ets Jan  8 2013,rst cause:1, boot mode:(3,7)

load 0x4010f000, len 1384, room 16 
tail 8
chksum 0x2d
csum 0x2d
v8b899c12
~ld


6.01
 0h00:03.062 2021/06/15T19:25:39z: DS3231
 0h00:03.078 2021/06/15T19:25:39z: BME280 (0x76)
 0h00:03.092 2021/06/15T19:25:39z: 50:2:91:db:e4:21
 0h00:03.094 2021/06/15T19:25:39z: SSID: Isogeio
 0h00:03.099 2021/06/15T19:25:39z: AP_STAR tmr
 ets Jan  8 2013,rst cause:1, boot mode:(3,7)

load 0x4010f000, len 1384, room 16 
tail 8
chksum 0x2d
csum 0x2d
v8b899c12
~ld


6.01
 0h00:03.065 2021/06/15T19:45:35z: DS3231
 0h00:03.081 2021/06/15T19:45:35z: BME280 (0x76)
 0h00:03.095 2021/06/15T19:45:35z: 50:2:91:db:e4:21
 0h00:03.096 2021/06/15T19:45:35z: SSID: Isogeio
 0h00:03.102 2021/06/15T19:45:35z: AP_STAR tmr
 ets Jan  8 2013,rst cause:1, boot mode:(3,7)

load 0x4010f000, len 1384, room 16 
tail 8
chksum 0x2d
csum 0x2d
v8b899c12
~ld


6.01
 0h00:03.064 2021/06/15T20:05:31z: DS3231
 0h00:03.079 2021/06/15T20:05:31z: BME280 (0x76)
 0h00:03.094 2021/06/15T20:05:31z: 50:2:91:db:e4:21
 0h00:03.095 2021/06/15T20:05:31z: SSID: Isogeio
 0h00:03.100 2021/06/15T20:05:31z: AP_STAR tmr
 ets Jan  8 2013,rst cause:1, boot mode:(3,7)

load 0x4010f000, len 1384, room 16 
tail 8
chksum 0x2d
csum 0x2d
v8b899c12
~ld


6.01
 0h00:03.107 2021/06/15T20:25:28z: DS3231
 0h00:03.122 2021/06/15T20:25:28z: BME280 (0x76)
 0h00:03.136 2021/06/15T20:25:28z: 50:2:91:db:e4:21
 0h00:03.138 2021/06/15T20:25:28z: SSID: Isogeio
 0h00:03.143 2021/06/15T20:25:28z: AP_STAR tmr
 ets Jan  8 2013,rst cause:1, boot mode:(3,7)

load 0x4010f000, len 1384, room 16 
tail 8
chksum 0x2d
csum 0x2d
v8b899c12
~ld


6.01
 0h00:03.108 2021/06/15T20:45:24z: DS3231
 0h00:03.123 2021/06/15T20:45:24z: BME280 (0x76)
 0h00:03.138 2021/06/15T20:45:24z: 50:2:91:db:e4:21
 0h00:03.139 2021/06/15T20:45:24z: SSID: Isogeio
 0h00:03.144 2021/06/15T20:45:24z: AP_STAR tmr
 ets Jan  8 2013,rst cause:1, boot mode:(3,7)

load 0x4010f000, len 1384, room 16 
tail 8
chksum 0x2d
csum 0x2d
v8b899c12
~ld


6.01
 0h00:03.047 2021/06/15T21:05:21z: DS3231
 0h00:03.062 2021/06/15T21:05:21z: BME280 (0x76)
 0h00:03.077 2021/06/15T21:05:21z: 50:2:91:db:e4:21
 0h00:03.078 2021/06/15T21:05:21z: SSID: Isogeio
 0h00:03.083 2021/06/15T21:05:21z: AP_STAR tmr
 ets Jan  8 2013,rst cause:1, boot mode:(3,7)

load 0x4010f000, len 1384, room 16 
tail 8
chksum 0x2d
csum 0x2d
v8b899c12
~ld


6.01
 0h00:03.057 2021/06/15T21:25:17z: DS3231
 0h00:03.072 2021/06/15T21:25:17z: BME280 (0x76)
 0h00:03.086 2021/06/15T21:25:17z: 50:2:91:db:e4:21
 0h00:03.088 2021/06/15T21:25:17z: SSID: Isogeio
 0h00:03.093 2021/06/15T21:25:17z: AP_STAR tmr
 ets Jan  8 2013,rst cause:1, boot mode:(3,7)

load 0x4010f000, len 1384, room 16 
tail 8
chksum 0x2d
csum 0x2d
v8b899c12
~ld


6.01
 0h00:03.064 2021/06/15T21:45:13z: DS3231
 0h00:03.079 2021/06/15T21:45:13z: BME280 (0x76)
 0h00:03.094 2021/06/15T21:45:13z: 50:2:91:db:e4:21
 0h00:03.096 2021/06/15T21:45:13z: SSID: Isogeio
 0h00:03.101 2021/06/15T21:45:13z: AP_STAR tmr
 ets Jan  8 2013,rst cause:1, boot mode:(3,7)

load 0x4010f000, len 1384, room 16 
tail 8
chksum 0x2d
csum 0x2d
v8b899c12
~ld


6.01
 0h00:03.066 2021/06/15T22:05:09z: DS3231
 0h00:03.081 2021/06/15T22:05:09z: BME280 (0x76)
 0h00:03.095 2021/06/15T22:05:09z: 50:2:91:db:e4:21
 0h00:03.097 2021/06/15T22:05:09z: SSID: Isogeio
 0h00:03.102 2021/06/15T22:05:09z: AP_STAR tmr
 ets Jan  8 2013,rst cause:1, boot mode:(3,7)

load 0x4010f000, len 1384, room 16 
tail 8
chksum 0x2d
csum 0x2d
v8b899c12
~ld


6.01
 0h00:03.109 2021/06/15T22:25:05z: DS3231
 0h00:03.124 2021/06/15T22:25:05z: BME280 (0x76)
 0h00:03.138 2021/06/15T22:25:05z: 50:2:91:db:e4:21
 0h00:03.140 2021/06/15T22:25:05z: SSID: Isogeio
 0h00:03.145 2021/06/15T22:25:05z: AP_STAR tmr
 ets Jan  8 2013,rst cause:1, boot mode:(3,7)

load 0x4010f000, len 1384, room 16 
tail 8
chksum 0x2d
csum 0x2d
v8b899c12
~ld


6.01
 0h00:03.041 2021/06/15T22:45:01z: DS3231
 0h00:03.056 2021/06/15T22:45:01z: BME280 (0x76)
 0h00:03.071 2021/06/15T22:45:01z: 50:2:91:db:e4:21
 0h00:03.072 2021/06/15T22:45:01z: SSID: Isogeio
 0h00:03.077 2021/06/15T22:45:01z: AP_STAR tmr
 ets Jan  8 2013,rst cause:1, boot mode:(3,7)

load 0x4010f000, len 1384, room 16 
tail 8
chksum 0x2d
csum 0x2d
v8b899c12
~ld


6.01
 0h00:03.104 2021/06/15T23:04:58z: DS3231
 0h00:03.119 2021/06/15T23:04:58z: BME280 (0x76)
 0h00:03.133 2021/06/15T23:04:58z: 50:2:91:db:e4:21
 0h00:03.135 2021/06/15T23:04:58z: SSID: Isogeio
 0h00:03.140 2021/06/15T23:04:58z: AP_STAR tmr
 ets Jan  8 2013,rst cause:1, boot mode:(3,7)

load 0x4010f000, len 1384, room 16 
tail 8
chksum 0x2d
csum 0x2d
v8b899c12
~ld


6.01
 0h00:03.052 2021/06/15T23:24:53z: DS3231
 0h00:03.067 2021/06/15T23:24:53z: BME280 (0x76)
 0h00:03.081 2021/06/15T23:24:53z: 50:2:91:db:e4:21
 0h00:03.083 2021/06/15T23:24:53z: SSID: Isogeio
 0h00:03.088 2021/06/15T23:24:53z: AP_STAR tmr
 ets Jan  8 2013,rst cause:1, boot mode:(3,7)

load 0x4010f000, len 1384, room 16 
tail 8
chksum 0x2d
csum 0x2d
v8b899c12
~ld


6.01
 0h00:03.144 2021/06/15T23:44:50z: DS3231
 0h00:03.160 2021/06/15T23:44:50z: BME280 (0x76)
 0h00:03.174 2021/06/15T23:44:50z: 50:2:91:db:e4:21
 0h00:03.176 2021/06/15T23:44:50z: SSID: Isogeio
 0h00:03.181 2021/06/15T23:44:50z: AP_STA