R tmr
 ets Jan  8 2013,rst cause:1, boot mode:(3,7)

load 0x4010f000, len 1384, room 16 
tail 8
chksum 0x2d
csum 0x2d
v8b899c12
~ld


6.01
 0h00:03.062 2021/05/25T00:03:04z: DS3231
 0h00:03.077 2021/05/25T00:03:04z: BME280 (0x76)
 0h00:03.092 2021/05/25T00:03:04z: 10:52:1c:4c:86:4
 0h00:03.093 2021/05/25T00:03:04z: SSID: Apollonia Students Halls
 0h00:03.098 2021/05/25T00:03:04z: AP_STAR tmr
 ets Jan  8 2013,rst cause:1, boot mode:(3,7)

load 0x4010f000, len 1384, room 16 
tail 8
chksum 0x2d
csum 0x2d
v8b899c12
~ld


6.01
 0h00:03.065 2021/05/25T00:23:00z: DS3231
 0h00:03.081 2021/05/25T00:23:00z: BME280 (0x76)
 0h00:03.095 2021/05/25T00:23:00z: 10:52:1c:4c:86:4
 0h00:03.097 2021/05/25T00:23:00z: SSID: Apollonia Students Halls
 0h00:03.102 2021/05/25T00:23:00z: AP_STAR tmr
 ets Jan  8 2013,rst cause:1, boot mode:(3,7)

load 0x4010f000, len 1384, room 16 
tail 8
chksum 0x2d
csum 0x2d
v8b899c12
~ld


6.01
 0h00:03.053 2021/05/25T00:42:56z: DS3231
 0h00:03.068 2021/05/25T00:42:56z: BME280 (0x76)
 0h00:03.082 2021/05/25T00:42:56z: 10:52:1c:4c:86:4
 0h00:03.084 2021/05/25T00:42:56z: SSID: Apollonia Students Halls
 0h00:03.089 2021/05/25T00:42:56z: AP_STAR tmr
 ets Jan  8 2013,rst cause:1, boot mode:(3,7)

load 0x4010f000, len 1384, room 16 
tail 8
chksum 0x2d
csum 0x2d
v8b899c12
~ld


6.01
 0h00:03.046 2021/05/25T01:02:53z: DS3231
 0h00:03.061 2021/05/25T01:02:53z: BME280 (0x76)
 0h00:03.075 2021/05/25T01:02:53z: 10:52:1c:4c:86:4
 0h00:03.077 2021/05/25T01:02:53z: SSID: Apollonia Students Halls
 0h00:03.082 2021/05/25T01:02:53z: AP_STAR tmr
 ets Jan  8 2013,rst cause:1, boot mode:(3,7)

load 0x4010f000, len 1384, room 16 
tail 8
chksum 0x2d
csum 0x2d
v8b899c12
~ld


6.01
 0h00:03.036 2021/05/25T01:22:49z: DS3231
 0h00:03.051 2021/05/25T01:22:49z: BME280 (0x76)
 0h00:03.065 2021/05/25T01:22:49z: 10:52:1c:4c:86:4
 0h00:03.067 2021/05/25T01:22:49z: SSID: Apollonia Students Halls
 0h00:03.072 2021/05/25T01:22:49z: AP_STAR tmr
 ets Jan  8 2013,rst cause:1, boot mode:(3,7)

load 0x4010f000, len 1384, room 16 
tail 8
chksum 0x2d
csum 0x2d
v8b899c12
~ld


6.01
 0h00:03.036 2021/05/25T01:42:46z: DS3231
 0h00:03.051 2021/05/25T01:42:46z: BME280 (0x76)
 0h00:03.065 2021/05/25T01:42:46z: 10:52:1c:4c:86:4
 0h00:03.067 2021/05/25T01:42:46z: SSID: Apollonia Students Halls
 0h00:03.072 2021/05/25T01:42:46z: AP_STAR tmr
 ets Jan  8 2013,rst cause:1, boot mode:(3,7)

load 0x4010f000, len 1384, room 16 
tail 8
chksum 0x2d
csum 0x2d
v8b899c12
~ld


6.01
 0h00:03.039 2021/05/25T02:02:42z: DS3231
 0h00:03.054 2021/05/25T02:02:42z: BME280 (0x76)
 0h00:03.069 2021/05/25T02:02:42z: 10:52:1c:4c:86:4
 0h00:03.070 2021/05/25T02:02:42z: SSID: Apollonia Students Halls
 0h00:03.075 2021/05/25T02:02:42z: AP_STAR tmr
 ets Jan  8 2013,rst cause:1, boot mode:(3,7)

load 0x4010f000, len 1384, room 16 
tail 8
chksum 0x2d
csum 0x2d
v8b899c12
~ld


6.01
 0h00:03.054 2021/05/25T02:22:38z: DS3231
 0h00:03.069 2021/05/25T02:22:38z: BME280 (0x76)
 0h00:03.084 2021/05/25T02:22:38z: 10:52:1c:4c:86:4
 0h00:03.085 2021/05/25T02:22:38z: SSID: Apollonia Students Halls
 0h00:03.090 2021/05/25T02:22:38z: AP_STAR tmr
 ets Jan  8 2013,rst cause:1, boot mode:(3,7)

load 0x4010f000, len 1384, room 16 
tail 8
chksum 0x2d
csum 0x2d
v8b899c12
~ld


6.01
 0h00:03.063 2021/05/25T02:42:34z: DS3231
 0h00:03.078 2021/05/25T02:42:34z: BME280 (0x76)
 0h00:03.093 2021/05/25T02:42:34z: 10:52:1c:4c:86:4
 0h00:03.095 2021/05/25T02:42:34z: SSID: Apollonia Students Halls
 0h00:03.100 2021/05/25T02:42:34z: AP_STAR tmr
 ets Jan  8 2013,rst cause:1, boot mode:(3,7)

load 0x4010f000, len 1384, room 16 
tail 8
chksum 0x2d
csum 0x2d
v8b899c12
~ld


6.01
 0h00:03.068 2021/05/25T03:02:30z: DS3231
 0h00:03.084 2021/05/25T03:02:31z: BME280 (0x76)
 0h00:03.098 2021/05/25T03:02:31z: 10:52:1c:4c:86:4
 0h00:03.099 2021/05/25T03:02:31z: SSID: Apollonia Students Halls
 0h00:03.105 2021/05/25T03:02:31z: AP_STAR tmr
 ets Jan  8 2013,rst cause:1, boot mode:(3,7)

load 0x4010f000, len 1384, room 16 
tail 8
chksum 0x2d
csum 0x2d
v8b899c12
~ld


6.01
 0h00:03.039 2021/05/25T03:22:27z: DS3231
 0h00:03.054 2021/05/25T03:22:27z: BME280 (0x76)
 0h00:03.068 2021/05/25T03:22:27z: 10:52:1c:4c:86:4
 0h00:03.070 2021/05/25T03:22:27z: SSID: Apollonia Students Halls
 0h00:03.075 2021/05/25T03:22:27z: AP_STAR tmr
 ets Jan  8 2013,rst cause:1, boot mode:(3,7)

load 0x4010f000, len 1384, room 16 
tail 8
chksum 0x2d
csum 0x2d
v8b899c12
~ld


6.01
 0h00:03.042 2021/05/25T03:42:23z: DS3231
 0h00:03.058 2021/05/25T03:42:23z: BME280 (0x76)
 0h00:03.072 2021/05/25T03:42:23z: 10:52:1c:4c:86:4
 0h00:03.073 2021/05/25T03:42:23z: SSID: Apollonia Students Halls
 0h00:03.079 2021/05/25T03:42:23z: AP_STAR tmr
 ets Jan  8 2013,rst cause:1, boot mode:(3,7)

load 0x4010f000, len 1384, room 16 
tail 8
chksum 0x2d
csum 0x2d
v8b899c12
~ld


6.01
 0h00:03.034 2021/05/25T04:02:19z: DS3231
 0h00:03.049 2021/05/25T04:02:19z: BME280 (0x76)
 0h00:03.063 2021/05/25T04:02:19z: 10:52:1c:4c:86:4
 0h00:03.065 2021/05/25T04:02:19z: SSID: Apollonia Students Halls
 0h00:03.070 2021/05/25T04:02:19z: AP_STAR tmr
 ets Jan  8 2013,rst cause:1, boot mode:(3,7)

load 0x4010f000, len 1384, room 16 
tail 8
chksum 0x2d
csum 0x2d
v8b899c12
~ld


6.01
 0h00:03.039 2021/05/25T04:22:15z: DS3231
 0h00:03.054 2021/05/25T04:22:15z: BME280 (0x76)
 0h00:03.069 2021/05/25T04:22:15z: 10:52:1c:4c:86:4
 0h00:03.070 2021/05/25T04:22:15z: SSID: Apollonia Students Halls
 0h00:03.076 2021/05/25T04:22:15z: AP_STAR tmr
 ets Jan  8 2013,rst cause:1, boot mode:(3,7)

load 0x4010f000, len 1384, room 16 
tail 8
chksum 0x2d
csum 0x2d
v8b899c12
~ld


6.01
 0h00:03.051 2021/05/25T04:42:11z: DS3231
 0h00:03.067 2021/05/25T04:42:11z: BME280 (0x76)
 0h00:03.081 2021/05/25T04:42:11z: 10:52:1c:4c:86:4
 0h00:03.083 2021/05/25T04:42:11z: SSID: Apollonia Students Halls
 0h00:03.088 2021/05/25T04:42:11z: AP_STAR tmr
 ets Jan  8 2013,rst cause:1, boot mode:(3,7)

load 0x4010f000, len 1384, room 16 
tail 8
chksum 0x2d
csum 0x2d
v8b899c12
~ld


6.01
 0h00:03.051 2021/05/25T05:02:07z: DS3231
 0h00:03.066 2021/05/25T05:02:07z: BME280 (0x76)
 0h00:03.080 2021/05/25T05:02:07z: 10:52:1c:4c:86:4
 0h00:03.082 2021/05/25T05:02:07z: SSID: Apollonia Students Halls
 0h00:03.087 2021/05/25T05:02:07z: AP_STAR tmr
 ets Jan  8 2013,rst cause:1, boot mode:(3,7)

load 0x4010f000, len 1384, room 16 
tail 8
chksum 0x2d
csum 0x2d
v8b899c12
~ld


6.01
 0h00:03.051 2021/05/25T05:22:04z: DS3231
 0h00:03.066 2021/05/25T05:22:04z: BME280 (0x76)
 0h00:03.080 2021/05/25T05:22:04z: 10:52:1c:4c:86:4
 0h00:03.082 2021/05/25T05:22:04z: SSID: Apollonia Students Halls
 0h00:03.087 2021/05/25T05:22:04z: AP_STAR tmr
 ets Jan  8 2013,rst cause:1, boot mode:(3,7)

load 0x4010f000, len 1384, room 16 
tail 8
chksum 0x2d
csum 0x2d
v8b899c12
~ld


6.01
 0h00:03.069 2021/05/25T05:42:00z: DS3231
 0h00:03.084 2021/05/25T05:42:00z: BME280 (0x76)
 0h00:03.099 2021/05/25T05:42:00z: 10:52:1c:4c:86:4
 0h00:03.100 2021/05/25T05:42:00z: SSID: Apollonia Students Halls
 0h00:03.105 2021/05/25T05:42:00z: AP_STAR tmr
 ets Jan  8 2013,rst cause:1, boot mode:(3,7)

load 0x4010f000, len 1384, room 16 
tail 8
chksum 0x2d
csum 0x2d
v8b899c12
~ld


6.01
 0h00:03.035 2021/05/25T06:01:55z: DS3231
 0h00:03.050 2021/05/25T06:01:55z: BME280 (0x76)
 0h00:03.064 2021/05/25T06:01:55z: 10:52:1c:4c:86:4
 0h00:03.066 2021/05/25T06:01:55z: SSID: Apollonia Students Halls
 0h00:03.071 2021/05/25T06:01:55z: AP_STAR tmr
 ets Jan  8 2013,rst cause:1, boot mode:(3,7)

load 0x4010f000, len 1384, room 16 
tail 8
chksum 0x2d
csum 0x2d
v8b899c12
~ld


6.01
 0h00:03.079 2021/05/25T06:21:51z: DS3231
 0h00:03.094 2021/05/25T06:21:51z: BME280 (0x76)
 0h00:03.108 2021/05/25T06:21:51z: 10:52:1c:4c:86:4
 0h00:03.110 2021/05/25T06:21:51z: SSID: Apollonia Students Halls
 0h00:03.115 2021/05/25T06:21:51z: AP_STAR tmr
 ets Jan  8 2013,rst cause:1, boot mode:(3,7)

load 0x4010f000, len 1384, room 16 
tail 8
chksum 0x2d
csum 0x2d
v8b899c12
~ld


6.01
 0h00:03.047 2021/05/25T06:41:47z: DS3231
 0h00:03.062 2021/05/25T06:41:47z: BME280 (0x76)
 0h00:03.076 2021/05/25T06:41:47z: 10:52:1c:4c:86:4
 0h00:03.078 2021/05/25T06:41:47z: SSID: Apollonia Students Halls
 0h00:03.083 2021/05/25T06:41:47z: AP_STAR tmr
 ets Jan  8 2013,rst cause:1, boot mode:(3,7)

load 0x4010f000, len 1384, room 16 
tail 8
chksum 0x2d
csum 0x2d
v8b899c12
~ld


6.01
 0h00:03.039 2021/05/25T07:01:44z: DS3231
 0h00:03.054 2021/05/25T07:01:44z: BME280 (0x76)
 0h00:03.068 2021/05/25T07:01:44z: 10:52:1c:4c:86:4
 0h00:03.070 2021/05/25T07:01:44z: SSID: Apollonia Students Halls
 0h00:03.075 2021/05/25T07:01:44z: AP_STAR tmr
 ets Jan  8 2013,rst cause:1, boot mode:(3,7)

load 0x4010f000, len 1384, room 16 
tail 8
chksum 0x2d
csum 0x2d
v8b899c12
~ld


6.01
 0h00:03.037 2021/05/25T07:21:40z: DS3231
 0h00:03.053 2021/05/25T07:21:40z: BME280 (0x76)
 0h00:03.067 2021/05/25T07:21:40z: 10:52:1c:4c:86:4
 0h00:03.068 2021/05/25T07:21:40z: SSID: Apollonia Students Halls
 0h00:03.074 2021/05/25T07:21:40z: AP_STAR tmr
 ets Jan  8 2013,rst cause:1, boot mode:(3,7)

load 0x4010f000, len 1384, room 16 
tail 8
chksum 0x2d
csum 0x2d
v8b899c12
~ld


6.01
 0h00:03.045 2021/05/25T07:41:36z: DS3231
 0h00:03.061 2021/05/25T07:41:36z: BME280 (0x76)
 0h00:03.075 2021/05/25T07:41:36z: 10:52:1c:4c:86:4
 0h00:03.077 2021/05/25T07:41:36z: SSID: Apollonia Students Halls
 0h00:03.082 2021/05/25T07:41:36z: AP_STAR tmr
 ets Jan  8 2013,rst cause:1, boot mode:(3,7)

load 0x4010f000, len 1384, room 16 
tail 8
chksum 0x2d
csum 0x2d
v8b899c12
~ld


6.01
 0h00:03.045 2021/05/25T08:01:33z: DS3231
 0h00:03.061 2021/05/25T08:01:33z: BME280 (0x76)
 0h00:03.075 2021/05/25T08:01:33z: 10:52:1c:4c:86:4
 0h00:03.077 2021/05/25T08:01:33z: SSID: Apollonia Students Halls
 0h00:03.082 2021/05/25T08:01:33z: AP_STAR tmr
 ets Jan  8 2013,rst cause:1, boot mode:(3,7)

load 0x4010f000, len 1384, room 16 
tail 8
chksum 0x2d
csum 0x2d
v8b899c12
~ld


6.01
 0h00:03.058 2021/05/25T08:21:29z: DS3231
 0h00:03.073 2021/05/25T08:21:29z: BME280 (0x76)
 0h00:03.087 2021/05/25T08:21:29z: 10:52:1c:4c:86:4
 0h00:03.089 2021/05/25T08:21:29z: SSID: Apollonia Students Halls
 0h00:03.094 2021/05/25T08:21:29z: AP_STAR tmr
 ets Jan  8 2013,rst cause:1, boot mode:(3,7)

load 0x4010f000, len 1384, room 16 
tail 8
chksum 0x2d
csum 0x2d
v8b899c12
~ld


6.01
 0h00:03.059 2021/05/25T08:41:26z: DS3231
 0h00:03.074 2021/05/25T08:41:26z: BME280 (0x76)
 0h00:03.088 2021/05/25T08:41:26z: 10:52:1c:4c:86:4
 0h00:03.090 2021/05/25T08:41:26z: SSID: Apollonia Students Halls
 0h00:03.095 2021/05/25T08:41:26z: AP_STAR tmr
 ets Jan  8 2013,rst cause:1, boot mode:(3,7)

load 0x4010f000, len 1384, room 16 
tail 8
chksum 0x2d
csum 0x2d
v8b899c12
~ld


6.01
 0h00:03.069 2021/05/25T09:01:22z: DS3231
 0h00:03.084 2021/05/25T09:01:22z: BME280 (0x76)
 0h00:03.098 2021/05/25T09:01:22z: 10:52:1c:4c:86:4
 0h00:03.100 2021/05/25T09:01:22z: SSID: Apollonia Students Halls
 0h00:03.105 2021/05/25T09:01:22z: AP_STAR tmr
 ets Jan  8 2013,rst cause:1, boot mode:(3,7)

load 0x4010f000, len 1384, room 16 
tail 8
chksum 0x2d
csum 0x2d
v8b899c12
~ld


6.01
 0h00:03.061 2021/05/25T09:21:18z: DS3231
 0h00:03.076 2021/05/25T09:21:18z: BME280 (0x76)
 0h00:03.090 2021/05/25T09:21:18z: 10:52:1c:4c:86:4
 0h00:03.092 2021/05/25T09:21:18z: SSID: Apollonia Students Halls
 0h00:03.097 2021/05/25T09:21:18z: AP_STAR tmr
 ets Jan  8 2013,rst cause:1, boot mode:(3,7)

load 0x4010f000, len 1384, room 16 
tail 8
chksum 0x2d
csum 0x2d
v8b899c12
~ld


6.01
 0h00:03.062 2021/05/25T09:41:14z: DS3231
 0h00:03.078 2021/05/25T09:41:14z: BME280 (0x76)
 0h00:03.092 2021/05/25T09:41:14z: 10:52:1c:4c:86:4
 0h00:03.093 2021/05/25T09:41:14z: SSID: Apollonia Students Halls
 0h00:03.099 2021/05/25T09:41:14z: AP_STAR tmr
 ets Jan  8 2013,rst cause:1, boot mode:(3,7)

load 0x4010f000, len 1384, room 16 
tail 8
chksum 0x2d
csum 0x2d
v8b899c12
~ld


6.01
 0h00:03.038 2021/05/25T10:01:10z: DS3231
 0h00:03.053 2021/05/25T10:01:10z: BME280 (0x76)
 0h00:03.067 2021/05/25T10:01:10z: 10:52:1c:4c:86:4
 0h00:03.069 2021/05/25T10:01:10z: SSID: Apollonia Students Halls
 0h00:03.074 2021/05/25T10:01:10z: AP_STAR tmr
 ets Jan  8 2013,rst cause:1, boot mode:(3,7)

load 0x4010f000, len 1384, room 16 
tail 8
chksum 0x2d
csum 0x2d
v8b899c12
~ld


6.01
 0h00:03.035 2021/05/25T10:21:06z: DS3231
 0h00:03.051 2021/05/25T10:21:06z: BME280 (0x76)
 0h00:03.065 2021/05/25T10:21:06z: 10:52:1c:4c:86:4
 0h00:03.067 2021/05/25T10:21:06z: SSID: Apollonia Students Halls
 0h00:03.072 2021/05/25T10:21:06z: AP_STAR tmr
 ets Jan  8 2013,rst cause:1, boot mode:(3,7)

load 0x4010f000, len 1384, room 16 
tail 8
chksum 0x2d
csum 0x2d
v8b899c12
~ld


6.01
 0h00:03.043 2021/05/25T10:41:03z: DS3231
 0h00:03.059 2021/05/25T10:41:03z: BME280 (0x76)
 0h00:03.073 2021/05/25T10:41:03z: 10:52:1c:4c:86:4
 0h00:03.075 2021/05/25T10:41:03z: SSID: Apollonia Students Halls
 0h00:03.080 2021/05/25T10:41:03z: AP_STAR tmr
 ets Jan  8 2013,rst cause:1, boot mode:(3,7)

load 0x4010f000, len 1384, room 16 
tail 8
chksum 0x2d
csum 0x2d
v8b899c12
~ld


6.01
 0h00:03.045 2021/05/25T11:00:58z: DS3231
 0h00:03.060 2021/05/25T11:00:58z: BME280 (0x76)
 0h00:03.074 2021/05/25T11:00:58z: 10:52:1c:4c:86:4
 0h00:03.076 2021/05/25T11:00:58z: SSID: Apollonia Students Halls
 0h00:03.081 2021/05/25T11:00:58z: AP_STAR tmr
 ets Jan  8 2013,rst cause:1, boot mode:(3,7)

load 0x4010f000, len 1384, room 16 
tail 8
chksum 0x2d
csum 0x2d
v8b899c12
~ld


6.01
 0h00:03.035 2021/05/25T11:20:55z: DS3231
 0h00:03.051 2021/05/25T11:20:55z: BME280 (0x76)
 0h00:03.065 2021/05/25T11:20:55z: 10:52:1c:4c:86:4
 0h00:03.066 2021/05/25T11:20:55z: SSID: Apollonia Students Halls
 0h00:03.072 2021/05/25T11:20:55z: AP_STAR tmr
 ets Jan  8 2013,rst cause:1, boot mode:(3,7)

load 0x4010f000, len 1384, room 16 
tail 8
chksum 0x2d
csum 0x2d
v8b899c12
~ld


6.01
 0h00:03.039 2021/05/25T11:40:52z: DS3231
 0h00:03.054 2021/05/25T11:40:52z: BME280 (0x76)
 0h00:03.069 2021/05/25T11:40:52z: 10:52:1c:4c:86:4
 0h00:03.070 2021/05/25T11:40:52z: SSID: Apollonia Students Halls
 0h00:03.076 2021/05/25T11:40:52z: AP_STAR tmr
 ets Jan  8 2013,rst cause:1, boot mode:(3,7)

load 0x4010f000, len 1384, room 16 
tail 8
chksum 0x2d
csum 0x2d
v8b899c12
~ld


6.01
 0h00:03.042 2021/05/25T12:00:48z: DS3231
 0h00:03.057 2021/05/25T12:00:48z: BME280 (0x76)
 0h00:03.071 2021/05/25T12:00:48z: 10:52:1c:4c:86:4
 0h00:03.073 2021/05/25T12:00:48z: SSID: Apollonia Students Halls
 0h00:03.078 2021/05/25T12:00:48z: AP_STAR tmr
 ets Jan  8 2013,rst cause:1, boot mode:(3,7)

load 0x4010f000, len 1384, room 16 
tail 8
chksum 0x2d
csum 0x2d
v8b899c12
~ld


6.01
 0h00:03.051 2021/05/25T12:20:44z: DS3231
 0h00:03.066 2021/05/25T12:20:44z: BME280 (0x76)
 0h00:03.080 2021/05/25T12:20:44z: 10:52:1c:4c:86:4
 0h00:03.082 2021/05/25T12:20:44z: SSID: Apollonia Students Halls
 0h00:03.087 2021/05/25T12:20:44z: AP_STAR tmr
 ets Jan  8 2013,rst cause:1, boot mode:(3,7)

load 0x4010f000, len 1384, room 16 
tail 8
chksum 0x2d
csum 0x2d
v8b899c12
~ld


6.01
 0h00:03.055 2021/05/25T12:40:40z: DS3231
 0h00:03.071 2021/05/25T12:40:40z: BME280 (0x76)
 0h00:03.085 2021/05/25T12:40:40z: 10:52:1c:4c:86:4
 0h00:03.087 2021/05/25T12:40:40z: SSID: Apollonia Students Halls
 0h00:03.092 2021/05/25T12:40:40z: AP_STAR tmr
 ets Jan  8 2013,rst cause:1, boot mode:(3,7)

load 0x4010f000, len 1384, room 16 
tail 8
chksum 0x2d
csum 0x2d
v8b899c12
~ld


6.01
 0h00:03.063 2021/05/25T13:00:37z: DS3231
 0h00:03.079 2021/05/25T13:00:37z: BME280 (0x76)
 0h00:03.093 2021/05/25T13:00:37z: 10:52:1c:4c:86:4
 0h00:03.095 2021/05/25T13:00:37z: SSID: Apollonia Students Halls
 0h00:03.100 2021/05/25T13:00:37z: AP_STAR tmr
 ets Jan  8 2013,rst cause:1, boot mode:(3,7)

load 0x4010f000, len 1384, room 16 
tail 8
chksum 0x2d
csum 0x2d
v8b899c12
~ld


6.01
 0h00:03.041 2021/05/25T13:20:33z: DS3231
 0h00:03.056 2021/05/25T13:20:33z: BME280 (0x76)
 0h00:03.070 2021/05/25T13:20:33z: 10:52:1c:4c:86:4
 0h00:03.072 2021/05/25T13:20:33z: SSID: Apollonia Students Halls
 0h00:03.077 2021/05/25T13:20:33z: AP_STAR tmr
 ets Jan  8 2013,rst cause:1, boot mode:(3,7)

load 0x4010f000, len 1384, room 16 
tail 8
chksum 0x2d
csum 0x2d
v8b899c12
~ld


6.01
 0h00:03.042 2021/05/25T13:40:29z: DS3231
 0h00:03.058 2021/05/25T13:40:29z: BME280 (0x76)
 0h00:03.072 2021/05/25T13:40:29z: 10:52:1c:4c:86:4
 0h00:03.074 2021/05/25T13:40:29z: SSID: Apollonia Students Halls
 0h00:03.079 2021/05/25T13:40:29z: AP_STAR tmr
 ets Jan  8 2013,rst cause:1, boot mode:(3,7)

load 0x4010f000, len 1384, room 16 
tail 8
chksum 0x2d
csum 0x2d
v8b899c12
~ld


6.01
 0h00:03.037 2021/05/25T14:00:26z: DS3231
 0h00:03.052 2021/05/25T14:00:26z: BME280 (0x76)
 0h00:03.066 2021/05/25T14:00:26z: 10:52:1c:4c:86:4
 0h00:03.068 2021/05/25T14:00:26z: SSID: Apollonia Students Halls
 0h00:03.073 2021/05/25T14:00:26z: AP_STAR tmr
 ets Jan  8 2013,rst cause:1, boot mode:(3,7)

load 0x4010f000, len 1384, room 16 
tail 8
chksum 0x2d
csum 0x2d
v8b899c12
~ld


6.01
 0h00:03.036 2021/05/25T14:20:22z: DS3231
 0h00:03.051 2021/05/25T14:20:22z: BME280 (0x76)
 0h00:03.065 2021/05/25T14:20:22z: 10:52:1c:4c:86:4
 0h00:03.067 2021/05/25T14:20:22z: SSID: Apollonia Students Halls
 0h00:03.072 2021/05/25T14:20:22z: AP_STAR tmr
 ets Jan  8 2013,rst cause:1, boot mode:(3,7)

load 0x4010f000, len 1384, room 16 
tail 8
chksum 0x2d
csum 0x2d
v8b899c12
~ld


6.01
 0h00:03.046 2021/05/25T14:40:18z: DS3231
 0h00:03.061 2021/05/25T14:40:18z: BME280 (0x76)
 0h00:03.075 2021/05/25T14:40:18z: 10:52:1c:4c:86:4
 0h00:03.077 2021/05/25T14:40:18z: SSID: Apollonia Students Halls
 0h00:03.082 2021/05/25T14:40:18z: AP_STAR tmr
 ets Jan  8 2013,rst cause:1, boot mode:(3,7)

load 0x4010f000, len 1384, room 16 
tail 8
chksum 0x2d
csum 0x2d
v8b899c12
~ld


6.01
 0h00:03.046 2021/05/25T15:00:15z: DS3231
 0h00:03.061 2021/05/25T15:00:15z: BME280 (0x76)
 0h00:03.075 2021/05/25T15:00:15z: 10:52:1c:4c:86:4
 0h00:03.077 2021/05/25T15:00:15z: SSID: Apollonia Students Halls
 0h00:03.082 2021/05/25T15:00:15z: AP_STAR tmr
 ets Jan  8 2013,rst cause:1, boot mode:(3,7)

load 0x4010f000, len 1384, room 16 
tail 8
chksum 0x2d
csum 0x2d
v8b899c12
~ld


6.01
 0h00:03.054 2021/05/25T15:20:11z: DS3231
 0h00:03.069 2021/05/25T15:20:11z: BME280 (0x76)
 0h00:03.083 2021/05/25T15:20:11z: 10:52:1c:4c:86:4
 0h00:03.085 2021/05/25T15:20:11z: SSID: Apollonia Students Halls
 0h00:03.090 2021/05/25T15:20:11z: AP_STAR tmr
 ets Jan  8 2013,rst cause:1, boot mode:(3,7)

load 0x4010f000, len 1384, room 16 
tail 8
chksum 0x2d
csum 0x2d
v8b899c12
~ld


6.01
 0h00:03.070 2021/05/25T15:40:07z: DS3231
 0h00:03.085 2021/05/25T15:40:07z: BME280 (0x76)
 0h00:03.100 2021/05/25T15:40:07z: 10:52:1c:4c:86:4
 0h00:03.101 2021/05/25T15:40:07z: SSID: Apollonia Students Halls
 0h00:03.106 2021/05/25T15:40:07z: AP_STAR tmr
 ets Jan  8 2013,rst cause:1, boot mode:(3,7)

load 0x4010f000, len 1384, room 16 
tail 8
chksum 0x2d
csum 0x2d
v8b899c12
~ld


6.01
 0h00:03.045 2021/05/25T16:00:04z: DS3231
 0h00:03.061 2021/05/25T16:00:04z: BME280 (0x76)
 0h00:03.075 2021/05/25T16:00:04z: 10:52:1c:4c:86:4
 0h00:03.077 2021/05/25T16:00:04z: SSID: Apollonia Students Halls
 0h00:03.082 2021/05/25T16:00:04z: AP_STAR tmr
 ets Jan  8 2013,rst cause:1, boot mode:(3,7)

load 0x4010f000, len 1384, room 16 
tail 8
chksum 0x2d
csum 0x2d
v8b899c12
~ld


6.01
 0h00:03.042 2021/05/25T16:19:59z: DS3231
 0h00:03.057 2021/05/25T16:20:00z: BME280 (0x76)
 0h00:03.072 2021/05/25T16:20:00z: 10:52:1c:4c:86:4
 0h00:03.073 2021/05/25T16:20:00z: SSID: Apollonia Students Halls
 0h00:03.078 2021/05/25T16:20:00z: AP_STAR tmr
 ets Jan  8 2013,rst cause:1, boot mode:(3,7)

load 0x4010f000, len 1384, room 16 
tail 8
chksum 0x2d
csum 0x2d
v8b899c12
~ld


6.01
 0h00:03.050 2021/05/25T16:39:55z: DS3231
 0h00:03.066 2021/05/25T16:39:55z: BME280 (0x76)
 0h00:03.080 2021/05/25T16:39:55z: 10:52:1c:4c:86:4
 0h00:03.081 2021/05/25T16:39:55z: SSID: Apollonia Students Halls
 0h00:03.087 2021/05/25T16:39:55z: AP_STAR tmr
 ets Jan  8 2013,rst cause:1, boot mode:(3,7)

load 0x4010f000, len 1384, room 16 
tail 8
chksum 0x2d
csum 0x2d
v8b899c12
~ld


6.01
 0h00:03.042 2021/05/25T16:59:52z: DS3231
 0h00:03.058 2021/05/25T16:59:52z: BME280 (0x76)
 0h00:03.072 2021/05/25T16:59:52z: 10:52:1c:4c:86:4
 0h00:03.074 2021/05/25T16:59:52z: SSID: Apollonia Students Halls
 0h00:03.079 2021/05/25T16:59:52z: AP_STAR tmr
 ets Jan  8 2013,rst cause:1, boot mode:(3,7)

load 0x4010f000, len 1384, room 16 
tail 8
chksum 0x2d
csum 0x2d
v8b899c12
~ld


6.01
 0h00:03.041 2021/05/25T17:19:48z: DS3231
 0h00:03.056 2021/05/25T17:19:48z: BME280 (0x76)
 0h00:03.070 2021/05/25T17:19:48z: 10:52:1c:4c:86:4
 0h00:03.072 2021/05/25T17:19:48z: SSID: Apollonia Students Halls
 0h00:03.077 2021/05/25T17:19:48z: AP_STAR tmr
 ets Jan  8 2013,rst cause:1, boot mode:(3,7)

load 0x4010f000, len 1384, room 16 
tail 8
chksum 0x2d
csum 0x2d
v8b899c12
~ld


6.01
 0h00:03.056 2021/05/25T17:39:44z: DS3231
 0h00:03.072 2021/05/25T17:39:44z: BME280 (0x76)
 0h00:03.086 2021/05/25T17:39:44z: 10:52:1c:4c:86:4
 0h00:03.088 2021/05/25T17:39:44z: SSID: Apollonia Students Halls
 0h00:03.093 2021/05/25T17:39:44z: AP_STAR tmr
 ets Jan  8 2013,rst cause:1, boot mode:(3,7)

load 0x4010f000, len 1384, room 16 
tail 8
chksum 0x2d
csum 0x2d
v8b899c12
~ld


6.01
 0h00:03.060 2021/05/25T17:59:40z: DS3231
 0h00:03.075 2021/05/25T17:59:40z: BME280 (0x76)
 0h00:03.089 2021/05/25T17:59:40z: 10:52:1c:4c:86:4
 0h00:03.091 2021/05/25T17:59:40z: SSID: Apollonia Students Halls
 0h00:03.096 2021/05/25T17:59:40z: AP_STAR tmr
 ets Jan  8 2013,rst cause:1, boot mode:(3,7)

load 0x4010f000, len 1384, room 16 
tail 8
chksum 0x2d
csum 0x2d
v8b899c12
~ld


6.01
 0h00:03.071 2021/05/25T18:19:36z: DS3231
 0h00:03.087 2021/05/25T18:19:36z: BME280 (0x76)
 0h00:03.101 2021/05/25T18:19:36z: 10:52:1c:4c:86:4
 0h00:03.103 2021/05/25T18:19:36z: SSID: Apollonia Students Halls
 0h00:03.108 2021/05/25T18:19:36z: AP_STAR tmr
 ets Jan  8 2013,rst cause:1, boot mode:(3,7)

load 0x4010f000, len 1384, room 16 
tail 8
chksum 0x2d
csum 0x2d
v8b899c12
~ld


6.01
 0h00:03.046 2021/05/25T18:39:31z: DS3231
 0h00:03.061 2021/05/25T18:39:31z: BME280 (0x76)
 0h00:03.075 2021/05/25T18:39:31z: 10:52:1c:4c:86:4
 0h00:03.077 2021/05/25T18:39:31z: SSID: Apollonia Students Halls
 0h00:03.082 2021/05/25T18:39:31z: AP_STAR tmr
 ets Jan  8 2013,rst cause:1, boot mode:(3,7)

load 0x4010f000, len 1384, room 16 
tail 8
chksum 0x2d
csum 0x2d
v8b899c12
~ld


6.01
 0h00:03.042 2021/05/25T18:59:28z: DS3231
 0h00:03.058 2021/05/25T18:59:28z: BME280 (0x76)
 0h00:03.072 2021/05/25T18:59:28z: 10:52:1c:4c:86:4
 0h00:03.074 2021/05/25T18:59:28z: SSID: Apollonia Students Halls
 0h00:03.079 2021/05/25T18:59:28z: AP_STAR tmr
 ets Jan  8 2013,rst cause:1, boot mode:(3,7)

load 0x4010f000, len 1384, room 16 
tail 8
chksum 0x2d
csum 0x2d
v8b899c12
~ld


6.01
 0h00:03.045 2021/05/25T19:19:24z: DS3231
 0h00:03.060 2021/05/25T19:19:24z: BME280 (0x76)
 0h00:03.074 2021/05/25T19:19:24z: 10:52:1c:4c:86:4
 0h00:03.076 2021/05/25T19:19:24z: SSID: Apollonia Students Halls
 0h00:03.081 2021/05/25T19:19:24z: AP_STAR tmr
 ets Jan  8 2013,rst cause:1, boot mode:(3,7)

load 0x4010f000, len 1384, room 16 
tail 8
chksum 0x2d
csum 0x2d
v8b899c12
~ld


6.01
 0h00:03.050 2021/05/25T19:39:20z: DS3231
 0h00:03.065 2021/05/25T19:39:20z: BME280 (0x76)
 0h00:03.080 2021/05/25T19:39:20z: 10:52:1c:4c:86:4
 0h00:03.081 2021/05/25T19:39:20z: SSID: Apollonia Students Halls
 0h00:03.086 2021/05/25T19:39:20z: AP_STAR tmr
 ets Jan  8 2013,rst cause:1, boot mode:(3,7)

load 0x4010f000, len 1384, room 16 
tail 8
chksum 0x2d
csum 0x2d
v8b899c12
~ld


6.01
 0h00:03.053 2021/05/25T19:59:16z: DS3231
 0h00:03.068 2021/05/25T19:59:16z: BME280 (0x76)
 0h00:03.083 2021/05/25T19:59:16z: 10:52:1c:4c:86:4
 0h00:03.084 2021/05/25T19:59:16z: SSID: Apollonia Students Halls
 0h00:03.089 2021/05/25T19:59:16z: AP_STAR tmr
 ets Jan  8 2013,rst cause:1, boot mode:(3,7)

load 0x4010f000, len 1384, room 16 
tail 8
chksum 0x2d
csum 0x2d
v8b899c12
~ld


6.01
 0h00:03.055 2021/05/25T20:19:13z: DS3231
 0h00:03.070 2021/05/25T20:19:13z: BME280 (0x76)
 0h00:03.084 2021/05/25T20:19:13z: 10:52:1c:4c:86:4
 0h00:03.086 2021/05/25T20:19:13z: SSID: Apollonia Students Halls
 0h00:03.091 2021/05/25T20:19:13z: AP_STAR tmr
 ets Jan  8 2013,rst cause:1, boot mode:(3,7)

load 0x4010f000, len 1384, room 16 
tail 8
chksum 0x2d
csum 0x2d
v8b899c12
~ld


6.01
 0h00:03.065 2021/05/25T20:39:09z: DS3231
 0h00:03.080 2021/05/25T20:39:09z: BME280 (0x76)
 0h00:03.095 2021/05/25T20:39:09z: 10:52:1c:4c:86:4
 0h00:03.096 2021/05/25T20:39:09z: SSID: Apollonia Students Halls
 0h00:03.101 2021/05/25T20:39:09z: AP_STAR tmr
 ets Jan  8 2013,rst cause:1, boot mode:(3,7)

load 0x4010f000, len 1384, room 16 
tail 8
chksum 0x2d
csum 0x2d
v8b899c12
~ld


6.01
 0h00:03.068 2021/05/25T20:59:06z: DS3231
 0h00:03.083 2021/05/25T20:59:06z: BME280 (0x76)
 0h00:03.097 2021/05/25T20:59:06z: 10:52:1c:4c:86:4
 0h00:03.099 2021/05/25T20:59:06z: SSID: Apollonia Students Halls
 0h00:03.104 2021/05/25T20:59:06z: AP_STAR tmr
 ets Jan  8 2013,rst cause:1, boot mode:(3,7)

load 0x4010f000, len 1384, room 16 
tail 8
chksum 0x2d
csum 0x2d
v8b899c12
~ld


6.01
 0h00:03.044 2021/05/25T21:19:02z: DS3231
 0h00:03.059 2021/05/25T21:19:02z: BME280 (0x76)
 0h00:03.074 2021/05/25T21:19:02z: 10:52:1c:4c:86:4
 0h00:03.075 2021/05/25T21:19:02z: SSID: Apollonia Students Halls
 0h00:03.081 2021/05/25T21:19:02z: AP_STAR tmr
 ets Jan  8 2013,rst cause:1, boot mode:(3,7)

load 0x4010f000, len 1384, room 16 
tail 8
chksum 0x2d
csum 0x2d
v8b899c12
~ld


6.01
 0h00:03.044 2021/05/25T21:38:58z: DS3231
 0h00:03.059 2021/05/25T21:38:58z: BME280 (0x76)
 0h00:03.074 2021/05/25T21:38:58z: 10:52:1c:4c:86:4
 0h00:03.075 2021/05/25T21:38:58z: SSID: Apollonia Students Halls
 0h00:03.080 2021/05/25T21:38:58z: AP_STAR tmr
 ets Jan  8 2013,rst cause:1, boot mode:(3,7)

load 0x4010f000, len 1384, room 16 
tail 8
chksum 0x2d
csum 0x2d
v8b899c12
~ld


6.01
 0h00:03.040 2021/05/25T21:58:54z: DS3231
 0h00:03.056 2021/05/25T21:58:54z: BME280 (0x76)
 0h00:03.070 2021/05/25T21:58:54z: 10:52:1c:4c:86:4
 0h00:03.071 2021/05/25T21:58:54z: SSID: Apollonia Students Halls
 0h00:03.077 2021/05/25T21:58:54z: AP_STAR tmr
 ets Jan  8 2013,rst cause:1, boot mode:(3,7)

load 0x4010f000, len 1384, room 16 
tail 8
chksum 0x2d
csum 0x2d
v8b899c12
~ld


6.01
 0h00:03.041 2021/05/25T22:18:50z: DS3231
 0h00:03.056 2021/05/25T22:18:50z: BME280 (0x76)
 0h00:03.070 2021/05/25T22:18:50z: 10:52:1c:4c:86:4
 0h00:03.072 2021/05/25T22:18:50z: SSID: Apollonia Students Halls
 0h00:03.077 2021/05/25T22:18:50z: AP_STAR tmr
 ets Jan  8 2013,rst cause:1, boot mode:(3,7)

load 0x4010f000, len 1384, room 16 
tail 8
chksum 0x2d
csum 0x2d
v8b899c12
~ld


6.01
 0h00:03.046 2021/05/25T22:38:46z: DS3231
 0h00:03.061 2021/05/25T22:38:46z: BME280 (0x76)
 0h00:03.075 2021/05/25T22:38:46z: 10:52:1c:4c:86:4
 0h00:03.077 2021/05/25T22:38:46z: SSID: Apollonia Students Halls
 0h00:03.082 2021/05/25T22:38:46z: AP_STAR tmr
 ets Jan  8 2013,rst cause:1, boot mode:(3,7)

load 0x4010f000, len 1384, room 16 
tail 8
chksum 0x2d
csum 0x2d
v8b899c12
~ld


6.01
 0h00:03.049 2021/05/25T22:58:42z: DS3231
 0h00:03.064 2021/05/25T22:58:42z: BME280 (0x76)
 0h00:03.079 2021/05/25T22:58:42z: 10:52:1c:4c:86:4
 0h00:03.080 2021/05/25T22:58:42z: SSID: Apollonia Students Halls
 0h00:03.085 2021/05/25T22:58:42z: AP_STAR tmr
 ets Jan  8 2013,rst cause:1, boot mode:(3,7)

load 0x4010f000, len 1384, room 16 
tail 8
chksum 0x2d
csum 0x2d
v8b899c12
~ld


6.01
 0h00:03.058 2021/05/25T23:18:38z: DS3231
 0h00:03.073 2021/05/25T23:18:38z: BME280 (0x76)
 0h00:03.087 2021/05/25T23:18:38z: 10:52:1c:4c:86:4
 0h00:03.089 2021/05/25T23:18:38z: SSID: Apollonia Students Halls
 0h00:03.094 2021/05/25T23:18:38z: AP_STAR tmr
 ets Jan  8 2013,rst cause:1, boot mode:(3,7)

load 0x4010f000, len 1384, room 16 
tail 8
chksum 0x2d
csum 0x2d
v8b899c12
~ld


6.01
 0h00:03.068 2021/05/25T23:38:34z: DS3231
 0h00:03.083 2021/05/25T23:38:34z: BME280 (0x76)
 0h00:03.097 2021/05/25T23:38:34z: 10:52:1c:4c:86:4
 0h00:03.099 2021/05/25T23:38:34z: SSID: Apollonia Students Halls
 0h00:03.104 2021/05/25T23:38:34z: AP_STAR tmr
 ets Jan  8 2013,rst cause:1, boot mode:(3,7)

load 0x4010f000, len 1384, room 16 
tail 8
chksum 0x2d
csum 0x2d
v8b899c12
~ld


6.01
 0h00:03.044 2021/05/25T23:58:30z: DS3231
 0h00:03.060 2021/05/25T23:58:30z: BME280 (0x76)
 0h00:03.074 2021/05/25T23:58:30z: 10:52:1c:4c:86:4
 0h00:03.076 2021/05/25T23:58:30z: SSID: Apollonia Students Halls
 0h00:03.081 2021/05/25T23:58:30z: AP_STA