R tmr
 ets Jan  8 2013,rst cause:1, boot mode:(3,7)

load 0x4010f000, len 1384, room 16 
tail 8
chksum 0x2d
csum 0x2d
v8b899c12
~ld


6.01
 0h00:03.038 2021/05/26T00:18:26z: DS3231
 0h00:03.053 2021/05/26T00:18:26z: BME280 (0x76)
 0h00:03.067 2021/05/26T00:18:26z: 10:52:1c:4c:86:4
 0h00:03.069 2021/05/26T00:18:26z: SSID: Apollonia Students Halls
 0h00:03.074 2021/05/26T00:18:26z: AP_STAR tmr
 ets Jan  8 2013,rst cause:1, boot mode:(3,7)

load 0x4010f000, len 1384, room 16 
tail 8
chksum 0x2d
csum 0x2d
v8b899c12
~ld


6.01
 0h00:03.039 2021/05/26T00:38:22z: DS3231
 0h00:03.055 2021/05/26T00:38:22z: BME280 (0x76)
 0h00:03.069 2021/05/26T00:38:22z: 10:52:1c:4c:86:4
 0h00:03.071 2021/05/26T00:38:22z: SSID: Apollonia Students Halls
 0h00:03.076 2021/05/26T00:38:22z: AP_STAR tmr
 ets Jan  8 2013,rst cause:1, boot mode:(3,7)

load 0x4010f000, len 1384, room 16 
tail 8
chksum 0x2d
csum 0x2d
v8b899c12
~ld


6.01
 0h00:03.046 2021/05/26T00:58:18z: DS3231
 0h00:03.061 2021/05/26T00:58:18z: BME280 (0x76)
 0h00:03.075 2021/05/26T00:58:18z: 10:52:1c:4c:86:4
 0h00:03.077 2021/05/26T00:58:18z: SSID: Apollonia Students Halls
 0h00:03.082 2021/05/26T00:58:18z: AP_STAR tmr
 ets Jan  8 2013,rst cause:1, boot mode:(3,7)

load 0x4010f000, len 1384, room 16 
tail 8
chksum 0x2d
csum 0x2d
v8b899c12
~ld


6.01
 0h00:03.046 2021/05/26T01:18:14z: DS3231
 0h00:03.062 2021/05/26T01:18:14z: BME280 (0x76)
 0h00:03.076 2021/05/26T01:18:15z: 10:52:1c:4c:86:4
 0h00:03.077 2021/05/26T01:18:15z: SSID: Apollonia Students Halls
 0h00:03.083 2021/05/26T01:18:15z: AP_STAR tmr
 ets Jan  8 2013,rst cause:1, boot mode:(3,7)

load 0x4010f000, len 1384, room 16 
tail 8
chksum 0x2d
csum 0x2d
v8b899c12
~ld


6.01
 0h00:03.050 2021/05/26T01:38:10z: DS3231
 0h00:03.066 2021/05/26T01:38:10z: BME280 (0x76)
 0h00:03.080 2021/05/26T01:38:10z: 10:52:1c:4c:86:4
 0h00:03.082 2021/05/26T01:38:10z: SSID: Apollonia Students Halls
 0h00:03.087 2021/05/26T01:38:10z: AP_STAR tmr
 ets Jan  8 2013,rst cause:1, boot mode:(3,7)

load 0x4010f000, len 1384, room 16 
tail 8
chksum 0x2d
csum 0x2d
v8b899c12
~ld


6.01
 0h00:03.065 2021/05/26T01:58:06z: DS3231
 0h00:03.080 2021/05/26T01:58:06z: BME280 (0x76)
 0h00:03.094 2021/05/26T01:58:06z: 10:52:1c:4c:86:4
 0h00:03.096 2021/05/26T01:58:06z: SSID: Apollonia Students Halls
 0h00:03.101 2021/05/26T01:58:06z: AP_STAR tmr
 ets Jan  8 2013,rst cause:1, boot mode:(3,7)

load 0x4010f000, len 1384, room 16 
tail 8
chksum 0x2d
csum 0x2d
v8b899c12
~ld


6.01
 0h00:03.072 2021/05/26T02:18:01z: DS3231
 0h00:03.087 2021/05/26T02:18:01z: BME280 (0x76)
 0h00:03.102 2021/05/26T02:18:01z: 10:52:1c:4c:86:4
 0h00:03.103 2021/05/26T02:18:01z: SSID: Apollonia Students Halls
 0h00:03.109 2021/05/26T02:18:01z: AP_STAR tmr
 ets Jan  8 2013,rst cause:1, boot mode:(3,7)

load 0x4010f000, len 1384, room 16 
tail 8
chksum 0x2d
csum 0x2d
v8b899c12
~ld


6.01
 0h00:03.044 2021/05/26T02:37:58z: DS3231
 0h00:03.059 2021/05/26T02:37:58z: BME280 (0x76)
 0h00:03.074 2021/05/26T02:37:58z: 10:52:1c:4c:86:4
 0h00:03.075 2021/05/26T02:37:58z: SSID: Apollonia Students Halls
 0h00:03.080 2021/05/26T02:37:58z: AP_STAR tmr
 ets Jan  8 2013,rst cause:1, boot mode:(3,7)

load 0x4010f000, len 1384, room 16 
tail 8
chksum 0x2d
csum 0x2d
v8b899c12
~ld


6.01
 0h00:03.044 2021/05/26T02:57:54z: DS3231
 0h00:03.059 2021/05/26T02:57:54z: BME280 (0x76)
 0h00:03.073 2021/05/26T02:57:54z: 10:52:1c:4c:86:4
 0h00:03.075 2021/05/26T02:57:54z: SSID: Apollonia Students Halls
 0h00:03.080 2021/05/26T02:57:54z: AP_STAR tmr
 ets Jan  8 2013,rst cause:1, boot mode:(3,7)

load 0x4010f000, len 1384, room 16 
tail 8
chksum 0x2d
csum 0x2d
v8b899c12
~ld


6.01
 0h00:03.042 2021/05/26T03:17:50z: DS3231
 0h00:03.057 2021/05/26T03:17:50z: BME280 (0x76)
 0h00:03.071 2021/05/26T03:17:50z: 10:52:1c:4c:86:4
 0h00:03.073 2021/05/26T03:17:50z: SSID: Apollonia Students Halls
 0h00:03.078 2021/05/26T03:17:50z: AP_STAR tmr
 ets Jan  8 2013,rst cause:1, boot mode:(3,7)

load 0x4010f000, len 1384, room 16 
tail 8
chksum 0x2d
csum 0x2d
v8b899c12
~ld


6.01
 0h00:03.036 2021/05/26T03:37:46z: DS3231
 0h00:03.051 2021/05/26T03:37:46z: BME280 (0x76)
 0h00:03.066 2021/05/26T03:37:46z: 10:52:1c:4c:86:4
 0h00:03.067 2021/05/26T03:37:46z: SSID: Apollonia Students Halls
 0h00:03.072 2021/05/26T03:37:46z: AP_STAR tmr
 ets Jan  8 2013,rst cause:1, boot mode:(3,7)

load 0x4010f000, len 1384, room 16 
tail 8
chksum 0x2d
csum 0x2d
v8b899c12
~ld


6.01
 0h00:03.048 2021/05/26T03:57:42z: DS3231
 0h00:03.064 2021/05/26T03:57:42z: BME280 (0x76)
 0h00:03.078 2021/05/26T03:57:42z: 10:52:1c:4c:86:4
 0h00:03.079 2021/05/26T03:57:42z: SSID: Apollonia Students Halls
 0h00:03.085 2021/05/26T03:57:42z: AP_STAR tmr
 ets Jan  8 2013,rst cause:1, boot mode:(3,7)

load 0x4010f000, len 1384, room 16 
tail 8
chksum 0x2d
csum 0x2d
v8b899c12
~ld


6.01
 0h00:03.048 2021/05/26T04:17:39z: DS3231
 0h00:03.063 2021/05/26T04:17:39z: BME280 (0x76)
 0h00:03.077 2021/05/26T04:17:39z: 10:52:1c:4c:86:4
 0h00:03.079 2021/05/26T04:17:39z: SSID: Apollonia Students Halls
 0h00:03.084 2021/05/26T04:17:39z: AP_STAR tmr
 ets Jan  8 2013,rst cause:1, boot mode:(3,7)

load 0x4010f000, len 1384, room 16 
tail 8
chksum 0x2d
csum 0x2d
v8b899c12
~ld


6.01
 0h00:03.054 2021/05/26T04:37:35z: DS3231
 0h00:03.069 2021/05/26T04:37:35z: BME280 (0x76)
 0h00:03.084 2021/05/26T04:37:35z: 10:52:1c:4c:86:4
 0h00:03.085 2021/05/26T04:37:35z: SSID: Apollonia Students Halls
 0h00:03.090 2021/05/26T04:37:35z: AP_STAR tmr
 ets Jan  8 2013,rst cause:1, boot mode:(3,7)

load 0x4010f000, len 1384, room 16 
tail 8
chksum 0x2d
csum 0x2d
v8b899c12
~ld


6.01
 0h00:03.067 2021/05/26T04:57:31z: DS3231
 0h00:03.082 2021/05/26T04:57:31z: BME280 (0x76)
 0h00:03.096 2021/05/26T04:57:31z: 10:52:1c:4c:86:4
 0h00:03.098 2021/05/26T04:57:31z: SSID: Apollonia Students Halls
 0h00:03.103 2021/05/26T04:57:31z: AP_STAR tmr
 ets Jan  8 2013,rst cause:1, boot mode:(3,7)

load 0x4010f000, len 1384, room 16 
tail 8
chksum 0x2d
csum 0x2d
v8b899c12
~ld


6.01
 0h00:03.034 2021/05/26T05:17:27z: DS3231
 0h00:03.050 2021/05/26T05:17:27z: BME280 (0x76)
 0h00:03.064 2021/05/26T05:17:27z: 10:52:1c:4c:86:4
 0h00:03.065 2021/05/26T05:17:27z: SSID: Apollonia Students Halls
 0h00:03.071 2021/05/26T05:17:27z: AP_STAR tmr
 ets Jan  8 2013,rst cause:1, boot mode:(3,7)

load 0x4010f000, len 1384, room 16 
tail 8
chksum 0x2d
csum 0x2d
v8b899c12
~ld


6.01
 0h00:03.046 2021/05/26T05:37:23z: DS3231
 0h00:03.061 2021/05/26T05:37:23z: BME280 (0x76)
 0h00:03.075 2021/05/26T05:37:23z: 10:52:1c:4c:86:4
 0h00:03.077 2021/05/26T05:37:23z: SSID: Apollonia Students Halls
 0h00:03.082 2021/05/26T05:37:23z: AP_STAR tmr
 ets Jan  8 2013,rst cause:1, boot mode:(3,7)

load 0x4010f000, len 1384, room 16 
tail 8
chksum 0x2d
csum 0x2d
v8b899c12
~ld


6.01
 0h00:03.039 2021/05/26T05:57:19z: DS3231
 0h00:03.054 2021/05/26T05:57:19z: BME280 (0x76)
 0h00:03.068 2021/05/26T05:57:19z: 10:52:1c:4c:86:4
 0h00:03.070 2021/05/26T05:57:19z: SSID: Apollonia Students Halls
 0h00:03.075 2021/05/26T05:57:19z: AP_STAR tmr
 ets Jan  8 2013,rst cause:1, boot mode:(3,7)

load 0x4010f000, len 1384, room 16 
tail 8
chksum 0x2d
csum 0x2d
v8b899c12
~ld


6.01
 0h00:03.043 2021/05/26T06:17:15z: DS3231
 0h00:03.059 2021/05/26T06:17:15z: BME280 (0x76)
 0h00:03.073 2021/05/26T06:17:15z: 10:52:1c:4c:86:4
 0h00:03.074 2021/05/26T06:17:15z: SSID: Apollonia Students Halls
 0h00:03.080 2021/05/26T06:17:15z: AP_STAR tmr
 ets Jan  8 2013,rst cause:1, boot mode:(3,7)

load 0x4010f000, len 1384, room 16 
tail 8
chksum 0x2d
csum 0x2d
v8b899c12
~ld


6.01
 0h00:03.051 2021/05/26T06:37:11z: DS3231
 0h00:03.066 2021/05/26T06:37:11z: BME280 (0x76)
 0h00:03.080 2021/05/26T06:37:11z: 10:52:1c:4c:86:4
 0h00:03.082 2021/05/26T06:37:11z: SSID: Apollonia Students Halls
 0h00:03.087 2021/05/26T06:37:11z: AP_STAR tmr
 ets Jan  8 2013,rst cause:1, boot mode:(3,7)

load 0x4010f000, len 1384, room 16 
tail 8
chksum 0x2d
csum 0x2d
v8b899c12
~ld


6.01
 0h00:03.062 2021/05/26T06:57:08z: DS3231
 0h00:03.078 2021/05/26T06:57:08z: BME280 (0x76)
 0h00:03.092 2021/05/26T06:57:08z: 10:52:1c:4c:86:4
 0h00:03.093 2021/05/26T06:57:08z: SSID: Apollonia Students Halls
 0h00:03.099 2021/05/26T06:57:08z: AP_STAR tmr
 ets Jan  8 2013,rst cause:1, boot mode:(3,7)

load 0x4010f000, len 1384, room 16 
tail 8
chksum 0x2d
csum 0x2d
v8b899c12
~ld


6.01
 0h00:03.057 2021/05/26T07:17:04z: DS3231
 0h00:03.072 2021/05/26T07:17:04z: BME280 (0x76)
 0h00:03.086 2021/05/26T07:17:04z: 10:52:1c:4c:86:4
 0h00:03.088 2021/05/26T07:17:04z: SSID: Apollonia Students Halls
 0h00:03.093 2021/05/26T07:17:04z: AP_STAR tmr
 ets Jan  8 2013,rst cause:1, boot mode:(3,7)

load 0x4010f000, len 1384, room 16 
tail 8
chksum 0x2d
csum 0x2d
v8b899c12
~ld


6.01
 0h00:03.068 2021/05/26T07:36:59z: DS3231
 0h00:03.083 2021/05/26T07:36:59z: BME280 (0x76)
 0h00:03.097 2021/05/26T07:36:59z: 10:52:1c:4c:86:4
 0h00:03.099 2021/05/26T07:36:59z: SSID: Apollonia Students Halls
 0h00:03.104 2021/05/26T07:36:59z: AP_STAR tmr
 ets Jan  8 2013,rst cause:1, boot mode:(3,7)

load 0x4010f000, len 1384, room 16 
tail 8
chksum 0x2d
csum 0x2d
v8b899c12
~ld


6.01
 0h00:03.041 2021/05/26T07:56:55z: DS3231
 0h00:03.056 2021/05/26T07:56:55z: BME280 (0x76)
 0h00:03.071 2021/05/26T07:56:55z: 10:52:1c:4c:86:4
 0h00:03.072 2021/05/26T07:56:55z: SSID: Apollonia Students Halls
 0h00:03.077 2021/05/26T07:56:55z: AP_STAR tmr
 ets Jan  8 2013,rst cause:1, boot mode:(3,7)

load 0x4010f000, len 1384, room 16 
tail 8
chksum 0x2d
csum 0x2d
v8b899c12
~ld


6.01
 0h00:03.041 2021/05/26T08:16:51z: DS3231
 0h00:03.056 2021/05/26T08:16:51z: BME280 (0x76)
 0h00:03.070 2021/05/26T08:16:51z: 10:52:1c:4c:86:4
 0h00:03.072 2021/05/26T08:16:51z: SSID: Apollonia Students Halls
 0h00:03.077 2021/05/26T08:16:51z: AP_STAR tmr
 ets Jan  8 2013,rst cause:1, boot mode:(3,7)

load 0x4010f000, len 1384, room 16 
tail 8
chksum 0x2d
csum 0x2d
v8b899c12
~ld


6.01
 0h00:03.043 2021/05/26T08:36:47z: DS3231
 0h00:03.059 2021/05/26T08:36:47z: BME280 (0x76)
 0h00:03.073 2021/05/26T08:36:47z: 10:52:1c:4c:86:4
 0h00:03.074 2021/05/26T08:36:47z: SSID: Apollonia Students Halls
 0h00:03.080 2021/05/26T08:36:47z: AP_STAR tmr
 ets Jan  8 2013,rst cause:1, boot mode:(3,0)

load 0x4010f000, len 1384, room 16 
tail 8
chksum 0x2d
csum 0x2d
v8b899c12
~ld


6.01
 0h00:03.046 2021/05/26T09:09:50z: DS3231
 0h00:03.061 2021/05/26T09:09:50z: BME280 (0x76)
 0h00:03.075 2021/05/26T09:09:50z: 10:52:1c:4c:86:4
 0h00:03.077 2021/05/26T09:09:50z: SSID: Apollonia Students Halls
 0h00:03.082 2021/05/26T09:09:50z: AP_STAR tmr
 ets Jan  8 2013,rst cause:1, boot mode:(3,0)

load 0x4010f000, len 1384, room 16 
tail 8
chksum 0x2d
csum 0x2d
v8b899c12
~ld


6.01
 0h00:03.048 2021/05/26T09:29:46z: DS3231
 0h00:03.063 2021/05/26T09:29:46z: BME280 (0x76)
 0h00:03.077 2021/05/26T09:29:46z: 10:52:1c:4c:86:4
 0h00:03.079 2021/05/26T09:29:46z: SSID: Apollonia Students Halls
 0h00:03.084 2021/05/26T09:29:46z: AP_STAR tmr
 ets Jan  8 2013,rst cause:1, boot mode:(3,0)

load 0x4010f000, len 1384, room 16 
tail 8
chksum 0x2d
csum 0x2d
v8b899c12
~ld


6.01
 0h00:03.051 2021/05/26T09:49:43z: DS3231
 0h00:03.067 2021/05/26T09:49:43z: BME280 (0x76)
 0h00:03.081 2021/05/26T09:49:43z: 10:52:1c:4c:86:4
 0h00:03.083 2021/05/26T09:49:43z: SSID: Apollonia Students Halls
 0h00:03.088 2021/05/26T09:49:43z: AP_STAR tmr
 ets Jan  8 2013,rst cause:1, boot mode:(3,0)

load 0x4010f000, len 1384, room 16 
tail 8
chksum 0x2d
csum 0x2d
v8b899c12
~ld


6.01
 0h00:03.060 2021/05/26T10:09:39z: DS3231
 0h00:03.075 2021/05/26T10:09:39z: BME280 (0x76)
 0h00:03.089 2021/05/26T10:09:39z: 10:52:1c:4c:86:4
 0h00:03.091 2021/05/26T10:09:39z: SSID: Apollonia Students Halls
 0h00:03.096 2021/05/26T10:09:39z: AP_STAR tmr
 ets Jan  8 2013,rst cause:1, boot mode:(3,0)

load 0x4010f000, len 1384, room 16 
tail 8
chksum 0x2d
csum 0x2d
v8b899c12
~ld


6.01
 0h00:03.061 2021/05/26T10:29:35z: DS3231
 0h00:03.076 2021/05/26T10:29:35z: BME280 (0x76)
 0h00:03.091 2021/05/26T10:29:35z: 10:52:1c:4c:86:4
 0h00:03.092 2021/05/26T10:29:35z: SSID: Apollonia Students Halls
 0h00:03.097 2021/05/26T10:29:35z: AP_STA