R tmr
 ets Jan  8 2013,rst cause:1, boot mode:(3,7)

load 0x4010f000, len 1384, room 16 
tail 8
chksum 0x2d
csum 0x2d
v8b899c12
~ld


6.01
 0h00:03.016 2021/05/19T12:24:07z: DS3231
 0h00:03.031 2021/05/19T12:24:07z: BME280 (0x76)
 0h00:03.046 2021/05/19T12:24:07z: 10:52:1c:4d:86:b6
 0h00:03.047 2021/05/19T12:24:07z: SSID: Apollonia Students Halls
 0h00:03.052 2021/05/19T12:24:07z: AP_STAR tmr
 ets Jan  8 2013,rst cause:1, boot mode:(3,7)

load 0x4010f000, len 1384, room 16 
tail 8
chksum 0x2d
csum 0x2d
v8b899c12
~ld


6.01
 0h00:03.017 2021/05/19T12:44:03z: DS3231
 0h00:03.033 2021/05/19T12:44:03z: BME280 (0x76)
 0h00:03.047 2021/05/19T12:44:03z: 10:52:1c:4d:86:b6
 0h00:03.049 2021/05/19T12:44:03z: SSID: Apollonia Students Halls
 0h00:03.054 2021/05/19T12:44:03z: AP_STAR tmr
 ets Jan  8 2013,rst cause:1, boot mode:(3,7)

load 0x4010f000, len 1384, room 16 
tail 8
chksum 0x2d
csum 0x2d
v8b899c12
~ld


6.01
 0h00:03.018 2021/05/19T13:04:00z: DS3231
 0h00:03.033 2021/05/19T13:04:00z: BME280 (0x76)
 0h00:03.047 2021/05/19T13:04:00z: 10:52:1c:4d:86:b6
 0h00:03.049 2021/05/19T13:04:00z: SSID: Apollonia Students Halls
 0h00:03.054 2021/05/19T13:04:00z: AP_STAR tmr
 ets Jan  8 2013,rst cause:1, boot mode:(3,7)

load 0x4010f000, len 1384, room 16 
tail 8
chksum 0x2d
csum 0x2d
v8b899c12
~ld


6.01
 0h00:03.010 2021/05/19T13:23:57z: DS3231
 0h00:03.025 2021/05/19T13:23:57z: BME280 (0x76)
 0h00:03.040 2021/05/19T13:23:57z: 10:52:1c:4d:86:b6
 0h00:03.041 2021/05/19T13:23:57z: SSID: Apollonia Students Halls
 0h00:03.047 2021/05/19T13:23:57z: AP_STAR tmr
 ets Jan  8 2013,rst cause:1, boot mode:(3,7)

load 0x4010f000, len 1384, room 16 
tail 8
chksum 0x2d
csum 0x2d
v8b899c12
~ld


6.01
 0h00:03.020 2021/05/19T13:43:53z: DS3231
 0h00:03.035 2021/05/19T13:43:53z: BME280 (0x76)
 0h00:03.049 2021/05/19T13:43:53z: 10:52:1c:4d:86:b6
 0h00:03.051 2021/05/19T13:43:53z: SSID: Apollonia Students Halls
 0h00:03.056 2021/05/19T13:43:53z: AP_STAR tmr
 ets Jan  8 2013,rst cause:1, boot mode:(3,7)

load 0x4010f000, len 1384, room 16 
tail 8
chksum 0x2d
csum 0x2d
v8b899c12
~ld


6.01
 0h00:03.030 2021/05/19T14:03:50z: DS3231
 0h00:03.045 2021/05/19T14:03:50z: BME280 (0x76)
 0h00:03.060 2021/05/19T14:03:50z: 10:52:1c:4d:86:b6
 0h00:03.061 2021/05/19T14:03:50z: SSID: Apollonia Students Halls
 0h00:03.067 2021/05/19T14:03:50z: AP_STAR tmr
 ets Jan  8 2013,rst cause:1, boot mode:(3,7)

load 0x4010f000, len 1384, room 16 
tail 8
chksum 0x2d
csum 0x2d
v8b899c12
~ld


6.01
 0h00:03.034 2021/05/19T14:23:46z: DS3231
 0h00:03.049 2021/05/19T14:23:46z: BME280 (0x76)
 0h00:03.063 2021/05/19T14:23:46z: 10:52:1c:4d:86:b6
 0h00:03.065 2021/05/19T14:23:46z: SSID: Apollonia Students Halls
 0h00:03.070 2021/05/19T14:23:46z: AP_STAR tmr
 ets Jan  8 2013,rst cause:1, boot mode:(3,7)

load 0x4010f000, len 1384, room 16 
tail 8
chksum 0x2d
csum 0x2d
v8b899c12
~ld


6.01
 0h00:03.046 2021/05/19T14:43:43z: DS3231
 0h00:03.061 2021/05/19T14:43:43z: BME280 (0x76)
 0h00:03.076 2021/05/19T14:43:43z: 10:52:1c:4d:86:b6
 0h00:03.077 2021/05/19T14:43:43z: SSID: Apollonia Students Halls
 0h00:03.083 2021/05/19T14:43:43z: AP_STAR tmr
 ets Jan  8 2013,rst cause:1, boot mode:(3,7)

load 0x4010f000, len 1384, room 16 
tail 8
chksum 0x2d
csum 0x2d
v8b899c12
~ld


6.01
 0h00:03.016 2021/05/19T15:03:40z: DS3231
 0h00:03.031 2021/05/19T15:03:40z: BME280 (0x76)
 0h00:03.045 2021/05/19T15:03:40z: 10:52:1c:4d:86:b6
 0h00:03.047 2021/05/19T15:03:40z: SSID: Apollonia Students Halls
 0h00:03.052 2021/05/19T15:03:40z: AP_STAR tmr
 ets Jan  8 2013,rst cause:1, boot mode:(3,7)

load 0x4010f000, len 1384, room 16 
tail 8
chksum 0x2d
csum 0x2d
v8b899c12
~ld


6.01
 0h00:03.015 2021/05/19T15:23:36z: DS3231
 0h00:03.030 2021/05/19T15:23:36z: BME280 (0x76)
 0h00:03.044 2021/05/19T15:23:36z: 10:52:1c:4d:86:b6
 0h00:03.046 2021/05/19T15:23:36z: SSID: Apollonia Students Halls
 0h00:03.051 2021/05/19T15:23:36z: AP_STAR tmr
 ets Jan  8 2013,rst cause:1, boot mode:(3,7)

load 0x4010f000, len 1384, room 16 
tail 8
chksum 0x2d
csum 0x2d
v8b899c12
~ld


6.01
 0h00:03.014 2021/05/19T15:43:32z: DS3231
 0h00:03.030 2021/05/19T15:43:32z: BME280 (0x76)
 0h00:03.044 2021/05/19T15:43:32z: 10:52:1c:4d:86:b6
 0h00:03.045 2021/05/19T15:43:32z: SSID: Apollonia Students Halls
 0h00:03.051 2021/05/19T15:43:32z: AP_STAR tmr
 ets Jan  8 2013,rst cause:1, boot mode:(3,7)

load 0x4010f000, len 1384, room 16 
tail 8
chksum 0x2d
csum 0x2d
v8b899c12
~ld


6.01
 0h00:03.015 2021/05/19T16:03:29z: DS3231
 0h00:03.031 2021/05/19T16:03:29z: BME280 (0x76)
 0h00:03.045 2021/05/19T16:03:29z: 10:52:1c:4d:86:b6
 0h00:03.046 2021/05/19T16:03:29z: SSID: Apollonia Students Halls
 0h00:03.052 2021/05/19T16:03:29z: AP_STAR tmr
 ets Jan  8 2013,rst cause:1, boot mode:(3,7)

load 0x4010f000, len 1384, room 16 
tail 8
chksum 0x2d
csum 0x2d
v8b899c12
~ld


6.01
 0h00:03.022 2021/05/19T16:23:25z: DS3231
 0h00:03.038 2021/05/19T16:23:25z: BME280 (0x76)
 0h00:03.052 2021/05/19T16:23:25z: 10:52:1c:4d:86:b6
 0h00:03.053 2021/05/19T16:23:25z: SSID: Apollonia Students Halls
 0h00:03.059 2021/05/19T16:23:25z: AP_STAR tmr
 ets Jan  8 2013,rst cause:1, boot mode:(3,7)

load 0x4010f000, len 1384, room 16 
tail 8
chksum 0x2d
csum 0x2d
v8b899c12
~ld


6.01
 0h00:03.029 2021/05/19T16:43:21z: DS3231
 0h00:03.044 2021/05/19T16:43:21z: BME280 (0x76)
 0h00:03.058 2021/05/19T16:43:21z: 10:52:1c:4d:86:b6
 0h00:03.060 2021/05/19T16:43:21z: SSID: Apollonia Students Halls
 0h00:03.065 2021/05/19T16:43:21z: AP_STAR tmr
 ets Jan  8 2013,rst cause:1, boot mode:(3,7)

load 0x4010f000, len 1384, room 16 
tail 8
chksum 0x2d
csum 0x2d
v8b899c12
~ld


6.01
 0h00:03.038 2021/05/19T17:03:17z: DS3231
 0h00:03.053 2021/05/19T17:03:17z: BME280 (0x76)
 0h00:03.067 2021/05/19T17:03:17z: 10:52:1c:4d:86:b6
 0h00:03.069 2021/05/19T17:03:17z: SSID: Apollonia Students Halls
 0h00:03.074 2021/05/19T17:03:17z: AP_STAR tmr
 ets Jan  8 2013,rst cause:1, boot mode:(3,7)

load 0x4010f000, len 1384, room 16 
tail 8
chksum 0x2d
csum 0x2d
v8b899c12
~ld


6.01
 0h00:03.048 2021/05/19T17:23:13z: DS3231
 0h00:03.063 2021/05/19T17:23:13z: BME280 (0x76)
 0h00:03.077 2021/05/19T17:23:13z: 10:52:1c:4d:86:b6
 0h00:03.079 2021/05/19T17:23:13z: SSID: Apollonia Students Halls
 0h00:03.084 2021/05/19T17:23:13z: AP_STAR tmr
 ets Jan  8 2013,rst cause:1, boot mode:(3,7)

load 0x4010f000, len 1384, room 16 
tail 8
chksum 0x2d
csum 0x2d
v8b899c12
~ld


6.01
 0h00:03.018 2021/05/19T17:43:09z: DS3231
 0h00:03.033 2021/05/19T17:43:09z: BME280 (0x76)
 0h00:03.047 2021/05/19T17:43:09z: 10:52:1c:4d:86:b6
 0h00:03.049 2021/05/19T17:43:09z: SSID: Apollonia Students Halls
 0h00:03.054 2021/05/19T17:43:09z: AP_STAR tmr
 ets Jan  8 2013,rst cause:1, boot mode:(3,7)

load 0x4010f000, len 1384, room 16 
tail 8
chksum 0x2d
csum 0x2d
v8b899c12
~ld


6.01
 0h00:03.018 2021/05/19T18:03:06z: DS3231
 0h00:03.033 2021/05/19T18:03:06z: BME280 (0x76)
 0h00:03.047 2021/05/19T18:03:06z: 10:52:1c:4d:86:b6
 0h00:03.049 2021/05/19T18:03:06z: SSID: Apollonia Students Halls
 0h00:03.054 2021/05/19T18:03:06z: AP_STAR tmr
 ets Jan  8 2013,rst cause:1, boot mode:(3,7)

load 0x4010f000, len 1384, room 16 
tail 8
chksum 0x2d
csum 0x2d
v8b899c12
~ld


6.01
 0h00:03.017 2021/05/19T18:23:02z: DS3231
 0h00:03.032 2021/05/19T18:23:02z: BME280 (0x76)
 0h00:03.046 2021/05/19T18:23:02z: 10:52:1c:4d:86:b6
 0h00:03.048 2021/05/19T18:23:02z: SSID: Apollonia Students Halls
 0h00:03.053 2021/05/19T18:23:02z: AP_STAR tmr
 ets Jan  8 2013,rst cause:1, boot mode:(3,7)

load 0x4010f000, len 1384, room 16 
tail 8
chksum 0x2d
csum 0x2d
v8b899c12
~ld


6.01
 0h00:03.009 2021/05/19T18:42:59z: DS3231
 0h00:03.024 2021/05/19T18:42:59z: BME280 (0x76)
 0h00:03.038 2021/05/19T18:42:59z: 10:52:1c:4d:86:b6
 0h00:03.040 2021/05/19T18:42:59z: SSID: Apollonia Students Halls
 0h00:03.045 2021/05/19T18:42:59z: AP_STAR tmr
 ets Jan  8 2013,rst cause:1, boot mode:(3,7)

load 0x4010f000, len 1384, room 16 
tail 8
chksum 0x2d
csum 0x2d
v8b899c12
~ld


6.01
 0h00:03.017 2021/05/19T19:02:55z: DS3231
 0h00:03.033 2021/05/19T19:02:55z: BME280 (0x76)
 0h00:03.047 2021/05/19T19:02:55z: 10:52:1c:4d:86:b6
 0h00:03.049 2021/05/19T19:02:55z: SSID: Apollonia Students Halls
 0h00:03.054 2021/05/19T19:02:55z: AP_STAR tmr
 ets Jan  8 2013,rst cause:1, boot mode:(3,7)

load 0x4010f000, len 1384, room 16 
tail 8
chksum 0x2d
csum 0x2d
v8b899c12
~ld


6.01
 0h00:03.023 2021/05/19T19:22:52z: DS3231
 0h00:03.038 2021/05/19T19:22:52z: BME280 (0x76)
 0h00:03.052 2021/05/19T19:22:52z: 10:52:1c:4d:86:b6
 0h00:03.054 2021/05/19T19:22:52z: SSID: Apollonia Students Halls
 0h00:03.059 2021/05/19T19:22:52z: AP_STAR tmr
 ets Jan  8 2013,rst cause:1, boot mode:(3,7)

load 0x4010f000, len 1384, room 16 
tail 8
chksum 0x2d
csum 0x2d
v8b899c12
~ld


6.01
 0h00:03.029 2021/05/19T19:42:48z: DS3231
 0h00:03.044 2021/05/19T19:42:48z: BME280 (0x76)
 0h00:03.058 2021/05/19T19:42:48z: 10:52:1c:4d:86:b6
 0h00:03.060 2021/05/19T19:42:48z: SSID: Apollonia Students Halls
 0h00:03.065 2021/05/19T19:42:48z: AP_STAR tmr
 ets Jan  8 2013,rst cause:1, boot mode:(3,7)

load 0x4010f000, len 1384, room 16 
tail 8
chksum 0x2d
csum 0x2d
v8b899c12
~ld


6.01
 0h00:03.034 2021/05/19T20:02:44z: DS3231
 0h00:03.050 2021/05/19T20:02:44z: BME280 (0x76)
 0h00:03.064 2021/05/19T20:02:44z: 10:52:1c:4d:86:b6
 0h00:03.065 2021/05/19T20:02:44z: SSID: Apollonia Students Halls
 0h00:03.071 2021/05/19T20:02:44z: AP_STAR tmr
 ets Jan  8 2013,rst cause:1, boot mode:(3,7)

load 0x4010f000, len 1384, room 16 
tail 8
chksum 0x2d
csum 0x2d
v8b899c12
~ld


6.01
 0h00:03.016 2021/05/19T20:22:41z: DS3231
 0h00:03.031 2021/05/19T20:22:41z: BME280 (0x76)
 0h00:03.046 2021/05/19T20:22:41z: 10:52:1c:4d:86:b6
 0h00:03.047 2021/05/19T20:22:41z: SSID: Apollonia Students Halls
 0h00:03.052 2021/05/19T20:22:41z: AP_STAR tmr
 ets Jan  8 2013,rst cause:1, boot mode:(3,7)

load 0x4010f000, len 1384, room 16 
tail 8
chksum 0x2d
csum 0x2d
v8b899c12
~ld


6.01
 0h00:03.009 2021/05/19T20:42:39z: DS3231
 0h00:03.024 2021/05/19T20:42:39z: BME280 (0x76)
 0h00:03.038 2021/05/19T20:42:39z: 10:52:1c:4d:86:b6
 0h00:03.040 2021/05/19T20:42:39z: SSID: Apollonia Students Halls
 0h00:03.045 2021/05/19T20:42:39z: AP_STAR tmr
 ets Jan  8 2013,rst cause:1, boot mode:(3,7)

load 0x4010f000, len 1384, room 16 
tail 8
chksum 0x2d
csum 0x2d
v8b899c12
~ld


6.01
 0h00:03.011 2021/05/19T21:02:35z: DS3231
 0h00:03.026 2021/05/19T21:02:35z: BME280 (0x76)
 0h00:03.040 2021/05/19T21:02:35z: 10:52:1c:4d:86:b6
 0h00:03.042 2021/05/19T21:02:35z: SSID: Apollonia Students Halls
 0h00:03.047 2021/05/19T21:02:35z: AP_STAR tmr
 ets Jan  8 2013,rst cause:1, boot mode:(3,7)

load 0x4010f000, len 1384, room 16 
tail 8
chksum 0x2d
csum 0x2d
v8b899c12
~ld


6.01
 0h00:03.012 2021/05/19T21:22:32z: DS3231
 0h00:03.027 2021/05/19T21:22:32z: BME280 (0x76)
 0h00:03.041 2021/05/19T21:22:32z: 10:52:1c:4d:86:b6
 0h00:03.043 2021/05/19T21:22:32z: SSID: Apollonia Students Halls
 0h00:03.048 2021/05/19T21:22:32z: AP_STAR tmr
 ets Jan  8 2013,rst cause:1, boot mode:(3,7)

load 0x4010f000, len 1384, room 16 
tail 8
chksum 0x2d
csum 0x2d
v8b899c12
~ld


6.01
 0h00:03.013 2021/05/19T21:42:29z: DS3231
 0h00:03.028 2021/05/19T21:42:29z: BME280 (0x76)
 0h00:03.042 2021/05/19T21:42:29z: 10:52:1c:4d:86:b6
 0h00:03.044 2021/05/19T21:42:29z: SSID: Apollonia Students Halls
 0h00:03.049 2021/05/19T21:42:29z: AP_STAR tmr
 ets Jan  8 2013,rst cause:1, boot mode:(3,7)

load 0x4010f000, len 1384, room 16 
tail 8
chksum 0x2d
csum 0x2d
v8b899c12
~ld


6.01
 0h00:03.024 2021/05/19T22:02:25z: DS3231
 0h00:03.039 2021/05/19T22:02:25z: BME280 (0x76)
 0h00:03.053 2021/05/19T22:02:25z: 10:52:1c:4d:86:b6
 0h00:03.055 2021/05/19T22:02:25z: SSID: Apollonia Students Halls
 0h00:03.060 2021/05/19T22:02:25z: AP_STAR tmr
 ets Jan  8 2013,rst cause:1, boot mode:(3,7)

load 0x4010f000, len 1384, room 16 
tail 8
chksum 0x2d
csum 0x2d
v8b899c12
~ld


6.01
 0h00:03.033 2021/05/19T22:22:21z: DS3231
 0h00:03.049 2021/05/19T22:22:21z: BME280 (0x76)
 0h00:03.063 2021/05/19T22:22:21z: 10:52:1c:4d:86:b6
 0h00:03.065 2021/05/19T22:22:21z: SSID: Apollonia Students Halls
 0h00:03.070 2021/05/19T22:22:21z: AP_STAR tmr
 ets Jan  8 2013,rst cause:1, boot mode:(3,7)

load 0x4010f000, len 1384, room 16 
tail 8
chksum 0x2d
csum 0x2d
v8b899c12
~ld


6.01
 0h00:03.041 2021/05/19T22:42:17z: DS3231
 0h00:03.056 2021/05/19T22:42:17z: BME280 (0x76)
 0h00:03.070 2021/05/19T22:42:17z: 10:52:1c:4d:86:b6
 0h00:03.072 2021/05/19T22:42:17z: SSID: Apollonia Students Halls
 0h00:03.077 2021/05/19T22:42:17z: AP_STAR tmr
 ets Jan  8 2013,rst cause:1, boot mode:(3,7)

load 0x4010f000, len 1384, room 16 
tail 8
chksum 0x2d
csum 0x2d
v8b899c12
~ld


6.01
 0h00:03.013 2021/05/19T23:02:13z: DS3231
 0h00:03.029 2021/05/19T23:02:13z: BME280 (0x76)
 0h00:03.043 2021/05/19T23:02:13z: 10:52:1c:4d:86:b6
 0h00:03.044 2021/05/19T23:02:13z: SSID: Apollonia Students Halls
 0h00:03.050 2021/05/19T23:02:13z: AP_STAR tmr
 ets Jan  8 2013,rst cause:1, boot mode:(3,7)

load 0x4010f000, len 1384, room 16 
tail 8
chksum 0x2d
csum 0x2d
v8b899c12
~ld


6.01
 0h00:03.019 2021/05/19T23:22:09z: DS3231
 0h00:03.035 2021/05/19T23:22:09z: BME280 (0x76)
 0h00:03.049 2021/05/19T23:22:09z: 10:52:1c:4d:86:b6
 0h00:03.050 2021/05/19T23:22:09z: SSID: Apollonia Students Halls
 0h00:03.056 2021/05/19T23:22:09z: AP_STAR tmr
 ets Jan  8 2013,rst cause:1, boot mode:(3,7)

load 0x4010f000, len 1384, room 16 
tail 8
chksum 0x2d
csum 0x2d
v8b899c12
~ld


6.01
 0h00:03.023 2021/05/19T23:42:06z: DS3231
 0h00:03.038 2021/05/19T23:42:06z: BME280 (0x76)
 0h00:03.052 2021/05/19T23:42:06z: 10:52:1c:4d:86:b6
 0h00:03.054 2021/05/19T23:42:06z: SSID: Apollonia Students Halls
 0h00:03.059 2021/05/19T23:42:06z: AP_STA