R tmr
 ets Jan  8 2013,rst cause:1, boot mode:(3,7)

load 0x4010f000, len 1384, room 16 
tail 8
chksum 0x2d
csum 0x2d
v8b899c12
~ld


6.01
 0h00:03.014 2021/06/30T00:17:18z: DS3231
 0h00:03.030 2021/06/30T00:17:18z: BME280 (0x76)
 0h00:03.044 2021/06/30T00:17:18z: 10:52:1c:41:79:b5
 0h00:03.046 2021/06/30T00:17:18z: SSID: ARRIS-5A97
 0h00:03.051 2021/06/30T00:17:18z: AP_STAR tmr
 ets Jan  8 2013,rst cause:1, boot mode:(3,7)

load 0x4010f000, len 1384, room 16 
tail 8
chksum 0x2d
csum 0x2d
v8b899c12
~ld


6.01
 0h00:03.025 2021/06/30T00:37:14z: DS3231
 0h00:03.041 2021/06/30T00:37:14z: BME280 (0x76)
 0h00:03.055 2021/06/30T00:37:14z: 10:52:1c:41:79:b5
 0h00:03.057 2021/06/30T00:37:14z: SSID: ARRIS-5A97
 0h00:03.062 2021/06/30T00:37:14z: AP_STAR tmr
 ets Jan  8 2013,rst cause:1, boot mode:(3,7)

load 0x4010f000, len 1384, room 16 
tail 8
chksum 0x2d
csum 0x2d
v8b899c12
~ld


6.01
 0h00:02.996 2021/06/30T00:57:10z: DS3231
 0h00:03.011 2021/06/30T00:57:10z: BME280 (0x76)
 0h00:03.025 2021/06/30T00:57:10z: 10:52:1c:41:79:b5
 0h00:03.027 2021/06/30T00:57:10z: SSID: ARRIS-5A97
 0h00:03.032 2021/06/30T00:57:10z: AP_STAR tmr
 ets Jan  8 2013,rst cause:1, boot mode:(3,7)

load 0x4010f000, len 1384, room 16 
tail 8
chksum 0x2d
csum 0x2d
v8b899c12
~ld


6.01
 0h00:03.000 2021/06/30T01:17:05z: DS3231
 0h00:03.016 2021/06/30T01:17:05z: BME280 (0x76)
 0h00:03.030 2021/06/30T01:17:05z: 10:52:1c:41:79:b5
 0h00:03.032 2021/06/30T01:17:05z: SSID: ARRIS-5A97
 0h00:03.037 2021/06/30T01:17:05z: AP_STAR tmr
 ets Jan  8 2013,rst cause:1, boot mode:(3,7)

load 0x4010f000, len 1384, room 16 
tail 8
chksum 0x2d
csum 0x2d
v8b899c12
~ld


6.01
 0h00:03.003 2021/06/30T01:37:01z: DS3231
 0h00:03.018 2021/06/30T01:37:01z: BME280 (0x76)
 0h00:03.033 2021/06/30T01:37:01z: 10:52:1c:41:79:b5
 0h00:03.034 2021/06/30T01:37:01z: SSID: ARRIS-5A97
 0h00:03.039 2021/06/30T01:37:01z: AP_STAR tmr
 ets Jan  8 2013,rst cause:1, boot mode:(3,7)

load 0x4010f000, len 1384, room 16 
tail 8
chksum 0x2d
csum 0x2d
v8b899c12
~ld


6.01
 0h00:02.996 2021/06/30T01:56:57z: DS3231
 0h00:03.011 2021/06/30T01:56:57z: BME280 (0x76)
 0h00:03.025 2021/06/30T01:56:57z: 10:52:1c:41:79:b5
 0h00:03.027 2021/06/30T01:56:57z: SSID: ARRIS-5A97
 0h00:03.032 2021/06/30T01:56:57z: AP_STAR tmr
 ets Jan  8 2013,rst cause:1, boot mode:(3,7)

load 0x4010f000, len 1384, room 16 
tail 8
chksum 0x2d
csum 0x2d
v8b899c12
~ld


6.01
 0h00:03.003 2021/06/30T02:16:53z: DS3231
 0h00:03.018 2021/06/30T02:16:53z: BME280 (0x76)
 0h00:03.032 2021/06/30T02:16:53z: 10:52:1c:41:79:b5
 0h00:03.034 2021/06/30T02:16:53z: SSID: ARRIS-5A97
 0h00:03.039 2021/06/30T02:16:53z: AP_STAR tmr
 ets Jan  8 2013,rst cause:1, boot mode:(3,7)

load 0x4010f000, len 1384, room 16 
tail 8
chksum 0x2d
csum 0x2d
v8b899c12
~ld


6.01
 0h00:03.012 2021/06/30T02:36:49z: DS3231
 0h00:03.028 2021/06/30T02:36:49z: BME280 (0x76)
 0h00:03.042 2021/06/30T02:36:49z: 10:52:1c:41:79:b5
 0h00:03.044 2021/06/30T02:36:49z: SSID: ARRIS-5A97
 0h00:03.049 2021/06/30T02:36:49z: AP_STAR tmr
 ets Jan  8 2013,rst cause:1, boot mode:(3,7)

load 0x4010f000, len 1384, room 16 
tail 8
chksum 0x2d
csum 0x2d
v8b899c12
~ld


6.01
 0h00:03.022 2021/06/30T02:56:45z: DS3231
 0h00:03.037 2021/06/30T02:56:45z: BME280 (0x76)
 0h00:03.052 2021/06/30T02:56:45z: 10:52:1c:41:79:b5
 0h00:03.053 2021/06/30T02:56:45z: SSID: ARRIS-5A97
 0h00:03.059 2021/06/30T02:56:45z: AP_STAR tmr
 ets Jan  8 2013,rst cause:1, boot mode:(3,7)

load 0x4010f000, len 1384, room 16 
tail 8
chksum 0x2d
csum 0x2d
v8b899c12
~ld


6.01
 0h00:03.027 2021/06/30T03:16:41z: DS3231
 0h00:03.042 2021/06/30T03:16:41z: BME280 (0x76)
 0h00:03.057 2021/06/30T03:16:41z: 10:52:1c:41:79:b5
 0h00:03.058 2021/06/30T03:16:41z: SSID: ARRIS-5A97
 0h00:03.063 2021/06/30T03:16:41z: AP_STAR tmr
 ets Jan  8 2013,rst cause:1, boot mode:(3,7)

load 0x4010f000, len 1384, room 16 
tail 8
chksum 0x2d
csum 0x2d
v8b899c12
~ld


6.01
 0h00:03.009 2021/06/30T03:36:37z: DS3231
 0h00:03.024 2021/06/30T03:36:37z: BME280 (0x76)
 0h00:03.038 2021/06/30T03:36:37z: 10:52:1c:41:79:b5
 0h00:03.040 2021/06/30T03:36:37z: SSID: ARRIS-5A97
 0h00:03.045 2021/06/30T03:36:37z: AP_STAR tmr
 ets Jan  8 2013,rst cause:1, boot mode:(3,7)

load 0x4010f000, len 1384, room 16 
tail 8
chksum 0x2d
csum 0x2d
v8b899c12
~ld


6.01
 0h00:03.007 2021/06/30T03:56:33z: DS3231
 0h00:03.022 2021/06/30T03:56:33z: BME280 (0x76)
 0h00:03.036 2021/06/30T03:56:33z: 10:52:1c:41:79:b5
 0h00:03.038 2021/06/30T03:56:33z: SSID: ARRIS-5A97
 0h00:03.043 2021/06/30T03:56:33z: AP_STAR tmr
 ets Jan  8 2013,rst cause:1, boot mode:(3,7)

load 0x4010f000, len 1384, room 16 
tail 8
chksum 0x2d
csum 0x2d
v8b899c12
~ld


6.01
 0h00:03.000 2021/06/30T04:16:29z: DS3231
 0h00:03.015 2021/06/30T04:16:29z: BME280 (0x76)
 0h00:03.030 2021/06/30T04:16:29z: 10:52:1c:41:79:b5
 0h00:03.031 2021/06/30T04:16:29z: SSID: ARRIS-5A97
 0h00:03.036 2021/06/30T04:16:29z: AP_STAR tmr
 ets Jan  8 2013,rst cause:1, boot mode:(3,7)

load 0x4010f000, len 1384, room 16 
tail 8
chksum 0x2d
csum 0x2d
v8b899c12
~ld


6.01
 0h00:03.001 2021/06/30T04:36:25z: DS3231
 0h00:03.016 2021/06/30T04:36:25z: BME280 (0x76)
 0h00:03.030 2021/06/30T04:36:25z: 10:52:1c:41:79:b5
 0h00:03.032 2021/06/30T04:36:25z: SSID: ARRIS-5A97
 0h00:03.037 2021/06/30T04:36:25z: AP_STAR tmr
 ets Jan  8 2013,rst cause:1, boot mode:(3,7)

load 0x4010f000, len 1384, room 16 
tail 8
chksum 0x2d
csum 0x2d
v8b899c12
~ld


6.01
 0h00:03.020 2021/06/30T04:56:21z: DS3231
 0h00:03.035 2021/06/30T04:56:21z: BME280 (0x76)
 0h00:03.049 2021/06/30T04:56:21z: 10:52:1c:41:79:b5
 0h00:03.051 2021/06/30T04:56:21z: SSID: ARRIS-5A97
 0h00:03.056 2021/06/30T04:56:21z: AP_STAR tmr
 ets Jan  8 2013,rst cause:1, boot mode:(3,7)

load 0x4010f000, len 1384, room 16 
tail 8
chksum 0x2d
csum 0x2d
v8b899c12
~ld


6.01
 0h00:03.028 2021/06/30T05:16:17z: DS3231
 0h00:03.043 2021/06/30T05:16:17z: BME280 (0x76)
 0h00:03.057 2021/06/30T05:16:17z: 10:52:1c:41:79:b5
 0h00:03.059 2021/06/30T05:16:17z: SSID: ARRIS-5A97
 0h00:03.064 2021/06/30T05:16:17z: AP_STAR tmr
 ets Jan  8 2013,rst cause:1, boot mode:(3,7)

load 0x4010f000, len 1384, room 16 
tail 8
chksum 0x2d
csum 0x2d
v8b899c12
~ld


6.01
 0h00:03.005 2021/06/30T05:36:13z: DS3231
 0h00:03.020 2021/06/30T05:36:13z: BME280 (0x76)
 0h00:03.034 2021/06/30T05:36:13z: 10:52:1c:41:79:b5
 0h00:03.036 2021/06/30T05:36:13z: SSID: ARRIS-5A97
 0h00:03.041 2021/06/30T05:36:13z: AP_STAR tmr
 ets Jan  8 2013,rst cause:1, boot mode:(3,7)

load 0x4010f000, len 1384, room 16 
tail 8
chksum 0x2d
csum 0x2d
v8b899c12
~ld


6.01
 0h00:03.000 2021/06/30T05:56:09z: DS3231
 0h00:03.015 2021/06/30T05:56:09z: BME280 (0x76)
 0h00:03.030 2021/06/30T05:56:09z: 10:52:1c:41:79:b5
 0h00:03.031 2021/06/30T05:56:09z: SSID: ARRIS-5A97
 0h00:03.036 2021/06/30T05:56:09z: AP_STAR tmr
 ets Jan  8 2013,rst cause:1, boot mode:(3,7)

load 0x4010f000, len 1384, room 16 
tail 8
chksum 0x2d
csum 0x2d
v8b899c12
~ld


6.01
 0h00:03.001 2021/06/30T06:16:05z: DS3231
 0h00:03.016 2021/06/30T06:16:05z: BME280 (0x76)
 0h00:03.030 2021/06/30T06:16:05z: 10:52:1c:41:79:b5
 0h00:03.032 2021/06/30T06:16:05z: SSID: ARRIS-5A97
 0h00:03.037 2021/06/30T06:16:05z: AP_STAR tmr
 ets Jan  8 2013,rst cause:1, boot mode:(3,7)

load 0x4010f000, len 1384, room 16 
tail 8
chksum 0x2d
csum 0x2d
v8b899c12
~ld


6.01
 0h00:02.997 2021/06/30T06:36:02z: DS3231
 0h00:03.013 2021/06/30T06:36:02z: BME280 (0x76)
 0h00:03.027 2021/06/30T06:36:02z: 10:52:1c:41:79:b5
 0h00:03.029 2021/06/30T06:36:02z: SSID: ARRIS-5A97
 0h00:03.034 2021/06/30T06:36:02z: AP_STAR tmr
 ets Jan  8 2013,rst cause:1, boot mode:(3,7)

load 0x4010f000, len 1384, room 16 
tail 8
chksum 0x2d
csum 0x2d
v8b899c12
~ld


6.01
 0h00:03.005 2021/06/30T06:55:58z: DS3231
 0h00:03.020 2021/06/30T06:55:58z: BME280 (0x76)
 0h00:03.034 2021/06/30T06:55:58z: 10:52:1c:41:79:b5
 0h00:03.036 2021/06/30T06:55:58z: SSID: ARRIS-5A97
 0h00:03.041 2021/06/30T06:55:58z: AP_STAR tmr
 ets Jan  8 2013,rst cause:1, boot mode:(3,7)

load 0x4010f000, len 1384, room 16 
tail 8
chksum 0x2d
csum 0x2d
v8b899c12
~ld


6.01
 0h00:03.015 2021/06/30T07:15:54z: DS3231
 0h00:03.030 2021/06/30T07:15:54z: BME280 (0x76)
 0h00:03.044 2021/06/30T07:15:54z: 10:52:1c:41:79:b5
 0h00:03.046 2021/06/30T07:15:54z: SSID: ARRIS-5A97
 0h00:03.051 2021/06/30T07:15:54z: AP_STAR tmr
 ets Jan  8 2013,rst cause:1, boot mode:(3,7)

load 0x4010f000, len 1384, room 16 
tail 8
chksum 0x2d
csum 0x2d
v8b899c12
~ld


6.01
 0h00:03.018 2021/06/30T07:35:51z: DS3231
 0h00:03.033 2021/06/30T07:35:51z: BME280 (0x76)
 0h00:03.047 2021/06/30T07:35:51z: 10:52:1c:41:79:b5
 0h00:03.049 2021/06/30T07:35:51z: SSID: ARRIS-5A97
 0h00:03.054 2021/06/30T07:35:51z: AP_STAR tmr
 ets Jan  8 2013,rst cause:1, boot mode:(3,7)

load 0x4010f000, len 1384, room 16 
tail 8
chksum 0x2d
csum 0x2d
v8b899c12
~ld


6.01
 0h00:03.027 2021/06/30T07:55:47z: DS3231
 0h00:03.042 2021/06/30T07:55:47z: BME280 (0x76)
 0h00:03.056 2021/06/30T07:55:47z: 10:52:1c:41:79:b5
 0h00:03.058 2021/06/30T07:55:47z: SSID: ARRIS-5A97
 0h00:03.063 2021/06/30T07:55:47z: AP_STAR tmr
 ets Jan  8 2013,rst cause:1, boot mode:(3,7)

load 0x4010f000, len 1384, room 16 
tail 8
chksum 0x2d
csum 0x2d
v8b899c12
~ld


6.01
 0h00:02.995 2021/06/30T08:15:43z: DS3231
 0h00:03.010 2021/06/30T08:15:43z: BME280 (0x76)
 0h00:03.024 2021/06/30T08:15:43z: 10:52:1c:41:79:b5
 0h00:03.026 2021/06/30T08:15:43z: SSID: ARRIS-5A97
 0h00:03.031 2021/06/30T08:15:43z: AP_STAR tmr
 ets Jan  8 2013,rst cause:1, boot mode:(3,7)

load 0x4010f000, len 1384, room 16 
tail 8
chksum 0x2d
csum 0x2d
v8b899c12
~ld


6.01
 0h00:03.005 2021/06/30T08:35:38z: DS3231
 0h00:03.020 2021/06/30T08:35:38z: BME280 (0x76)
 0h00:03.034 2021/06/30T08:35:38z: 10:52:1c:41:79:b5
 0h00:03.036 2021/06/30T08:35:38z: SSID: ARRIS-5A97
 0h00:03.041 2021/06/30T08:35:38z: AP_STAR tmr
 ets Jan  8 2013,rst cause:1, boot mode:(3,7)

load 0x4010f000, len 1384, room 16 
tail 8
chksum 0x2d
csum 0x2d
v8b899c12
~ld


6.01
 0h00:02.997 2021/06/30T08:55:34z: DS3231
 0h00:03.012 2021/06/30T08:55:34z: BME280 (0x76)
 0h00:03.026 2021/06/30T08:55:34z: 10:52:1c:41:79:b5
 0h00:03.028 2021/06/30T08:55:34z: SSID: ARRIS-5A97
 0h00:03.033 2021/06/30T08:55:34z: AP_STAR tmr
 ets Jan  8 2013,rst cause:1, boot mode:(3,7)

load 0x4010f000, len 1384, room 16 
tail 8
chksum 0x2d
csum 0x2d
v8b899c12
~ld


6.01
 0h00:03.002 2021/06/30T09:15:30z: DS3231
 0h00:03.017 2021/06/30T09:15:30z: BME280 (0x76)
 0h00:03.032 2021/06/30T09:15:30z: 10:52:1c:41:79:b5
 0h00:03.033 2021/06/30T09:15:30z: SSID: ARRIS-5A97
 0h00:03.038 2021/06/30T09:15:30z: AP_STAR tmr
 ets Jan  8 2013,rst cause:1, boot mode:(3,7)

load 0x4010f000, len 1384, room 16 
tail 8
chksum 0x2d
csum 0x2d
v8b899c12
~ld


6.01
 0h00:03.008 2021/06/30T09:35:26z: DS3231
 0h00:03.023 2021/06/30T09:35:26z: BME280 (0x76)
 0h00:03.037 2021/06/30T09:35:26z: 10:52:1c:41:79:b5
 0h00:03.039 2021/06/30T09:35:26z: SSID: ARRIS-5A97
 0h00:03.044 2021/06/30T09:35:26z: AP_STAR tmr
 ets Jan  8 2013,rst cause:1, boot mode:(3,7)

load 0x4010f000, len 1384, room 16 
tail 8
chksum 0x2d
csum 0x2d
v8b899c12
~ld


6.01
 0h00:03.007 2021/06/30T09:55:23z: DS3231
 0h00:03.022 2021/06/30T09:55:23z: BME280 (0x76)
 0h00:03.037 2021/06/30T09:55:23z: 10:52:1c:41:79:b5
 0h00:03.038 2021/06/30T09:55:23z: SSID: ARRIS-5A97
 0h00:03.043 2021/06/30T09:55:23z: AP_STAR tmr
 ets Jan  8 2013,rst cause:1, boot mode:(3,7)

load 0x4010f000, len 1384, room 16 
tail 8
chksum 0x2d
csum 0x2d
v8b899c12
~ld


6.01
 0h00:03.021 2021/06/30T10:15:19z: DS3231
 0h00:03.036 2021/06/30T10:15:19z: BME280 (0x76)
 0h00:03.050 2021/06/30T10:15:19z: 10:52:1c:41:79:b5
 0h00:03.052 2021/06/30T10:15:19z: SSID: ARRIS-5A97
 0h00:03.057 2021/06/30T10:15:19z: AP_STAR tmr connected clients
R tmr connected clients
R tmr
 ets Jan  8 2013,rst cause:1, boot mode:(3,7)

load 0x4010f000, len 1384, room 16 
tail 8
chksum 0x2d
csum 0x2d
v8b899c12
~ld


6.01
 0h00:03.009 2021/06/30T10:39:15z: DS3231
 0h00:03.025 2021/06/30T10:39:15z: BME280 (0x76)
 0h00:03.039 2021/06/30T10:39:15z: 10:52:1c:41:79:b5
 0h00:03.040 2021/06/30T10:39:15z: SSID: ARRIS-5A97
 0h00:03.046 2021/06/30T10:39:15z: AP_STAR tmr
 ets Jan  8 2013,rst cause:1, boot mode:(3,7)

load 0x4010f000, len 1384, room 16 
tail 8
chksum 0x2d
csum 0x2d
v8b899c12
~ld


6.01
 0h00:03.009 2021/06/30T10:59:11z: DS3231
 0h00:03.024 2021/06/30T10:59:11z: BME280 (0x76)
 0h00:03.038 2021/06/30T10:59:11z: 10:52:1c:41:79:b5
 0h00:03.040 2021/06/30T10:59:11z: SSID: ARRIS-5A97
 0h00:03.045 2021/06/30T10:59:11z: AP_STA