R tmr
 ets Jan  8 2013,rst cause:1, boot mode:(3,7)

load 0x4010f000, len 1384, room 16 
tail 8
chksum 0x2d
csum 0x2d
v8b899c12
~ld


6.01
 0h00:02.998 2021/06/29T00:02:10z: DS3231
 0h00:03.013 2021/06/29T00:02:10z: BME280 (0x76)
 0h00:03.027 2021/06/29T00:02:10z: 10:52:1c:41:79:b5
 0h00:03.029 2021/06/29T00:02:10z: SSID: ARRIS-5A97
 0h00:03.034 2021/06/29T00:02:10z: AP_STAR tmr
 ets Jan  8 2013,rst cause:1, boot mode:(3,7)

load 0x4010f000, len 1384, room 16 
tail 8
chksum 0x2d
csum 0x2d
v8b899c12
~ld


6.01
 0h00:02.996 2021/06/29T00:22:07z: DS3231
 0h00:03.011 2021/06/29T00:22:07z: BME280 (0x76)
 0h00:03.025 2021/06/29T00:22:07z: 10:52:1c:41:79:b5
 0h00:03.027 2021/06/29T00:22:07z: SSID: ARRIS-5A97
 0h00:03.032 2021/06/29T00:22:07z: AP_STAR tmr
 ets Jan  8 2013,rst cause:1, boot mode:(3,7)

load 0x4010f000, len 1384, room 16 
tail 8
chksum 0x2d
csum 0x2d
v8b899c12
~ld


6.01
 0h00:03.000 2021/06/29T00:42:02z: DS3231
 0h00:03.015 2021/06/29T00:42:02z: BME280 (0x76)
 0h00:03.029 2021/06/29T00:42:02z: 10:52:1c:41:79:b5
 0h00:03.031 2021/06/29T00:42:02z: SSID: ARRIS-5A97
 0h00:03.036 2021/06/29T00:42:02z: AP_STAR tmr
 ets Jan  8 2013,rst cause:1, boot mode:(3,7)

load 0x4010f000, len 1384, room 16 
tail 8
chksum 0x2d
csum 0x2d
v8b899c12
~ld


6.01
 0h00:03.005 2021/06/29T01:01:58z: DS3231
 0h00:03.020 2021/06/29T01:01:58z: BME280 (0x76)
 0h00:03.034 2021/06/29T01:01:58z: 10:52:1c:41:79:b5
 0h00:03.036 2021/06/29T01:01:58z: SSID: ARRIS-5A97
 0h00:03.041 2021/06/29T01:01:58z: AP_STAR tmr
 ets Jan  8 2013,rst cause:1, boot mode:(3,7)

load 0x4010f000, len 1384, room 16 
tail 8
chksum 0x2d
csum 0x2d
v8b899c12
~ld


6.01
 0h00:03.010 2021/06/29T01:21:55z: DS3231
 0h00:03.025 2021/06/29T01:21:55z: BME280 (0x76)
 0h00:03.039 2021/06/29T01:21:55z: 10:52:1c:41:79:b5
 0h00:03.041 2021/06/29T01:21:55z: SSID: ARRIS-5A97
 0h00:03.046 2021/06/29T01:21:55z: AP_STAR tmr
 ets Jan  8 2013,rst cause:1, boot mode:(3,7)

load 0x4010f000, len 1384, room 16 
tail 8
chksum 0x2d
csum 0x2d
v8b899c12
~ld


6.01
 0h00:03.016 2021/06/29T01:41:51z: DS3231
 0h00:03.031 2021/06/29T01:41:51z: BME280 (0x76)
 0h00:03.045 2021/06/29T01:41:51z: 10:52:1c:41:79:b5
 0h00:03.047 2021/06/29T01:41:51z: SSID: ARRIS-5A97
 0h00:03.052 2021/06/29T01:41:51z: AP_STAR tmr
 ets Jan  8 2013,rst cause:1, boot mode:(3,7)

load 0x4010f000, len 1384, room 16 
tail 8
chksum 0x2d
csum 0x2d
v8b899c12
~ld


6.01
 0h00:03.025 2021/06/29T02:01:47z: DS3231
 0h00:03.040 2021/06/29T02:01:47z: BME280 (0x76)
 0h00:03.054 2021/06/29T02:01:47z: 10:52:1c:41:79:b5
 0h00:03.056 2021/06/29T02:01:47z: SSID: ARRIS-5A97
 0h00:03.061 2021/06/29T02:01:47z: AP_STAR tmr
 ets Jan  8 2013,rst cause:1, boot mode:(3,7)

load 0x4010f000, len 1384, room 16 
tail 8
chksum 0x2d
csum 0x2d
v8b899c12
~ld


6.01
 0h00:02.998 2021/06/29T02:21:43z: DS3231
 0h00:03.013 2021/06/29T02:21:43z: BME280 (0x76)
 0h00:03.027 2021/06/29T02:21:43z: 10:52:1c:41:79:b5
 0h00:03.029 2021/06/29T02:21:43z: SSID: ARRIS-5A97
 0h00:03.034 2021/06/29T02:21:43z: AP_STAR tmr
 ets Jan  8 2013,rst cause:1, boot mode:(3,7)

load 0x4010f000, len 1384, room 16 
tail 8
chksum 0x2d
csum 0x2d
v8b899c12
~ld


6.01
 0h00:02.995 2021/06/29T02:41:39z: DS3231
 0h00:03.011 2021/06/29T02:41:39z: BME280 (0x76)
 0h00:03.025 2021/06/29T02:41:39z: 10:52:1c:41:79:b5
 0h00:03.026 2021/06/29T02:41:39z: SSID: ARRIS-5A97
 0h00:03.032 2021/06/29T02:41:39z: AP_STAR tmr
 ets Jan  8 2013,rst cause:1, boot mode:(3,7)

load 0x4010f000, len 1384, room 16 
tail 8
chksum 0x2d
csum 0x2d
v8b899c12
~ld


6.01
 0h00:03.002 2021/06/29T03:01:35z: DS3231
 0h00:03.017 2021/06/29T03:01:35z: BME280 (0x76)
 0h00:03.031 2021/06/29T03:01:35z: 10:52:1c:41:79:b5
 0h00:03.033 2021/06/29T03:01:35z: SSID: ARRIS-5A97
 0h00:03.038 2021/06/29T03:01:35z: AP_STAR tmr
 ets Jan  8 2013,rst cause:1, boot mode:(3,7)

load 0x4010f000, len 1384, room 16 
tail 8
chksum 0x2d
csum 0x2d
v8b899c12
~ld


6.01
 0h00:03.000 2021/06/29T03:21:31z: DS3231
 0h00:03.015 2021/06/29T03:21:31z: BME280 (0x76)
 0h00:03.029 2021/06/29T03:21:31z: 10:52:1c:41:79:b5
 0h00:03.031 2021/06/29T03:21:31z: SSID: ARRIS-5A97
 0h00:03.036 2021/06/29T03:21:31z: AP_STAR tmr
 ets Jan  8 2013,rst cause:1, boot mode:(3,7)

load 0x4010f000, len 1384, room 16 
tail 8
chksum 0x2d
csum 0x2d
v8b899c12
~ld


6.01
 0h00:02.999 2021/06/29T03:41:27z: DS3231
 0h00:03.014 2021/06/29T03:41:27z: BME280 (0x76)
 0h00:03.028 2021/06/29T03:41:27z: 10:52:1c:41:79:b5
 0h00:03.030 2021/06/29T03:41:27z: SSID: ARRIS-5A97
 0h00:03.035 2021/06/29T03:41:27z: AP_STAR tmr
 ets Jan  8 2013,rst cause:1, boot mode:(3,7)

load 0x4010f000, len 1384, room 16 
tail 8
chksum 0x2d
csum 0x2d
v8b899c12
~ld


6.01
 0h00:03.011 2021/06/29T04:01:23z: DS3231
 0h00:03.026 2021/06/29T04:01:23z: BME280 (0x76)
 0h00:03.040 2021/06/29T04:01:23z: 10:52:1c:41:79:b5
 0h00:03.042 2021/06/29T04:01:23z: SSID: ARRIS-5A97
 0h00:03.047 2021/06/29T04:01:23z: AP_STAR tmr
 ets Jan  8 2013,rst cause:1, boot mode:(3,7)

load 0x4010f000, len 1384, room 16 
tail 8
chksum 0x2d
csum 0x2d
v8b899c12
~ld


6.01
 0h00:03.014 2021/06/29T04:21:19z: DS3231
 0h00:03.029 2021/06/29T04:21:19z: BME280 (0x76)
 0h00:03.043 2021/06/29T04:21:19z: 10:52:1c:41:79:b5
 0h00:03.045 2021/06/29T04:21:19z: SSID: ARRIS-5A97
 0h00:03.050 2021/06/29T04:21:19z: AP_STAR tmr
 ets Jan  8 2013,rst cause:1, boot mode:(3,7)

load 0x4010f000, len 1384, room 16 
tail 8
chksum 0x2d
csum 0x2d
v8b899c12
~ld


6.01
 0h00:03.025 2021/06/29T04:41:15z: DS3231
 0h00:03.041 2021/06/29T04:41:15z: BME280 (0x76)
 0h00:03.055 2021/06/29T04:41:15z: 10:52:1c:41:79:b5
 0h00:03.057 2021/06/29T04:41:15z: SSID: ARRIS-5A97
 0h00:03.062 2021/06/29T04:41:15z: AP_STAR tmr
 ets Jan  8 2013,rst cause:1, boot mode:(3,7)

load 0x4010f000, len 1384, room 16 
tail 8
chksum 0x2d
csum 0x2d
v8b899c12
~ld


6.01
 0h00:03.015 2021/06/29T05:01:11z: DS3231
 0h00:03.031 2021/06/29T05:01:11z: BME280 (0x76)
 0h00:03.045 2021/06/29T05:01:11z: 10:52:1c:41:79:b5
 0h00:03.047 2021/06/29T05:01:11z: SSID: ARRIS-5A97
 0h00:03.052 2021/06/29T05:01:11z: AP_STAR tmr
 ets Jan  8 2013,rst cause:1, boot mode:(3,7)

load 0x4010f000, len 1384, room 16 
tail 8
chksum 0x2d
csum 0x2d
v8b899c12
~ld


6.01
 0h00:03.027 2021/06/29T05:21:07z: DS3231
 0h00:03.042 2021/06/29T05:21:07z: BME280 (0x76)
 0h00:03.056 2021/06/29T05:21:07z: 10:52:1c:41:79:b5
 0h00:03.058 2021/06/29T05:21:07z: SSID: ARRIS-5A97
 0h00:03.063 2021/06/29T05:21:07z: AP_STAR tmr
 ets Jan  8 2013,rst cause:1, boot mode:(3,7)

load 0x4010f000, len 1384, room 16 
tail 8
chksum 0x2d
csum 0x2d
v8b899c12
~ld


6.01
 0h00:02.999 2021/06/29T05:41:03z: DS3231
 0h00:03.014 2021/06/29T05:41:03z: BME280 (0x76)
 0h00:03.028 2021/06/29T05:41:03z: 10:52:1c:41:79:b5
 0h00:03.030 2021/06/29T05:41:03z: SSID: ARRIS-5A97
 0h00:03.035 2021/06/29T05:41:03z: AP_STAR tmr
 ets Jan  8 2013,rst cause:1, boot mode:(3,7)

load 0x4010f000, len 1384, room 16 
tail 8
chksum 0x2d
csum 0x2d
v8b899c12
~ld


6.01
 0h00:03.010 2021/06/29T06:00:59z: DS3231
 0h00:03.026 2021/06/29T06:00:59z: BME280 (0x76)
 0h00:03.040 2021/06/29T06:00:59z: 10:52:1c:41:79:b5
 0h00:03.042 2021/06/29T06:00:59z: SSID: ARRIS-5A97
 0h00:03.047 2021/06/29T06:00:59z: AP_STAR tmr
 ets Jan  8 2013,rst cause:1, boot mode:(3,7)

load 0x4010f000, len 1384, room 16 
tail 8
chksum 0x2d
csum 0x2d
v8b899c12
~ld


6.01
 0h00:03.004 2021/06/29T06:20:55z: DS3231
 0h00:03.019 2021/06/29T06:20:55z: BME280 (0x76)
 0h00:03.034 2021/06/29T06:20:55z: 10:52:1c:41:79:b5
 0h00:03.035 2021/06/29T06:20:55z: SSID: ARRIS-5A97
 0h00:03.040 2021/06/29T06:20:55z: AP_STAR tmr
 ets Jan  8 2013,rst cause:1, boot mode:(3,7)

load 0x4010f000, len 1384, room 16 
tail 8
chksum 0x2d
csum 0x2d
v8b899c12
~ld


6.01
 0h00:03.003 2021/06/29T06:40:52z: DS3231
 0h00:03.019 2021/06/29T06:40:52z: BME280 (0x76)
 0h00:03.033 2021/06/29T06:40:52z: 10:52:1c:41:79:b5
 0h00:03.035 2021/06/29T06:40:52z: SSID: ARRIS-5A97
 0h00:03.040 2021/06/29T06:40:52z: AP_STAR tmr
 ets Jan  8 2013,rst cause:1, boot mode:(3,7)

load 0x4010f000, len 1384, room 16 
tail 8
chksum 0x2d
csum 0x2d
v8b899c12
~ld


6.01
 0h00:03.003 2021/06/29T07:00:48z: DS3231
 0h00:03.019 2021/06/29T07:00:48z: BME280 (0x76)
 0h00:03.033 2021/06/29T07:00:48z: 10:52:1c:41:79:b5
 0h00:03.034 2021/06/29T07:00:48z: SSID: ARRIS-5A97
 0h00:03.040 2021/06/29T07:00:48z: AP_STAR tmr
 ets Jan  8 2013,rst cause:1, boot mode:(3,7)

load 0x4010f000, len 1384, room 16 
tail 8
chksum 0x2d
csum 0x2d
v8b899c12
~ld


6.01
 0h00:03.009 2021/06/29T07:20:45z: DS3231
 0h00:03.024 2021/06/29T07:20:45z: BME280 (0x76)
 0h00:03.039 2021/06/29T07:20:45z: 10:52:1c:41:79:b5
 0h00:03.040 2021/06/29T07:20:45z: SSID: ARRIS-5A97
 0h00:03.045 2021/06/29T07:20:45z: AP_STAR tmr
 ets Jan  8 2013,rst cause:1, boot mode:(3,7)

load 0x4010f000, len 1384, room 16 
tail 8
chksum 0x2d
csum 0x2d
v8b899c12
~ld


6.01
 0h00:03.001 2021/06/29T07:40:41z: DS3231
 0h00:03.016 2021/06/29T07:40:41z: BME280 (0x76)
 0h00:03.031 2021/06/29T07:40:41z: 10:52:1c:41:79:b5
 0h00:03.032 2021/06/29T07:40:41z: SSID: ARRIS-5A97
 0h00:03.037 2021/06/29T07:40:41z: AP_STAR tmr
 ets Jan  8 2013,rst cause:1, boot mode:(3,7)

load 0x4010f000, len 1384, room 16 
tail 8
chksum 0x2d
csum 0x2d
v8b899c12
~ld


6.01
 0h00:03.015 2021/06/29T08:00:37z: DS3231
 0h00:03.031 2021/06/29T08:00:37z: BME280 (0x76)
 0h00:03.045 2021/06/29T08:00:37z: 10:52:1c:41:79:b5
 0h00:03.047 2021/06/29T08:00:37z: SSID: ARRIS-5A97
 0h00:03.052 2021/06/29T08:00:37z: AP_STAR tmr
 ets Jan  8 2013,rst cause:1, boot mode:(3,7)

load 0x4010f000, len 1384, room 16 
tail 8
chksum 0x2d
csum 0x2d
v8b899c12
~ld


6.01
 0h00:03.017 2021/06/29T08:20:32z: DS3231
 0h00:03.032 2021/06/29T08:20:32z: BME280 (0x76)
 0h00:03.046 2021/06/29T08:20:32z: 10:52:1c:41:79:b5
 0h00:03.048 2021/06/29T08:20:32z: SSID: ARRIS-5A97
 0h00:03.053 2021/06/29T08:20:32z: AP_STAR tmr
 ets Jan  8 2013,rst cause:1, boot mode:(3,7)

load 0x4010f000, len 1384, room 16 
tail 8
chksum 0x2d
csum 0x2d
v8b899c12
~ld


6.01
 0h00:03.021 2021/06/29T08:40:28z: DS3231
 0h00:03.037 2021/06/29T08:40:28z: BME280 (0x76)
 0h00:03.051 2021/06/29T08:40:28z: 10:52:1c:41:79:b5
 0h00:03.052 2021/06/29T08:40:28z: SSID: ARRIS-5A97
 0h00:03.058 2021/06/29T08:40:28z: AP_STAR tmr
 ets Jan  8 2013,rst cause:1, boot mode:(3,7)

load 0x4010f000, len 1384, room 16 
tail 8
chksum 0x2d
csum 0x2d
v8b899c12
~ld


6.01
 0h00:02.999 2021/06/29T09:00:24z: DS3231
 0h00:03.014 2021/06/29T09:00:24z: BME280 (0x76)
 0h00:03.028 2021/06/29T09:00:24z: 10:52:1c:41:79:b5
 0h00:03.030 2021/06/29T09:00:24z: SSID: ARRIS-5A97
 0h00:03.035 2021/06/29T09:00:24z: AP_STAR tmr
 ets Jan  8 2013,rst cause:1, boot mode:(3,7)

load 0x4010f000, len 1384, room 16 
tail 8
chksum 0x2d
csum 0x2d
v8b899c12
~ld


6.01
 0h00:03.007 2021/06/29T09:20:20z: DS3231
 0h00:03.022 2021/06/29T09:20:20z: BME280 (0x76)
 0h00:03.036 2021/06/29T09:20:20z: 10:52:1c:41:79:b5
 0h00:03.038 2021/06/29T09:20:20z: SSID: ARRIS-5A97
 0h00:03.043 2021/06/29T09:20:20z: AP_STAR tmr
 ets Jan  8 2013,rst cause:1, boot mode:(3,7)

load 0x4010f000, len 1384, room 16 
tail 8
chksum 0x2d
csum 0x2d
v8b899c12
~ld


6.01
 0h00:03.005 2021/06/29T09:40:15z: DS3231
 0h00:03.020 2021/06/29T09:40:15z: BME280 (0x76)
 0h00:03.034 2021/06/29T09:40:15z: 10:52:1c:41:79:b5
 0h00:03.036 2021/06/29T09:40:15z: SSID: ARRIS-5A97
 0h00:03.041 2021/06/29T09:40:15z: AP_STAR tmr
 ets Jan  8 2013,rst cause:1, boot mode:(3,7)

load 0x4010f000, len 1384, room 16 
tail 8
chksum 0x2d
csum 0x2d
v8b899c12
~ld


6.01
 0h00:03.001 2021/06/29T10:00:12z: DS3231
 0h00:03.017 2021/06/29T10:00:12z: BME280 (0x76)
 0h00:03.031 2021/06/29T10:00:12z: 10:52:1c:41:79:b5
 0h00:03.033 2021/06/29T10:00:12z: SSID: ARRIS-5A97
 0h00:03.038 2021/06/29T10:00:12z: AP_STAR tmr
 ets Jan  8 2013,rst cause:1, boot mode:(3,7)

load 0x4010f000, len 1384, room 16 
tail 8
chksum 0x2d
csum 0x2d
v8b899c12
~ld


6.01
 0h00:03.008 2021/06/29T10:20:08z: DS3231
 0h00:03.023 2021/06/29T10:20:08z: BME280 (0x76)
 0h00:03.037 2021/06/29T10:20:08z: 10:52:1c:41:79:b5
 0h00:03.039 2021/06/29T10:20:08z: SSID: ARRIS-5A97
 0h00:03.044 2021/06/29T10:20:08z: AP_STAR tmr
 ets Jan  8 2013,rst cause:1, boot mode:(3,7)

load 0x4010f000, len 1384, room 16 
tail 8
chksum 0x2d
csum 0x2d
v8b899c12
~ld


6.01
 0h00:03.016 2021/06/29T10:40:04z: DS3231
 0h00:03.031 2021/06/29T10:40:04z: BME280 (0x76)
 0h00:03.045 2021/06/29T10:40:04z: 10:52:1c:41:79:b5
 0h00:03.047 2021/06/29T10:40:04z: SSID: ARRIS-5A97
 0h00:03.052 2021/06/29T10:40:04z: AP_STAR tmr
 ets Jan  8 2013,rst cause:1, boot mode:(3,7)

load 0x4010f000, len 1384, room 16 
tail 8
chksum 0x2d
csum 0x2d
v8b899c12
~ld


6.01
 0h00:03.014 2021/06/29T11:00:01z: DS3231
 0h00:03.029 2021/06/29T11:00:01z: BME280 (0x76)
 0h00:03.043 2021/06/29T11:00:01z: 10:52:1c:41:79:b5
 0h00:03.045 2021/06/29T11:00:01z: SSID: ARRIS-5A97
 0h00:03.050 2021/06/29T11:00:01z: AP_STAR tmr
 ets Jan  8 2013,rst cause:1, boot mode:(3,7)

load 0x4010f000, len 1384, room 16 
tail 8
chksum 0x2d
csum 0x2d
v8b899c12
~ld


6.01
 0h00:03.026 2021/06/29T11:19:56z: DS3231
 0h00:03.041 2021/06/29T11:19:56z: BME280 (0x76)
 0h00:03.055 2021/06/29T11:19:56z: 10:52:1c:41:79:b5
 0h00:03.057 2021/06/29T11:19:56z: SSID: ARRIS-5A97
 0h00:03.062 2021/06/29T11:19:56z: AP_STAR tmr
 ets Jan  8 2013,rst cause:1, boot mode:(3,7)

load 0x4010f000, len 1384, room 16 
tail 8
chksum 0x2d
csum 0x2d
v8b899c12
~ld


6.01
 0h00:03.003 2021/06/29T11:39:53z: DS3231
 0h00:03.018 2021/06/29T11:39:53z: BME280 (0x76)
 0h00:03.032 2021/06/29T11:39:53z: 10:52:1c:41:79:b5
 0h00:03.034 2021/06/29T11:39:53z: SSID: ARRIS-5A97
 0h00:03.039 2021/06/29T11:39:53z: AP_STAR tmr
 ets Jan  8 2013,rst cause:1, boot mode:(3,7)

load 0x4010f000, len 1384, room 16 
tail 8
chksum 0x2d
csum 0x2d
v8b899c12
~ld


6.01
 0h00:02.997 2021/06/29T11:59:49z: DS3231
 0h00:03.013 2021/06/29T11:59:49z: BME280 (0x76)
 0h00:03.027 2021/06/29T11:59:49z: 10:52:1c:41:79:b5
 0h00:03.028 2021/06/29T11:59:49z: SSID: ARRIS-5A97
 0h00:03.034 2021/06/29T11:59:49z: AP_STAR tmr
 ets Jan  8 2013,rst cause:1, boot mode:(3,7)

load 0x4010f000, len 1384, room 16 
tail 8
chksum 0x2d
csum 0x2d
v8b899c12
~ld


6.01
 0h00:03.000 2021/06/29T12:19:45z: DS3231
 0h00:03.015 2021/06/29T12:19:45z: BME280 (0x76)
 0h00:03.029 2021/06/29T12:19:45z: 10:52:1c:41:79:b5
 0h00:03.031 2021/06/29T12:19:45z: SSID: ARRIS-5A97
 0h00:03.036 2021/06/29T12:19:45z: AP_STAR tmr
 ets Jan  8 2013,rst cause:1, boot mode:(3,7)

load 0x4010f000, len 1384, room 16 
tail 8
chksum 0x2d
csum 0x2d
v8b899c12
~ld


6.01
 0h00:03.000 2021/06/29T12:39:41z: DS3231
 0h00:03.015 2021/06/29T12:39:41z: BME280 (0x76)
 0h00:03.029 2021/06/29T12:39:41z: 10:52:1c:41:79:b5
 0h00:03.031 2021/06/29T12:39:41z: SSID: ARRIS-5A97
 0h00:03.036 2021/06/29T12:39:41z: AP_STAR tmr
 ets Jan  8 2013,rst cause:1, boot mode:(3,7)

load 0x4010f000, len 1384, room 16 
tail 8
chksum 0x2d
csum 0x2d
v8b899c12
~ld


6.01
 0h00:03.000 2021/06/29T12:59:37z: DS3231
 0h00:03.016 2021/06/29T12:59:37z: BME280 (0x76)
 0h00:03.030 2021/06/29T12:59:37z: 10:52:1c:41:79:b5
 0h00:03.032 2021/06/29T12:59:37z: SSID: ARRIS-5A97
 0h00:03.037 2021/06/29T12:59:37z: AP_STAR tmr
 ets Jan  8 2013,rst cause:1, boot mode:(3,7)

load 0x4010f000, len 1384, room 16 
tail 8
chksum 0x2d
csum 0x2d
v8b899c12
~ld


6.01
 0h00:03.009 2021/06/29T13:19:33z: DS3231
 0h00:03.025 2021/06/29T13:19:33z: BME280 (0x76)
 0h00:03.039 2021/06/29T13:19:33z: 10:52:1c:41:79:b5
 0h00:03.041 2021/06/29T13:19:33z: SSID: ARRIS-5A97
 0h00:03.046 2021/06/29T13:19:33z: AP_STAR tmr
 ets Jan  8 2013,rst cause:1, boot mode:(3,7)

load 0x4010f000, len 1384, room 16 
tail 8
chksum 0x2d
csum 0x2d
v8b899c12
~ld


6.01
 0h00:03.016 2021/06/29T13:39:29z: DS3231
 0h00:03.031 2021/06/29T13:39:29z: BME280 (0x76)
 0h00:03.045 2021/06/29T13:39:29z: 10:52:1c:41:79:b5
 0h00:03.047 2021/06/29T13:39:29z: SSID: ARRIS-5A97
 0h00:03.052 2021/06/29T13:39:29z: AP_STAR tmr
 ets Jan  8 2013,rst cause:1, boot mode:(3,7)

load 0x4010f000, len 1384, room 16 
tail 8
chksum 0x2d
csum 0x2d
v8b899c12
~ld


6.01
 0h00:03.025 2021/06/29T13:59:25z: DS3231
 0h00:03.040 2021/06/29T13:59:25z: BME280 (0x76)
 0h00:03.054 2021/06/29T13:59:25z: 10:52:1c:41:79:b5
 0h00:03.056 2021/06/29T13:59:25z: SSID: ARRIS-5A97
 0h00:03.061 2021/06/29T13:59:25z: AP_STAR tmr
 ets Jan  8 2013,rst cause:1, boot mode:(3,7)

load 0x4010f000, len 1384, room 16 
tail 8
chksum 0x2d
csum 0x2d
v8b899c12
~ld


6.01
 0h00:03.001 2021/06/29T14:19:20z: DS3231
 0h00:03.016 2021/06/29T14:19:20z: BME280 (0x76)
 0h00:03.030 2021/06/29T14:19:20z: 10:52:1c:41:79:b5
 0h00:03.032 2021/06/29T14:19:20z: SSID: ARRIS-5A97
 0h00:03.037 2021/06/29T14:19:20z: AP_STAR tmr
 ets Jan  8 2013,rst cause:1, boot mode:(3,7)

load 0x4010f000, len 1384, room 16 
tail 8
chksum 0x2d
csum 0x2d
v8b899c12
~ld


6.01
 0h00:02.995 2021/06/29T14:39:16z: DS3231
 0h00:03.010 2021/06/29T14:39:16z: BME280 (0x76)
 0h00:03.024 2021/06/29T14:39:16z: 10:52:1c:41:79:b5
 0h00:03.026 2021/06/29T14:39:16z: SSID: ARRIS-5A97
 0h00:03.031 2021/06/29T14:39:16z: AP_STAR tmr
 ets Jan  8 2013,rst cause:1, boot mode:(3,7)

load 0x4010f000, len 1384, room 16 
tail 8
chksum 0x2d
csum 0x2d
v8b899c12
~ld


6.01
 0h00:02.999 2021/06/29T14:59:12z: DS3231
 0h00:03.014 2021/06/29T14:59:12z: BME280 (0x76)
 0h00:03.028 2021/06/29T14:59:12z: 10:52:1c:41:79:b5
 0h00:03.030 2021/06/29T14:59:12z: SSID: ARRIS-5A97
 0h00:03.035 2021/06/29T14:59:12z: AP_STAR tmr
 ets Jan  8 2013,rst cause:1, boot mode:(3,7)

load 0x4010f000, len 1384, room 16 
tail 8
chksum 0x2d
csum 0x2d
v8b899c12
~ld


6.01
 0h00:02.997 2021/06/29T15:19:08z: DS3231
 0h00:03.013 2021/06/29T15:19:08z: BME280 (0x76)
 0h00:03.027 2021/06/29T15:19:08z: 10:52:1c:41:79:b5
 0h00:03.029 2021/06/29T15:19:08z: SSID: ARRIS-5A97
 0h00:03.034 2021/06/29T15:19:08z: AP_STAR tmr
 ets Jan  8 2013,rst cause:1, boot mode:(3,7)

load 0x4010f000, len 1384, room 16 
tail 8
chksum 0x2d
csum 0x2d
v8b899c12
~ld


6.01
 0h00:03.004 2021/06/29T15:39:04z: DS3231
 0h00:03.020 2021/06/29T15:39:04z: BME280 (0x76)
 0h00:03.034 2021/06/29T15:39:04z: 10:52:1c:41:79:b5
 0h00:03.036 2021/06/29T15:39:04z: SSID: ARRIS-5A97
 0h00:03.041 2021/06/29T15:39:04z: AP_STAR tmr
 ets Jan  8 2013,rst cause:1, boot mode:(3,7)

load 0x4010f000, len 1384, room 16 
tail 8
chksum 0x2d
csum 0x2d
v8b899c12
~ld


6.01
 0h00:03.012 2021/06/29T15:59:00z: DS3231
 0h00:03.027 2021/06/29T15:59:00z: BME280 (0x76)
 0h00:03.041 2021/06/29T15:59:00z: 10:52:1c:41:79:b5
 0h00:03.043 2021/06/29T15:59:00z: SSID: ARRIS-5A97
 0h00:03.048 2021/06/29T15:59:00z: AP_STAR tmr
 ets Jan  8 2013,rst cause:1, boot mode:(3,7)

load 0x4010f000, len 1384, room 16 
tail 8
chksum 0x2d
csum 0x2d
v8b899c12
~ld


6.01
 0h00:03.017 2021/06/29T16:18:56z: DS3231
 0h00:03.033 2021/06/29T16:18:56z: BME280 (0x76)
 0h00:03.047 2021/06/29T16:18:56z: 10:52:1c:41:79:b5
 0h00:03.049 2021/06/29T16:18:56z: SSID: ARRIS-5A97
 0h00:03.054 2021/06/29T16:18:56z: AP_STAR tmr
 ets Jan  8 2013,rst cause:1, boot mode:(3,7)

load 0x4010f000, len 1384, room 16 
tail 8
chksum 0x2d
csum 0x2d
v8b899c12
~ld


6.01
 0h00:03.027 2021/06/29T16:38:52z: DS3231
 0h00:03.042 2021/06/29T16:38:52z: BME280 (0x76)
 0h00:03.056 2021/06/29T16:38:52z: 10:52:1c:41:79:b5
 0h00:03.058 2021/06/29T16:38:52z: SSID: ARRIS-5A97
 0h00:03.063 2021/06/29T16:38:52z: AP_STAR tmr
 ets Jan  8 2013,rst cause:1, boot mode:(3,7)

load 0x4010f000, len 1384, room 16 
tail 8
chksum 0x2d
csum 0x2d
v8b899c12
~ld


6.01
 0h00:03.007 2021/06/29T16:58:48z: DS3231
 0h00:03.022 2021/06/29T16:58:48z: BME280 (0x76)
 0h00:03.037 2021/06/29T16:58:48z: 10:52:1c:41:79:b5
 0h00:03.038 2021/06/29T16:58:48z: SSID: ARRIS-5A97
 0h00:03.043 2021/06/29T16:58:48z: AP_STAR tmr
 ets Jan  8 2013,rst cause:1, boot mode:(3,7)

load 0x4010f000, len 1384, room 16 
tail 8
chksum 0x2d
csum 0x2d
v8b899c12
~ld


6.01
 0h00:03.003 2021/06/29T17:18:43z: DS3231
 0h00:03.018 2021/06/29T17:18:43z: BME280 (0x76)
 0h00:03.032 2021/06/29T17:18:43z: 10:52:1c:41:79:b5
 0h00:03.034 2021/06/29T17:18:43z: SSID: ARRIS-5A97
 0h00:03.039 2021/06/29T17:18:43z: AP_STAR tmr
 ets Jan  8 2013,rst cause:1, boot mode:(3,7)

load 0x4010f000, len 1384, room 16 
tail 8
chksum 0x2d
csum 0x2d
v8b899c12
~ld


6.01
 0h00:02.996 2021/06/29T17:38:39z: DS3231
 0h00:03.011 2021/06/29T17:38:39z: BME280 (0x76)
 0h00:03.026 2021/06/29T17:38:39z: 10:52:1c:41:79:b5
 0h00:03.027 2021/06/29T17:38:39z: SSID: ARRIS-5A97
 0h00:03.032 2021/06/29T17:38:39z: AP_STAR tmr
 ets Jan  8 2013,rst cause:1, boot mode:(3,7)

load 0x4010f000, len 1384, room 16 
tail 8
chksum 0x2d
csum 0x2d
v8b899c12
~ld


6.01
 0h00:03.002 2021/06/29T17:58:35z: DS3231
 0h00:03.017 2021/06/29T17:58:35z: BME280 (0x76)
 0h00:03.031 2021/06/29T17:58:35z: 10:52:1c:41:79:b5
 0h00:03.033 2021/06/29T17:58:35z: SSID: ARRIS-5A97
 0h00:03.038 2021/06/29T17:58:35z: AP_STAR tmr
 ets Jan  8 2013,rst cause:1, boot mode:(3,7)

load 0x4010f000, len 1384, room 16 
tail 8
chksum 0x2d
csum 0x2d
v8b899c12
~ld


6.01
 0h00:03.004 2021/06/29T18:18:32z: DS3231
 0h00:03.019 2021/06/29T18:18:32z: BME280 (0x76)
 0h00:03.033 2021/06/29T18:18:32z: 10:52:1c:41:79:b5
 0h00:03.035 2021/06/29T18:18:32z: SSID: ARRIS-5A97
 0h00:03.040 2021/06/29T18:18:32z: AP_STAR tmr
 ets Jan  8 2013,rst cause:1, boot mode:(3,7)

load 0x4010f000, len 1384, room 16 
tail 8
chksum 0x2d
csum 0x2d
v8b899c12
~ld


6.01
 0h00:03.010 2021/06/29T18:38:27z: DS3231
 0h00:03.025 2021/06/29T18:38:27z: BME280 (0x76)
 0h00:03.039 2021/06/29T18:38:27z: 10:52:1c:41:79:b5
 0h00:03.041 2021/06/29T18:38:27z: SSID: ARRIS-5A97
 0h00:03.046 2021/06/29T18:38:27z: AP_STAR tmr
 ets Jan  8 2013,rst cause:1, boot mode:(3,7)

load 0x4010f000, len 1384, room 16 
tail 8
chksum 0x2d
csum 0x2d
v8b899c12
~ld


6.01
 0h00:03.020 2021/06/29T18:58:23z: DS3231
 0h00:03.035 2021/06/29T18:58:23z: BME280 (0x76)
 0h00:03.049 2021/06/29T18:58:23z: 10:52:1c:41:79:b5
 0h00:03.051 2021/06/29T18:58:23z: SSID: ARRIS-5A97
 0h00:03.056 2021/06/29T18:58:23z: AP_STAR tmr
 ets Jan  8 2013,rst cause:1, boot mode:(3,7)

load 0x4010f000, len 1384, room 16 
tail 8
chksum 0x2d
csum 0x2d
v8b899c12
~ld


6.01
 0h00:03.028 2021/06/29T19:18:19z: DS3231
 0h00:03.043 2021/06/29T19:18:19z: BME280 (0x76)
 0h00:03.058 2021/06/29T19:18:19z: 10:52:1c:41:79:b5
 0h00:03.059 2021/06/29T19:18:19z: SSID: ARRIS-5A97
 0h00:03.064 2021/06/29T19:18:19z: AP_STAR tmr
 ets Jan  8 2013,rst cause:1, boot mode:(3,7)

load 0x4010f000, len 1384, room 16 
tail 8
chksum 0x2d
csum 0x2d
v8b899c12
~ld


6.01
 0h00:03.005 2021/06/29T19:38:16z: DS3231
 0h00:03.020 2021/06/29T19:38:16z: BME280 (0x76)
 0h00:03.034 2021/06/29T19:38:16z: 10:52:1c:41:79:b5
 0h00:03.036 2021/06/29T19:38:16z: SSID: ARRIS-5A97
 0h00:03.041 2021/06/29T19:38:16z: AP_STAR tmr
 ets Jan  8 2013,rst cause:1, boot mode:(3,7)

load 0x4010f000, len 1384, room 16 
tail 8
chksum 0x2d
csum 0x2d
v8b899c12
~ld


6.01
 0h00:03.003 2021/06/29T19:58:11z: DS3231
 0h00:03.018 2021/06/29T19:58:11z: BME280 (0x76)
 0h00:03.033 2021/06/29T19:58:11z: 10:52:1c:41:79:b5
 0h00:03.034 2021/06/29T19:58:11z: SSID: ARRIS-5A97
 0h00:03.039 2021/06/29T19:58:11z: AP_STAR tmr
 ets Jan  8 2013,rst cause:1, boot mode:(3,7)

load 0x4010f000, len 1384, room 16 
tail 8
chksum 0x2d
csum 0x2d
v8b899c12
~ld


6.01
 0h00:03.000 2021/06/29T20:18:08z: DS3231
 0h00:03.016 2021/06/29T20:18:08z: BME280 (0x76)
 0h00:03.030 2021/06/29T20:18:08z: 10:52:1c:41:79:b5
 0h00:03.031 2021/06/29T20:18:08z: SSID: ARRIS-5A97
 0h00:03.037 2021/06/29T20:18:08z: AP_STAR tmr
 ets Jan  8 2013,rst cause:1, boot mode:(3,7)

load 0x4010f000, len 1384, room 16 
tail 8
chksum 0x2d
csum 0x2d
v8b899c12
~ld


6.01
 0h00:02.999 2021/06/29T20:38:04z: DS3231
 0h00:03.014 2021/06/29T20:38:04z: BME280 (0x76)
 0h00:03.029 2021/06/29T20:38:04z: 10:52:1c:41:79:b5
 0h00:03.030 2021/06/29T20:38:04z: SSID: ARRIS-5A97
 0h00:03.035 2021/06/29T20:38:04z: AP_STAR tmr
 ets Jan  8 2013,rst cause:1, boot mode:(3,7)

load 0x4010f000, len 1384, room 16 
tail 8
chksum 0x2d
csum 0x2d
v8b899c12
~ld


6.01
 0h00:03.007 2021/06/29T20:58:00z: DS3231
 0h00:03.022 2021/06/29T20:58:00z: BME280 (0x76)
 0h00:03.036 2021/06/29T20:58:00z: 10:52:1c:41:79:b5
 0h00:03.038 2021/06/29T20:58:00z: SSID: ARRIS-5A97
 0h00:03.043 2021/06/29T20:58:00z: AP_STAR tmr
 ets Jan  8 2013,rst cause:1, boot mode:(3,7)

load 0x4010f000, len 1384, room 16 
tail 8
chksum 0x2d
csum 0x2d
v8b899c12
~ld


6.01
 0h00:03.014 2021/06/29T21:17:56z: DS3231
 0h00:03.030 2021/06/29T21:17:56z: BME280 (0x76)
 0h00:03.044 2021/06/29T21:17:56z: 10:52:1c:41:79:b5
 0h00:03.045 2021/06/29T21:17:56z: SSID: ARRIS-5A97
 0h00:03.051 2021/06/29T21:17:56z: AP_STAR tmr
 ets Jan  8 2013,rst cause:1, boot mode:(3,7)

load 0x4010f000, len 1384, room 16 
tail 8
chksum 0x2d
csum 0x2d
v8b899c12
~ld


6.01
 0h00:03.017 2021/06/29T21:37:52z: DS3231
 0h00:03.032 2021/06/29T21:37:52z: BME280 (0x76)
 0h00:03.046 2021/06/29T21:37:52z: 10:52:1c:41:79:b5
 0h00:03.048 2021/06/29T21:37:52z: SSID: ARRIS-5A97
 0h00:03.053 2021/06/29T21:37:52z: AP_STAR tmr
 ets Jan  8 2013,rst cause:1, boot mode:(3,7)

load 0x4010f000, len 1384, room 16 
tail 8
chksum 0x2d
csum 0x2d
v8b899c12
~ld


6.01
 0h00:03.031 2021/06/29T21:57:48z: DS3231
 0h00:03.046 2021/06/29T21:57:48z: BME280 (0x76)
 0h00:03.060 2021/06/29T21:57:48z: 10:52:1c:41:79:b5
 0h00:03.062 2021/06/29T21:57:48z: SSID: ARRIS-5A97
 0h00:03.067 2021/06/29T21:57:48z: AP_STAR tmr
 ets Jan  8 2013,rst cause:1, boot mode:(3,7)

load 0x4010f000, len 1384, room 16 
tail 8
chksum 0x2d
csum 0x2d
v8b899c12
~ld


6.01
 0h00:03.002 2021/06/29T22:17:44z: DS3231
 0h00:03.017 2021/06/29T22:17:44z: BME280 (0x76)
 0h00:03.031 2021/06/29T22:17:44z: 10:52:1c:41:79:b5
 0h00:03.033 2021/06/29T22:17:44z: SSID: ARRIS-5A97
 0h00:03.038 2021/06/29T22:17:44z: AP_STAR tmr
 ets Jan  8 2013,rst cause:1, boot mode:(3,7)

load 0x4010f000, len 1384, room 16 
tail 8
chksum 0x2d
csum 0x2d
v8b899c12
~ld


6.01
 0h00:03.000 2021/06/29T22:37:39z: DS3231
 0h00:03.015 2021/06/29T22:37:40z: BME280 (0x76)
 0h00:03.029 2021/06/29T22:37:40z: 10:52:1c:41:79:b5
 0h00:03.031 2021/06/29T22:37:40z: SSID: ARRIS-5A97
 0h00:03.036 2021/06/29T22:37:40z: AP_STAR tmr
 ets Jan  8 2013,rst cause:1, boot mode:(3,7)

load 0x4010f000, len 1384, room 16 
tail 8
chksum 0x2d
csum 0x2d
v8b899c12
~ld


6.01
 0h00:03.004 2021/06/29T22:57:36z: DS3231
 0h00:03.019 2021/06/29T22:57:36z: BME280 (0x76)
 0h00:03.033 2021/06/29T22:57:36z: 10:52:1c:41:79:b5
 0h00:03.035 2021/06/29T22:57:36z: SSID: ARRIS-5A97
 0h00:03.040 2021/06/29T22:57:36z: AP_STAR tmr
 ets Jan  8 2013,rst cause:1, boot mode:(3,7)

load 0x4010f000, len 1384, room 16 
tail 8
chksum 0x2d
csum 0x2d
v8b899c12
~ld


6.01
 0h00:02.995 2021/06/29T23:17:31z: DS3231
 0h00:03.010 2021/06/29T23:17:31z: BME280 (0x76)
 0h00:03.024 2021/06/29T23:17:31z: 10:52:1c:41:79:b5
 0h00:03.026 2021/06/29T23:17:31z: SSID: ARRIS-5A97
 0h00:03.031 2021/06/29T23:17:31z: AP_STAR tmr
 ets Jan  8 2013,rst cause:1, boot mode:(3,7)

load 0x4010f000, len 1384, room 16 
tail 8
chksum 0x2d
csum 0x2d
v8b899c12
~ld


6.01
 0h00:03.004 2021/06/29T23:37:27z: DS3231
 0h00:03.020 2021/06/29T23:37:27z: BME280 (0x76)
 0h00:03.034 2021/06/29T23:37:27z: 10:52:1c:41:79:b5
 0h00:03.036 2021/06/29T23:37:27z: SSID: ARRIS-5A97
 0h00:03.041 2021/06/29T23:37:27z: AP_STAR tmr
 ets Jan  8 2013,rst cause:1, boot mode:(3,7)

load 0x4010f000, len 1384, room 16 
tail 8
chksum 0x2d
csum 0x2d
v8b899c12
~ld


6.01
 0h00:03.007 2021/06/29T23:57:22z: DS3231
 0h00:03.023 2021/06/29T23:57:22z: BME280 (0x76)
 0h00:03.037 2021/06/29T23:57:22z: 10:52:1c:41:79:b5
 0h00:03.039 2021/06/29T23:57:22z: SSID: ARRIS-5A97
 0h00:03.044 2021/06/29T23:57:22z: AP_STA