R tmr
 ets Jan  8 2013,rst cause:1, boot mode:(3,7)

load 0x4010f000, len 1384, room 16 
tail 8
chksum 0x2d
csum 0x2d
v8b899c12
~ld


6.01
 0h00:03.013 2021/06/28T11:04:41z: DS3231
 0h00:03.028 2021/06/28T11:04:41z: BME280 (0x76)
 0h00:03.043 2021/06/28T11:04:41z: 10:52:1c:41:79:b5
 0h00:03.044 2021/06/28T11:04:41z: SSID: ARRIS-5A97
 0h00:03.049 2021/06/28T11:04:41z: AP_STAR tmr
 ets Jan  8 2013,rst cause:1, boot mode:(3,7)

load 0x4010f000, len 1384, room 16 
tail 8
chksum 0x2d
csum 0x2d
v8b899c12
~ld


6.01
 0h00:03.024 2021/06/28T11:24:37z: DS3231
 0h00:03.040 2021/06/28T11:24:38z: BME280 (0x76)
 0h00:03.054 2021/06/28T11:24:38z: 10:52:1c:41:79:b5
 0h00:03.056 2021/06/28T11:24:38z: SSID: ARRIS-5A97
 0h00:03.061 2021/06/28T11:24:38z: AP_STAR tmr
 ets Jan  8 2013,rst cause:1, boot mode:(3,7)

load 0x4010f000, len 1384, room 16 
tail 8
chksum 0x2d
csum 0x2d
v8b899c12
~ld


6.01
 0h00:03.001 2021/06/28T11:44:33z: DS3231
 0h00:03.016 2021/06/28T11:44:33z: BME280 (0x76)
 0h00:03.030 2021/06/28T11:44:33z: 10:52:1c:41:79:b5
 0h00:03.032 2021/06/28T11:44:33z: SSID: ARRIS-5A97
 0h00:03.037 2021/06/28T11:44:33z: AP_STAR tmr
 ets Jan  8 2013,rst cause:1, boot mode:(3,7)

load 0x4010f000, len 1384, room 16 
tail 8
chksum 0x2d
csum 0x2d
v8b899c12
~ld


6.01
 0h00:03.000 2021/06/28T12:04:29z: DS3231
 0h00:03.016 2021/06/28T12:04:29z: BME280 (0x76)
 0h00:03.030 2021/06/28T12:04:29z: 10:52:1c:41:79:b5
 0h00:03.032 2021/06/28T12:04:29z: SSID: ARRIS-5A97
 0h00:03.037 2021/06/28T12:04:29z: AP_STAR tmr
 ets Jan  8 2013,rst cause:1, boot mode:(3,7)

load 0x4010f000, len 1384, room 16 
tail 8
chksum 0x2d
csum 0x2d
v8b899c12
~ld


6.01
 0h00:03.000 2021/06/28T12:24:24z: DS3231
 0h00:03.015 2021/06/28T12:24:24z: BME280 (0x76)
 0h00:03.029 2021/06/28T12:24:24z: 10:52:1c:41:79:b5
 0h00:03.031 2021/06/28T12:24:24z: SSID: ARRIS-5A97
 0h00:03.036 2021/06/28T12:24:24z: AP_STAR tmr
 ets Jan  8 2013,rst cause:1, boot mode:(3,7)

load 0x4010f000, len 1384, room 16 
tail 8
chksum 0x2d
csum 0x2d
v8b899c12
~ld


6.01
 0h00:02.995 2021/06/28T12:44:21z: DS3231
 0h00:03.010 2021/06/28T12:44:21z: BME280 (0x76)
 0h00:03.025 2021/06/28T12:44:21z: 10:52:1c:41:79:b5
 0h00:03.026 2021/06/28T12:44:21z: SSID: ARRIS-5A97
 0h00:03.031 2021/06/28T12:44:21z: AP_STAR tmr
 ets Jan  8 2013,rst cause:1, boot mode:(3,7)

load 0x4010f000, len 1384, room 16 
tail 8
chksum 0x2d
csum 0x2d
v8b899c12
~ld


6.01
 0h00:03.001 2021/06/28T13:04:18z: DS3231
 0h00:03.016 2021/06/28T13:04:18z: BME280 (0x76)
 0h00:03.030 2021/06/28T13:04:18z: 10:52:1c:41:79:b5
 0h00:03.032 2021/06/28T13:04:18z: SSID: ARRIS-5A97
 0h00:03.037 2021/06/28T13:04:18z: AP_STAR tmr
 ets Jan  8 2013,rst cause:1, boot mode:(3,7)

load 0x4010f000, len 1384, room 16 
tail 8
chksum 0x2d
csum 0x2d
v8b899c12
~ld


6.01
 0h00:03.013 2021/06/28T13:24:13z: DS3231
 0h00:03.028 2021/06/28T13:24:13z: BME280 (0x76)
 0h00:03.042 2021/06/28T13:24:13z: 10:52:1c:41:79:b5
 0h00:03.044 2021/06/28T13:24:13z: SSID: ARRIS-5A97
 0h00:03.049 2021/06/28T13:24:13z: AP_STAR tmr
 ets Jan  8 2013,rst cause:1, boot mode:(3,7)

load 0x4010f000, len 1384, room 16 
tail 8
chksum 0x2d
csum 0x2d
v8b899c12
~ld


6.01
 0h00:03.019 2021/06/28T13:44:09z: DS3231
 0h00:03.035 2021/06/28T13:44:09z: BME280 (0x76)
 0h00:03.049 2021/06/28T13:44:09z: 10:52:1c:41:79:b5
 0h00:03.050 2021/06/28T13:44:09z: SSID: ARRIS-5A97
 0h00:03.056 2021/06/28T13:44:09z: AP_STAR tmr
 ets Jan  8 2013,rst cause:1, boot mode:(3,7)

load 0x4010f000, len 1384, room 16 
tail 8
chksum 0x2d
csum 0x2d
v8b899c12
~ld


6.01
 0h00:03.026 2021/06/28T14:04:05z: DS3231
 0h00:03.042 2021/06/28T14:04:05z: BME280 (0x76)
 0h00:03.056 2021/06/28T14:04:05z: 10:52:1c:41:79:b5
 0h00:03.057 2021/06/28T14:04:05z: SSID: ARRIS-5A97
 0h00:03.063 2021/06/28T14:04:05z: AP_STAR tmr
 ets Jan  8 2013,rst cause:1, boot mode:(3,7)

load 0x4010f000, len 1384, room 16 
tail 8
chksum 0x2d
csum 0x2d
v8b899c12
~ld


6.01
 0h00:02.996 2021/06/28T14:24:01z: DS3231
 0h00:03.011 2021/06/28T14:24:01z: BME280 (0x76)
 0h00:03.026 2021/06/28T14:24:02z: 10:52:1c:41:79:b5
 0h00:03.027 2021/06/28T14:24:02z: SSID: ARRIS-5A97
 0h00:03.032 2021/06/28T14:24:02z: AP_STAR tmr
 ets Jan  8 2013,rst cause:1, boot mode:(3,7)

load 0x4010f000, len 1384, room 16 
tail 8
chksum 0x2d
csum 0x2d
v8b899c12
~ld


6.01
 0h00:02.999 2021/06/28T14:43:57z: DS3231
 0h00:03.015 2021/06/28T14:43:57z: BME280 (0x76)
 0h00:03.029 2021/06/28T14:43:57z: 10:52:1c:41:79:b5
 0h00:03.031 2021/06/28T14:43:57z: SSID: ARRIS-5A97
 0h00:03.036 2021/06/28T14:43:57z: AP_STAR tmr
 ets Jan  8 2013,rst cause:1, boot mode:(3,7)

load 0x4010f000, len 1384, room 16 
tail 8
chksum 0x2d
csum 0x2d
v8b899c12
~ld


6.01
 0h00:02.999 2021/06/28T15:03:53z: DS3231
 0h00:03.015 2021/06/28T15:03:53z: BME280 (0x76)
 0h00:03.029 2021/06/28T15:03:53z: 10:52:1c:41:79:b5
 0h00:03.031 2021/06/28T15:03:53z: SSID: ARRIS-5A97
 0h00:03.036 2021/06/28T15:03:53z: AP_STAR tmr
 ets Jan  8 2013,rst cause:1, boot mode:(3,7)

load 0x4010f000, len 1384, room 16 
tail 8
chksum 0x2d
csum 0x2d
v8b899c12
~ld


6.01
 0h00:03.001 2021/06/28T15:23:50z: DS3231
 0h00:03.016 2021/06/28T15:23:50z: BME280 (0x76)
 0h00:03.030 2021/06/28T15:23:50z: 10:52:1c:41:79:b5
 0h00:03.032 2021/06/28T15:23:50z: SSID: ARRIS-5A97
 0h00:03.037 2021/06/28T15:23:50z: AP_STAR tmr
 ets Jan  8 2013,rst cause:1, boot mode:(3,7)

load 0x4010f000, len 1384, room 16 
tail 8
chksum 0x2d
csum 0x2d
v8b899c12
~ld


6.01
 0h00:03.003 2021/06/28T15:43:46z: DS3231
 0h00:03.018 2021/06/28T15:43:46z: BME280 (0x76)
 0h00:03.032 2021/06/28T15:43:46z: 10:52:1c:41:79:b5
 0h00:03.034 2021/06/28T15:43:46z: SSID: ARRIS-5A97
 0h00:03.039 2021/06/28T15:43:46z: AP_STAR tmr
 ets Jan  8 2013,rst cause:1, boot mode:(3,7)

load 0x4010f000, len 1384, room 16 
tail 8
chksum 0x2d
csum 0x2d
v8b899c12
~ld


6.01
 0h00:03.011 2021/06/28T16:03:42z: DS3231
 0h00:03.027 2021/06/28T16:03:42z: BME280 (0x76)
 0h00:03.041 2021/06/28T16:03:42z: 10:52:1c:41:79:b5
 0h00:03.043 2021/06/28T16:03:42z: SSID: ARRIS-5A97
 0h00:03.048 2021/06/28T16:03:42z: AP_STAR tmr
 ets Jan  8 2013,rst cause:1, boot mode:(3,7)

load 0x4010f000, len 1384, room 16 
tail 8
chksum 0x2d
csum 0x2d
v8b899c12
~ld


6.01
 0h00:03.011 2021/06/28T16:23:38z: DS3231
 0h00:03.026 2021/06/28T16:23:38z: BME280 (0x76)
 0h00:03.040 2021/06/28T16:23:38z: 10:52:1c:41:79:b5
 0h00:03.042 2021/06/28T16:23:38z: SSID: ARRIS-5A97
 0h00:03.047 2021/06/28T16:23:38z: AP_STAR tmr
 ets Jan  8 2013,rst cause:1, boot mode:(3,7)

load 0x4010f000, len 1384, room 16 
tail 8
chksum 0x2d
csum 0x2d
v8b899c12
~ld


6.01
 0h00:03.023 2021/06/28T16:43:35z: DS3231
 0h00:03.038 2021/06/28T16:43:35z: BME280 (0x76)
 0h00:03.052 2021/06/28T16:43:35z: 10:52:1c:41:79:b5
 0h00:03.054 2021/06/28T16:43:35z: SSID: ARRIS-5A97
 0h00:03.059 2021/06/28T16:43:35z: AP_STAR tmr
 ets Jan  8 2013,rst cause:1, boot mode:(3,7)

load 0x4010f000, len 1384, room 16 
tail 8
chksum 0x2d
csum 0x2d
v8b899c12
~ld


6.01
 0h00:03.016 2021/06/28T17:03:31z: DS3231
 0h00:03.031 2021/06/28T17:03:31z: BME280 (0x76)
 0h00:03.045 2021/06/28T17:03:31z: 10:52:1c:41:79:b5
 0h00:03.047 2021/06/28T17:03:31z: SSID: ARRIS-5A97
 0h00:03.052 2021/06/28T17:03:31z: AP_STAR tmr
 ets Jan  8 2013,rst cause:1, boot mode:(3,7)

load 0x4010f000, len 1384, room 16 
tail 8
chksum 0x2d
csum 0x2d
v8b899c12
~ld


6.01
 0h00:03.028 2021/06/28T17:23:28z: DS3231
 0h00:03.044 2021/06/28T17:23:28z: BME280 (0x76)
 0h00:03.058 2021/06/28T17:23:28z: 10:52:1c:41:79:b5
 0h00:03.060 2021/06/28T17:23:28z: SSID: ARRIS-5A97
 0h00:03.065 2021/06/28T17:23:28z: AP_STAR tmr
 ets Jan  8 2013,rst cause:1, boot mode:(3,7)

load 0x4010f000, len 1384, room 16 
tail 8
chksum 0x2d
csum 0x2d
v8b899c12
~ld


6.01
 0h00:03.018 2021/06/28T17:43:24z: DS3231
 0h00:03.033 2021/06/28T17:43:24z: BME280 (0x76)
 0h00:03.048 2021/06/28T17:43:24z: 10:52:1c:41:79:b5
 0h00:03.049 2021/06/28T17:43:24z: SSID: ARRIS-5A97
 0h00:03.055 2021/06/28T17:43:24z: AP_STAR tmr
 ets Jan  8 2013,rst cause:1, boot mode:(3,7)

load 0x4010f000, len 1384, room 16 
tail 8
chksum 0x2d
csum 0x2d
v8b899c12
~ld


6.01
 0h00:03.022 2021/06/28T18:03:20z: DS3231
 0h00:03.037 2021/06/28T18:03:20z: BME280 (0x76)
 0h00:03.051 2021/06/28T18:03:20z: 10:52:1c:41:79:b5
 0h00:03.053 2021/06/28T18:03:20z: SSID: ARRIS-5A97
 0h00:03.058 2021/06/28T18:03:20z: AP_STAR tmr
 ets Jan  8 2013,rst cause:1, boot mode:(3,7)

load 0x4010f000, len 1384, room 16 
tail 8
chksum 0x2d
csum 0x2d
v8b899c12
~ld


6.01
 0h00:03.001 2021/06/28T18:23:16z: DS3231
 0h00:03.016 2021/06/28T18:23:16z: BME280 (0x76)
 0h00:03.030 2021/06/28T18:23:16z: 10:52:1c:41:79:b5
 0h00:03.032 2021/06/28T18:23:16z: SSID: ARRIS-5A97
 0h00:03.037 2021/06/28T18:23:16z: AP_STAR tmr
 ets Jan  8 2013,rst cause:1, boot mode:(3,7)

load 0x4010f000, len 1384, room 16 
tail 8
chksum 0x2d
csum 0x2d
v8b899c12
~ld


6.01
 0h00:02.998 2021/06/28T18:43:12z: DS3231
 0h00:03.014 2021/06/28T18:43:12z: BME280 (0x76)
 0h00:03.028 2021/06/28T18:43:12z: 10:52:1c:41:79:b5
 0h00:03.029 2021/06/28T18:43:12z: SSID: ARRIS-5A97
 0h00:03.035 2021/06/28T18:43:12z: AP_STAR tmr
 ets Jan  8 2013,rst cause:1, boot mode:(3,7)

load 0x4010f000, len 1384, room 16 
tail 8
chksum 0x2d
csum 0x2d
v8b899c12
~ld


6.01
 0h00:03.001 2021/06/28T19:03:08z: DS3231
 0h00:03.016 2021/06/28T19:03:08z: BME280 (0x76)
 0h00:03.030 2021/06/28T19:03:08z: 10:52:1c:41:79:b5
 0h00:03.032 2021/06/28T19:03:08z: SSID: ARRIS-5A97
 0h00:03.037 2021/06/28T19:03:08z: AP_STAR tmr
 ets Jan  8 2013,rst cause:1, boot mode:(3,7)

load 0x4010f000, len 1384, room 16 
tail 8
chksum 0x2d
csum 0x2d
v8b899c12
~ld


6.01
 0h00:03.005 2021/06/28T19:23:05z: DS3231
 0h00:03.021 2021/06/28T19:23:05z: BME280 (0x76)
 0h00:03.035 2021/06/28T19:23:05z: 10:52:1c:41:79:b5
 0h00:03.036 2021/06/28T19:23:05z: SSID: ARRIS-5A97
 0h00:03.042 2021/06/28T19:23:05z: AP_STAR tmr
 ets Jan  8 2013,rst cause:1, boot mode:(3,7)

load 0x4010f000, len 1384, room 16 
tail 8
chksum 0x2d
csum 0x2d
v8b899c12
~ld


6.01
 0h00:03.004 2021/06/28T19:43:01z: DS3231
 0h00:03.019 2021/06/28T19:43:01z: BME280 (0x76)
 0h00:03.033 2021/06/28T19:43:01z: 10:52:1c:41:79:b5
 0h00:03.035 2021/06/28T19:43:01z: SSID: ARRIS-5A97
 0h00:03.040 2021/06/28T19:43:01z: AP_STAR tmr
 ets Jan  8 2013,rst cause:1, boot mode:(3,7)

load 0x4010f000, len 1384, room 16 
tail 8
chksum 0x2d
csum 0x2d
v8b899c12
~ld


6.01
 0h00:03.014 2021/06/28T20:02:56z: DS3231
 0h00:03.030 2021/06/28T20:02:56z: BME280 (0x76)
 0h00:03.044 2021/06/28T20:02:57z: 10:52:1c:41:79:b5
 0h00:03.046 2021/06/28T20:02:57z: SSID: ARRIS-5A97
 0h00:03.051 2021/06/28T20:02:57z: AP_STAR tmr
 ets Jan  8 2013,rst cause:1, boot mode:(3,7)

load 0x4010f000, len 1384, room 16 
tail 8
chksum 0x2d
csum 0x2d
v8b899c12
~ld


6.01
 0h00:03.021 2021/06/28T20:22:53z: DS3231
 0h00:03.036 2021/06/28T20:22:53z: BME280 (0x76)
 0h00:03.050 2021/06/28T20:22:53z: 10:52:1c:41:79:b5
 0h00:03.052 2021/06/28T20:22:53z: SSID: ARRIS-5A97
 0h00:03.057 2021/06/28T20:22:53z: AP_STAR tmr
 ets Jan  8 2013,rst cause:1, boot mode:(3,7)

load 0x4010f000, len 1384, room 16 
tail 8
chksum 0x2d
csum 0x2d
v8b899c12
~ld


6.01
 0h00:03.026 2021/06/28T20:42:49z: DS3231
 0h00:03.041 2021/06/28T20:42:49z: BME280 (0x76)
 0h00:03.055 2021/06/28T20:42:49z: 10:52:1c:41:79:b5
 0h00:03.057 2021/06/28T20:42:49z: SSID: ARRIS-5A97
 0h00:03.062 2021/06/28T20:42:49z: AP_STAR tmr
 ets Jan  8 2013,rst cause:1, boot mode:(3,7)

load 0x4010f000, len 1384, room 16 
tail 8
chksum 0x2d
csum 0x2d
v8b899c12
~ld


6.01
 0h00:03.004 2021/06/28T21:02:46z: DS3231
 0h00:03.019 2021/06/28T21:02:46z: BME280 (0x76)
 0h00:03.034 2021/06/28T21:02:46z: 10:52:1c:41:79:b5
 0h00:03.035 2021/06/28T21:02:46z: SSID: ARRIS-5A97
 0h00:03.040 2021/06/28T21:02:46z: AP_STAR tmr
 ets Jan  8 2013,rst cause:1, boot mode:(3,7)

load 0x4010f000, len 1384, room 16 
tail 8
chksum 0x2d
csum 0x2d
v8b899c12
~ld


6.01
 0h00:03.001 2021/06/28T21:22:42z: DS3231
 0h00:03.017 2021/06/28T21:22:42z: BME280 (0x76)
 0h00:03.031 2021/06/28T21:22:42z: 10:52:1c:41:79:b5
 0h00:03.033 2021/06/28T21:22:42z: SSID: ARRIS-5A97
 0h00:03.038 2021/06/28T21:22:42z: AP_STAR tmr
 ets Jan  8 2013,rst cause:1, boot mode:(3,7)

load 0x4010f000, len 1384, room 16 
tail 8
chksum 0x2d
csum 0x2d
v8b899c12
~ld


6.01
 0h00:03.003 2021/06/28T21:42:39z: DS3231
 0h00:03.018 2021/06/28T21:42:39z: BME280 (0x76)
 0h00:03.032 2021/06/28T21:42:39z: 10:52:1c:41:79:b5
 0h00:03.034 2021/06/28T21:42:39z: SSID: ARRIS-5A97
 0h00:03.039 2021/06/28T21:42:39z: AP_STAR tmr
 ets Jan  8 2013,rst cause:1, boot mode:(3,7)

load 0x4010f000, len 1384, room 16 
tail 8
chksum 0x2d
csum 0x2d
v8b899c12
~ld


6.01
 0h00:02.999 2021/06/28T22:02:35z: DS3231
 0h00:03.015 2021/06/28T22:02:35z: BME280 (0x76)
 0h00:03.029 2021/06/28T22:02:35z: 10:52:1c:41:79:b5
 0h00:03.030 2021/06/28T22:02:35z: SSID: ARRIS-5A97
 0h00:03.036 2021/06/28T22:02:35z: AP_STAR tmr
 ets Jan  8 2013,rst cause:1, boot mode:(3,7)

load 0x4010f000, len 1384, room 16 
tail 8
chksum 0x2d
csum 0x2d
v8b899c12
~ld


6.01
 0h00:03.003 2021/06/28T22:22:31z: DS3231
 0h00:03.019 2021/06/28T22:22:31z: BME280 (0x76)
 0h00:03.033 2021/06/28T22:22:31z: 10:52:1c:41:79:b5
 0h00:03.035 2021/06/28T22:22:31z: SSID: ARRIS-5A97
 0h00:03.040 2021/06/28T22:22:31z: AP_STAR tmr
 ets Jan  8 2013,rst cause:1, boot mode:(3,7)

load 0x4010f000, len 1384, room 16 
tail 8
chksum 0x2d
csum 0x2d
v8b899c12
~ld


6.01
 0h00:03.014 2021/06/28T22:42:26z: DS3231
 0h00:03.029 2021/06/28T22:42:26z: BME280 (0x76)
 0h00:03.043 2021/06/28T22:42:26z: 10:52:1c:41:79:b5
 0h00:03.045 2021/06/28T22:42:26z: SSID: ARRIS-5A97
 0h00:03.050 2021/06/28T22:42:26z: AP_STAR tmr
 ets Jan  8 2013,rst cause:1, boot mode:(3,7)

load 0x4010f000, len 1384, room 16 
tail 8
chksum 0x2d
csum 0x2d
v8b899c12
~ld


6.01
 0h00:03.015 2021/06/28T23:02:22z: DS3231
 0h00:03.031 2021/06/28T23:02:22z: BME280 (0x76)
 0h00:03.045 2021/06/28T23:02:23z: 10:52:1c:41:79:b5
 0h00:03.047 2021/06/28T23:02:23z: SSID: ARRIS-5A97
 0h00:03.052 2021/06/28T23:02:23z: AP_STAR tmr
 ets Jan  8 2013,rst cause:1, boot mode:(3,7)

load 0x4010f000, len 1384, room 16 
tail 8
chksum 0x2d
csum 0x2d
v8b899c12
~ld


6.01
 0h00:03.032 2021/06/28T23:22:18z: DS3231
 0h00:03.048 2021/06/28T23:22:18z: BME280 (0x76)
 0h00:03.062 2021/06/28T23:22:18z: 10:52:1c:41:79:b5
 0h00:03.064 2021/06/28T23:22:18z: SSID: ARRIS-5A97
 0h00:03.069 2021/06/28T23:22:18z: AP_STAR tmr
 ets Jan  8 2013,rst cause:1, boot mode:(3,7)

load 0x4010f000, len 1384, room 16 
tail 8
chksum 0x2d
csum 0x2d
v8b899c12
~ld


6.01
 0h00:03.004 2021/06/28T23:42:15z: DS3231
 0h00:03.019 2021/06/28T23:42:15z: BME280 (0x76)
 0h00:03.033 2021/06/28T23:42:15z: 10:52:1c:41:79:b5
 0h00:03.035 2021/06/28T23:42:15z: SSID: ARRIS-5A97
 0h00:03.040 2021/06/28T23:42:15z: AP_STA