R tmr
 ets Jan  8 2013,rst cause:1, boot mode:(3,6)

load 0x4010f000, len 1384, room 16 
tail 8
chksum 0x2d
csum 0x2d
v8b899c12
~ld


6.01
 0h00:03.034 2021/05/27T11:38:05z: DS3231
 0h00:03.049 2021/05/27T11:38:05z: BME280 (0x76)
 0h00:03.063 2021/05/27T11:38:05z: 10:52:1c:4d:aa:9c
 0h00:03.065 2021/05/27T11:38:05z: SSID: Apollonia Students Halls
 0h00:03.070 2021/05/27T11:38:05z: AP_STAR tmr
 ets Jan  8 2013,rst cause:1, boot mode:(3,6)

load 0x4010f000, len 1384, room 16 
tail 8
chksum 0x2d
csum 0x2d
v8b899c12
~ld


6.01
 0h00:03.042 2021/05/27T11:58:01z: DS3231
 0h00:03.057 2021/05/27T11:58:01z: BME280 (0x76)
 0h00:03.071 2021/05/27T11:58:01z: 10:52:1c:4d:aa:9c
 0h00:03.073 2021/05/27T11:58:01z: SSID: Apollonia Students Halls
 0h00:03.078 2021/05/27T11:58:01z: AP_STAR tmr
 ets Jan  8 2013,rst cause:1, boot mode:(3,6)

load 0x4010f000, len 1384, room 16 
tail 8
chksum 0x2d
csum 0x2d
v8b899c12
~ld


6.01
 0h00:03.033 2021/05/27T12:17:57z: DS3231
 0h00:03.048 2021/05/27T12:17:57z: BME280 (0x76)
 0h00:03.062 2021/05/27T12:17:57z: 10:52:1c:4d:aa:9c
 0h00:03.064 2021/05/27T12:17:57z: SSID: Apollonia Students Halls
 0h00:03.069 2021/05/27T12:17:57z: AP_STAR tmr
 ets Jan  8 2013,rst cause:1, boot mode:(3,6)

load 0x4010f000, len 1384, room 16 
tail 8
chksum 0x2d
csum 0x2d
v8b899c12
~ld


6.01
 0h00:03.029 2021/05/27T12:37:53z: DS3231
 0h00:03.044 2021/05/27T12:37:53z: BME280 (0x76)
 0h00:03.058 2021/05/27T12:37:53z: 10:52:1c:4d:aa:9c
 0h00:03.060 2021/05/27T12:37:53z: SSID: Apollonia Students Halls
 0h00:03.065 2021/05/27T12:37:53z: AP_STAR tmr
 ets Jan  8 2013,rst cause:1, boot mode:(3,6)

load 0x4010f000, len 1384, room 16 
tail 8
chksum 0x2d
csum 0x2d
v8b899c12
~ld


6.01
 0h00:03.036 2021/05/27T12:57:48z: DS3231
 0h00:03.051 2021/05/27T12:57:48z: BME280 (0x76)
 0h00:03.065 2021/05/27T12:57:48z: 10:52:1c:4d:aa:9c
 0h00:03.067 2021/05/27T12:57:48z: SSID: Apollonia Students Halls
 0h00:03.072 2021/05/27T12:57:48z: AP_STAR tmr
 ets Jan  8 2013,rst cause:1, boot mode:(3,6)

load 0x4010f000, len 1384, room 16 
tail 8
chksum 0x2d
csum 0x2d
v8b899c12
~ld


6.01
 0h00:03.044 2021/05/27T13:17:45z: DS3231
 0h00:03.059 2021/05/27T13:17:45z: BME280 (0x76)
 0h00:03.073 2021/05/27T13:17:45z: 10:52:1c:4d:aa:9c
 0h00:03.075 2021/05/27T13:17:45z: SSID: Apollonia Students Halls
 0h00:03.080 2021/05/27T13:17:45z: AP_STAR tmr
 ets Jan  8 2013,rst cause:1, boot mode:(3,6)

load 0x4010f000, len 1384, room 16 
tail 8
chksum 0x2d
csum 0x2d
v8b899c12
~ld


6.01
 0h00:03.048 2021/05/27T13:37:41z: DS3231
 0h00:03.063 2021/05/27T13:37:41z: BME280 (0x76)
 0h00:03.077 2021/05/27T13:37:41z: 10:52:1c:4d:aa:9c
 0h00:03.079 2021/05/27T13:37:41z: SSID: Apollonia Students Halls
 0h00:03.084 2021/05/27T13:37:41z: AP_STAR tmr
 ets Jan  8 2013,rst cause:1, boot mode:(3,6)

load 0x4010f000, len 1384, room 16 
tail 8
chksum 0x2d
csum 0x2d
v8b899c12
~ld


6.01
 0h00:03.052 2021/05/27T13:57:37z: DS3231
 0h00:03.067 2021/05/27T13:57:37z: BME280 (0x76)
 0h00:03.081 2021/05/27T13:57:37z: 10:52:1c:4d:aa:9c
 0h00:03.083 2021/05/27T13:57:37z: SSID: Apollonia Students Halls
 0h00:03.088 2021/05/27T13:57:37z: AP_STAR tmr
 ets Jan  8 2013,rst cause:1, boot mode:(3,6)

load 0x4010f000, len 1384, room 16 
tail 8
chksum 0x2d
csum 0x2d
v8b899c12
~ld


6.01
 0h00:03.030 2021/05/27T14:17:33z: DS3231
 0h00:03.045 2021/05/27T14:17:33z: BME280 (0x76)
 0h00:03.059 2021/05/27T14:17:33z: 10:52:1c:4d:aa:9c
 0h00:03.061 2021/05/27T14:17:33z: SSID: Apollonia Students Halls
 0h00:03.066 2021/05/27T14:17:33z: AP_STAR tmr
 ets Jan  8 2013,rst cause:1, boot mode:(3,6)

load 0x4010f000, len 1384, room 16 
tail 8
chksum 0x2d
csum 0x2d
v8b899c12
~ld


6.01
 0h00:03.033 2021/05/27T14:37:29z: DS3231
 0h00:03.049 2021/05/27T14:37:29z: BME280 (0x76)
 0h00:03.063 2021/05/27T14:37:29z: 10:52:1c:4d:aa:9c
 0h00:03.065 2021/05/27T14:37:29z: SSID: Apollonia Students Halls
 0h00:03.070 2021/05/27T14:37:29z: AP_STAR tmr
 ets Jan  8 2013,rst cause:1, boot mode:(3,6)

load 0x4010f000, len 1384, room 16 
tail 8
chksum 0x2d
csum 0x2d
v8b899c12
~ld


6.01
 0h00:03.035 2021/05/27T14:57:26z: DS3231
 0h00:03.050 2021/05/27T14:57:26z: BME280 (0x76)
 0h00:03.064 2021/05/27T14:57:26z: 10:52:1c:4d:aa:9c
 0h00:03.066 2021/05/27T14:57:26z: SSID: Apollonia Students Halls
 0h00:03.071 2021/05/27T14:57:26z: AP_STAR tmr
 ets Jan  8 2013,rst cause:1, boot mode:(3,6)

load 0x4010f000, len 1384, room 16 
tail 8
chksum 0x2d
csum 0x2d
v8b899c12
~ld


6.01
 0h00:03.027 2021/05/27T15:17:22z: DS3231
 0h00:03.043 2021/05/27T15:17:22z: BME280 (0x76)
 0h00:03.057 2021/05/27T15:17:22z: 10:52:1c:4d:aa:9c
 0h00:03.058 2021/05/27T15:17:22z: SSID: Apollonia Students Halls
 0h00:03.064 2021/05/27T15:17:22z: AP_STAR tmr
 ets Jan  8 2013,rst cause:1, boot mode:(3,6)

load 0x4010f000, len 1384, room 16 
tail 8
chksum 0x2d
csum 0x2d
v8b899c12
~ld


6.01
 0h00:03.047 2021/05/27T15:37:18z: DS3231
 0h00:03.062 2021/05/27T15:37:18z: BME280 (0x76)
 0h00:03.076 2021/05/27T15:37:18z: 10:52:1c:4d:aa:9c
 0h00:03.078 2021/05/27T15:37:18z: SSID: Apollonia Students Halls
 0h00:03.083 2021/05/27T15:37:18z: AP_STAR tmr
 ets Jan  8 2013,rst cause:1, boot mode:(3,6)

load 0x4010f000, len 1384, room 16 
tail 8
chksum 0x2d
csum 0x2d
v8b899c12
~ld


6.01
 0h00:03.047 2021/05/27T15:57:14z: DS3231
 0h00:03.062 2021/05/27T15:57:14z: BME280 (0x76)
 0h00:03.076 2021/05/27T15:57:14z: 10:52:1c:4d:aa:9c
 0h00:03.078 2021/05/27T15:57:14z: SSID: Apollonia Students Halls
 0h00:03.083 2021/05/27T15:57:14z: AP_STAR tmr
 ets Jan  8 2013,rst cause:1, boot mode:(3,6)

load 0x4010f000, len 1384, room 16 
tail 8
chksum 0x2d
csum 0x2d
v8b899c12
~ld


6.01
 0h00:03.052 2021/05/27T16:17:10z: DS3231
 0h00:03.068 2021/05/27T16:17:10z: BME280 (0x76)
 0h00:03.082 2021/05/27T16:17:10z: 10:52:1c:4d:aa:9c
 0h00:03.084 2021/05/27T16:17:10z: SSID: Apollonia Students Halls
 0h00:03.089 2021/05/27T16:17:10z: AP_STAR tmr
 ets Jan  8 2013,rst cause:1, boot mode:(3,6)

load 0x4010f000, len 1384, room 16 
tail 8
chksum 0x2d
csum 0x2d
v8b899c12
~ld


6.01
 0h00:03.063 2021/05/27T16:37:06z: DS3231
 0h00:03.079 2021/05/27T16:37:06z: BME280 (0x76)
 0h00:03.093 2021/05/27T16:37:06z: 10:52:1c:4d:aa:9c
 0h00:03.095 2021/05/27T16:37:06z: SSID: Apollonia Students Halls
 0h00:03.100 2021/05/27T16:37:06z: AP_STAR tmr
 ets Jan  8 2013,rst cause:1, boot mode:(3,6)

load 0x4010f000, len 1384, room 16 
tail 8
chksum 0x2d
csum 0x2d
v8b899c12
~ld


6.01
 0h00:03.034 2021/05/27T16:57:02z: DS3231
 0h00:03.049 2021/05/27T16:57:02z: BME280 (0x76)
 0h00:03.063 2021/05/27T16:57:02z: 10:52:1c:4d:aa:9c
 0h00:03.065 2021/05/27T16:57:02z: SSID: Apollonia Students Halls
 0h00:03.070 2021/05/27T16:57:02z: AP_STAR tmr
 ets Jan  8 2013,rst cause:1, boot mode:(3,6)

load 0x4010f000, len 1384, room 16 
tail 8
chksum 0x2d
csum 0x2d
v8b899c12
~ld


6.01
 0h00:03.037 2021/05/27T17:16:57z: DS3231
 0h00:03.052 2021/05/27T17:16:57z: BME280 (0x76)
 0h00:03.066 2021/05/27T17:16:57z: 10:52:1c:4d:aa:9c
 0h00:03.068 2021/05/27T17:16:57z: SSID: Apollonia Students Halls
 0h00:03.073 2021/05/27T17:16:57z: AP_STAR tmr
 ets Jan  8 2013,rst cause:1, boot mode:(3,6)

load 0x4010f000, len 1384, room 16 
tail 8
chksum 0x2d
csum 0x2d
v8b899c12
~ld


6.01
 0h00:03.041 2021/05/27T17:36:53z: DS3231
 0h00:03.056 2021/05/27T17:36:53z: BME280 (0x76)
 0h00:03.071 2021/05/27T17:36:53z: 10:52:1c:4d:aa:9c
 0h00:03.072 2021/05/27T17:36:53z: SSID: Apollonia Students Halls
 0h00:03.077 2021/05/27T17:36:53z: AP_STAR tmr
 ets Jan  8 2013,rst cause:1, boot mode:(3,6)

load 0x4010f000, len 1384, room 16 
tail 8
chksum 0x2d
csum 0x2d
v8b899c12
~ld


6.01
 0h00:03.032 2021/05/27T17:56:49z: DS3231
 0h00:03.047 2021/05/27T17:56:49z: BME280 (0x76)
 0h00:03.061 2021/05/27T17:56:49z: 10:52:1c:4d:aa:9c
 0h00:03.063 2021/05/27T17:56:49z: SSID: Apollonia Students Halls
 0h00:03.068 2021/05/27T17:56:49z: AP_STAR tmr
 ets Jan  8 2013,rst cause:1, boot mode:(3,6)

load 0x4010f000, len 1384, room 16 
tail 8
chksum 0x2d
csum 0x2d
v8b899c12
~ld


6.01
 0h00:03.034 2021/05/27T18:16:45z: DS3231
 0h00:03.050 2021/05/27T18:16:45z: BME280 (0x76)
 0h00:03.064 2021/05/27T18:16:45z: 10:52:1c:4d:aa:9c
 0h00:03.065 2021/05/27T18:16:45z: SSID: Apollonia Students Halls
 0h00:03.071 2021/05/27T18:16:45z: AP_STAR tmr
 ets Jan  8 2013,rst cause:1, boot mode:(3,6)

load 0x4010f000, len 1384, room 16 
tail 8
chksum 0x2d
csum 0x2d
v8b899c12
~ld


6.01
 0h00:03.042 2021/05/27T18:36:42z: DS3231
 0h00:03.057 2021/05/27T18:36:42z: BME280 (0x76)
 0h00:03.071 2021/05/27T18:36:42z: 10:52:1c:4d:aa:9c
 0h00:03.073 2021/05/27T18:36:42z: SSID: Apollonia Students Halls
 0h00:03.078 2021/05/27T18:36:42z: AP_STAR tmr
 ets Jan  8 2013,rst cause:1, boot mode:(3,6)

load 0x4010f000, len 1384, room 16 
tail 8
chksum 0x2d
csum 0x2d
v8b899c12
~ld


6.01
 0h00:03.046 2021/05/27T18:56:38z: DS3231
 0h00:03.061 2021/05/27T18:56:38z: BME280 (0x76)
 0h00:03.076 2021/05/27T18:56:38z: 10:52:1c:4d:aa:9c
 0h00:03.077 2021/05/27T18:56:38z: SSID: Apollonia Students Halls
 0h00:03.083 2021/05/27T18:56:38z: AP_STAR tmr
 ets Jan  8 2013,rst cause:1, boot mode:(3,6)

load 0x4010f000, len 1384, room 16 
tail 8
chksum 0x2d
csum 0x2d
v8b899c12
~ld


6.01
 0h00:03.054 2021/05/27T19:16:34z: DS3231
 0h00:03.069 2021/05/27T19:16:34z: BME280 (0x76)
 0h00:03.083 2021/05/27T19:16:34z: 10:52:1c:4d:aa:9c
 0h00:03.085 2021/05/27T19:16:34z: SSID: Apollonia Students Halls
 0h00:03.090 2021/05/27T19:16:34z: AP_STAR tmr
 ets Jan  8 2013,rst cause:1, boot mode:(3,6)

load 0x4010f000, len 1384, room 16 
tail 8
chksum 0x2d
csum 0x2d
v8b899c12
~ld


6.01
 0h00:03.039 2021/05/27T19:36:30z: DS3231
 0h00:03.055 2021/05/27T19:36:30z: BME280 (0x76)
 0h00:03.069 2021/05/27T19:36:30z: 10:52:1c:4d:aa:9c
 0h00:03.070 2021/05/27T19:36:30z: SSID: Apollonia Students Halls
 0h00:03.076 2021/05/27T19:36:30z: AP_STAR tmr
 ets Jan  8 2013,rst cause:1, boot mode:(3,6)

load 0x4010f000, len 1384, room 16 
tail 8
chksum 0x2d
csum 0x2d
v8b899c12
~ld


6.01
 0h00:03.031 2021/05/27T19:56:26z: DS3231
 0h00:03.046 2021/05/27T19:56:26z: BME280 (0x76)
 0h00:03.060 2021/05/27T19:56:26z: 10:52:1c:4d:aa:9c
 0h00:03.062 2021/05/27T19:56:26z: SSID: Apollonia Students Halls
 0h00:03.067 2021/05/27T19:56:26z: AP_STAR tmr
 ets Jan  8 2013,rst cause:1, boot mode:(3,6)

load 0x4010f000, len 1384, room 16 
tail 8
chksum 0x2d
csum 0x2d
v8b899c12
~ld


6.01
 0h00:03.033 2021/05/27T20:16:23z: DS3231
 0h00:03.048 2021/05/27T20:16:23z: BME280 (0x76)
 0h00:03.063 2021/05/27T20:16:23z: 10:52:1c:4d:aa:9c
 0h00:03.064 2021/05/27T20:16:23z: SSID: Apollonia Students Halls
 0h00:03.070 2021/05/27T20:16:23z: AP_STAR tmr
 ets Jan  8 2013,rst cause:1, boot mode:(3,6)

load 0x4010f000, len 1384, room 16 
tail 8
chksum 0x2d
csum 0x2d
v8b899c12
~ld


6.01
 0h00:03.029 2021/05/27T20:36:19z: DS3231
 0h00:03.044 2021/05/27T20:36:19z: BME280 (0x76)
 0h00:03.059 2021/05/27T20:36:19z: 10:52:1c:4d:aa:9c
 0h00:03.060 2021/05/27T20:36:19z: SSID: Apollonia Students Halls
 0h00:03.065 2021/05/27T20:36:19z: AP_STAR tmr
 ets Jan  8 2013,rst cause:1, boot mode:(3,6)

load 0x4010f000, len 1384, room 16 
tail 8
chksum 0x2d
csum 0x2d
v8b899c12
~ld


6.01
 0h00:03.037 2021/05/27T20:56:15z: DS3231
 0h00:03.053 2021/05/27T20:56:15z: BME280 (0x76)
 0h00:03.067 2021/05/27T20:56:15z: 10:52:1c:4d:aa:9c
 0h00:03.069 2021/05/27T20:56:15z: SSID: Apollonia Students Halls
 0h00:03.074 2021/05/27T20:56:15z: AP_STAR tmr
 ets Jan  8 2013,rst cause:1, boot mode:(3,6)

load 0x4010f000, len 1384, room 16 
tail 8
chksum 0x2d
csum 0x2d
v8b899c12
~ld


6.01
 0h00:03.040 2021/05/27T21:16:11z: DS3231
 0h00:03.056 2021/05/27T21:16:11z: BME280 (0x76)
 0h00:03.070 2021/05/27T21:16:11z: 10:52:1c:4d:aa:9c
 0h00:03.071 2021/05/27T21:16:11z: SSID: Apollonia Students Halls
 0h00:03.077 2021/05/27T21:16:11z: AP_STAR tmr
 ets Jan  8 2013,rst cause:1, boot mode:(3,6)

load 0x4010f000, len 1384, room 16 
tail 8
chksum 0x2d
csum 0x2d
v8b899c12
~ld


6.01
 0h00:03.052 2021/05/27T21:36:07z: DS3231
 0h00:03.067 2021/05/27T21:36:07z: BME280 (0x76)
 0h00:03.081 2021/05/27T21:36:07z: 10:52:1c:4d:aa:9c
 0h00:03.083 2021/05/27T21:36:07z: SSID: Apollonia Students Halls
 0h00:03.088 2021/05/27T21:36:07z: AP_STAR tmr
 ets Jan  8 2013,rst cause:1, boot mode:(3,6)

load 0x4010f000, len 1384, room 16 
tail 8
chksum 0x2d
csum 0x2d
v8b899c12
~ld


6.01
 0h00:03.060 2021/05/27T21:56:03z: DS3231
 0h00:03.075 2021/05/27T21:56:03z: BME280 (0x76)
 0h00:03.090 2021/05/27T21:56:03z: 10:52:1c:4d:aa:9c
 0h00:03.091 2021/05/27T21:56:03z: SSID: Apollonia Students Halls
 0h00:03.096 2021/05/27T21:56:03z: AP_STAR tmr
 ets Jan  8 2013,rst cause:1, boot mode:(3,6)

load 0x4010f000, len 1384, room 16 
tail 8
chksum 0x2d
csum 0x2d
v8b899c12
~ld


6.01
 0h00:03.042 2021/05/27T22:15:59z: DS3231
 0h00:03.057 2021/05/27T22:15:59z: BME280 (0x76)
 0h00:03.071 2021/05/27T22:15:59z: 10:52:1c:4d:aa:9c
 0h00:03.073 2021/05/27T22:15:59z: SSID: Apollonia Students Halls
 0h00:03.078 2021/05/27T22:15:59z: AP_STAR tmr
 ets Jan  8 2013,rst cause:1, boot mode:(3,6)

load 0x4010f000, len 1384, room 16 
tail 8
chksum 0x2d
csum 0x2d
v8b899c12
~ld


6.01
 0h00:03.035 2021/05/27T22:35:56z: DS3231
 0h00:03.050 2021/05/27T22:35:56z: BME280 (0x76)
 0h00:03.064 2021/05/27T22:35:56z: 10:52:1c:4d:aa:9c
 0h00:03.066 2021/05/27T22:35:56z: SSID: Apollonia Students Halls
 0h00:03.071 2021/05/27T22:35:56z: AP_STAR tmr
 ets Jan  8 2013,rst cause:1, boot mode:(3,6)

load 0x4010f000, len 1384, room 16 
tail 8
chksum 0x2d
csum 0x2d
v8b899c12
~ld


6.01
 0h00:03.032 2021/05/27T22:55:53z: DS3231
 0h00:03.048 2021/05/27T22:55:53z: BME280 (0x76)
 0h00:03.062 2021/05/27T22:55:53z: 10:52:1c:4d:aa:9c
 0h00:03.064 2021/05/27T22:55:53z: SSID: Apollonia Students Halls
 0h00:03.069 2021/05/27T22:55:53z: AP_STAR tmr
 ets Jan  8 2013,rst cause:1, boot mode:(3,6)

load 0x4010f000, len 1384, room 16 
tail 8
chksum 0x2d
csum 0x2d
v8b899c12
~ld


6.01
 0h00:03.039 2021/05/27T23:15:49z: DS3231
 0h00:03.054 2021/05/27T23:15:49z: BME280 (0x76)
 0h00:03.068 2021/05/27T23:15:49z: 10:52:1c:4d:aa:9c
 0h00:03.070 2021/05/27T23:15:49z: SSID: Apollonia Students Halls
 0h00:03.075 2021/05/27T23:15:49z: AP_STAR tmr
 ets Jan  8 2013,rst cause:1, boot mode:(3,6)

load 0x4010f000, len 1384, room 16 
tail 8
chksum 0x2d
csum 0x2d
v8b899c12
~ld


6.01
 0h00:03.033 2021/05/27T23:35:46z: DS3231
 0h00:03.048 2021/05/27T23:35:46z: BME280 (0x76)
 0h00:03.062 2021/05/27T23:35:46z: 10:52:1c:4d:aa:9c
 0h00:03.064 2021/05/27T23:35:46z: SSID: Apollonia Students Halls
 0h00:03.069 2021/05/27T23:35:46z: AP_STAR tmr
 ets Jan  8 2013,rst cause:1, boot mode:(3,6)

load 0x4010f000, len 1384, room 16 
tail 8
chksum 0x2d
csum 0x2d
v8b899c12
~ld


6.01
 0h00:03.040 2021/05/27T23:55:42z: DS3231
 0h00:03.056 2021/05/27T23:55:42z: BME280 (0x76)
 0h00:03.070 2021/05/27T23:55:42z: 10:52:1c:4d:aa:9c
 0h00:03.072 2021/05/27T23:55:42z: SSID: Apollonia Students Halls
 0h00:03.077 2021/05/27T23:55:42z: AP_STA