R tmr
 ets Jan  8 2013,rst cause:1, boot mode:(3,6)

load 0x4010f000, len 1384, room 16 
tail 8
chksum 0x2d
csum 0x2d
v8b899c12
~ld


6.01
 0h00:03.049 2021/05/28T00:15:39z: DS3231
 0h00:03.064 2021/05/28T00:15:39z: BME280 (0x76)
 0h00:03.078 2021/05/28T00:15:39z: 10:52:1c:4d:aa:9c
 0h00:03.080 2021/05/28T00:15:39z: SSID: Apollonia Students Halls
 0h00:03.085 2021/05/28T00:15:39z: AP_STAR tmr
 ets Jan  8 2013,rst cause:1, boot mode:(3,6)

load 0x4010f000, len 1384, room 16 
tail 8
chksum 0x2d
csum 0x2d
v8b899c12
~ld


6.01
 0h00:03.059 2021/05/28T00:35:35z: DS3231
 0h00:03.074 2021/05/28T00:35:35z: BME280 (0x76)
 0h00:03.088 2021/05/28T00:35:35z: 10:52:1c:4d:aa:9c
 0h00:03.090 2021/05/28T00:35:35z: SSID: Apollonia Students Halls
 0h00:03.095 2021/05/28T00:35:35z: AP_STAR tmr
 ets Jan  8 2013,rst cause:1, boot mode:(3,6)

load 0x4010f000, len 1384, room 16 
tail 8
chksum 0x2d
csum 0x2d
v8b899c12
~ld


6.01
 0h00:03.032 2021/05/28T00:55:32z: DS3231
 0h00:03.047 2021/05/28T00:55:32z: BME280 (0x76)
 0h00:03.062 2021/05/28T00:55:32z: 10:52:1c:4d:aa:9c
 0h00:03.063 2021/05/28T00:55:32z: SSID: Apollonia Students Halls
 0h00:03.068 2021/05/28T00:55:32z: AP_STAR tmr
 ets Jan  8 2013,rst cause:1, boot mode:(3,6)

load 0x4010f000, len 1384, room 16 
tail 8
chksum 0x2d
csum 0x2d
v8b899c12
~ld


6.01
 0h00:03.029 2021/05/28T01:15:28z: DS3231
 0h00:03.044 2021/05/28T01:15:29z: BME280 (0x76)
 0h00:03.058 2021/05/28T01:15:29z: 10:52:1c:4d:aa:9c
 0h00:03.060 2021/05/28T01:15:29z: SSID: Apollonia Students Halls
 0h00:03.065 2021/05/28T01:15:29z: AP_STAR tmr
 ets Jan  8 2013,rst cause:1, boot mode:(3,6)

load 0x4010f000, len 1384, room 16 
tail 8
chksum 0x2d
csum 0x2d
v8b899c12
~ld


6.01
 0h00:03.033 2021/05/28T01:35:24z: DS3231
 0h00:03.048 2021/05/28T01:35:24z: BME280 (0x76)
 0h00:03.063 2021/05/28T01:35:24z: 10:52:1c:4d:aa:9c
 0h00:03.064 2021/05/28T01:35:24z: SSID: Apollonia Students Halls
 0h00:03.069 2021/05/28T01:35:25z: AP_STAR tmr
 ets Jan  8 2013,rst cause:1, boot mode:(3,6)

load 0x4010f000, len 1384, room 16 
tail 8
chksum 0x2d
csum 0x2d
v8b899c12
~ld


6.01
 0h00:03.037 2021/05/28T01:55:20z: DS3231
 0h00:03.052 2021/05/28T01:55:20z: BME280 (0x76)
 0h00:03.066 2021/05/28T01:55:20z: 10:52:1c:4d:aa:9c
 0h00:03.068 2021/05/28T01:55:20z: SSID: Apollonia Students Halls
 0h00:03.073 2021/05/28T01:55:20z: AP_STAR tmr
 ets Jan  8 2013,rst cause:1, boot mode:(3,6)

load 0x4010f000, len 1384, room 16 
tail 8
chksum 0x2d
csum 0x2d
v8b899c12
~ld


6.01
 0h00:03.041 2021/05/28T02:15:17z: DS3231
 0h00:03.056 2021/05/28T02:15:17z: BME280 (0x76)
 0h00:03.070 2021/05/28T02:15:17z: 10:52:1c:4d:aa:9c
 0h00:03.072 2021/05/28T02:15:17z: SSID: Apollonia Students Halls
 0h00:03.077 2021/05/28T02:15:17z: AP_STAR tmr
 ets Jan  8 2013,rst cause:1, boot mode:(3,6)

load 0x4010f000, len 1384, room 16 
tail 8
chksum 0x2d
csum 0x2d
v8b899c12
~ld


6.01
 0h00:03.043 2021/05/28T02:35:13z: DS3231
 0h00:03.058 2021/05/28T02:35:13z: BME280 (0x76)
 0h00:03.073 2021/05/28T02:35:13z: 10:52:1c:4d:aa:9c
 0h00:03.074 2021/05/28T02:35:13z: SSID: Apollonia Students Halls
 0h00:03.080 2021/05/28T02:35:13z: AP_STAR tmr
 ets Jan  8 2013,rst cause:1, boot mode:(3,6)

load 0x4010f000, len 1384, room 16 
tail 8
chksum 0x2d
csum 0x2d
v8b899c12
~ld


6.01
 0h00:03.057 2021/05/28T02:55:10z: DS3231
 0h00:03.072 2021/05/28T02:55:10z: BME280 (0x76)
 0h00:03.086 2021/05/28T02:55:10z: 10:52:1c:4d:aa:9c
 0h00:03.088 2021/05/28T02:55:10z: SSID: Apollonia Students Halls
 0h00:03.093 2021/05/28T02:55:10z: AP_STAR tmr
 ets Jan  8 2013,rst cause:1, boot mode:(3,6)

load 0x4010f000, len 1384, room 16 
tail 8
chksum 0x2d
csum 0x2d
v8b899c12
~ld


6.01
 0h00:03.062 2021/05/28T03:15:06z: DS3231
 0h00:03.077 2021/05/28T03:15:06z: BME280 (0x76)
 0h00:03.091 2021/05/28T03:15:06z: 10:52:1c:4d:aa:9c
 0h00:03.093 2021/05/28T03:15:06z: SSID: Apollonia Students Halls
 0h00:03.098 2021/05/28T03:15:06z: AP_STAR tmr
 ets Jan  8 2013,rst cause:1, boot mode:(3,6)

load 0x4010f000, len 1384, room 16 
tail 8
chksum 0x2d
csum 0x2d
v8b899c12
~ld


6.01
 0h00:03.031 2021/05/28T03:35:02z: DS3231
 0h00:03.046 2021/05/28T03:35:02z: BME280 (0x76)
 0h00:03.060 2021/05/28T03:35:02z: 10:52:1c:4d:aa:9c
 0h00:03.062 2021/05/28T03:35:02z: SSID: Apollonia Students Halls
 0h00:03.067 2021/05/28T03:35:02z: AP_STAR tmr
 ets Jan  8 2013,rst cause:1, boot mode:(3,6)

load 0x4010f000, len 1384, room 16 
tail 8
chksum 0x2d
csum 0x2d
v8b899c12
~ld


6.01
 0h00:03.030 2021/05/28T03:54:58z: DS3231
 0h00:03.045 2021/05/28T03:54:58z: BME280 (0x76)
 0h00:03.060 2021/05/28T03:54:58z: 10:52:1c:4d:aa:9c
 0h00:03.061 2021/05/28T03:54:58z: SSID: Apollonia Students Halls
 0h00:03.066 2021/05/28T03:54:58z: AP_STAR tmr
 ets Jan  8 2013,rst cause:1, boot mode:(3,6)

load 0x4010f000, len 1384, room 16 
tail 8
chksum 0x2d
csum 0x2d
v8b899c12
~ld


6.01
 0h00:03.032 2021/05/28T04:14:54z: DS3231
 0h00:03.047 2021/05/28T04:14:54z: BME280 (0x76)
 0h00:03.061 2021/05/28T04:14:54z: 10:52:1c:4d:aa:9c
 0h00:03.063 2021/05/28T04:14:54z: SSID: Apollonia Students Halls
 0h00:03.068 2021/05/28T04:14:54z: AP_STAR tmr
 ets Jan  8 2013,rst cause:1, boot mode:(3,6)

load 0x4010f000, len 1384, room 16 
tail 8
chksum 0x2d
csum 0x2d
v8b899c12
~ld


6.01
 0h00:03.032 2021/05/28T04:34:51z: DS3231
 0h00:03.048 2021/05/28T04:34:51z: BME280 (0x76)
 0h00:03.062 2021/05/28T04:34:51z: 10:52:1c:4d:aa:9c
 0h00:03.064 2021/05/28T04:34:51z: SSID: Apollonia Students Halls
 0h00:03.069 2021/05/28T04:34:51z: AP_STAR tmr
 ets Jan  8 2013,rst cause:1, boot mode:(3,6)

load 0x4010f000, len 1384, room 16 
tail 8
chksum 0x2d
csum 0x2d
v8b899c12
~ld


6.01
 0h00:03.040 2021/05/28T04:54:48z: DS3231
 0h00:03.055 2021/05/28T04:54:48z: BME280 (0x76)
 0h00:03.069 2021/05/28T04:54:48z: 10:52:1c:4d:aa:9c
 0h00:03.071 2021/05/28T04:54:48z: SSID: Apollonia Students Halls
 0h00:03.076 2021/05/28T04:54:48z: AP_STAR tmr
 ets Jan  8 2013,rst cause:1, boot mode:(3,6)

load 0x4010f000, len 1384, room 16 
tail 8
chksum 0x2d
csum 0x2d
v8b899c12
~ld


6.01
 0h00:03.052 2021/05/28T05:14:44z: DS3231
 0h00:03.067 2021/05/28T05:14:44z: BME280 (0x76)
 0h00:03.081 2021/05/28T05:14:44z: 10:52:1c:4d:aa:9c
 0h00:03.083 2021/05/28T05:14:44z: SSID: Apollonia Students Halls
 0h00:03.088 2021/05/28T05:14:44z: AP_STAR tmr
 ets Jan  8 2013,rst cause:1, boot mode:(3,6)

load 0x4010f000, len 1384, room 16 
tail 8
chksum 0x2d
csum 0x2d
v8b899c12
~ld


6.01
 0h00:03.054 2021/05/28T05:34:40z: DS3231
 0h00:03.069 2021/05/28T05:34:40z: BME280 (0x76)
 0h00:03.083 2021/05/28T05:34:40z: 10:52:1c:4d:aa:9c
 0h00:03.085 2021/05/28T05:34:40z: SSID: Apollonia Students Halls
 0h00:03.090 2021/05/28T05:34:40z: AP_STAR tmr
 ets Jan  8 2013,rst cause:1, boot mode:(3,6)

load 0x4010f000, len 1384, room 16 
tail 8
chksum 0x2d
csum 0x2d
v8b899c12
~ld


6.01
 0h00:03.069 2021/05/28T05:54:37z: DS3231
 0h00:03.084 2021/05/28T05:54:37z: BME280 (0x76)
 0h00:03.098 2021/05/28T05:54:37z: 10:52:1c:4d:aa:9c
 0h00:03.100 2021/05/28T05:54:37z: SSID: Apollonia Students Halls
 0h00:03.105 2021/05/28T05:54:37z: AP_STAR tmr connected clients
R tmr
 ets Jan  8 2013,rst cause:1, boot mode:(3,6)

load 0x4010f000, len 1384, room 16 
tail 8
chksum 0x2d
csum 0x2d
v8b899c12
~ld


6.01
 0h00:03.063 2021/05/28T06:16:33z: DS3231
 0h00:03.078 2021/05/28T06:16:33z: BME280 (0x76)
 0h00:03.092 2021/05/28T06:16:33z: 10:52:1c:4d:aa:9c
 0h00:03.094 2021/05/28T06:16:33z: SSID: Apollonia Students Halls
 0h00:03.099 2021/05/28T06:16:33z: AP_STAR tmr
 ets Jan  8 2013,rst cause:1, boot mode:(3,6)

load 0x4010f000, len 1384, room 16 
tail 8
chksum 0x2d
csum 0x2d
v8b899c12
~ld


6.01
 0h00:03.051 2021/05/28T06:36:29z: DS3231
 0h00:03.066 2021/05/28T06:36:29z: BME280 (0x76)
 0h00:03.080 2021/05/28T06:36:29z: 10:52:1c:4d:aa:9c
 0h00:03.082 2021/05/28T06:36:29z: SSID: Apollonia Students Halls
 0h00:03.087 2021/05/28T06:36:29z: AP_STAR tmr
 ets Jan  8 2013,rst cause:1, boot mode:(3,6)

load 0x4010f000, len 1384, room 16 
tail 8
chksum 0x2d
csum 0x2d
v8b899c12
~ld


6.01
 0h00:03.040 2021/05/28T06:56:26z: DS3231
 0h00:03.056 2021/05/28T06:56:26z: BME280 (0x76)
 0h00:03.070 2021/05/28T06:56:26z: 10:52:1c:4d:aa:9c
 0h00:03.071 2021/05/28T06:56:26z: SSID: Apollonia Students Halls
 0h00:03.077 2021/05/28T06:56:26z: AP_STAR tmr
 ets Jan  8 2013,rst cause:1, boot mode:(3,6)

load 0x4010f000, len 1384, room 16 
tail 8
chksum 0x2d
csum 0x2d
v8b899c12
~ld


6.01
 0h00:03.055 2021/05/28T07:16:22z: DS3231
 0h00:03.070 2021/05/28T07:16:22z: BME280 (0x76)
 0h00:03.084 2021/05/28T07:16:22z: 10:52:1c:4d:aa:9c
 0h00:03.086 2021/05/28T07:16:22z: SSID: Apollonia Students Halls
 0h00:03.091 2021/05/28T07:16:22z: AP_STAR tmr
 ets Jan  8 2013,rst cause:1, boot mode:(3,6)

load 0x4010f000, len 1384, room 16 
tail 8
chksum 0x2d
csum 0x2d
v8b899c12
~ld


6.01
 0h00:03.063 2021/05/28T07:36:18z: DS3231
 0h00:03.078 2021/05/28T07:36:18z: BME280 (0x76)
 0h00:03.093 2021/05/28T07:36:18z: 10:52:1c:4d:aa:9c
 0h00:03.094 2021/05/28T07:36:18z: SSID: Apollonia Students Halls
 0h00:03.100 2021/05/28T07:36:18z: AP_STAR tmr
 ets Jan  8 2013,rst cause:1, boot mode:(3,6)

load 0x4010f000, len 1384, room 16 
tail 8
chksum 0x2d
csum 0x2d
v8b899c12
~ld


6.01
 0h00:03.062 2021/05/28T07:56:14z: DS3231
 0h00:03.078 2021/05/28T07:56:14z: BME280 (0x76)
 0h00:03.092 2021/05/28T07:56:14z: 10:52:1c:4d:aa:9c
 0h00:03.094 2021/05/28T07:56:14z: SSID: Apollonia Students Halls
 0h00:03.099 2021/05/28T07:56:14z: AP_STAR tmr
 ets Jan  8 2013,rst cause:1, boot mode:(3,6)

load 0x4010f000, len 1384, room 16 
tail 8
chksum 0x2d
csum 0x2d
v8b899c12
~ld


6.01
 0h00:03.043 2021/05/28T08:16:10z: DS3231
 0h00:03.058 2021/05/28T08:16:10z: BME280 (0x76)
 0h00:03.073 2021/05/28T08:16:10z: 10:52:1c:4d:aa:9c
 0h00:03.074 2021/05/28T08:16:10z: SSID: Apollonia Students Halls
 0h00:03.079 2021/05/28T08:16:10z: AP_STAR tmr
 ets Jan  8 2013,rst cause:1, boot mode:(3,6)

load 0x4010f000, len 1384, room 16 
tail 8
chksum 0x2d
csum 0x2d
v8b899c12
~ld


6.01
 0h00:03.047 2021/05/28T08:36:06z: DS3231
 0h00:03.062 2021/05/28T08:36:06z: BME280 (0x76)
 0h00:03.076 2021/05/28T08:36:06z: 10:52:1c:4d:aa:9c
 0h00:03.078 2021/05/28T08:36:06z: SSID: Apollonia Students Halls
 0h00:03.083 2021/05/28T08:36:06z: AP_STAR tmr
 ets Jan  8 2013,rst cause:1, boot mode:(3,6)

load 0x4010f000, len 1384, room 16 
tail 8
chksum 0x2d
csum 0x2d
v8b899c12
~ld


6.01
 0h00:03.043 2021/05/28T08:56:03z: DS3231
 0h00:03.059 2021/05/28T08:56:03z: BME280 (0x76)
 0h00:03.073 2021/05/28T08:56:03z: 10:52:1c:4d:aa:9c
 0h00:03.075 2021/05/28T08:56:03z: SSID: Apollonia Students Halls
 0h00:03.080 2021/05/28T08:56:03z: AP_STAR tmr
 ets Jan  8 2013,rst cause:1, boot mode:(3,6)

load 0x4010f000, len 1384, room 16 
tail 8
chksum 0x2d
csum 0x2d
v8b899c12
~ld


6.01
 0h00:03.044 2021/05/28T09:15:59z: DS3231
 0h00:03.059 2021/05/28T09:15:59z: BME280 (0x76)
 0h00:03.073 2021/05/28T09:15:59z: 10:52:1c:4d:aa:9c
 0h00:03.075 2021/05/28T09:15:59z: SSID: Apollonia Students Halls
 0h00:03.080 2021/05/28T09:15:59z: AP_STAR tmr
 ets Jan  8 2013,rst cause:1, boot mode:(3,6)

load 0x4010f000, len 1384, room 16 
tail 8
chksum 0x2d
csum 0x2d
v8b899c12
~ld


6.01
 0h00:03.041 2021/05/28T09:35:55z: DS3231
 0h00:03.056 2021/05/28T09:35:55z: BME280 (0x76)
 0h00:03.070 2021/05/28T09:35:55z: 10:52:1c:4d:aa:9c
 0h00:03.072 2021/05/28T09:35:55z: SSID: Apollonia Students Halls
 0h00:03.077 2021/05/28T09:35:55z: AP_STAR tmr
 ets Jan  8 2013,rst cause:1, boot mode:(3,6)

load 0x4010f000, len 1384, room 16 
tail 8
chksum 0x2d
csum 0x2d
v8b899c12
~ld


6.01
 0h00:03.048 2021/05/28T09:55:51z: DS3231
 0h00:03.063 2021/05/28T09:55:51z: BME280 (0x76)
 0h00:03.077 2021/05/28T09:55:51z: 10:52:1c:4d:aa:9c
 0h00:03.079 2021/05/28T09:55:51z: SSID: Apollonia Students Halls
 0h00:03.084 2021/05/28T09:55:51z: AP_STAR tmr
 ets Jan  8 2013,rst cause:1, boot mode:(3,6)

load 0x4010f000, len 1384, room 16 
tail 8
chksum 0x2d
csum 0x2d
v8b899c12
~ld


6.01
 0h00:03.057 2021/05/28T10:15:47z: DS3231
 0h00:03.072 2021/05/28T10:15:47z: BME280 (0x76)
 0h00:03.086 2021/05/28T10:15:47z: 10:52:1c:4d:aa:9c
 0h00:03.088 2021/05/28T10:15:47z: SSID: Apollonia Students Halls
 0h00:03.093 2021/05/28T10:15:47z: AP_STA