R tmr
 ets Jan  8 2013,rst cause:1, boot mode:(3,6)

load 0x4010f000, len 1384, room 16 
tail 8
chksum 0x2d
csum 0x2d
v8b899c12
~ld


6.01
 0h00:03.059 2021/05/14T00:05:53z: DS3231
 0h00:03.075 2021/05/14T00:05:53z: BME280 (0x76)
 0h00:03.089 2021/05/14T00:05:53z: 50:2:91:e5:36:6e
 0h00:03.090 2021/05/14T00:05:53z: SSID: ARRIS-A013
 0h00:03.096 2021/05/14T00:05:53z: AP_STAR tmr
 ets Jan  8 2013,rst cause:1, boot mode:(3,6)

load 0x4010f000, len 1384, room 16 
tail 8
chksum 0x2d
csum 0x2d
v8b899c12
~ld


6.01
 0h00:03.070 2021/05/14T00:25:49z: DS3231
 0h00:03.085 2021/05/14T00:25:49z: BME280 (0x76)
 0h00:03.100 2021/05/14T00:25:49z: 50:2:91:e5:36:6e
 0h00:03.101 2021/05/14T00:25:49z: SSID: ARRIS-A013
 0h00:03.106 2021/05/14T00:25:49z: AP_STAR tmr
 ets Jan  8 2013,rst cause:1, boot mode:(3,6)

load 0x4010f000, len 1384, room 16 
tail 8
chksum 0x2d
csum 0x2d
v8b899c12
~ld


6.01
 0h00:03.079 2021/05/14T00:45:46z: DS3231
 0h00:03.094 2021/05/14T00:45:46z: BME280 (0x76)
 0h00:03.108 2021/05/14T00:45:46z: 50:2:91:e5:36:6e
 0h00:03.110 2021/05/14T00:45:46z: SSID: ARRIS-A013
 0h00:03.115 2021/05/14T00:45:46z: AP_STAR tmr
 ets Jan  8 2013,rst cause:1, boot mode:(3,6)

load 0x4010f000, len 1384, room 16 
tail 8
chksum 0x2d
csum 0x2d
v8b899c12
~ld


6.01
 0h00:03.081 2021/05/14T01:05:42z: DS3231
 0h00:03.096 2021/05/14T01:05:42z: BME280 (0x76)
 0h00:03.110 2021/05/14T01:05:42z: 50:2:91:e5:36:6e
 0h00:03.112 2021/05/14T01:05:42z: SSID: ARRIS-A013
 0h00:03.117 2021/05/14T01:05:42z: AP_STAR tmr
 ets Jan  8 2013,rst cause:1, boot mode:(3,6)

load 0x4010f000, len 1384, room 16 
tail 8
chksum 0x2d
csum 0x2d
v8b899c12
~ld


6.01
 0h00:03.056 2021/05/14T01:25:38z: DS3231
 0h00:03.071 2021/05/14T01:25:38z: BME280 (0x76)
 0h00:03.086 2021/05/14T01:25:38z: 50:2:91:e5:36:6e
 0h00:03.087 2021/05/14T01:25:38z: SSID: ARRIS-A013
 0h00:03.092 2021/05/14T01:25:38z: AP_STAR tmr
 ets Jan  8 2013,rst cause:1, boot mode:(3,6)

load 0x4010f000, len 1384, room 16 
tail 8
chksum 0x2d
csum 0x2d
v8b899c12
~ld


6.01
 0h00:03.063 2021/05/14T01:45:34z: DS3231
 0h00:03.078 2021/05/14T01:45:34z: BME280 (0x76)
 0h00:03.092 2021/05/14T01:45:34z: 50:2:91:e5:36:6e
 0h00:03.094 2021/05/14T01:45:34z: SSID: ARRIS-A013
 0h00:03.099 2021/05/14T01:45:34z: AP_STAR tmr
 ets Jan  8 2013,rst cause:1, boot mode:(3,6)

load 0x4010f000, len 1384, room 16 
tail 8
chksum 0x2d
csum 0x2d
v8b899c12
~ld


6.01
 0h00:03.060 2021/05/14T02:05:30z: DS3231
 0h00:03.076 2021/05/14T02:05:30z: BME280 (0x76)
 0h00:03.090 2021/05/14T02:05:30z: 50:2:91:e5:36:6e
 0h00:03.091 2021/05/14T02:05:30z: SSID: ARRIS-A013
 0h00:03.097 2021/05/14T02:05:30z: AP_STAR tmr
 ets Jan  8 2013,rst cause:1, boot mode:(3,6)

load 0x4010f000, len 1384, room 16 
tail 8
chksum 0x2d
csum 0x2d
v8b899c12
~ld


6.01
 0h00:03.058 2021/05/14T02:25:27z: DS3231
 0h00:03.073 2021/05/14T02:25:27z: BME280 (0x76)
 0h00:03.088 2021/05/14T02:25:27z: 50:2:91:e5:36:6e
 0h00:03.089 2021/05/14T02:25:27z: SSID: ARRIS-A013
 0h00:03.094 2021/05/14T02:25:27z: AP_STAR tmr
 ets Jan  8 2013,rst cause:1, boot mode:(3,6)

load 0x4010f000, len 1384, room 16 
tail 8
chksum 0x2d
csum 0x2d
v8b899c12
~ld


6.01
 0h00:03.060 2021/05/14T02:45:23z: DS3231
 0h00:03.075 2021/05/14T02:45:23z: BME280 (0x76)
 0h00:03.089 2021/05/14T02:45:23z: 50:2:91:e5:36:6e
 0h00:03.091 2021/05/14T02:45:23z: SSID: ARRIS-A013
 0h00:03.096 2021/05/14T02:45:23z: AP_STAR tmr
 ets Jan  8 2013,rst cause:1, boot mode:(3,6)

load 0x4010f000, len 1384, room 16 
tail 8
chksum 0x2d
csum 0x2d
v8b899c12
~ld


6.01
 0h00:03.068 2021/05/14T03:05:19z: DS3231
 0h00:03.083 2021/05/14T03:05:20z: BME280 (0x76)
 0h00:03.097 2021/05/14T03:05:20z: 50:2:91:e5:36:6e
 0h00:03.099 2021/05/14T03:05:20z: SSID: ARRIS-A013
 0h00:03.104 2021/05/14T03:05:20z: AP_STAR tmr
 ets Jan  8 2013,rst cause:1, boot mode:(3,6)

load 0x4010f000, len 1384, room 16 
tail 8
chksum 0x2d
csum 0x2d
v8b899c12
~ld


6.01
 0h00:03.076 2021/05/14T03:25:16z: DS3231
 0h00:03.091 2021/05/14T03:25:16z: BME280 (0x76)
 0h00:03.105 2021/05/14T03:25:16z: 50:2:91:e5:36:6e
 0h00:03.107 2021/05/14T03:25:16z: SSID: ARRIS-A013
 0h00:03.112 2021/05/14T03:25:16z: AP_STAR tmr
 ets Jan  8 2013,rst cause:1, boot mode:(3,6)

load 0x4010f000, len 1384, room 16 
tail 8
chksum 0x2d
csum 0x2d
v8b899c12
~ld


6.01
 0h00:03.085 2021/05/14T03:45:12z: DS3231
 0h00:03.100 2021/05/14T03:45:12z: BME280 (0x76)
 0h00:03.114 2021/05/14T03:45:12z: 50:2:91:e5:36:6e
 0h00:03.116 2021/05/14T03:45:12z: SSID: ARRIS-A013
 0h00:03.121 2021/05/14T03:45:12z: AP_STAR tmr
 ets Jan  8 2013,rst cause:1, boot mode:(3,6)

load 0x4010f000, len 1384, room 16 
tail 8
chksum 0x2d
csum 0x2d
v8b899c12
~ld


6.01
 0h00:03.063 2021/05/14T04:05:08z: DS3231
 0h00:03.078 2021/05/14T04:05:08z: BME280 (0x76)
 0h00:03.092 2021/05/14T04:05:08z: 50:2:91:e5:36:6e
 0h00:03.094 2021/05/14T04:05:08z: SSID: ARRIS-A013
 0h00:03.099 2021/05/14T04:05:08z: AP_STAR tmr
 ets Jan  8 2013,rst cause:1, boot mode:(3,6)

load 0x4010f000, len 1384, room 16 
tail 8
chksum 0x2d
csum 0x2d
v8b899c12
~ld


6.01
 0h00:03.058 2021/05/14T04:25:04z: DS3231
 0h00:03.074 2021/05/14T04:25:04z: BME280 (0x76)
 0h00:03.088 2021/05/14T04:25:04z: 50:2:91:e5:36:6e
 0h00:03.089 2021/05/14T04:25:04z: SSID: ARRIS-A013
 0h00:03.095 2021/05/14T04:25:04z: AP_STAR tmr
 ets Jan  8 2013,rst cause:1, boot mode:(3,6)

load 0x4010f000, len 1384, room 16 
tail 8
chksum 0x2d
csum 0x2d
v8b899c12
~ld


6.01
 0h00:03.056 2021/05/14T04:45:00z: DS3231
 0h00:03.071 2021/05/14T04:45:00z: BME280 (0x76)
 0h00:03.085 2021/05/14T04:45:00z: 50:2:91:e5:36:6e
 0h00:03.087 2021/05/14T04:45:00z: SSID: ARRIS-A013
 0h00:03.092 2021/05/14T04:45:00z: AP_STAR tmr
 ets Jan  8 2013,rst cause:1, boot mode:(3,6)

load 0x4010f000, len 1384, room 16 
tail 8
chksum 0x2d
csum 0x2d
v8b899c12
~ld


6.01
 0h00:03.054 2021/05/14T05:04:56z: DS3231
 0h00:03.069 2021/05/14T05:04:56z: BME280 (0x76)
 0h00:03.083 2021/05/14T05:04:56z: 50:2:91:e5:36:6e
 0h00:03.085 2021/05/14T05:04:56z: SSID: ARRIS-A013
 0h00:03.090 2021/05/14T05:04:56z: AP_STAR tmr
 ets Jan  8 2013,rst cause:1, boot mode:(3,6)

load 0x4010f000, len 1384, room 16 
tail 8
chksum 0x2d
csum 0x2d
v8b899c12
~ld


6.01
 0h00:03.055 2021/05/14T05:24:52z: DS3231
 0h00:03.070 2021/05/14T05:24:52z: BME280 (0x76)
 0h00:03.084 2021/05/14T05:24:52z: 50:2:91:e5:36:6e
 0h00:03.086 2021/05/14T05:24:52z: SSID: ARRIS-A013
 0h00:03.091 2021/05/14T05:24:52z: AP_STAR tmr
 ets Jan  8 2013,rst cause:1, boot mode:(3,6)

load 0x4010f000, len 1384, room 16 
tail 8
chksum 0x2d
csum 0x2d
v8b899c12
~ld


6.01
 0h00:03.074 2021/05/14T05:44:48z: DS3231
 0h00:03.090 2021/05/14T05:44:48z: BME280 (0x76)
 0h00:03.104 2021/05/14T05:44:48z: 50:2:91:e5:36:6e
 0h00:03.106 2021/05/14T05:44:48z: SSID: ARRIS-A013
 0h00:03.111 2021/05/14T05:44:48z: AP_STAR tmr
 ets Jan  8 2013,rst cause:1, boot mode:(3,6)

load 0x4010f000, len 1384, room 16 
tail 8
chksum 0x2d
csum 0x2d
v8b899c12
~ld


6.01
 0h00:03.078 2021/05/14T06:04:44z: DS3231
 0h00:03.094 2021/05/14T06:04:44z: BME280 (0x76)
 0h00:03.108 2021/05/14T06:04:44z: 50:2:91:e5:36:6e
 0h00:03.109 2021/05/14T06:04:44z: SSID: ARRIS-A013
 0h00:03.115 2021/05/14T06:04:44z: AP_STAR tmr
 ets Jan  8 2013,rst cause:1, boot mode:(3,6)

load 0x4010f000, len 1384, room 16 
tail 8
chksum 0x2d
csum 0x2d
v8b899c12
~ld


6.01
 0h00:03.091 2021/05/14T06:24:41z: DS3231
 0h00:03.107 2021/05/14T06:24:41z: BME280 (0x76)
 0h00:03.121 2021/05/14T06:24:41z: 50:2:91:e5:36:6e
 0h00:03.122 2021/05/14T06:24:41z: SSID: ARRIS-A013
 0h00:03.128 2021/05/14T06:24:41z: AP_STAR tmr
 ets Jan  8 2013,rst cause:1, boot mode:(3,6)

load 0x4010f000, len 1384, room 16 
tail 8
chksum 0x2d
csum 0x2d
v8b899c12
~ld


6.01
 0h00:03.055 2021/05/14T06:44:37z: DS3231
 0h00:03.070 2021/05/14T06:44:37z: BME280 (0x76)
 0h00:03.084 2021/05/14T06:44:37z: 50:2:91:e5:36:6e
 0h00:03.086 2021/05/14T06:44:37z: SSID: ARRIS-A013
 0h00:03.091 2021/05/14T06:44:37z: AP_STAR tmr
 ets Jan  8 2013,rst cause:1, boot mode:(3,6)

load 0x4010f000, len 1384, room 16 
tail 8
chksum 0x2d
csum 0x2d
v8b899c12
~ld


6.01
 0h00:03.053 2021/05/14T07:04:34z: DS3231
 0h00:03.068 2021/05/14T07:04:34z: BME280 (0x76)
 0h00:03.083 2021/05/14T07:04:34z: 50:2:91:e5:36:6e
 0h00:03.084 2021/05/14T07:04:34z: SSID: ARRIS-A013
 0h00:03.089 2021/05/14T07:04:34z: AP_STAR tmr
 ets Jan  8 2013,rst cause:1, boot mode:(3,6)

load 0x4010f000, len 1384, room 16 
tail 8
chksum 0x2d
csum 0x2d
v8b899c12
~ld


6.01
 0h00:03.064 2021/05/14T07:24:30z: DS3231
 0h00:03.079 2021/05/14T07:24:30z: BME280 (0x76)
 0h00:03.093 2021/05/14T07:24:30z: 50:2:91:e5:36:6e
 0h00:03.095 2021/05/14T07:24:30z: SSID: ARRIS-A013
 0h00:03.100 2021/05/14T07:24:30z: AP_STAR tmr
 ets Jan  8 2013,rst cause:1, boot mode:(3,6)

load 0x4010f000, len 1384, room 16 
tail 8
chksum 0x2d
csum 0x2d
v8b899c12
~ld


6.01
 0h00:03.060 2021/05/14T07:44:26z: DS3231
 0h00:03.075 2021/05/14T07:44:26z: BME280 (0x76)
 0h00:03.090 2021/05/14T07:44:26z: 50:2:91:e5:36:6e
 0h00:03.091 2021/05/14T07:44:26z: SSID: ARRIS-A013
 0h00:03.096 2021/05/14T07:44:26z: AP_STAR tmr
 ets Jan  8 2013,rst cause:1, boot mode:(3,6)

load 0x4010f000, len 1384, room 16 
tail 8
chksum 0x2d
csum 0x2d
v8b899c12
~ld


6.01
 0h00:03.061 2021/05/14T08:04:23z: DS3231
 0h00:03.077 2021/05/14T08:04:23z: BME280 (0x76)
 0h00:03.091 2021/05/14T08:04:23z: 50:2:91:e5:36:6e
 0h00:03.093 2021/05/14T08:04:23z: SSID: ARRIS-A013
 0h00:03.098 2021/05/14T08:04:23z: AP_STAR tmr
 ets Jan  8 2013,rst cause:1, boot mode:(3,6)

load 0x4010f000, len 1384, room 16 
tail 8
chksum 0x2d
csum 0x2d
v8b899c12
~ld


6.01
 0h00:03.064 2021/05/14T08:24:19z: DS3231
 0h00:03.079 2021/05/14T08:24:19z: BME280 (0x76)
 0h00:03.094 2021/05/14T08:24:20z: 50:2:91:e5:36:6e
 0h00:03.095 2021/05/14T08:24:20z: SSID: ARRIS-A013
 0h00:03.100 2021/05/14T08:24:20z: AP_STAR tmr
 ets Jan  8 2013,rst cause:1, boot mode:(3,6)

load 0x4010f000, len 1384, room 16 
tail 8
chksum 0x2d
csum 0x2d
v8b899c12
~ld


6.01
 0h00:03.070 2021/05/14T08:44:16z: DS3231
 0h00:03.086 2021/05/14T08:44:16z: BME280 (0x76)
 0h00:03.100 2021/05/14T08:44:16z: 50:2:91:e5:36:6e
 0h00:03.102 2021/05/14T08:44:16z: SSID: ARRIS-A013
 0h00:03.107 2021/05/14T08:44:16z: AP_STAR tmr
 ets Jan  8 2013,rst cause:1, boot mode:(3,6)

load 0x4010f000, len 1384, room 16 
tail 8
chksum 0x2d
csum 0x2d
v8b899c12
~ld


6.01
 0h00:03.080 2021/05/14T09:04:12z: DS3231
 0h00:03.096 2021/05/14T09:04:12z: BME280 (0x76)
 0h00:03.110 2021/05/14T09:04:12z: 50:2:91:e5:36:6e
 0h00:03.112 2021/05/14T09:04:12z: SSID: ARRIS-A013
 0h00:03.117 2021/05/14T09:04:12z: AP_STAR tmr
 ets Jan  8 2013,rst cause:1, boot mode:(3,6)

load 0x4010f000, len 1384, room 16 
tail 8
chksum 0x2d
csum 0x2d
v8b899c12
~ld


6.01
 0h00:03.059 2021/05/14T09:24:08z: DS3231
 0h00:03.074 2021/05/14T09:24:08z: BME280 (0x76)
 0h00:03.088 2021/05/14T09:24:08z: 50:2:91:e5:36:6e
 0h00:03.090 2021/05/14T09:24:08z: SSID: ARRIS-A013
 0h00:03.095 2021/05/14T09:24:08z: AP_STAR tmr
 ets Jan  8 2013,rst cause:1, boot mode:(3,6)

load 0x4010f000, len 1384, room 16 
tail 8
chksum 0x2d
csum 0x2d
v8b899c12
~ld


6.01
 0h00:03.059 2021/05/14T09:44:04z: DS3231
 0h00:03.074 2021/05/14T09:44:04z: BME280 (0x76)
 0h00:03.088 2021/05/14T09:44:04z: 50:2:91:e5:36:6e
 0h00:03.090 2021/05/14T09:44:04z: SSID: ARRIS-A013
 0h00:03.095 2021/05/14T09:44:04z: AP_STAR tmr
 ets Jan  8 2013,rst cause:1, boot mode:(3,6)

load 0x4010f000, len 1384, room 16 
tail 8
chksum 0x2d
csum 0x2d
v8b899c12
~ld


6.01
 0h00:03.059 2021/05/14T10:04:01z: DS3231
 0h00:03.074 2021/05/14T10:04:01z: BME280 (0x76)
 0h00:03.088 2021/05/14T10:04:01z: 50:2:91:e5:36:6e
 0h00:03.090 2021/05/14T10:04:01z: SSID: ARRIS-A013
 0h00:03.095 2021/05/14T10:04:01z: AP_STAR tmr
 ets Jan  8 2013,rst cause:1, boot mode:(3,6)

load 0x4010f000, len 1384, room 16 
tail 8
chksum 0x2d
csum 0x2d
v8b899c12
~ld


6.01
 0h00:03.048 2021/05/14T10:23:58z: DS3231
 0h00:03.063 2021/05/14T10:23:58z: BME280 (0x76)
 0h00:03.078 2021/05/14T10:23:58z: 50:2:91:e5:36:6e
 0h00:03.079 2021/05/14T10:23:58z: SSID: ARRIS-A013
 0h00:03.084 2021/05/14T10:23:58z: AP_STA