R tmr
 ets Jan  8 2013,rst cause:1, boot mode:(3,6)

load 0x4010f000, len 1384, room 16 
tail 8
chksum 0x2d
csum 0x2d
v8b899c12
~ld


6.01
 0h00:03.069 2021/05/13T00:10:21z: DS3231
 0h00:03.084 2021/05/13T00:10:21z: BME280 (0x76)
 0h00:03.098 2021/05/13T00:10:21z: 50:2:91:e5:36:6e
 0h00:03.100 2021/05/13T00:10:21z: SSID: ARRIS-A013
 0h00:03.105 2021/05/13T00:10:21z: AP_STAR tmr
 ets Jan  8 2013,rst cause:1, boot mode:(3,6)

load 0x4010f000, len 1384, room 16 
tail 8
chksum 0x2d
csum 0x2d
v8b899c12
~ld


6.01
 0h00:03.076 2021/05/13T00:30:18z: DS3231
 0h00:03.091 2021/05/13T00:30:18z: BME280 (0x76)
 0h00:03.105 2021/05/13T00:30:18z: 50:2:91:e5:36:6e
 0h00:03.107 2021/05/13T00:30:18z: SSID: ARRIS-A013
 0h00:03.112 2021/05/13T00:30:18z: AP_STAR tmr
 ets Jan  8 2013,rst cause:1, boot mode:(3,6)

load 0x4010f000, len 1384, room 16 
tail 8
chksum 0x2d
csum 0x2d
v8b899c12
~ld


6.01
 0h00:03.054 2021/05/13T00:50:14z: DS3231
 0h00:03.069 2021/05/13T00:50:14z: BME280 (0x76)
 0h00:03.083 2021/05/13T00:50:14z: 50:2:91:e5:36:6e
 0h00:03.085 2021/05/13T00:50:14z: SSID: ARRIS-A013
 0h00:03.090 2021/05/13T00:50:14z: AP_STAR tmr
 ets Jan  8 2013,rst cause:1, boot mode:(3,6)

load 0x4010f000, len 1384, room 16 
tail 8
chksum 0x2d
csum 0x2d
v8b899c12
~ld


6.01
 0h00:03.050 2021/05/13T01:10:10z: DS3231
 0h00:03.066 2021/05/13T01:10:10z: BME280 (0x76)
 0h00:03.080 2021/05/13T01:10:10z: 50:2:91:e5:36:6e
 0h00:03.082 2021/05/13T01:10:10z: SSID: ARRIS-A013
 0h00:03.087 2021/05/13T01:10:10z: AP_STAR tmr
 ets Jan  8 2013,rst cause:1, boot mode:(3,6)

load 0x4010f000, len 1384, room 16 
tail 8
chksum 0x2d
csum 0x2d
v8b899c12
~ld


6.01
 0h00:03.056 2021/05/13T01:30:06z: DS3231
 0h00:03.071 2021/05/13T01:30:06z: BME280 (0x76)
 0h00:03.085 2021/05/13T01:30:06z: 50:2:91:e5:36:6e
 0h00:03.087 2021/05/13T01:30:06z: SSID: ARRIS-A013
 0h00:03.092 2021/05/13T01:30:06z: AP_STAR tmr
 ets Jan  8 2013,rst cause:1, boot mode:(3,6)

load 0x4010f000, len 1384, room 16 
tail 8
chksum 0x2d
csum 0x2d
v8b899c12
~ld


6.01
 0h00:03.057 2021/05/13T01:50:02z: DS3231
 0h00:03.072 2021/05/13T01:50:02z: BME280 (0x76)
 0h00:03.086 2021/05/13T01:50:02z: 50:2:91:e5:36:6e
 0h00:03.088 2021/05/13T01:50:02z: SSID: ARRIS-A013
 0h00:03.093 2021/05/13T01:50:02z: AP_STAR tmr
 ets Jan  8 2013,rst cause:1, boot mode:(3,6)

load 0x4010f000, len 1384, room 16 
tail 8
chksum 0x2d
csum 0x2d
v8b899c12
~ld


6.01
 0h00:03.058 2021/05/13T02:09:58z: DS3231
 0h00:03.073 2021/05/13T02:09:58z: BME280 (0x76)
 0h00:03.087 2021/05/13T02:09:58z: 50:2:91:e5:36:6e
 0h00:03.089 2021/05/13T02:09:58z: SSID: ARRIS-A013
 0h00:03.094 2021/05/13T02:09:58z: AP_STAR tmr
 ets Jan  8 2013,rst cause:1, boot mode:(3,6)

load 0x4010f000, len 1384, room 16 
tail 8
chksum 0x2d
csum 0x2d
v8b899c12
~ld


6.01
 0h00:03.066 2021/05/13T02:29:55z: DS3231
 0h00:03.081 2021/05/13T02:29:55z: BME280 (0x76)
 0h00:03.095 2021/05/13T02:29:55z: 50:2:91:e5:36:6e
 0h00:03.097 2021/05/13T02:29:55z: SSID: ARRIS-A013
 0h00:03.102 2021/05/13T02:29:55z: AP_STAR tmr
 ets Jan  8 2013,rst cause:1, boot mode:(3,6)

load 0x4010f000, len 1384, room 16 
tail 8
chksum 0x2d
csum 0x2d
v8b899c12
~ld


6.01
 0h00:03.076 2021/05/13T02:49:51z: DS3231
 0h00:03.091 2021/05/13T02:49:51z: BME280 (0x76)
 0h00:03.105 2021/05/13T02:49:51z: 50:2:91:e5:36:6e
 0h00:03.107 2021/05/13T02:49:51z: SSID: ARRIS-A013
 0h00:03.112 2021/05/13T02:49:51z: AP_STAR tmr
 ets Jan  8 2013,rst cause:1, boot mode:(3,6)

load 0x4010f000, len 1384, room 16 
tail 8
chksum 0x2d
csum 0x2d
v8b899c12
~ld


6.01
 0h00:03.087 2021/05/13T03:09:47z: DS3231
 0h00:03.102 2021/05/13T03:09:47z: BME280 (0x76)
 0h00:03.116 2021/05/13T03:09:47z: 50:2:91:e5:36:6e
 0h00:03.118 2021/05/13T03:09:47z: SSID: ARRIS-A013
 0h00:03.123 2021/05/13T03:09:48z: AP_STAR tmr
 ets Jan  8 2013,rst cause:1, boot mode:(3,6)

load 0x4010f000, len 1384, room 16 
tail 8
chksum 0x2d
csum 0x2d
v8b899c12
~ld


6.01
 0h00:03.056 2021/05/13T03:29:44z: DS3231
 0h00:03.072 2021/05/13T03:29:44z: BME280 (0x76)
 0h00:03.086 2021/05/13T03:29:44z: 50:2:91:e5:36:6e
 0h00:03.087 2021/05/13T03:29:44z: SSID: ARRIS-A013
 0h00:03.093 2021/05/13T03:29:44z: AP_STAR tmr
 ets Jan  8 2013,rst cause:1, boot mode:(3,6)

load 0x4010f000, len 1384, room 16 
tail 8
chksum 0x2d
csum 0x2d
v8b899c12
~ld


6.01
 0h00:03.052 2021/05/13T03:49:40z: DS3231
 0h00:03.067 2021/05/13T03:49:40z: BME280 (0x76)
 0h00:03.081 2021/05/13T03:49:40z: 50:2:91:e5:36:6e
 0h00:03.083 2021/05/13T03:49:40z: SSID: ARRIS-A013
 0h00:03.088 2021/05/13T03:49:40z: AP_STAR tmr
 ets Jan  8 2013,rst cause:1, boot mode:(3,6)

load 0x4010f000, len 1384, room 16 
tail 8
chksum 0x2d
csum 0x2d
v8b899c12
~ld


6.01
 0h00:03.051 2021/05/13T04:09:37z: DS3231
 0h00:03.066 2021/05/13T04:09:37z: BME280 (0x76)
 0h00:03.081 2021/05/13T04:09:37z: 50:2:91:e5:36:6e
 0h00:03.082 2021/05/13T04:09:37z: SSID: ARRIS-A013
 0h00:03.087 2021/05/13T04:09:37z: AP_STAR tmr
 ets Jan  8 2013,rst cause:1, boot mode:(3,6)

load 0x4010f000, len 1384, room 16 
tail 8
chksum 0x2d
csum 0x2d
v8b899c12
~ld


6.01
 0h00:03.055 2021/05/13T04:29:33z: DS3231
 0h00:03.070 2021/05/13T04:29:33z: BME280 (0x76)
 0h00:03.084 2021/05/13T04:29:33z: 50:2:91:e5:36:6e
 0h00:03.086 2021/05/13T04:29:33z: SSID: ARRIS-A013
 0h00:03.091 2021/05/13T04:29:33z: AP_STAR tmr
 ets Jan  8 2013,rst cause:1, boot mode:(3,6)

load 0x4010f000, len 1384, room 16 
tail 8
chksum 0x2d
csum 0x2d
v8b899c12
~ld


6.01
 0h00:03.064 2021/05/13T04:49:29z: DS3231
 0h00:03.079 2021/05/13T04:49:29z: BME280 (0x76)
 0h00:03.093 2021/05/13T04:49:29z: 50:2:91:e5:36:6e
 0h00:03.095 2021/05/13T04:49:29z: SSID: ARRIS-A013
 0h00:03.100 2021/05/13T04:49:29z: AP_STAR tmr
 ets Jan  8 2013,rst cause:1, boot mode:(3,6)

load 0x4010f000, len 1384, room 16 
tail 8
chksum 0x2d
csum 0x2d
v8b899c12
~ld


6.01
 0h00:03.075 2021/05/13T05:09:25z: DS3231
 0h00:03.090 2021/05/13T05:09:25z: BME280 (0x76)
 0h00:03.104 2021/05/13T05:09:26z: 50:2:91:e5:36:6e
 0h00:03.106 2021/05/13T05:09:26z: SSID: ARRIS-A013
 0h00:03.111 2021/05/13T05:09:26z: AP_STAR tmr
 ets Jan  8 2013,rst cause:1, boot mode:(3,6)

load 0x4010f000, len 1384, room 16 
tail 8
chksum 0x2d
csum 0x2d
v8b899c12
~ld


6.01
 0h00:03.080 2021/05/13T05:29:22z: DS3231
 0h00:03.095 2021/05/13T05:29:22z: BME280 (0x76)
 0h00:03.109 2021/05/13T05:29:22z: 50:2:91:e5:36:6e
 0h00:03.111 2021/05/13T05:29:22z: SSID: ARRIS-A013
 0h00:03.116 2021/05/13T05:29:22z: AP_STAR tmr
 ets Jan  8 2013,rst cause:1, boot mode:(3,6)

load 0x4010f000, len 1384, room 16 
tail 8
chksum 0x2d
csum 0x2d
v8b899c12
~ld


6.01
 0h00:03.085 2021/05/13T05:49:18z: DS3231
 0h00:03.100 2021/05/13T05:49:18z: BME280 (0x76)
 0h00:03.114 2021/05/13T05:49:18z: 50:2:91:e5:36:6e
 0h00:03.116 2021/05/13T05:49:18z: SSID: ARRIS-A013
 0h00:03.121 2021/05/13T05:49:18z: AP_STAR tmr
 ets Jan  8 2013,rst cause:1, boot mode:(3,6)

load 0x4010f000, len 1384, room 16 
tail 8
chksum 0x2d
csum 0x2d
v8b899c12
~ld


6.01
 0h00:03.053 2021/05/13T06:09:14z: DS3231
 0h00:03.069 2021/05/13T06:09:14z: BME280 (0x76)
 0h00:03.083 2021/05/13T06:09:14z: 50:2:91:e5:36:6e
 0h00:03.085 2021/05/13T06:09:14z: SSID: ARRIS-A013
 0h00:03.090 2021/05/13T06:09:14z: AP_STAR tmr
 ets Jan  8 2013,rst cause:1, boot mode:(3,6)

load 0x4010f000, len 1384, room 16 
tail 8
chksum 0x2d
csum 0x2d
v8b899c12
~ld


6.01
 0h00:03.055 2021/05/13T06:29:10z: DS3231
 0h00:03.070 2021/05/13T06:29:10z: BME280 (0x76)
 0h00:03.085 2021/05/13T06:29:10z: 50:2:91:e5:36:6e
 0h00:03.086 2021/05/13T06:29:10z: SSID: ARRIS-A013
 0h00:03.091 2021/05/13T06:29:10z: AP_STAR tmr
 ets Jan  8 2013,rst cause:1, boot mode:(3,6)

load 0x4010f000, len 1384, room 16 
tail 8
chksum 0x2d
csum 0x2d
v8b899c12
~ld


6.01
 0h00:03.053 2021/05/13T06:49:06z: DS3231
 0h00:03.068 2021/05/13T06:49:06z: BME280 (0x76)
 0h00:03.082 2021/05/13T06:49:06z: 50:2:91:e5:36:6e
 0h00:03.084 2021/05/13T06:49:06z: SSID: ARRIS-A013
 0h00:03.089 2021/05/13T06:49:06z: AP_STAR tmr
 ets Jan  8 2013,rst cause:1, boot mode:(3,6)

load 0x4010f000, len 1384, room 16 
tail 8
chksum 0x2d
csum 0x2d
v8b899c12
~ld


6.01
 0h00:03.055 2021/05/13T07:09:02z: DS3231
 0h00:03.071 2021/05/13T07:09:02z: BME280 (0x76)
 0h00:03.085 2021/05/13T07:09:02z: 50:2:91:e5:36:6e
 0h00:03.087 2021/05/13T07:09:02z: SSID: ARRIS-A013
 0h00:03.092 2021/05/13T07:09:02z: AP_STAR tmr
 ets Jan  8 2013,rst cause:1, boot mode:(3,6)

load 0x4010f000, len 1384, room 16 
tail 8
chksum 0x2d
csum 0x2d
v8b899c12
~ld


6.01
 0h00:03.052 2021/05/13T07:28:58z: DS3231
 0h00:03.068 2021/05/13T07:28:58z: BME280 (0x76)
 0h00:03.082 2021/05/13T07:28:58z: 50:2:91:e5:36:6e
 0h00:03.083 2021/05/13T07:28:58z: SSID: ARRIS-A013
 0h00:03.089 2021/05/13T07:28:58z: AP_STAR tmr
 ets Jan  8 2013,rst cause:1, boot mode:(3,6)

load 0x4010f000, len 1384, room 16 
tail 8
chksum 0x2d
csum 0x2d
v8b899c12
~ld


6.01
 0h00:03.072 2021/05/13T07:48:55z: DS3231
 0h00:03.087 2021/05/13T07:48:55z: BME280 (0x76)
 0h00:03.101 2021/05/13T07:48:55z: 50:2:91:e5:36:6e
 0h00:03.103 2021/05/13T07:48:55z: SSID: ARRIS-A013
 0h00:03.108 2021/05/13T07:48:55z: AP_STAR tmr
 ets Jan  8 2013,rst cause:1, boot mode:(3,6)

load 0x4010f000, len 1384, room 16 
tail 8
chksum 0x2d
csum 0x2d
v8b899c12
~ld


6.01
 0h00:03.073 2021/05/13T08:08:51z: DS3231
 0h00:03.088 2021/05/13T08:08:51z: BME280 (0x76)
 0h00:03.102 2021/05/13T08:08:51z: 50:2:91:e5:36:6e
 0h00:03.104 2021/05/13T08:08:51z: SSID: ARRIS-A013
 0h00:03.109 2021/05/13T08:08:51z: AP_STAR tmr
 ets Jan  8 2013,rst cause:1, boot mode:(3,6)

load 0x4010f000, len 1384, room 16 
tail 8
chksum 0x2d
csum 0x2d
v8b899c12
~ld


6.01
 0h00:03.075 2021/05/13T08:28:48z: DS3231
 0h00:03.090 2021/05/13T08:28:48z: BME280 (0x76)
 0h00:03.104 2021/05/13T08:28:48z: 50:2:91:e5:36:6e
 0h00:03.106 2021/05/13T08:28:48z: SSID: ARRIS-A013
 0h00:03.111 2021/05/13T08:28:48z: AP_STAR tmr
 ets Jan  8 2013,rst cause:1, boot mode:(3,6)

load 0x4010f000, len 1384, room 16 
tail 8
chksum 0x2d
csum 0x2d
v8b899c12
~ld


6.01
 0h00:03.067 2021/05/13T08:48:44z: DS3231
 0h00:03.082 2021/05/13T08:48:44z: BME280 (0x76)
 0h00:03.096 2021/05/13T08:48:44z: 50:2:91:e5:36:6e
 0h00:03.098 2021/05/13T08:48:44z: SSID: ARRIS-A013
 0h00:03.103 2021/05/13T08:48:44z: AP_STAR tmr
 ets Jan  8 2013,rst cause:1, boot mode:(3,6)

load 0x4010f000, len 1384, room 16 
tail 8
chksum 0x2d
csum 0x2d
v8b899c12
~ld


6.01
 0h00:03.078 2021/05/13T09:08:40z: DS3231
 0h00:03.094 2021/05/13T09:08:40z: BME280 (0x76)
 0h00:03.108 2021/05/13T09:08:40z: 50:2:91:e5:36:6e
 0h00:03.110 2021/05/13T09:08:40z: SSID: ARRIS-A013
 0h00:03.115 2021/05/13T09:08:40z: AP_STAR tmr
 ets Jan  8 2013,rst cause:1, boot mode:(3,6)

load 0x4010f000, len 1384, room 16 
tail 8
chksum 0x2d
csum 0x2d
v8b899c12
~ld


6.01
 0h00:03.055 2021/05/13T09:28:37z: DS3231
 0h00:03.070 2021/05/13T09:28:37z: BME280 (0x76)
 0h00:03.084 2021/05/13T09:28:37z: 50:2:91:e5:36:6e
 0h00:03.086 2021/05/13T09:28:37z: SSID: ARRIS-A013
 0h00:03.091 2021/05/13T09:28:37z: AP_STAR tmr
 ets Jan  8 2013,rst cause:1, boot mode:(3,6)

load 0x4010f000, len 1384, room 16 
tail 8
chksum 0x2d
csum 0x2d
v8b899c12
~ld


6.01
 0h00:03.053 2021/05/13T09:48:34z: DS3231
 0h00:03.069 2021/05/13T09:48:34z: BME280 (0x76)
 0h00:03.083 2021/05/13T09:48:34z: 50:2:91:e5:36:6e
 0h00:03.084 2021/05/13T09:48:34z: SSID: ARRIS-A013
 0h00:03.090 2021/05/13T09:48:34z: AP_STAR tmr
 ets Jan  8 2013,rst cause:1, boot mode:(3,6)

load 0x4010f000, len 1384, room 16 
tail 8
chksum 0x2d
csum 0x2d
v8b899c12
~ld


6.01
 0h00:03.056 2021/05/13T10:08:30z: DS3231
 0h00:03.071 2021/05/13T10:08:30z: BME280 (0x76)
 0h00:03.085 2021/05/13T10:08:30z: 50:2:91:e5:36:6e
 0h00:03.087 2021/05/13T10:08:30z: SSID: ARRIS-A013
 0h00:03.092 2021/05/13T10:08:30z: AP_STAR tmr
 ets Jan  8 2013,rst cause:1, boot mode:(3,6)

load 0x4010f000, len 1384, room 16 
tail 8
chksum 0x2d
csum 0x2d
v8b899c12
~ld


6.01
 0h00:03.052 2021/05/13T10:28:26z: DS3231
 0h00:03.067 2021/05/13T10:28:26z: BME280 (0x76)
 0h00:03.081 2021/05/13T10:28:26z: 50:2:91:e5:36:6e
 0h00:03.083 2021/05/13T10:28:26z: SSID: ARRIS-A013
 0h00:03.088 2021/05/13T10:28:26z: AP_STAR tmr
 ets Jan  8 2013,rst cause:1, boot mode:(3,6)

load 0x4010f000, len 1384, room 16 
tail 8
chksum 0x2d
csum 0x2d
v8b899c12
~ld


6.01
 0h00:03.055 2021/05/13T10:48:22z: DS3231
 0h00:03.070 2021/05/13T10:48:22z: BME280 (0x76)
 0h00:03.085 2021/05/13T10:48:22z: 50:2:91:e5:36:6e
 0h00:03.086 2021/05/13T10:48:22z: SSID: ARRIS-A013
 0h00:03.091 2021/05/13T10:48:22z: AP_STAR tmr
 ets Jan  8 2013,rst cause:1, boot mode:(3,6)

load 0x4010f000, len 1384, room 16 
tail 8
chksum 0x2d
csum 0x2d
v8b899c12
~ld


6.01
 0h00:03.070 2021/05/13T11:08:18z: DS3231
 0h00:03.085 2021/05/13T11:08:18z: BME280 (0x76)
 0h00:03.099 2021/05/13T11:08:18z: 50:2:91:e5:36:6e
 0h00:03.101 2021/05/13T11:08:18z: SSID: ARRIS-A013
 0h00:03.106 2021/05/13T11:08:18z: AP_STAR tmr
 ets Jan  8 2013,rst cause:1, boot mode:(3,6)

load 0x4010f000, len 1384, room 16 
tail 8
chksum 0x2d
csum 0x2d
v8b899c12
~ld


6.01
 0h00:03.064 2021/05/13T11:28:14z: DS3231
 0h00:03.080 2021/05/13T11:28:14z: BME280 (0x76)
 0h00:03.094 2021/05/13T11:28:14z: 50:2:91:e5:36:6e
 0h00:03.095 2021/05/13T11:28:14z: SSID: ARRIS-A013
 0h00:03.101 2021/05/13T11:28:14z: AP_STAR tmr
 ets Jan  8 2013,rst cause:1, boot mode:(3,6)

load 0x4010f000, len 1384, room 16 
tail 8
chksum 0x2d
csum 0x2d
v8b899c12
~ld


6.01
 0h00:03.073 2021/05/13T11:48:10z: DS3231
 0h00:03.088 2021/05/13T11:48:10z: BME280 (0x76)
 0h00:03.102 2021/05/13T11:48:10z: 50:2:91:e5:36:6e
 0h00:03.104 2021/05/13T11:48:10z: SSID: ARRIS-A013
 0h00:03.109 2021/05/13T11:48:10z: AP_STAR tmr
 ets Jan  8 2013,rst cause:1, boot mode:(3,6)

load 0x4010f000, len 1384, room 16 
tail 8
chksum 0x2d
csum 0x2d
v8b899c12
~ld


6.01
 0h00:03.058 2021/05/13T12:08:07z: DS3231
 0h00:03.073 2021/05/13T12:08:07z: BME280 (0x76)
 0h00:03.088 2021/05/13T12:08:07z: 50:2:91:e5:36:6e
 0h00:03.089 2021/05/13T12:08:07z: SSID: ARRIS-A013
 0h00:03.094 2021/05/13T12:08:07z: AP_STAR tmr
 ets Jan  8 2013,rst cause:1, boot mode:(3,6)

load 0x4010f000, len 1384, room 16 
tail 8
chksum 0x2d
csum 0x2d
v8b899c12
~ld


6.01
 0h00:03.052 2021/05/13T12:28:04z: DS3231
 0h00:03.068 2021/05/13T12:28:04z: BME280 (0x76)
 0h00:03.082 2021/05/13T12:28:04z: 50:2:91:e5:36:6e
 0h00:03.084 2021/05/13T12:28:04z: SSID: ARRIS-A013
 0h00:03.089 2021/05/13T12:28:04z: AP_STAR tmr
 ets Jan  8 2013,rst cause:1, boot mode:(3,6)

load 0x4010f000, len 1384, room 16 
tail 8
chksum 0x2d
csum 0x2d
v8b899c12
~ld


6.01
 0h00:03.050 2021/05/13T12:47:59z: DS3231
 0h00:03.066 2021/05/13T12:47:59z: BME280 (0x76)
 0h00:03.080 2021/05/13T12:48:00z: 50:2:91:e5:36:6e
 0h00:03.082 2021/05/13T12:48:00z: SSID: ARRIS-A013
 0h00:03.087 2021/05/13T12:48:00z: AP_STAR tmr
 ets Jan  8 2013,rst cause:1, boot mode:(3,6)

load 0x4010f000, len 1384, room 16 
tail 8
chksum 0x2d
csum 0x2d
v8b899c12
~ld


6.01
 0h00:03.050 2021/05/13T13:07:57z: DS3231
 0h00:03.066 2021/05/13T13:07:57z: BME280 (0x76)
 0h00:03.080 2021/05/13T13:07:57z: 50:2:91:e5:36:6e
 0h00:03.082 2021/05/13T13:07:57z: SSID: ARRIS-A013
 0h00:03.087 2021/05/13T13:07:57z: AP_STAR tmr
 ets Jan  8 2013,rst cause:1, boot mode:(3,6)

load 0x4010f000, len 1384, room 16 
tail 8
chksum 0x2d
csum 0x2d
v8b899c12
~ld


6.01
 0h00:03.058 2021/05/13T13:27:53z: DS3231
 0h00:03.074 2021/05/13T13:27:53z: BME280 (0x76)
 0h00:03.088 2021/05/13T13:27:53z: 50:2:91:e5:36:6e
 0h00:03.090 2021/05/13T13:27:53z: SSID: ARRIS-A013
 0h00:03.095 2021/05/13T13:27:53z: AP_STAR tmr
 ets Jan  8 2013,rst cause:1, boot mode:(3,6)

load 0x4010f000, len 1384, room 16 
tail 8
chksum 0x2d
csum 0x2d
v8b899c12
~ld


6.01
 0h00:03.064 2021/05/13T13:47:49z: DS3231
 0h00:03.079 2021/05/13T13:47:49z: BME280 (0x76)
 0h00:03.094 2021/05/13T13:47:49z: 50:2:91:e5:36:6e
 0h00:03.095 2021/05/13T13:47:49z: SSID: ARRIS-A013
 0h00:03.100 2021/05/13T13:47:49z: AP_STAR tmr
 ets Jan  8 2013,rst cause:1, boot mode:(3,6)

load 0x4010f000, len 1384, room 16 
tail 8
chksum 0x2d
csum 0x2d
v8b899c12
~ld


6.01
 0h00:03.075 2021/05/13T14:07:46z: DS3231
 0h00:03.090 2021/05/13T14:07:46z: BME280 (0x76)
 0h00:03.104 2021/05/13T14:07:46z: 50:2:91:e5:36:6e
 0h00:03.106 2021/05/13T14:07:46z: SSID: ARRIS-A013
 0h00:03.111 2021/05/13T14:07:46z: AP_STAR tmr
 ets Jan  8 2013,rst cause:1, boot mode:(3,6)

load 0x4010f000, len 1384, room 16 
tail 8
chksum 0x2d
csum 0x2d
v8b899c12
~ld


6.01
 0h00:03.080 2021/05/13T14:27:42z: DS3231
 0h00:03.095 2021/05/13T14:27:42z: BME280 (0x76)
 0h00:03.109 2021/05/13T14:27:42z: 50:2:91:e5:36:6e
 0h00:03.111 2021/05/13T14:27:42z: SSID: ARRIS-A013
 0h00:03.116 2021/05/13T14:27:42z: AP_STAR tmr
 ets Jan  8 2013,rst cause:1, boot mode:(3,6)

load 0x4010f000, len 1384, room 16 
tail 8
chksum 0x2d
csum 0x2d
v8b899c12
~ld


6.01
 0h00:03.049 2021/05/13T14:47:38z: DS3231
 0h00:03.065 2021/05/13T14:47:38z: BME280 (0x76)
 0h00:03.079 2021/05/13T14:47:38z: 50:2:91:e5:36:6e
 0h00:03.081 2021/05/13T14:47:38z: SSID: ARRIS-A013
 0h00:03.086 2021/05/13T14:47:38z: AP_STAR tmr
 ets Jan  8 2013,rst cause:1, boot mode:(3,6)

load 0x4010f000, len 1384, room 16 
tail 8
chksum 0x2d
csum 0x2d
v8b899c12
~ld


6.01
 0h00:03.060 2021/05/13T15:07:35z: DS3231
 0h00:03.076 2021/05/13T15:07:35z: BME280 (0x76)
 0h00:03.090 2021/05/13T15:07:35z: 50:2:91:e5:36:6e
 0h00:03.091 2021/05/13T15:07:35z: SSID: ARRIS-A013
 0h00:03.097 2021/05/13T15:07:35z: AP_STAR tmr
 ets Jan  8 2013,rst cause:1, boot mode:(3,6)

load 0x4010f000, len 1384, room 16 
tail 8
chksum 0x2d
csum 0x2d
v8b899c12
~ld


6.01
 0h00:03.051 2021/05/13T15:27:31z: DS3231
 0h00:03.067 2021/05/13T15:27:31z: BME280 (0x76)
 0h00:03.081 2021/05/13T15:27:31z: 50:2:91:e5:36:6e
 0h00:03.082 2021/05/13T15:27:31z: SSID: ARRIS-A013
 0h00:03.088 2021/05/13T15:27:31z: AP_STAR tmr
 ets Jan  8 2013,rst cause:1, boot mode:(3,6)

load 0x4010f000, len 1384, room 16 
tail 8
chksum 0x2d
csum 0x2d
v8b899c12
~ld


6.01
 0h00:03.049 2021/05/13T15:47:27z: DS3231
 0h00:03.064 2021/05/13T15:47:27z: BME280 (0x76)
 0h00:03.078 2021/05/13T15:47:27z: 50:2:91:e5:36:6e
 0h00:03.080 2021/05/13T15:47:27z: SSID: ARRIS-A013
 0h00:03.085 2021/05/13T15:47:27z: AP_STAR tmr
 ets Jan  8 2013,rst cause:1, boot mode:(3,6)

load 0x4010f000, len 1384, room 16 
tail 8
chksum 0x2d
csum 0x2d
v8b899c12
~ld


6.01
 0h00:03.056 2021/05/13T16:07:23z: DS3231
 0h00:03.071 2021/05/13T16:07:23z: BME280 (0x76)
 0h00:03.085 2021/05/13T16:07:23z: 50:2:91:e5:36:6e
 0h00:03.087 2021/05/13T16:07:23z: SSID: ARRIS-A013
 0h00:03.092 2021/05/13T16:07:23z: AP_STAR tmr
 ets Jan  8 2013,rst cause:1, boot mode:(3,6)

load 0x4010f000, len 1384, room 16 
tail 8
chksum 0x2d
csum 0x2d
v8b899c12
~ld


6.01
 0h00:03.067 2021/05/13T16:27:20z: DS3231
 0h00:03.082 2021/05/13T16:27:20z: BME280 (0x76)
 0h00:03.097 2021/05/13T16:27:20z: 50:2:91:e5:36:6e
 0h00:03.098 2021/05/13T16:27:20z: SSID: ARRIS-A013
 0h00:03.103 2021/05/13T16:27:20z: AP_STAR tmr
 ets Jan  8 2013,rst cause:1, boot mode:(3,6)

load 0x4010f000, len 1384, room 16 
tail 8
chksum 0x2d
csum 0x2d
v8b899c12
~ld


6.01
 0h00:03.073 2021/05/13T16:47:16z: DS3231
 0h00:03.088 2021/05/13T16:47:16z: BME280 (0x76)
 0h00:03.102 2021/05/13T16:47:16z: 50:2:91:e5:36:6e
 0h00:03.104 2021/05/13T16:47:16z: SSID: ARRIS-A013
 0h00:03.109 2021/05/13T16:47:16z: AP_STAR tmr
 ets Jan  8 2013,rst cause:1, boot mode:(3,6)

load 0x4010f000, len 1384, room 16 
tail 8
chksum 0x2d
csum 0x2d
v8b899c12
~ld


6.01
 0h00:03.084 2021/05/13T17:07:12z: DS3231
 0h00:03.099 2021/05/13T17:07:12z: BME280 (0x76)
 0h00:03.113 2021/05/13T17:07:12z: 50:2:91:e5:36:6e
 0h00:03.115 2021/05/13T17:07:12z: SSID: ARRIS-A013
 0h00:03.120 2021/05/13T17:07:12z: AP_STAR tmr
 ets Jan  8 2013,rst cause:1, boot mode:(3,6)

load 0x4010f000, len 1384, room 16 
tail 8
chksum 0x2d
csum 0x2d
v8b899c12
~ld


6.01
 0h00:03.058 2021/05/13T17:27:08z: DS3231
 0h00:03.074 2021/05/13T17:27:08z: BME280 (0x76)
 0h00:03.088 2021/05/13T17:27:08z: 50:2:91:e5:36:6e
 0h00:03.090 2021/05/13T17:27:08z: SSID: ARRIS-A013
 0h00:03.095 2021/05/13T17:27:08z: AP_STAR tmr
 ets Jan  8 2013,rst cause:1, boot mode:(3,6)

load 0x4010f000, len 1384, room 16 
tail 8
chksum 0x2d
csum 0x2d
v8b899c12
~ld


6.01
 0h00:03.051 2021/05/13T17:47:04z: DS3231
 0h00:03.066 2021/05/13T17:47:04z: BME280 (0x76)
 0h00:03.081 2021/05/13T17:47:04z: 50:2:91:e5:36:6e
 0h00:03.082 2021/05/13T17:47:04z: SSID: ARRIS-A013
 0h00:03.087 2021/05/13T17:47:04z: AP_STAR tmr
 ets Jan  8 2013,rst cause:1, boot mode:(3,6)

load 0x4010f000, len 1384, room 16 
tail 8
chksum 0x2d
csum 0x2d
v8b899c12
~ld


6.01
 0h00:03.053 2021/05/13T18:07:01z: DS3231
 0h00:03.068 2021/05/13T18:07:01z: BME280 (0x76)
 0h00:03.082 2021/05/13T18:07:01z: 50:2:91:e5:36:6e
 0h00:03.084 2021/05/13T18:07:01z: SSID: ARRIS-A013
 0h00:03.089 2021/05/13T18:07:01z: AP_STAR tmr
 ets Jan  8 2013,rst cause:1, boot mode:(3,6)

load 0x4010f000, len 1384, room 16 
tail 8
chksum 0x2d
csum 0x2d
v8b899c12
~ld


6.01
 0h00:03.050 2021/05/13T18:26:57z: DS3231
 0h00:03.066 2021/05/13T18:26:57z: BME280 (0x76)
 0h00:03.080 2021/05/13T18:26:57z: 50:2:91:e5:36:6e
 0h00:03.081 2021/05/13T18:26:57z: SSID: ARRIS-A013
 0h00:03.087 2021/05/13T18:26:57z: AP_STAR tmr
 ets Jan  8 2013,rst cause:1, boot mode:(3,6)

load 0x4010f000, len 1384, room 16 
tail 8
chksum 0x2d
csum 0x2d
v8b899c12
~ld


6.01
 0h00:03.057 2021/05/13T18:46:53z: DS3231
 0h00:03.073 2021/05/13T18:46:53z: BME280 (0x76)
 0h00:03.087 2021/05/13T18:46:53z: 50:2:91:e5:36:6e
 0h00:03.089 2021/05/13T18:46:53z: SSID: ARRIS-A013
 0h00:03.094 2021/05/13T18:46:53z: AP_STAR tmr
 ets Jan  8 2013,rst cause:1, boot mode:(3,6)

load 0x4010f000, len 1384, room 16 
tail 8
chksum 0x2d
csum 0x2d
v8b899c12
~ld


6.01
 0h00:03.068 2021/05/13T19:06:50z: DS3231
 0h00:03.083 2021/05/13T19:06:50z: BME280 (0x76)
 0h00:03.097 2021/05/13T19:06:50z: 50:2:91:e5:36:6e
 0h00:03.099 2021/05/13T19:06:50z: SSID: ARRIS-A013
 0h00:03.104 2021/05/13T19:06:50z: AP_STAR tmr
 ets Jan  8 2013,rst cause:1, boot mode:(3,6)

load 0x4010f000, len 1384, room 16 
tail 8
chksum 0x2d
csum 0x2d
v8b899c12
~ld


6.01
 0h00:03.073 2021/05/13T19:26:46z: DS3231
 0h00:03.088 2021/05/13T19:26:46z: BME280 (0x76)
 0h00:03.102 2021/05/13T19:26:46z: 50:2:91:e5:36:6e
 0h00:03.104 2021/05/13T19:26:46z: SSID: ARRIS-A013
 0h00:03.109 2021/05/13T19:26:46z: AP_STAR tmr
 ets Jan  8 2013,rst cause:1, boot mode:(3,6)

load 0x4010f000, len 1384, room 16 
tail 8
chksum 0x2d
csum 0x2d
v8b899c12
~ld


6.01
 0h00:03.077 2021/05/13T19:46:42z: DS3231
 0h00:03.092 2021/05/13T19:46:42z: BME280 (0x76)
 0h00:03.107 2021/05/13T19:46:42z: 50:2:91:e5:36:6e
 0h00:03.108 2021/05/13T19:46:42z: SSID: ARRIS-A013
 0h00:03.113 2021/05/13T19:46:42z: AP_STAR tmr
 ets Jan  8 2013,rst cause:1, boot mode:(3,6)

load 0x4010f000, len 1384, room 16 
tail 8
chksum 0x2d
csum 0x2d
v8b899c12
~ld


6.01
 0h00:03.051 2021/05/13T20:06:39z: DS3231
 0h00:03.066 2021/05/13T20:06:39z: BME280 (0x76)
 0h00:03.080 2021/05/13T20:06:39z: 50:2:91:e5:36:6e
 0h00:03.082 2021/05/13T20:06:39z: SSID: ARRIS-A013
 0h00:03.087 2021/05/13T20:06:39z: AP_STAR tmr
 ets Jan  8 2013,rst cause:1, boot mode:(3,6)

load 0x4010f000, len 1384, room 16 
tail 8
chksum 0x2d
csum 0x2d
v8b899c12
~ld


6.01
 0h00:03.054 2021/05/13T20:26:35z: DS3231
 0h00:03.069 2021/05/13T20:26:35z: BME280 (0x76)
 0h00:03.083 2021/05/13T20:26:35z: 50:2:91:e5:36:6e
 0h00:03.085 2021/05/13T20:26:35z: SSID: ARRIS-A013
 0h00:03.090 2021/05/13T20:26:35z: AP_STAR tmr
 ets Jan  8 2013,rst cause:1, boot mode:(3,6)

load 0x4010f000, len 1384, room 16 
tail 8
chksum 0x2d
csum 0x2d
v8b899c12
~ld


6.01
 0h00:03.054 2021/05/13T20:46:32z: DS3231
 0h00:03.070 2021/05/13T20:46:32z: BME280 (0x76)
 0h00:03.084 2021/05/13T20:46:32z: 50:2:91:e5:36:6e
 0h00:03.085 2021/05/13T20:46:32z: SSID: ARRIS-A013
 0h00:03.091 2021/05/13T20:46:32z: AP_STAR tmr
 ets Jan  8 2013,rst cause:1, boot mode:(3,6)

load 0x4010f000, len 1384, room 16 
tail 8
chksum 0x2d
csum 0x2d
v8b899c12
~ld


6.01
 0h00:03.055 2021/05/13T21:06:28z: DS3231
 0h00:03.070 2021/05/13T21:06:28z: BME280 (0x76)
 0h00:03.084 2021/05/13T21:06:28z: 50:2:91:e5:36:6e
 0h00:03.086 2021/05/13T21:06:28z: SSID: ARRIS-A013
 0h00:03.091 2021/05/13T21:06:28z: AP_STAR tmr
 ets Jan  8 2013,rst cause:1, boot mode:(3,6)

load 0x4010f000, len 1384, room 16 
tail 8
chksum 0x2d
csum 0x2d
v8b899c12
~ld


6.01
 0h00:03.058 2021/05/13T21:26:24z: DS3231
 0h00:03.073 2021/05/13T21:26:24z: BME280 (0x76)
 0h00:03.087 2021/05/13T21:26:24z: 50:2:91:e5:36:6e
 0h00:03.089 2021/05/13T21:26:24z: SSID: ARRIS-A013
 0h00:03.094 2021/05/13T21:26:24z: AP_STAR tmr
 ets Jan  8 2013,rst cause:1, boot mode:(3,6)

load 0x4010f000, len 1384, room 16 
tail 8
chksum 0x2d
csum 0x2d
v8b899c12
~ld


6.01
 0h00:03.070 2021/05/13T21:46:20z: DS3231
 0h00:03.085 2021/05/13T21:46:20z: BME280 (0x76)
 0h00:03.099 2021/05/13T21:46:20z: 50:2:91:e5:36:6e
 0h00:03.101 2021/05/13T21:46:20z: SSID: ARRIS-A013
 0h00:03.106 2021/05/13T21:46:20z: AP_STAR tmr
 ets Jan  8 2013,rst cause:1, boot mode:(3,6)

load 0x4010f000, len 1384, room 16 
tail 8
chksum 0x2d
csum 0x2d
v8b899c12
~ld


6.01
 0h00:03.074 2021/05/13T22:06:16z: DS3231
 0h00:03.089 2021/05/13T22:06:16z: BME280 (0x76)
 0h00:03.104 2021/05/13T22:06:16z: 50:2:91:e5:36:6e
 0h00:03.105 2021/05/13T22:06:16z: SSID: ARRIS-A013
 0h00:03.110 2021/05/13T22:06:16z: AP_STAR tmr
 ets Jan  8 2013,rst cause:1, boot mode:(3,6)

load 0x4010f000, len 1384, room 16 
tail 8
chksum 0x2d
csum 0x2d
v8b899c12
~ld


6.01
 0h00:03.090 2021/05/13T22:26:12z: DS3231
 0h00:03.105 2021/05/13T22:26:12z: BME280 (0x76)
 0h00:03.119 2021/05/13T22:26:12z: 50:2:91:e5:36:6e
 0h00:03.121 2021/05/13T22:26:12z: SSID: ARRIS-A013
 0h00:03.126 2021/05/13T22:26:12z: AP_STAR tmr
 ets Jan  8 2013,rst cause:1, boot mode:(3,6)

load 0x4010f000, len 1384, room 16 
tail 8
chksum 0x2d
csum 0x2d
v8b899c12
~ld


6.01
 0h00:03.054 2021/05/13T22:46:08z: DS3231
 0h00:03.069 2021/05/13T22:46:08z: BME280 (0x76)
 0h00:03.083 2021/05/13T22:46:08z: 50:2:91:e5:36:6e
 0h00:03.085 2021/05/13T22:46:08z: SSID: ARRIS-A013
 0h00:03.090 2021/05/13T22:46:08z: AP_STAR tmr
 ets Jan  8 2013,rst cause:1, boot mode:(3,6)

load 0x4010f000, len 1384, room 16 
tail 8
chksum 0x2d
csum 0x2d
v8b899c12
~ld


6.01
 0h00:03.059 2021/05/13T23:06:04z: DS3231
 0h00:03.074 2021/05/13T23:06:04z: BME280 (0x76)
 0h00:03.088 2021/05/13T23:06:04z: 50:2:91:e5:36:6e
 0h00:03.090 2021/05/13T23:06:04z: SSID: ARRIS-A013
 0h00:03.095 2021/05/13T23:06:04z: AP_STAR tmr
 ets Jan  8 2013,rst cause:1, boot mode:(3,6)

load 0x4010f000, len 1384, room 16 
tail 8
chksum 0x2d
csum 0x2d
v8b899c12
~ld


6.01
 0h00:03.054 2021/05/13T23:26:00z: DS3231
 0h00:03.069 2021/05/13T23:26:00z: BME280 (0x76)
 0h00:03.083 2021/05/13T23:26:00z: 50:2:91:e5:36:6e
 0h00:03.085 2021/05/13T23:26:00z: SSID: ARRIS-A013
 0h00:03.090 2021/05/13T23:26:00z: AP_STAR tmr
 ets Jan  8 2013,rst cause:1, boot mode:(3,6)

load 0x4010f000, len 1384, room 16 
tail 8
chksum 0x2d
csum 0x2d
v8b899c12
~ld


6.01
 0h00:03.054 2021/05/13T23:45:56z: DS3231
 0h00:03.069 2021/05/13T23:45:56z: BME280 (0x76)
 0h00:03.083 2021/05/13T23:45:56z: 50:2:91:e5:36:6e
 0h00:03.085 2021/05/13T23:45:56z: SSID: ARRIS-A013
 0h00:03.090 2021/05/13T23:45:56z: AP_STA