R tmr
 ets Jan  8 2013,rst cause:1, boot mode:(3,6)

load 0x4010f000, len 1384, room 16 
tail 8
chksum 0x2d
csum 0x2d
v8b899c12
~ld


6.01
 0h00:03.052 2021/05/12T11:52:36z: DS3231
 0h00:03.067 2021/05/12T11:52:36z: BME280 (0x76)
 0h00:03.081 2021/05/12T11:52:36z: 50:2:91:e5:36:6e
 0h00:03.083 2021/05/12T11:52:36z: SSID: ARRIS-A013
 0h00:03.088 2021/05/12T11:52:36z: AP_STAR tmr
 ets Jan  8 2013,rst cause:1, boot mode:(3,6)

load 0x4010f000, len 1384, room 16 
tail 8
chksum 0x2d
csum 0x2d
v8b899c12
~ld


6.01
 0h00:03.050 2021/05/12T12:12:33z: DS3231
 0h00:03.065 2021/05/12T12:12:33z: BME280 (0x76)
 0h00:03.080 2021/05/12T12:12:33z: 50:2:91:e5:36:6e
 0h00:03.081 2021/05/12T12:12:33z: SSID: ARRIS-A013
 0h00:03.086 2021/05/12T12:12:33z: AP_STAR tmr
 ets Jan  8 2013,rst cause:1, boot mode:(3,6)

load 0x4010f000, len 1384, room 16 
tail 8
chksum 0x2d
csum 0x2d
v8b899c12
~ld


6.01
 0h00:03.048 2021/05/12T12:32:30z: DS3231
 0h00:03.064 2021/05/12T12:32:30z: BME280 (0x76)
 0h00:03.078 2021/05/12T12:32:30z: 50:2:91:e5:36:6e
 0h00:03.080 2021/05/12T12:32:30z: SSID: ARRIS-A013
 0h00:03.085 2021/05/12T12:32:30z: AP_STAR tmr
 ets Jan  8 2013,rst cause:1, boot mode:(3,6)

load 0x4010f000, len 1384, room 16 
tail 8
chksum 0x2d
csum 0x2d
v8b899c12
~ld


6.01
 0h00:03.055 2021/05/12T12:52:26z: DS3231
 0h00:03.071 2021/05/12T12:52:26z: BME280 (0x76)
 0h00:03.085 2021/05/12T12:52:26z: 50:2:91:e5:36:6e
 0h00:03.087 2021/05/12T12:52:26z: SSID: ARRIS-A013
 0h00:03.092 2021/05/12T12:52:26z: AP_STAR tmr
 ets Jan  8 2013,rst cause:1, boot mode:(3,6)

load 0x4010f000, len 1384, room 16 
tail 8
chksum 0x2d
csum 0x2d
v8b899c12
~ld


6.01
 0h00:03.060 2021/05/12T13:12:23z: DS3231
 0h00:03.075 2021/05/12T13:12:23z: BME280 (0x76)
 0h00:03.090 2021/05/12T13:12:23z: 50:2:91:e5:36:6e
 0h00:03.091 2021/05/12T13:12:23z: SSID: ARRIS-A013
 0h00:03.096 2021/05/12T13:12:23z: AP_STAR tmr
 ets Jan  8 2013,rst cause:1, boot mode:(3,6)

load 0x4010f000, len 1384, room 16 
tail 8
chksum 0x2d
csum 0x2d
v8b899c12
~ld


6.01
 0h00:03.067 2021/05/12T13:32:19z: DS3231
 0h00:03.082 2021/05/12T13:32:19z: BME280 (0x76)
 0h00:03.096 2021/05/12T13:32:19z: 50:2:91:e5:36:6e
 0h00:03.098 2021/05/12T13:32:19z: SSID: ARRIS-A013
 0h00:03.103 2021/05/12T13:32:19z: AP_STAR tmr
 ets Jan  8 2013,rst cause:1, boot mode:(3,6)

load 0x4010f000, len 1384, room 16 
tail 8
chksum 0x2d
csum 0x2d
v8b899c12
~ld


6.01
 0h00:03.074 2021/05/12T13:52:15z: DS3231
 0h00:03.090 2021/05/12T13:52:15z: BME280 (0x76)
 0h00:03.104 2021/05/12T13:52:15z: 50:2:91:e5:36:6e
 0h00:03.105 2021/05/12T13:52:15z: SSID: ARRIS-A013
 0h00:03.111 2021/05/12T13:52:15z: AP_STAR tmr
 ets Jan  8 2013,rst cause:1, boot mode:(3,6)

load 0x4010f000, len 1384, room 16 
tail 8
chksum 0x2d
csum 0x2d
v8b899c12
~ld


6.01
 0h00:03.055 2021/05/12T14:12:12z: DS3231
 0h00:03.070 2021/05/12T14:12:12z: BME280 (0x76)
 0h00:03.085 2021/05/12T14:12:12z: 50:2:91:e5:36:6e
 0h00:03.086 2021/05/12T14:12:12z: SSID: ARRIS-A013
 0h00:03.091 2021/05/12T14:12:12z: AP_STAR tmr
 ets Jan  8 2013,rst cause:1, boot mode:(3,6)

load 0x4010f000, len 1384, room 16 
tail 8
chksum 0x2d
csum 0x2d
v8b899c12
~ld


6.01
 0h00:03.055 2021/05/12T14:32:08z: DS3231
 0h00:03.070 2021/05/12T14:32:08z: BME280 (0x76)
 0h00:03.084 2021/05/12T14:32:08z: 50:2:91:e5:36:6e
 0h00:03.086 2021/05/12T14:32:08z: SSID: ARRIS-A013
 0h00:03.091 2021/05/12T14:32:08z: AP_STAR tmr
 ets Jan  8 2013,rst cause:1, boot mode:(3,6)

load 0x4010f000, len 1384, room 16 
tail 8
chksum 0x2d
csum 0x2d
v8b899c12
~ld


6.01
 0h00:03.054 2021/05/12T14:52:04z: DS3231
 0h00:03.069 2021/05/12T14:52:04z: BME280 (0x76)
 0h00:03.083 2021/05/12T14:52:04z: 50:2:91:e5:36:6e
 0h00:03.085 2021/05/12T14:52:04z: SSID: ARRIS-A013
 0h00:03.090 2021/05/12T14:52:04z: AP_STAR tmr
 ets Jan  8 2013,rst cause:1, boot mode:(3,6)

load 0x4010f000, len 1384, room 16 
tail 8
chksum 0x2d
csum 0x2d
v8b899c12
~ld


6.01
 0h00:03.049 2021/05/12T15:12:01z: DS3231
 0h00:03.064 2021/05/12T15:12:01z: BME280 (0x76)
 0h00:03.078 2021/05/12T15:12:01z: 50:2:91:e5:36:6e
 0h00:03.080 2021/05/12T15:12:01z: SSID: ARRIS-A013
 0h00:03.085 2021/05/12T15:12:01z: AP_STAR tmr
 ets Jan  8 2013,rst cause:1, boot mode:(3,6)

load 0x4010f000, len 1384, room 16 
tail 8
chksum 0x2d
csum 0x2d
v8b899c12
~ld


6.01
 0h00:03.058 2021/05/12T15:31:57z: DS3231
 0h00:03.073 2021/05/12T15:31:57z: BME280 (0x76)
 0h00:03.087 2021/05/12T15:31:57z: 50:2:91:e5:36:6e
 0h00:03.089 2021/05/12T15:31:57z: SSID: ARRIS-A013
 0h00:03.094 2021/05/12T15:31:57z: AP_STAR tmr
 ets Jan  8 2013,rst cause:1, boot mode:(3,6)

load 0x4010f000, len 1384, room 16 
tail 8
chksum 0x2d
csum 0x2d
v8b899c12
~ld


6.01
 0h00:03.060 2021/05/12T15:51:54z: DS3231
 0h00:03.076 2021/05/12T15:51:54z: BME280 (0x76)
 0h00:03.090 2021/05/12T15:51:54z: 50:2:91:e5:36:6e
 0h00:03.091 2021/05/12T15:51:54z: SSID: ARRIS-A013
 0h00:03.097 2021/05/12T15:51:54z: AP_STAR tmr
 ets Jan  8 2013,rst cause:1, boot mode:(3,6)

load 0x4010f000, len 1384, room 16 
tail 8
chksum 0x2d
csum 0x2d
v8b899c12
~ld


6.01
 0h00:03.071 2021/05/12T16:11:51z: DS3231
 0h00:03.086 2021/05/12T16:11:51z: BME280 (0x76)
 0h00:03.100 2021/05/12T16:11:51z: 50:2:91:e5:36:6e
 0h00:03.102 2021/05/12T16:11:51z: SSID: ARRIS-A013
 0h00:03.107 2021/05/12T16:11:51z: AP_STAR tmr
 ets Jan  8 2013,rst cause:1, boot mode:(3,6)

load 0x4010f000, len 1384, room 16 
tail 8
chksum 0x2d
csum 0x2d
v8b899c12
~ld


6.01
 0h00:03.079 2021/05/12T16:31:48z: DS3231
 0h00:03.094 2021/05/12T16:31:48z: BME280 (0x76)
 0h00:03.108 2021/05/12T16:31:48z: 50:2:91:e5:36:6e
 0h00:03.110 2021/05/12T16:31:48z: SSID: ARRIS-A013
 0h00:03.115 2021/05/12T16:31:48z: AP_STAR tmr
 ets Jan  8 2013,rst cause:1, boot mode:(3,6)

load 0x4010f000, len 1384, room 16 
tail 8
chksum 0x2d
csum 0x2d
v8b899c12
~ld


6.01
 0h00:03.049 2021/05/12T16:51:44z: DS3231
 0h00:03.065 2021/05/12T16:51:44z: BME280 (0x76)
 0h00:03.079 2021/05/12T16:51:44z: 50:2:91:e5:36:6e
 0h00:03.080 2021/05/12T16:51:44z: SSID: ARRIS-A013
 0h00:03.086 2021/05/12T16:51:44z: AP_STAR tmr
 ets Jan  8 2013,rst cause:1, boot mode:(3,6)

load 0x4010f000, len 1384, room 16 
tail 8
chksum 0x2d
csum 0x2d
v8b899c12
~ld


6.01
 0h00:03.050 2021/05/12T17:11:40z: DS3231
 0h00:03.065 2021/05/12T17:11:40z: BME280 (0x76)
 0h00:03.080 2021/05/12T17:11:40z: 50:2:91:e5:36:6e
 0h00:03.081 2021/05/12T17:11:40z: SSID: ARRIS-A013
 0h00:03.086 2021/05/12T17:11:40z: AP_STAR tmr
 ets Jan  8 2013,rst cause:1, boot mode:(3,6)

load 0x4010f000, len 1384, room 16 
tail 8
chksum 0x2d
csum 0x2d
v8b899c12
~ld


6.01
 0h00:03.054 2021/05/12T17:31:37z: DS3231
 0h00:03.069 2021/05/12T17:31:37z: BME280 (0x76)
 0h00:03.084 2021/05/12T17:31:37z: 50:2:91:e5:36:6e
 0h00:03.085 2021/05/12T17:31:37z: SSID: ARRIS-A013
 0h00:03.090 2021/05/12T17:31:37z: AP_STAR tmr
 ets Jan  8 2013,rst cause:1, boot mode:(3,6)

load 0x4010f000, len 1384, room 16 
tail 8
chksum 0x2d
csum 0x2d
v8b899c12
~ld


6.01
 0h00:03.058 2021/05/12T17:51:33z: DS3231
 0h00:03.073 2021/05/12T17:51:33z: BME280 (0x76)
 0h00:03.088 2021/05/12T17:51:33z: 50:2:91:e5:36:6e
 0h00:03.089 2021/05/12T17:51:33z: SSID: ARRIS-A013
 0h00:03.094 2021/05/12T17:51:33z: AP_STAR tmr
 ets Jan  8 2013,rst cause:1, boot mode:(3,6)

load 0x4010f000, len 1384, room 16 
tail 8
chksum 0x2d
csum 0x2d
v8b899c12
~ld


6.01
 0h00:03.061 2021/05/12T18:11:29z: DS3231
 0h00:03.076 2021/05/12T18:11:29z: BME280 (0x76)
 0h00:03.090 2021/05/12T18:11:29z: 50:2:91:e5:36:6e
 0h00:03.092 2021/05/12T18:11:29z: SSID: ARRIS-A013
 0h00:03.097 2021/05/12T18:11:29z: AP_STAR tmr
 ets Jan  8 2013,rst cause:1, boot mode:(3,6)

load 0x4010f000, len 1384, room 16 
tail 8
chksum 0x2d
csum 0x2d
v8b899c12
~ld


6.01
 0h00:03.065 2021/05/12T18:31:25z: DS3231
 0h00:03.080 2021/05/12T18:31:25z: BME280 (0x76)
 0h00:03.095 2021/05/12T18:31:25z: 50:2:91:e5:36:6e
 0h00:03.096 2021/05/12T18:31:25z: SSID: ARRIS-A013
 0h00:03.101 2021/05/12T18:31:25z: AP_STAR tmr
 ets Jan  8 2013,rst cause:1, boot mode:(3,6)

load 0x4010f000, len 1384, room 16 
tail 8
chksum 0x2d
csum 0x2d
v8b899c12
~ld


6.01
 0h00:03.070 2021/05/12T18:51:21z: DS3231
 0h00:03.085 2021/05/12T18:51:21z: BME280 (0x76)
 0h00:03.100 2021/05/12T18:51:21z: 50:2:91:e5:36:6e
 0h00:03.101 2021/05/12T18:51:21z: SSID: ARRIS-A013
 0h00:03.106 2021/05/12T18:51:21z: AP_STAR tmr
 ets Jan  8 2013,rst cause:1, boot mode:(3,6)

load 0x4010f000, len 1384, room 16 
tail 8
chksum 0x2d
csum 0x2d
v8b899c12
~ld


6.01
 0h00:03.078 2021/05/12T19:11:17z: DS3231
 0h00:03.093 2021/05/12T19:11:17z: BME280 (0x76)
 0h00:03.107 2021/05/12T19:11:17z: 50:2:91:e5:36:6e
 0h00:03.109 2021/05/12T19:11:17z: SSID: ARRIS-A013
 0h00:03.114 2021/05/12T19:11:17z: AP_STAR tmr
 ets Jan  8 2013,rst cause:1, boot mode:(3,6)

load 0x4010f000, len 1384, room 16 
tail 8
chksum 0x2d
csum 0x2d
v8b899c12
~ld


6.01
 0h00:03.057 2021/05/12T19:31:14z: DS3231
 0h00:03.073 2021/05/12T19:31:14z: BME280 (0x76)
 0h00:03.087 2021/05/12T19:31:14z: 50:2:91:e5:36:6e
 0h00:03.088 2021/05/12T19:31:14z: SSID: ARRIS-A013
 0h00:03.094 2021/05/12T19:31:14z: AP_STAR tmr
 ets Jan  8 2013,rst cause:1, boot mode:(3,6)

load 0x4010f000, len 1384, room 16 
tail 8
chksum 0x2d
csum 0x2d
v8b899c12
~ld


6.01
 0h00:03.048 2021/05/12T19:51:10z: DS3231
 0h00:03.064 2021/05/12T19:51:10z: BME280 (0x76)
 0h00:03.078 2021/05/12T19:51:10z: 50:2:91:e5:36:6e
 0h00:03.080 2021/05/12T19:51:10z: SSID: ARRIS-A013
 0h00:03.085 2021/05/12T19:51:10z: AP_STAR tmr
 ets Jan  8 2013,rst cause:1, boot mode:(3,6)

load 0x4010f000, len 1384, room 16 
tail 8
chksum 0x2d
csum 0x2d
v8b899c12
~ld


6.01
 0h00:03.055 2021/05/12T20:11:07z: DS3231
 0h00:03.070 2021/05/12T20:11:07z: BME280 (0x76)
 0h00:03.084 2021/05/12T20:11:07z: 50:2:91:e5:36:6e
 0h00:03.086 2021/05/12T20:11:07z: SSID: ARRIS-A013
 0h00:03.091 2021/05/12T20:11:07z: AP_STAR tmr
 ets Jan  8 2013,rst cause:1, boot mode:(3,6)

load 0x4010f000, len 1384, room 16 
tail 8
chksum 0x2d
csum 0x2d
v8b899c12
~ld


6.01
 0h00:03.057 2021/05/12T20:31:03z: DS3231
 0h00:03.072 2021/05/12T20:31:03z: BME280 (0x76)
 0h00:03.086 2021/05/12T20:31:03z: 50:2:91:e5:36:6e
 0h00:03.088 2021/05/12T20:31:03z: SSID: ARRIS-A013
 0h00:03.093 2021/05/12T20:31:03z: AP_STAR tmr
 ets Jan  8 2013,rst cause:1, boot mode:(3,6)

load 0x4010f000, len 1384, room 16 
tail 8
chksum 0x2d
csum 0x2d
v8b899c12
~ld


6.01
 0h00:03.054 2021/05/12T20:50:59z: DS3231
 0h00:03.069 2021/05/12T20:50:59z: BME280 (0x76)
 0h00:03.083 2021/05/12T20:50:59z: 50:2:91:e5:36:6e
 0h00:03.085 2021/05/12T20:50:59z: SSID: ARRIS-A013
 0h00:03.090 2021/05/12T20:50:59z: AP_STAR tmr
 ets Jan  8 2013,rst cause:1, boot mode:(3,6)

load 0x4010f000, len 1384, room 16 
tail 8
chksum 0x2d
csum 0x2d
v8b899c12
~ld


6.01
 0h00:03.065 2021/05/12T21:10:56z: DS3231
 0h00:03.080 2021/05/12T21:10:56z: BME280 (0x76)
 0h00:03.094 2021/05/12T21:10:56z: 50:2:91:e5:36:6e
 0h00:03.096 2021/05/12T21:10:56z: SSID: ARRIS-A013
 0h00:03.101 2021/05/12T21:10:56z: AP_STAR tmr
 ets Jan  8 2013,rst cause:1, boot mode:(3,6)

load 0x4010f000, len 1384, room 16 
tail 8
chksum 0x2d
csum 0x2d
v8b899c12
~ld


6.01
 0h00:03.074 2021/05/12T21:30:52z: DS3231
 0h00:03.090 2021/05/12T21:30:52z: BME280 (0x76)
 0h00:03.104 2021/05/12T21:30:52z: 50:2:91:e5:36:6e
 0h00:03.105 2021/05/12T21:30:52z: SSID: ARRIS-A013
 0h00:03.111 2021/05/12T21:30:52z: AP_STAR tmr
 ets Jan  8 2013,rst cause:1, boot mode:(3,6)

load 0x4010f000, len 1384, room 16 
tail 8
chksum 0x2d
csum 0x2d
v8b899c12
~ld


6.01
 0h00:03.087 2021/05/12T21:50:48z: DS3231
 0h00:03.102 2021/05/12T21:50:48z: BME280 (0x76)
 0h00:03.116 2021/05/12T21:50:48z: 50:2:91:e5:36:6e
 0h00:03.118 2021/05/12T21:50:48z: SSID: ARRIS-A013
 0h00:03.123 2021/05/12T21:50:48z: AP_STAR tmr
 ets Jan  8 2013,rst cause:1, boot mode:(3,6)

load 0x4010f000, len 1384, room 16 
tail 8
chksum 0x2d
csum 0x2d
v8b899c12
~ld


6.01
 0h00:03.060 2021/05/12T22:10:44z: DS3231
 0h00:03.075 2021/05/12T22:10:44z: BME280 (0x76)
 0h00:03.090 2021/05/12T22:10:44z: 50:2:91:e5:36:6e
 0h00:03.091 2021/05/12T22:10:44z: SSID: ARRIS-A013
 0h00:03.096 2021/05/12T22:10:44z: AP_STAR tmr
 ets Jan  8 2013,rst cause:1, boot mode:(3,6)

load 0x4010f000, len 1384, room 16 
tail 8
chksum 0x2d
csum 0x2d
v8b899c12
~ld


6.01
 0h00:03.053 2021/05/12T22:30:40z: DS3231
 0h00:03.069 2021/05/12T22:30:40z: BME280 (0x76)
 0h00:03.083 2021/05/12T22:30:40z: 50:2:91:e5:36:6e
 0h00:03.085 2021/05/12T22:30:40z: SSID: ARRIS-A013
 0h00:03.090 2021/05/12T22:30:40z: AP_STAR tmr
 ets Jan  8 2013,rst cause:1, boot mode:(3,6)

load 0x4010f000, len 1384, room 16 
tail 8
chksum 0x2d
csum 0x2d
v8b899c12
~ld


6.01
 0h00:03.062 2021/05/12T22:50:36z: DS3231
 0h00:03.078 2021/05/12T22:50:36z: BME280 (0x76)
 0h00:03.092 2021/05/12T22:50:36z: 50:2:91:e5:36:6e
 0h00:03.093 2021/05/12T22:50:36z: SSID: ARRIS-A013
 0h00:03.099 2021/05/12T22:50:36z: AP_STAR tmr
 ets Jan  8 2013,rst cause:1, boot mode:(3,6)

load 0x4010f000, len 1384, room 16 
tail 8
chksum 0x2d
csum 0x2d
v8b899c12
~ld


6.01
 0h00:03.054 2021/05/12T23:10:33z: DS3231
 0h00:03.070 2021/05/12T23:10:33z: BME280 (0x76)
 0h00:03.084 2021/05/12T23:10:33z: 50:2:91:e5:36:6e
 0h00:03.085 2021/05/12T23:10:33z: SSID: ARRIS-A013
 0h00:03.091 2021/05/12T23:10:33z: AP_STAR tmr
 ets Jan  8 2013,rst cause:1, boot mode:(3,6)

load 0x4010f000, len 1384, room 16 
tail 8
chksum 0x2d
csum 0x2d
v8b899c12
~ld


6.01
 0h00:03.057 2021/05/12T23:30:29z: DS3231
 0h00:03.072 2021/05/12T23:30:29z: BME280 (0x76)
 0h00:03.086 2021/05/12T23:30:29z: 50:2:91:e5:36:6e
 0h00:03.088 2021/05/12T23:30:29z: SSID: ARRIS-A013
 0h00:03.093 2021/05/12T23:30:29z: AP_STAR tmr
 ets Jan  8 2013,rst cause:1, boot mode:(3,6)

load 0x4010f000, len 1384, room 16 
tail 8
chksum 0x2d
csum 0x2d
v8b899c12
~ld


6.01
 0h00:03.063 2021/05/12T23:50:25z: DS3231
 0h00:03.078 2021/05/12T23:50:25z: BME280 (0x76)
 0h00:03.092 2021/05/12T23:50:25z: 50:2:91:e5:36:6e
 0h00:03.094 2021/05/12T23:50:25z: SSID: ARRIS-A013
 0h00:03.099 2021/05/12T23:50:25z: AP_STA