R tmr
 ets Jan  8 2013,rst cause:1, boot mode:(3,7)

load 0x4010f000, len 1384, room 16 
tail 8
chksum 0x2d
csum 0x2d
v8b899c12
~ld


6.01
 0h00:02.999 2021/06/03T00:03:57z: DS3231
 0h00:03.015 2021/06/03T00:03:57z: BME280 (0x76)
 0h00:03.029 2021/06/03T00:03:57z: 10:52:1c:41:79:b5
 0h00:03.031 2021/06/03T00:03:57z: SSID: ARRIS-5A97
 0h00:03.036 2021/06/03T00:03:57z: AP_STAR tmr
 ets Jan  8 2013,rst cause:1, boot mode:(3,7)

load 0x4010f000, len 1384, room 16 
tail 8
chksum 0x2d
csum 0x2d
v8b899c12
~ld


6.01
 0h00:03.023 2021/06/03T00:23:52z: DS3231
 0h00:03.039 2021/06/03T00:23:52z: BME280 (0x76)
 0h00:03.053 2021/06/03T00:23:52z: 10:52:1c:41:79:b5
 0h00:03.054 2021/06/03T00:23:52z: SSID: ARRIS-5A97
 0h00:03.060 2021/06/03T00:23:52z: AP_STAR tmr
 ets Jan  8 2013,rst cause:1, boot mode:(3,7)

load 0x4010f000, len 1384, room 16 
tail 8
chksum 0x2d
csum 0x2d
v8b899c12
~ld


6.01
 0h00:03.024 2021/06/03T00:43:48z: DS3231
 0h00:03.039 2021/06/03T00:43:48z: BME280 (0x76)
 0h00:03.053 2021/06/03T00:43:48z: 10:52:1c:41:79:b5
 0h00:03.055 2021/06/03T00:43:48z: SSID: ARRIS-5A97
 0h00:03.060 2021/06/03T00:43:48z: AP_STAR tmr
 ets Jan  8 2013,rst cause:1, boot mode:(3,7)

load 0x4010f000, len 1384, room 16 
tail 8
chksum 0x2d
csum 0x2d
v8b899c12
~ld


6.01
 0h00:03.028 2021/06/03T01:03:44z: DS3231
 0h00:03.043 2021/06/03T01:03:44z: BME280 (0x76)
 0h00:03.057 2021/06/03T01:03:44z: 10:52:1c:41:79:b5
 0h00:03.059 2021/06/03T01:03:44z: SSID: ARRIS-5A97
 0h00:03.064 2021/06/03T01:03:44z: AP_STAR tmr
 ets Jan  8 2013,rst cause:1, boot mode:(3,7)

load 0x4010f000, len 1384, room 16 
tail 8
chksum 0x2d
csum 0x2d
v8b899c12
~ld


6.01
 0h00:03.003 2021/06/03T01:23:40z: DS3231
 0h00:03.019 2021/06/03T01:23:40z: BME280 (0x76)
 0h00:03.033 2021/06/03T01:23:40z: 10:52:1c:41:79:b5
 0h00:03.034 2021/06/03T01:23:40z: SSID: ARRIS-5A97
 0h00:03.040 2021/06/03T01:23:40z: AP_STAR tmr
 ets Jan  8 2013,rst cause:1, boot mode:(3,7)

load 0x4010f000, len 1384, room 16 
tail 8
chksum 0x2d
csum 0x2d
v8b899c12
~ld


6.01
 0h00:03.003 2021/06/03T01:43:35z: DS3231
 0h00:03.018 2021/06/03T01:43:35z: BME280 (0x76)
 0h00:03.032 2021/06/03T01:43:35z: 10:52:1c:41:79:b5
 0h00:03.034 2021/06/03T01:43:35z: SSID: ARRIS-5A97
 0h00:03.039 2021/06/03T01:43:35z: AP_STAR tmr
 ets Jan  8 2013,rst cause:1, boot mode:(3,7)

load 0x4010f000, len 1384, room 16 
tail 8
chksum 0x2d
csum 0x2d
v8b899c12
~ld


6.01
 0h00:03.003 2021/06/03T02:03:31z: DS3231
 0h00:03.018 2021/06/03T02:03:31z: BME280 (0x76)
 0h00:03.032 2021/06/03T02:03:31z: 10:52:1c:41:79:b5
 0h00:03.034 2021/06/03T02:03:31z: SSID: ARRIS-5A97
 0h00:03.039 2021/06/03T02:03:31z: AP_STAR tmr
 ets Jan  8 2013,rst cause:1, boot mode:(3,7)

load 0x4010f000, len 1384, room 16 
tail 8
chksum 0x2d
csum 0x2d
v8b899c12
~ld


6.01
 0h00:03.006 2021/06/03T02:23:27z: DS3231
 0h00:03.022 2021/06/03T02:23:27z: BME280 (0x76)
 0h00:03.036 2021/06/03T02:23:27z: 10:52:1c:41:79:b5
 0h00:03.038 2021/06/03T02:23:27z: SSID: ARRIS-5A97
 0h00:03.043 2021/06/03T02:23:27z: AP_STAR tmr
 ets Jan  8 2013,rst cause:1, boot mode:(3,7)

load 0x4010f000, len 1384, room 16 
tail 8
chksum 0x2d
csum 0x2d
v8b899c12
~ld


6.01
 0h00:03.001 2021/06/03T02:43:22z: DS3231
 0h00:03.016 2021/06/03T02:43:22z: BME280 (0x76)
 0h00:03.030 2021/06/03T02:43:22z: 10:52:1c:41:79:b5
 0h00:03.032 2021/06/03T02:43:22z: SSID: ARRIS-5A97
 0h00:03.037 2021/06/03T02:43:22z: AP_STAR tmr
 ets Jan  8 2013,rst cause:1, boot mode:(3,7)

load 0x4010f000, len 1384, room 16 
tail 8
chksum 0x2d
csum 0x2d
v8b899c12
~ld


6.01
 0h00:03.008 2021/06/03T03:03:18z: DS3231
 0h00:03.024 2021/06/03T03:03:18z: BME280 (0x76)
 0h00:03.038 2021/06/03T03:03:18z: 10:52:1c:41:79:b5
 0h00:03.040 2021/06/03T03:03:18z: SSID: ARRIS-5A97
 0h00:03.045 2021/06/03T03:03:18z: AP_STAR tmr
 ets Jan  8 2013,rst cause:1, boot mode:(3,7)

load 0x4010f000, len 1384, room 16 
tail 8
chksum 0x2d
csum 0x2d
v8b899c12
~ld


6.01
 0h00:03.024 2021/06/03T03:23:15z: DS3231
 0h00:03.040 2021/06/03T03:23:15z: BME280 (0x76)
 0h00:03.054 2021/06/03T03:23:15z: 10:52:1c:41:79:b5
 0h00:03.056 2021/06/03T03:23:15z: SSID: ARRIS-5A97
 0h00:03.061 2021/06/03T03:23:15z: AP_STAR tmr
 ets Jan  8 2013,rst cause:1, boot mode:(3,7)

load 0x4010f000, len 1384, room 16 
tail 8
chksum 0x2d
csum 0x2d
v8b899c12
~ld


6.01
 0h00:03.023 2021/06/03T03:43:11z: DS3231
 0h00:03.039 2021/06/03T03:43:11z: BME280 (0x76)
 0h00:03.053 2021/06/03T03:43:11z: 10:52:1c:41:79:b5
 0h00:03.055 2021/06/03T03:43:11z: SSID: ARRIS-5A97
 0h00:03.060 2021/06/03T03:43:11z: AP_STAR tmr
 ets Jan  8 2013,rst cause:1, boot mode:(3,7)

load 0x4010f000, len 1384, room 16 
tail 8
chksum 0x2d
csum 0x2d
v8b899c12
~ld


6.01
 0h00:02.999 2021/06/03T04:03:07z: DS3231
 0h00:03.014 2021/06/03T04:03:07z: BME280 (0x76)
 0h00:03.028 2021/06/03T04:03:07z: 10:52:1c:41:79:b5
 0h00:03.030 2021/06/03T04:03:07z: SSID: ARRIS-5A97
 0h00:03.035 2021/06/03T04:03:07z: AP_STAR tmr
 ets Jan  8 2013,rst cause:1, boot mode:(3,7)

load 0x4010f000, len 1384, room 16 
tail 8
chksum 0x2d
csum 0x2d
v8b899c12
~ld


6.01
 0h00:02.998 2021/06/03T04:23:02z: DS3231
 0h00:03.014 2021/06/03T04:23:02z: BME280 (0x76)
 0h00:03.028 2021/06/03T04:23:03z: 10:52:1c:41:79:b5
 0h00:03.029 2021/06/03T04:23:03z: SSID: ARRIS-5A97
 0h00:03.035 2021/06/03T04:23:03z: AP_STAR tmr
 ets Jan  8 2013,rst cause:1, boot mode:(3,7)

load 0x4010f000, len 1384, room 16 
tail 8
chksum 0x2d
csum 0x2d
v8b899c12
~ld


6.01
 0h00:03.001 2021/06/03T04:42:58z: DS3231
 0h00:03.016 2021/06/03T04:42:58z: BME280 (0x76)
 0h00:03.030 2021/06/03T04:42:58z: 10:52:1c:41:79:b5
 0h00:03.032 2021/06/03T04:42:58z: SSID: ARRIS-5A97
 0h00:03.037 2021/06/03T04:42:58z: AP_STAR tmr
 ets Jan  8 2013,rst cause:1, boot mode:(3,7)

load 0x4010f000, len 1384, room 16 
tail 8
chksum 0x2d
csum 0x2d
v8b899c12
~ld


6.01
 0h00:02.998 2021/06/03T05:02:54z: DS3231
 0h00:03.013 2021/06/03T05:02:55z: BME280 (0x76)
 0h00:03.027 2021/06/03T05:02:55z: 10:52:1c:41:79:b5
 0h00:03.029 2021/06/03T05:02:55z: SSID: ARRIS-5A97
 0h00:03.034 2021/06/03T05:02:55z: AP_STAR tmr
 ets Jan  8 2013,rst cause:1, boot mode:(3,7)

load 0x4010f000, len 1384, room 16 
tail 8
chksum 0x2d
csum 0x2d
v8b899c12
~ld


6.01
 0h00:03.004 2021/06/03T05:22:51z: DS3231
 0h00:03.019 2021/06/03T05:22:51z: BME280 (0x76)
 0h00:03.034 2021/06/03T05:22:51z: 10:52:1c:41:79:b5
 0h00:03.035 2021/06/03T05:22:51z: SSID: ARRIS-5A97
 0h00:03.040 2021/06/03T05:22:51z: AP_STAR tmr
 ets Jan  8 2013,rst cause:1, boot mode:(3,7)

load 0x4010f000, len 1384, room 16 
tail 8
chksum 0x2d
csum 0x2d
v8b899c12
~ld


6.01
 0h00:03.021 2021/06/03T05:42:46z: DS3231
 0h00:03.036 2021/06/03T05:42:46z: BME280 (0x76)
 0h00:03.050 2021/06/03T05:42:46z: 10:52:1c:41:79:b5
 0h00:03.052 2021/06/03T05:42:46z: SSID: ARRIS-5A97
 0h00:03.057 2021/06/03T05:42:46z: AP_STAR tmr
 ets Jan  8 2013,rst cause:1, boot mode:(3,7)

load 0x4010f000, len 1384, room 16 
tail 8
chksum 0x2d
csum 0x2d
v8b899c12
~ld


6.01
 0h00:03.014 2021/06/03T06:02:42z: DS3231
 0h00:03.030 2021/06/03T06:02:42z: BME280 (0x76)
 0h00:03.044 2021/06/03T06:02:42z: 10:52:1c:41:79:b5
 0h00:03.046 2021/06/03T06:02:42z: SSID: ARRIS-5A97
 0h00:03.051 2021/06/03T06:02:42z: AP_STAR tmr
 ets Jan  8 2013,rst cause:1, boot mode:(3,7)

load 0x4010f000, len 1384, room 16 
tail 8
chksum 0x2d
csum 0x2d
v8b899c12
~ld


6.01
 0h00:03.029 2021/06/03T06:22:37z: DS3231
 0h00:03.044 2021/06/03T06:22:37z: BME280 (0x76)
 0h00:03.058 2021/06/03T06:22:37z: 10:52:1c:41:79:b5
 0h00:03.060 2021/06/03T06:22:37z: SSID: ARRIS-5A97
 0h00:03.065 2021/06/03T06:22:37z: AP_STAR tmr
 ets Jan  8 2013,rst cause:1, boot mode:(3,7)

load 0x4010f000, len 1384, room 16 
tail 8
chksum 0x2d
csum 0x2d
v8b899c12
~ld


6.01
 0h00:03.001 2021/06/03T06:42:34z: DS3231
 0h00:03.016 2021/06/03T06:42:34z: BME280 (0x76)
 0h00:03.030 2021/06/03T06:42:34z: 10:52:1c:41:79:b5
 0h00:03.032 2021/06/03T06:42:34z: SSID: ARRIS-5A97
 0h00:03.037 2021/06/03T06:42:34z: AP_STAR tmr
 ets Jan  8 2013,rst cause:1, boot mode:(3,7)

load 0x4010f000, len 1384, room 16 
tail 8
chksum 0x2d
csum 0x2d
v8b899c12
~ld


6.01
 0h00:02.999 2021/06/03T07:02:30z: DS3231
 0h00:03.014 2021/06/03T07:02:30z: BME280 (0x76)
 0h00:03.029 2021/06/03T07:02:30z: 10:52:1c:41:79:b5
 0h00:03.030 2021/06/03T07:02:30z: SSID: ARRIS-5A97
 0h00:03.035 2021/06/03T07:02:30z: AP_STAR tmr
 ets Jan  8 2013,rst cause:1, boot mode:(3,7)

load 0x4010f000, len 1384, room 16 
tail 8
chksum 0x2d
csum 0x2d
v8b899c12
~ld


6.01
 0h00:03.002 2021/06/03T07:22:26z: DS3231
 0h00:03.018 2021/06/03T07:22:26z: BME280 (0x76)
 0h00:03.032 2021/06/03T07:22:26z: 10:52:1c:41:79:b5
 0h00:03.034 2021/06/03T07:22:26z: SSID: ARRIS-5A97
 0h00:03.039 2021/06/03T07:22:26z: AP_STAR tmr
 ets Jan  8 2013,rst cause:1, boot mode:(3,7)

load 0x4010f000, len 1384, room 16 
tail 8
chksum 0x2d
csum 0x2d
v8b899c12
~ld


6.01
 0h00:03.001 2021/06/03T07:42:22z: DS3231
 0h00:03.016 2021/06/03T07:42:22z: BME280 (0x76)
 0h00:03.030 2021/06/03T07:42:22z: 10:52:1c:41:79:b5
 0h00:03.032 2021/06/03T07:42:22z: SSID: ARRIS-5A97
 0h00:03.037 2021/06/03T07:42:22z: AP_STAR tmr
 ets Jan  8 2013,rst cause:1, boot mode:(3,7)

load 0x4010f000, len 1384, room 16 
tail 8
chksum 0x2d
csum 0x2d
v8b899c12
~ld


6.01
 0h00:03.009 2021/06/03T08:02:17z: DS3231
 0h00:03.024 2021/06/03T08:02:17z: BME280 (0x76)
 0h00:03.038 2021/06/03T08:02:17z: 10:52:1c:41:79:b5
 0h00:03.040 2021/06/03T08:02:17z: SSID: ARRIS-5A97
 0h00:03.045 2021/06/03T08:02:17z: AP_STAR tmr
 ets Jan  8 2013,rst cause:1, boot mode:(3,7)

load 0x4010f000, len 1384, room 16 
tail 8
chksum 0x2d
csum 0x2d
v8b899c12
~ld


6.01
 0h00:03.012 2021/06/03T08:22:13z: DS3231
 0h00:03.027 2021/06/03T08:22:13z: BME280 (0x76)
 0h00:03.041 2021/06/03T08:22:13z: 10:52:1c:41:79:b5
 0h00:03.043 2021/06/03T08:22:13z: SSID: ARRIS-5A97
 0h00:03.048 2021/06/03T08:22:13z: AP_STAR tmr
 ets Jan  8 2013,rst cause:1, boot mode:(3,7)

load 0x4010f000, len 1384, room 16 
tail 8
chksum 0x2d
csum 0x2d
v8b899c12
~ld


6.01
 0h00:03.015 2021/06/03T08:42:09z: DS3231
 0h00:03.030 2021/06/03T08:42:09z: BME280 (0x76)
 0h00:03.044 2021/06/03T08:42:09z: 10:52:1c:41:79:b5
 0h00:03.046 2021/06/03T08:42:09z: SSID: ARRIS-5A97
 0h00:03.051 2021/06/03T08:42:09z: AP_STAR tmr
 ets Jan  8 2013,rst cause:1, boot mode:(3,7)

load 0x4010f000, len 1384, room 16 
tail 8
chksum 0x2d
csum 0x2d
v8b899c12
~ld


6.01
 0h00:03.029 2021/06/03T09:02:05z: DS3231
 0h00:03.044 2021/06/03T09:02:05z: BME280 (0x76)
 0h00:03.059 2021/06/03T09:02:05z: 10:52:1c:41:79:b5
 0h00:03.060 2021/06/03T09:02:05z: SSID: ARRIS-5A97
 0h00:03.065 2021/06/03T09:02:05z: AP_STAR tmr
 ets Jan  8 2013,rst cause:1, boot mode:(3,7)

load 0x4010f000, len 1384, room 16 
tail 8
chksum 0x2d
csum 0x2d
v8b899c12
~ld


6.01
 0h00:02.994 2021/06/03T09:22:01z: DS3231
 0h00:03.009 2021/06/03T09:22:01z: BME280 (0x76)
 0h00:03.024 2021/06/03T09:22:01z: 10:52:1c:41:79:b5
 0h00:03.025 2021/06/03T09:22:01z: SSID: ARRIS-5A97
 0h00:03.030 2021/06/03T09:22:01z: AP_STAR tmr
 ets Jan  8 2013,rst cause:1, boot mode:(3,7)

load 0x4010f000, len 1384, room 16 
tail 8
chksum 0x2d
csum 0x2d
v8b899c12
~ld


6.01
 0h00:03.003 2021/06/03T09:41:56z: DS3231
 0h00:03.018 2021/06/03T09:41:56z: BME280 (0x76)
 0h00:03.032 2021/06/03T09:41:56z: 10:52:1c:41:79:b5
 0h00:03.034 2021/06/03T09:41:56z: SSID: ARRIS-5A97
 0h00:03.039 2021/06/03T09:41:56z: AP_STAR tmr
 ets Jan  8 2013,rst cause:1, boot mode:(3,7)

load 0x4010f000, len 1384, room 16 
tail 8
chksum 0x2d
csum 0x2d
v8b899c12
~ld


6.01
 0h00:03.008 2021/06/03T10:01:52z: DS3231
 0h00:03.024 2021/06/03T10:01:52z: BME280 (0x76)
 0h00:03.038 2021/06/03T10:01:52z: 10:52:1c:41:79:b5
 0h00:03.039 2021/06/03T10:01:52z: SSID: ARRIS-5A97
 0h00:03.045 2021/06/03T10:01:52z: AP_STA