R tmr
 ets Jan  8 2013,rst cause:1, boot mode:(3,7)

load 0x4010f000, len 1384, room 16 
tail 8
chksum 0x2d
csum 0x2d
v8b899c12
~ld


6.01
 0h00:03.003 2021/06/02T10:46:37z: DS3231
 0h00:03.018 2021/06/02T10:46:37z: BME280 (0x76)
 0h00:03.032 2021/06/02T10:46:37z: 10:52:1c:41:79:b5
 0h00:03.034 2021/06/02T10:46:37z: SSID: ARRIS-5A97
 0h00:03.039 2021/06/02T10:46:37z: AP_STAR tmr
 ets Jan  8 2013,rst cause:1, boot mode:(3,7)

load 0x4010f000, len 1384, room 16 
tail 8
chksum 0x2d
csum 0x2d
v8b899c12
~ld


6.01
 0h00:03.010 2021/06/02T11:06:35z: DS3231
 0h00:03.026 2021/06/02T11:06:35z: BME280 (0x76)
 0h00:03.040 2021/06/02T11:06:35z: 10:52:1c:41:79:b5
 0h00:03.042 2021/06/02T11:06:35z: SSID: ARRIS-5A97
 0h00:03.047 2021/06/02T11:06:35z: AP_STAR tmr
 ets Jan  8 2013,rst cause:1, boot mode:(3,7)

load 0x4010f000, len 1384, room 16 
tail 8
chksum 0x2d
csum 0x2d
v8b899c12
~ld


6.01
 0h00:03.031 2021/06/02T11:26:31z: DS3231
 0h00:03.046 2021/06/02T11:26:31z: BME280 (0x76)
 0h00:03.061 2021/06/02T11:26:31z: 10:52:1c:41:79:b5
 0h00:03.062 2021/06/02T11:26:31z: SSID: ARRIS-5A97
 0h00:03.067 2021/06/02T11:26:31z: AP_STAR tmr
 ets Jan  8 2013,rst cause:1, boot mode:(3,7)

load 0x4010f000, len 1384, room 16 
tail 8
chksum 0x2d
csum 0x2d
v8b899c12
~ld


6.01
 0h00:03.031 2021/06/02T11:46:27z: DS3231
 0h00:03.046 2021/06/02T11:46:27z: BME280 (0x76)
 0h00:03.060 2021/06/02T11:46:27z: 10:52:1c:41:79:b5
 0h00:03.062 2021/06/02T11:46:27z: SSID: ARRIS-5A97
 0h00:03.067 2021/06/02T11:46:27z: AP_STAR tmr
 ets Jan  8 2013,rst cause:1, boot mode:(3,7)

load 0x4010f000, len 1384, room 16 
tail 8
chksum 0x2d
csum 0x2d
v8b899c12
~ld


6.01
 0h00:03.003 2021/06/02T12:06:22z: DS3231
 0h00:03.019 2021/06/02T12:06:22z: BME280 (0x76)
 0h00:03.033 2021/06/02T12:06:22z: 10:52:1c:41:79:b5
 0h00:03.035 2021/06/02T12:06:22z: SSID: ARRIS-5A97
 0h00:03.040 2021/06/02T12:06:22z: AP_STAR tmr
 ets Jan  8 2013,rst cause:1, boot mode:(3,7)

load 0x4010f000, len 1384, room 16 
tail 8
chksum 0x2d
csum 0x2d
v8b899c12
~ld


6.01
 0h00:02.998 2021/06/02T12:26:18z: DS3231
 0h00:03.014 2021/06/02T12:26:18z: BME280 (0x76)
 0h00:03.028 2021/06/02T12:26:18z: 10:52:1c:41:79:b5
 0h00:03.029 2021/06/02T12:26:18z: SSID: ARRIS-5A97
 0h00:03.035 2021/06/02T12:26:18z: AP_STAR tmr
 ets Jan  8 2013,rst cause:1, boot mode:(3,7)

load 0x4010f000, len 1384, room 16 
tail 8
chksum 0x2d
csum 0x2d
v8b899c12
~ld


6.01
 0h00:03.005 2021/06/02T12:46:15z: DS3231
 0h00:03.020 2021/06/02T12:46:15z: BME280 (0x76)
 0h00:03.034 2021/06/02T12:46:15z: 10:52:1c:41:79:b5
 0h00:03.036 2021/06/02T12:46:15z: SSID: ARRIS-5A97
 0h00:03.041 2021/06/02T12:46:15z: AP_STAR tmr
 ets Jan  8 2013,rst cause:1, boot mode:(3,7)

load 0x4010f000, len 1384, room 16 
tail 8
chksum 0x2d
csum 0x2d
v8b899c12
~ld


6.01
 0h00:03.003 2021/06/02T13:06:10z: DS3231
 0h00:03.018 2021/06/02T13:06:10z: BME280 (0x76)
 0h00:03.033 2021/06/02T13:06:10z: 10:52:1c:41:79:b5
 0h00:03.034 2021/06/02T13:06:10z: SSID: ARRIS-5A97
 0h00:03.039 2021/06/02T13:06:10z: AP_STAR tmr
 ets Jan  8 2013,rst cause:1, boot mode:(3,7)

load 0x4010f000, len 1384, room 16 
tail 8
chksum 0x2d
csum 0x2d
v8b899c12
~ld


6.01
 0h00:03.006 2021/06/02T13:26:06z: DS3231
 0h00:03.021 2021/06/02T13:26:06z: BME280 (0x76)
 0h00:03.035 2021/06/02T13:26:06z: 10:52:1c:41:79:b5
 0h00:03.037 2021/06/02T13:26:06z: SSID: ARRIS-5A97
 0h00:03.042 2021/06/02T13:26:06z: AP_STAR tmr
 ets Jan  8 2013,rst cause:1, boot mode:(3,7)

load 0x4010f000, len 1384, room 16 
tail 8
chksum 0x2d
csum 0x2d
v8b899c12
~ld


6.01
 0h00:03.016 2021/06/02T13:46:02z: DS3231
 0h00:03.032 2021/06/02T13:46:02z: BME280 (0x76)
 0h00:03.046 2021/06/02T13:46:02z: 10:52:1c:41:79:b5
 0h00:03.047 2021/06/02T13:46:02z: SSID: ARRIS-5A97
 0h00:03.053 2021/06/02T13:46:02z: AP_STAR tmr
 ets Jan  8 2013,rst cause:1, boot mode:(3,7)

load 0x4010f000, len 1384, room 16 
tail 8
chksum 0x2d
csum 0x2d
v8b899c12
~ld


6.01
 0h00:03.014 2021/06/02T14:05:58z: DS3231
 0h00:03.029 2021/06/02T14:05:58z: BME280 (0x76)
 0h00:03.043 2021/06/02T14:05:58z: 10:52:1c:41:79:b5
 0h00:03.045 2021/06/02T14:05:58z: SSID: ARRIS-5A97
 0h00:03.050 2021/06/02T14:05:58z: AP_STAR tmr
 ets Jan  8 2013,rst cause:1, boot mode:(3,7)

load 0x4010f000, len 1384, room 16 
tail 8
chksum 0x2d
csum 0x2d
v8b899c12
~ld


6.01
 0h00:03.021 2021/06/02T14:25:54z: DS3231
 0h00:03.037 2021/06/02T14:25:54z: BME280 (0x76)
 0h00:03.051 2021/06/02T14:25:54z: 10:52:1c:41:79:b5
 0h00:03.053 2021/06/02T14:25:54z: SSID: ARRIS-5A97
 0h00:03.058 2021/06/02T14:25:54z: AP_STAR tmr
 ets Jan  8 2013,rst cause:1, boot mode:(3,7)

load 0x4010f000, len 1384, room 16 
tail 8
chksum 0x2d
csum 0x2d
v8b899c12
~ld


6.01
 0h00:03.000 2021/06/02T14:45:50z: DS3231
 0h00:03.016 2021/06/02T14:45:50z: BME280 (0x76)
 0h00:03.030 2021/06/02T14:45:50z: 10:52:1c:41:79:b5
 0h00:03.032 2021/06/02T14:45:50z: SSID: ARRIS-5A97
 0h00:03.037 2021/06/02T14:45:50z: AP_STAR tmr
 ets Jan  8 2013,rst cause:1, boot mode:(3,7)

load 0x4010f000, len 1384, room 16 
tail 8
chksum 0x2d
csum 0x2d
v8b899c12
~ld


6.01
 0h00:02.997 2021/06/02T15:05:46z: DS3231
 0h00:03.013 2021/06/02T15:05:46z: BME280 (0x76)
 0h00:03.027 2021/06/02T15:05:46z: 10:52:1c:41:79:b5
 0h00:03.029 2021/06/02T15:05:46z: SSID: ARRIS-5A97
 0h00:03.034 2021/06/02T15:05:46z: AP_STAR tmr
 ets Jan  8 2013,rst cause:1, boot mode:(3,7)

load 0x4010f000, len 1384, room 16 
tail 8
chksum 0x2d
csum 0x2d
v8b899c12
~ld


6.01
 0h00:02.997 2021/06/02T15:25:42z: DS3231
 0h00:03.012 2021/06/02T15:25:42z: BME280 (0x76)
 0h00:03.026 2021/06/02T15:25:42z: 10:52:1c:41:79:b5
 0h00:03.028 2021/06/02T15:25:42z: SSID: ARRIS-5A97
 0h00:03.033 2021/06/02T15:25:42z: AP_STAR tmr
 ets Jan  8 2013,rst cause:1, boot mode:(3,7)

load 0x4010f000, len 1384, room 16 
tail 8
chksum 0x2d
csum 0x2d
v8b899c12
~ld


6.01
 0h00:03.007 2021/06/02T15:45:37z: DS3231
 0h00:03.022 2021/06/02T15:45:37z: BME280 (0x76)
 0h00:03.036 2021/06/02T15:45:37z: 10:52:1c:41:79:b5
 0h00:03.038 2021/06/02T15:45:37z: SSID: ARRIS-5A97
 0h00:03.043 2021/06/02T15:45:37z: AP_STAR tmr
 ets Jan  8 2013,rst cause:1, boot mode:(3,7)

load 0x4010f000, len 1384, room 16 
tail 8
chksum 0x2d
csum 0x2d
v8b899c12
~ld


6.01
 0h00:02.998 2021/06/02T16:05:33z: DS3231
 0h00:03.013 2021/06/02T16:05:33z: BME280 (0x76)
 0h00:03.027 2021/06/02T16:05:33z: 10:52:1c:41:79:b5
 0h00:03.029 2021/06/02T16:05:33z: SSID: ARRIS-5A97
 0h00:03.034 2021/06/02T16:05:33z: AP_STAR tmr
 ets Jan  8 2013,rst cause:1, boot mode:(3,7)

load 0x4010f000, len 1384, room 16 
tail 8
chksum 0x2d
csum 0x2d
v8b899c12
~ld


6.01
 0h00:03.015 2021/06/02T16:25:30z: DS3231
 0h00:03.031 2021/06/02T16:25:30z: BME280 (0x76)
 0h00:03.045 2021/06/02T16:25:30z: 10:52:1c:41:79:b5
 0h00:03.046 2021/06/02T16:25:30z: SSID: ARRIS-5A97
 0h00:03.052 2021/06/02T16:25:30z: AP_STAR tmr
 ets Jan  8 2013,rst cause:1, boot mode:(3,7)

load 0x4010f000, len 1384, room 16 
tail 8
chksum 0x2d
csum 0x2d
v8b899c12
~ld


6.01
 0h00:03.020 2021/06/02T16:45:27z: DS3231
 0h00:03.035 2021/06/02T16:45:27z: BME280 (0x76)
 0h00:03.049 2021/06/02T16:45:27z: 10:52:1c:41:79:b5
 0h00:03.051 2021/06/02T16:45:27z: SSID: ARRIS-5A97
 0h00:03.056 2021/06/02T16:45:27z: AP_STAR tmr
 ets Jan  8 2013,rst cause:1, boot mode:(3,7)

load 0x4010f000, len 1384, room 16 
tail 8
chksum 0x2d
csum 0x2d
v8b899c12
~ld


6.01
 0h00:03.024 2021/06/02T17:05:23z: DS3231
 0h00:03.039 2021/06/02T17:05:23z: BME280 (0x76)
 0h00:03.053 2021/06/02T17:05:23z: 10:52:1c:41:79:b5
 0h00:03.055 2021/06/02T17:05:23z: SSID: ARRIS-5A97
 0h00:03.060 2021/06/02T17:05:23z: AP_STAR tmr
 ets Jan  8 2013,rst cause:1, boot mode:(3,7)

load 0x4010f000, len 1384, room 16 
tail 8
chksum 0x2d
csum 0x2d
v8b899c12
~ld


6.01
 0h00:02.998 2021/06/02T17:25:18z: DS3231
 0h00:03.014 2021/06/02T17:25:18z: BME280 (0x76)
 0h00:03.028 2021/06/02T17:25:18z: 10:52:1c:41:79:b5
 0h00:03.030 2021/06/02T17:25:18z: SSID: ARRIS-5A97
 0h00:03.035 2021/06/02T17:25:18z: AP_STAR tmr
 ets Jan  8 2013,rst cause:1, boot mode:(3,7)

load 0x4010f000, len 1384, room 16 
tail 8
chksum 0x2d
csum 0x2d
v8b899c12
~ld


6.01
 0h00:03.002 2021/06/02T17:45:14z: DS3231
 0h00:03.018 2021/06/02T17:45:14z: BME280 (0x76)
 0h00:03.032 2021/06/02T17:45:14z: 10:52:1c:41:79:b5
 0h00:03.033 2021/06/02T17:45:14z: SSID: ARRIS-5A97
 0h00:03.039 2021/06/02T17:45:14z: AP_STAR tmr
 ets Jan  8 2013,rst cause:1, boot mode:(3,7)

load 0x4010f000, len 1384, room 16 
tail 8
chksum 0x2d
csum 0x2d
v8b899c12
~ld


6.01
 0h00:03.000 2021/06/02T18:05:10z: DS3231
 0h00:03.015 2021/06/02T18:05:10z: BME280 (0x76)
 0h00:03.029 2021/06/02T18:05:10z: 10:52:1c:41:79:b5
 0h00:03.031 2021/06/02T18:05:10z: SSID: ARRIS-5A97
 0h00:03.036 2021/06/02T18:05:10z: AP_STAR tmr
 ets Jan  8 2013,rst cause:1, boot mode:(3,7)

load 0x4010f000, len 1384, room 16 
tail 8
chksum 0x2d
csum 0x2d
v8b899c12
~ld


6.01
 0h00:03.001 2021/06/02T18:25:06z: DS3231
 0h00:03.016 2021/06/02T18:25:06z: BME280 (0x76)
 0h00:03.030 2021/06/02T18:25:06z: 10:52:1c:41:79:b5
 0h00:03.032 2021/06/02T18:25:06z: SSID: ARRIS-5A97
 0h00:03.037 2021/06/02T18:25:06z: AP_STAR tmr
 ets Jan  8 2013,rst cause:1, boot mode:(3,7)

load 0x4010f000, len 1384, room 16 
tail 8
chksum 0x2d
csum 0x2d
v8b899c12
~ld


6.01
 0h00:03.004 2021/06/02T18:45:02z: DS3231
 0h00:03.020 2021/06/02T18:45:02z: BME280 (0x76)
 0h00:03.034 2021/06/02T18:45:02z: 10:52:1c:41:79:b5
 0h00:03.036 2021/06/02T18:45:02z: SSID: ARRIS-5A97
 0h00:03.041 2021/06/02T18:45:02z: AP_STAR tmr
 ets Jan  8 2013,rst cause:1, boot mode:(3,7)

load 0x4010f000, len 1384, room 16 
tail 8
chksum 0x2d
csum 0x2d
v8b899c12
~ld


6.01
 0h00:03.013 2021/06/02T19:04:58z: DS3231
 0h00:03.028 2021/06/02T19:04:58z: BME280 (0x76)
 0h00:03.042 2021/06/02T19:04:58z: 10:52:1c:41:79:b5
 0h00:03.044 2021/06/02T19:04:58z: SSID: ARRIS-5A97
 0h00:03.049 2021/06/02T19:04:58z: AP_STAR tmr
 ets Jan  8 2013,rst cause:1, boot mode:(3,7)

load 0x4010f000, len 1384, room 16 
tail 8
chksum 0x2d
csum 0x2d
v8b899c12
~ld


6.01
 0h00:03.023 2021/06/02T19:24:54z: DS3231
 0h00:03.039 2021/06/02T19:24:54z: BME280 (0x76)
 0h00:03.053 2021/06/02T19:24:54z: 10:52:1c:41:79:b5
 0h00:03.055 2021/06/02T19:24:54z: SSID: ARRIS-5A97
 0h00:03.060 2021/06/02T19:24:54z: AP_STAR tmr
 ets Jan  8 2013,rst cause:1, boot mode:(3,7)

load 0x4010f000, len 1384, room 16 
tail 8
chksum 0x2d
csum 0x2d
v8b899c12
~ld


6.01
 0h00:03.032 2021/06/02T19:44:50z: DS3231
 0h00:03.047 2021/06/02T19:44:50z: BME280 (0x76)
 0h00:03.062 2021/06/02T19:44:50z: 10:52:1c:41:79:b5
 0h00:03.063 2021/06/02T19:44:50z: SSID: ARRIS-5A97
 0h00:03.068 2021/06/02T19:44:50z: AP_STAR tmr
 ets Jan  8 2013,rst cause:1, boot mode:(3,7)

load 0x4010f000, len 1384, room 16 
tail 8
chksum 0x2d
csum 0x2d
v8b899c12
~ld


6.01
 0h00:03.002 2021/06/02T20:04:46z: DS3231
 0h00:03.018 2021/06/02T20:04:46z: BME280 (0x76)
 0h00:03.032 2021/06/02T20:04:46z: 10:52:1c:41:79:b5
 0h00:03.033 2021/06/02T20:04:46z: SSID: ARRIS-5A97
 0h00:03.039 2021/06/02T20:04:46z: AP_STAR tmr
 ets Jan  8 2013,rst cause:1, boot mode:(3,7)

load 0x4010f000, len 1384, room 16 
tail 8
chksum 0x2d
csum 0x2d
v8b899c12
~ld


6.01
 0h00:02.998 2021/06/02T20:24:42z: DS3231
 0h00:03.014 2021/06/02T20:24:42z: BME280 (0x76)
 0h00:03.028 2021/06/02T20:24:42z: 10:52:1c:41:79:b5
 0h00:03.029 2021/06/02T20:24:42z: SSID: ARRIS-5A97
 0h00:03.035 2021/06/02T20:24:42z: AP_STAR tmr
 ets Jan  8 2013,rst cause:1, boot mode:(3,7)

load 0x4010f000, len 1384, room 16 
tail 8
chksum 0x2d
csum 0x2d
v8b899c12
~ld


6.01
 0h00:03.001 2021/06/02T20:44:38z: DS3231
 0h00:03.016 2021/06/02T20:44:38z: BME280 (0x76)
 0h00:03.030 2021/06/02T20:44:38z: 10:52:1c:41:79:b5
 0h00:03.032 2021/06/02T20:44:38z: SSID: ARRIS-5A97
 0h00:03.037 2021/06/02T20:44:38z: AP_STAR tmr
 ets Jan  8 2013,rst cause:1, boot mode:(3,7)

load 0x4010f000, len 1384, room 16 
tail 8
chksum 0x2d
csum 0x2d
v8b899c12
~ld


6.01
 0h00:03.000 2021/06/02T21:04:34z: DS3231
 0h00:03.015 2021/06/02T21:04:34z: BME280 (0x76)
 0h00:03.029 2021/06/02T21:04:34z: 10:52:1c:41:79:b5
 0h00:03.031 2021/06/02T21:04:34z: SSID: ARRIS-5A97
 0h00:03.036 2021/06/02T21:04:34z: AP_STAR tmr
 ets Jan  8 2013,rst cause:1, boot mode:(3,7)

load 0x4010f000, len 1384, room 16 
tail 8
chksum 0x2d
csum 0x2d
v8b899c12
~ld


6.01
 0h00:02.999 2021/06/02T21:24:30z: DS3231
 0h00:03.014 2021/06/02T21:24:30z: BME280 (0x76)
 0h00:03.028 2021/06/02T21:24:30z: 10:52:1c:41:79:b5
 0h00:03.030 2021/06/02T21:24:30z: SSID: ARRIS-5A97
 0h00:03.035 2021/06/02T21:24:30z: AP_STAR tmr
 ets Jan  8 2013,rst cause:1, boot mode:(3,7)

load 0x4010f000, len 1384, room 16 
tail 8
chksum 0x2d
csum 0x2d
v8b899c12
~ld


6.01
 0h00:03.007 2021/06/02T21:44:25z: DS3231
 0h00:03.022 2021/06/02T21:44:25z: BME280 (0x76)
 0h00:03.037 2021/06/02T21:44:25z: 10:52:1c:41:79:b5
 0h00:03.038 2021/06/02T21:44:25z: SSID: ARRIS-5A97
 0h00:03.043 2021/06/02T21:44:25z: AP_STAR tmr
 ets Jan  8 2013,rst cause:1, boot mode:(3,7)

load 0x4010f000, len 1384, room 16 
tail 8
chksum 0x2d
csum 0x2d
v8b899c12
~ld


6.01
 0h00:03.021 2021/06/02T22:04:21z: DS3231
 0h00:03.037 2021/06/02T22:04:21z: BME280 (0x76)
 0h00:03.051 2021/06/02T22:04:21z: 10:52:1c:41:79:b5
 0h00:03.052 2021/06/02T22:04:21z: SSID: ARRIS-5A97
 0h00:03.058 2021/06/02T22:04:21z: AP_STAR tmr
 ets Jan  8 2013,rst cause:1, boot mode:(3,7)

load 0x4010f000, len 1384, room 16 
tail 8
chksum 0x2d
csum 0x2d
v8b899c12
~ld


6.01
 0h00:03.023 2021/06/02T22:24:17z: DS3231
 0h00:03.039 2021/06/02T22:24:17z: BME280 (0x76)
 0h00:03.053 2021/06/02T22:24:17z: 10:52:1c:41:79:b5
 0h00:03.054 2021/06/02T22:24:17z: SSID: ARRIS-5A97
 0h00:03.060 2021/06/02T22:24:17z: AP_STAR tmr
 ets Jan  8 2013,rst cause:1, boot mode:(3,7)

load 0x4010f000, len 1384, room 16 
tail 8
chksum 0x2d
csum 0x2d
v8b899c12
~ld


6.01
 0h00:03.002 2021/06/02T22:44:13z: DS3231
 0h00:03.018 2021/06/02T22:44:13z: BME280 (0x76)
 0h00:03.032 2021/06/02T22:44:13z: 10:52:1c:41:79:b5
 0h00:03.034 2021/06/02T22:44:13z: SSID: ARRIS-5A97
 0h00:03.039 2021/06/02T22:44:13z: AP_STAR tmr
 ets Jan  8 2013,rst cause:1, boot mode:(3,7)

load 0x4010f000, len 1384, room 16 
tail 8
chksum 0x2d
csum 0x2d
v8b899c12
~ld


6.01
 0h00:03.007 2021/06/02T23:04:09z: DS3231
 0h00:03.022 2021/06/02T23:04:09z: BME280 (0x76)
 0h00:03.036 2021/06/02T23:04:09z: 10:52:1c:41:79:b5
 0h00:03.038 2021/06/02T23:04:09z: SSID: ARRIS-5A97
 0h00:03.043 2021/06/02T23:04:09z: AP_STAR tmr
 ets Jan  8 2013,rst cause:1, boot mode:(3,7)

load 0x4010f000, len 1384, room 16 
tail 8
chksum 0x2d
csum 0x2d
v8b899c12
~ld


6.01
 0h00:03.002 2021/06/02T23:24:04z: DS3231
 0h00:03.017 2021/06/02T23:24:04z: BME280 (0x76)
 0h00:03.031 2021/06/02T23:24:04z: 10:52:1c:41:79:b5
 0h00:03.033 2021/06/02T23:24:04z: SSID: ARRIS-5A97
 0h00:03.038 2021/06/02T23:24:04z: AP_STAR tmr
 ets Jan  8 2013,rst cause:1, boot mode:(3,7)

load 0x4010f000, len 1384, room 16 
tail 8
chksum 0x2d
csum 0x2d
v8b899c12
~ld


6.01
 0h00:02.999 2021/06/02T23:44:01z: DS3231
 0h00:03.015 2021/06/02T23:44:01z: BME280 (0x76)
 0h00:03.029 2021/06/02T23:44:01z: 10:52:1c:41:79:b5
 0h00:03.031 2021/06/02T23:44:01z: SSID: ARRIS-5A97
 0h00:03.036 2021/06/02T23:44:01z: AP_STA