R tmr
 ets Jan  8 2013,rst cause:1, boot mode:(3,7)

load 0x4010f000, len 1384, room 16 
tail 8
chksum 0x2d
csum 0x2d
v8b899c12
~ld


6.01
 0h00:03.001 2021/06/16T00:02:43z: DS3231
 0h00:03.016 2021/06/16T00:02:43z: BME280 (0x76)
 0h00:03.030 2021/06/16T00:02:43z: 10:52:1c:4d:af:f9
 0h00:03.032 2021/06/16T00:02:43z: SSID: Apollonia Students Halls
 0h00:03.037 2021/06/16T00:02:43z: AP_STAR tmr
 ets Jan  8 2013,rst cause:1, boot mode:(3,7)

load 0x4010f000, len 1384, room 16 
tail 8
chksum 0x2d
csum 0x2d
v8b899c12
~ld


6.01
 0h00:02.997 2021/06/16T00:22:39z: DS3231
 0h00:03.013 2021/06/16T00:22:39z: BME280 (0x76)
 0h00:03.027 2021/06/16T00:22:39z: 10:52:1c:4d:af:f9
 0h00:03.029 2021/06/16T00:22:39z: SSID: Apollonia Students Halls
 0h00:03.034 2021/06/16T00:22:39z: AP_STAR tmr
 ets Jan  8 2013,rst cause:1, boot mode:(3,7)

load 0x4010f000, len 1384, room 16 
tail 8
chksum 0x2d
csum 0x2d
v8b899c12
~ld


6.01
 0h00:02.999 2021/06/16T00:42:35z: DS3231
 0h00:03.015 2021/06/16T00:42:35z: BME280 (0x76)
 0h00:03.029 2021/06/16T00:42:35z: 10:52:1c:4d:af:f9
 0h00:03.030 2021/06/16T00:42:35z: SSID: Apollonia Students Halls
 0h00:03.036 2021/06/16T00:42:35z: AP_STAR tmr
 ets Jan  8 2013,rst cause:1, boot mode:(3,7)

load 0x4010f000, len 1384, room 16 
tail 8
chksum 0x2d
csum 0x2d
v8b899c12
~ld


6.01
 0h00:03.004 2021/06/16T01:02:32z: DS3231
 0h00:03.020 2021/06/16T01:02:32z: BME280 (0x76)
 0h00:03.034 2021/06/16T01:02:32z: 10:52:1c:4d:af:f9
 0h00:03.036 2021/06/16T01:02:32z: SSID: Apollonia Students Halls
 0h00:03.041 2021/06/16T01:02:32z: AP_STAR tmr
 ets Jan  8 2013,rst cause:1, boot mode:(3,7)

load 0x4010f000, len 1384, room 16 
tail 8
chksum 0x2d
csum 0x2d
v8b899c12
~ld


6.01
 0h00:03.010 2021/06/16T01:22:28z: DS3231
 0h00:03.025 2021/06/16T01:22:28z: BME280 (0x76)
 0h00:03.039 2021/06/16T01:22:28z: 10:52:1c:4d:af:f9
 0h00:03.041 2021/06/16T01:22:28z: SSID: Apollonia Students Halls
 0h00:03.046 2021/06/16T01:22:28z: AP_STAR tmr
 ets Jan  8 2013,rst cause:1, boot mode:(3,7)

load 0x4010f000, len 1384, room 16 
tail 8
chksum 0x2d
csum 0x2d
v8b899c12
~ld


6.01
 0h00:03.013 2021/06/16T01:42:24z: DS3231
 0h00:03.028 2021/06/16T01:42:24z: BME280 (0x76)
 0h00:03.042 2021/06/16T01:42:24z: 10:52:1c:4d:af:f9
 0h00:03.044 2021/06/16T01:42:24z: SSID: Apollonia Students Halls
 0h00:03.049 2021/06/16T01:42:24z: AP_STAR tmr
 ets Jan  8 2013,rst cause:1, boot mode:(3,7)

load 0x4010f000, len 1384, room 16 
tail 8
chksum 0x2d
csum 0x2d
v8b899c12
~ld


6.01
 0h00:03.032 2021/06/16T02:02:20z: DS3231
 0h00:03.047 2021/06/16T02:02:20z: BME280 (0x76)
 0h00:03.061 2021/06/16T02:02:20z: 10:52:1c:4d:af:f9
 0h00:03.063 2021/06/16T02:02:20z: SSID: Apollonia Students Halls
 0h00:03.068 2021/06/16T02:02:20z: AP_STAR tmr
 ets Jan  8 2013,rst cause:1, boot mode:(3,7)

load 0x4010f000, len 1384, room 16 
tail 8
chksum 0x2d
csum 0x2d
v8b899c12
~ld


6.01
 0h00:03.000 2021/06/16T02:22:16z: DS3231
 0h00:03.015 2021/06/16T02:22:16z: BME280 (0x76)
 0h00:03.029 2021/06/16T02:22:16z: 10:52:1c:4d:af:f9
 0h00:03.031 2021/06/16T02:22:16z: SSID: Apollonia Students Halls
 0h00:03.036 2021/06/16T02:22:16z: AP_STAR tmr
 ets Jan  8 2013,rst cause:1, boot mode:(3,7)

load 0x4010f000, len 1384, room 16 
tail 8
chksum 0x2d
csum 0x2d
v8b899c12
~ld


6.01
 0h00:02.993 2021/06/16T02:42:12z: DS3231
 0h00:03.008 2021/06/16T02:42:12z: BME280 (0x76)
 0h00:03.022 2021/06/16T02:42:12z: 10:52:1c:4d:af:f9
 0h00:03.024 2021/06/16T02:42:12z: SSID: Apollonia Students Halls
 0h00:03.029 2021/06/16T02:42:12z: AP_STAR tmr
 ets Jan  8 2013,rst cause:1, boot mode:(3,7)

load 0x4010f000, len 1384, room 16 
tail 8
chksum 0x2d
csum 0x2d
v8b899c12
~ld


6.01
 0h00:02.999 2021/06/16T03:02:08z: DS3231
 0h00:03.014 2021/06/16T03:02:08z: BME280 (0x76)
 0h00:03.028 2021/06/16T03:02:08z: 10:52:1c:4d:af:f9
 0h00:03.030 2021/06/16T03:02:08z: SSID: Apollonia Students Halls
 0h00:03.035 2021/06/16T03:02:08z: AP_STAR tmr
 ets Jan  8 2013,rst cause:1, boot mode:(3,7)

load 0x4010f000, len 1384, room 16 
tail 8
chksum 0x2d
csum 0x2d
v8b899c12
~ld


6.01
 0h00:02.999 2021/06/16T03:22:04z: DS3231
 0h00:03.014 2021/06/16T03:22:04z: BME280 (0x76)
 0h00:03.029 2021/06/16T03:22:04z: 10:52:1c:4d:af:f9
 0h00:03.030 2021/06/16T03:22:04z: SSID: Apollonia Students Halls
 0h00:03.035 2021/06/16T03:22:04z: AP_STAR tmr
 ets Jan  8 2013,rst cause:1, boot mode:(3,7)

load 0x4010f000, len 1384, room 16 
tail 8
chksum 0x2d
csum 0x2d
v8b899c12
~ld


6.01
 0h00:02.996 2021/06/16T03:42:00z: DS3231
 0h00:03.012 2021/06/16T03:42:00z: BME280 (0x76)
 0h00:03.026 2021/06/16T03:42:00z: 10:52:1c:4d:af:f9
 0h00:03.027 2021/06/16T03:42:00z: SSID: Apollonia Students Halls
 0h00:03.033 2021/06/16T03:42:00z: AP_STAR tmr
 ets Jan  8 2013,rst cause:1, boot mode:(3,7)

load 0x4010f000, len 1384, room 16 
tail 8
chksum 0x2d
csum 0x2d
v8b899c12
~ld


6.01
 0h00:03.008 2021/06/16T04:01:56z: DS3231
 0h00:03.024 2021/06/16T04:01:56z: BME280 (0x76)
 0h00:03.038 2021/06/16T04:01:56z: 10:52:1c:4d:af:f9
 0h00:03.040 2021/06/16T04:01:56z: SSID: Apollonia Students Halls
 0h00:03.045 2021/06/16T04:01:56z: AP_STAR tmr
 ets Jan  8 2013,rst cause:1, boot mode:(3,7)

load 0x4010f000, len 1384, room 16 
tail 8
chksum 0x2d
csum 0x2d
v8b899c12
~ld


6.01
 0h00:03.011 2021/06/16T04:21:52z: DS3231
 0h00:03.026 2021/06/16T04:21:52z: BME280 (0x76)
 0h00:03.041 2021/06/16T04:21:52z: 10:52:1c:4d:af:f9
 0h00:03.042 2021/06/16T04:21:52z: SSID: Apollonia Students Halls
 0h00:03.047 2021/06/16T04:21:52z: AP_STAR tmr
 ets Jan  8 2013,rst cause:1, boot mode:(3,7)

load 0x4010f000, len 1384, room 16 
tail 8
chksum 0x2d
csum 0x2d
v8b899c12
~ld


6.01
 0h00:03.026 2021/06/16T04:41:49z: DS3231
 0h00:03.042 2021/06/16T04:41:49z: BME280 (0x76)
 0h00:03.056 2021/06/16T04:41:49z: 10:52:1c:4d:af:f9
 0h00:03.057 2021/06/16T04:41:49z: SSID: Apollonia Students Halls
 0h00:03.063 2021/06/16T04:41:49z: AP_STAR tmr
 ets Jan  8 2013,rst cause:1, boot mode:(3,7)

load 0x4010f000, len 1384, room 16 
tail 8
chksum 0x2d
csum 0x2d
v8b899c12
~ld


6.01
 0h00:03.002 2021/06/16T05:01:45z: DS3231
 0h00:03.017 2021/06/16T05:01:45z: BME280 (0x76)
 0h00:03.031 2021/06/16T05:01:45z: 10:52:1c:4d:af:f9
 0h00:03.033 2021/06/16T05:01:45z: SSID: Apollonia Students Halls
 0h00:03.038 2021/06/16T05:01:45z: AP_STAR tmr
 ets Jan  8 2013,rst cause:1, boot mode:(3,7)

load 0x4010f000, len 1384, room 16 
tail 8
chksum 0x2d
csum 0x2d
v8b899c12
~ld


6.01
 0h00:03.003 2021/06/16T05:21:42z: DS3231
 0h00:03.019 2021/06/16T05:21:42z: BME280 (0x76)
 0h00:03.033 2021/06/16T05:21:42z: 10:52:1c:4d:af:f9
 0h00:03.035 2021/06/16T05:21:42z: SSID: Apollonia Students Halls
 0h00:03.040 2021/06/16T05:21:42z: AP_STAR tmr
 ets Jan  8 2013,rst cause:1, boot mode:(3,7)

load 0x4010f000, len 1384, room 16 
tail 8
chksum 0x2d
csum 0x2d
v8b899c12
~ld


6.01
 0h00:02.999 2021/06/16T05:41:37z: DS3231
 0h00:03.015 2021/06/16T05:41:37z: BME280 (0x76)
 0h00:03.029 2021/06/16T05:41:37z: 10:52:1c:4d:af:f9
 0h00:03.031 2021/06/16T05:41:37z: SSID: Apollonia Students Halls
 0h00:03.036 2021/06/16T05:41:37z: AP_STAR tmr
 ets Jan  8 2013,rst cause:1, boot mode:(3,7)

load 0x4010f000, len 1384, room 16 
tail 8
chksum 0x2d
csum 0x2d
v8b899c12
~ld


6.01
 0h00:03.004 2021/06/16T06:01:33z: DS3231
 0h00:03.020 2021/06/16T06:01:33z: BME280 (0x76)
 0h00:03.034 2021/06/16T06:01:33z: 10:52:1c:4d:af:f9
 0h00:03.036 2021/06/16T06:01:33z: SSID: Apollonia Students Halls
 0h00:03.041 2021/06/16T06:01:33z: AP_STAR tmr
 ets Jan  8 2013,rst cause:1, boot mode:(3,7)

load 0x4010f000, len 1384, room 16 
tail 8
chksum 0x2d
csum 0x2d
v8b899c12
~ld


6.01
 0h00:03.006 2021/06/16T06:21:29z: DS3231
 0h00:03.021 2021/06/16T06:21:29z: BME280 (0x76)
 0h00:03.035 2021/06/16T06:21:29z: 10:52:1c:4d:af:f9
 0h00:03.037 2021/06/16T06:21:29z: SSID: Apollonia Students Halls
 0h00:03.042 2021/06/16T06:21:29z: AP_STAR tmr
 ets Jan  8 2013,rst cause:1, boot mode:(3,7)

load 0x4010f000, len 1384, room 16 
tail 8
chksum 0x2d
csum 0x2d
v8b899c12
~ld


6.01
 0h00:03.012 2021/06/16T06:41:26z: DS3231
 0h00:03.027 2021/06/16T06:41:26z: BME280 (0x76)
 0h00:03.041 2021/06/16T06:41:26z: 10:52:1c:4d:af:f9
 0h00:03.043 2021/06/16T06:41:26z: SSID: Apollonia Students Halls
 0h00:03.048 2021/06/16T06:41:26z: AP_STAR tmr
 ets Jan  8 2013,rst cause:1, boot mode:(3,7)

load 0x4010f000, len 1384, room 16 
tail 8
chksum 0x2d
csum 0x2d
v8b899c12
~ld


6.01
 0h00:03.019 2021/06/16T07:01:22z: DS3231
 0h00:03.034 2021/06/16T07:01:22z: BME280 (0x76)
 0h00:03.048 2021/06/16T07:01:22z: 10:52:1c:4d:af:f9
 0h00:03.050 2021/06/16T07:01:22z: SSID: Apollonia Students Halls
 0h00:03.055 2021/06/16T07:01:22z: AP_STAR tmr
 ets Jan  8 2013,rst cause:1, boot mode:(3,7)

load 0x4010f000, len 1384, room 16 
tail 8
chksum 0x2d
csum 0x2d
v8b899c12
~ld


6.01
 0h00:03.023 2021/06/16T07:21:18z: DS3231
 0h00:03.038 2021/06/16T07:21:18z: BME280 (0x76)
 0h00:03.053 2021/06/16T07:21:18z: 10:52:1c:4d:af:f9
 0h00:03.054 2021/06/16T07:21:18z: SSID: Apollonia Students Halls
 0h00:03.059 2021/06/16T07:21:18z: AP_STAR tmr
 ets Jan  8 2013,rst cause:1, boot mode:(3,7)

load 0x4010f000, len 1384, room 16 
tail 8
chksum 0x2d
csum 0x2d
v8b899c12
~ld


6.01
 0h00:02.996 2021/06/16T07:41:14z: DS3231
 0h00:03.011 2021/06/16T07:41:14z: BME280 (0x76)
 0h00:03.025 2021/06/16T07:41:14z: 10:52:1c:4d:af:f9
 0h00:03.027 2021/06/16T07:41:14z: SSID: Apollonia Students Halls
 0h00:03.032 2021/06/16T07:41:14z: AP_STAR tmr
 ets Jan  8 2013,rst cause:1, boot mode:(3,7)

load 0x4010f000, len 1384, room 16 
tail 8
chksum 0x2d
csum 0x2d
v8b899c12
~ld


6.01
 0h00:02.999 2021/06/16T08:01:10z: DS3231
 0h00:03.015 2021/06/16T08:01:10z: BME280 (0x76)
 0h00:03.029 2021/06/16T08:01:10z: 10:52:1c:4d:af:f9
 0h00:03.031 2021/06/16T08:01:10z: SSID: Apollonia Students Halls
 0h00:03.036 2021/06/16T08:01:10z: AP_STAR tmr
 ets Jan  8 2013,rst cause:1, boot mode:(3,7)

load 0x4010f000, len 1384, room 16 
tail 8
chksum 0x2d
csum 0x2d
v8b899c12
~ld


6.01
 0h00:03.002 2021/06/16T08:21:06z: DS3231
 0h00:03.017 2021/06/16T08:21:06z: BME280 (0x76)
 0h00:03.031 2021/06/16T08:21:06z: 10:52:1c:4d:af:f9
 0h00:03.033 2021/06/16T08:21:06z: SSID: Apollonia Students Halls
 0h00:03.038 2021/06/16T08:21:06z: AP_STAR tmr
 ets Jan  8 2013,rst cause:1, boot mode:(3,7)

load 0x4010f000, len 1384, room 16 
tail 8
chksum 0x2d
csum 0x2d
v8b899c12
~ld


6.01
 0h00:03.006 2021/06/16T08:52:19z: DS3231
 0h00:03.022 2021/06/16T08:52:19z: BME280 (0x76)
 0h00:03.036 2021/06/16T08:52:19z: 10:52:1c:4d:af:f9
 0h00:03.037 2021/06/16T08:52:19z: SSID: Apollonia Students Halls
 0h00:03.043 2021/06/16T08:52:19z: AP_STAR tmr
 ets Jan  8 2013,rst cause:1, boot mode:(3,7)

load 0x4010f000, len 1384, room 16 
tail 8
chksum 0x2d
csum 0x2d
v8b899c12
~ld


6.01
 0h00:03.011 2021/06/16T09:12:15z: DS3231
 0h00:03.026 2021/06/16T09:12:15z: BME280 (0x76)
 0h00:03.040 2021/06/16T09:12:15z: 10:52:1c:4d:af:f9
 0h00:03.042 2021/06/16T09:12:15z: SSID: Apollonia Students Halls
 0h00:03.047 2021/06/16T09:12:15z: AP_STAR tmr
 ets Jan  8 2013,rst cause:1, boot mode:(3,7)

load 0x4010f000, len 1384, room 16 
tail 8
chksum 0x2d
csum 0x2d
v8b899c12
~ld


6.01
 0h00:03.003 2021/06/16T09:32:11z: DS3231
 0h00:03.019 2021/06/16T09:32:11z: BME280 (0x76)
 0h00:03.033 2021/06/16T09:32:11z: 10:52:1c:4d:af:f9
 0h00:03.034 2021/06/16T09:32:11z: SSID: Apollonia Students Halls
 0h00:03.040 2021/06/16T09:32:11z: AP_STAR tmr
 ets Jan  8 2013,rst cause:1, boot mode:(3,7)

load 0x4010f000, len 1384, room 16 
tail 8
chksum 0x2d
csum 0x2d
v8b899c12
~ld


6.01
 0h00:03.007 2021/06/16T09:52:07z: DS3231
 0h00:03.022 2021/06/16T09:52:07z: BME280 (0x76)
 0h00:03.037 2021/06/16T09:52:07z: 10:52:1c:4d:af:f9
 0h00:03.038 2021/06/16T09:52:07z: SSID: Apollonia Students Halls
 0h00:03.043 2021/06/16T09:52:07z: AP_STAR tmr
 ets Jan  8 2013,rst cause:1, boot mode:(3,7)

load 0x4010f000, len 1384, room 16 
tail 8
chksum 0x2d
csum 0x2d
v8b899c12
~ld


6.01
 0h00:03.016 2021/06/16T10:12:03z: DS3231
 0h00:03.031 2021/06/16T10:12:03z: BME280 (0x76)
 0h00:03.045 2021/06/16T10:12:03z: 10:52:1c:4d:af:f9
 0h00:03.047 2021/06/16T10:12:03z: SSID: Apollonia Students Halls
 0h00:03.052 2021/06/16T10:12:03z: AP_STAR tmr
 ets Jan  8 2013,rst cause:1, boot mode:(3,7)

load 0x4010f000, len 1384, room 16 
tail 8
chksum 0x2d
csum 0x2d
v8b899c12
~ld


6.01
 0h00:03.017 2021/06/16T10:31:59z: DS3231
 0h00:03.032 2021/06/16T10:31:59z: BME280 (0x76)
 0h00:03.046 2021/06/16T10:31:59z: 10:52:1c:4d:af:f9
 0h00:03.048 2021/06/16T10:31:59z: SSID: Apollonia Students Halls
 0h00:03.053 2021/06/16T10:31:59z: AP_STA