R tmr
 ets Jan  8 2013,rst cause:1, boot mode:(3,7)

load 0x4010f000, len 1384, room 16 
tail 8
chksum 0x2d
csum 0x2d
v8b899c12
~ld


6.01
 0h00:03.059 2021/05/26T11:31:11z: DS3231
 0h00:03.075 2021/05/26T11:31:11z: BME280 (0x76)
 0h00:03.089 2021/05/26T11:31:11z: 10:52:1c:4c:86:4
 0h00:03.090 2021/05/26T11:31:11z: SSID: Apollonia Students Halls
 0h00:03.096 2021/05/26T11:31:11z: AP_STAR tmr
 ets Jan  8 2013,rst cause:1, boot mode:(3,7)

load 0x4010f000, len 1384, room 16 
tail 8
chksum 0x2d
csum 0x2d
v8b899c12
~ld


6.01
 0h00:03.071 2021/05/26T11:51:07z: DS3231
 0h00:03.086 2021/05/26T11:51:07z: BME280 (0x76)
 0h00:03.100 2021/05/26T11:51:07z: 10:52:1c:4c:86:4
 0h00:03.102 2021/05/26T11:51:07z: SSID: Apollonia Students Halls
 0h00:03.107 2021/05/26T11:51:07z: AP_STAR tmr
 ets Jan  8 2013,rst cause:1, boot mode:(3,7)

load 0x4010f000, len 1384, room 16 
tail 8
chksum 0x2d
csum 0x2d
v8b899c12
~ld


6.01
 0h00:03.045 2021/05/26T12:11:03z: DS3231
 0h00:03.060 2021/05/26T12:11:03z: BME280 (0x76)
 0h00:03.074 2021/05/26T12:11:03z: 10:52:1c:4c:86:4
 0h00:03.076 2021/05/26T12:11:03z: SSID: Apollonia Students Halls
 0h00:03.081 2021/05/26T12:11:03z: AP_STAR tmr
 ets Jan  8 2013,rst cause:1, boot mode:(3,7)

load 0x4010f000, len 1384, room 16 
tail 8
chksum 0x2d
csum 0x2d
v8b899c12
~ld


6.01
 0h00:03.042 2021/05/26T12:30:58z: DS3231
 0h00:03.057 2021/05/26T12:30:58z: BME280 (0x76)
 0h00:03.071 2021/05/26T12:30:58z: 10:52:1c:4c:86:4
 0h00:03.073 2021/05/26T12:30:58z: SSID: Apollonia Students Halls
 0h00:03.078 2021/05/26T12:30:58z: AP_STAR tmr
 ets Jan  8 2013,rst cause:1, boot mode:(3,7)

load 0x4010f000, len 1384, room 16 
tail 8
chksum 0x2d
csum 0x2d
v8b899c12
~ld


6.01
 0h00:03.041 2021/05/26T12:50:54z: DS3231
 0h00:03.057 2021/05/26T12:50:54z: BME280 (0x76)
 0h00:03.071 2021/05/26T12:50:54z: 10:52:1c:4c:86:4
 0h00:03.073 2021/05/26T12:50:54z: SSID: Apollonia Students Halls
 0h00:03.078 2021/05/26T12:50:54z: AP_STAR tmr
 ets Jan  8 2013,rst cause:1, boot mode:(3,7)

load 0x4010f000, len 1384, room 16 
tail 8
chksum 0x2d
csum 0x2d
v8b899c12
~ld


6.01
 0h00:03.047 2021/05/26T13:10:51z: DS3231
 0h00:03.062 2021/05/26T13:10:51z: BME280 (0x76)
 0h00:03.076 2021/05/26T13:10:51z: 10:52:1c:4c:86:4
 0h00:03.078 2021/05/26T13:10:51z: SSID: Apollonia Students Halls
 0h00:03.083 2021/05/26T13:10:51z: AP_STAR tmr
 ets Jan  8 2013,rst cause:1, boot mode:(3,7)

load 0x4010f000, len 1384, room 16 
tail 8
chksum 0x2d
csum 0x2d
v8b899c12
~ld


6.01
 0h00:03.047 2021/05/26T13:30:48z: DS3231
 0h00:03.063 2021/05/26T13:30:48z: BME280 (0x76)
 0h00:03.077 2021/05/26T13:30:48z: 10:52:1c:4c:86:4
 0h00:03.078 2021/05/26T13:30:48z: SSID: Apollonia Students Halls
 0h00:03.084 2021/05/26T13:30:48z: AP_STAR tmr
 ets Jan  8 2013,rst cause:1, boot mode:(3,7)

load 0x4010f000, len 1384, room 16 
tail 8
chksum 0x2d
csum 0x2d
v8b899c12
~ld


6.01
 0h00:03.054 2021/05/26T13:50:45z: DS3231
 0h00:03.070 2021/05/26T13:50:45z: BME280 (0x76)
 0h00:03.084 2021/05/26T13:50:45z: 10:52:1c:4c:86:4
 0h00:03.086 2021/05/26T13:50:45z: SSID: Apollonia Students Halls
 0h00:03.091 2021/05/26T13:50:45z: AP_STAR tmr
 ets Jan  8 2013,rst cause:1, boot mode:(3,7)

load 0x4010f000, len 1384, room 16 
tail 8
chksum 0x2d
csum 0x2d
v8b899c12
~ld


6.01
 0h00:03.059 2021/05/26T14:10:41z: DS3231
 0h00:03.075 2021/05/26T14:10:41z: BME280 (0x76)
 0h00:03.089 2021/05/26T14:10:41z: 10:52:1c:4c:86:4
 0h00:03.091 2021/05/26T14:10:41z: SSID: Apollonia Students Halls
 0h00:03.096 2021/05/26T14:10:41z: AP_STAR tmr
 ets Jan  8 2013,rst cause:1, boot mode:(3,7)

load 0x4010f000, len 1384, room 16 
tail 8
chksum 0x2d
csum 0x2d
v8b899c12
~ld


6.01
 0h00:03.065 2021/05/26T14:30:37z: DS3231
 0h00:03.080 2021/05/26T14:30:37z: BME280 (0x76)
 0h00:03.094 2021/05/26T14:30:37z: 10:52:1c:4c:86:4
 0h00:03.096 2021/05/26T14:30:37z: SSID: Apollonia Students Halls
 0h00:03.101 2021/05/26T14:30:37z: AP_STAR tmr
 ets Jan  8 2013,rst cause:1, boot mode:(3,7)

load 0x4010f000, len 1384, room 16 
tail 8
chksum 0x2d
csum 0x2d
v8b899c12
~ld


6.01
 0h00:03.036 2021/05/26T14:50:32z: DS3231
 0h00:03.051 2021/05/26T14:50:32z: BME280 (0x76)
 0h00:03.065 2021/05/26T14:50:32z: 10:52:1c:4c:86:4
 0h00:03.067 2021/05/26T14:50:32z: SSID: Apollonia Students Halls
 0h00:03.072 2021/05/26T14:50:32z: AP_STAR tmr
 ets Jan  8 2013,rst cause:1, boot mode:(3,7)

load 0x4010f000, len 1384, room 16 
tail 8
chksum 0x2d
csum 0x2d
v8b899c12
~ld


6.01
 0h00:03.040 2021/05/26T15:10:29z: DS3231
 0h00:03.055 2021/05/26T15:10:29z: BME280 (0x76)
 0h00:03.069 2021/05/26T15:10:29z: 10:52:1c:4c:86:4
 0h00:03.071 2021/05/26T15:10:29z: SSID: Apollonia Students Halls
 0h00:03.076 2021/05/26T15:10:29z: AP_STAR tmr
 ets Jan  8 2013,rst cause:1, boot mode:(3,7)

load 0x4010f000, len 1384, room 16 
tail 8
chksum 0x2d
csum 0x2d
v8b899c12
~ld


6.01
 0h00:03.047 2021/05/26T15:30:25z: DS3231
 0h00:03.062 2021/05/26T15:30:25z: BME280 (0x76)
 0h00:03.076 2021/05/26T15:30:25z: 10:52:1c:4c:86:4
 0h00:03.078 2021/05/26T15:30:25z: SSID: Apollonia Students Halls
 0h00:03.083 2021/05/26T15:30:25z: AP_STAR tmr
 ets Jan  8 2013,rst cause:1, boot mode:(3,7)

load 0x4010f000, len 1384, room 16 
tail 8
chksum 0x2d
csum 0x2d
v8b899c12
~ld


6.01
 0h00:03.045 2021/05/26T15:50:21z: DS3231
 0h00:03.061 2021/05/26T15:50:21z: BME280 (0x76)
 0h00:03.075 2021/05/26T15:50:21z: 10:52:1c:4c:86:4
 0h00:03.077 2021/05/26T15:50:21z: SSID: Apollonia Students Halls
 0h00:03.082 2021/05/26T15:50:21z: AP_STAR tmr
 ets Jan  8 2013,rst cause:1, boot mode:(3,7)

load 0x4010f000, len 1384, room 16 
tail 8
chksum 0x2d
csum 0x2d
v8b899c12
~ld


6.01
 0h00:03.045 2021/05/26T16:10:18z: DS3231
 0h00:03.060 2021/05/26T16:10:18z: BME280 (0x76)
 0h00:03.074 2021/05/26T16:10:18z: 10:52:1c:4c:86:4
 0h00:03.076 2021/05/26T16:10:18z: SSID: Apollonia Students Halls
 0h00:03.081 2021/05/26T16:10:18z: AP_STAR tmr
 ets Jan  8 2013,rst cause:1, boot mode:(3,7)

load 0x4010f000, len 1384, room 16 
tail 8
chksum 0x2d
csum 0x2d
v8b899c12
~ld


6.01
 0h00:03.050 2021/05/26T16:30:14z: DS3231
 0h00:03.065 2021/05/26T16:30:14z: BME280 (0x76)
 0h00:03.079 2021/05/26T16:30:14z: 10:52:1c:4c:86:4
 0h00:03.081 2021/05/26T16:30:14z: SSID: Apollonia Students Halls
 0h00:03.086 2021/05/26T16:30:14z: AP_STAR tmr
 ets Jan  8 2013,rst cause:1, boot mode:(3,7)

load 0x4010f000, len 1384, room 16 
tail 8
chksum 0x2d
csum 0x2d
v8b899c12
~ld


6.01
 0h00:03.053 2021/05/26T16:50:10z: DS3231
 0h00:03.069 2021/05/26T16:50:10z: BME280 (0x76)
 0h00:03.083 2021/05/26T16:50:10z: 10:52:1c:4c:86:4
 0h00:03.085 2021/05/26T16:50:10z: SSID: Apollonia Students Halls
 0h00:03.090 2021/05/26T16:50:10z: AP_STAR tmr
 ets Jan  8 2013,rst cause:1, boot mode:(3,7)

load 0x4010f000, len 1384, room 16 
tail 8
chksum 0x2d
csum 0x2d
v8b899c12
~ld


6.01
 0h00:03.065 2021/05/26T17:10:06z: DS3231
 0h00:03.080 2021/05/26T17:10:06z: BME280 (0x76)
 0h00:03.094 2021/05/26T17:10:06z: 10:52:1c:4c:86:4
 0h00:03.096 2021/05/26T17:10:06z: SSID: Apollonia Students Halls
 0h00:03.101 2021/05/26T17:10:06z: AP_STAR tmr
 ets Jan  8 2013,rst cause:1, boot mode:(3,7)

load 0x4010f000, len 1384, room 16 
tail 8
chksum 0x2d
csum 0x2d
v8b899c12
~ld


6.01
 0h00:03.046 2021/05/26T17:30:02z: DS3231
 0h00:03.062 2021/05/26T17:30:02z: BME280 (0x76)
 0h00:03.076 2021/05/26T17:30:02z: 10:52:1c:4c:86:4
 0h00:03.078 2021/05/26T17:30:02z: SSID: Apollonia Students Halls
 0h00:03.083 2021/05/26T17:30:02z: AP_STAR tmr
 ets Jan  8 2013,rst cause:1, boot mode:(3,7)

load 0x4010f000, len 1384, room 16 
tail 8
chksum 0x2d
csum 0x2d
v8b899c12
~ld


6.01
 0h00:03.041 2021/05/26T17:49:59z: DS3231
 0h00:03.057 2021/05/26T17:49:59z: BME280 (0x76)
 0h00:03.071 2021/05/26T17:49:59z: 10:52:1c:4c:86:4
 0h00:03.073 2021/05/26T17:49:59z: SSID: Apollonia Students Halls
 0h00:03.078 2021/05/26T17:49:59z: AP_STAR tmr
 ets Jan  8 2013,rst cause:1, boot mode:(3,7)

load 0x4010f000, len 1384, room 16 
tail 8
chksum 0x2d
csum 0x2d
v8b899c12
~ld


6.01
 0h00:03.038 2021/05/26T18:09:55z: DS3231
 0h00:03.054 2021/05/26T18:09:55z: BME280 (0x76)
 0h00:03.068 2021/05/26T18:09:55z: 10:52:1c:4c:86:4
 0h00:03.070 2021/05/26T18:09:55z: SSID: Apollonia Students Halls
 0h00:03.075 2021/05/26T18:09:55z: AP_STAR tmr
 ets Jan  8 2013,rst cause:1, boot mode:(3,7)

load 0x4010f000, len 1384, room 16 
tail 8
chksum 0x2d
csum 0x2d
v8b899c12
~ld


6.01
 0h00:03.039 2021/05/26T18:29:52z: DS3231
 0h00:03.055 2021/05/26T18:29:52z: BME280 (0x76)
 0h00:03.069 2021/05/26T18:29:52z: 10:52:1c:4c:86:4
 0h00:03.071 2021/05/26T18:29:52z: SSID: Apollonia Students Halls
 0h00:03.076 2021/05/26T18:29:52z: AP_STAR tmr
 ets Jan  8 2013,rst cause:1, boot mode:(3,7)

load 0x4010f000, len 1384, room 16 
tail 8
chksum 0x2d
csum 0x2d
v8b899c12
~ld


6.01
 0h00:03.047 2021/05/26T18:49:48z: DS3231
 0h00:03.062 2021/05/26T18:49:48z: BME280 (0x76)
 0h00:03.076 2021/05/26T18:49:48z: 10:52:1c:4c:86:4
 0h00:03.078 2021/05/26T18:49:48z: SSID: Apollonia Students Halls
 0h00:03.083 2021/05/26T18:49:48z: AP_STAR tmr
 ets Jan  8 2013,rst cause:1, boot mode:(3,7)

load 0x4010f000, len 1384, room 16 
tail 8
chksum 0x2d
csum 0x2d
v8b899c12
~ld


6.01
 0h00:03.055 2021/05/26T19:09:45z: DS3231
 0h00:03.070 2021/05/26T19:09:45z: BME280 (0x76)
 0h00:03.084 2021/05/26T19:09:45z: 10:52:1c:4c:86:4
 0h00:03.086 2021/05/26T19:09:45z: SSID: Apollonia Students Halls
 0h00:03.091 2021/05/26T19:09:45z: AP_STAR tmr
 ets Jan  8 2013,rst cause:1, boot mode:(3,7)

load 0x4010f000, len 1384, room 16 
tail 8
chksum 0x2d
csum 0x2d
v8b899c12
~ld


6.01
 0h00:03.066 2021/05/26T19:29:41z: DS3231
 0h00:03.081 2021/05/26T19:29:41z: BME280 (0x76)
 0h00:03.095 2021/05/26T19:29:41z: 10:52:1c:4c:86:4
 0h00:03.097 2021/05/26T19:29:41z: SSID: Apollonia Students Halls
 0h00:03.102 2021/05/26T19:29:41z: AP_STAR tmr
 ets Jan  8 2013,rst cause:1, boot mode:(3,7)

load 0x4010f000, len 1384, room 16 
tail 8
chksum 0x2d
csum 0x2d
v8b899c12
~ld


6.01
 0h00:03.069 2021/05/26T19:49:37z: DS3231
 0h00:03.084 2021/05/26T19:49:37z: BME280 (0x76)
 0h00:03.098 2021/05/26T19:49:37z: 10:52:1c:4c:86:4
 0h00:03.100 2021/05/26T19:49:37z: SSID: Apollonia Students Halls
 0h00:03.105 2021/05/26T19:49:37z: AP_STAR tmr
 ets Jan  8 2013,rst cause:1, boot mode:(3,7)

load 0x4010f000, len 1384, room 16 
tail 8
chksum 0x2d
csum 0x2d
v8b899c12
~ld


6.01
 0h00:03.042 2021/05/26T20:09:34z: DS3231
 0h00:03.057 2021/05/26T20:09:34z: BME280 (0x76)
 0h00:03.071 2021/05/26T20:09:34z: 10:52:1c:4c:86:4
 0h00:03.073 2021/05/26T20:09:34z: SSID: Apollonia Students Halls
 0h00:03.078 2021/05/26T20:09:34z: AP_STAR tmr
 ets Jan  8 2013,rst cause:1, boot mode:(3,7)

load 0x4010f000, len 1384, room 16 
tail 8
chksum 0x2d
csum 0x2d
v8b899c12
~ld


6.01
 0h00:03.042 2021/05/26T20:29:31z: DS3231
 0h00:03.058 2021/05/26T20:29:31z: BME280 (0x76)
 0h00:03.072 2021/05/26T20:29:31z: 10:52:1c:4c:86:4
 0h00:03.073 2021/05/26T20:29:31z: SSID: Apollonia Students Halls
 0h00:03.079 2021/05/26T20:29:31z: AP_STAR tmr
 ets Jan  8 2013,rst cause:1, boot mode:(3,7)

load 0x4010f000, len 1384, room 16 
tail 8
chksum 0x2d
csum 0x2d
v8b899c12
~ld


6.01
 0h00:03.043 2021/05/26T20:49:27z: DS3231
 0h00:03.059 2021/05/26T20:49:27z: BME280 (0x76)
 0h00:03.073 2021/05/26T20:49:27z: 10:52:1c:4c:86:4
 0h00:03.074 2021/05/26T20:49:27z: SSID: Apollonia Students Halls
 0h00:03.080 2021/05/26T20:49:27z: AP_STAR tmr
 ets Jan  8 2013,rst cause:1, boot mode:(3,7)

load 0x4010f000, len 1384, room 16 
tail 8
chksum 0x2d
csum 0x2d
v8b899c12
~ld


6.01
 0h00:03.041 2021/05/26T21:09:23z: DS3231
 0h00:03.056 2021/05/26T21:09:23z: BME280 (0x76)
 0h00:03.070 2021/05/26T21:09:23z: 10:52:1c:4c:86:4
 0h00:03.072 2021/05/26T21:09:23z: SSID: Apollonia Students Halls
 0h00:03.077 2021/05/26T21:09:23z: AP_STAR tmr
 ets Jan  8 2013,rst cause:1, boot mode:(3,7)

load 0x4010f000, len 1384, room 16 
tail 8
chksum 0x2d
csum 0x2d
v8b899c12
~ld


6.01
 0h00:03.053 2021/05/26T21:29:20z: DS3231
 0h00:03.068 2021/05/26T21:29:20z: BME280 (0x76)
 0h00:03.082 2021/05/26T21:29:20z: 10:52:1c:4c:86:4
 0h00:03.084 2021/05/26T21:29:20z: SSID: Apollonia Students Halls
 0h00:03.089 2021/05/26T21:29:20z: AP_STAR tmr
 ets Jan  8 2013,rst cause:1, boot mode:(3,7)

load 0x4010f000, len 1384, room 16 
tail 8
chksum 0x2d
csum 0x2d
v8b899c12
~ld


6.01
 0h00:03.055 2021/05/26T21:49:16z: DS3231
 0h00:03.070 2021/05/26T21:49:16z: BME280 (0x76)
 0h00:03.085 2021/05/26T21:49:16z: 10:52:1c:4c:86:4
 0h00:03.086 2021/05/26T21:49:16z: SSID: Apollonia Students Halls
 0h00:03.092 2021/05/26T21:49:16z: AP_STAR tmr
 ets Jan  8 2013,rst cause:1, boot mode:(3,7)

load 0x4010f000, len 1384, room 16 
tail 8
chksum 0x2d
csum 0x2d
v8b899c12
~ld


6.01
 0h00:03.054 2021/05/26T22:09:12z: DS3231
 0h00:03.069 2021/05/26T22:09:12z: BME280 (0x76)
 0h00:03.083 2021/05/26T22:09:12z: 10:52:1c:4c:86:4
 0h00:03.085 2021/05/26T22:09:12z: SSID: Apollonia Students Halls
 0h00:03.090 2021/05/26T22:09:12z: AP_STAR tmr
 ets Jan  8 2013,rst cause:1, boot mode:(3,7)

load 0x4010f000, len 1384, room 16 
tail 8
chksum 0x2d
csum 0x2d
v8b899c12
~ld


6.01
 0h00:03.060 2021/05/26T22:29:08z: DS3231
 0h00:03.075 2021/05/26T22:29:08z: BME280 (0x76)
 0h00:03.090 2021/05/26T22:29:08z: 10:52:1c:4c:86:4
 0h00:03.091 2021/05/26T22:29:08z: SSID: Apollonia Students Halls
 0h00:03.096 2021/05/26T22:29:08z: AP_STAR tmr
 ets Jan  8 2013,rst cause:1, boot mode:(3,7)

load 0x4010f000, len 1384, room 16 
tail 8
chksum 0x2d
csum 0x2d
v8b899c12
~ld


6.01
 0h00:03.044 2021/05/26T22:49:04z: DS3231
 0h00:03.059 2021/05/26T22:49:04z: BME280 (0x76)
 0h00:03.074 2021/05/26T22:49:04z: 10:52:1c:4c:86:4
 0h00:03.075 2021/05/26T22:49:04z: SSID: Apollonia Students Halls
 0h00:03.080 2021/05/26T22:49:04z: AP_STAR tmr
 ets Jan  8 2013,rst cause:1, boot mode:(3,7)

load 0x4010f000, len 1384, room 16 
tail 8
chksum 0x2d
csum 0x2d
v8b899c12
~ld


6.01
 0h00:03.048 2021/05/26T23:09:00z: DS3231
 0h00:03.063 2021/05/26T23:09:00z: BME280 (0x76)
 0h00:03.077 2021/05/26T23:09:00z: 10:52:1c:4c:86:4
 0h00:03.079 2021/05/26T23:09:00z: SSID: Apollonia Students Halls
 0h00:03.084 2021/05/26T23:09:00z: AP_STAR tmr
 ets Jan  8 2013,rst cause:1, boot mode:(3,7)

load 0x4010f000, len 1384, room 16 
tail 8
chksum 0x2d
csum 0x2d
v8b899c12
~ld


6.01
 0h00:03.048 2021/05/26T23:28:56z: DS3231
 0h00:03.063 2021/05/26T23:28:56z: BME280 (0x76)
 0h00:03.077 2021/05/26T23:28:56z: 10:52:1c:4c:86:4
 0h00:03.079 2021/05/26T23:28:56z: SSID: Apollonia Students Halls
 0h00:03.084 2021/05/26T23:28:56z: AP_STAR tmr
 ets Jan  8 2013,rst cause:1, boot mode:(3,7)

load 0x4010f000, len 1384, room 16 
tail 8
chksum 0x2d
csum 0x2d
v8b899c12
~ld


6.01
 0h00:03.041 2021/05/26T23:48:52z: DS3231
 0h00:03.056 2021/05/26T23:48:52z: BME280 (0x76)
 0h00:03.070 2021/05/26T23:48:52z: 10:52:1c:4c:86:4
 0h00:03.072 2021/05/26T23:48:52z: SSID: Apollonia Students Halls
 0h00:03.077 2021/05/26T23:48:52z: AP_STA