R tmr
 ets Jan  8 2013,rst cause:1, boot mode:(3,7)

load 0x4010f000, len 1384, room 16 
tail 8
chksum 0x2d
csum 0x2d
v8b899c12
~ld


6.01
 0h00:03.043 2021/05/27T00:08:48z: DS3231
 0h00:03.058 2021/05/27T00:08:48z: BME280 (0x76)
 0h00:03.072 2021/05/27T00:08:48z: 10:52:1c:4c:86:4
 0h00:03.074 2021/05/27T00:08:48z: SSID: Apollonia Students Halls
 0h00:03.079 2021/05/27T00:08:48z: AP_STAR tmr
 ets Jan  8 2013,rst cause:1, boot mode:(3,7)

load 0x4010f000, len 1384, room 16 
tail 8
chksum 0x2d
csum 0x2d
v8b899c12
~ld


6.01
 0h00:03.051 2021/05/27T00:28:44z: DS3231
 0h00:03.066 2021/05/27T00:28:44z: BME280 (0x76)
 0h00:03.080 2021/05/27T00:28:44z: 10:52:1c:4c:86:4
 0h00:03.082 2021/05/27T00:28:44z: SSID: Apollonia Students Halls
 0h00:03.087 2021/05/27T00:28:44z: AP_STAR tmr
 ets Jan  8 2013,rst cause:1, boot mode:(3,7)

load 0x4010f000, len 1384, room 16 
tail 8
chksum 0x2d
csum 0x2d
v8b899c12
~ld


6.01
 0h00:03.058 2021/05/27T00:48:41z: DS3231
 0h00:03.073 2021/05/27T00:48:41z: BME280 (0x76)
 0h00:03.087 2021/05/27T00:48:41z: 10:52:1c:4c:86:4
 0h00:03.089 2021/05/27T00:48:41z: SSID: Apollonia Students Halls
 0h00:03.094 2021/05/27T00:48:41z: AP_STAR tmr
 ets Jan  8 2013,rst cause:1, boot mode:(3,7)

load 0x4010f000, len 1384, room 16 
tail 8
chksum 0x2d
csum 0x2d
v8b899c12
~ld


6.01
 0h00:03.069 2021/05/27T01:08:37z: DS3231
 0h00:03.084 2021/05/27T01:08:37z: BME280 (0x76)
 0h00:03.098 2021/05/27T01:08:37z: 10:52:1c:4c:86:4
 0h00:03.100 2021/05/27T01:08:37z: SSID: Apollonia Students Halls
 0h00:03.105 2021/05/27T01:08:37z: AP_STAR tmr
 ets Jan  8 2013,rst cause:1, boot mode:(3,7)

load 0x4010f000, len 1384, room 16 
tail 8
chksum 0x2d
csum 0x2d
v8b899c12
~ld


6.01
 0h00:03.039 2021/05/27T01:28:33z: DS3231
 0h00:03.054 2021/05/27T01:28:33z: BME280 (0x76)
 0h00:03.068 2021/05/27T01:28:33z: 10:52:1c:4c:86:4
 0h00:03.070 2021/05/27T01:28:33z: SSID: Apollonia Students Halls
 0h00:03.075 2021/05/27T01:28:33z: AP_STAR tmr
 ets Jan  8 2013,rst cause:1, boot mode:(3,7)

load 0x4010f000, len 1384, room 16 
tail 8
chksum 0x2d
csum 0x2d
v8b899c12
~ld


6.01
 0h00:03.039 2021/05/27T01:48:29z: DS3231
 0h00:03.054 2021/05/27T01:48:29z: BME280 (0x76)
 0h00:03.068 2021/05/27T01:48:29z: 10:52:1c:4c:86:4
 0h00:03.070 2021/05/27T01:48:29z: SSID: Apollonia Students Halls
 0h00:03.075 2021/05/27T01:48:29z: AP_STAR tmr
 ets Jan  8 2013,rst cause:1, boot mode:(3,7)

load 0x4010f000, len 1384, room 16 
tail 8
chksum 0x2d
csum 0x2d
v8b899c12
~ld


6.01
 0h00:03.049 2021/05/27T02:08:25z: DS3231
 0h00:03.064 2021/05/27T02:08:25z: BME280 (0x76)
 0h00:03.078 2021/05/27T02:08:25z: 10:52:1c:4c:86:4
 0h00:03.080 2021/05/27T02:08:25z: SSID: Apollonia Students Halls
 0h00:03.085 2021/05/27T02:08:25z: AP_STAR tmr
 ets Jan  8 2013,rst cause:1, boot mode:(3,7)

load 0x4010f000, len 1384, room 16 
tail 8
chksum 0x2d
csum 0x2d
v8b899c12
~ld


6.01
 0h00:03.040 2021/05/27T02:28:22z: DS3231
 0h00:03.056 2021/05/27T02:28:22z: BME280 (0x76)
 0h00:03.070 2021/05/27T02:28:22z: 10:52:1c:4c:86:4
 0h00:03.072 2021/05/27T02:28:22z: SSID: Apollonia Students Halls
 0h00:03.077 2021/05/27T02:28:22z: AP_STAR tmr
 ets Jan  8 2013,rst cause:1, boot mode:(3,7)

load 0x4010f000, len 1384, room 16 
tail 8
chksum 0x2d
csum 0x2d
v8b899c12
~ld


6.01
 0h00:03.044 2021/05/27T02:48:18z: DS3231
 0h00:03.060 2021/05/27T02:48:18z: BME280 (0x76)
 0h00:03.074 2021/05/27T02:48:18z: 10:52:1c:4c:86:4
 0h00:03.075 2021/05/27T02:48:18z: SSID: Apollonia Students Halls
 0h00:03.081 2021/05/27T02:48:18z: AP_STAR tmr
 ets Jan  8 2013,rst cause:1, boot mode:(3,7)

load 0x4010f000, len 1384, room 16 
tail 8
chksum 0x2d
csum 0x2d
v8b899c12
~ld


6.01
 0h00:03.053 2021/05/27T03:08:15z: DS3231
 0h00:03.068 2021/05/27T03:08:15z: BME280 (0x76)
 0h00:03.083 2021/05/27T03:08:15z: 10:52:1c:4c:86:4
 0h00:03.084 2021/05/27T03:08:15z: SSID: Apollonia Students Halls
 0h00:03.089 2021/05/27T03:08:15z: AP_STAR tmr
 ets Jan  8 2013,rst cause:1, boot mode:(3,7)

load 0x4010f000, len 1384, room 16 
tail 8
chksum 0x2d
csum 0x2d
v8b899c12
~ld


6.01
 0h00:03.060 2021/05/27T03:28:11z: DS3231
 0h00:03.075 2021/05/27T03:28:11z: BME280 (0x76)
 0h00:03.089 2021/05/27T03:28:11z: 10:52:1c:4c:86:4
 0h00:03.091 2021/05/27T03:28:11z: SSID: Apollonia Students Halls
 0h00:03.096 2021/05/27T03:28:11z: AP_STAR tmr
 ets Jan  8 2013,rst cause:1, boot mode:(3,7)

load 0x4010f000, len 1384, room 16 
tail 8
chksum 0x2d
csum 0x2d
v8b899c12
~ld


6.01
 0h00:03.067 2021/05/27T03:48:07z: DS3231
 0h00:03.083 2021/05/27T03:48:07z: BME280 (0x76)
 0h00:03.097 2021/05/27T03:48:08z: 10:52:1c:4c:86:4
 0h00:03.099 2021/05/27T03:48:08z: SSID: Apollonia Students Halls
 0h00:03.104 2021/05/27T03:48:08z: AP_STAR tmr
 ets Jan  8 2013,rst cause:1, boot mode:(3,7)

load 0x4010f000, len 1384, room 16 
tail 8
chksum 0x2d
csum 0x2d
v8b899c12
~ld


6.01
 0h00:03.037 2021/05/27T04:08:04z: DS3231
 0h00:03.052 2021/05/27T04:08:04z: BME280 (0x76)
 0h00:03.066 2021/05/27T04:08:04z: 10:52:1c:4c:86:4
 0h00:03.068 2021/05/27T04:08:04z: SSID: Apollonia Students Halls
 0h00:03.073 2021/05/27T04:08:04z: AP_STAR tmr
 ets Jan  8 2013,rst cause:1, boot mode:(3,7)

load 0x4010f000, len 1384, room 16 
tail 8
chksum 0x2d
csum 0x2d
v8b899c12
~ld


6.01
 0h00:03.041 2021/05/27T04:28:00z: DS3231
 0h00:03.056 2021/05/27T04:28:00z: BME280 (0x76)
 0h00:03.070 2021/05/27T04:28:00z: 10:52:1c:4c:86:4
 0h00:03.072 2021/05/27T04:28:00z: SSID: Apollonia Students Halls
 0h00:03.077 2021/05/27T04:28:00z: AP_STAR tmr
 ets Jan  8 2013,rst cause:1, boot mode:(3,7)

load 0x4010f000, len 1384, room 16 
tail 8
chksum 0x2d
csum 0x2d
v8b899c12
~ld


6.01
 0h00:03.041 2021/05/27T05:06:59z: DS3231
 0h00:03.056 2021/05/27T05:06:59z: BME280 (0x76)
 0h00:03.070 2021/05/27T05:06:59z: 10:52:1c:4c:86:4
 0h00:03.072 2021/05/27T05:06:59z: SSID: Apollonia Students Halls
 0h00:03.077 2021/05/27T05:06:59z: AP_STAR tmr
 ets Jan  8 2013,rst cause:1, boot mode:(3,7)

load 0x4010f000, len 1384, room 16 
tail 8
chksum 0x2d
csum 0x2d
v8b899c12
~ld


6.01
 0h00:03.051 2021/05/27T05:26:55z: DS3231
 0h00:03.066 2021/05/27T05:26:55z: BME280 (0x76)
 0h00:03.081 2021/05/27T05:26:55z: 10:52:1c:4c:86:4
 0h00:03.082 2021/05/27T05:26:55z: SSID: Apollonia Students Halls
 0h00:03.087 2021/05/27T05:26:55z: AP_STAR tmr
 ets Jan  8 2013,rst cause:1, boot mode:(3,7)

load 0x4010f000, len 1384, room 16 
tail 8
chksum 0x2d
csum 0x2d
v8b899c12
~ld


6.01
 0h00:03.046 2021/05/27T05:46:50z: DS3231
 0h00:03.061 2021/05/27T05:46:50z: BME280 (0x76)
 0h00:03.076 2021/05/27T05:46:50z: 10:52:1c:4c:86:4
 0h00:03.077 2021/05/27T05:46:50z: SSID: Apollonia Students Halls
 0h00:03.082 2021/05/27T05:46:50z: AP_STAR tmr
 ets Jan  8 2013,rst cause:1, boot mode:(3,7)

load 0x4010f000, len 1384, room 16 
tail 8
chksum 0x2d
csum 0x2d
v8b899c12
~ld


6.01
 0h00:03.065 2021/05/27T06:06:47z: DS3231
 0h00:03.080 2021/05/27T06:06:47z: BME280 (0x76)
 0h00:03.094 2021/05/27T06:06:47z: 10:52:1c:4c:86:4
 0h00:03.096 2021/05/27T06:06:47z: SSID: Apollonia Students Halls
 0h00:03.101 2021/05/27T06:06:47z: AP_STAR tmr
 ets Jan  8 2013,rst cause:1, boot mode:(3,7)

load 0x4010f000, len 1384, room 16 
tail 8
chksum 0x2d
csum 0x2d
v8b899c12
~ld


6.01
 0h00:03.069 2021/05/27T06:26:42z: DS3231
 0h00:03.084 2021/05/27T06:26:43z: BME280 (0x76)
 0h00:03.098 2021/05/27T06:26:43z: 10:52:1c:4c:86:4
 0h00:03.100 2021/05/27T06:26:43z: SSID: Apollonia Students Halls
 0h00:03.105 2021/05/27T06:26:43z: AP_STAR tmr
 ets Jan  8 2013,rst cause:1, boot mode:(3,7)

load 0x4010f000, len 1384, room 16 
tail 8
chksum 0x2d
csum 0x2d
v8b899c12
~ld


6.01
 0h00:03.073 2021/05/27T06:46:38z: DS3231
 0h00:03.088 2021/05/27T06:46:38z: BME280 (0x76)
 0h00:03.102 2021/05/27T06:46:38z: 10:52:1c:4c:86:4
 0h00:03.104 2021/05/27T06:46:38z: SSID: Apollonia Students Halls
 0h00:03.109 2021/05/27T06:46:38z: AP_STAR tmr
 ets Jan  8 2013,rst cause:1, boot mode:(3,7)

load 0x4010f000, len 1384, room 16 
tail 8
chksum 0x2d
csum 0x2d
v8b899c12
~ld


6.01
 0h00:03.040 2021/05/27T07:06:35z: DS3231
 0h00:03.055 2021/05/27T07:06:35z: BME280 (0x76)
 0h00:03.069 2021/05/27T07:06:35z: 10:52:1c:4c:86:4
 0h00:03.071 2021/05/27T07:06:35z: SSID: Apollonia Students Halls
 0h00:03.076 2021/05/27T07:06:35z: AP_STAR tmr
 ets Jan  8 2013,rst cause:1, boot mode:(3,7)

load 0x4010f000, len 1384, room 16 
tail 8
chksum 0x2d
csum 0x2d
v8b899c12
~ld


6.01
 0h00:03.044 2021/05/27T07:26:31z: DS3231
 0h00:03.059 2021/05/27T07:26:31z: BME280 (0x76)
 0h00:03.073 2021/05/27T07:26:31z: 10:52:1c:4c:86:4
 0h00:03.075 2021/05/27T07:26:31z: SSID: Apollonia Students Halls
 0h00:03.080 2021/05/27T07:26:31z: AP_STAR tmr
 ets Jan  8 2013,rst cause:1, boot mode:(3,7)

load 0x4010f000, len 1384, room 16 
tail 8
chksum 0x2d
csum 0x2d
v8b899c12
~ld


6.01
 0h00:03.043 2021/05/27T07:46:27z: DS3231
 0h00:03.058 2021/05/27T07:46:27z: BME280 (0x76)
 0h00:03.072 2021/05/27T07:46:27z: 10:52:1c:4c:86:4
 0h00:03.074 2021/05/27T07:46:27z: SSID: Apollonia Students Halls
 0h00:03.079 2021/05/27T07:46:27z: AP_STAR tmr
 ets Jan  8 2013,rst cause:1, boot mode:(3,7)

load 0x4010f000, len 1384, room 16 
tail 8
chksum 0x2d
csum 0x2d
v8b899c12
~ld


6.01
 0h00:03.045 2021/05/27T08:06:23z: DS3231
 0h00:03.060 2021/05/27T08:06:23z: BME280 (0x76)
 0h00:03.074 2021/05/27T08:06:23z: 10:52:1c:4c:86:4
 0h00:03.076 2021/05/27T08:06:23z: SSID: Apollonia Students Halls
 0h00:03.081 2021/05/27T08:06:23z: AP_STAR tmr
 ets Jan  8 2013,rst cause:1, boot mode:(3,7)

load 0x4010f000, len 1384, room 16 
tail 8
chksum 0x2d
csum 0x2d
v8b899c12
~ld


6.01
 0h00:03.051 2021/05/27T08:26:19z: DS3231
 0h00:03.067 2021/05/27T08:26:19z: BME280 (0x76)
 0h00:03.081 2021/05/27T08:26:19z: 10:52:1c:4c:86:4
 0h00:03.083 2021/05/27T08:26:19z: SSID: Apollonia Students Halls
 0h00:03.088 2021/05/27T08:26:19z: AP_STAR tmr
 ets Jan  8 2013,rst cause:1, boot mode:(3,7)

load 0x4010f000, len 1384, room 16 
tail 8
chksum 0x2d
csum 0x2d
v8b899c12
~ld


6.01
 0h00:03.058 2021/05/27T08:46:15z: DS3231
 0h00:03.074 2021/05/27T08:46:15z: BME280 (0x76)
 0h00:03.088 2021/05/27T08:46:15z: 10:52:1c:4c:86:4
 0h00:03.090 2021/05/27T08:46:15z: SSID: Apollonia Students Halls
 0h00:03.095 2021/05/27T08:46:15z: AP_STAR tmr
 ets Jan  8 2013,rst cause:1, boot mode:(3,7)

load 0x4010f000, len 1384, room 16 
tail 8
chksum 0x2d
csum 0x2d
v8b899c12
~ld


6.01
 0h00:03.064 2021/05/27T09:06:11z: DS3231
 0h00:03.079 2021/05/27T09:06:11z: BME280 (0x76)
 0h00:03.093 2021/05/27T09:06:11z: 10:52:1c:4c:86:4
 0h00:03.095 2021/05/27T09:06:11z: SSID: Apollonia Students Halls
 0h00:03.100 2021/05/27T09:06:11z: AP_STAR tmr
 ets Jan  8 2013,rst cause:1, boot mode:(3,7)

load 0x4010f000, len 1384, room 16 
tail 8
chksum 0x2d
csum 0x2d
v8b899c12
~ld


6.01
 0h00:03.069 2021/05/27T09:26:07z: DS3231
 0h00:03.084 2021/05/27T09:26:07z: BME280 (0x76)
 0h00:03.098 2021/05/27T09:26:07z: 10:52:1c:4c:86:4
 0h00:03.100 2021/05/27T09:26:07z: SSID: Apollonia Students Halls
 0h00:03.105 2021/05/27T09:26:07z: AP_STAR tmr
 ets Jan  8 2013,rst cause:1, boot mode:(3,7)

load 0x4010f000, len 1384, room 16 
tail 8
chksum 0x2d
csum 0x2d
v8b899c12
~ld


6.01
 0h00:03.045 2021/05/27T09:46:04z: DS3231
 0h00:03.060 2021/05/27T09:46:04z: BME280 (0x76)
 0h00:03.075 2021/05/27T09:46:04z: 10:52:1c:4c:86:4
 0h00:03.076 2021/05/27T09:46:04z: SSID: Apollonia Students Halls
 0h00:03.081 2021/05/27T09:46:04z: AP_STAR tmr
 ets Jan  8 2013,rst cause:1, boot mode:(3,7)

load 0x4010f000, len 1384, room 16 
tail 8
chksum 0x2d
csum 0x2d
v8b899c12
~ld


6.01
 0h00:03.076 2021/05/27T10:06:00z: DS3231
 0h00:03.091 2021/05/27T10:06:00z: BME280 (0x76)
 0h00:03.106 2021/05/27T10:06:00z: 10:52:1c:4c:86:4
 0h00:03.107 2021/05/27T10:06:00z: SSID: Apollonia Students Halls
 0h00:03.112 2021/05/27T10:06:00z: AP_STAR tmr
 ets Jan  8 2013,rst cause:1, boot mode:(3,7)

load 0x4010f000, len 1384, room 16 
tail 8
chksum 0x2d
csum 0x2d
v8b899c12
~ld


6.01
 0h00:03.046 2021/05/27T10:25:56z: DS3231
 0h00:03.061 2021/05/27T10:25:56z: BME280 (0x76)
 0h00:03.076 2021/05/27T10:25:56z: 10:52:1c:4c:86:4
 0h00:03.077 2021/05/27T10:25:56z: SSID: Apollonia Students Halls
 0h00:03.082 2021/05/27T10:25:56z: AP_STA