R tmr
 ets Jan  8 2013,rst cause:1, boot mode:(3,6)

load 0x4010f000, len 1384, room 16 
tail 8
chksum 0x2d
csum 0x2d
v8b899c12
~ld


6.01
 0h00:03.058 2021/05/17T12:13:18z: DS3231
 0h00:03.073 2021/05/17T12:13:18z: BME280 (0x76)
 0h00:03.088 2021/05/17T12:13:18z: 50:2:91:e5:36:6e
 0h00:03.089 2021/05/17T12:13:18z: SSID: ARRIS-A013
 0h00:03.094 2021/05/17T12:13:18z: AP_STAR tmr
 ets Jan  8 2013,rst cause:1, boot mode:(3,6)

load 0x4010f000, len 1384, room 16 
tail 8
chksum 0x2d
csum 0x2d
v8b899c12
~ld


6.01
 0h00:03.066 2021/05/17T12:33:14z: DS3231
 0h00:03.081 2021/05/17T12:33:14z: BME280 (0x76)
 0h00:03.095 2021/05/17T12:33:14z: 50:2:91:e5:36:6e
 0h00:03.097 2021/05/17T12:33:14z: SSID: ARRIS-A013
 0h00:03.102 2021/05/17T12:33:14z: AP_STAR tmr
 ets Jan  8 2013,rst cause:1, boot mode:(3,6)

load 0x4010f000, len 1384, room 16 
tail 8
chksum 0x2d
csum 0x2d
v8b899c12
~ld


6.01
 0h00:03.069 2021/05/17T12:53:11z: DS3231
 0h00:03.084 2021/05/17T12:53:11z: BME280 (0x76)
 0h00:03.099 2021/05/17T12:53:11z: 50:2:91:e5:36:6e
 0h00:03.100 2021/05/17T12:53:11z: SSID: ARRIS-A013
 0h00:03.105 2021/05/17T12:53:11z: AP_STAR tmr
 ets Jan  8 2013,rst cause:1, boot mode:(3,6)

load 0x4010f000, len 1384, room 16 
tail 8
chksum 0x2d
csum 0x2d
v8b899c12
~ld


6.01
 0h00:03.076 2021/05/17T13:13:07z: DS3231
 0h00:03.092 2021/05/17T13:13:07z: BME280 (0x76)
 0h00:03.106 2021/05/17T13:13:07z: 50:2:91:e5:36:6e
 0h00:03.108 2021/05/17T13:13:07z: SSID: ARRIS-A013
 0h00:03.113 2021/05/17T13:13:07z: AP_STAR tmr
 ets Jan  8 2013,rst cause:1, boot mode:(3,6)

load 0x4010f000, len 1384, room 16 
tail 8
chksum 0x2d
csum 0x2d
v8b899c12
~ld


6.01
 0h00:03.090 2021/05/17T13:33:03z: DS3231
 0h00:03.105 2021/05/17T13:33:03z: BME280 (0x76)
 0h00:03.119 2021/05/17T13:33:04z: 50:2:91:e5:36:6e
 0h00:03.121 2021/05/17T13:33:04z: SSID: ARRIS-A013
 0h00:03.126 2021/05/17T13:33:04z: AP_STAR tmr
 ets Jan  8 2013,rst cause:1, boot mode:(3,6)

load 0x4010f000, len 1384, room 16 
tail 8
chksum 0x2d
csum 0x2d
v8b899c12
~ld


6.01
 0h00:03.062 2021/05/17T13:53:00z: DS3231
 0h00:03.077 2021/05/17T13:53:00z: BME280 (0x76)
 0h00:03.091 2021/05/17T13:53:00z: 50:2:91:e5:36:6e
 0h00:03.093 2021/05/17T13:53:00z: SSID: ARRIS-A013
 0h00:03.098 2021/05/17T13:53:00z: AP_STAR tmr
 ets Jan  8 2013,rst cause:1, boot mode:(3,6)

load 0x4010f000, len 1384, room 16 
tail 8
chksum 0x2d
csum 0x2d
v8b899c12
~ld


6.01
 0h00:03.069 2021/05/17T14:12:56z: DS3231
 0h00:03.084 2021/05/17T14:12:56z: BME280 (0x76)
 0h00:03.099 2021/05/17T14:12:56z: 50:2:91:e5:36:6e
 0h00:03.100 2021/05/17T14:12:56z: SSID: ARRIS-A013
 0h00:03.105 2021/05/17T14:12:57z: AP_STAR tmr
 ets Jan  8 2013,rst cause:1, boot mode:(3,6)

load 0x4010f000, len 1384, room 16 
tail 8
chksum 0x2d
csum 0x2d
v8b899c12
~ld


6.01
 0h00:03.062 2021/05/17T14:32:53z: DS3231
 0h00:03.077 2021/05/17T14:32:53z: BME280 (0x76)
 0h00:03.091 2021/05/17T14:32:53z: 50:2:91:e5:36:6e
 0h00:03.093 2021/05/17T14:32:53z: SSID: ARRIS-A013
 0h00:03.098 2021/05/17T14:32:53z: AP_STAR tmr
 ets Jan  8 2013,rst cause:1, boot mode:(3,6)

load 0x4010f000, len 1384, room 16 
tail 8
chksum 0x2d
csum 0x2d
v8b899c12
~ld


6.01
 0h00:03.060 2021/05/17T14:52:49z: DS3231
 0h00:03.075 2021/05/17T14:52:49z: BME280 (0x76)
 0h00:03.089 2021/05/17T14:52:49z: 50:2:91:e5:36:6e
 0h00:03.091 2021/05/17T14:52:49z: SSID: ARRIS-A013
 0h00:03.096 2021/05/17T14:52:49z: AP_STAR tmr
 ets Jan  8 2013,rst cause:1, boot mode:(3,6)

load 0x4010f000, len 1384, room 16 
tail 8
chksum 0x2d
csum 0x2d
v8b899c12
~ld


6.01
 0h00:03.062 2021/05/17T15:12:45z: DS3231
 0h00:03.078 2021/05/17T15:12:45z: BME280 (0x76)
 0h00:03.092 2021/05/17T15:12:45z: 50:2:91:e5:36:6e
 0h00:03.094 2021/05/17T15:12:45z: SSID: ARRIS-A013
 0h00:03.099 2021/05/17T15:12:45z: AP_STAR tmr
 ets Jan  8 2013,rst cause:1, boot mode:(3,6)

load 0x4010f000, len 1384, room 16 
tail 8
chksum 0x2d
csum 0x2d
v8b899c12
~ld


6.01
 0h00:03.070 2021/05/17T15:32:42z: DS3231
 0h00:03.085 2021/05/17T15:32:42z: BME280 (0x76)
 0h00:03.099 2021/05/17T15:32:42z: 50:2:91:e5:36:6e
 0h00:03.101 2021/05/17T15:32:42z: SSID: ARRIS-A013
 0h00:03.106 2021/05/17T15:32:42z: AP_STAR tmr
 ets Jan  8 2013,rst cause:1, boot mode:(3,6)

load 0x4010f000, len 1384, room 16 
tail 8
chksum 0x2d
csum 0x2d
v8b899c12
~ld


6.01
 0h00:03.077 2021/05/17T15:52:38z: DS3231
 0h00:03.092 2021/05/17T15:52:38z: BME280 (0x76)
 0h00:03.106 2021/05/17T15:52:38z: 50:2:91:e5:36:6e
 0h00:03.108 2021/05/17T15:52:38z: SSID: ARRIS-A013
 0h00:03.113 2021/05/17T15:52:38z: AP_STAR tmr
 ets Jan  8 2013,rst cause:1, boot mode:(3,6)

load 0x4010f000, len 1384, room 16 
tail 8
chksum 0x2d
csum 0x2d
v8b899c12
~ld


6.01
 0h00:03.092 2021/05/17T16:12:34z: DS3231
 0h00:03.107 2021/05/17T16:12:34z: BME280 (0x76)
 0h00:03.121 2021/05/17T16:12:34z: 50:2:91:e5:36:6e
 0h00:03.123 2021/05/17T16:12:34z: SSID: ARRIS-A013
 0h00:03.128 2021/05/17T16:12:34z: AP_STAR tmr
 ets Jan  8 2013,rst cause:1, boot mode:(3,6)

load 0x4010f000, len 1384, room 16 
tail 8
chksum 0x2d
csum 0x2d
v8b899c12
~ld


6.01
 0h00:03.061 2021/05/17T16:32:29z: DS3231
 0h00:03.076 2021/05/17T16:32:29z: BME280 (0x76)
 0h00:03.090 2021/05/17T16:32:29z: 50:2:91:e5:36:6e
 0h00:03.092 2021/05/17T16:32:29z: SSID: ARRIS-A013
 0h00:03.097 2021/05/17T16:32:29z: AP_STAR tmr
 ets Jan  8 2013,rst cause:1, boot mode:(3,6)

load 0x4010f000, len 1384, room 16 
tail 8
chksum 0x2d
csum 0x2d
v8b899c12
~ld


6.01
 0h00:03.062 2021/05/17T16:52:25z: DS3231
 0h00:03.077 2021/05/17T16:52:26z: BME280 (0x76)
 0h00:03.091 2021/05/17T16:52:26z: 50:2:91:e5:36:6e
 0h00:03.093 2021/05/17T16:52:26z: SSID: ARRIS-A013
 0h00:03.098 2021/05/17T16:52:26z: AP_STAR tmr
 ets Jan  8 2013,rst cause:1, boot mode:(3,6)

load 0x4010f000, len 1384, room 16 
tail 8
chksum 0x2d
csum 0x2d
v8b899c12
~ld


6.01
 0h00:03.066 2021/05/17T17:12:21z: DS3231
 0h00:03.081 2021/05/17T17:12:22z: BME280 (0x76)
 0h00:03.095 2021/05/17T17:12:22z: 50:2:91:e5:36:6e
 0h00:03.097 2021/05/17T17:12:22z: SSID: ARRIS-A013
 0h00:03.102 2021/05/17T17:12:22z: AP_STAR tmr
 ets Jan  8 2013,rst cause:1, boot mode:(3,6)

load 0x4010f000, len 1384, room 16 
tail 8
chksum 0x2d
csum 0x2d
v8b899c12
~ld


6.01
 0h00:03.059 2021/05/17T17:32:18z: DS3231
 0h00:03.075 2021/05/17T17:32:18z: BME280 (0x76)
 0h00:03.089 2021/05/17T17:32:18z: 50:2:91:e5:36:6e
 0h00:03.090 2021/05/17T17:32:18z: SSID: ARRIS-A013
 0h00:03.096 2021/05/17T17:32:18z: AP_STAR tmr
 ets Jan  8 2013,rst cause:1, boot mode:(3,6)

load 0x4010f000, len 1384, room 16 
tail 8
chksum 0x2d
csum 0x2d
v8b899c12
~ld


6.01
 0h00:03.068 2021/05/17T17:52:14z: DS3231
 0h00:03.083 2021/05/17T17:52:14z: BME280 (0x76)
 0h00:03.098 2021/05/17T17:52:14z: 50:2:91:e5:36:6e
 0h00:03.099 2021/05/17T17:52:14z: SSID: ARRIS-A013
 0h00:03.104 2021/05/17T17:52:14z: AP_STAR tmr
 ets Jan  8 2013,rst cause:1, boot mode:(3,6)

load 0x4010f000, len 1384, room 16 
tail 8
chksum 0x2d
csum 0x2d
v8b899c12
~ld


6.01
 0h00:03.078 2021/05/17T18:12:10z: DS3231
 0h00:03.094 2021/05/17T18:12:10z: BME280 (0x76)
 0h00:03.108 2021/05/17T18:12:11z: 50:2:91:e5:36:6e
 0h00:03.109 2021/05/17T18:12:11z: SSID: ARRIS-A013
 0h00:03.115 2021/05/17T18:12:11z: AP_STAR tmr
 ets Jan  8 2013,rst cause:1, boot mode:(3,6)

load 0x4010f000, len 1384, room 16 
tail 8
chksum 0x2d
csum 0x2d
v8b899c12
~ld


6.01
 0h00:03.085 2021/05/17T18:32:07z: DS3231
 0h00:03.100 2021/05/17T18:32:07z: BME280 (0x76)
 0h00:03.114 2021/05/17T18:32:07z: 50:2:91:e5:36:6e
 0h00:03.116 2021/05/17T18:32:07z: SSID: ARRIS-A013
 0h00:03.121 2021/05/17T18:32:07z: AP_STAR tmr
 ets Jan  8 2013,rst cause:1, boot mode:(3,6)

load 0x4010f000, len 1384, room 16 
tail 8
chksum 0x2d
csum 0x2d
v8b899c12
~ld


6.01
 0h00:03.093 2021/05/17T18:52:03z: DS3231
 0h00:03.108 2021/05/17T18:52:03z: BME280 (0x76)
 0h00:03.122 2021/05/17T18:52:03z: 50:2:91:e5:36:6e
 0h00:03.124 2021/05/17T18:52:03z: SSID: ARRIS-A013
 0h00:03.129 2021/05/17T18:52:03z: AP_STAR tmr
 ets Jan  8 2013,rst cause:1, boot mode:(3,6)

load 0x4010f000, len 1384, room 16 
tail 8
chksum 0x2d
csum 0x2d
v8b899c12
~ld


6.01
 0h00:03.064 2021/05/17T19:11:59z: DS3231
 0h00:03.080 2021/05/17T19:11:59z: BME280 (0x76)
 0h00:03.094 2021/05/17T19:11:59z: 50:2:91:e5:36:6e
 0h00:03.096 2021/05/17T19:11:59z: SSID: ARRIS-A013
 0h00:03.101 2021/05/17T19:11:59z: AP_STAR tmr
 ets Jan  8 2013,rst cause:1, boot mode:(3,6)

load 0x4010f000, len 1384, room 16 
tail 8
chksum 0x2d
csum 0x2d
v8b899c12
~ld


6.01
 0h00:03.068 2021/05/17T19:31:55z: DS3231
 0h00:03.083 2021/05/17T19:31:55z: BME280 (0x76)
 0h00:03.097 2021/05/17T19:31:55z: 50:2:91:e5:36:6e
 0h00:03.099 2021/05/17T19:31:55z: SSID: ARRIS-A013
 0h00:03.104 2021/05/17T19:31:55z: AP_STAR tmr
 ets Jan  8 2013,rst cause:1, boot mode:(3,6)

load 0x4010f000, len 1384, room 16 
tail 8
chksum 0x2d
csum 0x2d
v8b899c12
~ld


6.01
 0h00:03.067 2021/05/17T19:51:50z: DS3231
 0h00:03.083 2021/05/17T19:51:50z: BME280 (0x76)
 0h00:03.097 2021/05/17T19:51:50z: 50:2:91:e5:36:6e
 0h00:03.098 2021/05/17T19:51:50z: SSID: ARRIS-A013
 0h00:03.104 2021/05/17T19:51:50z: AP_STAR tmr
 ets Jan  8 2013,rst cause:1, boot mode:(3,6)

load 0x4010f000, len 1384, room 16 
tail 8
chksum 0x2d
csum 0x2d
v8b899c12
~ld


6.01
 0h00:03.064 2021/05/17T20:11:47z: DS3231
 0h00:03.079 2021/05/17T20:11:47z: BME280 (0x76)
 0h00:03.093 2021/05/17T20:11:47z: 50:2:91:e5:36:6e
 0h00:03.095 2021/05/17T20:11:47z: SSID: ARRIS-A013
 0h00:03.100 2021/05/17T20:11:47z: AP_STAR tmr
 ets Jan  8 2013,rst cause:1, boot mode:(3,6)

load 0x4010f000, len 1384, room 16 
tail 8
chksum 0x2d
csum 0x2d
v8b899c12
~ld


6.01
 0h00:03.066 2021/05/17T20:31:43z: DS3231
 0h00:03.081 2021/05/17T20:31:43z: BME280 (0x76)
 0h00:03.095 2021/05/17T20:31:43z: 50:2:91:e5:36:6e
 0h00:03.097 2021/05/17T20:31:43z: SSID: ARRIS-A013
 0h00:03.102 2021/05/17T20:31:43z: AP_STAR tmr
 ets Jan  8 2013,rst cause:1, boot mode:(3,6)

load 0x4010f000, len 1384, room 16 
tail 8
chksum 0x2d
csum 0x2d
v8b899c12
~ld


6.01
 0h00:03.078 2021/05/17T20:51:40z: DS3231
 0h00:03.094 2021/05/17T20:51:40z: BME280 (0x76)
 0h00:03.108 2021/05/17T20:51:40z: 50:2:91:e5:36:6e
 0h00:03.109 2021/05/17T20:51:40z: SSID: ARRIS-A013
 0h00:03.115 2021/05/17T20:51:40z: AP_STAR tmr
 ets Jan  8 2013,rst cause:1, boot mode:(3,6)

load 0x4010f000, len 1384, room 16 
tail 8
chksum 0x2d
csum 0x2d
v8b899c12
~ld


6.01
 0h00:03.082 2021/05/17T21:11:35z: DS3231
 0h00:03.097 2021/05/17T21:11:35z: BME280 (0x76)
 0h00:03.111 2021/05/17T21:11:35z: 50:2:91:e5:36:6e
 0h00:03.113 2021/05/17T21:11:35z: SSID: ARRIS-A013
 0h00:03.118 2021/05/17T21:11:35z: AP_STAR tmr
 ets Jan  8 2013,rst cause:1, boot mode:(3,6)

load 0x4010f000, len 1384, room 16 
tail 8
chksum 0x2d
csum 0x2d
v8b899c12
~ld


6.01
 0h00:03.090 2021/05/17T21:31:32z: DS3231
 0h00:03.105 2021/05/17T21:31:32z: BME280 (0x76)
 0h00:03.119 2021/05/17T21:31:32z: 50:2:91:e5:36:6e
 0h00:03.121 2021/05/17T21:31:32z: SSID: ARRIS-A013
 0h00:03.126 2021/05/17T21:31:32z: AP_STAR tmr
 ets Jan  8 2013,rst cause:1, boot mode:(3,6)

load 0x4010f000, len 1384, room 16 
tail 8
chksum 0x2d
csum 0x2d
v8b899c12
~ld


6.01
 0h00:03.064 2021/05/17T21:51:28z: DS3231
 0h00:03.080 2021/05/17T21:51:28z: BME280 (0x76)
 0h00:03.094 2021/05/17T21:51:28z: 50:2:91:e5:36:6e
 0h00:03.095 2021/05/17T21:51:28z: SSID: ARRIS-A013
 0h00:03.101 2021/05/17T21:51:28z: AP_STAR tmr
 ets Jan  8 2013,rst cause:1, boot mode:(3,6)

load 0x4010f000, len 1384, room 16 
tail 8
chksum 0x2d
csum 0x2d
v8b899c12
~ld


6.01
 0h00:03.065 2021/05/17T22:11:25z: DS3231
 0h00:03.081 2021/05/17T22:11:25z: BME280 (0x76)
 0h00:03.095 2021/05/17T22:11:25z: 50:2:91:e5:36:6e
 0h00:03.096 2021/05/17T22:11:25z: SSID: ARRIS-A013
 0h00:03.102 2021/05/17T22:11:25z: AP_STAR tmr
 ets Jan  8 2013,rst cause:1, boot mode:(3,6)

load 0x4010f000, len 1384, room 16 
tail 8
chksum 0x2d
csum 0x2d
v8b899c12
~ld


6.01
 0h00:03.067 2021/05/17T22:31:21z: DS3231
 0h00:03.083 2021/05/17T22:31:21z: BME280 (0x76)
 0h00:03.097 2021/05/17T22:31:21z: 50:2:91:e5:36:6e
 0h00:03.098 2021/05/17T22:31:21z: SSID: ARRIS-A013
 0h00:03.104 2021/05/17T22:31:21z: AP_STAR tmr
 ets Jan  8 2013,rst cause:1, boot mode:(3,6)

load 0x4010f000, len 1384, room 16 
tail 8
chksum 0x2d
csum 0x2d
v8b899c12
~ld


6.01
 0h00:03.061 2021/05/17T22:51:18z: DS3231
 0h00:03.077 2021/05/17T22:51:18z: BME280 (0x76)
 0h00:03.091 2021/05/17T22:51:18z: 50:2:91:e5:36:6e
 0h00:03.092 2021/05/17T22:51:18z: SSID: ARRIS-A013
 0h00:03.098 2021/05/17T22:51:18z: AP_STAR tmr
 ets Jan  8 2013,rst cause:1, boot mode:(3,6)

load 0x4010f000, len 1384, room 16 
tail 8
chksum 0x2d
csum 0x2d
v8b899c12
~ld


6.01
 0h00:03.070 2021/05/17T23:11:14z: DS3231
 0h00:03.085 2021/05/17T23:11:14z: BME280 (0x76)
 0h00:03.099 2021/05/17T23:11:14z: 50:2:91:e5:36:6e
 0h00:03.101 2021/05/17T23:11:14z: SSID: ARRIS-A013
 0h00:03.106 2021/05/17T23:11:14z: AP_STAR tmr
 ets Jan  8 2013,rst cause:1, boot mode:(3,6)

load 0x4010f000, len 1384, room 16 
tail 8
chksum 0x2d
csum 0x2d
v8b899c12
~ld


6.01
 0h00:03.086 2021/05/17T23:31:10z: DS3231
 0h00:03.101 2021/05/17T23:31:10z: BME280 (0x76)
 0h00:03.116 2021/05/17T23:31:10z: 50:2:91:e5:36:6e
 0h00:03.117 2021/05/17T23:31:10z: SSID: ARRIS-A013
 0h00:03.122 2021/05/17T23:31:10z: AP_STAR tmr
 ets Jan  8 2013,rst cause:1, boot mode:(3,6)

load 0x4010f000, len 1384, room 16 
tail 8
chksum 0x2d
csum 0x2d
v8b899c12
~ld


6.01
 0h00:03.080 2021/05/17T23:51:06z: DS3231
 0h00:03.096 2021/05/17T23:51:06z: BME280 (0x76)
 0h00:03.110 2021/05/17T23:51:06z: 50:2:91:e5:36:6e
 0h00:03.111 2021/05/17T23:51:06z: SSID: ARRIS-A013
 0h00:03.117 2021/05/17T23:51:06z: AP_STA