R tmr
 ets Jan  8 2013,rst cause:1, boot mode:(3,6)

load 0x4010f000, len 1384, room 16 
tail 8
chksum 0x2d
csum 0x2d
v8b899c12
~ld


6.01
 0h00:03.092 2021/05/18T00:11:02z: DS3231
 0h00:03.107 2021/05/18T00:11:02z: BME280 (0x76)
 0h00:03.121 2021/05/18T00:11:02z: 50:2:91:e5:36:6e
 0h00:03.123 2021/05/18T00:11:02z: SSID: ARRIS-A013
 0h00:03.128 2021/05/18T00:11:02z: AP_STAR tmr
 ets Jan  8 2013,rst cause:1, boot mode:(3,6)

load 0x4010f000, len 1384, room 16 
tail 8
chksum 0x2d
csum 0x2d
v8b899c12
~ld


6.01
 0h00:03.066 2021/05/18T00:30:59z: DS3231
 0h00:03.081 2021/05/18T00:30:59z: BME280 (0x76)
 0h00:03.096 2021/05/18T00:30:59z: 50:2:91:e5:36:6e
 0h00:03.097 2021/05/18T00:30:59z: SSID: ARRIS-A013
 0h00:03.102 2021/05/18T00:30:59z: AP_STAR tmr
 ets Jan  8 2013,rst cause:1, boot mode:(3,6)

load 0x4010f000, len 1384, room 16 
tail 8
chksum 0x2d
csum 0x2d
v8b899c12
~ld


6.01
 0h00:03.060 2021/05/18T00:50:55z: DS3231
 0h00:03.076 2021/05/18T00:50:55z: BME280 (0x76)
 0h00:03.090 2021/05/18T00:50:55z: 50:2:91:e5:36:6e
 0h00:03.091 2021/05/18T00:50:55z: SSID: ARRIS-A013
 0h00:03.097 2021/05/18T00:50:55z: AP_STAR tmr
 ets Jan  8 2013,rst cause:1, boot mode:(3,6)

load 0x4010f000, len 1384, room 16 
tail 8
chksum 0x2d
csum 0x2d
v8b899c12
~ld


6.01
 0h00:03.060 2021/05/18T01:10:51z: DS3231
 0h00:03.075 2021/05/18T01:10:51z: BME280 (0x76)
 0h00:03.089 2021/05/18T01:10:51z: 50:2:91:e5:36:6e
 0h00:03.091 2021/05/18T01:10:51z: SSID: ARRIS-A013
 0h00:03.096 2021/05/18T01:10:51z: AP_STAR tmr
 ets Jan  8 2013,rst cause:1, boot mode:(3,6)

load 0x4010f000, len 1384, room 16 
tail 8
chksum 0x2d
csum 0x2d
v8b899c12
~ld


6.01
 0h00:03.061 2021/05/18T01:30:47z: DS3231
 0h00:03.077 2021/05/18T01:30:47z: BME280 (0x76)
 0h00:03.091 2021/05/18T01:30:47z: 50:2:91:e5:36:6e
 0h00:03.092 2021/05/18T01:30:47z: SSID: ARRIS-A013
 0h00:03.098 2021/05/18T01:30:47z: AP_STAR tmr
 ets Jan  8 2013,rst cause:1, boot mode:(3,6)

load 0x4010f000, len 1384, room 16 
tail 8
chksum 0x2d
csum 0x2d
v8b899c12
~ld


6.01
 0h00:03.069 2021/05/18T01:50:43z: DS3231
 0h00:03.084 2021/05/18T01:50:43z: BME280 (0x76)
 0h00:03.098 2021/05/18T01:50:43z: 50:2:91:e5:36:6e
 0h00:03.100 2021/05/18T01:50:43z: SSID: ARRIS-A013
 0h00:03.105 2021/05/18T01:50:43z: AP_STAR tmr
 ets Jan  8 2013,rst cause:1, boot mode:(3,6)

load 0x4010f000, len 1384, room 16 
tail 8
chksum 0x2d
csum 0x2d
v8b899c12
~ld


6.01
 0h00:03.082 2021/05/18T02:10:39z: DS3231
 0h00:03.098 2021/05/18T02:10:39z: BME280 (0x76)
 0h00:03.112 2021/05/18T02:10:39z: 50:2:91:e5:36:6e
 0h00:03.113 2021/05/18T02:10:39z: SSID: ARRIS-A013
 0h00:03.119 2021/05/18T02:10:39z: AP_STAR tmr
 ets Jan  8 2013,rst cause:1, boot mode:(3,6)

load 0x4010f000, len 1384, room 16 
tail 8
chksum 0x2d
csum 0x2d
v8b899c12
~ld


6.01
 0h00:03.078 2021/05/18T02:30:36z: DS3231
 0h00:03.093 2021/05/18T02:30:36z: BME280 (0x76)
 0h00:03.107 2021/05/18T02:30:36z: 50:2:91:e5:36:6e
 0h00:03.109 2021/05/18T02:30:36z: SSID: ARRIS-A013
 0h00:03.114 2021/05/18T02:30:36z: AP_STAR tmr
 ets Jan  8 2013,rst cause:1, boot mode:(3,6)

load 0x4010f000, len 1384, room 16 
tail 8
chksum 0x2d
csum 0x2d
v8b899c12
~ld


6.01
 0h00:03.091 2021/05/18T02:50:33z: DS3231
 0h00:03.107 2021/05/18T02:50:33z: BME280 (0x76)
 0h00:03.121 2021/05/18T02:50:33z: 50:2:91:e5:36:6e
 0h00:03.123 2021/05/18T02:50:33z: SSID: ARRIS-A013
 0h00:03.128 2021/05/18T02:50:33z: AP_STAR tmr
 ets Jan  8 2013,rst cause:1, boot mode:(3,6)

load 0x4010f000, len 1384, room 16 
tail 8
chksum 0x2d
csum 0x2d
v8b899c12
~ld


6.01
 0h00:03.071 2021/05/18T03:10:29z: DS3231
 0h00:03.087 2021/05/18T03:10:29z: BME280 (0x76)
 0h00:03.101 2021/05/18T03:10:29z: 50:2:91:e5:36:6e
 0h00:03.102 2021/05/18T03:10:29z: SSID: ARRIS-A013
 0h00:03.108 2021/05/18T03:10:29z: AP_STAR tmr
 ets Jan  8 2013,rst cause:1, boot mode:(3,6)

load 0x4010f000, len 1384, room 16 
tail 8
chksum 0x2d
csum 0x2d
v8b899c12
~ld


6.01
 0h00:03.061 2021/05/18T03:30:26z: DS3231
 0h00:03.076 2021/05/18T03:30:26z: BME280 (0x76)
 0h00:03.091 2021/05/18T03:30:26z: 50:2:91:e5:36:6e
 0h00:03.092 2021/05/18T03:30:26z: SSID: ARRIS-A013
 0h00:03.097 2021/05/18T03:30:26z: AP_STAR tmr
 ets Jan  8 2013,rst cause:1, boot mode:(3,6)

load 0x4010f000, len 1384, room 16 
tail 8
chksum 0x2d
csum 0x2d
v8b899c12
~ld


6.01
 0h00:03.068 2021/05/18T03:50:23z: DS3231
 0h00:03.084 2021/05/18T03:50:23z: BME280 (0x76)
 0h00:03.098 2021/05/18T03:50:23z: 50:2:91:e5:36:6e
 0h00:03.100 2021/05/18T03:50:23z: SSID: ARRIS-A013
 0h00:03.105 2021/05/18T03:50:23z: AP_STAR tmr
 ets Jan  8 2013,rst cause:1, boot mode:(3,6)

load 0x4010f000, len 1384, room 16 
tail 8
chksum 0x2d
csum 0x2d
v8b899c12
~ld


6.01
 0h00:03.067 2021/05/18T04:10:20z: DS3231
 0h00:03.083 2021/05/18T04:10:20z: BME280 (0x76)
 0h00:03.097 2021/05/18T04:10:20z: 50:2:91:e5:36:6e
 0h00:03.099 2021/05/18T04:10:20z: SSID: ARRIS-A013
 0h00:03.104 2021/05/18T04:10:20z: AP_STAR tmr
 ets Jan  8 2013,rst cause:1, boot mode:(3,6)

load 0x4010f000, len 1384, room 16 
tail 8
chksum 0x2d
csum 0x2d
v8b899c12
~ld


6.01
 0h00:03.074 2021/05/18T04:30:16z: DS3231
 0h00:03.089 2021/05/18T04:30:16z: BME280 (0x76)
 0h00:03.103 2021/05/18T04:30:16z: 50:2:91:e5:36:6e
 0h00:03.105 2021/05/18T04:30:16z: SSID: ARRIS-A013
 0h00:03.110 2021/05/18T04:30:16z: AP_STAR tmr
 ets Jan  8 2013,rst cause:1, boot mode:(3,6)

load 0x4010f000, len 1384, room 16 
tail 8
chksum 0x2d
csum 0x2d
v8b899c12
~ld


6.01
 0h00:03.084 2021/05/18T04:50:13z: DS3231
 0h00:03.099 2021/05/18T04:50:13z: BME280 (0x76)
 0h00:03.113 2021/05/18T04:50:13z: 50:2:91:e5:36:6e
 0h00:03.115 2021/05/18T04:50:13z: SSID: ARRIS-A013
 0h00:03.120 2021/05/18T04:50:13z: AP_STAR tmr
 ets Jan  8 2013,rst cause:1, boot mode:(3,6)

load 0x4010f000, len 1384, room 16 
tail 8
chksum 0x2d
csum 0x2d
v8b899c12
~ld


6.01
 0h00:03.086 2021/05/18T05:10:09z: DS3231
 0h00:03.101 2021/05/18T05:10:09z: BME280 (0x76)
 0h00:03.115 2021/05/18T05:10:09z: 50:2:91:e5:36:6e
 0h00:03.117 2021/05/18T05:10:09z: SSID: ARRIS-A013
 0h00:03.122 2021/05/18T05:10:09z: AP_STAR tmr
 ets Jan  8 2013,rst cause:1, boot mode:(3,6)

load 0x4010f000, len 1384, room 16 
tail 8
chksum 0x2d
csum 0x2d
v8b899c12
~ld


6.01
 0h00:03.089 2021/05/18T05:30:05z: DS3231
 0h00:03.104 2021/05/18T05:30:05z: BME280 (0x76)
 0h00:03.119 2021/05/18T05:30:05z: 50:2:91:e5:36:6e
 0h00:03.120 2021/05/18T05:30:05z: SSID: ARRIS-A013
 0h00:03.125 2021/05/18T05:30:05z: AP_STAR tmr
 ets Jan  8 2013,rst cause:1, boot mode:(3,6)

load 0x4010f000, len 1384, room 16 
tail 8
chksum 0x2d
csum 0x2d
v8b899c12
~ld


6.01
 0h00:03.063 2021/05/18T05:50:01z: DS3231
 0h00:03.078 2021/05/18T05:50:01z: BME280 (0x76)
 0h00:03.092 2021/05/18T05:50:01z: 50:2:91:e5:36:6e
 0h00:03.094 2021/05/18T05:50:01z: SSID: ARRIS-A013
 0h00:03.099 2021/05/18T05:50:01z: AP_STAR tmr
 ets Jan  8 2013,rst cause:1, boot mode:(3,6)

load 0x4010f000, len 1384, room 16 
tail 8
chksum 0x2d
csum 0x2d
v8b899c12
~ld


6.01
 0h00:03.064 2021/05/18T06:09:58z: DS3231
 0h00:03.079 2021/05/18T06:09:58z: BME280 (0x76)
 0h00:03.094 2021/05/18T06:09:58z: 50:2:91:e5:36:6e
 0h00:03.095 2021/05/18T06:09:58z: SSID: ARRIS-A013
 0h00:03.100 2021/05/18T06:09:58z: AP_STAR tmr
 ets Jan  8 2013,rst cause:1, boot mode:(3,6)

load 0x4010f000, len 1384, room 16 
tail 8
chksum 0x2d
csum 0x2d
v8b899c12
~ld


6.01
 0h00:03.070 2021/05/18T06:29:54z: DS3231
 0h00:03.085 2021/05/18T06:29:54z: BME280 (0x76)
 0h00:03.099 2021/05/18T06:29:54z: 50:2:91:e5:36:6e
 0h00:03.101 2021/05/18T06:29:54z: SSID: ARRIS-A013
 0h00:03.106 2021/05/18T06:29:54z: AP_STAR tmr
 ets Jan  8 2013,rst cause:1, boot mode:(3,6)

load 0x4010f000, len 1384, room 16 
tail 8
chksum 0x2d
csum 0x2d
v8b899c12
~ld


6.01
 0h00:03.076 2021/05/18T06:49:51z: DS3231
 0h00:03.091 2021/05/18T06:49:51z: BME280 (0x76)
 0h00:03.105 2021/05/18T06:49:51z: 50:2:91:e5:36:6e
 0h00:03.107 2021/05/18T06:49:51z: SSID: ARRIS-A013
 0h00:03.112 2021/05/18T06:49:51z: AP_STAR tmr
 ets Jan  8 2013,rst cause:1, boot mode:(3,6)

load 0x4010f000, len 1384, room 16 
tail 8
chksum 0x2d
csum 0x2d
v8b899c12
~ld


6.01
 0h00:03.066 2021/05/18T07:09:47z: DS3231
 0h00:03.081 2021/05/18T07:09:47z: BME280 (0x76)
 0h00:03.095 2021/05/18T07:09:47z: 50:2:91:e5:36:6e
 0h00:03.097 2021/05/18T07:09:47z: SSID: ARRIS-A013
 0h00:03.102 2021/05/18T07:09:47z: AP_STAR tmr
 ets Jan  8 2013,rst cause:1, boot mode:(3,6)

load 0x4010f000, len 1384, room 16 
tail 8
chksum 0x2d
csum 0x2d
v8b899c12
~ld


6.01
 0h00:03.063 2021/05/18T07:29:44z: DS3231
 0h00:03.078 2021/05/18T07:29:44z: BME280 (0x76)
 0h00:03.092 2021/05/18T07:29:44z: 50:2:91:e5:36:6e
 0h00:03.094 2021/05/18T07:29:44z: SSID: ARRIS-A013
 0h00:03.099 2021/05/18T07:29:44z: AP_STAR tmr
 ets Jan  8 2013,rst cause:1, boot mode:(3,6)

load 0x4010f000, len 1384, room 16 
tail 8
chksum 0x2d
csum 0x2d
v8b899c12
~ld


6.01
 0h00:03.069 2021/05/18T07:49:40z: DS3231
 0h00:03.084 2021/05/18T07:49:40z: BME280 (0x76)
 0h00:03.098 2021/05/18T07:49:40z: 50:2:91:e5:36:6e
 0h00:03.100 2021/05/18T07:49:40z: SSID: ARRIS-A013
 0h00:03.105 2021/05/18T07:49:40z: AP_STAR tmr
 ets Jan  8 2013,rst cause:1, boot mode:(3,6)

load 0x4010f000, len 1384, room 16 
tail 8
chksum 0x2d
csum 0x2d
v8b899c12
~ld


6.01
 0h00:03.065 2021/05/18T08:09:36z: DS3231
 0h00:03.080 2021/05/18T08:09:36z: BME280 (0x76)
 0h00:03.095 2021/05/18T08:09:36z: 50:2:91:e5:36:6e
 0h00:03.096 2021/05/18T08:09:36z: SSID: ARRIS-A013
 0h00:03.101 2021/05/18T08:09:36z: AP_STAR tmr
 ets Jan  8 2013,rst cause:1, boot mode:(3,6)

load 0x4010f000, len 1384, room 16 
tail 8
chksum 0x2d
csum 0x2d
v8b899c12
~ld


6.01
 0h00:03.067 2021/05/18T08:29:32z: DS3231
 0h00:03.082 2021/05/18T08:29:32z: BME280 (0x76)
 0h00:03.096 2021/05/18T08:29:32z: 50:2:91:e5:36:6e
 0h00:03.098 2021/05/18T08:29:32z: SSID: ARRIS-A013
 0h00:03.103 2021/05/18T08:29:32z: AP_STAR tmr
 ets Jan  8 2013,rst cause:1, boot mode:(3,6)

load 0x4010f000, len 1384, room 16 
tail 8
chksum 0x2d
csum 0x2d
v8b899c12
~ld


6.01
 0h00:03.078 2021/05/18T08:49:28z: DS3231
 0h00:03.093 2021/05/18T08:49:28z: BME280 (0x76)
 0h00:03.108 2021/05/18T08:49:28z: 50:2:91:e5:36:6e
 0h00:03.109 2021/05/18T08:49:28z: SSID: ARRIS-A013
 0h00:03.114 2021/05/18T08:49:28z: AP_STAR tmr
 ets Jan  8 2013,rst cause:1, boot mode:(3,6)

load 0x4010f000, len 1384, room 16 
tail 8
chksum 0x2d
csum 0x2d
v8b899c12
~ld


6.01
 0h00:03.075 2021/05/18T09:09:25z: DS3231
 0h00:03.090 2021/05/18T09:09:25z: BME280 (0x76)
 0h00:03.104 2021/05/18T09:09:25z: 50:2:91:e5:36:6e
 0h00:03.106 2021/05/18T09:09:25z: SSID: ARRIS-A013
 0h00:03.111 2021/05/18T09:09:25z: AP_STAR tmr
 ets Jan  8 2013,rst cause:1, boot mode:(3,6)

load 0x4010f000, len 1384, room 16 
tail 8
chksum 0x2d
csum 0x2d
v8b899c12
~ld


6.01
 0h00:03.095 2021/05/18T09:29:21z: DS3231
 0h00:03.110 2021/05/18T09:29:21z: BME280 (0x76)
 0h00:03.124 2021/05/18T09:29:21z: 50:2:91:e5:36:6e
 0h00:03.126 2021/05/18T09:29:21z: SSID: ARRIS-A013
 0h00:03.131 2021/05/18T09:29:21z: AP_STAR tmr
 ets Jan  8 2013,rst cause:1, boot mode:(3,6)

load 0x4010f000, len 1384, room 16 
tail 8
chksum 0x2d
csum 0x2d
v8b899c12
~ld


6.01
 0h00:03.064 2021/05/18T09:49:17z: DS3231
 0h00:03.079 2021/05/18T09:49:17z: BME280 (0x76)
 0h00:03.093 2021/05/18T09:49:17z: 50:2:91:e5:36:6e
 0h00:03.095 2021/05/18T09:49:17z: SSID: ARRIS-A013
 0h00:03.100 2021/05/18T09:49:17z: AP_STAR tmr
 ets Jan  8 2013,rst cause:1, boot mode:(3,6)

load 0x4010f000, len 1384, room 16 
tail 8
chksum 0x2d
csum 0x2d
v8b899c12
~ld


6.01
 0h00:03.065 2021/05/18T10:09:14z: DS3231
 0h00:03.080 2021/05/18T10:09:14z: BME280 (0x76)
 0h00:03.094 2021/05/18T10:09:14z: 50:2:91:e5:36:6e
 0h00:03.096 2021/05/18T10:09:14z: SSID: ARRIS-A013
 0h00:03.101 2021/05/18T10:09:14z: AP_STAR tmr
 ets Jan  8 2013,rst cause:1, boot mode:(3,6)

load 0x4010f000, len 1384, room 16 
tail 8
chksum 0x2d
csum 0x2d
v8b899c12
~ld


6.01
 0h00:03.055 2021/05/18T10:29:10z: DS3231
 0h00:03.070 2021/05/18T10:29:10z: BME280 (0x76)
 0h00:03.084 2021/05/18T10:29:10z: 50:2:91:e5:36:6e
 0h00:03.086 2021/05/18T10:29:10z: SSID: ARRIS-A013
 0h00:03.091 2021/05/18T10:29:10z: AP_STAR tmr
 ets Jan  8 2013,rst cause:1, boot mode:(3,6)

load 0x4010f000, len 1384, room 16 
tail 8
chksum 0x2d
csum 0x2d
v8b899c12
~ld


6.01
 0h00:03.064 2021/05/18T10:49:05z: DS3231
 0h00:03.080 2021/05/18T10:49:06z: BME280 (0x76)
 0h00:03.094 2021/05/18T10:49:06z: 50:2:91:e5:36:6e
 0h00:03.095 2021/05/18T10:49:06z: SSID: ARRIS-A013
 0h00:03.101 2021/05/18T10:49:06z: AP_STAR tmr
 ets Jan  8 2013,rst cause:1, boot mode:(3,6)

load 0x4010f000, len 1384, room 16 
tail 8
chksum 0x2d
csum 0x2d
v8b899c12
~ld


6.01
 0h00:03.068 2021/05/18T11:09:02z: DS3231
 0h00:03.084 2021/05/18T11:09:02z: BME280 (0x76)
 0h00:03.098 2021/05/18T11:09:02z: 50:2:91:e5:36:6e
 0h00:03.100 2021/05/18T11:09:02z: SSID: ARRIS-A013
 0h00:03.105 2021/05/18T11:09:02z: AP_STAR tmr
 ets Jan  8 2013,rst cause:1, boot mode:(3,6)

load 0x4010f000, len 1384, room 16 
tail 8
chksum 0x2d
csum 0x2d
v8b899c12
~ld


6.01
 0h00:03.068 2021/05/18T11:28:58z: DS3231
 0h00:03.083 2021/05/18T11:28:58z: BME280 (0x76)
 0h00:03.097 2021/05/18T11:28:58z: 50:2:91:e5:36:6e
 0h00:03.099 2021/05/18T11:28:58z: SSID: ARRIS-A013
 0h00:03.104 2021/05/18T11:28:58z: AP_STAR tmr
 ets Jan  8 2013,rst cause:1, boot mode:(3,6)

load 0x4010f000, len 1384, room 16 
tail 8
chksum 0x2d
csum 0x2d
v8b899c12
~ld


6.01
 0h00:03.074 2021/05/18T11:48:54z: DS3231
 0h00:03.090 2021/05/18T11:48:54z: BME280 (0x76)
 0h00:03.104 2021/05/18T11:48:54z: 50:2:91:e5:36:6e
 0h00:03.106 2021/05/18T11:48:54z: SSID: ARRIS-A013
 0h00:03.111 2021/05/18T11:48:54z: AP_STAR tmr
 ets Jan  8 2013,rst cause:1, boot mode:(3,6)

load 0x4010f000, len 1384, room 16 
tail 8
chksum 0x2d
csum 0x2d
v8b899c12
~ld


6.01
 0h00:03.094 2021/05/18T12:08:51z: DS3231
 0h00:03.109 2021/05/18T12:08:51z: BME280 (0x76)
 0h00:03.124 2021/05/18T12:08:51z: 50:2:91:e5:36:6e
 0h00:03.125 2021/05/18T12:08:51z: SSID: ARRIS-A013
 0h00:03.130 2021/05/18T12:08:51z: AP_STAR tmr
 ets Jan  8 2013,rst cause:1, boot mode:(3,6)

load 0x4010f000, len 1384, room 16 
tail 8
chksum 0x2d
csum 0x2d
v8b899c12
~ld


6.01
 0h00:03.067 2021/05/18T12:28:48z: DS3231
 0h00:03.082 2021/05/18T12:28:48z: BME280 (0x76)
 0h00:03.096 2021/05/18T12:28:48z: 50:2:91:e5:36:6e
 0h00:03.098 2021/05/18T12:28:48z: SSID: ARRIS-A013
 0h00:03.103 2021/05/18T12:28:48z: AP_STAR tmr
 ets Jan  8 2013,rst cause:1, boot mode:(3,6)

load 0x4010f000, len 1384, room 16 
tail 8
chksum 0x2d
csum 0x2d
v8b899c12
~ld


6.01
 0h00:03.061 2021/05/18T12:48:45z: DS3231
 0h00:03.077 2021/05/18T12:48:45z: BME280 (0x76)
 0h00:03.091 2021/05/18T12:48:45z: 50:2:91:e5:36:6e
 0h00:03.093 2021/05/18T12:48:45z: SSID: ARRIS-A013
 0h00:03.098 2021/05/18T12:48:45z: AP_STAR tmr
 ets Jan  8 2013,rst cause:1, boot mode:(3,6)

load 0x4010f000, len 1384, room 16 
tail 8
chksum 0x2d
csum 0x2d
v8b899c12
~ld


6.01
 0h00:03.058 2021/05/18T13:08:41z: DS3231
 0h00:03.073 2021/05/18T13:08:41z: BME280 (0x76)
 0h00:03.087 2021/05/18T13:08:41z: 50:2:91:e5:36:6e
 0h00:03.089 2021/05/18T13:08:41z: SSID: ARRIS-A013
 0h00:03.094 2021/05/18T13:08:41z: AP_STAR tmr
 ets Jan  8 2013,rst cause:1, boot mode:(3,6)

load 0x4010f000, len 1384, room 16 
tail 8
chksum 0x2d
csum 0x2d
v8b899c12
~ld


6.01
 0h00:03.054 2021/05/18T13:28:38z: DS3231
 0h00:03.069 2021/05/18T13:28:38z: BME280 (0x76)
 0h00:03.083 2021/05/18T13:28:38z: 50:2:91:e5:36:6e
 0h00:03.085 2021/05/18T13:28:38z: SSID: ARRIS-A013
 0h00:03.090 2021/05/18T13:28:38z: AP_STAR tmr
 ets Jan  8 2013,rst cause:1, boot mode:(3,6)

load 0x4010f000, len 1384, room 16 
tail 8
chksum 0x2d
csum 0x2d
v8b899c12
~ld


6.01
 0h00:03.061 2021/05/18T13:48:34z: DS3231
 0h00:03.077 2021/05/18T13:48:34z: BME280 (0x76)
 0h00:03.091 2021/05/18T13:48:34z: 50:2:91:e5:36:6e
 0h00:03.092 2021/05/18T13:48:34z: SSID: ARRIS-A013
 0h00:03.098 2021/05/18T13:48:34z: AP_STAR tmr
 ets Jan  8 2013,rst cause:1, boot mode:(3,6)

load 0x4010f000, len 1384, room 16 
tail 8
chksum 0x2d
csum 0x2d
v8b899c12
~ld


6.01
 0h00:03.072 2021/05/18T14:08:30z: DS3231
 0h00:03.088 2021/05/18T14:08:30z: BME280 (0x76)
 0h00:03.102 2021/05/18T14:08:30z: 50:2:91:e5:36:6e
 0h00:03.103 2021/05/18T14:08:30z: SSID: ARRIS-A013
 0h00:03.109 2021/05/18T14:08:30z: AP_STAR tmr
 ets Jan  8 2013,rst cause:1, boot mode:(3,6)

load 0x4010f000, len 1384, room 16 
tail 8
chksum 0x2d
csum 0x2d
v8b899c12
~ld


6.01
 0h00:03.080 2021/05/18T14:28:27z: DS3231
 0h00:03.095 2021/05/18T14:28:27z: BME280 (0x76)
 0h00:03.109 2021/05/18T14:28:27z: 50:2:91:e5:36:6e
 0h00:03.111 2021/05/18T14:28:27z: SSID: ARRIS-A013
 0h00:03.116 2021/05/18T14:28:27z: AP_STAR tmr
 ets Jan  8 2013,rst cause:1, boot mode:(3,6)

load 0x4010f000, len 1384, room 16 
tail 8
chksum 0x2d
csum 0x2d
v8b899c12
~ld


6.01
 0h00:03.088 2021/05/18T14:48:24z: DS3231
 0h00:03.103 2021/05/18T14:48:24z: BME280 (0x76)
 0h00:03.117 2021/05/18T14:48:24z: 50:2:91:e5:36:6e
 0h00:03.119 2021/05/18T14:48:24z: SSID: ARRIS-A013
 0h00:03.124 2021/05/18T14:48:24z: AP_STAR tmr
 ets Jan  8 2013,rst cause:1, boot mode:(3,6)

load 0x4010f000, len 1384, room 16 
tail 8
chksum 0x2d
csum 0x2d
v8b899c12
~ld


6.01
 0h00:03.065 2021/05/18T15:08:20z: DS3231
 0h00:03.080 2021/05/18T15:08:20z: BME280 (0x76)
 0h00:03.094 2021/05/18T15:08:20z: 50:2:91:e5:36:6e
 0h00:03.096 2021/05/18T15:08:20z: SSID: ARRIS-A013
 0h00:03.101 2021/05/18T15:08:20z: AP_STAR tmr
 ets Jan  8 2013,rst cause:1, boot mode:(3,6)

load 0x4010f000, len 1384, room 16 
tail 8
chksum 0x2d
csum 0x2d
v8b899c12
~ld


6.01
 0h00:03.066 2021/05/18T15:28:16z: DS3231
 0h00:03.081 2021/05/18T15:28:16z: BME280 (0x76)
 0h00:03.095 2021/05/18T15:28:16z: 50:2:91:e5:36:6e
 0h00:03.097 2021/05/18T15:28:16z: SSID: ARRIS-A013
 0h00:03.102 2021/05/18T15:28:16z: AP_STAR tmr
 ets Jan  8 2013,rst cause:1, boot mode:(3,6)

load 0x4010f000, len 1384, room 16 
tail 8
chksum 0x2d
csum 0x2d
v8b899c12
~ld


6.01
 0h00:03.061 2021/05/18T15:48:12z: DS3231
 0h00:03.076 2021/05/18T15:48:12z: BME280 (0x76)
 0h00:03.090 2021/05/18T15:48:12z: 50:2:91:e5:36:6e
 0h00:03.092 2021/05/18T15:48:12z: SSID: ARRIS-A013
 0h00:03.097 2021/05/18T15:48:12z: AP_STAR tmr
 ets Jan  8 2013,rst cause:1, boot mode:(3,6)

load 0x4010f000, len 1384, room 16 
tail 8
chksum 0x2d
csum 0x2d
v8b899c12
~ld


6.01
 0h00:03.062 2021/05/18T16:08:08z: DS3231
 0h00:03.077 2021/05/18T16:08:08z: BME280 (0x76)
 0h00:03.092 2021/05/18T16:08:08z: 50:2:91:e5:36:6e
 0h00:03.093 2021/05/18T16:08:08z: SSID: ARRIS-A013
 0h00:03.098 2021/05/18T16:08:08z: AP_STAR tmr
 ets Jan  8 2013,rst cause:1, boot mode:(3,6)

load 0x4010f000, len 1384, room 16 
tail 8
chksum 0x2d
csum 0x2d
v8b899c12
~ld


6.01
 0h00:03.064 2021/05/18T16:28:05z: DS3231
 0h00:03.079 2021/05/18T16:28:05z: BME280 (0x76)
 0h00:03.094 2021/05/18T16:28:05z: 50:2:91:e5:36:6e
 0h00:03.095 2021/05/18T16:28:05z: SSID: ARRIS-A013
 0h00:03.100 2021/05/18T16:28:05z: AP_STAR tmr
 ets Jan  8 2013,rst cause:1, boot mode:(3,6)

load 0x4010f000, len 1384, room 16 
tail 8
chksum 0x2d
csum 0x2d
v8b899c12
~ld


6.01
 0h00:03.078 2021/05/18T16:48:01z: DS3231
 0h00:03.093 2021/05/18T16:48:01z: BME280 (0x76)
 0h00:03.107 2021/05/18T16:48:01z: 50:2:91:e5:36:6e
 0h00:03.109 2021/05/18T16:48:01z: SSID: ARRIS-A013
 0h00:03.114 2021/05/18T16:48:01z: AP_STAR tmr
 ets Jan  8 2013,rst cause:1, boot mode:(3,6)

load 0x4010f000, len 1384, room 16 
tail 8
chksum 0x2d
csum 0x2d
v8b899c12
~ld


6.01
 0h00:03.074 2021/05/18T17:07:57z: DS3231
 0h00:03.089 2021/05/18T17:07:57z: BME280 (0x76)
 0h00:03.103 2021/05/18T17:07:57z: 50:2:91:e5:36:6e
 0h00:03.105 2021/05/18T17:07:57z: SSID: ARRIS-A013
 0h00:03.110 2021/05/18T17:07:57z: AP_STAR tmr
 ets Jan  8 2013,rst cause:1, boot mode:(3,6)

load 0x4010f000, len 1384, room 16 
tail 8
chksum 0x2d
csum 0x2d
v8b899c12
~ld


6.01
 0h00:03.086 2021/05/18T17:27:54z: DS3231
 0h00:03.101 2021/05/18T17:27:54z: BME280 (0x76)
 0h00:03.116 2021/05/18T17:27:54z: 50:2:91:e5:36:6e
 0h00:03.117 2021/05/18T17:27:54z: SSID: ARRIS-A013
 0h00:03.122 2021/05/18T17:27:54z: AP_STAR tmr
 ets Jan  8 2013,rst cause:1, boot mode:(3,6)

load 0x4010f000, len 1384, room 16 
tail 8
chksum 0x2d
csum 0x2d
v8b899c12
~ld


6.01
 0h00:03.064 2021/05/18T17:47:50z: DS3231
 0h00:03.079 2021/05/18T17:47:50z: BME280 (0x76)
 0h00:03.093 2021/05/18T17:47:50z: 50:2:91:e5:36:6e
 0h00:03.095 2021/05/18T17:47:50z: SSID: ARRIS-A013
 0h00:03.100 2021/05/18T17:47:50z: AP_STAR tmr
 ets Jan  8 2013,rst cause:1, boot mode:(3,6)

load 0x4010f000, len 1384, room 16 
tail 8
chksum 0x2d
csum 0x2d
v8b899c12
~ld


6.01
 0h00:03.061 2021/05/18T18:07:46z: DS3231
 0h00:03.076 2021/05/18T18:07:46z: BME280 (0x76)
 0h00:03.090 2021/05/18T18:07:46z: 50:2:91:e5:36:6e
 0h00:03.092 2021/05/18T18:07:46z: SSID: ARRIS-A013
 0h00:03.097 2021/05/18T18:07:46z: AP_STAR tmr
 ets Jan  8 2013,rst cause:1, boot mode:(3,6)

load 0x4010f000, len 1384, room 16 
tail 8
chksum 0x2d
csum 0x2d
v8b899c12
~ld


6.01
 0h00:03.068 2021/05/18T18:27:42z: DS3231
 0h00:03.084 2021/05/18T18:27:42z: BME280 (0x76)
 0h00:03.098 2021/05/18T18:27:42z: 50:2:91:e5:36:6e
 0h00:03.100 2021/05/18T18:27:42z: SSID: ARRIS-A013
 0h00:03.105 2021/05/18T18:27:42z: AP_STAR tmr
 ets Jan  8 2013,rst cause:1, boot mode:(3,6)

load 0x4010f000, len 1384, room 16 
tail 8
chksum 0x2d
csum 0x2d
v8b899c12
~ld


6.01
 0h00:03.064 2021/05/18T18:47:38z: DS3231
 0h00:03.079 2021/05/18T18:47:38z: BME280 (0x76)
 0h00:03.093 2021/05/18T18:47:38z: 50:2:91:e5:36:6e
 0h00:03.095 2021/05/18T18:47:38z: SSID: ARRIS-A013
 0h00:03.100 2021/05/18T18:47:38z: AP_STAR tmr
 ets Jan  8 2013,rst cause:1, boot mode:(3,6)

load 0x4010f000, len 1384, room 16 
tail 8
chksum 0x2d
csum 0x2d
v8b899c12
~ld


6.01
 0h00:03.066 2021/05/18T19:07:35z: DS3231
 0h00:03.081 2021/05/18T19:07:35z: BME280 (0x76)
 0h00:03.096 2021/05/18T19:07:35z: 50:2:91:e5:36:6e
 0h00:03.097 2021/05/18T19:07:35z: SSID: ARRIS-A013
 0h00:03.102 2021/05/18T19:07:35z: AP_STAR tmr
 ets Jan  8 2013,rst cause:1, boot mode:(3,6)

load 0x4010f000, len 1384, room 16 
tail 8
chksum 0x2d
csum 0x2d
v8b899c12
~ld


6.01
 0h00:03.072 2021/05/18T19:27:32z: DS3231
 0h00:03.088 2021/05/18T19:27:32z: BME280 (0x76)
 0h00:03.102 2021/05/18T19:27:32z: 50:2:91:e5:36:6e
 0h00:03.103 2021/05/18T19:27:32z: SSID: ARRIS-A013
 0h00:03.109 2021/05/18T19:27:32z: AP_STAR tmr
 ets Jan  8 2013,rst cause:1, boot mode:(3,6)

load 0x4010f000, len 1384, room 16 
tail 8
chksum 0x2d
csum 0x2d
v8b899c12
~ld


6.01
 0h00:03.084 2021/05/18T19:47:27z: DS3231
 0h00:03.099 2021/05/18T19:47:28z: BME280 (0x76)
 0h00:03.113 2021/05/18T19:47:28z: 50:2:91:e5:36:6e
 0h00:03.115 2021/05/18T19:47:28z: SSID: ARRIS-A013
 0h00:03.120 2021/05/18T19:47:28z: AP_STAR tmr
 ets Jan  8 2013,rst cause:1, boot mode:(3,6)

load 0x4010f000, len 1384, room 16 
tail 8
chksum 0x2d
csum 0x2d
v8b899c12
~ld


6.01
 0h00:03.085 2021/05/18T20:07:23z: DS3231
 0h00:03.100 2021/05/18T20:07:23z: BME280 (0x76)
 0h00:03.114 2021/05/18T20:07:23z: 50:2:91:e5:36:6e
 0h00:03.116 2021/05/18T20:07:23z: SSID: ARRIS-A013
 0h00:03.121 2021/05/18T20:07:23z: AP_STAR tmr
 ets Jan  8 2013,rst cause:1, boot mode:(3,6)

load 0x4010f000, len 1384, room 16 
tail 8
chksum 0x2d
csum 0x2d
v8b899c12
~ld


6.01
 0h00:03.063 2021/05/18T20:27:20z: DS3231
 0h00:03.078 2021/05/18T20:27:20z: BME280 (0x76)
 0h00:03.092 2021/05/18T20:27:20z: 50:2:91:e5:36:6e
 0h00:03.094 2021/05/18T20:27:20z: SSID: ARRIS-A013
 0h00:03.099 2021/05/18T20:27:20z: AP_STAR tmr
 ets Jan  8 2013,rst cause:1, boot mode:(3,6)

load 0x4010f000, len 1384, room 16 
tail 8
chksum 0x2d
csum 0x2d
v8b899c12
~ld


6.01
 0h00:03.059 2021/05/18T20:47:16z: DS3231
 0h00:03.075 2021/05/18T20:47:16z: BME280 (0x76)
 0h00:03.089 2021/05/18T20:47:16z: 50:2:91:e5:36:6e
 0h00:03.091 2021/05/18T20:47:16z: SSID: ARRIS-A013
 0h00:03.096 2021/05/18T20:47:16z: AP_STAR tmr
 ets Jan  8 2013,rst cause:1, boot mode:(3,6)

load 0x4010f000, len 1384, room 16 
tail 8
chksum 0x2d
csum 0x2d
v8b899c12
~ld


6.01
 0h00:03.060 2021/05/18T21:07:12z: DS3231
 0h00:03.075 2021/05/18T21:07:12z: BME280 (0x76)
 0h00:03.090 2021/05/18T21:07:12z: 50:2:91:e5:36:6e
 0h00:03.091 2021/05/18T21:07:12z: SSID: ARRIS-A013
 0h00:03.096 2021/05/18T21:07:12z: AP_STAR tmr
 ets Jan  8 2013,rst cause:1, boot mode:(3,6)

load 0x4010f000, len 1384, room 16 
tail 8
chksum 0x2d
csum 0x2d
v8b899c12
~ld


6.01
 0h00:03.058 2021/05/18T21:27:09z: DS3231
 0h00:03.073 2021/05/18T21:27:09z: BME280 (0x76)
 0h00:03.088 2021/05/18T21:27:09z: 50:2:91:e5:36:6e
 0h00:03.089 2021/05/18T21:27:09z: SSID: ARRIS-A013
 0h00:03.094 2021/05/18T21:27:09z: AP_STAR tmr
 ets Jan  8 2013,rst cause:1, boot mode:(3,6)

load 0x4010f000, len 1384, room 16 
tail 8
chksum 0x2d
csum 0x2d
v8b899c12
~ld


6.01
 0h00:03.070 2021/05/18T21:47:05z: DS3231
 0h00:03.085 2021/05/18T21:47:05z: BME280 (0x76)
 0h00:03.099 2021/05/18T21:47:05z: 50:2:91:e5:36:6e
 0h00:03.101 2021/05/18T21:47:05z: SSID: ARRIS-A013
 0h00:03.106 2021/05/18T21:47:05z: AP_STAR tmr
 ets Jan  8 2013,rst cause:1, boot mode:(3,6)

load 0x4010f000, len 1384, room 16 
tail 8
chksum 0x2d
csum 0x2d
v8b899c12
~ld


6.01
 0h00:03.074 2021/05/18T22:07:02z: DS3231
 0h00:03.089 2021/05/18T22:07:02z: BME280 (0x76)
 0h00:03.103 2021/05/18T22:07:02z: 50:2:91:e5:36:6e
 0h00:03.105 2021/05/18T22:07:02z: SSID: ARRIS-A013
 0h00:03.110 2021/05/18T22:07:02z: AP_STAR tmr
 ets Jan  8 2013,rst cause:1, boot mode:(3,6)

load 0x4010f000, len 1384, room 16 
tail 8
chksum 0x2d
csum 0x2d
v8b899c12
~ld


6.01
 0h00:03.083 2021/05/18T22:26:58z: DS3231
 0h00:03.098 2021/05/18T22:26:58z: BME280 (0x76)
 0h00:03.112 2021/05/18T22:26:58z: 50:2:91:e5:36:6e
 0h00:03.114 2021/05/18T22:26:58z: SSID: ARRIS-A013
 0h00:03.119 2021/05/18T22:26:58z: AP_STAR tmr
 ets Jan  8 2013,rst cause:1, boot mode:(3,6)

load 0x4010f000, len 1384, room 16 
tail 8
chksum 0x2d
csum 0x2d
v8b899c12
~ld


6.01
 0h00:03.083 2021/05/18T22:46:55z: DS3231
 0h00:03.099 2021/05/18T22:46:55z: BME280 (0x76)
 0h00:03.113 2021/05/18T22:46:55z: 50:2:91:e5:36:6e
 0h00:03.115 2021/05/18T22:46:55z: SSID: ARRIS-A013
 0h00:03.120 2021/05/18T22:46:55z: AP_STAR tmr
 ets Jan  8 2013,rst cause:1, boot mode:(3,6)

load 0x4010f000, len 1384, room 16 
tail 8
chksum 0x2d
csum 0x2d
v8b899c12
~ld


6.01
 0h00:03.067 2021/05/18T23:06:51z: DS3231
 0h00:03.082 2021/05/18T23:06:51z: BME280 (0x76)
 0h00:03.096 2021/05/18T23:06:51z: 50:2:91:e5:36:6e
 0h00:03.098 2021/05/18T23:06:51z: SSID: ARRIS-A013
 0h00:03.103 2021/05/18T23:06:51z: AP_STAR tmr
 ets Jan  8 2013,rst cause:1, boot mode:(3,6)

load 0x4010f000, len 1384, room 16 
tail 8
chksum 0x2d
csum 0x2d
v8b899c12
~ld


6.01
 0h00:03.065 2021/05/18T23:26:48z: DS3231
 0h00:03.080 2021/05/18T23:26:48z: BME280 (0x76)
 0h00:03.094 2021/05/18T23:26:48z: 50:2:91:e5:36:6e
 0h00:03.096 2021/05/18T23:26:48z: SSID: ARRIS-A013
 0h00:03.101 2021/05/18T23:26:48z: AP_STAR tmr
 ets Jan  8 2013,rst cause:1, boot mode:(3,6)

load 0x4010f000, len 1384, room 16 
tail 8
chksum 0x2d
csum 0x2d
v8b899c12
~ld


6.01
 0h00:03.064 2021/05/18T23:46:44z: DS3231
 0h00:03.079 2021/05/18T23:46:44z: BME280 (0x76)
 0h00:03.093 2021/05/18T23:46:44z: 50:2:91:e5:36:6e
 0h00:03.095 2021/05/18T23:46:44z: SSID: ARRIS-A013
 0h00:03.100 2021/05/18T23:46:44z: AP_STA