R tmr
 ets Jan  8 2013,rst cause:1, boot mode:(3,6)

load 0x4010f000, len 1384, room 16 
tail 8
chksum 0x2d
csum 0x2d
v8b899c12
~ld


6.01
 0h00:03.057 2021/05/19T00:06:40z: DS3231
 0h00:03.072 2021/05/19T00:06:40z: BME280 (0x76)
 0h00:03.087 2021/05/19T00:06:40z: 50:2:91:e5:36:6e
 0h00:03.088 2021/05/19T00:06:40z: SSID: ARRIS-A013
 0h00:03.093 2021/05/19T00:06:40z: AP_STAR tmr
 ets Jan  8 2013,rst cause:1, boot mode:(3,6)

load 0x4010f000, len 1384, room 16 
tail 8
chksum 0x2d
csum 0x2d
v8b899c12
~ld


6.01
 0h00:03.063 2021/05/19T00:26:36z: DS3231
 0h00:03.079 2021/05/19T00:26:36z: BME280 (0x76)
 0h00:03.093 2021/05/19T00:26:36z: 50:2:91:e5:36:6e
 0h00:03.095 2021/05/19T00:26:36z: SSID: ARRIS-A013
 0h00:03.100 2021/05/19T00:26:36z: AP_STAR tmr
 ets Jan  8 2013,rst cause:1, boot mode:(3,6)

load 0x4010f000, len 1384, room 16 
tail 8
chksum 0x2d
csum 0x2d
v8b899c12
~ld


6.01
 0h00:03.065 2021/05/19T00:46:32z: DS3231
 0h00:03.080 2021/05/19T00:46:32z: BME280 (0x76)
 0h00:03.094 2021/05/19T00:46:32z: 50:2:91:e5:36:6e
 0h00:03.096 2021/05/19T00:46:32z: SSID: ARRIS-A013
 0h00:03.101 2021/05/19T00:46:32z: AP_STAR tmr
 ets Jan  8 2013,rst cause:1, boot mode:(3,6)

load 0x4010f000, len 1384, room 16 
tail 8
chksum 0x2d
csum 0x2d
v8b899c12
~ld


6.01
 0h00:03.079 2021/05/19T01:06:29z: DS3231
 0h00:03.095 2021/05/19T01:06:29z: BME280 (0x76)
 0h00:03.109 2021/05/19T01:06:29z: 50:2:91:e5:36:6e
 0h00:03.111 2021/05/19T01:06:29z: SSID: ARRIS-A013
 0h00:03.116 2021/05/19T01:06:29z: AP_STAR tmr
 ets Jan  8 2013,rst cause:1, boot mode:(3,6)

load 0x4010f000, len 1384, room 16 
tail 8
chksum 0x2d
csum 0x2d
v8b899c12
~ld


6.01
 0h00:03.087 2021/05/19T01:26:25z: DS3231
 0h00:03.102 2021/05/19T01:26:25z: BME280 (0x76)
 0h00:03.116 2021/05/19T01:26:25z: 50:2:91:e5:36:6e
 0h00:03.118 2021/05/19T01:26:25z: SSID: ARRIS-A013
 0h00:03.123 2021/05/19T01:26:25z: AP_STAR tmr
 ets Jan  8 2013,rst cause:1, boot mode:(3,6)

load 0x4010f000, len 1384, room 16 
tail 8
chksum 0x2d
csum 0x2d
v8b899c12
~ld


6.01
 0h00:03.056 2021/05/19T01:46:22z: DS3231
 0h00:03.071 2021/05/19T01:46:22z: BME280 (0x76)
 0h00:03.085 2021/05/19T01:46:22z: 50:2:91:e5:36:6e
 0h00:03.087 2021/05/19T01:46:22z: SSID: ARRIS-A013
 0h00:03.092 2021/05/19T01:46:22z: AP_STAR tmr
 ets Jan  8 2013,rst cause:1, boot mode:(3,6)

load 0x4010f000, len 1384, room 16 
tail 8
chksum 0x2d
csum 0x2d
v8b899c12
~ld


6.01
 0h00:03.057 2021/05/19T02:06:18z: DS3231
 0h00:03.073 2021/05/19T02:06:18z: BME280 (0x76)
 0h00:03.087 2021/05/19T02:06:18z: 50:2:91:e5:36:6e
 0h00:03.089 2021/05/19T02:06:18z: SSID: ARRIS-A013
 0h00:03.094 2021/05/19T02:06:18z: AP_STAR tmr
 ets Jan  8 2013,rst cause:1, boot mode:(3,6)

load 0x4010f000, len 1384, room 16 
tail 8
chksum 0x2d
csum 0x2d
v8b899c12
~ld


6.01
 0h00:03.065 2021/05/19T02:26:14z: DS3231
 0h00:03.081 2021/05/19T02:26:14z: BME280 (0x76)
 0h00:03.095 2021/05/19T02:26:14z: 50:2:91:e5:36:6e
 0h00:03.097 2021/05/19T02:26:14z: SSID: ARRIS-A013
 0h00:03.102 2021/05/19T02:26:14z: AP_STAR tmr
 ets Jan  8 2013,rst cause:1, boot mode:(3,6)

load 0x4010f000, len 1384, room 16 
tail 8
chksum 0x2d
csum 0x2d
v8b899c12
~ld


6.01
 0h00:03.072 2021/05/19T02:46:11z: DS3231
 0h00:03.087 2021/05/19T02:46:11z: BME280 (0x76)
 0h00:03.101 2021/05/19T02:46:11z: 50:2:91:e5:36:6e
 0h00:03.103 2021/05/19T02:46:11z: SSID: ARRIS-A013
 0h00:03.108 2021/05/19T02:46:11z: AP_STAR tmr
 ets Jan  8 2013,rst cause:1, boot mode:(3,6)

load 0x4010f000, len 1384, room 16 
tail 8
chksum 0x2d
csum 0x2d
v8b899c12
~ld


6.01
 0h00:03.060 2021/05/19T03:06:07z: DS3231
 0h00:03.075 2021/05/19T03:06:07z: BME280 (0x76)
 0h00:03.089 2021/05/19T03:06:07z: 50:2:91:e5:36:6e
 0h00:03.091 2021/05/19T03:06:07z: SSID: ARRIS-A013
 0h00:03.096 2021/05/19T03:06:07z: AP_STAR tmr
 ets Jan  8 2013,rst cause:1, boot mode:(3,6)

load 0x4010f000, len 1384, room 16 
tail 8
chksum 0x2d
csum 0x2d
v8b899c12
~ld


6.01
 0h00:03.073 2021/05/19T03:26:04z: DS3231
 0h00:03.088 2021/05/19T03:26:04z: BME280 (0x76)
 0h00:03.102 2021/05/19T03:26:04z: 50:2:91:e5:36:6e
 0h00:03.104 2021/05/19T03:26:04z: SSID: ARRIS-A013
 0h00:03.109 2021/05/19T03:26:04z: AP_STAR tmr
 ets Jan  8 2013,rst cause:1, boot mode:(3,6)

load 0x4010f000, len 1384, room 16 
tail 8
chksum 0x2d
csum 0x2d
v8b899c12
~ld


6.01
 0h00:03.071 2021/05/19T03:46:01z: DS3231
 0h00:03.086 2021/05/19T03:46:01z: BME280 (0x76)
 0h00:03.100 2021/05/19T03:46:01z: 50:2:91:e5:36:6e
 0h00:03.102 2021/05/19T03:46:01z: SSID: ARRIS-A013
 0h00:03.107 2021/05/19T03:46:01z: AP_STAR tmr
 ets Jan  8 2013,rst cause:1, boot mode:(3,6)

load 0x4010f000, len 1384, room 16 
tail 8
chksum 0x2d
csum 0x2d
v8b899c12
~ld


6.01
 0h00:03.088 2021/05/19T04:05:57z: DS3231
 0h00:03.103 2021/05/19T04:05:57z: BME280 (0x76)
 0h00:03.117 2021/05/19T04:05:57z: 50:2:91:e5:36:6e
 0h00:03.119 2021/05/19T04:05:57z: SSID: ARRIS-A013
 0h00:03.124 2021/05/19T04:05:57z: AP_STAR tmr
 ets Jan  8 2013,rst cause:1, boot mode:(3,6)

load 0x4010f000, len 1384, room 16 
tail 8
chksum 0x2d
csum 0x2d
v8b899c12
~ld


6.01
 0h00:03.062 2021/05/19T04:25:53z: DS3231
 0h00:03.078 2021/05/19T04:25:53z: BME280 (0x76)
 0h00:03.092 2021/05/19T04:25:53z: 50:2:91:e5:36:6e
 0h00:03.093 2021/05/19T04:25:53z: SSID: ARRIS-A013
 0h00:03.099 2021/05/19T04:25:53z: AP_STAR tmr
 ets Jan  8 2013,rst cause:1, boot mode:(3,6)

load 0x4010f000, len 1384, room 16 
tail 8
chksum 0x2d
csum 0x2d
v8b899c12
~ld


6.01
 0h00:03.064 2021/05/19T04:45:49z: DS3231
 0h00:03.080 2021/05/19T04:45:49z: BME280 (0x76)
 0h00:03.094 2021/05/19T04:45:49z: 50:2:91:e5:36:6e
 0h00:03.096 2021/05/19T04:45:49z: SSID: ARRIS-A013
 0h00:03.101 2021/05/19T04:45:49z: AP_STAR tmr
 ets Jan  8 2013,rst cause:1, boot mode:(3,6)

load 0x4010f000, len 1384, room 16 
tail 8
chksum 0x2d
csum 0x2d
v8b899c12
~ld


6.01
 0h00:03.063 2021/05/19T05:05:46z: DS3231
 0h00:03.078 2021/05/19T05:05:46z: BME280 (0x76)
 0h00:03.092 2021/05/19T05:05:46z: 50:2:91:e5:36:6e
 0h00:03.094 2021/05/19T05:05:46z: SSID: ARRIS-A013
 0h00:03.099 2021/05/19T05:05:46z: AP_STAR tmr
 ets Jan  8 2013,rst cause:1, boot mode:(3,6)

load 0x4010f000, len 1384, room 16 
tail 8
chksum 0x2d
csum 0x2d
v8b899c12
~ld


6.01
 0h00:03.056 2021/05/19T05:25:42z: DS3231
 0h00:03.071 2021/05/19T05:25:42z: BME280 (0x76)
 0h00:03.086 2021/05/19T05:25:42z: 50:2:91:e5:36:6e
 0h00:03.087 2021/05/19T05:25:42z: SSID: ARRIS-A013
 0h00:03.092 2021/05/19T05:25:42z: AP_STAR tmr
 ets Jan  8 2013,rst cause:1, boot mode:(3,6)

load 0x4010f000, len 1384, room 16 
tail 8
chksum 0x2d
csum 0x2d
v8b899c12
~ld


6.01
 0h00:03.063 2021/05/19T05:45:38z: DS3231
 0h00:03.078 2021/05/19T05:45:38z: BME280 (0x76)
 0h00:03.092 2021/05/19T05:45:38z: 50:2:91:e5:36:6e
 0h00:03.094 2021/05/19T05:45:38z: SSID: ARRIS-A013
 0h00:03.099 2021/05/19T05:45:38z: AP_STAR tmr
 ets Jan  8 2013,rst cause:1, boot mode:(3,6)

load 0x4010f000, len 1384, room 16 
tail 8
chksum 0x2d
csum 0x2d
v8b899c12
~ld


6.01
 0h00:03.071 2021/05/19T06:05:34z: DS3231
 0h00:03.087 2021/05/19T06:05:34z: BME280 (0x76)
 0h00:03.101 2021/05/19T06:05:35z: 50:2:91:e5:36:6e
 0h00:03.102 2021/05/19T06:05:35z: SSID: ARRIS-A013
 0h00:03.108 2021/05/19T06:05:35z: AP_STAR tmr
 ets Jan  8 2013,rst cause:1, boot mode:(3,6)

load 0x4010f000, len 1384, room 16 
tail 8
chksum 0x2d
csum 0x2d
v8b899c12
~ld


6.01
 0h00:03.082 2021/05/19T06:25:31z: DS3231
 0h00:03.097 2021/05/19T06:25:31z: BME280 (0x76)
 0h00:03.111 2021/05/19T06:25:31z: 50:2:91:e5:36:6e
 0h00:03.113 2021/05/19T06:25:31z: SSID: ARRIS-A013
 0h00:03.118 2021/05/19T06:25:31z: AP_STAR tmr
 ets Jan  8 2013,rst cause:1, boot mode:(3,6)

load 0x4010f000, len 1384, room 16 
tail 8
chksum 0x2d
csum 0x2d
v8b899c12
~ld


6.01
 0h00:03.089 2021/05/19T06:45:28z: DS3231
 0h00:03.104 2021/05/19T06:45:28z: BME280 (0x76)
 0h00:03.118 2021/05/19T06:45:28z: 50:2:91:e5:36:6e
 0h00:03.120 2021/05/19T06:45:28z: SSID: ARRIS-A013
 0h00:03.125 2021/05/19T06:45:28z: AP_STAR tmr
 ets Jan  8 2013,rst cause:1, boot mode:(3,6)

load 0x4010f000, len 1384, room 16 
tail 8
chksum 0x2d
csum 0x2d
v8b899c12
~ld


6.01
 0h00:03.067 2021/05/19T07:05:25z: DS3231
 0h00:03.082 2021/05/19T07:05:25z: BME280 (0x76)
 0h00:03.096 2021/05/19T07:05:25z: 50:2:91:e5:36:6e
 0h00:03.098 2021/05/19T07:05:25z: SSID: ARRIS-A013
 0h00:03.103 2021/05/19T07:05:25z: AP_STAR tmr
 ets Jan  8 2013,rst cause:1, boot mode:(3,6)

load 0x4010f000, len 1384, room 16 
tail 8
chksum 0x2d
csum 0x2d
v8b899c12
~ld


6.01
 0h00:03.062 2021/05/19T07:25:21z: DS3231
 0h00:03.077 2021/05/19T07:25:21z: BME280 (0x76)
 0h00:03.091 2021/05/19T07:25:21z: 50:2:91:e5:36:6e
 0h00:03.093 2021/05/19T07:25:21z: SSID: ARRIS-A013
 0h00:03.098 2021/05/19T07:25:21z: AP_STAR tmr
 ets Jan  8 2013,rst cause:1, boot mode:(3,6)

load 0x4010f000, len 1384, room 16 
tail 8
chksum 0x2d
csum 0x2d
v8b899c12
~ld


6.01
 0h00:03.061 2021/05/19T07:45:17z: DS3231
 0h00:03.076 2021/05/19T07:45:17z: BME280 (0x76)
 0h00:03.091 2021/05/19T07:45:17z: 50:2:91:e5:36:6e
 0h00:03.092 2021/05/19T07:45:17z: SSID: ARRIS-A013
 0h00:03.097 2021/05/19T07:45:17z: AP_STAR tmr
 ets Jan  8 2013,rst cause:1, boot mode:(3,6)

load 0x4010f000, len 1384, room 16 
tail 8
chksum 0x2d
csum 0x2d
v8b899c12
~ld


6.01
 0h00:03.075 2021/05/19T08:05:14z: DS3231
 0h00:03.090 2021/05/19T08:05:14z: BME280 (0x76)
 0h00:03.104 2021/05/19T08:05:14z: 50:2:91:e5:36:6e
 0h00:03.106 2021/05/19T08:05:14z: SSID: ARRIS-A013
 0h00:03.111 2021/05/19T08:05:14z: AP_STAR tmr
 ets Jan  8 2013,rst cause:1, boot mode:(3,6)

load 0x4010f000, len 1384, room 16 
tail 8
chksum 0x2d
csum 0x2d
v8b899c12
~ld


6.01
 0h00:03.065 2021/05/19T08:25:11z: DS3231
 0h00:03.080 2021/05/19T08:25:11z: BME280 (0x76)
 0h00:03.094 2021/05/19T08:25:11z: 50:2:91:e5:36:6e
 0h00:03.096 2021/05/19T08:25:11z: SSID: ARRIS-A013
 0h00:03.101 2021/05/19T08:25:11z: AP_STAR tmr
 ets Jan  8 2013,rst cause:1, boot mode:(3,6)

load 0x4010f000, len 1384, room 16 
tail 8
chksum 0x2d
csum 0x2d
v8b899c12
~ld


6.01
 0h00:03.060 2021/05/19T08:45:07z: DS3231
 0h00:03.076 2021/05/19T08:45:07z: BME280 (0x76)
 0h00:03.090 2021/05/19T08:45:07z: 50:2:91:e5:36:6e
 0h00:03.091 2021/05/19T08:45:07z: SSID: ARRIS-A013
 0h00:03.097 2021/05/19T08:45:07z: AP_STAR tmr
 ets Jan  8 2013,rst cause:1, boot mode:(3,6)

load 0x4010f000, len 1384, room 16 
tail 8
chksum 0x2d
csum 0x2d
v8b899c12
~ld


6.01
 0h00:03.062 2021/05/19T09:05:03z: DS3231
 0h00:03.078 2021/05/19T09:05:03z: BME280 (0x76)
 0h00:03.092 2021/05/19T09:05:03z: 50:2:91:e5:36:6e
 0h00:03.094 2021/05/19T09:05:03z: SSID: ARRIS-A013
 0h00:03.099 2021/05/19T09:05:03z: AP_STAR tmr
 ets Jan  8 2013,rst cause:1, boot mode:(3,6)

load 0x4010f000, len 1384, room 16 
tail 8
chksum 0x2d
csum 0x2d
v8b899c12
~ld


6.01
 0h00:03.070 2021/05/19T09:25:00z: DS3231
 0h00:03.086 2021/05/19T09:25:00z: BME280 (0x76)
 0h00:03.100 2021/05/19T09:25:00z: 50:2:91:e5:36:6e
 0h00:03.102 2021/05/19T09:25:00z: SSID: ARRIS-A013
 0h00:03.107 2021/05/19T09:25:00z: AP_STAR tmr
 ets Jan  8 2013,rst cause:1, boot mode:(3,6)

load 0x4010f000, len 1384, room 16 
tail 8
chksum 0x2d
csum 0x2d
v8b899c12
~ld


6.01
 0h00:03.089 2021/05/19T09:44:56z: DS3231
 0h00:03.104 2021/05/19T09:44:56z: BME280 (0x76)
 0h00:03.118 2021/05/19T09:44:56z: 50:2:91:e5:36:6e
 0h00:03.120 2021/05/19T09:44:56z: SSID: ARRIS-A013
 0h00:03.125 2021/05/19T09:44:56z: AP_STAR tmr
 ets Jan  8 2013,rst cause:1, boot mode:(3,6)

load 0x4010f000, len 1384, room 16 
tail 8
chksum 0x2d
csum 0x2d
v8b899c12
~ld


6.01
 0h00:03.091 2021/05/19T10:04:53z: DS3231
 0h00:03.106 2021/05/19T10:04:53z: BME280 (0x76)
 0h00:03.120 2021/05/19T10:04:53z: 50:2:91:e5:36:6e
 0h00:03.122 2021/05/19T10:04:53z: SSID: ARRIS-A013
 0h00:03.127 2021/05/19T10:04:53z: AP_STA