R tmr
 ets Jan  8 2013,rst cause:1, boot mode:(3,7)

load 0x4010f000, len 1384, room 16 
tail 8
chksum 0x2d
csum 0x2d
v8b899c12
~ld


6.01
 0h00:03.060 2021/06/14T10:49:03z: DS3231
 0h00:03.075 2021/06/14T10:49:03z: BME280 (0x76)
 0h00:03.089 2021/06/14T10:49:03z: 10:52:1c:4c:86:4
 0h00:03.091 2021/06/14T10:49:03z: SSID: Apollonia Students Halls
 0h00:03.096 2021/06/14T10:49:03z: AP_STAR tmr
 ets Jan  8 2013,rst cause:1, boot mode:(3,7)

load 0x4010f000, len 1384, room 16 
tail 8
chksum 0x2d
csum 0x2d
v8b899c12
~ld


6.01
 0h00:03.069 2021/06/14T11:08:59z: DS3231
 0h00:03.084 2021/06/14T11:08:59z: BME280 (0x76)
 0h00:03.098 2021/06/14T11:08:59z: 10:52:1c:4c:86:4
 0h00:03.100 2021/06/14T11:08:59z: SSID: Apollonia Students Halls
 0h00:03.105 2021/06/14T11:08:59z: AP_STAR tmr
 ets Jan  8 2013,rst cause:1, boot mode:(3,7)

load 0x4010f000, len 1384, room 16 
tail 8
chksum 0x2d
csum 0x2d
v8b899c12
~ld


6.01
 0h00:03.073 2021/06/14T11:28:55z: DS3231
 0h00:03.088 2021/06/14T11:28:55z: BME280 (0x76)
 0h00:03.102 2021/06/14T11:28:55z: 10:52:1c:4c:86:4
 0h00:03.104 2021/06/14T11:28:55z: SSID: Apollonia Students Halls
 0h00:03.109 2021/06/14T11:28:55z: AP_STAR tmr
 ets Jan  8 2013,rst cause:1, boot mode:(3,7)

load 0x4010f000, len 1384, room 16 
tail 8
chksum 0x2d
csum 0x2d
v8b899c12
~ld


6.01
 0h00:03.080 2021/06/14T11:48:51z: DS3231
 0h00:03.095 2021/06/14T11:48:51z: BME280 (0x76)
 0h00:03.109 2021/06/14T11:48:51z: 10:52:1c:4c:86:4
 0h00:03.111 2021/06/14T11:48:51z: SSID: Apollonia Students Halls
 0h00:03.116 2021/06/14T11:48:51z: AP_STAR tmr
 ets Jan  8 2013,rst cause:1, boot mode:(3,7)

load 0x4010f000, len 1384, room 16 
tail 8
chksum 0x2d
csum 0x2d
v8b899c12
~ld


6.01
 0h00:03.048 2021/06/14T12:08:48z: DS3231
 0h00:03.064 2021/06/14T12:08:48z: BME280 (0x76)
 0h00:03.078 2021/06/14T12:08:48z: 10:52:1c:4c:86:4
 0h00:03.079 2021/06/14T12:08:48z: SSID: Apollonia Students Halls
 0h00:03.085 2021/06/14T12:08:48z: AP_STAR tmr
 ets Jan  8 2013,rst cause:1, boot mode:(3,7)

load 0x4010f000, len 1384, room 16 
tail 8
chksum 0x2d
csum 0x2d
v8b899c12
~ld


6.01
 0h00:03.049 2021/06/14T12:28:44z: DS3231
 0h00:03.064 2021/06/14T12:28:44z: BME280 (0x76)
 0h00:03.078 2021/06/14T12:28:44z: 10:52:1c:4c:86:4
 0h00:03.080 2021/06/14T12:28:44z: SSID: Apollonia Students Halls
 0h00:03.085 2021/06/14T12:28:44z: AP_STAR tmr
 ets Jan  8 2013,rst cause:1, boot mode:(3,7)

load 0x4010f000, len 1384, room 16 
tail 8
chksum 0x2d
csum 0x2d
v8b899c12
~ld


6.01
 0h00:03.054 2021/06/14T12:48:40z: DS3231
 0h00:03.069 2021/06/14T12:48:40z: BME280 (0x76)
 0h00:03.084 2021/06/14T12:48:40z: 10:52:1c:4c:86:4
 0h00:03.085 2021/06/14T12:48:40z: SSID: Apollonia Students Halls
 0h00:03.090 2021/06/14T12:48:40z: AP_STAR tmr
 ets Jan  8 2013,rst cause:1, boot mode:(3,7)

load 0x4010f000, len 1384, room 16 
tail 8
chksum 0x2d
csum 0x2d
v8b899c12
~ld


6.01
 0h00:03.050 2021/06/14T13:08:37z: DS3231
 0h00:03.065 2021/06/14T13:08:37z: BME280 (0x76)
 0h00:03.079 2021/06/14T13:08:37z: 10:52:1c:4c:86:4
 0h00:03.081 2021/06/14T13:08:37z: SSID: Apollonia Students Halls
 0h00:03.086 2021/06/14T13:08:37z: AP_STAR tmr
 ets Jan  8 2013,rst cause:1, boot mode:(3,7)

load 0x4010f000, len 1384, room 16 
tail 8
chksum 0x2d
csum 0x2d
v8b899c12
~ld


6.01
 0h00:03.060 2021/06/14T13:28:33z: DS3231
 0h00:03.075 2021/06/14T13:28:33z: BME280 (0x76)
 0h00:03.089 2021/06/14T13:28:33z: 10:52:1c:4c:86:4
 0h00:03.091 2021/06/14T13:28:33z: SSID: Apollonia Students Halls
 0h00:03.096 2021/06/14T13:28:33z: AP_STAR tmr
 ets Jan  8 2013,rst cause:1, boot mode:(3,7)

load 0x4010f000, len 1384, room 16 
tail 8
chksum 0x2d
csum 0x2d
v8b899c12
~ld


6.01
 0h00:03.052 2021/06/14T13:48:29z: DS3231
 0h00:03.067 2021/06/14T13:48:29z: BME280 (0x76)
 0h00:03.081 2021/06/14T13:48:29z: 10:52:1c:4c:86:4
 0h00:03.083 2021/06/14T13:48:29z: SSID: Apollonia Students Halls
 0h00:03.088 2021/06/14T13:48:29z: AP_STAR tmr
 ets Jan  8 2013,rst cause:1, boot mode:(3,7)

load 0x4010f000, len 1384, room 16 
tail 8
chksum 0x2d
csum 0x2d
v8b899c12
~ld


6.01
 0h00:03.059 2021/06/14T14:08:25z: DS3231
 0h00:03.074 2021/06/14T14:08:25z: BME280 (0x76)
 0h00:03.089 2021/06/14T14:08:25z: 10:52:1c:4c:86:4
 0h00:03.090 2021/06/14T14:08:25z: SSID: Apollonia Students Halls
 0h00:03.095 2021/06/14T14:08:25z: AP_STAR tmr
 ets Jan  8 2013,rst cause:1, boot mode:(3,7)

load 0x4010f000, len 1384, room 16 
tail 8
chksum 0x2d
csum 0x2d
v8b899c12
~ld


6.01
 0h00:03.065 2021/06/14T14:28:21z: DS3231
 0h00:03.080 2021/06/14T14:28:21z: BME280 (0x76)
 0h00:03.095 2021/06/14T14:28:21z: 10:52:1c:4c:86:4
 0h00:03.096 2021/06/14T14:28:21z: SSID: Apollonia Students Halls
 0h00:03.101 2021/06/14T14:28:21z: AP_STAR tmr
 ets Jan  8 2013,rst cause:1, boot mode:(3,7)

load 0x4010f000, len 1384, room 16 
tail 8
chksum 0x2d
csum 0x2d
v8b899c12
~ld


6.01
 0h00:03.054 2021/06/14T14:48:17z: DS3231
 0h00:03.069 2021/06/14T14:48:17z: BME280 (0x76)
 0h00:03.083 2021/06/14T14:48:17z: 10:52:1c:4c:86:4
 0h00:03.085 2021/06/14T14:48:17z: SSID: Apollonia Students Halls
 0h00:03.090 2021/06/14T14:48:17z: AP_STAR tmr
 ets Jan  8 2013,rst cause:1, boot mode:(3,7)

load 0x4010f000, len 1384, room 16 
tail 8
chksum 0x2d
csum 0x2d
v8b899c12
~ld


6.01
 0h00:03.066 2021/06/14T15:08:14z: DS3231
 0h00:03.082 2021/06/14T15:08:14z: BME280 (0x76)
 0h00:03.096 2021/06/14T15:08:14z: 10:52:1c:4c:86:4
 0h00:03.097 2021/06/14T15:08:14z: SSID: Apollonia Students Halls
 0h00:03.103 2021/06/14T15:08:14z: AP_STAR tmr
 ets Jan  8 2013,rst cause:1, boot mode:(3,7)

load 0x4010f000, len 1384, room 16 
tail 8
chksum 0x2d
csum 0x2d
v8b899c12
~ld


6.01
 0h00:03.071 2021/06/14T15:28:11z: DS3231
 0h00:03.087 2021/06/14T15:28:11z: BME280 (0x76)
 0h00:03.101 2021/06/14T15:28:11z: 10:52:1c:4c:86:4
 0h00:03.103 2021/06/14T15:28:11z: SSID: Apollonia Students Halls
 0h00:03.108 2021/06/14T15:28:11z: AP_STAR tmr
 ets Jan  8 2013,rst cause:1, boot mode:(3,7)

load 0x4010f000, len 1384, room 16 
tail 8
chksum 0x2d
csum 0x2d
v8b899c12
~ld


6.01
 0h00:03.079 2021/06/14T15:48:07z: DS3231
 0h00:03.094 2021/06/14T15:48:07z: BME280 (0x76)
 0h00:03.108 2021/06/14T15:48:07z: 10:52:1c:4c:86:4
 0h00:03.110 2021/06/14T15:48:07z: SSID: Apollonia Students Halls
 0h00:03.115 2021/06/14T15:48:07z: AP_STAR tmr
 ets Jan  8 2013,rst cause:1, boot mode:(3,7)

load 0x4010f000, len 1384, room 16 
tail 8
chksum 0x2d
csum 0x2d
v8b899c12
~ld


6.01
 0h00:03.055 2021/06/14T16:08:03z: DS3231
 0h00:03.070 2021/06/14T16:08:03z: BME280 (0x76)
 0h00:03.084 2021/06/14T16:08:03z: 10:52:1c:4c:86:4
 0h00:03.086 2021/06/14T16:08:03z: SSID: Apollonia Students Halls
 0h00:03.091 2021/06/14T16:08:03z: AP_STAR tmr
 ets Jan  8 2013,rst cause:1, boot mode:(3,7)

load 0x4010f000, len 1384, room 16 
tail 8
chksum 0x2d
csum 0x2d
v8b899c12
~ld


6.01
 0h00:03.058 2021/06/14T16:27:58z: DS3231
 0h00:03.073 2021/06/14T16:27:58z: BME280 (0x76)
 0h00:03.087 2021/06/14T16:27:58z: 10:52:1c:4c:86:4
 0h00:03.089 2021/06/14T16:27:58z: SSID: Apollonia Students Halls
 0h00:03.094 2021/06/14T16:27:58z: AP_STAR tmr
 ets Jan  8 2013,rst cause:1, boot mode:(3,7)

load 0x4010f000, len 1384, room 16 
tail 8
chksum 0x2d
csum 0x2d
v8b899c12
~ld


6.01
 0h00:03.052 2021/06/14T16:47:54z: DS3231
 0h00:03.068 2021/06/14T16:47:54z: BME280 (0x76)
 0h00:03.082 2021/06/14T16:47:54z: 10:52:1c:4c:86:4
 0h00:03.083 2021/06/14T16:47:54z: SSID: Apollonia Students Halls
 0h00:03.089 2021/06/14T16:47:54z: AP_STAR tmr
 ets Jan  8 2013,rst cause:1, boot mode:(3,7)

load 0x4010f000, len 1384, room 16 
tail 8
chksum 0x2d
csum 0x2d
v8b899c12
~ld


6.01
 0h00:03.050 2021/06/14T17:07:50z: DS3231
 0h00:03.065 2021/06/14T17:07:50z: BME280 (0x76)
 0h00:03.079 2021/06/14T17:07:50z: 10:52:1c:4c:86:4
 0h00:03.081 2021/06/14T17:07:50z: SSID: Apollonia Students Halls
 0h00:03.086 2021/06/14T17:07:50z: AP_STAR tmr
 ets Jan  8 2013,rst cause:1, boot mode:(3,7)

load 0x4010f000, len 1384, room 16 
tail 8
chksum 0x2d
csum 0x2d
v8b899c12
~ld


6.01
 0h00:03.056 2021/06/14T17:27:46z: DS3231
 0h00:03.072 2021/06/14T17:27:46z: BME280 (0x76)
 0h00:03.086 2021/06/14T17:27:46z: 10:52:1c:4c:86:4
 0h00:03.088 2021/06/14T17:27:46z: SSID: Apollonia Students Halls
 0h00:03.093 2021/06/14T17:27:46z: AP_STAR tmr
 ets Jan  8 2013,rst cause:1, boot mode:(3,7)

load 0x4010f000, len 1384, room 16 
tail 8
chksum 0x2d
csum 0x2d
v8b899c12
~ld


6.01
 0h00:03.069 2021/06/14T17:47:42z: DS3231
 0h00:03.084 2021/06/14T17:47:42z: BME280 (0x76)
 0h00:03.098 2021/06/14T17:47:42z: 10:52:1c:4c:86:4
 0h00:03.100 2021/06/14T17:47:42z: SSID: Apollonia Students Halls
 0h00:03.105 2021/06/14T17:47:42z: AP_STAR tmr
 ets Jan  8 2013,rst cause:1, boot mode:(3,7)

load 0x4010f000, len 1384, room 16 
tail 8
chksum 0x2d
csum 0x2d
v8b899c12
~ld


6.01
 0h00:03.067 2021/06/14T18:07:38z: DS3231
 0h00:03.082 2021/06/14T18:07:38z: BME280 (0x76)
 0h00:03.097 2021/06/14T18:07:38z: 10:52:1c:4c:86:4
 0h00:03.098 2021/06/14T18:07:38z: SSID: Apollonia Students Halls
 0h00:03.104 2021/06/14T18:07:38z: AP_STAR tmr
 ets Jan  8 2013,rst cause:1, boot mode:(3,7)

load 0x4010f000, len 1384, room 16 
tail 8
chksum 0x2d
csum 0x2d
v8b899c12
~ld


6.01
 0h00:03.077 2021/06/14T18:27:34z: DS3231
 0h00:03.092 2021/06/14T18:27:34z: BME280 (0x76)
 0h00:03.106 2021/06/14T18:27:34z: 10:52:1c:4c:86:4
 0h00:03.108 2021/06/14T18:27:34z: SSID: Apollonia Students Halls
 0h00:03.113 2021/06/14T18:27:34z: AP_STAR tmr
 ets Jan  8 2013,rst cause:1, boot mode:(3,7)

load 0x4010f000, len 1384, room 16 
tail 8
chksum 0x2d
csum 0x2d
v8b899c12
~ld


6.01
 0h00:03.047 2021/06/14T18:47:30z: DS3231
 0h00:03.063 2021/06/14T18:47:30z: BME280 (0x76)
 0h00:03.077 2021/06/14T18:47:30z: 10:52:1c:4c:86:4
 0h00:03.079 2021/06/14T18:47:30z: SSID: Apollonia Students Halls
 0h00:03.084 2021/06/14T18:47:30z: AP_STAR tmr
 ets Jan  8 2013,rst cause:1, boot mode:(3,7)

load 0x4010f000, len 1384, room 16 
tail 8
chksum 0x2d
csum 0x2d
v8b899c12
~ld


6.01
 0h00:03.052 2021/06/14T19:07:27z: DS3231
 0h00:03.067 2021/06/14T19:07:27z: BME280 (0x76)
 0h00:03.081 2021/06/14T19:07:27z: 10:52:1c:4c:86:4
 0h00:03.083 2021/06/14T19:07:27z: SSID: Apollonia Students Halls
 0h00:03.088 2021/06/14T19:07:27z: AP_STAR tmr
 ets Jan  8 2013,rst cause:1, boot mode:(3,7)

load 0x4010f000, len 1384, room 16 
tail 8
chksum 0x2d
csum 0x2d
v8b899c12
~ld


6.01
 0h00:03.051 2021/06/14T19:27:23z: DS3231
 0h00:03.067 2021/06/14T19:27:23z: BME280 (0x76)
 0h00:03.081 2021/06/14T19:27:23z: 10:52:1c:4c:86:4
 0h00:03.083 2021/06/14T19:27:23z: SSID: Apollonia Students Halls
 0h00:03.088 2021/06/14T19:27:23z: AP_STAR tmr
 ets Jan  8 2013,rst cause:1, boot mode:(3,7)

load 0x4010f000, len 1384, room 16 
tail 8
chksum 0x2d
csum 0x2d
v8b899c12
~ld


6.01
 0h00:03.047 2021/06/14T19:47:19z: DS3231
 0h00:03.063 2021/06/14T19:47:19z: BME280 (0x76)
 0h00:03.077 2021/06/14T19:47:19z: 10:52:1c:4c:86:4
 0h00:03.079 2021/06/14T19:47:19z: SSID: Apollonia Students Halls
 0h00:03.084 2021/06/14T19:47:19z: AP_STAR tmr
 ets Jan  8 2013,rst cause:1, boot mode:(3,7)

load 0x4010f000, len 1384, room 16 
tail 8
chksum 0x2d
csum 0x2d
v8b899c12
~ld


6.01
 0h00:03.056 2021/06/14T20:07:16z: DS3231
 0h00:03.071 2021/06/14T20:07:16z: BME280 (0x76)
 0h00:03.085 2021/06/14T20:07:16z: 10:52:1c:4c:86:4
 0h00:03.087 2021/06/14T20:07:16z: SSID: Apollonia Students Halls
 0h00:03.092 2021/06/14T20:07:16z: AP_STAR tmr
 ets Jan  8 2013,rst cause:1, boot mode:(3,7)

load 0x4010f000, len 1384, room 16 
tail 8
chksum 0x2d
csum 0x2d
v8b899c12
~ld


6.01
 0h00:03.066 2021/06/14T20:27:11z: DS3231
 0h00:03.081 2021/06/14T20:27:11z: BME280 (0x76)
 0h00:03.095 2021/06/14T20:27:11z: 10:52:1c:4c:86:4
 0h00:03.097 2021/06/14T20:27:11z: SSID: Apollonia Students Halls
 0h00:03.102 2021/06/14T20:27:11z: AP_STAR tmr
 ets Jan  8 2013,rst cause:1, boot mode:(3,7)

load 0x4010f000, len 1384, room 16 
tail 8
chksum 0x2d
csum 0x2d
v8b899c12
~ld


6.01
 0h00:03.063 2021/06/14T20:47:07z: DS3231
 0h00:03.079 2021/06/14T20:47:07z: BME280 (0x76)
 0h00:03.093 2021/06/14T20:47:07z: 10:52:1c:4c:86:4
 0h00:03.095 2021/06/14T20:47:07z: SSID: Apollonia Students Halls
 0h00:03.100 2021/06/14T20:47:07z: AP_STAR tmr
 ets Jan  8 2013,rst cause:1, boot mode:(3,7)

load 0x4010f000, len 1384, room 16 
tail 8
chksum 0x2d
csum 0x2d
v8b899c12
~ld


6.01
 0h00:03.081 2021/06/14T21:07:04z: DS3231
 0h00:03.096 2021/06/14T21:07:04z: BME280 (0x76)
 0h00:03.110 2021/06/14T21:07:04z: 10:52:1c:4c:86:4
 0h00:03.112 2021/06/14T21:07:04z: SSID: Apollonia Students Halls
 0h00:03.117 2021/06/14T21:07:04z: AP_STAR tmr
 ets Jan  8 2013,rst cause:1, boot mode:(3,7)

load 0x4010f000, len 1384, room 16 
tail 8
chksum 0x2d
csum 0x2d
v8b899c12
~ld


6.01
 0h00:03.053 2021/06/14T21:27:01z: DS3231
 0h00:03.068 2021/06/14T21:27:01z: BME280 (0x76)
 0h00:03.082 2021/06/14T21:27:01z: 10:52:1c:4c:86:4
 0h00:03.084 2021/06/14T21:27:01z: SSID: Apollonia Students Halls
 0h00:03.089 2021/06/14T21:27:01z: AP_STAR tmr
 ets Jan  8 2013,rst cause:1, boot mode:(3,7)

load 0x4010f000, len 1384, room 16 
tail 8
chksum 0x2d
csum 0x2d
v8b899c12
~ld


6.01
 0h00:03.050 2021/06/14T21:46:58z: DS3231
 0h00:03.065 2021/06/14T21:46:58z: BME280 (0x76)
 0h00:03.079 2021/06/14T21:46:58z: 10:52:1c:4c:86:4
 0h00:03.081 2021/06/14T21:46:58z: SSID: Apollonia Students Halls
 0h00:03.086 2021/06/14T21:46:58z: AP_STAR tmr
 ets Jan  8 2013,rst cause:1, boot mode:(3,7)

load 0x4010f000, len 1384, room 16 
tail 8
chksum 0x2d
csum 0x2d
v8b899c12
~ld


6.01
 0h00:03.045 2021/06/14T22:06:53z: DS3231
 0h00:03.061 2021/06/14T22:06:53z: BME280 (0x76)
 0h00:03.075 2021/06/14T22:06:53z: 10:52:1c:4c:86:4
 0h00:03.077 2021/06/14T22:06:53z: SSID: Apollonia Students Halls
 0h00:03.082 2021/06/14T22:06:53z: AP_STAR tmr
 ets Jan  8 2013,rst cause:1, boot mode:(3,7)

load 0x4010f000, len 1384, room 16 
tail 8
chksum 0x2d
csum 0x2d
v8b899c12
~ld


6.01
 0h00:03.049 2021/06/14T22:26:50z: DS3231
 0h00:03.064 2021/06/14T22:26:50z: BME280 (0x76)
 0h00:03.078 2021/06/14T22:26:50z: 10:52:1c:4c:86:4
 0h00:03.080 2021/06/14T22:26:50z: SSID: Apollonia Students Halls
 0h00:03.085 2021/06/14T22:26:50z: AP_STAR tmr
 ets Jan  8 2013,rst cause:1, boot mode:(3,7)

load 0x4010f000, len 1384, room 16 
tail 8
chksum 0x2d
csum 0x2d
v8b899c12
~ld


6.01
 0h00:03.056 2021/06/14T22:46:47z: DS3231
 0h00:03.071 2021/06/14T22:46:47z: BME280 (0x76)
 0h00:03.085 2021/06/14T22:46:47z: 10:52:1c:4c:86:4
 0h00:03.087 2021/06/14T22:46:47z: SSID: Apollonia Students Halls
 0h00:03.092 2021/06/14T22:46:47z: AP_STAR tmr
 ets Jan  8 2013,rst cause:1, boot mode:(3,7)

load 0x4010f000, len 1384, room 16 
tail 8
chksum 0x2d
csum 0x2d
v8b899c12
~ld


6.01
 0h00:03.067 2021/06/14T23:06:44z: DS3231
 0h00:03.082 2021/06/14T23:06:44z: BME280 (0x76)
 0h00:03.096 2021/06/14T23:06:44z: 10:52:1c:4c:86:4
 0h00:03.098 2021/06/14T23:06:44z: SSID: Apollonia Students Halls
 0h00:03.103 2021/06/14T23:06:44z: AP_STAR tmr
 ets Jan  8 2013,rst cause:1, boot mode:(3,7)

load 0x4010f000, len 1384, room 16 
tail 8
chksum 0x2d
csum 0x2d
v8b899c12
~ld


6.01
 0h00:03.068 2021/06/14T23:26:39z: DS3231
 0h00:03.083 2021/06/14T23:26:39z: BME280 (0x76)
 0h00:03.097 2021/06/14T23:26:39z: 10:52:1c:4c:86:4
 0h00:03.099 2021/06/14T23:26:39z: SSID: Apollonia Students Halls
 0h00:03.104 2021/06/14T23:26:40z: AP_STAR tmr
 ets Jan  8 2013,rst cause:1, boot mode:(3,7)

load 0x4010f000, len 1384, room 16 
tail 8
chksum 0x2d
csum 0x2d
v8b899c12
~ld


6.01
 0h00:03.082 2021/06/14T23:46:36z: DS3231
 0h00:03.097 2021/06/14T23:46:36z: BME280 (0x76)
 0h00:03.112 2021/06/14T23:46:36z: 10:52:1c:4c:86:4
 0h00:03.113 2021/06/14T23:46:36z: SSID: Apollonia Students Halls
 0h00:03.118 2021/06/14T23:46:36z: AP_STA