R tmr
 ets Jan  8 2013,rst cause:1, boot mode:(3,7)

load 0x4010f000, len 1384, room 16 
tail 8
chksum 0x2d
csum 0x2d
v8b899c12
~ld


6.01
 0h00:03.014 2021/05/26T11:45:31z: DS3231
 0h00:03.030 2021/05/26T11:45:31z: BME280 (0x76)
 0h00:03.044 2021/05/26T11:45:31z: 10:52:1c:41:b0:6b
 0h00:03.046 2021/05/26T11:45:31z: SSID: purpleAir-aa9c
 0h00:03.051 2021/05/26T11:45:31z: AP_STAR tmr
 ets Jan  8 2013,rst cause:1, boot mode:(3,7)

load 0x4010f000, len 1384, room 16 
tail 8
chksum 0x2d
csum 0x2d
v8b899c12
~ld


6.01
 0h00:03.017 2021/05/26T12:05:27z: DS3231
 0h00:03.032 2021/05/26T12:05:27z: BME280 (0x76)
 0h00:03.046 2021/05/26T12:05:27z: 10:52:1c:41:b0:6b
 0h00:03.048 2021/05/26T12:05:27z: SSID: purpleAir-aa9c
 0h00:03.053 2021/05/26T12:05:27z: AP_STAR tmr
 ets Jan  8 2013,rst cause:1, boot mode:(3,7)

load 0x4010f000, len 1384, room 16 
tail 8
chksum 0x2d
csum 0x2d
v8b899c12
~ld


6.01
 0h00:03.021 2021/05/26T12:25:23z: DS3231
 0h00:03.036 2021/05/26T12:25:23z: BME280 (0x76)
 0h00:03.050 2021/05/26T12:25:23z: 10:52:1c:41:b0:6b
 0h00:03.052 2021/05/26T12:25:23z: SSID: purpleAir-aa9c
 0h00:03.057 2021/05/26T12:25:23z: AP_STAR tmr
 ets Jan  8 2013,rst cause:1, boot mode:(3,7)

load 0x4010f000, len 1384, room 16 
tail 8
chksum 0x2d
csum 0x2d
v8b899c12
~ld


6.01
 0h00:03.030 2021/05/26T12:45:19z: DS3231
 0h00:03.045 2021/05/26T12:45:19z: BME280 (0x76)
 0h00:03.060 2021/05/26T12:45:19z: 10:52:1c:41:b0:6b
 0h00:03.061 2021/05/26T12:45:19z: SSID: purpleAir-aa9c
 0h00:03.066 2021/05/26T12:45:19z: AP_STAR tmr
 ets Jan  8 2013,rst cause:1, boot mode:(3,7)

load 0x4010f000, len 1384, room 16 
tail 8
chksum 0x2d
csum 0x2d
v8b899c12
~ld


6.01
 0h00:03.035 2021/05/26T13:05:15z: DS3231
 0h00:03.050 2021/05/26T13:05:15z: BME280 (0x76)
 0h00:03.065 2021/05/26T13:05:15z: 10:52:1c:41:b0:6b
 0h00:03.066 2021/05/26T13:05:15z: SSID: purpleAir-aa9c
 0h00:03.071 2021/05/26T13:05:15z: AP_STAR tmr
 ets Jan  8 2013,rst cause:1, boot mode:(3,7)

load 0x4010f000, len 1384, room 16 
tail 8
chksum 0x2d
csum 0x2d
v8b899c12
~ld


6.01
 0h00:03.043 2021/05/26T13:25:11z: DS3231
 0h00:03.058 2021/05/26T13:25:11z: BME280 (0x76)
 0h00:03.072 2021/05/26T13:25:11z: 10:52:1c:41:b0:6b
 0h00:03.074 2021/05/26T13:25:11z: SSID: purpleAir-aa9c
 0h00:03.079 2021/05/26T13:25:11z: AP_STAR tmr
 ets Jan  8 2013,rst cause:1, boot mode:(3,7)

load 0x4010f000, len 1384, room 16 
tail 8
chksum 0x2d
csum 0x2d
v8b899c12
~ld


6.01
 0h00:03.010 2021/05/26T13:45:07z: DS3231
 0h00:03.025 2021/05/26T13:45:07z: BME280 (0x76)
 0h00:03.039 2021/05/26T13:45:07z: 10:52:1c:41:b0:6b
 0h00:03.041 2021/05/26T13:45:07z: SSID: purpleAir-aa9c
 0h00:03.046 2021/05/26T13:45:07z: AP_STAR tmr
 ets Jan  8 2013,rst cause:1, boot mode:(3,7)

load 0x4010f000, len 1384, room 16 
tail 8
chksum 0x2d
csum 0x2d
v8b899c12
~ld


6.01
 0h00:03.014 2021/05/26T14:05:03z: DS3231
 0h00:03.029 2021/05/26T14:05:03z: BME280 (0x76)
 0h00:03.043 2021/05/26T14:05:03z: 10:52:1c:41:b0:6b
 0h00:03.045 2021/05/26T14:05:03z: SSID: purpleAir-aa9c
 0h00:03.050 2021/05/26T14:05:03z: AP_STAR tmr
 ets Jan  8 2013,rst cause:1, boot mode:(3,7)

load 0x4010f000, len 1384, room 16 
tail 8
chksum 0x2d
csum 0x2d
v8b899c12
~ld


6.01
 0h00:03.019 2021/05/26T14:24:59z: DS3231
 0h00:03.034 2021/05/26T14:24:59z: BME280 (0x76)
 0h00:03.048 2021/05/26T14:24:59z: 10:52:1c:41:b0:6b
 0h00:03.050 2021/05/26T14:24:59z: SSID: purpleAir-aa9c
 0h00:03.055 2021/05/26T14:24:59z: AP_STAR tmr
 ets Jan  8 2013,rst cause:1, boot mode:(3,7)

load 0x4010f000, len 1384, room 16 
tail 8
chksum 0x2d
csum 0x2d
v8b899c12
~ld


6.01
 0h00:03.015 2021/05/26T14:44:55z: DS3231
 0h00:03.030 2021/05/26T14:44:55z: BME280 (0x76)
 0h00:03.044 2021/05/26T14:44:55z: 10:52:1c:41:b0:6b
 0h00:03.046 2021/05/26T14:44:55z: SSID: purpleAir-aa9c
 0h00:03.051 2021/05/26T14:44:55z: AP_STAR tmr
 ets Jan  8 2013,rst cause:1, boot mode:(3,7)

load 0x4010f000, len 1384, room 16 
tail 8
chksum 0x2d
csum 0x2d
v8b899c12
~ld


6.01
 0h00:03.015 2021/05/26T15:04:51z: DS3231
 0h00:03.030 2021/05/26T15:04:51z: BME280 (0x76)
 0h00:03.045 2021/05/26T15:04:51z: 10:52:1c:41:b0:6b
 0h00:03.046 2021/05/26T15:04:51z: SSID: purpleAir-aa9c
 0h00:03.051 2021/05/26T15:04:51z: AP_STAR tmr
 ets Jan  8 2013,rst cause:1, boot mode:(3,7)

load 0x4010f000, len 1384, room 16 
tail 8
chksum 0x2d
csum 0x2d
v8b899c12
~ld


6.01
 0h00:03.024 2021/05/26T15:24:47z: DS3231
 0h00:03.040 2021/05/26T15:24:47z: BME280 (0x76)
 0h00:03.054 2021/05/26T15:24:47z: 10:52:1c:41:b0:6b
 0h00:03.056 2021/05/26T15:24:47z: SSID: purpleAir-aa9c
 0h00:03.061 2021/05/26T15:24:47z: AP_STAR tmr
 ets Jan  8 2013,rst cause:1, boot mode:(3,7)

load 0x4010f000, len 1384, room 16 
tail 8
chksum 0x2d
csum 0x2d
v8b899c12
~ld


6.01
 0h00:03.029 2021/05/26T15:44:44z: DS3231
 0h00:03.044 2021/05/26T15:44:44z: BME280 (0x76)
 0h00:03.058 2021/05/26T15:44:44z: 10:52:1c:41:b0:6b
 0h00:03.060 2021/05/26T15:44:44z: SSID: purpleAir-aa9c
 0h00:03.065 2021/05/26T15:44:44z: AP_STAR tmr
 ets Jan  8 2013,rst cause:1, boot mode:(3,7)

load 0x4010f000, len 1384, room 16 
tail 8
chksum 0x2d
csum 0x2d
v8b899c12
~ld


6.01
 0h00:03.041 2021/05/26T16:04:40z: DS3231
 0h00:03.056 2021/05/26T16:04:40z: BME280 (0x76)
 0h00:03.070 2021/05/26T16:04:40z: 10:52:1c:41:b0:6b
 0h00:03.072 2021/05/26T16:04:40z: SSID: purpleAir-aa9c
 0h00:03.077 2021/05/26T16:04:40z: AP_STAR tmr
 ets Jan  8 2013,rst cause:1, boot mode:(3,7)

load 0x4010f000, len 1384, room 16 
tail 8
chksum 0x2d
csum 0x2d
v8b899c12
~ld


6.01
 0h00:03.010 2021/05/26T16:24:36z: DS3231
 0h00:03.026 2021/05/26T16:24:36z: BME280 (0x76)
 0h00:03.040 2021/05/26T16:24:36z: 10:52:1c:41:b0:6b
 0h00:03.041 2021/05/26T16:24:36z: SSID: purpleAir-aa9c
 0h00:03.047 2021/05/26T16:24:36z: AP_STAR tmr
 ets Jan  8 2013,rst cause:1, boot mode:(3,7)

load 0x4010f000, len 1384, room 16 
tail 8
chksum 0x2d
csum 0x2d
v8b899c12
~ld


6.01
 0h00:03.018 2021/05/26T16:44:32z: DS3231
 0h00:03.034 2021/05/26T16:44:32z: BME280 (0x76)
 0h00:03.048 2021/05/26T16:44:32z: 10:52:1c:41:b0:6b
 0h00:03.049 2021/05/26T16:44:32z: SSID: purpleAir-aa9c
 0h00:03.055 2021/05/26T16:44:32z: AP_STAR tmr
 ets Jan  8 2013,rst cause:1, boot mode:(3,7)

load 0x4010f000, len 1384, room 16 
tail 8
chksum 0x2d
csum 0x2d
v8b899c12
~ld


6.01
 0h00:03.020 2021/05/26T17:04:28z: DS3231
 0h00:03.035 2021/05/26T17:04:28z: BME280 (0x76)
 0h00:03.049 2021/05/26T17:04:28z: 10:52:1c:41:b0:6b
 0h00:03.051 2021/05/26T17:04:28z: SSID: purpleAir-aa9c
 0h00:03.056 2021/05/26T17:04:28z: AP_STAR tmr
 ets Jan  8 2013,rst cause:1, boot mode:(3,7)

load 0x4010f000, len 1384, room 16 
tail 8
chksum 0x2d
csum 0x2d
v8b899c12
~ld


6.01
 0h00:03.011 2021/05/26T17:24:24z: DS3231
 0h00:03.026 2021/05/26T17:24:24z: BME280 (0x76)
 0h00:03.040 2021/05/26T17:24:24z: 10:52:1c:41:b0:6b
 0h00:03.042 2021/05/26T17:24:24z: SSID: purpleAir-aa9c
 0h00:03.047 2021/05/26T17:24:24z: AP_STAR tmr
 ets Jan  8 2013,rst cause:1, boot mode:(3,7)

load 0x4010f000, len 1384, room 16 
tail 8
chksum 0x2d
csum 0x2d
v8b899c12
~ld


6.01
 0h00:03.019 2021/05/26T17:44:20z: DS3231
 0h00:03.034 2021/05/26T17:44:20z: BME280 (0x76)
 0h00:03.048 2021/05/26T17:44:20z: 10:52:1c:41:b0:6b
 0h00:03.050 2021/05/26T17:44:20z: SSID: purpleAir-aa9c
 0h00:03.055 2021/05/26T17:44:20z: AP_STAR tmr
 ets Jan  8 2013,rst cause:1, boot mode:(3,7)

load 0x4010f000, len 1384, room 16 
tail 8
chksum 0x2d
csum 0x2d
v8b899c12
~ld


6.01
 0h00:03.033 2021/05/26T18:04:16z: DS3231
 0h00:03.048 2021/05/26T18:04:16z: BME280 (0x76)
 0h00:03.062 2021/05/26T18:04:16z: 10:52:1c:41:b0:6b
 0h00:03.064 2021/05/26T18:04:16z: SSID: purpleAir-aa9c
 0h00:03.069 2021/05/26T18:04:16z: AP_STAR tmr
 ets Jan  8 2013,rst cause:1, boot mode:(3,7)

load 0x4010f000, len 1384, room 16 
tail 8
chksum 0x2d
csum 0x2d
v8b899c12
~ld


6.01
 0h00:03.034 2021/05/26T18:24:12z: DS3231
 0h00:03.049 2021/05/26T18:24:12z: BME280 (0x76)
 0h00:03.063 2021/05/26T18:24:12z: 10:52:1c:41:b0:6b
 0h00:03.065 2021/05/26T18:24:12z: SSID: purpleAir-aa9c
 0h00:03.070 2021/05/26T18:24:12z: AP_STAR tmr
 ets Jan  8 2013,rst cause:1, boot mode:(3,7)

load 0x4010f000, len 1384, room 16 
tail 8
chksum 0x2d
csum 0x2d
v8b899c12
~ld


6.01
 0h00:03.049 2021/05/26T18:44:08z: DS3231
 0h00:03.065 2021/05/26T18:44:08z: BME280 (0x76)
 0h00:03.079 2021/05/26T18:44:08z: 10:52:1c:41:b0:6b
 0h00:03.080 2021/05/26T18:44:08z: SSID: purpleAir-aa9c
 0h00:03.086 2021/05/26T18:44:08z: AP_STAR tmr
 ets Jan  8 2013,rst cause:1, boot mode:(3,7)

load 0x4010f000, len 1384, room 16 
tail 8
chksum 0x2d
csum 0x2d
v8b899c12
~ld


6.01
 0h00:03.016 2021/05/26T19:04:05z: DS3231
 0h00:03.031 2021/05/26T19:04:05z: BME280 (0x76)
 0h00:03.045 2021/05/26T19:04:05z: 10:52:1c:41:b0:6b
 0h00:03.047 2021/05/26T19:04:05z: SSID: purpleAir-aa9c
 0h00:03.052 2021/05/26T19:04:05z: AP_STAR tmr
 ets Jan  8 2013,rst cause:1, boot mode:(3,7)

load 0x4010f000, len 1384, room 16 
tail 8
chksum 0x2d
csum 0x2d
v8b899c12
~ld


6.01
 0h00:03.021 2021/05/26T19:24:01z: DS3231
 0h00:03.036 2021/05/26T19:24:01z: BME280 (0x76)
 0h00:03.050 2021/05/26T19:24:01z: 10:52:1c:41:b0:6b
 0h00:03.052 2021/05/26T19:24:01z: SSID: purpleAir-aa9c
 0h00:03.057 2021/05/26T19:24:01z: AP_STAR tmr
 ets Jan  8 2013,rst cause:1, boot mode:(3,7)

load 0x4010f000, len 1384, room 16 
tail 8
chksum 0x2d
csum 0x2d
v8b899c12
~ld


6.01
 0h00:03.018 2021/05/26T19:43:57z: DS3231
 0h00:03.033 2021/05/26T19:43:57z: BME280 (0x76)
 0h00:03.047 2021/05/26T19:43:57z: 10:52:1c:41:b0:6b
 0h00:03.049 2021/05/26T19:43:57z: SSID: purpleAir-aa9c
 0h00:03.054 2021/05/26T19:43:57z: AP_STAR tmr
 ets Jan  8 2013,rst cause:1, boot mode:(3,7)

load 0x4010f000, len 1384, room 16 
tail 8
chksum 0x2d
csum 0x2d
v8b899c12
~ld


6.01
 0h00:03.023 2021/05/26T20:03:53z: DS3231
 0h00:03.038 2021/05/26T20:03:53z: BME280 (0x76)
 0h00:03.052 2021/05/26T20:03:53z: 10:52:1c:41:b0:6b
 0h00:03.054 2021/05/26T20:03:53z: SSID: purpleAir-aa9c
 0h00:03.059 2021/05/26T20:03:53z: AP_STAR tmr
 ets Jan  8 2013,rst cause:1, boot mode:(3,7)

load 0x4010f000, len 1384, room 16 
tail 8
chksum 0x2d
csum 0x2d
v8b899c12
~ld


6.01
 0h00:03.025 2021/05/26T20:23:49z: DS3231
 0h00:03.041 2021/05/26T20:23:49z: BME280 (0x76)
 0h00:03.055 2021/05/26T20:23:49z: 10:52:1c:41:b0:6b
 0h00:03.057 2021/05/26T20:23:49z: SSID: purpleAir-aa9c
 0h00:03.062 2021/05/26T20:23:49z: AP_STAR tmr
 ets Jan  8 2013,rst cause:1, boot mode:(3,7)

load 0x4010f000, len 1384, room 16 
tail 8
chksum 0x2d
csum 0x2d
v8b899c12
~ld


6.01
 0h00:03.034 2021/05/26T20:43:45z: DS3231
 0h00:03.049 2021/05/26T20:43:45z: BME280 (0x76)
 0h00:03.063 2021/05/26T20:43:45z: 10:52:1c:41:b0:6b
 0h00:03.065 2021/05/26T20:43:45z: SSID: purpleAir-aa9c
 0h00:03.070 2021/05/26T20:43:45z: AP_STAR tmr
 ets Jan  8 2013,rst cause:1, boot mode:(3,7)

load 0x4010f000, len 1384, room 16 
tail 8
chksum 0x2d
csum 0x2d
v8b899c12
~ld


6.01
 0h00:03.045 2021/05/26T21:03:41z: DS3231
 0h00:03.060 2021/05/26T21:03:41z: BME280 (0x76)
 0h00:03.075 2021/05/26T21:03:41z: 10:52:1c:41:b0:6b
 0h00:03.076 2021/05/26T21:03:41z: SSID: purpleAir-aa9c
 0h00:03.081 2021/05/26T21:03:41z: AP_STAR tmr
 ets Jan  8 2013,rst cause:1, boot mode:(3,7)

load 0x4010f000, len 1384, room 16 
tail 8
chksum 0x2d
csum 0x2d
v8b899c12
~ld


6.01
 0h00:03.044 2021/05/26T21:23:37z: DS3231
 0h00:03.059 2021/05/26T21:23:37z: BME280 (0x76)
 0h00:03.073 2021/05/26T21:23:37z: 10:52:1c:41:b0:6b
 0h00:03.075 2021/05/26T21:23:37z: SSID: purpleAir-aa9c
 0h00:03.080 2021/05/26T21:23:37z: AP_STAR tmr
 ets Jan  8 2013,rst cause:1, boot mode:(3,7)

load 0x4010f000, len 1384, room 16 
tail 8
chksum 0x2d
csum 0x2d
v8b899c12
~ld


6.01
 0h00:03.019 2021/05/26T21:43:33z: DS3231
 0h00:03.034 2021/05/26T21:43:33z: BME280 (0x76)
 0h00:03.048 2021/05/26T21:43:33z: 10:52:1c:41:b0:6b
 0h00:03.050 2021/05/26T21:43:33z: SSID: purpleAir-aa9c
 0h00:03.055 2021/05/26T21:43:33z: AP_STAR tmr
 ets Jan  8 2013,rst cause:1, boot mode:(3,7)

load 0x4010f000, len 1384, room 16 
tail 8
chksum 0x2d
csum 0x2d
v8b899c12
~ld


6.01
 0h00:03.023 2021/05/26T22:03:29z: DS3231
 0h00:03.038 2021/05/26T22:03:29z: BME280 (0x76)
 0h00:03.052 2021/05/26T22:03:29z: 10:52:1c:41:b0:6b
 0h00:03.054 2021/05/26T22:03:29z: SSID: purpleAir-aa9c
 0h00:03.059 2021/05/26T22:03:29z: AP_STAR tmr
 ets Jan  8 2013,rst cause:1, boot mode:(3,7)

load 0x4010f000, len 1384, room 16 
tail 8
chksum 0x2d
csum 0x2d
v8b899c12
~ld


6.01
 0h00:03.023 2021/05/26T22:23:25z: DS3231
 0h00:03.038 2021/05/26T22:23:25z: BME280 (0x76)
 0h00:03.052 2021/05/26T22:23:25z: 10:52:1c:41:b0:6b
 0h00:03.054 2021/05/26T22:23:25z: SSID: purpleAir-aa9c
 0h00:03.059 2021/05/26T22:23:25z: AP_STAR tmr
 ets Jan  8 2013,rst cause:1, boot mode:(3,7)

load 0x4010f000, len 1384, room 16 
tail 8
chksum 0x2d
csum 0x2d
v8b899c12
~ld


6.01
 0h00:03.020 2021/05/26T22:43:21z: DS3231
 0h00:03.035 2021/05/26T22:43:21z: BME280 (0x76)
 0h00:03.050 2021/05/26T22:43:21z: 10:52:1c:41:b0:6b
 0h00:03.051 2021/05/26T22:43:21z: SSID: purpleAir-aa9c
 0h00:03.056 2021/05/26T22:43:21z: AP_STAR tmr
 ets Jan  8 2013,rst cause:1, boot mode:(3,7)

load 0x4010f000, len 1384, room 16 
tail 8
chksum 0x2d
csum 0x2d
v8b899c12
~ld


6.01
 0h00:03.024 2021/05/26T23:03:17z: DS3231
 0h00:03.039 2021/05/26T23:03:17z: BME280 (0x76)
 0h00:03.053 2021/05/26T23:03:17z: 10:52:1c:41:b0:6b
 0h00:03.055 2021/05/26T23:03:17z: SSID: purpleAir-aa9c
 0h00:03.060 2021/05/26T23:03:17z: AP_STAR tmr
 ets Jan  8 2013,rst cause:1, boot mode:(3,7)

load 0x4010f000, len 1384, room 16 
tail 8
chksum 0x2d
csum 0x2d
v8b899c12
~ld


6.01
 0h00:03.021 2021/05/26T23:23:12z: DS3231
 0h00:03.036 2021/05/26T23:23:12z: BME280 (0x76)
 0h00:03.050 2021/05/26T23:23:12z: 10:52:1c:41:b0:6b
 0h00:03.052 2021/05/26T23:23:12z: SSID: purpleAir-aa9c
 0h00:03.057 2021/05/26T23:23:12z: AP_STAR tmr
 ets Jan  8 2013,rst cause:1, boot mode:(3,7)

load 0x4010f000, len 1384, room 16 
tail 8
chksum 0x2d
csum 0x2d
v8b899c12
~ld


6.01
 0h00:03.028 2021/05/26T23:43:09z: DS3231
 0h00:03.044 2021/05/26T23:43:09z: BME280 (0x76)
 0h00:03.058 2021/05/26T23:43:09z: 10:52:1c:41:b0:6b
 0h00:03.059 2021/05/26T23:43:09z: SSID: purpleAir-aa9c
 0h00:03.065 2021/05/26T23:43:09z: AP_STA