R tmr
 ets Jan  8 2013,rst cause:1, boot mode:(3,6)

load 0x4010f000, len 1384, room 16 
tail 8
chksum 0x2d
csum 0x2d
v8b899c12
~ld


6.01
 0h00:02.987 2021/05/27T00:05:56z: DS3231
 0h00:03.002 2021/05/27T00:05:56z: BME280 (0x76)
 0h00:03.016 2021/05/27T00:05:56z: 10:52:1c:4d:ae:9b
 0h00:03.018 2021/05/27T00:05:56z: SSID: Apollonia Students Halls
 0h00:03.023 2021/05/27T00:05:56z: AP_STAR tmr
 ets Jan  8 2013,rst cause:1, boot mode:(3,6)

load 0x4010f000, len 1384, room 16 
tail 8
chksum 0x2d
csum 0x2d
v8b899c12
~ld


6.01
 0h00:02.989 2021/05/27T00:25:53z: DS3231
 0h00:03.005 2021/05/27T00:25:53z: BME280 (0x76)
 0h00:03.019 2021/05/27T00:25:53z: 10:52:1c:4d:ae:9b
 0h00:03.020 2021/05/27T00:25:53z: SSID: Apollonia Students Halls
 0h00:03.026 2021/05/27T00:25:53z: AP_STAR tmr
 ets Jan  8 2013,rst cause:1, boot mode:(3,6)

load 0x4010f000, len 1384, room 16 
tail 8
chksum 0x2d
csum 0x2d
v8b899c12
~ld


6.01
 0h00:02.985 2021/05/27T00:45:49z: DS3231
 0h00:03.000 2021/05/27T00:45:49z: BME280 (0x76)
 0h00:03.014 2021/05/27T00:45:49z: 10:52:1c:4d:ae:9b
 0h00:03.016 2021/05/27T00:45:49z: SSID: Apollonia Students Halls
 0h00:03.021 2021/05/27T00:45:49z: AP_STAR tmr
 ets Jan  8 2013,rst cause:1, boot mode:(3,6)

load 0x4010f000, len 1384, room 16 
tail 8
chksum 0x2d
csum 0x2d
v8b899c12
~ld


6.01
 0h00:02.987 2021/05/27T01:05:45z: DS3231
 0h00:03.002 2021/05/27T01:05:45z: BME280 (0x76)
 0h00:03.016 2021/05/27T01:05:45z: 10:52:1c:4d:ae:9b
 0h00:03.018 2021/05/27T01:05:45z: SSID: Apollonia Students Halls
 0h00:03.023 2021/05/27T01:05:45z: AP_STAR tmr
 ets Jan  8 2013,rst cause:1, boot mode:(3,6)

load 0x4010f000, len 1384, room 16 
tail 8
chksum 0x2d
csum 0x2d
v8b899c12
~ld


6.01
 0h00:02.986 2021/05/27T01:25:42z: DS3231
 0h00:03.001 2021/05/27T01:25:42z: BME280 (0x76)
 0h00:03.016 2021/05/27T01:25:42z: 10:52:1c:4d:ae:9b
 0h00:03.017 2021/05/27T01:25:42z: SSID: Apollonia Students Halls
 0h00:03.022 2021/05/27T01:25:42z: AP_STAR tmr
 ets Jan  8 2013,rst cause:1, boot mode:(3,6)

load 0x4010f000, len 1384, room 16 
tail 8
chksum 0x2d
csum 0x2d
v8b899c12
~ld


6.01
 0h00:02.995 2021/05/27T01:45:37z: DS3231
 0h00:03.010 2021/05/27T01:45:37z: BME280 (0x76)
 0h00:03.024 2021/05/27T01:45:37z: 10:52:1c:4d:ae:9b
 0h00:03.026 2021/05/27T01:45:37z: SSID: Apollonia Students Halls
 0h00:03.031 2021/05/27T01:45:37z: AP_STAR tmr
 ets Jan  8 2013,rst cause:1, boot mode:(3,6)

load 0x4010f000, len 1384, room 16 
tail 8
chksum 0x2d
csum 0x2d
v8b899c12
~ld


6.01
 0h00:03.001 2021/05/27T02:05:33z: DS3231
 0h00:03.017 2021/05/27T02:05:33z: BME280 (0x76)
 0h00:03.031 2021/05/27T02:05:33z: 10:52:1c:4d:ae:9b
 0h00:03.033 2021/05/27T02:05:33z: SSID: Apollonia Students Halls
 0h00:03.038 2021/05/27T02:05:33z: AP_STAR tmr
 ets Jan  8 2013,rst cause:1, boot mode:(3,6)

load 0x4010f000, len 1384, room 16 
tail 8
chksum 0x2d
csum 0x2d
v8b899c12
~ld


6.01
 0h00:03.012 2021/05/27T02:25:29z: DS3231
 0h00:03.027 2021/05/27T02:25:29z: BME280 (0x76)
 0h00:03.041 2021/05/27T02:25:29z: 10:52:1c:4d:ae:9b
 0h00:03.043 2021/05/27T02:25:29z: SSID: Apollonia Students Halls
 0h00:03.048 2021/05/27T02:25:29z: AP_STAR tmr
 ets Jan  8 2013,rst cause:1, boot mode:(3,6)

load 0x4010f000, len 1384, room 16 
tail 8
chksum 0x2d
csum 0x2d
v8b899c12
~ld


6.01
 0h00:02.987 2021/05/27T02:45:26z: DS3231
 0h00:03.003 2021/05/27T02:45:26z: BME280 (0x76)
 0h00:03.017 2021/05/27T02:45:26z: 10:52:1c:4d:ae:9b
 0h00:03.019 2021/05/27T02:45:26z: SSID: Apollonia Students Halls
 0h00:03.024 2021/05/27T02:45:26z: AP_STAR tmr
 ets Jan  8 2013,rst cause:1, boot mode:(3,6)

load 0x4010f000, len 1384, room 16 
tail 8
chksum 0x2d
csum 0x2d
v8b899c12
~ld


6.01
 0h00:02.984 2021/05/27T03:05:22z: DS3231
 0h00:02.999 2021/05/27T03:05:22z: BME280 (0x76)
 0h00:03.013 2021/05/27T03:05:22z: 10:52:1c:4d:ae:9b
 0h00:03.015 2021/05/27T03:05:22z: SSID: Apollonia Students Halls
 0h00:03.020 2021/05/27T03:05:22z: AP_STAR tmr
 ets Jan  8 2013,rst cause:1, boot mode:(3,6)

load 0x4010f000, len 1384, room 16 
tail 8
chksum 0x2d
csum 0x2d
v8b899c12
~ld


6.01
 0h00:02.979 2021/05/27T03:25:18z: DS3231
 0h00:02.994 2021/05/27T03:25:18z: BME280 (0x76)
 0h00:03.009 2021/05/27T03:25:18z: 10:52:1c:4d:ae:9b
 0h00:03.010 2021/05/27T03:25:18z: SSID: Apollonia Students Halls
 0h00:03.015 2021/05/27T03:25:18z: AP_STAR tmr
 ets Jan  8 2013,rst cause:1, boot mode:(3,6)

load 0x4010f000, len 1384, room 16 
tail 8
chksum 0x2d
csum 0x2d
v8b899c12
~ld


6.01
 0h00:02.988 2021/05/27T03:45:14z: DS3231
 0h00:03.003 2021/05/27T03:45:14z: BME280 (0x76)
 0h00:03.017 2021/05/27T03:45:14z: 10:52:1c:4d:ae:9b
 0h00:03.019 2021/05/27T03:45:14z: SSID: Apollonia Students Halls
 0h00:03.024 2021/05/27T03:45:14z: AP_STAR tmr
 ets Jan  8 2013,rst cause:1, boot mode:(3,6)

load 0x4010f000, len 1384, room 16 
tail 8
chksum 0x2d
csum 0x2d
v8b899c12
~ld


6.01
 0h00:02.988 2021/05/27T04:05:10z: DS3231
 0h00:03.003 2021/05/27T04:05:10z: BME280 (0x76)
 0h00:03.017 2021/05/27T04:05:10z: 10:52:1c:4d:ae:9b
 0h00:03.019 2021/05/27T04:05:10z: SSID: Apollonia Students Halls
 0h00:03.024 2021/05/27T04:05:10z: AP_STAR tmr
 ets Jan  8 2013,rst cause:1, boot mode:(3,6)

load 0x4010f000, len 1384, room 16 
tail 8
chksum 0x2d
csum 0x2d
v8b899c12
~ld


6.01
 0h00:03.000 2021/05/27T04:25:06z: DS3231
 0h00:03.015 2021/05/27T04:25:06z: BME280 (0x76)
 0h00:03.029 2021/05/27T04:25:06z: 10:52:1c:4d:ae:9b
 0h00:03.031 2021/05/27T04:25:06z: SSID: Apollonia Students Halls
 0h00:03.036 2021/05/27T04:25:06z: AP_STAR tmr
 ets Jan  8 2013,rst cause:1, boot mode:(3,6)

load 0x4010f000, len 1384, room 16 
tail 8
chksum 0x2d
csum 0x2d
v8b899c12
~ld


6.01
 0h00:03.008 2021/05/27T04:45:02z: DS3231
 0h00:03.023 2021/05/27T04:45:02z: BME280 (0x76)
 0h00:03.038 2021/05/27T04:45:02z: 10:52:1c:4d:ae:9b
 0h00:03.039 2021/05/27T04:45:02z: SSID: Apollonia Students Halls
 0h00:03.044 2021/05/27T04:45:02z: AP_STAR tmr
 ets Jan  8 2013,rst cause:1, boot mode:(3,6)

load 0x4010f000, len 1384, room 16 
tail 8
chksum 0x2d
csum 0x2d
v8b899c12
~ld


6.01
 0h00:03.013 2021/05/27T05:04:58z: DS3231
 0h00:03.028 2021/05/27T05:04:58z: BME280 (0x76)
 0h00:03.042 2021/05/27T05:04:58z: 10:52:1c:4d:ae:9b
 0h00:03.044 2021/05/27T05:04:58z: SSID: Apollonia Students Halls
 0h00:03.049 2021/05/27T05:04:58z: AP_STAR tmr
 ets Jan  8 2013,rst cause:1, boot mode:(3,6)

load 0x4010f000, len 1384, room 16 
tail 8
chksum 0x2d
csum 0x2d
v8b899c12
~ld


6.01
 0h00:02.989 2021/05/27T05:24:54z: DS3231
 0h00:03.004 2021/05/27T05:24:54z: BME280 (0x76)
 0h00:03.018 2021/05/27T05:24:54z: 10:52:1c:4d:ae:9b
 0h00:03.020 2021/05/27T05:24:54z: SSID: Apollonia Students Halls
 0h00:03.025 2021/05/27T05:24:54z: AP_STAR tmr
 ets Jan  8 2013,rst cause:1, boot mode:(3,6)

load 0x4010f000, len 1384, room 16 
tail 8
chksum 0x2d
csum 0x2d
v8b899c12
~ld


6.01
 0h00:02.987 2021/05/27T05:44:50z: DS3231
 0h00:03.003 2021/05/27T05:44:50z: BME280 (0x76)
 0h00:03.017 2021/05/27T05:44:50z: 10:52:1c:4d:ae:9b
 0h00:03.018 2021/05/27T05:44:50z: SSID: Apollonia Students Halls
 0h00:03.024 2021/05/27T05:44:50z: AP_STAR tmr
 ets Jan  8 2013,rst cause:1, boot mode:(3,6)

load 0x4010f000, len 1384, room 16 
tail 8
chksum 0x2d
csum 0x2d
v8b899c12
~ld


6.01
 0h00:02.980 2021/05/27T06:04:47z: DS3231
 0h00:02.995 2021/05/27T06:04:47z: BME280 (0x76)
 0h00:03.009 2021/05/27T06:04:47z: 10:52:1c:4d:ae:9b
 0h00:03.011 2021/05/27T06:04:47z: SSID: Apollonia Students Halls
 0h00:03.016 2021/05/27T06:04:47z: AP_STAR tmr
 ets Jan  8 2013,rst cause:1, boot mode:(3,6)

load 0x4010f000, len 1384, room 16 
tail 8
chksum 0x2d
csum 0x2d
v8b899c12
~ld


6.01
 0h00:02.986 2021/05/27T06:24:42z: DS3231
 0h00:03.001 2021/05/27T06:24:42z: BME280 (0x76)
 0h00:03.015 2021/05/27T06:24:42z: 10:52:1c:4d:ae:9b
 0h00:03.017 2021/05/27T06:24:42z: SSID: Apollonia Students Halls
 0h00:03.022 2021/05/27T06:24:42z: AP_STAR tmr
 ets Jan  8 2013,rst cause:1, boot mode:(3,6)

load 0x4010f000, len 1384, room 16 
tail 8
chksum 0x2d
csum 0x2d
v8b899c12
~ld


6.01
 0h00:02.985 2021/05/27T06:44:38z: DS3231
 0h00:03.000 2021/05/27T06:44:38z: BME280 (0x76)
 0h00:03.015 2021/05/27T06:44:38z: 10:52:1c:4d:ae:9b
 0h00:03.016 2021/05/27T06:44:38z: SSID: Apollonia Students Halls
 0h00:03.021 2021/05/27T06:44:39z: AP_STAR tmr
 ets Jan  8 2013,rst cause:1, boot mode:(3,6)

load 0x4010f000, len 1384, room 16 
tail 8
chksum 0x2d
csum 0x2d
v8b899c12
~ld


6.01
 0h00:02.994 2021/05/27T07:04:35z: DS3231
 0h00:03.010 2021/05/27T07:04:35z: BME280 (0x76)
 0h00:03.024 2021/05/27T07:04:35z: 10:52:1c:4d:ae:9b
 0h00:03.026 2021/05/27T07:04:35z: SSID: Apollonia Students Halls
 0h00:03.031 2021/05/27T07:04:35z: AP_STAR tmr
 ets Jan  8 2013,rst cause:1, boot mode:(3,6)

load 0x4010f000, len 1384, room 16 
tail 8
chksum 0x2d
csum 0x2d
v8b899c12
~ld


6.01
 0h00:02.999 2021/05/27T07:24:31z: DS3231
 0h00:03.015 2021/05/27T07:24:31z: BME280 (0x76)
 0h00:03.029 2021/05/27T07:24:31z: 10:52:1c:4d:ae:9b
 0h00:03.031 2021/05/27T07:24:31z: SSID: Apollonia Students Halls
 0h00:03.036 2021/05/27T07:24:31z: AP_STAR tmr
 ets Jan  8 2013,rst cause:1, boot mode:(3,6)

load 0x4010f000, len 1384, room 16 
tail 8
chksum 0x2d
csum 0x2d
v8b899c12
~ld


6.01
 0h00:03.010 2021/05/27T07:44:27z: DS3231
 0h00:03.026 2021/05/27T07:44:27z: BME280 (0x76)
 0h00:03.040 2021/05/27T07:44:27z: 10:52:1c:4d:ae:9b
 0h00:03.041 2021/05/27T07:44:27z: SSID: Apollonia Students Halls
 0h00:03.047 2021/05/27T07:44:27z: AP_STAR tmr
 ets Jan  8 2013,rst cause:1, boot mode:(3,6)

load 0x4010f000, len 1384, room 16 
tail 8
chksum 0x2d
csum 0x2d
v8b899c12
~ld


6.01
 0h00:02.987 2021/05/27T08:04:23z: DS3231
 0h00:03.002 2021/05/27T08:04:23z: BME280 (0x76)
 0h00:03.016 2021/05/27T08:04:23z: 10:52:1c:4d:ae:9b
 0h00:03.018 2021/05/27T08:04:23z: SSID: Apollonia Students Halls
 0h00:03.023 2021/05/27T08:04:23z: AP_STAR tmr
 ets Jan  8 2013,rst cause:1, boot mode:(3,6)

load 0x4010f000, len 1384, room 16 
tail 8
chksum 0x2d
csum 0x2d
v8b899c12
~ld


6.01
 0h00:02.984 2021/05/27T08:24:20z: DS3231
 0h00:02.999 2021/05/27T08:24:20z: BME280 (0x76)
 0h00:03.013 2021/05/27T08:24:20z: 10:52:1c:4d:ae:9b
 0h00:03.015 2021/05/27T08:24:20z: SSID: Apollonia Students Halls
 0h00:03.020 2021/05/27T08:24:20z: AP_STAR tmr
 ets Jan  8 2013,rst cause:1, boot mode:(3,6)

load 0x4010f000, len 1384, room 16 
tail 8
chksum 0x2d
csum 0x2d
v8b899c12
~ld


6.01
 0h00:02.982 2021/05/27T08:44:15z: DS3231
 0h00:02.997 2021/05/27T08:44:15z: BME280 (0x76)
 0h00:03.012 2021/05/27T08:44:15z: 10:52:1c:4d:ae:9b
 0h00:03.013 2021/05/27T08:44:15z: SSID: Apollonia Students Halls
 0h00:03.018 2021/05/27T08:44:15z: AP_STAR tmr
 ets Jan  8 2013,rst cause:1, boot mode:(3,6)

load 0x4010f000, len 1384, room 16 
tail 8
chksum 0x2d
csum 0x2d
v8b899c12
~ld


6.01
 0h00:02.986 2021/05/27T09:04:12z: DS3231
 0h00:03.001 2021/05/27T09:04:12z: BME280 (0x76)
 0h00:03.015 2021/05/27T09:04:12z: 10:52:1c:4d:ae:9b
 0h00:03.017 2021/05/27T09:04:12z: SSID: Apollonia Students Halls
 0h00:03.022 2021/05/27T09:04:12z: AP_STAR tmr
 ets Jan  8 2013,rst cause:1, boot mode:(3,6)

load 0x4010f000, len 1384, room 16 
tail 8
chksum 0x2d
csum 0x2d
v8b899c12
~ld


6.01
 0h00:02.990 2021/05/27T09:24:08z: DS3231
 0h00:03.005 2021/05/27T09:24:08z: BME280 (0x76)
 0h00:03.019 2021/05/27T09:24:08z: 10:52:1c:4d:ae:9b
 0h00:03.021 2021/05/27T09:24:08z: SSID: Apollonia Students Halls
 0h00:03.026 2021/05/27T09:24:08z: AP_STAR tmr
 ets Jan  8 2013,rst cause:1, boot mode:(3,6)

load 0x4010f000, len 1384, room 16 
tail 8
chksum 0x2d
csum 0x2d
v8b899c12
~ld


6.01
 0h00:03.001 2021/05/27T09:44:04z: DS3231
 0h00:03.016 2021/05/27T09:44:04z: BME280 (0x76)
 0h00:03.030 2021/05/27T09:44:04z: 10:52:1c:4d:ae:9b
 0h00:03.032 2021/05/27T09:44:04z: SSID: Apollonia Students Halls
 0h00:03.037 2021/05/27T09:44:04z: AP_STAR tmr
 ets Jan  8 2013,rst cause:1, boot mode:(3,6)

load 0x4010f000, len 1384, room 16 
tail 8
chksum 0x2d
csum 0x2d
v8b899c12
~ld


6.01
 0h00:03.003 2021/05/27T10:03:59z: DS3231
 0h00:03.019 2021/05/27T10:03:59z: BME280 (0x76)
 0h00:03.033 2021/05/27T10:03:59z: 10:52:1c:4d:ae:9b
 0h00:03.034 2021/05/27T10:03:59z: SSID: Apollonia Students Halls
 0h00:03.040 2021/05/27T10:03:59z: AP_STAR tmr
 ets Jan  8 2013,rst cause:1, boot mode:(3,6)

load 0x4010f000, len 1384, room 16 
tail 8
chksum 0x2d
csum 0x2d
v8b899c12
~ld


6.01
 0h00:02.995 2021/05/27T12:18:25z: DS3231
 0h00:03.011 2021/05/27T12:18:25z: BME280 (0x76)
 0h00:03.025 2021/05/27T12:18:25z: 10:52:1c:4d:ae:9b
 0h00:03.027 2021/05/27T12:18:25z: SSID: Apollonia Students Halls
 0h00:03.032 2021/05/27T12:18:25z: AP_STAR tmr
 ets Jan  8 2013,rst cause:1, boot mode:(3,6)

load 0x4010f000, len 1384, room 16 
tail 8
chksum 0x2d
csum 0x2d
v8b899c12
~ld


6.01
 0h00:02.992 2021/05/27T12:38:21z: DS3231
 0h00:03.007 2021/05/27T12:38:21z: BME280 (0x76)
 0h00:03.021 2021/05/27T12:38:21z: 10:52:1c:4d:ae:9b
 0h00:03.023 2021/05/27T12:38:21z: SSID: Apollonia Students Halls
 0h00:03.028 2021/05/27T12:38:21z: AP_STAR tmr
 ets Jan  8 2013,rst cause:1, boot mode:(3,6)

load 0x4010f000, len 1384, room 16 
tail 8
chksum 0x2d
csum 0x2d
v8b899c12
~ld


6.01
 0h00:03.003 2021/05/27T12:58:17z: DS3231
 0h00:03.018 2021/05/27T12:58:17z: BME280 (0x76)
 0h00:03.033 2021/05/27T12:58:17z: 10:52:1c:4d:ae:9b
 0h00:03.034 2021/05/27T12:58:17z: SSID: Apollonia Students Halls
 0h00:03.039 2021/05/27T12:58:17z: AP_STAR tmr
 ets Jan  8 2013,rst cause:1, boot mode:(3,6)

load 0x4010f000, len 1384, room 16 
tail 8
chksum 0x2d
csum 0x2d
v8b899c12
~ld


6.01
 0h00:02.985 2021/05/27T13:18:13z: DS3231
 0h00:03.000 2021/05/27T13:18:13z: BME280 (0x76)
 0h00:03.014 2021/05/27T13:18:13z: 10:52:1c:4d:ae:9b
 0h00:03.016 2021/05/27T13:18:13z: SSID: Apollonia Students Halls
 0h00:03.021 2021/05/27T13:18:13z: AP_STAR tmr
 ets Jan  8 2013,rst cause:1, boot mode:(3,6)

load 0x4010f000, len 1384, room 16 
tail 8
chksum 0x2d
csum 0x2d
v8b899c12
~ld


6.01
 0h00:02.991 2021/05/27T13:38:09z: DS3231
 0h00:03.006 2021/05/27T13:38:09z: BME280 (0x76)
 0h00:03.020 2021/05/27T13:38:09z: 10:52:1c:4d:ae:9b
 0h00:03.022 2021/05/27T13:38:09z: SSID: Apollonia Students Halls
 0h00:03.027 2021/05/27T13:38:09z: AP_STAR tmr
 ets Jan  8 2013,rst cause:1, boot mode:(3,6)

load 0x4010f000, len 1384, room 16 
tail 8
chksum 0x2d
csum 0x2d
v8b899c12
~ld


6.01
 0h00:03.005 2021/05/27T13:58:06z: DS3231
 0h00:03.021 2021/05/27T13:58:06z: BME280 (0x76)
 0h00:03.035 2021/05/27T13:58:06z: 10:52:1c:4d:ae:9b
 0h00:03.036 2021/05/27T13:58:06z: SSID: Apollonia Students Halls
 0h00:03.042 2021/05/27T13:58:06z: AP_STAR tmr
 ets Jan  8 2013,rst cause:1, boot mode:(3,6)

load 0x4010f000, len 1384, room 16 
tail 8
chksum 0x2d
csum 0x2d
v8b899c12
~ld


6.01
 0h00:03.006 2021/05/27T14:18:02z: DS3231
 0h00:03.021 2021/05/27T14:18:02z: BME280 (0x76)
 0h00:03.036 2021/05/27T14:18:02z: 10:52:1c:4d:ae:9b
 0h00:03.037 2021/05/27T14:18:02z: SSID: Apollonia Students Halls
 0h00:03.042 2021/05/27T14:18:02z: AP_STAR tmr
 ets Jan  8 2013,rst cause:1, boot mode:(3,6)

load 0x4010f000, len 1384, room 16 
tail 8
chksum 0x2d
csum 0x2d
v8b899c12
~ld


6.01
 0h00:03.015 2021/05/27T14:37:59z: DS3231
 0h00:03.030 2021/05/27T14:37:59z: BME280 (0x76)
 0h00:03.045 2021/05/27T14:37:59z: 10:52:1c:4d:ae:9b
 0h00:03.046 2021/05/27T14:37:59z: SSID: Apollonia Students Halls
 0h00:03.051 2021/05/27T14:37:59z: AP_STAR tmr
 ets Jan  8 2013,rst cause:1, boot mode:(3,6)

load 0x4010f000, len 1384, room 16 
tail 8
chksum 0x2d
csum 0x2d
v8b899c12
~ld


6.01
 0h00:02.988 2021/05/27T14:57:55z: DS3231
 0h00:03.003 2021/05/27T14:57:55z: BME280 (0x76)
 0h00:03.017 2021/05/27T14:57:55z: 10:52:1c:4d:ae:9b
 0h00:03.019 2021/05/27T14:57:55z: SSID: Apollonia Students Halls
 0h00:03.024 2021/05/27T14:57:55z: AP_STAR tmr
 ets Jan  8 2013,rst cause:1, boot mode:(3,6)

load 0x4010f000, len 1384, room 16 
tail 8
chksum 0x2d
csum 0x2d
v8b899c12
~ld


6.01
 0h00:02.992 2021/05/27T15:17:51z: DS3231
 0h00:03.007 2021/05/27T15:17:51z: BME280 (0x76)
 0h00:03.021 2021/05/27T15:17:51z: 10:52:1c:4d:ae:9b
 0h00:03.023 2021/05/27T15:17:51z: SSID: Apollonia Students Halls
 0h00:03.028 2021/05/27T15:17:51z: AP_STAR tmr
 ets Jan  8 2013,rst cause:1, boot mode:(3,6)

load 0x4010f000, len 1384, room 16 
tail 8
chksum 0x2d
csum 0x2d
v8b899c12
~ld


6.01
 0h00:02.991 2021/05/27T15:37:46z: DS3231
 0h00:03.007 2021/05/27T15:37:46z: BME280 (0x76)
 0h00:03.021 2021/05/27T15:37:46z: 10:52:1c:4d:ae:9b
 0h00:03.022 2021/05/27T15:37:46z: SSID: Apollonia Students Halls
 0h00:03.028 2021/05/27T15:37:46z: AP_STAR tmr
 ets Jan  8 2013,rst cause:1, boot mode:(3,6)

load 0x4010f000, len 1384, room 16 
tail 8
chksum 0x2d
csum 0x2d
v8b899c12
~ld


6.01
 0h00:02.998 2021/05/27T15:57:42z: DS3231
 0h00:03.013 2021/05/27T15:57:42z: BME280 (0x76)
 0h00:03.027 2021/05/27T15:57:42z: 10:52:1c:4d:ae:9b
 0h00:03.029 2021/05/27T15:57:42z: SSID: Apollonia Students Halls
 0h00:03.034 2021/05/27T15:57:42z: AP_STAR tmr
 ets Jan  8 2013,rst cause:1, boot mode:(3,6)

load 0x4010f000, len 1384, room 16 
tail 8
chksum 0x2d
csum 0x2d
v8b899c12
~ld


6.01
 0h00:02.994 2021/05/27T16:17:37z: DS3231
 0h00:03.009 2021/05/27T16:17:38z: BME280 (0x76)
 0h00:03.024 2021/05/27T16:17:38z: 10:52:1c:4d:ae:9b
 0h00:03.025 2021/05/27T16:17:38z: SSID: Apollonia Students Halls
 0h00:03.030 2021/05/27T16:17:38z: AP_STAR tmr
 ets Jan  8 2013,rst cause:1, boot mode:(3,6)

load 0x4010f000, len 1384, room 16 
tail 8
chksum 0x2d
csum 0x2d
v8b899c12
~ld


6.01
 0h00:02.996 2021/05/27T16:37:34z: DS3231
 0h00:03.012 2021/05/27T16:37:34z: BME280 (0x76)
 0h00:03.026 2021/05/27T16:37:34z: 10:52:1c:4d:ae:9b
 0h00:03.027 2021/05/27T16:37:34z: SSID: Apollonia Students Halls
 0h00:03.033 2021/05/27T16:37:34z: AP_STAR tmr
 ets Jan  8 2013,rst cause:1, boot mode:(3,6)

load 0x4010f000, len 1384, room 16 
tail 8
chksum 0x2d
csum 0x2d
v8b899c12
~ld


6.01
 0h00:03.002 2021/05/27T16:57:30z: DS3231
 0h00:03.017 2021/05/27T16:57:30z: BME280 (0x76)
 0h00:03.031 2021/05/27T16:57:30z: 10:52:1c:4d:ae:9b
 0h00:03.033 2021/05/27T16:57:30z: SSID: Apollonia Students Halls
 0h00:03.038 2021/05/27T16:57:30z: AP_STAR tmr
 ets Jan  8 2013,rst cause:1, boot mode:(3,6)

load 0x4010f000, len 1384, room 16 
tail 8
chksum 0x2d
csum 0x2d
v8b899c12
~ld


6.01
 0h00:03.011 2021/05/27T17:17:26z: DS3231
 0h00:03.027 2021/05/27T17:17:26z: BME280 (0x76)
 0h00:03.041 2021/05/27T17:17:26z: 10:52:1c:4d:ae:9b
 0h00:03.043 2021/05/27T17:17:26z: SSID: Apollonia Students Halls
 0h00:03.048 2021/05/27T17:17:26z: AP_STAR tmr
 ets Jan  8 2013,rst cause:1, boot mode:(3,6)

load 0x4010f000, len 1384, room 16 
tail 8
chksum 0x2d
csum 0x2d
v8b899c12
~ld


6.01
 0h00:02.991 2021/05/27T17:37:22z: DS3231
 0h00:03.006 2021/05/27T17:37:22z: BME280 (0x76)
 0h00:03.020 2021/05/27T17:37:22z: 10:52:1c:4d:ae:9b
 0h00:03.022 2021/05/27T17:37:22z: SSID: Apollonia Students Halls
 0h00:03.027 2021/05/27T17:37:22z: AP_STAR tmr
 ets Jan  8 2013,rst cause:1, boot mode:(3,6)

load 0x4010f000, len 1384, room 16 
tail 8
chksum 0x2d
csum 0x2d
v8b899c12
~ld


6.01
 0h00:02.993 2021/05/27T17:57:18z: DS3231
 0h00:03.009 2021/05/27T17:57:18z: BME280 (0x76)
 0h00:03.023 2021/05/27T17:57:18z: 10:52:1c:4d:ae:9b
 0h00:03.025 2021/05/27T17:57:18z: SSID: Apollonia Students Halls
 0h00:03.030 2021/05/27T17:57:18z: AP_STAR tmr
 ets Jan  8 2013,rst cause:1, boot mode:(3,6)

load 0x4010f000, len 1384, room 16 
tail 8
chksum 0x2d
csum 0x2d
v8b899c12
~ld


6.01
 0h00:02.996 2021/05/27T18:17:15z: DS3231
 0h00:03.012 2021/05/27T18:17:15z: BME280 (0x76)
 0h00:03.026 2021/05/27T18:17:15z: 10:52:1c:4d:ae:9b
 0h00:03.027 2021/05/27T18:17:15z: SSID: Apollonia Students Halls
 0h00:03.033 2021/05/27T18:17:15z: AP_STAR tmr
 ets Jan  8 2013,rst cause:1, boot mode:(3,6)

load 0x4010f000, len 1384, room 16 
tail 8
chksum 0x2d
csum 0x2d
v8b899c12
~ld


6.01
 0h00:02.993 2021/05/27T18:37:11z: DS3231
 0h00:03.008 2021/05/27T18:37:11z: BME280 (0x76)
 0h00:03.023 2021/05/27T18:37:11z: 10:52:1c:4d:ae:9b
 0h00:03.024 2021/05/27T18:37:11z: SSID: Apollonia Students Halls
 0h00:03.029 2021/05/27T18:37:11z: AP_STAR tmr
 ets Jan  8 2013,rst cause:1, boot mode:(3,6)

load 0x4010f000, len 1384, room 16 
tail 8
chksum 0x2d
csum 0x2d
v8b899c12
~ld


6.01
 0h00:02.999 2021/05/27T18:57:07z: DS3231
 0h00:03.014 2021/05/27T18:57:07z: BME280 (0x76)
 0h00:03.028 2021/05/27T18:57:07z: 10:52:1c:4d:ae:9b
 0h00:03.030 2021/05/27T18:57:07z: SSID: Apollonia Students Halls
 0h00:03.035 2021/05/27T18:57:07z: AP_STAR tmr
 ets Jan  8 2013,rst cause:1, boot mode:(3,6)

load 0x4010f000, len 1384, room 16 
tail 8
chksum 0x2d
csum 0x2d
v8b899c12
~ld


6.01
 0h00:03.011 2021/05/27T19:17:03z: DS3231
 0h00:03.026 2021/05/27T19:17:03z: BME280 (0x76)
 0h00:03.040 2021/05/27T19:17:03z: 10:52:1c:4d:ae:9b
 0h00:03.042 2021/05/27T19:17:03z: SSID: Apollonia Students Halls
 0h00:03.047 2021/05/27T19:17:03z: AP_STAR tmr
 ets Jan  8 2013,rst cause:1, boot mode:(3,6)

load 0x4010f000, len 1384, room 16 
tail 8
chksum 0x2d
csum 0x2d
v8b899c12
~ld


6.01
 0h00:03.018 2021/05/27T19:36:59z: DS3231
 0h00:03.033 2021/05/27T19:36:59z: BME280 (0x76)
 0h00:03.047 2021/05/27T19:36:59z: 10:52:1c:4d:ae:9b
 0h00:03.049 2021/05/27T19:36:59z: SSID: Apollonia Students Halls
 0h00:03.054 2021/05/27T19:36:59z: AP_STAR tmr
 ets Jan  8 2013,rst cause:1, boot mode:(3,6)

load 0x4010f000, len 1384, room 16 
tail 8
chksum 0x2d
csum 0x2d
v8b899c12
~ld


6.01
 0h00:03.022 2021/05/27T19:56:54z: DS3231
 0h00:03.038 2021/05/27T19:56:54z: BME280 (0x76)
 0h00:03.052 2021/05/27T19:56:54z: 10:52:1c:4d:ae:9b
 0h00:03.054 2021/05/27T19:56:54z: SSID: Apollonia Students Halls
 0h00:03.059 2021/05/27T19:56:54z: AP_STAR tmr
 ets Jan  8 2013,rst cause:1, boot mode:(3,6)

load 0x4010f000, len 1384, room 16 
tail 8
chksum 0x2d
csum 0x2d
v8b899c12
~ld


6.01
 0h00:02.986 2021/05/27T20:16:51z: DS3231
 0h00:03.001 2021/05/27T20:16:51z: BME280 (0x76)
 0h00:03.015 2021/05/27T20:16:51z: 10:52:1c:4d:ae:9b
 0h00:03.017 2021/05/27T20:16:51z: SSID: Apollonia Students Halls
 0h00:03.022 2021/05/27T20:16:51z: AP_STAR tmr
 ets Jan  8 2013,rst cause:1, boot mode:(3,6)

load 0x4010f000, len 1384, room 16 
tail 8
chksum 0x2d
csum 0x2d
v8b899c12
~ld


6.01
 0h00:02.991 2021/05/27T20:36:47z: DS3231
 0h00:03.006 2021/05/27T20:36:47z: BME280 (0x76)
 0h00:03.021 2021/05/27T20:36:47z: 10:52:1c:4d:ae:9b
 0h00:03.022 2021/05/27T20:36:47z: SSID: Apollonia Students Halls
 0h00:03.027 2021/05/27T20:36:47z: AP_STAR tmr
 ets Jan  8 2013,rst cause:1, boot mode:(3,6)

load 0x4010f000, len 1384, room 16 
tail 8
chksum 0x2d
csum 0x2d
v8b899c12
~ld


6.01
 0h00:02.996 2021/05/27T20:56:44z: DS3231
 0h00:03.011 2021/05/27T20:56:44z: BME280 (0x76)
 0h00:03.025 2021/05/27T20:56:44z: 10:52:1c:4d:ae:9b
 0h00:03.027 2021/05/27T20:56:44z: SSID: Apollonia Students Halls
 0h00:03.032 2021/05/27T20:56:44z: AP_STAR tmr
 ets Jan  8 2013,rst cause:1, boot mode:(3,6)

load 0x4010f000, len 1384, room 16 
tail 8
chksum 0x2d
csum 0x2d
v8b899c12
~ld


6.01
 0h00:02.991 2021/05/27T21:16:39z: DS3231
 0h00:03.006 2021/05/27T21:16:39z: BME280 (0x76)
 0h00:03.020 2021/05/27T21:16:40z: 10:52:1c:4d:ae:9b
 0h00:03.022 2021/05/27T21:16:40z: SSID: Apollonia Students Halls
 0h00:03.027 2021/05/27T21:16:40z: AP_STAR tmr
 ets Jan  8 2013,rst cause:1, boot mode:(3,6)

load 0x4010f000, len 1384, room 16 
tail 8
chksum 0x2d
csum 0x2d
v8b899c12
~ld


6.01
 0h00:02.989 2021/05/27T21:36:36z: DS3231
 0h00:03.004 2021/05/27T21:36:36z: BME280 (0x76)
 0h00:03.019 2021/05/27T21:36:36z: 10:52:1c:4d:ae:9b
 0h00:03.020 2021/05/27T21:36:36z: SSID: Apollonia Students Halls
 0h00:03.025 2021/05/27T21:36:36z: AP_STAR tmr
 ets Jan  8 2013,rst cause:1, boot mode:(3,6)

load 0x4010f000, len 1384, room 16 
tail 8
chksum 0x2d
csum 0x2d
v8b899c12
~ld


6.01
 0h00:02.999 2021/05/27T21:56:32z: DS3231
 0h00:03.014 2021/05/27T21:56:32z: BME280 (0x76)
 0h00:03.028 2021/05/27T21:56:32z: 10:52:1c:4d:ae:9b
 0h00:03.030 2021/05/27T21:56:32z: SSID: Apollonia Students Halls
 0h00:03.035 2021/05/27T21:56:32z: AP_STAR tmr
 ets Jan  8 2013,rst cause:1, boot mode:(3,6)

load 0x4010f000, len 1384, room 16 
tail 8
chksum 0x2d
csum 0x2d
v8b899c12
~ld


6.01
 0h00:03.012 2021/05/27T22:16:28z: DS3231
 0h00:03.027 2021/05/27T22:16:28z: BME280 (0x76)
 0h00:03.041 2021/05/27T22:16:28z: 10:52:1c:4d:ae:9b
 0h00:03.043 2021/05/27T22:16:28z: SSID: Apollonia Students Halls
 0h00:03.048 2021/05/27T22:16:28z: AP_STAR tmr
 ets Jan  8 2013,rst cause:1, boot mode:(3,6)

load 0x4010f000, len 1384, room 16 
tail 8
chksum 0x2d
csum 0x2d
v8b899c12
~ld


6.01
 0h00:03.020 2021/05/27T22:36:25z: DS3231
 0h00:03.035 2021/05/27T22:36:25z: BME280 (0x76)
 0h00:03.050 2021/05/27T22:36:25z: 10:52:1c:4d:ae:9b
 0h00:03.051 2021/05/27T22:36:25z: SSID: Apollonia Students Halls
 0h00:03.057 2021/05/27T22:36:25z: AP_STAR tmr
 ets Jan  8 2013,rst cause:1, boot mode:(3,6)

load 0x4010f000, len 1384, room 16 
tail 8
chksum 0x2d
csum 0x2d
v8b899c12
~ld


6.01
 0h00:02.994 2021/05/27T22:56:21z: DS3231
 0h00:03.009 2021/05/27T22:56:21z: BME280 (0x76)
 0h00:03.023 2021/05/27T22:56:21z: 10:52:1c:4d:ae:9b
 0h00:03.025 2021/05/27T22:56:21z: SSID: Apollonia Students Halls
 0h00:03.030 2021/05/27T22:56:21z: AP_STAR tmr
 ets Jan  8 2013,rst cause:1, boot mode:(3,6)

load 0x4010f000, len 1384, room 16 
tail 8
chksum 0x2d
csum 0x2d
v8b899c12
~ld


6.01
 0h00:02.987 2021/05/27T23:16:17z: DS3231
 0h00:03.003 2021/05/27T23:16:17z: BME280 (0x76)
 0h00:03.017 2021/05/27T23:16:17z: 10:52:1c:4d:ae:9b
 0h00:03.019 2021/05/27T23:16:17z: SSID: Apollonia Students Halls
 0h00:03.024 2021/05/27T23:16:17z: AP_STAR tmr
 ets Jan  8 2013,rst cause:1, boot mode:(3,6)

load 0x4010f000, len 1384, room 16 
tail 8
chksum 0x2d
csum 0x2d
v8b899c12
~ld


6.01
 0h00:02.996 2021/05/27T23:36:13z: DS3231
 0h00:03.012 2021/05/27T23:36:13z: BME280 (0x76)
 0h00:03.026 2021/05/27T23:36:13z: 10:52:1c:4d:ae:9b
 0h00:03.028 2021/05/27T23:36:13z: SSID: Apollonia Students Halls
 0h00:03.033 2021/05/27T23:36:13z: AP_STAR tmr
 ets Jan  8 2013,rst cause:1, boot mode:(3,6)

load 0x4010f000, len 1384, room 16 
tail 8
chksum 0x2d
csum 0x2d
v8b899c12
~ld


6.01
 0h00:02.999 2021/05/27T23:56:09z: DS3231
 0h00:03.015 2021/05/27T23:56:09z: BME280 (0x76)
 0h00:03.029 2021/05/27T23:56:09z: 10:52:1c:4d:ae:9b
 0h00:03.030 2021/05/27T23:56:09z: SSID: Apollonia Students Halls
 0h00:03.036 2021/05/27T23:56:09z: AP_STA