R tmr
 ets Jan  8 2013,rst cause:1, boot mode:(3,6)

load 0x4010f000, len 1384, room 16 
tail 8
chksum 0x2d
csum 0x2d
v8b899c12
~ld


6.01
 0h00:02.991 2021/07/06T11:00:25z: DS3231
 0h00:03.006 2021/07/06T11:00:25z: BME280 (0x76)
 0h00:03.020 2021/07/06T11:00:25z: 10:52:1c:4d:ae:9b
 0h00:03.022 2021/07/06T11:00:25z: SSID: PurpleAir-2ad
 0h00:03.027 2021/07/06T11:00:25z: AP_STAR tmr
 ets Jan  8 2013,rst cause:1, boot mode:(3,6)

load 0x4010f000, len 1384, room 16 
tail 8
chksum 0x2d
csum 0x2d
v8b899c12
~ld


6.01
 0h00:03.041 2021/07/06T11:20:21z: DS3231
 0h00:03.057 2021/07/06T11:20:21z: BME280 (0x76)
 0h00:03.071 2021/07/06T11:20:21z: 10:52:1c:4d:ae:9b
 0h00:03.073 2021/07/06T11:20:21z: SSID: PurpleAir-2ad
 0h00:03.078 2021/07/06T11:20:21z: AP_STAR tmr
 ets Jan  8 2013,rst cause:1, boot mode:(3,6)

load 0x4010f000, len 1384, room 16 
tail 8
chksum 0x2d
csum 0x2d
v8b899c12
~ld


6.01
 0h00:03.003 2021/07/06T11:40:17z: DS3231
 0h00:03.018 2021/07/06T11:40:17z: BME280 (0x76)
 0h00:03.032 2021/07/06T11:40:17z: 10:52:1c:4d:ae:9b
 0h00:03.034 2021/07/06T11:40:17z: SSID: PurpleAir-2ad
 0h00:03.039 2021/07/06T11:40:17z: AP_STAR tmr
 ets Jan  8 2013,rst cause:1, boot mode:(3,6)

load 0x4010f000, len 1384, room 16 
tail 8
chksum 0x2d
csum 0x2d
v8b899c12
~ld


6.01
 0h00:03.013 2021/07/06T12:00:13z: DS3231
 0h00:03.028 2021/07/06T12:00:13z: BME280 (0x76)
 0h00:03.042 2021/07/06T12:00:13z: 10:52:1c:4d:ae:9b
 0h00:03.044 2021/07/06T12:00:13z: SSID: PurpleAir-2ad
 0h00:03.049 2021/07/06T12:00:13z: AP_STAR tmr
 ets Jan  8 2013,rst cause:1, boot mode:(3,6)

load 0x4010f000, len 1384, room 16 
tail 8
chksum 0x2d
csum 0x2d
v8b899c12
~ld


6.01
 0h00:02.989 2021/07/06T12:20:08z: DS3231
 0h00:03.004 2021/07/06T12:20:08z: BME280 (0x76)
 0h00:03.019 2021/07/06T12:20:08z: 10:52:1c:4d:ae:9b
 0h00:03.020 2021/07/06T12:20:08z: SSID: PurpleAir-2ad
 0h00:03.025 2021/07/06T12:20:08z: AP_STAR tmr
 ets Jan  8 2013,rst cause:1, boot mode:(3,6)

load 0x4010f000, len 1384, room 16 
tail 8
chksum 0x2d
csum 0x2d
v8b899c12
~ld


6.01
 0h00:02.986 2021/07/06T12:40:04z: DS3231
 0h00:03.001 2021/07/06T12:40:04z: BME280 (0x76)
 0h00:03.016 2021/07/06T12:40:04z: 10:52:1c:4d:ae:9b
 0h00:03.017 2021/07/06T12:40:04z: SSID: PurpleAir-2ad
 0h00:03.022 2021/07/06T12:40:04z: AP_STAR tmr
 ets Jan  8 2013,rst cause:1, boot mode:(3,6)

load 0x4010f000, len 1384, room 16 
tail 8
chksum 0x2d
csum 0x2d
v8b899c12
~ld


6.01
 0h00:03.009 2021/07/06T13:00:01z: DS3231
 0h00:03.024 2021/07/06T13:00:01z: BME280 (0x76)
 0h00:03.038 2021/07/06T13:00:01z: 10:52:1c:4d:ae:9b
 0h00:03.040 2021/07/06T13:00:01z: SSID: PurpleAir-2ad
 0h00:03.045 2021/07/06T13:00:01z: AP_STAR tmr
 ets Jan  8 2013,rst cause:1, boot mode:(3,6)

load 0x4010f000, len 1384, room 16 
tail 8
chksum 0x2d
csum 0x2d
v8b899c12
~ld


6.01
 0h00:03.017 2021/07/06T13:19:56z: DS3231
 0h00:03.032 2021/07/06T13:19:57z: BME280 (0x76)
 0h00:03.047 2021/07/06T13:19:57z: 10:52:1c:4d:ae:9b
 0h00:03.048 2021/07/06T13:19:57z: SSID: PurpleAir-2ad
 0h00:03.054 2021/07/06T13:19:57z: AP_STAR tmr
 ets Jan  8 2013,rst cause:1, boot mode:(3,6)

load 0x4010f000, len 1384, room 16 
tail 8
chksum 0x2d
csum 0x2d
v8b899c12
~ld


6.01
 0h00:02.992 2021/07/06T13:39:53z: DS3231
 0h00:03.007 2021/07/06T13:39:53z: BME280 (0x76)
 0h00:03.021 2021/07/06T13:39:53z: 10:52:1c:4d:ae:9b
 0h00:03.023 2021/07/06T13:39:53z: SSID: PurpleAir-2ad
 0h00:03.028 2021/07/06T13:39:53z: AP_STAR tmr
 ets Jan  8 2013,rst cause:1, boot mode:(3,6)

load 0x4010f000, len 1384, room 16 
tail 8
chksum 0x2d
csum 0x2d
v8b899c12
~ld


6.01
 0h00:02.992 2021/07/06T13:59:49z: DS3231
 0h00:03.007 2021/07/06T13:59:49z: BME280 (0x76)
 0h00:03.022 2021/07/06T13:59:49z: 10:52:1c:4d:ae:9b
 0h00:03.023 2021/07/06T13:59:49z: SSID: PurpleAir-2ad
 0h00:03.028 2021/07/06T13:59:49z: AP_STAR tmr
 ets Jan  8 2013,rst cause:1, boot mode:(3,6)

load 0x4010f000, len 1384, room 16 
tail 8
chksum 0x2d
csum 0x2d
v8b899c12
~ld


6.01
 0h00:02.996 2021/07/06T14:19:45z: DS3231
 0h00:03.012 2021/07/06T14:19:45z: BME280 (0x76)
 0h00:03.026 2021/07/06T14:19:45z: 10:52:1c:4d:ae:9b
 0h00:03.027 2021/07/06T14:19:45z: SSID: PurpleAir-2ad
 0h00:03.033 2021/07/06T14:19:45z: AP_STAR tmr
 ets Jan  8 2013,rst cause:1, boot mode:(3,6)

load 0x4010f000, len 1384, room 16 
tail 8
chksum 0x2d
csum 0x2d
v8b899c12
~ld


6.01
 0h00:02.987 2021/07/06T14:39:42z: DS3231
 0h00:03.002 2021/07/06T14:39:42z: BME280 (0x76)
 0h00:03.017 2021/07/06T14:39:42z: 10:52:1c:4d:ae:9b
 0h00:03.018 2021/07/06T14:39:42z: SSID: PurpleAir-2ad
 0h00:03.023 2021/07/06T14:39:42z: AP_STAR tmr
 ets Jan  8 2013,rst cause:1, boot mode:(3,6)

load 0x4010f000, len 1384, room 16 
tail 8
chksum 0x2d
csum 0x2d
v8b899c12
~ld


6.01
 0h00:03.001 2021/07/06T14:59:38z: DS3231
 0h00:03.016 2021/07/06T14:59:38z: BME280 (0x76)
 0h00:03.030 2021/07/06T14:59:38z: 10:52:1c:4d:ae:9b
 0h00:03.032 2021/07/06T14:59:38z: SSID: PurpleAir-2ad
 0h00:03.037 2021/07/06T14:59:38z: AP_STAR tmr
 ets Jan  8 2013,rst cause:1, boot mode:(3,6)

load 0x4010f000, len 1384, room 16 
tail 8
chksum 0x2d
csum 0x2d
v8b899c12
~ld


6.01
 0h00:03.002 2021/07/06T15:19:33z: DS3231
 0h00:03.017 2021/07/06T15:19:33z: BME280 (0x76)
 0h00:03.032 2021/07/06T15:19:33z: 10:52:1c:4d:ae:9b
 0h00:03.033 2021/07/06T15:19:33z: SSID: PurpleAir-2ad
 0h00:03.038 2021/07/06T15:19:33z: AP_STAR tmr
 ets Jan  8 2013,rst cause:1, boot mode:(3,6)

load 0x4010f000, len 1384, room 16 
tail 8
chksum 0x2d
csum 0x2d
v8b899c12
~ld


6.01
 0h00:03.007 2021/07/06T15:39:29z: DS3231
 0h00:03.022 2021/07/06T15:39:29z: BME280 (0x76)
 0h00:03.036 2021/07/06T15:39:29z: 10:52:1c:4d:ae:9b
 0h00:03.038 2021/07/06T15:39:29z: SSID: PurpleAir-2ad
 0h00:03.043 2021/07/06T15:39:29z: AP_STAR tmr
 ets Jan  8 2013,rst cause:1, boot mode:(3,6)

load 0x4010f000, len 1384, room 16 
tail 8
chksum 0x2d
csum 0x2d
v8b899c12
~ld


6.01
 0h00:03.018 2021/07/06T15:59:25z: DS3231
 0h00:03.034 2021/07/06T15:59:25z: BME280 (0x76)
 0h00:03.048 2021/07/06T15:59:25z: 10:52:1c:4d:ae:9b
 0h00:03.050 2021/07/06T15:59:25z: SSID: PurpleAir-2ad
 0h00:03.055 2021/07/06T15:59:25z: AP_STAR tmr
 ets Jan  8 2013,rst cause:1, boot mode:(3,6)

load 0x4010f000, len 1384, room 16 
tail 8
chksum 0x2d
csum 0x2d
v8b899c12
~ld


6.01
 0h00:02.993 2021/07/06T16:19:21z: DS3231
 0h00:03.008 2021/07/06T16:19:21z: BME280 (0x76)
 0h00:03.022 2021/07/06T16:19:21z: 10:52:1c:4d:ae:9b
 0h00:03.024 2021/07/06T16:19:21z: SSID: PurpleAir-2ad
 0h00:03.029 2021/07/06T16:19:21z: AP_STAR tmr
 ets Jan  8 2013,rst cause:1, boot mode:(3,6)

load 0x4010f000, len 1384, room 16 
tail 8
chksum 0x2d
csum 0x2d
v8b899c12
~ld


6.01
 0h00:02.990 2021/07/06T16:39:17z: DS3231
 0h00:03.006 2021/07/06T16:39:17z: BME280 (0x76)
 0h00:03.020 2021/07/06T16:39:17z: 10:52:1c:4d:ae:9b
 0h00:03.021 2021/07/06T16:39:17z: SSID: PurpleAir-2ad
 0h00:03.027 2021/07/06T16:39:17z: AP_STAR tmr
 ets Jan  8 2013,rst cause:1, boot mode:(3,6)

load 0x4010f000, len 1384, room 16 
tail 8
chksum 0x2d
csum 0x2d
v8b899c12
~ld


6.01
 0h00:02.988 2021/07/06T16:59:14z: DS3231
 0h00:03.003 2021/07/06T16:59:14z: BME280 (0x76)
 0h00:03.018 2021/07/06T16:59:14z: 10:52:1c:4d:ae:9b
 0h00:03.019 2021/07/06T16:59:14z: SSID: PurpleAir-2ad
 0h00:03.024 2021/07/06T16:59:14z: AP_STAR tmr
 ets Jan  8 2013,rst cause:1, boot mode:(3,6)

load 0x4010f000, len 1384, room 16 
tail 8
chksum 0x2d
csum 0x2d
v8b899c12
~ld


6.01
 0h00:02.987 2021/07/06T17:19:10z: DS3231
 0h00:03.003 2021/07/06T17:19:10z: BME280 (0x76)
 0h00:03.017 2021/07/06T17:19:10z: 10:52:1c:4d:ae:9b
 0h00:03.018 2021/07/06T17:19:10z: SSID: PurpleAir-2ad
 0h00:03.024 2021/07/06T17:19:10z: AP_STAR tmr
 ets Jan  8 2013,rst cause:1, boot mode:(3,6)

load 0x4010f000, len 1384, room 16 
tail 8
chksum 0x2d
csum 0x2d
v8b899c12
~ld


6.01
 0h00:02.991 2021/07/06T17:39:06z: DS3231
 0h00:03.006 2021/07/06T17:39:06z: BME280 (0x76)
 0h00:03.020 2021/07/06T17:39:06z: 10:52:1c:4d:ae:9b
 0h00:03.022 2021/07/06T17:39:06z: SSID: PurpleAir-2ad
 0h00:03.027 2021/07/06T17:39:06z: AP_STAR tmr
 ets Jan  8 2013,rst cause:1, boot mode:(3,6)

load 0x4010f000, len 1384, room 16 
tail 8
chksum 0x2d
csum 0x2d
v8b899c12
~ld


6.01
 0h00:03.002 2021/07/06T17:59:02z: DS3231
 0h00:03.017 2021/07/06T17:59:02z: BME280 (0x76)
 0h00:03.031 2021/07/06T17:59:02z: 10:52:1c:4d:ae:9b
 0h00:03.033 2021/07/06T17:59:02z: SSID: PurpleAir-2ad
 0h00:03.038 2021/07/06T17:59:02z: AP_STAR tmr
 ets Jan  8 2013,rst cause:1, boot mode:(3,6)

load 0x4010f000, len 1384, room 16 
tail 8
chksum 0x2d
csum 0x2d
v8b899c12
~ld


6.01
 0h00:03.006 2021/07/06T18:18:58z: DS3231
 0h00:03.021 2021/07/06T18:18:58z: BME280 (0x76)
 0h00:03.035 2021/07/06T18:18:58z: 10:52:1c:4d:ae:9b
 0h00:03.037 2021/07/06T18:18:58z: SSID: PurpleAir-2ad
 0h00:03.042 2021/07/06T18:18:58z: AP_STAR tmr
 ets Jan  8 2013,rst cause:1, boot mode:(3,6)

load 0x4010f000, len 1384, room 16 
tail 8
chksum 0x2d
csum 0x2d
v8b899c12
~ld


6.01
 0h00:03.013 2021/07/06T18:38:54z: DS3231
 0h00:03.028 2021/07/06T18:38:54z: BME280 (0x76)
 0h00:03.043 2021/07/06T18:38:54z: 10:52:1c:4d:ae:9b
 0h00:03.044 2021/07/06T18:38:54z: SSID: PurpleAir-2ad
 0h00:03.049 2021/07/06T18:38:54z: AP_STAR tmr
 ets Jan  8 2013,rst cause:1, boot mode:(3,6)

load 0x4010f000, len 1384, room 16 
tail 8
chksum 0x2d
csum 0x2d
v8b899c12
~ld


6.01
 0h00:02.989 2021/07/06T18:58:49z: DS3231
 0h00:03.004 2021/07/06T18:58:49z: BME280 (0x76)
 0h00:03.018 2021/07/06T18:58:49z: 10:52:1c:4d:ae:9b
 0h00:03.020 2021/07/06T18:58:49z: SSID: PurpleAir-2ad
 0h00:03.025 2021/07/06T18:58:49z: AP_STAR tmr
 ets Jan  8 2013,rst cause:1, boot mode:(3,6)

load 0x4010f000, len 1384, room 16 
tail 8
chksum 0x2d
csum 0x2d
v8b899c12
~ld


6.01
 0h00:02.990 2021/07/06T19:18:45z: DS3231
 0h00:03.006 2021/07/06T19:18:45z: BME280 (0x76)
 0h00:03.020 2021/07/06T19:18:45z: 10:52:1c:4d:ae:9b
 0h00:03.022 2021/07/06T19:18:45z: SSID: PurpleAir-2ad
 0h00:03.027 2021/07/06T19:18:45z: AP_STAR tmr
 ets Jan  8 2013,rst cause:1, boot mode:(3,6)

load 0x4010f000, len 1384, room 16 
tail 8
chksum 0x2d
csum 0x2d
v8b899c12
~ld


6.01
 0h00:02.992 2021/07/06T19:38:41z: DS3231
 0h00:03.007 2021/07/06T19:38:41z: BME280 (0x76)
 0h00:03.021 2021/07/06T19:38:41z: 10:52:1c:4d:ae:9b
 0h00:03.023 2021/07/06T19:38:41z: SSID: PurpleAir-2ad
 0h00:03.028 2021/07/06T19:38:41z: AP_STAR tmr
 ets Jan  8 2013,rst cause:1, boot mode:(3,6)

load 0x4010f000, len 1384, room 16 
tail 8
chksum 0x2d
csum 0x2d
v8b899c12
~ld


6.01
 0h00:02.986 2021/07/06T19:58:37z: DS3231
 0h00:03.001 2021/07/06T19:58:37z: BME280 (0x76)
 0h00:03.016 2021/07/06T19:58:37z: 10:52:1c:4d:ae:9b
 0h00:03.017 2021/07/06T19:58:37z: SSID: PurpleAir-2ad
 0h00:03.023 2021/07/06T19:58:37z: AP_STAR tmr
 ets Jan  8 2013,rst cause:1, boot mode:(3,6)

load 0x4010f000, len 1384, room 16 
tail 8
chksum 0x2d
csum 0x2d
v8b899c12
~ld


6.01
 0h00:02.990 2021/07/06T20:18:34z: DS3231
 0h00:03.006 2021/07/06T20:18:34z: BME280 (0x76)
 0h00:03.020 2021/07/06T20:18:34z: 10:52:1c:4d:ae:9b
 0h00:03.021 2021/07/06T20:18:34z: SSID: PurpleAir-2ad
 0h00:03.027 2021/07/06T20:18:34z: AP_STAR tmr
 ets Jan  8 2013,rst cause:1, boot mode:(3,6)

load 0x4010f000, len 1384, room 16 
tail 8
chksum 0x2d
csum 0x2d
v8b899c12
~ld


6.01
 0h00:03.001 2021/07/06T20:38:30z: DS3231
 0h00:03.017 2021/07/06T20:38:30z: BME280 (0x76)
 0h00:03.031 2021/07/06T20:38:30z: 10:52:1c:4d:ae:9b
 0h00:03.032 2021/07/06T20:38:30z: SSID: PurpleAir-2ad
 0h00:03.038 2021/07/06T20:38:30z: AP_STAR tmr
 ets Jan  8 2013,rst cause:1, boot mode:(3,6)

load 0x4010f000, len 1384, room 16 
tail 8
chksum 0x2d
csum 0x2d
v8b899c12
~ld


6.01
 0h00:03.009 2021/07/06T20:58:26z: DS3231
 0h00:03.024 2021/07/06T20:58:26z: BME280 (0x76)
 0h00:03.038 2021/07/06T20:58:26z: 10:52:1c:4d:ae:9b
 0h00:03.040 2021/07/06T20:58:26z: SSID: PurpleAir-2ad
 0h00:03.045 2021/07/06T20:58:26z: AP_STAR tmr
 ets Jan  8 2013,rst cause:1, boot mode:(3,6)

load 0x4010f000, len 1384, room 16 
tail 8
chksum 0x2d
csum 0x2d
v8b899c12
~ld


6.01
 0h00:03.020 2021/07/06T21:18:22z: DS3231
 0h00:03.035 2021/07/06T21:18:22z: BME280 (0x76)
 0h00:03.049 2021/07/06T21:18:22z: 10:52:1c:4d:ae:9b
 0h00:03.051 2021/07/06T21:18:22z: SSID: PurpleAir-2ad
 0h00:03.056 2021/07/06T21:18:22z: AP_STAR tmr
 ets Jan  8 2013,rst cause:1, boot mode:(3,6)

load 0x4010f000, len 1384, room 16 
tail 8
chksum 0x2d
csum 0x2d
v8b899c12
~ld


6.01
 0h00:02.987 2021/07/06T21:38:19z: DS3231
 0h00:03.002 2021/07/06T21:38:19z: BME280 (0x76)
 0h00:03.016 2021/07/06T21:38:19z: 10:52:1c:4d:ae:9b
 0h00:03.018 2021/07/06T21:38:19z: SSID: PurpleAir-2ad
 0h00:03.023 2021/07/06T21:38:19z: AP_STAR tmr
 ets Jan  8 2013,rst cause:1, boot mode:(3,6)

load 0x4010f000, len 1384, room 16 
tail 8
chksum 0x2d
csum 0x2d
v8b899c12
~ld


6.01
 0h00:02.992 2021/07/06T21:58:16z: DS3231
 0h00:03.007 2021/07/06T21:58:16z: BME280 (0x76)
 0h00:03.022 2021/07/06T21:58:16z: 10:52:1c:4d:ae:9b
 0h00:03.023 2021/07/06T21:58:16z: SSID: PurpleAir-2ad
 0h00:03.028 2021/07/06T21:58:16z: AP_STAR tmr
 ets Jan  8 2013,rst cause:1, boot mode:(3,6)

load 0x4010f000, len 1384, room 16 
tail 8
chksum 0x2d
csum 0x2d
v8b899c12
~ld


6.01
 0h00:02.990 2021/07/06T22:18:11z: DS3231
 0h00:03.006 2021/07/06T22:18:11z: BME280 (0x76)
 0h00:03.020 2021/07/06T22:18:11z: 10:52:1c:4d:ae:9b
 0h00:03.021 2021/07/06T22:18:11z: SSID: PurpleAir-2ad
 0h00:03.027 2021/07/06T22:18:11z: AP_STAR tmr
 ets Jan  8 2013,rst cause:1, boot mode:(3,6)

load 0x4010f000, len 1384, room 16 
tail 8
chksum 0x2d
csum 0x2d
v8b899c12
~ld


6.01
 0h00:02.992 2021/07/06T22:38:07z: DS3231
 0h00:03.007 2021/07/06T22:38:07z: BME280 (0x76)
 0h00:03.021 2021/07/06T22:38:07z: 10:52:1c:4d:ae:9b
 0h00:03.023 2021/07/06T22:38:07z: SSID: PurpleAir-2ad
 0h00:03.028 2021/07/06T22:38:07z: AP_STAR tmr
 ets Jan  8 2013,rst cause:1, boot mode:(3,6)

load 0x4010f000, len 1384, room 16 
tail 8
chksum 0x2d
csum 0x2d
v8b899c12
~ld


6.01
 0h00:02.991 2021/07/06T22:58:03z: DS3231
 0h00:03.006 2021/07/06T22:58:03z: BME280 (0x76)
 0h00:03.020 2021/07/06T22:58:03z: 10:52:1c:4d:ae:9b
 0h00:03.022 2021/07/06T22:58:03z: SSID: PurpleAir-2ad
 0h00:03.027 2021/07/06T22:58:03z: AP_STAR tmr
 ets Jan  8 2013,rst cause:1, boot mode:(3,6)

load 0x4010f000, len 1384, room 16 
tail 8
chksum 0x2d
csum 0x2d
v8b899c12
~ld


6.01
 0h00:03.000 2021/07/06T23:17:59z: DS3231
 0h00:03.015 2021/07/06T23:17:59z: BME280 (0x76)
 0h00:03.029 2021/07/06T23:17:59z: 10:52:1c:4d:ae:9b
 0h00:03.031 2021/07/06T23:17:59z: SSID: PurpleAir-2ad
 0h00:03.036 2021/07/06T23:17:59z: AP_STAR tmr
 ets Jan  8 2013,rst cause:1, boot mode:(3,6)

load 0x4010f000, len 1384, room 16 
tail 8
chksum 0x2d
csum 0x2d
v8b899c12
~ld


6.01
 0h00:03.006 2021/07/06T23:37:55z: DS3231
 0h00:03.021 2021/07/06T23:37:55z: BME280 (0x76)
 0h00:03.035 2021/07/06T23:37:55z: 10:52:1c:4d:ae:9b
 0h00:03.037 2021/07/06T23:37:55z: SSID: PurpleAir-2ad
 0h00:03.042 2021/07/06T23:37:55z: AP_STAR tmr
 ets Jan  8 2013,rst cause:1, boot mode:(3,6)

load 0x4010f000, len 1384, room 16 
tail 8
chksum 0x2d
csum 0x2d
v8b899c12
~ld


6.01
 0h00:03.020 2021/07/06T23:57:51z: DS3231
 0h00:03.035 2021/07/06T23:57:51z: BME280 (0x76)
 0h00:03.049 2021/07/06T23:57:51z: 10:52:1c:4d:ae:9b
 0h00:03.051 2021/07/06T23:57:51z: SSID: PurpleAir-2ad
 0h00:03.056 2021/07/06T23:57:51z: AP_STA