R tmr
 ets Jan  8 2013,rst cause:1, boot mode:(3,7)

load 0x4010f000, len 1384, room 16 
tail 8
chksum 0x2d
csum 0x2d
v8b899c12
~ld


6.01
 0h00:02.999 2021/05/21T00:08:21z: DS3231
 0h00:03.014 2021/05/21T00:08:21z: BME280 (0x76)
 0h00:03.028 2021/05/21T00:08:21z: 10:52:1c:41:79:b5
 0h00:03.030 2021/05/21T00:08:21z: SSID: ARRIS-5A97
 0h00:03.035 2021/05/21T00:08:21z: AP_STAR tmr
 ets Jan  8 2013,rst cause:1, boot mode:(3,7)

load 0x4010f000, len 1384, room 16 
tail 8
chksum 0x2d
csum 0x2d
v8b899c12
~ld


6.01
 0h00:03.006 2021/05/21T00:28:17z: DS3231
 0h00:03.021 2021/05/21T00:28:17z: BME280 (0x76)
 0h00:03.035 2021/05/21T00:28:17z: 10:52:1c:41:79:b5
 0h00:03.037 2021/05/21T00:28:17z: SSID: ARRIS-5A97
 0h00:03.042 2021/05/21T00:28:17z: AP_STAR tmr
 ets Jan  8 2013,rst cause:1, boot mode:(3,7)

load 0x4010f000, len 1384, room 16 
tail 8
chksum 0x2d
csum 0x2d
v8b899c12
~ld


6.01
 0h00:03.008 2021/05/21T00:48:13z: DS3231
 0h00:03.023 2021/05/21T00:48:13z: BME280 (0x76)
 0h00:03.037 2021/05/21T00:48:13z: 10:52:1c:41:79:b5
 0h00:03.039 2021/05/21T00:48:13z: SSID: ARRIS-5A97
 0h00:03.044 2021/05/21T00:48:13z: AP_STAR tmr
 ets Jan  8 2013,rst cause:1, boot mode:(3,7)

load 0x4010f000, len 1384, room 16 
tail 8
chksum 0x2d
csum 0x2d
v8b899c12
~ld


6.01
 0h00:03.014 2021/05/21T01:08:09z: DS3231
 0h00:03.029 2021/05/21T01:08:09z: BME280 (0x76)
 0h00:03.043 2021/05/21T01:08:09z: 10:52:1c:41:79:b5
 0h00:03.045 2021/05/21T01:08:09z: SSID: ARRIS-5A97
 0h00:03.050 2021/05/21T01:08:09z: AP_STAR tmr
 ets Jan  8 2013,rst cause:1, boot mode:(3,7)

load 0x4010f000, len 1384, room 16 
tail 8
chksum 0x2d
csum 0x2d
v8b899c12
~ld


6.01
 0h00:03.029 2021/05/21T01:28:05z: DS3231
 0h00:03.044 2021/05/21T01:28:05z: BME280 (0x76)
 0h00:03.059 2021/05/21T01:28:05z: 10:52:1c:41:79:b5
 0h00:03.060 2021/05/21T01:28:05z: SSID: ARRIS-5A97
 0h00:03.065 2021/05/21T01:28:05z: AP_STAR tmr
 ets Jan  8 2013,rst cause:1, boot mode:(3,7)

load 0x4010f000, len 1384, room 16 
tail 8
chksum 0x2d
csum 0x2d
v8b899c12
~ld


6.01
 0h00:02.997 2021/05/21T01:48:00z: DS3231
 0h00:03.012 2021/05/21T01:48:00z: BME280 (0x76)
 0h00:03.026 2021/05/21T01:48:00z: 10:52:1c:41:79:b5
 0h00:03.028 2021/05/21T01:48:00z: SSID: ARRIS-5A97
 0h00:03.033 2021/05/21T01:48:00z: AP_STAR tmr
 ets Jan  8 2013,rst cause:1, boot mode:(3,7)

load 0x4010f000, len 1384, room 16 
tail 8
chksum 0x2d
csum 0x2d
v8b899c12
~ld


6.01
 0h00:02.999 2021/05/21T02:07:57z: DS3231
 0h00:03.014 2021/05/21T02:07:57z: BME280 (0x76)
 0h00:03.028 2021/05/21T02:07:57z: 10:52:1c:41:79:b5
 0h00:03.030 2021/05/21T02:07:57z: SSID: ARRIS-5A97
 0h00:03.035 2021/05/21T02:07:57z: AP_STAR tmr
 ets Jan  8 2013,rst cause:1, boot mode:(3,7)

load 0x4010f000, len 1384, room 16 
tail 8
chksum 0x2d
csum 0x2d
v8b899c12
~ld


6.01
 0h00:03.000 2021/05/21T02:27:53z: DS3231
 0h00:03.015 2021/05/21T02:27:53z: BME280 (0x76)
 0h00:03.029 2021/05/21T02:27:53z: 10:52:1c:41:79:b5
 0h00:03.031 2021/05/21T02:27:53z: SSID: ARRIS-5A97
 0h00:03.036 2021/05/21T02:27:53z: AP_STAR tmr
 ets Jan  8 2013,rst cause:1, boot mode:(3,7)

load 0x4010f000, len 1384, room 16 
tail 8
chksum 0x2d
csum 0x2d
v8b899c12
~ld


6.01
 0h00:03.008 2021/05/21T02:47:49z: DS3231
 0h00:03.024 2021/05/21T02:47:49z: BME280 (0x76)
 0h00:03.038 2021/05/21T02:47:49z: 10:52:1c:41:79:b5
 0h00:03.040 2021/05/21T02:47:49z: SSID: ARRIS-5A97
 0h00:03.045 2021/05/21T02:47:49z: AP_STAR tmr
 ets Jan  8 2013,rst cause:1, boot mode:(3,7)

load 0x4010f000, len 1384, room 16 
tail 8
chksum 0x2d
csum 0x2d
v8b899c12
~ld


6.01
 0h00:03.006 2021/05/21T03:07:46z: DS3231
 0h00:03.021 2021/05/21T03:07:46z: BME280 (0x76)
 0h00:03.035 2021/05/21T03:07:46z: 10:52:1c:41:79:b5
 0h00:03.037 2021/05/21T03:07:46z: SSID: ARRIS-5A97
 0h00:03.042 2021/05/21T03:07:46z: AP_STAR tmr
 ets Jan  8 2013,rst cause:1, boot mode:(3,7)

load 0x4010f000, len 1384, room 16 
tail 8
chksum 0x2d
csum 0x2d
v8b899c12
~ld


6.01
 0h00:03.014 2021/05/21T03:27:41z: DS3231
 0h00:03.029 2021/05/21T03:27:42z: BME280 (0x76)
 0h00:03.043 2021/05/21T03:27:42z: 10:52:1c:41:79:b5
 0h00:03.045 2021/05/21T03:27:42z: SSID: ARRIS-5A97
 0h00:03.050 2021/05/21T03:27:42z: AP_STAR tmr
 ets Jan  8 2013,rst cause:1, boot mode:(3,7)

load 0x4010f000, len 1384, room 16 
tail 8
chksum 0x2d
csum 0x2d
v8b899c12
~ld


6.01
 0h00:03.017 2021/05/21T03:47:38z: DS3231
 0h00:03.032 2021/05/21T03:47:38z: BME280 (0x76)
 0h00:03.047 2021/05/21T03:47:38z: 10:52:1c:41:79:b5
 0h00:03.048 2021/05/21T03:47:38z: SSID: ARRIS-5A97
 0h00:03.053 2021/05/21T03:47:38z: AP_STAR tmr
 ets Jan  8 2013,rst cause:1, boot mode:(3,7)

load 0x4010f000, len 1384, room 16 
tail 8
chksum 0x2d
csum 0x2d
v8b899c12
~ld


6.01
 0h00:03.033 2021/05/21T04:07:34z: DS3231
 0h00:03.048 2021/05/21T04:07:34z: BME280 (0x76)
 0h00:03.062 2021/05/21T04:07:34z: 10:52:1c:41:79:b5
 0h00:03.064 2021/05/21T04:07:34z: SSID: ARRIS-5A97
 0h00:03.069 2021/05/21T04:07:34z: AP_STAR tmr
 ets Jan  8 2013,rst cause:1, boot mode:(3,7)

load 0x4010f000, len 1384, room 16 
tail 8
chksum 0x2d
csum 0x2d
v8b899c12
~ld


6.01
 0h00:02.996 2021/05/21T04:27:30z: DS3231
 0h00:03.011 2021/05/21T04:27:30z: BME280 (0x76)
 0h00:03.025 2021/05/21T04:27:30z: 10:52:1c:41:79:b5
 0h00:03.027 2021/05/21T04:27:30z: SSID: ARRIS-5A97
 0h00:03.032 2021/05/21T04:27:30z: AP_STAR tmr
 ets Jan  8 2013,rst cause:1, boot mode:(3,7)

load 0x4010f000, len 1384, room 16 
tail 8
chksum 0x2d
csum 0x2d
v8b899c12
~ld


6.01
 0h00:03.010 2021/05/21T04:47:26z: DS3231
 0h00:03.025 2021/05/21T04:47:26z: BME280 (0x76)
 0h00:03.039 2021/05/21T04:47:26z: 10:52:1c:41:79:b5
 0h00:03.041 2021/05/21T04:47:26z: SSID: ARRIS-5A97
 0h00:03.046 2021/05/21T04:47:26z: AP_STAR tmr
 ets Jan  8 2013,rst cause:1, boot mode:(3,7)

load 0x4010f000, len 1384, room 16 
tail 8
chksum 0x2d
csum 0x2d
v8b899c12
~ld


6.01
 0h00:03.000 2021/05/21T05:07:22z: DS3231
 0h00:03.015 2021/05/21T05:07:22z: BME280 (0x76)
 0h00:03.029 2021/05/21T05:07:22z: 10:52:1c:41:79:b5
 0h00:03.031 2021/05/21T05:07:22z: SSID: ARRIS-5A97
 0h00:03.036 2021/05/21T05:07:22z: AP_STAR tmr
 ets Jan  8 2013,rst cause:1, boot mode:(3,7)

load 0x4010f000, len 1384, room 16 
tail 8
chksum 0x2d
csum 0x2d
v8b899c12
~ld


6.01
 0h00:03.005 2021/05/21T05:27:18z: DS3231
 0h00:03.020 2021/05/21T05:27:18z: BME280 (0x76)
 0h00:03.034 2021/05/21T05:27:18z: 10:52:1c:41:79:b5
 0h00:03.036 2021/05/21T05:27:18z: SSID: ARRIS-5A97
 0h00:03.041 2021/05/21T05:27:18z: AP_STAR tmr
 ets Jan  8 2013,rst cause:1, boot mode:(3,7)

load 0x4010f000, len 1384, room 16 
tail 8
chksum 0x2d
csum 0x2d
v8b899c12
~ld


6.01
 0h00:03.003 2021/05/21T05:47:14z: DS3231
 0h00:03.018 2021/05/21T05:47:14z: BME280 (0x76)
 0h00:03.032 2021/05/21T05:47:14z: 10:52:1c:41:79:b5
 0h00:03.034 2021/05/21T05:47:14z: SSID: ARRIS-5A97
 0h00:03.039 2021/05/21T05:47:14z: AP_STAR tmr
 ets Jan  8 2013,rst cause:1, boot mode:(3,7)

load 0x4010f000, len 1384, room 16 
tail 8
chksum 0x2d
csum 0x2d
v8b899c12
~ld


6.01
 0h00:03.011 2021/05/21T06:07:11z: DS3231
 0h00:03.026 2021/05/21T06:07:11z: BME280 (0x76)
 0h00:03.040 2021/05/21T06:07:11z: 10:52:1c:41:79:b5
 0h00:03.042 2021/05/21T06:07:11z: SSID: ARRIS-5A97
 0h00:03.047 2021/05/21T06:07:11z: AP_STAR tmr
 ets Jan  8 2013,rst cause:1, boot mode:(3,7)

load 0x4010f000, len 1384, room 16 
tail 8
chksum 0x2d
csum 0x2d
v8b899c12
~ld


6.01
 0h00:03.010 2021/05/21T06:27:06z: DS3231
 0h00:03.026 2021/05/21T06:27:06z: BME280 (0x76)
 0h00:03.040 2021/05/21T06:27:06z: 10:52:1c:41:79:b5
 0h00:03.041 2021/05/21T06:27:06z: SSID: ARRIS-5A97
 0h00:03.047 2021/05/21T06:27:06z: AP_STAR tmr
 ets Jan  8 2013,rst cause:1, boot mode:(3,7)

load 0x4010f000, len 1384, room 16 
tail 8
chksum 0x2d
csum 0x2d
v8b899c12
~ld


6.01
 0h00:03.021 2021/05/21T06:47:02z: DS3231
 0h00:03.036 2021/05/21T06:47:02z: BME280 (0x76)
 0h00:03.050 2021/05/21T06:47:02z: 10:52:1c:41:79:b5
 0h00:03.052 2021/05/21T06:47:02z: SSID: ARRIS-5A97
 0h00:03.057 2021/05/21T06:47:02z: AP_STAR tmr
 ets Jan  8 2013,rst cause:1, boot mode:(3,7)

load 0x4010f000, len 1384, room 16 
tail 8
chksum 0x2d
csum 0x2d
v8b899c12
~ld


6.01
 0h00:03.008 2021/05/21T07:06:58z: DS3231
 0h00:03.024 2021/05/21T07:06:58z: BME280 (0x76)
 0h00:03.038 2021/05/21T07:06:58z: 10:52:1c:41:79:b5
 0h00:03.040 2021/05/21T07:06:58z: SSID: ARRIS-5A97
 0h00:03.045 2021/05/21T07:06:58z: AP_STAR tmr
 ets Jan  8 2013,rst cause:1, boot mode:(3,7)

load 0x4010f000, len 1384, room 16 
tail 8
chksum 0x2d
csum 0x2d
v8b899c12
~ld


6.01
 0h00:02.997 2021/05/21T07:26:54z: DS3231
 0h00:03.013 2021/05/21T07:26:54z: BME280 (0x76)
 0h00:03.027 2021/05/21T07:26:54z: 10:52:1c:41:79:b5
 0h00:03.028 2021/05/21T07:26:54z: SSID: ARRIS-5A97
 0h00:03.034 2021/05/21T07:26:54z: AP_STAR tmr
 ets Jan  8 2013,rst cause:1, boot mode:(3,7)

load 0x4010f000, len 1384, room 16 
tail 8
chksum 0x2d
csum 0x2d
v8b899c12
~ld


6.01
 0h00:02.994 2021/05/21T07:46:49z: DS3231
 0h00:03.009 2021/05/21T07:46:50z: BME280 (0x76)
 0h00:03.023 2021/05/21T07:46:50z: 10:52:1c:41:79:b5
 0h00:03.025 2021/05/21T07:46:50z: SSID: ARRIS-5A97
 0h00:03.030 2021/05/21T07:46:50z: AP_STAR tmr
 ets Jan  8 2013,rst cause:1, boot mode:(3,7)

load 0x4010f000, len 1384, room 16 
tail 8
chksum 0x2d
csum 0x2d
v8b899c12
~ld


6.01
 0h00:03.000 2021/05/21T08:06:46z: DS3231
 0h00:03.015 2021/05/21T08:06:46z: BME280 (0x76)
 0h00:03.029 2021/05/21T08:06:46z: 10:52:1c:41:79:b5
 0h00:03.031 2021/05/21T08:06:46z: SSID: ARRIS-5A97
 0h00:03.036 2021/05/21T08:06:46z: AP_STAR tmr
 ets Jan  8 2013,rst cause:1, boot mode:(3,7)

load 0x4010f000, len 1384, room 16 
tail 8
chksum 0x2d
csum 0x2d
v8b899c12
~ld


6.01
 0h00:03.014 2021/05/21T08:39:39z: DS3231
 0h00:03.030 2021/05/21T08:39:39z: BME280 (0x76)
 0h00:03.044 2021/05/21T08:39:39z: 10:52:1c:41:79:b5
 0h00:03.045 2021/05/21T08:39:39z: SSID: ARRIS-5A97
 0h00:03.051 2021/05/21T08:39:39z: AP_STAR tmr
 ets Jan  8 2013,rst cause:1, boot mode:(3,7)

load 0x4010f000, len 1384, room 16 
tail 8
chksum 0x2d
csum 0x2d
v8b899c12
~ld


6.01
 0h00:03.016 2021/05/21T08:59:35z: DS3231
 0h00:03.032 2021/05/21T08:59:35z: BME280 (0x76)
 0h00:03.046 2021/05/21T08:59:35z: 10:52:1c:41:79:b5
 0h00:03.048 2021/05/21T08:59:35z: SSID: ARRIS-5A97
 0h00:03.053 2021/05/21T08:59:35z: AP_STAR tmr
 ets Jan  8 2013,rst cause:1, boot mode:(3,7)

load 0x4010f000, len 1384, room 16 
tail 8
chksum 0x2d
csum 0x2d
v8b899c12
~ld


6.01
 0h00:02.999 2021/05/21T09:19:30z: DS3231
 0h00:03.014 2021/05/21T09:19:30z: BME280 (0x76)
 0h00:03.028 2021/05/21T09:19:30z: 10:52:1c:41:79:b5
 0h00:03.030 2021/05/21T09:19:30z: SSID: ARRIS-5A97
 0h00:03.035 2021/05/21T09:19:30z: AP_STAR tmr
 ets Jan  8 2013,rst cause:1, boot mode:(3,7)

load 0x4010f000, len 1384, room 16 
tail 8
chksum 0x2d
csum 0x2d
v8b899c12
~ld


6.01
 0h00:03.001 2021/05/21T09:39:26z: DS3231
 0h00:03.017 2021/05/21T09:39:26z: BME280 (0x76)
 0h00:03.031 2021/05/21T09:39:26z: 10:52:1c:41:79:b5
 0h00:03.033 2021/05/21T09:39:26z: SSID: ARRIS-5A97
 0h00:03.038 2021/05/21T09:39:26z: AP_STA