R tmr
 ets Jan  8 2013,rst cause:1, boot mode:(3,7)

load 0x4010f000, len 1384, room 16 
tail 8
chksum 0x2d
csum 0x2d
v8b899c12
~ld


6.01
 0h00:03.005 2021/05/20T00:12:56z: DS3231
 0h00:03.020 2021/05/20T00:12:56z: BME280 (0x76)
 0h00:03.034 2021/05/20T00:12:56z: 10:52:1c:41:79:b5
 0h00:03.036 2021/05/20T00:12:56z: SSID: ARRIS-5A97
 0h00:03.041 2021/05/20T00:12:56z: AP_STAR tmr
 ets Jan  8 2013,rst cause:1, boot mode:(3,7)

load 0x4010f000, len 1384, room 16 
tail 8
chksum 0x2d
csum 0x2d
v8b899c12
~ld


6.01
 0h00:03.010 2021/05/20T00:32:52z: DS3231
 0h00:03.025 2021/05/20T00:32:52z: BME280 (0x76)
 0h00:03.039 2021/05/20T00:32:52z: 10:52:1c:41:79:b5
 0h00:03.041 2021/05/20T00:32:52z: SSID: ARRIS-5A97
 0h00:03.046 2021/05/20T00:32:52z: AP_STAR tmr
 ets Jan  8 2013,rst cause:1, boot mode:(3,7)

load 0x4010f000, len 1384, room 16 
tail 8
chksum 0x2d
csum 0x2d
v8b899c12
~ld


6.01
 0h00:03.020 2021/05/20T00:52:49z: DS3231
 0h00:03.036 2021/05/20T00:52:49z: BME280 (0x76)
 0h00:03.050 2021/05/20T00:52:49z: 10:52:1c:41:79:b5
 0h00:03.052 2021/05/20T00:52:49z: SSID: ARRIS-5A97
 0h00:03.057 2021/05/20T00:52:49z: AP_STAR tmr
 ets Jan  8 2013,rst cause:1, boot mode:(3,7)

load 0x4010f000, len 1384, room 16 
tail 8
chksum 0x2d
csum 0x2d
v8b899c12
~ld


6.01
 0h00:02.999 2021/05/20T01:12:45z: DS3231
 0h00:03.015 2021/05/20T01:12:45z: BME280 (0x76)
 0h00:03.029 2021/05/20T01:12:45z: 10:52:1c:41:79:b5
 0h00:03.030 2021/05/20T01:12:45z: SSID: ARRIS-5A97
 0h00:03.036 2021/05/20T01:12:45z: AP_STAR tmr
 ets Jan  8 2013,rst cause:1, boot mode:(3,7)

load 0x4010f000, len 1384, room 16 
tail 8
chksum 0x2d
csum 0x2d
v8b899c12
~ld


6.01
 0h00:03.002 2021/05/20T01:32:41z: DS3231
 0h00:03.018 2021/05/20T01:32:41z: BME280 (0x76)
 0h00:03.032 2021/05/20T01:32:41z: 10:52:1c:41:79:b5
 0h00:03.034 2021/05/20T01:32:41z: SSID: ARRIS-5A97
 0h00:03.039 2021/05/20T01:32:41z: AP_STAR tmr
 ets Jan  8 2013,rst cause:1, boot mode:(3,7)

load 0x4010f000, len 1384, room 16 
tail 8
chksum 0x2d
csum 0x2d
v8b899c12
~ld


6.01
 0h00:02.995 2021/05/20T01:52:38z: DS3231
 0h00:03.010 2021/05/20T01:52:38z: BME280 (0x76)
 0h00:03.024 2021/05/20T01:52:38z: 10:52:1c:41:79:b5
 0h00:03.026 2021/05/20T01:52:38z: SSID: ARRIS-5A97
 0h00:03.031 2021/05/20T01:52:38z: AP_STAR tmr
 ets Jan  8 2013,rst cause:1, boot mode:(3,7)

load 0x4010f000, len 1384, room 16 
tail 8
chksum 0x2d
csum 0x2d
v8b899c12
~ld


6.01
 0h00:03.000 2021/05/20T02:12:34z: DS3231
 0h00:03.016 2021/05/20T02:12:34z: BME280 (0x76)
 0h00:03.030 2021/05/20T02:12:35z: 10:52:1c:41:79:b5
 0h00:03.031 2021/05/20T02:12:35z: SSID: ARRIS-5A97
 0h00:03.037 2021/05/20T02:12:35z: AP_STAR tmr
 ets Jan  8 2013,rst cause:1, boot mode:(3,7)

load 0x4010f000, len 1384, room 16 
tail 8
chksum 0x2d
csum 0x2d
v8b899c12
~ld


6.01
 0h00:02.999 2021/05/20T02:32:31z: DS3231
 0h00:03.015 2021/05/20T02:32:31z: BME280 (0x76)
 0h00:03.029 2021/05/20T02:32:31z: 10:52:1c:41:79:b5
 0h00:03.031 2021/05/20T02:32:31z: SSID: ARRIS-5A97
 0h00:03.036 2021/05/20T02:32:31z: AP_STAR tmr
 ets Jan  8 2013,rst cause:1, boot mode:(3,7)

load 0x4010f000, len 1384, room 16 
tail 8
chksum 0x2d
csum 0x2d
v8b899c12
~ld


6.01
 0h00:03.014 2021/05/20T02:52:26z: DS3231
 0h00:03.029 2021/05/20T02:52:26z: BME280 (0x76)
 0h00:03.043 2021/05/20T02:52:26z: 10:52:1c:41:79:b5
 0h00:03.045 2021/05/20T02:52:26z: SSID: ARRIS-5A97
 0h00:03.050 2021/05/20T02:52:26z: AP_STAR tmr
 ets Jan  8 2013,rst cause:1, boot mode:(3,7)

load 0x4010f000, len 1384, room 16 
tail 8
chksum 0x2d
csum 0x2d
v8b899c12
~ld


6.01
 0h00:03.020 2021/05/20T03:12:23z: DS3231
 0h00:03.036 2021/05/20T03:12:23z: BME280 (0x76)
 0h00:03.050 2021/05/20T03:12:23z: 10:52:1c:41:79:b5
 0h00:03.052 2021/05/20T03:12:23z: SSID: ARRIS-5A97
 0h00:03.057 2021/05/20T03:12:23z: AP_STAR tmr
 ets Jan  8 2013,rst cause:1, boot mode:(3,7)

load 0x4010f000, len 1384, room 16 
tail 8
chksum 0x2d
csum 0x2d
v8b899c12
~ld


6.01
 0h00:03.030 2021/05/20T03:32:19z: DS3231
 0h00:03.045 2021/05/20T03:32:19z: BME280 (0x76)
 0h00:03.059 2021/05/20T03:32:19z: 10:52:1c:41:79:b5
 0h00:03.061 2021/05/20T03:32:19z: SSID: ARRIS-5A97
 0h00:03.066 2021/05/20T03:32:19z: AP_STAR tmr
 ets Jan  8 2013,rst cause:1, boot mode:(3,7)

load 0x4010f000, len 1384, room 16 
tail 8
chksum 0x2d
csum 0x2d
v8b899c12
~ld


6.01
 0h00:03.003 2021/05/20T03:52:16z: DS3231
 0h00:03.019 2021/05/20T03:52:16z: BME280 (0x76)
 0h00:03.033 2021/05/20T03:52:16z: 10:52:1c:41:79:b5
 0h00:03.035 2021/05/20T03:52:16z: SSID: ARRIS-5A97
 0h00:03.040 2021/05/20T03:52:16z: AP_STAR tmr
 ets Jan  8 2013,rst cause:1, boot mode:(3,7)

load 0x4010f000, len 1384, room 16 
tail 8
chksum 0x2d
csum 0x2d
v8b899c12
~ld


6.01
 0h00:03.005 2021/05/20T04:12:12z: DS3231
 0h00:03.020 2021/05/20T04:12:12z: BME280 (0x76)
 0h00:03.034 2021/05/20T04:12:12z: 10:52:1c:41:79:b5
 0h00:03.036 2021/05/20T04:12:12z: SSID: ARRIS-5A97
 0h00:03.041 2021/05/20T04:12:12z: AP_STAR tmr
 ets Jan  8 2013,rst cause:1, boot mode:(3,7)

load 0x4010f000, len 1384, room 16 
tail 8
chksum 0x2d
csum 0x2d
v8b899c12
~ld


6.01
 0h00:03.005 2021/05/20T04:32:08z: DS3231
 0h00:03.021 2021/05/20T04:32:08z: BME280 (0x76)
 0h00:03.035 2021/05/20T04:32:08z: 10:52:1c:41:79:b5
 0h00:03.037 2021/05/20T04:32:08z: SSID: ARRIS-5A97
 0h00:03.042 2021/05/20T04:32:08z: AP_STAR tmr
 ets Jan  8 2013,rst cause:1, boot mode:(3,7)

load 0x4010f000, len 1384, room 16 
tail 8
chksum 0x2d
csum 0x2d
v8b899c12
~ld


6.01
 0h00:03.000 2021/05/20T04:52:04z: DS3231
 0h00:03.015 2021/05/20T04:52:04z: BME280 (0x76)
 0h00:03.029 2021/05/20T04:52:04z: 10:52:1c:41:79:b5
 0h00:03.031 2021/05/20T04:52:04z: SSID: ARRIS-5A97
 0h00:03.036 2021/05/20T04:52:04z: AP_STAR tmr
 ets Jan  8 2013,rst cause:1, boot mode:(3,7)

load 0x4010f000, len 1384, room 16 
tail 8
chksum 0x2d
csum 0x2d
v8b899c12
~ld


6.01
 0h00:03.005 2021/05/20T05:11:59z: DS3231
 0h00:03.020 2021/05/20T05:11:59z: BME280 (0x76)
 0h00:03.034 2021/05/20T05:11:59z: 10:52:1c:41:79:b5
 0h00:03.036 2021/05/20T05:11:59z: SSID: ARRIS-5A97
 0h00:03.041 2021/05/20T05:11:59z: AP_STAR tmr
 ets Jan  8 2013,rst cause:1, boot mode:(3,7)

load 0x4010f000, len 1384, room 16 
tail 8
chksum 0x2d
csum 0x2d
v8b899c12
~ld


6.01
 0h00:03.010 2021/05/20T05:31:56z: DS3231
 0h00:03.025 2021/05/20T05:31:56z: BME280 (0x76)
 0h00:03.039 2021/05/20T05:31:56z: 10:52:1c:41:79:b5
 0h00:03.041 2021/05/20T05:31:56z: SSID: ARRIS-5A97
 0h00:03.046 2021/05/20T05:31:56z: AP_STAR tmr
 ets Jan  8 2013,rst cause:1, boot mode:(3,7)

load 0x4010f000, len 1384, room 16 
tail 8
chksum 0x2d
csum 0x2d
v8b899c12
~ld


6.01
 0h00:03.007 2021/05/20T05:51:52z: DS3231
 0h00:03.022 2021/05/20T05:51:52z: BME280 (0x76)
 0h00:03.036 2021/05/20T05:51:52z: 10:52:1c:41:79:b5
 0h00:03.038 2021/05/20T05:51:52z: SSID: ARRIS-5A97
 0h00:03.043 2021/05/20T05:51:52z: AP_STAR tmr
 ets Jan  8 2013,rst cause:1, boot mode:(3,7)

load 0x4010f000, len 1384, room 16 
tail 8
chksum 0x2d
csum 0x2d
v8b899c12
~ld


6.01
 0h00:03.024 2021/05/20T06:11:48z: DS3231
 0h00:03.039 2021/05/20T06:11:48z: BME280 (0x76)
 0h00:03.054 2021/05/20T06:11:48z: 10:52:1c:41:79:b5
 0h00:03.055 2021/05/20T06:11:48z: SSID: ARRIS-5A97
 0h00:03.060 2021/05/20T06:11:48z: AP_STAR tmr
 ets Jan  8 2013,rst cause:1, boot mode:(3,7)

load 0x4010f000, len 1384, room 16 
tail 8
chksum 0x2d
csum 0x2d
v8b899c12
~ld


6.01
 0h00:03.014 2021/05/20T06:31:44z: DS3231
 0h00:03.029 2021/05/20T06:31:44z: BME280 (0x76)
 0h00:03.044 2021/05/20T06:31:44z: 10:52:1c:41:79:b5
 0h00:03.045 2021/05/20T06:31:44z: SSID: ARRIS-5A97
 0h00:03.050 2021/05/20T06:31:44z: AP_STAR tmr
 ets Jan  8 2013,rst cause:1, boot mode:(3,7)

load 0x4010f000, len 1384, room 16 
tail 8
chksum 0x2d
csum 0x2d
v8b899c12
~ld


6.01
 0h00:03.031 2021/05/20T06:51:39z: DS3231
 0h00:03.046 2021/05/20T06:51:39z: BME280 (0x76)
 0h00:03.060 2021/05/20T06:51:39z: 10:52:1c:41:79:b5
 0h00:03.062 2021/05/20T06:51:39z: SSID: ARRIS-5A97
 0h00:03.067 2021/05/20T06:51:39z: AP_STAR tmr
 ets Jan  8 2013,rst cause:1, boot mode:(3,7)

load 0x4010f000, len 1384, room 16 
tail 8
chksum 0x2d
csum 0x2d
v8b899c12
~ld


6.01
 0h00:03.005 2021/05/20T07:11:36z: DS3231
 0h00:03.020 2021/05/20T07:11:36z: BME280 (0x76)
 0h00:03.034 2021/05/20T07:11:36z: 10:52:1c:41:79:b5
 0h00:03.036 2021/05/20T07:11:36z: SSID: ARRIS-5A97
 0h00:03.041 2021/05/20T07:11:36z: AP_STAR tmr
 ets Jan  8 2013,rst cause:1, boot mode:(3,7)

load 0x4010f000, len 1384, room 16 
tail 8
chksum 0x2d
csum 0x2d
v8b899c12
~ld


6.01
 0h00:03.001 2021/05/20T07:31:32z: DS3231
 0h00:03.016 2021/05/20T07:31:32z: BME280 (0x76)
 0h00:03.030 2021/05/20T07:31:32z: 10:52:1c:41:79:b5
 0h00:03.032 2021/05/20T07:31:32z: SSID: ARRIS-5A97
 0h00:03.037 2021/05/20T07:31:32z: AP_STAR tmr
 ets Jan  8 2013,rst cause:1, boot mode:(3,7)

load 0x4010f000, len 1384, room 16 
tail 8
chksum 0x2d
csum 0x2d
v8b899c12
~ld


6.01
 0h00:02.997 2021/05/20T07:51:28z: DS3231
 0h00:03.013 2021/05/20T07:51:28z: BME280 (0x76)
 0h00:03.027 2021/05/20T07:51:28z: 10:52:1c:41:79:b5
 0h00:03.028 2021/05/20T07:51:28z: SSID: ARRIS-5A97
 0h00:03.034 2021/05/20T07:51:28z: AP_STAR tmr
 ets Jan  8 2013,rst cause:1, boot mode:(3,7)

load 0x4010f000, len 1384, room 16 
tail 8
chksum 0x2d
csum 0x2d
v8b899c12
~ld


6.01
 0h00:03.005 2021/05/20T08:11:24z: DS3231
 0h00:03.021 2021/05/20T08:11:24z: BME280 (0x76)
 0h00:03.035 2021/05/20T08:11:24z: 10:52:1c:41:79:b5
 0h00:03.036 2021/05/20T08:11:24z: SSID: ARRIS-5A97
 0h00:03.042 2021/05/20T08:11:24z: AP_STAR tmr
 ets Jan  8 2013,rst cause:1, boot mode:(3,7)

load 0x4010f000, len 1384, room 16 
tail 8
chksum 0x2d
csum 0x2d
v8b899c12
~ld


6.01
 0h00:03.002 2021/05/20T08:31:20z: DS3231
 0h00:03.017 2021/05/20T08:31:20z: BME280 (0x76)
 0h00:03.031 2021/05/20T08:31:20z: 10:52:1c:41:79:b5
 0h00:03.033 2021/05/20T08:31:20z: SSID: ARRIS-5A97
 0h00:03.038 2021/05/20T08:31:20z: AP_STAR tmr
 ets Jan  8 2013,rst cause:1, boot mode:(3,7)

load 0x4010f000, len 1384, room 16 
tail 8
chksum 0x2d
csum 0x2d
v8b899c12
~ld


6.01
 0h00:03.008 2021/05/20T08:51:17z: DS3231
 0h00:03.023 2021/05/20T08:51:17z: BME280 (0x76)
 0h00:03.037 2021/05/20T08:51:17z: 10:52:1c:41:79:b5
 0h00:03.039 2021/05/20T08:51:17z: SSID: ARRIS-5A97
 0h00:03.044 2021/05/20T08:51:17z: AP_STAR tmr
 ets Jan  8 2013,rst cause:1, boot mode:(3,7)

load 0x4010f000, len 1384, room 16 
tail 8
chksum 0x2d
csum 0x2d
v8b899c12
~ld


6.01
 0h00:03.014 2021/05/20T09:11:13z: DS3231
 0h00:03.029 2021/05/20T09:11:13z: BME280 (0x76)
 0h00:03.043 2021/05/20T09:11:13z: 10:52:1c:41:79:b5
 0h00:03.045 2021/05/20T09:11:13z: SSID: ARRIS-5A97
 0h00:03.050 2021/05/20T09:11:13z: AP_STAR tmr
 ets Jan  8 2013,rst cause:1, boot mode:(3,7)

load 0x4010f000, len 1384, room 16 
tail 8
chksum 0x2d
csum 0x2d
v8b899c12
~ld


6.01
 0h00:03.022 2021/05/20T09:31:10z: DS3231
 0h00:03.037 2021/05/20T09:31:10z: BME280 (0x76)
 0h00:03.052 2021/05/20T09:31:10z: 10:52:1c:41:79:b5
 0h00:03.053 2021/05/20T09:31:10z: SSID: ARRIS-5A97
 0h00:03.058 2021/05/20T09:31:10z: AP_STAR tmr
 ets Jan  8 2013,rst cause:1, boot mode:(3,7)

load 0x4010f000, len 1384, room 16 
tail 8
chksum 0x2d
csum 0x2d
v8b899c12
~ld


6.01
 0h00:03.000 2021/05/20T09:51:06z: DS3231
 0h00:03.015 2021/05/20T09:51:06z: BME280 (0x76)
 0h00:03.030 2021/05/20T09:51:06z: 10:52:1c:41:79:b5
 0h00:03.031 2021/05/20T09:51:06z: SSID: ARRIS-5A97
 0h00:03.037 2021/05/20T09:51:06z: AP_STAR tmr
 ets Jan  8 2013,rst cause:1, boot mode:(3,7)

load 0x4010f000, len 1384, room 16 
tail 8
chksum 0x2d
csum 0x2d
v8b899c12
~ld


6.01
 0h00:02.998 2021/05/20T10:11:02z: DS3231
 0h00:03.014 2021/05/20T10:11:02z: BME280 (0x76)
 0h00:03.028 2021/05/20T10:11:02z: 10:52:1c:41:79:b5
 0h00:03.029 2021/05/20T10:11:02z: SSID: ARRIS-5A97
 0h00:03.035 2021/05/20T10:11:02z: AP_STAR tmr
 ets Jan  8 2013,rst cause:1, boot mode:(3,7)

load 0x4010f000, len 1384, room 16 
tail 8
chksum 0x2d
csum 0x2d
v8b899c12
~ld


6.01
 0h00:02.992 2021/05/20T10:30:57z: DS3231
 0h00:03.007 2021/05/20T10:30:57z: BME280 (0x76)
 0h00:03.021 2021/05/20T10:30:57z: 10:52:1c:41:79:b5
 0h00:03.023 2021/05/20T10:30:58z: SSID: ARRIS-5A97
 0h00:03.028 2021/05/20T10:30:58z: AP_STAR tmr
 ets Jan  8 2013,rst cause:1, boot mode:(3,7)

load 0x4010f000, len 1384, room 16 
tail 8
chksum 0x2d
csum 0x2d
v8b899c12
~ld


6.01
 0h00:03.001 2021/05/20T10:50:54z: DS3231
 0h00:03.017 2021/05/20T10:50:54z: BME280 (0x76)
 0h00:03.031 2021/05/20T10:50:54z: 10:52:1c:41:79:b5
 0h00:03.033 2021/05/20T10:50:54z: SSID: ARRIS-5A97
 0h00:03.038 2021/05/20T10:50:54z: AP_STAR tmr
 ets Jan  8 2013,rst cause:1, boot mode:(3,7)

load 0x4010f000, len 1384, room 16 
tail 8
chksum 0x2d
csum 0x2d
v8b899c12
~ld


6.01
 0h00:02.994 2021/05/20T11:10:50z: DS3231
 0h00:03.010 2021/05/20T11:10:50z: BME280 (0x76)
 0h00:03.024 2021/05/20T11:10:50z: 10:52:1c:41:79:b5
 0h00:03.026 2021/05/20T11:10:50z: SSID: ARRIS-5A97
 0h00:03.031 2021/05/20T11:10:50z: AP_STAR tmr
 ets Jan  8 2013,rst cause:1, boot mode:(3,7)

load 0x4010f000, len 1384, room 16 
tail 8
chksum 0x2d
csum 0x2d
v8b899c12
~ld


6.01
 0h00:03.008 2021/05/20T11:30:46z: DS3231
 0h00:03.023 2021/05/20T11:30:46z: BME280 (0x76)
 0h00:03.037 2021/05/20T11:30:46z: 10:52:1c:41:79:b5
 0h00:03.039 2021/05/20T11:30:46z: SSID: ARRIS-5A97
 0h00:03.044 2021/05/20T11:30:46z: AP_STAR tmr
 ets Jan  8 2013,rst cause:1, boot mode:(3,7)

load 0x4010f000, len 1384, room 16 
tail 8
chksum 0x2d
csum 0x2d
v8b899c12
~ld


6.01
 0h00:03.020 2021/05/20T11:50:42z: DS3231
 0h00:03.035 2021/05/20T11:50:42z: BME280 (0x76)
 0h00:03.049 2021/05/20T11:50:42z: 10:52:1c:41:79:b5
 0h00:03.051 2021/05/20T11:50:42z: SSID: ARRIS-5A97
 0h00:03.056 2021/05/20T11:50:42z: AP_STAR tmr
 ets Jan  8 2013,rst cause:1, boot mode:(3,7)

load 0x4010f000, len 1384, room 16 
tail 8
chksum 0x2d
csum 0x2d
v8b899c12
~ld


6.01
 0h00:03.025 2021/05/20T12:10:39z: DS3231
 0h00:03.040 2021/05/20T12:10:39z: BME280 (0x76)
 0h00:03.054 2021/05/20T12:10:39z: 10:52:1c:41:79:b5
 0h00:03.056 2021/05/20T12:10:39z: SSID: ARRIS-5A97
 0h00:03.061 2021/05/20T12:10:39z: AP_STAR tmr
 ets Jan  8 2013,rst cause:1, boot mode:(3,7)

load 0x4010f000, len 1384, room 16 
tail 8
chksum 0x2d
csum 0x2d
v8b899c12
~ld


6.01
 0h00:03.002 2021/05/20T12:30:35z: DS3231
 0h00:03.018 2021/05/20T12:30:35z: BME280 (0x76)
 0h00:03.032 2021/05/20T12:30:35z: 10:52:1c:41:79:b5
 0h00:03.034 2021/05/20T12:30:35z: SSID: ARRIS-5A97
 0h00:03.039 2021/05/20T12:30:35z: AP_STAR tmr
 ets Jan  8 2013,rst cause:1, boot mode:(3,7)

load 0x4010f000, len 1384, room 16 
tail 8
chksum 0x2d
csum 0x2d
v8b899c12
~ld


6.01
 0h00:03.005 2021/05/20T12:50:32z: DS3231
 0h00:03.020 2021/05/20T12:50:32z: BME280 (0x76)
 0h00:03.035 2021/05/20T12:50:32z: 10:52:1c:41:79:b5
 0h00:03.036 2021/05/20T12:50:32z: SSID: ARRIS-5A97
 0h00:03.041 2021/05/20T12:50:32z: AP_STAR tmr
 ets Jan  8 2013,rst cause:1, boot mode:(3,7)

load 0x4010f000, len 1384, room 16 
tail 8
chksum 0x2d
csum 0x2d
v8b899c12
~ld


6.01
 0h00:03.000 2021/05/20T13:10:29z: DS3231
 0h00:03.015 2021/05/20T13:10:29z: BME280 (0x76)
 0h00:03.029 2021/05/20T13:10:29z: 10:52:1c:41:79:b5
 0h00:03.031 2021/05/20T13:10:29z: SSID: ARRIS-5A97
 0h00:03.036 2021/05/20T13:10:29z: AP_STAR tmr
 ets Jan  8 2013,rst cause:1, boot mode:(3,7)

load 0x4010f000, len 1384, room 16 
tail 8
chksum 0x2d
csum 0x2d
v8b899c12
~ld


6.01
 0h00:03.004 2021/05/20T13:30:25z: DS3231
 0h00:03.020 2021/05/20T13:30:25z: BME280 (0x76)
 0h00:03.034 2021/05/20T13:30:25z: 10:52:1c:41:79:b5
 0h00:03.036 2021/05/20T13:30:25z: SSID: ARRIS-5A97
 0h00:03.041 2021/05/20T13:30:25z: AP_STAR tmr
 ets Jan  8 2013,rst cause:1, boot mode:(3,7)

load 0x4010f000, len 1384, room 16 
tail 8
chksum 0x2d
csum 0x2d
v8b899c12
~ld


6.01
 0h00:03.002 2021/05/20T13:50:22z: DS3231
 0h00:03.017 2021/05/20T13:50:22z: BME280 (0x76)
 0h00:03.031 2021/05/20T13:50:22z: 10:52:1c:41:79:b5
 0h00:03.033 2021/05/20T13:50:22z: SSID: ARRIS-5A97
 0h00:03.038 2021/05/20T13:50:22z: AP_STAR tmr
 ets Jan  8 2013,rst cause:1, boot mode:(3,7)

load 0x4010f000, len 1384, room 16 
tail 8
chksum 0x2d
csum 0x2d
v8b899c12
~ld


6.01
 0h00:03.008 2021/05/20T14:10:17z: DS3231
 0h00:03.023 2021/05/20T14:10:17z: BME280 (0x76)
 0h00:03.038 2021/05/20T14:10:17z: 10:52:1c:41:79:b5
 0h00:03.039 2021/05/20T14:10:17z: SSID: ARRIS-5A97
 0h00:03.044 2021/05/20T14:10:17z: AP_STAR tmr
 ets Jan  8 2013,rst cause:1, boot mode:(3,7)

load 0x4010f000, len 1384, room 16 
tail 8
chksum 0x2d
csum 0x2d
v8b899c12
~ld


6.01
 0h00:03.018 2021/05/20T14:30:13z: DS3231
 0h00:03.034 2021/05/20T14:30:13z: BME280 (0x76)
 0h00:03.048 2021/05/20T14:30:13z: 10:52:1c:41:79:b5
 0h00:03.049 2021/05/20T14:30:13z: SSID: ARRIS-5A97
 0h00:03.055 2021/05/20T14:30:13z: AP_STAR tmr
 ets Jan  8 2013,rst cause:1, boot mode:(3,7)

load 0x4010f000, len 1384, room 16 
tail 8
chksum 0x2d
csum 0x2d
v8b899c12
~ld


6.01
 0h00:03.035 2021/05/20T14:50:08z: DS3231
 0h00:03.051 2021/05/20T14:50:08z: BME280 (0x76)
 0h00:03.065 2021/05/20T14:50:08z: 10:52:1c:41:79:b5
 0h00:03.067 2021/05/20T14:50:08z: SSID: ARRIS-5A97
 0h00:03.072 2021/05/20T14:50:08z: AP_STAR tmr
 ets Jan  8 2013,rst cause:1, boot mode:(3,7)

load 0x4010f000, len 1384, room 16 
tail 8
chksum 0x2d
csum 0x2d
v8b899c12
~ld


6.01
 0h00:03.003 2021/05/20T15:10:05z: DS3231
 0h00:03.018 2021/05/20T15:10:05z: BME280 (0x76)
 0h00:03.032 2021/05/20T15:10:05z: 10:52:1c:41:79:b5
 0h00:03.034 2021/05/20T15:10:05z: SSID: ARRIS-5A97
 0h00:03.039 2021/05/20T15:10:05z: AP_STAR tmr
 ets Jan  8 2013,rst cause:1, boot mode:(3,7)

load 0x4010f000, len 1384, room 16 
tail 8
chksum 0x2d
csum 0x2d
v8b899c12
~ld


6.01
 0h00:03.006 2021/05/20T15:30:00z: DS3231
 0h00:03.022 2021/05/20T15:30:00z: BME280 (0x76)
 0h00:03.036 2021/05/20T15:30:00z: 10:52:1c:41:79:b5
 0h00:03.038 2021/05/20T15:30:00z: SSID: ARRIS-5A97
 0h00:03.043 2021/05/20T15:30:00z: AP_STAR tmr
 ets Jan  8 2013,rst cause:1, boot mode:(3,7)

load 0x4010f000, len 1384, room 16 
tail 8
chksum 0x2d
csum 0x2d
v8b899c12
~ld


6.01
 0h00:03.012 2021/05/20T15:49:56z: DS3231
 0h00:03.027 2021/05/20T15:49:56z: BME280 (0x76)
 0h00:03.041 2021/05/20T15:49:56z: 10:52:1c:41:79:b5
 0h00:03.043 2021/05/20T15:49:56z: SSID: ARRIS-5A97
 0h00:03.048 2021/05/20T15:49:56z: AP_STAR tmr
 ets Jan  8 2013,rst cause:1, boot mode:(3,7)

load 0x4010f000, len 1384, room 16 
tail 8
chksum 0x2d
csum 0x2d
v8b899c12
~ld


6.01
 0h00:03.007 2021/05/20T16:09:53z: DS3231
 0h00:03.022 2021/05/20T16:09:53z: BME280 (0x76)
 0h00:03.037 2021/05/20T16:09:53z: 10:52:1c:41:79:b5
 0h00:03.038 2021/05/20T16:09:53z: SSID: ARRIS-5A97
 0h00:03.043 2021/05/20T16:09:53z: AP_STAR tmr
 ets Jan  8 2013,rst cause:1, boot mode:(3,7)

load 0x4010f000, len 1384, room 16 
tail 8
chksum 0x2d
csum 0x2d
v8b899c12
~ld


6.01
 0h00:03.009 2021/05/20T16:29:48z: DS3231
 0h00:03.024 2021/05/20T16:29:48z: BME280 (0x76)
 0h00:03.039 2021/05/20T16:29:48z: 10:52:1c:41:79:b5
 0h00:03.040 2021/05/20T16:29:48z: SSID: ARRIS-5A97
 0h00:03.045 2021/05/20T16:29:48z: AP_STAR tmr
 ets Jan  8 2013,rst cause:1, boot mode:(3,7)

load 0x4010f000, len 1384, room 16 
tail 8
chksum 0x2d
csum 0x2d
v8b899c12
~ld


6.01
 0h00:03.013 2021/05/20T16:49:44z: DS3231
 0h00:03.028 2021/05/20T16:49:44z: BME280 (0x76)
 0h00:03.043 2021/05/20T16:49:44z: 10:52:1c:41:79:b5
 0h00:03.044 2021/05/20T16:49:44z: SSID: ARRIS-5A97
 0h00:03.049 2021/05/20T16:49:44z: AP_STAR tmr
 ets Jan  8 2013,rst cause:1, boot mode:(3,7)

load 0x4010f000, len 1384, room 16 
tail 8
chksum 0x2d
csum 0x2d
v8b899c12
~ld


6.01
 0h00:03.026 2021/05/20T17:09:41z: DS3231
 0h00:03.041 2021/05/20T17:09:41z: BME280 (0x76)
 0h00:03.055 2021/05/20T17:09:41z: 10:52:1c:41:79:b5
 0h00:03.057 2021/05/20T17:09:41z: SSID: ARRIS-5A97
 0h00:03.062 2021/05/20T17:09:41z: AP_STAR tmr
 ets Jan  8 2013,rst cause:1, boot mode:(3,7)

load 0x4010f000, len 1384, room 16 
tail 8
chksum 0x2d
csum 0x2d
v8b899c12
~ld


6.01
 0h00:03.025 2021/05/20T17:29:36z: DS3231
 0h00:03.040 2021/05/20T17:29:36z: BME280 (0x76)
 0h00:03.054 2021/05/20T17:29:36z: 10:52:1c:41:79:b5
 0h00:03.056 2021/05/20T17:29:36z: SSID: ARRIS-5A97
 0h00:03.061 2021/05/20T17:29:36z: AP_STAR tmr
 ets Jan  8 2013,rst cause:1, boot mode:(3,7)

load 0x4010f000, len 1384, room 16 
tail 8
chksum 0x2d
csum 0x2d
v8b899c12
~ld


6.01
 0h00:02.994 2021/05/20T17:49:33z: DS3231
 0h00:03.009 2021/05/20T17:49:33z: BME280 (0x76)
 0h00:03.024 2021/05/20T17:49:33z: 10:52:1c:41:79:b5
 0h00:03.025 2021/05/20T17:49:33z: SSID: ARRIS-5A97
 0h00:03.030 2021/05/20T17:49:33z: AP_STAR tmr
 ets Jan  8 2013,rst cause:1, boot mode:(3,7)

load 0x4010f000, len 1384, room 16 
tail 8
chksum 0x2d
csum 0x2d
v8b899c12
~ld


6.01
 0h00:03.001 2021/05/20T18:09:29z: DS3231
 0h00:03.017 2021/05/20T18:09:30z: BME280 (0x76)
 0h00:03.031 2021/05/20T18:09:30z: 10:52:1c:41:79:b5
 0h00:03.032 2021/05/20T18:09:30z: SSID: ARRIS-5A97
 0h00:03.038 2021/05/20T18:09:30z: AP_STAR tmr
 ets Jan  8 2013,rst cause:1, boot mode:(3,7)

load 0x4010f000, len 1384, room 16 
tail 8
chksum 0x2d
csum 0x2d
v8b899c12
~ld


6.01
 0h00:03.001 2021/05/20T18:29:25z: DS3231
 0h00:03.016 2021/05/20T18:29:25z: BME280 (0x76)
 0h00:03.030 2021/05/20T18:29:25z: 10:52:1c:41:79:b5
 0h00:03.032 2021/05/20T18:29:25z: SSID: ARRIS-5A97
 0h00:03.037 2021/05/20T18:29:25z: AP_STAR tmr
 ets Jan  8 2013,rst cause:1, boot mode:(3,7)

load 0x4010f000, len 1384, room 16 
tail 8
chksum 0x2d
csum 0x2d
v8b899c12
~ld


6.01
 0h00:03.001 2021/05/20T18:49:21z: DS3231
 0h00:03.016 2021/05/20T18:49:21z: BME280 (0x76)
 0h00:03.030 2021/05/20T18:49:21z: 10:52:1c:41:79:b5
 0h00:03.032 2021/05/20T18:49:21z: SSID: ARRIS-5A97
 0h00:03.037 2021/05/20T18:49:21z: AP_STAR tmr
 ets Jan  8 2013,rst cause:1, boot mode:(3,7)

load 0x4010f000, len 1384, room 16 
tail 8
chksum 0x2d
csum 0x2d
v8b899c12
~ld


6.01
 0h00:03.004 2021/05/20T19:09:17z: DS3231
 0h00:03.020 2021/05/20T19:09:17z: BME280 (0x76)
 0h00:03.034 2021/05/20T19:09:17z: 10:52:1c:41:79:b5
 0h00:03.035 2021/05/20T19:09:17z: SSID: ARRIS-5A97
 0h00:03.041 2021/05/20T19:09:17z: AP_STAR tmr
 ets Jan  8 2013,rst cause:1, boot mode:(3,7)

load 0x4010f000, len 1384, room 16 
tail 8
chksum 0x2d
csum 0x2d
v8b899c12
~ld


6.01
 0h00:03.010 2021/05/20T19:29:14z: DS3231
 0h00:03.025 2021/05/20T19:29:14z: BME280 (0x76)
 0h00:03.039 2021/05/20T19:29:14z: 10:52:1c:41:79:b5
 0h00:03.041 2021/05/20T19:29:14z: SSID: ARRIS-5A97
 0h00:03.046 2021/05/20T19:29:14z: AP_STAR tmr
 ets Jan  8 2013,rst cause:1, boot mode:(3,7)

load 0x4010f000, len 1384, room 16 
tail 8
chksum 0x2d
csum 0x2d
v8b899c12
~ld


6.01
 0h00:03.019 2021/05/20T19:49:10z: DS3231
 0h00:03.034 2021/05/20T19:49:10z: BME280 (0x76)
 0h00:03.048 2021/05/20T19:49:10z: 10:52:1c:41:79:b5
 0h00:03.050 2021/05/20T19:49:10z: SSID: ARRIS-5A97
 0h00:03.055 2021/05/20T19:49:10z: AP_STAR tmr
 ets Jan  8 2013,rst cause:1, boot mode:(3,7)

load 0x4010f000, len 1384, room 16 
tail 8
chksum 0x2d
csum 0x2d
v8b899c12
~ld


6.01
 0h00:03.025 2021/05/20T20:09:07z: DS3231
 0h00:03.041 2021/05/20T20:09:07z: BME280 (0x76)
 0h00:03.055 2021/05/20T20:09:07z: 10:52:1c:41:79:b5
 0h00:03.056 2021/05/20T20:09:07z: SSID: ARRIS-5A97
 0h00:03.062 2021/05/20T20:09:07z: AP_STAR tmr
 ets Jan  8 2013,rst cause:1, boot mode:(3,7)

load 0x4010f000, len 1384, room 16 
tail 8
chksum 0x2d
csum 0x2d
v8b899c12
~ld


6.01
 0h00:02.997 2021/05/20T20:29:03z: DS3231
 0h00:03.012 2021/05/20T20:29:03z: BME280 (0x76)
 0h00:03.026 2021/05/20T20:29:03z: 10:52:1c:41:79:b5
 0h00:03.028 2021/05/20T20:29:03z: SSID: ARRIS-5A97
 0h00:03.033 2021/05/20T20:29:03z: AP_STAR tmr
 ets Jan  8 2013,rst cause:1, boot mode:(3,7)

load 0x4010f000, len 1384, room 16 
tail 8
chksum 0x2d
csum 0x2d
v8b899c12
~ld


6.01
 0h00:02.999 2021/05/20T20:48:59z: DS3231
 0h00:03.014 2021/05/20T20:48:59z: BME280 (0x76)
 0h00:03.028 2021/05/20T20:48:59z: 10:52:1c:41:79:b5
 0h00:03.030 2021/05/20T20:48:59z: SSID: ARRIS-5A97
 0h00:03.035 2021/05/20T20:48:59z: AP_STAR tmr
 ets Jan  8 2013,rst cause:1, boot mode:(3,7)

load 0x4010f000, len 1384, room 16 
tail 8
chksum 0x2d
csum 0x2d
v8b899c12
~ld


6.01
 0h00:03.002 2021/05/20T21:08:55z: DS3231
 0h00:03.018 2021/05/20T21:08:55z: BME280 (0x76)
 0h00:03.032 2021/05/20T21:08:55z: 10:52:1c:41:79:b5
 0h00:03.033 2021/05/20T21:08:55z: SSID: ARRIS-5A97
 0h00:03.039 2021/05/20T21:08:55z: AP_STAR tmr
 ets Jan  8 2013,rst cause:1, boot mode:(3,7)

load 0x4010f000, len 1384, room 16 
tail 8
chksum 0x2d
csum 0x2d
v8b899c12
~ld


6.01
 0h00:02.999 2021/05/20T21:28:52z: DS3231
 0h00:03.014 2021/05/20T21:28:52z: BME280 (0x76)
 0h00:03.028 2021/05/20T21:28:52z: 10:52:1c:41:79:b5
 0h00:03.030 2021/05/20T21:28:52z: SSID: ARRIS-5A97
 0h00:03.035 2021/05/20T21:28:52z: AP_STAR tmr
 ets Jan  8 2013,rst cause:1, boot mode:(3,7)

load 0x4010f000, len 1384, room 16 
tail 8
chksum 0x2d
csum 0x2d
v8b899c12
~ld


6.01
 0h00:03.008 2021/05/20T21:48:47z: DS3231
 0h00:03.023 2021/05/20T21:48:47z: BME280 (0x76)
 0h00:03.038 2021/05/20T21:48:47z: 10:52:1c:41:79:b5
 0h00:03.039 2021/05/20T21:48:47z: SSID: ARRIS-5A97
 0h00:03.045 2021/05/20T21:48:47z: AP_STAR tmr
 ets Jan  8 2013,rst cause:1, boot mode:(3,7)

load 0x4010f000, len 1384, room 16 
tail 8
chksum 0x2d
csum 0x2d
v8b899c12
~ld


6.01
 0h00:03.009 2021/05/20T22:08:44z: DS3231
 0h00:03.025 2021/05/20T22:08:44z: BME280 (0x76)
 0h00:03.039 2021/05/20T22:08:44z: 10:52:1c:41:79:b5
 0h00:03.040 2021/05/20T22:08:44z: SSID: ARRIS-5A97
 0h00:03.046 2021/05/20T22:08:44z: AP_STAR tmr
 ets Jan  8 2013,rst cause:1, boot mode:(3,7)

load 0x4010f000, len 1384, room 16 
tail 8
chksum 0x2d
csum 0x2d
v8b899c12
~ld


6.01
 0h00:03.012 2021/05/20T22:28:39z: DS3231
 0h00:03.027 2021/05/20T22:28:39z: BME280 (0x76)
 0h00:03.042 2021/05/20T22:28:39z: 10:52:1c:41:79:b5
 0h00:03.043 2021/05/20T22:28:39z: SSID: ARRIS-5A97
 0h00:03.048 2021/05/20T22:28:39z: AP_STAR tmr
 ets Jan  8 2013,rst cause:1, boot mode:(3,7)

load 0x4010f000, len 1384, room 16 
tail 8
chksum 0x2d
csum 0x2d
v8b899c12
~ld


6.01
 0h00:03.021 2021/05/20T22:48:36z: DS3231
 0h00:03.036 2021/05/20T22:48:36z: BME280 (0x76)
 0h00:03.050 2021/05/20T22:48:36z: 10:52:1c:41:79:b5
 0h00:03.052 2021/05/20T22:48:36z: SSID: ARRIS-5A97
 0h00:03.057 2021/05/20T22:48:36z: AP_STAR tmr
 ets Jan  8 2013,rst cause:1, boot mode:(3,7)

load 0x4010f000, len 1384, room 16 
tail 8
chksum 0x2d
csum 0x2d
v8b899c12
~ld


6.01
 0h00:02.997 2021/05/20T23:08:32z: DS3231
 0h00:03.013 2021/05/20T23:08:32z: BME280 (0x76)
 0h00:03.027 2021/05/20T23:08:32z: 10:52:1c:41:79:b5
 0h00:03.028 2021/05/20T23:08:32z: SSID: ARRIS-5A97
 0h00:03.034 2021/05/20T23:08:32z: AP_STAR tmr
 ets Jan  8 2013,rst cause:1, boot mode:(3,7)

load 0x4010f000, len 1384, room 16 
tail 8
chksum 0x2d
csum 0x2d
v8b899c12
~ld


6.01
 0h00:02.996 2021/05/20T23:28:28z: DS3231
 0h00:03.011 2021/05/20T23:28:28z: BME280 (0x76)
 0h00:03.025 2021/05/20T23:28:28z: 10:52:1c:41:79:b5
 0h00:03.027 2021/05/20T23:28:28z: SSID: ARRIS-5A97
 0h00:03.032 2021/05/20T23:28:28z: AP_STAR tmr
 ets Jan  8 2013,rst cause:1, boot mode:(3,7)

load 0x4010f000, len 1384, room 16 
tail 8
chksum 0x2d
csum 0x2d
v8b899c12
~ld


6.01
 0h00:02.999 2021/05/20T23:48:25z: DS3231
 0h00:03.015 2021/05/20T23:48:25z: BME280 (0x76)
 0h00:03.029 2021/05/20T23:48:25z: 10:52:1c:41:79:b5
 0h00:03.030 2021/05/20T23:48:25z: SSID: ARRIS-5A97
 0h00:03.036 2021/05/20T23:48:25z: AP_STA