R tmr
 ets Jan  8 2013,rst cause:1, boot mode:(3,7)

load 0x4010f000, len 1384, room 16 
tail 8
chksum 0x2d
csum 0x2d
v8b899c12
~ld


6.01
 0h00:03.015 2021/05/28T00:10:16z: DS3231
 0h00:03.030 2021/05/28T00:10:16z: BME280 (0x76)
 0h00:03.045 2021/05/28T00:10:16z: 10:52:1c:41:79:b5
 0h00:03.046 2021/05/28T00:10:16z: SSID: ARRIS-5A97
 0h00:03.051 2021/05/28T00:10:16z: AP_STAR tmr
 ets Jan  8 2013,rst cause:1, boot mode:(3,7)

load 0x4010f000, len 1384, room 16 
tail 8
chksum 0x2d
csum 0x2d
v8b899c12
~ld


6.01
 0h00:03.027 2021/05/28T00:30:12z: DS3231
 0h00:03.042 2021/05/28T00:30:12z: BME280 (0x76)
 0h00:03.056 2021/05/28T00:30:12z: 10:52:1c:41:79:b5
 0h00:03.058 2021/05/28T00:30:12z: SSID: ARRIS-5A97
 0h00:03.063 2021/05/28T00:30:12z: AP_STAR tmr
 ets Jan  8 2013,rst cause:1, boot mode:(3,7)

load 0x4010f000, len 1384, room 16 
tail 8
chksum 0x2d
csum 0x2d
v8b899c12
~ld


6.01
 0h00:03.025 2021/05/28T00:50:08z: DS3231
 0h00:03.041 2021/05/28T00:50:08z: BME280 (0x76)
 0h00:03.055 2021/05/28T00:50:08z: 10:52:1c:41:79:b5
 0h00:03.056 2021/05/28T00:50:08z: SSID: ARRIS-5A97
 0h00:03.062 2021/05/28T00:50:08z: AP_STAR tmr
 ets Jan  8 2013,rst cause:1, boot mode:(3,7)

load 0x4010f000, len 1384, room 16 
tail 8
chksum 0x2d
csum 0x2d
v8b899c12
~ld


6.01
 0h00:03.002 2021/05/28T01:10:04z: DS3231
 0h00:03.017 2021/05/28T01:10:04z: BME280 (0x76)
 0h00:03.031 2021/05/28T01:10:04z: 10:52:1c:41:79:b5
 0h00:03.033 2021/05/28T01:10:04z: SSID: ARRIS-5A97
 0h00:03.038 2021/05/28T01:10:04z: AP_STAR tmr
 ets Jan  8 2013,rst cause:1, boot mode:(3,7)

load 0x4010f000, len 1384, room 16 
tail 8
chksum 0x2d
csum 0x2d
v8b899c12
~ld


6.01
 0h00:03.005 2021/05/28T01:30:00z: DS3231
 0h00:03.020 2021/05/28T01:30:00z: BME280 (0x76)
 0h00:03.034 2021/05/28T01:30:00z: 10:52:1c:41:79:b5
 0h00:03.036 2021/05/28T01:30:00z: SSID: ARRIS-5A97
 0h00:03.041 2021/05/28T01:30:00z: AP_STAR tmr
 ets Jan  8 2013,rst cause:1, boot mode:(3,7)

load 0x4010f000, len 1384, room 16 
tail 8
chksum 0x2d
csum 0x2d
v8b899c12
~ld


6.01
 0h00:03.001 2021/05/28T01:49:55z: DS3231
 0h00:03.017 2021/05/28T01:49:55z: BME280 (0x76)
 0h00:03.031 2021/05/28T01:49:55z: 10:52:1c:41:79:b5
 0h00:03.033 2021/05/28T01:49:55z: SSID: ARRIS-5A97
 0h00:03.038 2021/05/28T01:49:55z: AP_STAR tmr
 ets Jan  8 2013,rst cause:1, boot mode:(3,7)

load 0x4010f000, len 1384, room 16 
tail 8
chksum 0x2d
csum 0x2d
v8b899c12
~ld


6.01
 0h00:03.007 2021/05/28T02:09:51z: DS3231
 0h00:03.022 2021/05/28T02:09:51z: BME280 (0x76)
 0h00:03.036 2021/05/28T02:09:51z: 10:52:1c:41:79:b5
 0h00:03.038 2021/05/28T02:09:51z: SSID: ARRIS-5A97
 0h00:03.043 2021/05/28T02:09:51z: AP_STAR tmr
 ets Jan  8 2013,rst cause:1, boot mode:(3,7)

load 0x4010f000, len 1384, room 16 
tail 8
chksum 0x2d
csum 0x2d
v8b899c12
~ld


6.01
 0h00:03.006 2021/05/28T02:29:47z: DS3231
 0h00:03.021 2021/05/28T02:29:47z: BME280 (0x76)
 0h00:03.035 2021/05/28T02:29:47z: 10:52:1c:41:79:b5
 0h00:03.037 2021/05/28T02:29:47z: SSID: ARRIS-5A97
 0h00:03.042 2021/05/28T02:29:47z: AP_STAR tmr
 ets Jan  8 2013,rst cause:1, boot mode:(3,7)

load 0x4010f000, len 1384, room 16 
tail 8
chksum 0x2d
csum 0x2d
v8b899c12
~ld


6.01
 0h00:03.015 2021/05/28T02:49:43z: DS3231
 0h00:03.031 2021/05/28T02:49:43z: BME280 (0x76)
 0h00:03.045 2021/05/28T02:49:43z: 10:52:1c:41:79:b5
 0h00:03.046 2021/05/28T02:49:43z: SSID: ARRIS-5A97
 0h00:03.052 2021/05/28T02:49:43z: AP_STAR tmr
 ets Jan  8 2013,rst cause:1, boot mode:(3,7)

load 0x4010f000, len 1384, room 16 
tail 8
chksum 0x2d
csum 0x2d
v8b899c12
~ld


6.01
 0h00:03.017 2021/05/28T03:09:39z: DS3231
 0h00:03.032 2021/05/28T03:09:39z: BME280 (0x76)
 0h00:03.046 2021/05/28T03:09:39z: 10:52:1c:41:79:b5
 0h00:03.048 2021/05/28T03:09:39z: SSID: ARRIS-5A97
 0h00:03.053 2021/05/28T03:09:39z: AP_STAR tmr
 ets Jan  8 2013,rst cause:1, boot mode:(3,7)

load 0x4010f000, len 1384, room 16 
tail 8
chksum 0x2d
csum 0x2d
v8b899c12
~ld


6.01
 0h00:03.029 2021/05/28T03:29:35z: DS3231
 0h00:03.045 2021/05/28T03:29:35z: BME280 (0x76)
 0h00:03.059 2021/05/28T03:29:35z: 10:52:1c:41:79:b5
 0h00:03.060 2021/05/28T03:29:35z: SSID: ARRIS-5A97
 0h00:03.066 2021/05/28T03:29:35z: AP_STAR tmr
 ets Jan  8 2013,rst cause:1, boot mode:(3,7)

load 0x4010f000, len 1384, room 16 
tail 8
chksum 0x2d
csum 0x2d
v8b899c12
~ld


6.01
 0h00:02.999 2021/05/28T03:49:30z: DS3231
 0h00:03.014 2021/05/28T03:49:30z: BME280 (0x76)
 0h00:03.028 2021/05/28T03:49:30z: 10:52:1c:41:79:b5
 0h00:03.030 2021/05/28T03:49:30z: SSID: ARRIS-5A97
 0h00:03.035 2021/05/28T03:49:30z: AP_STAR tmr
 ets Jan  8 2013,rst cause:1, boot mode:(3,7)

load 0x4010f000, len 1384, room 16 
tail 8
chksum 0x2d
csum 0x2d
v8b899c12
~ld


6.01
 0h00:03.003 2021/05/28T04:09:26z: DS3231
 0h00:03.018 2021/05/28T04:09:26z: BME280 (0x76)
 0h00:03.032 2021/05/28T04:09:26z: 10:52:1c:41:79:b5
 0h00:03.034 2021/05/28T04:09:26z: SSID: ARRIS-5A97
 0h00:03.039 2021/05/28T04:09:27z: AP_STAR tmr
 ets Jan  8 2013,rst cause:1, boot mode:(3,7)

load 0x4010f000, len 1384, room 16 
tail 8
chksum 0x2d
csum 0x2d
v8b899c12
~ld


6.01
 0h00:02.998 2021/05/28T04:29:22z: DS3231
 0h00:03.013 2021/05/28T04:29:22z: BME280 (0x76)
 0h00:03.027 2021/05/28T04:29:22z: 10:52:1c:41:79:b5
 0h00:03.029 2021/05/28T04:29:22z: SSID: ARRIS-5A97
 0h00:03.034 2021/05/28T04:29:22z: AP_STAR tmr
 ets Jan  8 2013,rst cause:1, boot mode:(3,7)

load 0x4010f000, len 1384, room 16 
tail 8
chksum 0x2d
csum 0x2d
v8b899c12
~ld


6.01
 0h00:03.006 2021/05/28T04:49:18z: DS3231
 0h00:03.021 2021/05/28T04:49:18z: BME280 (0x76)
 0h00:03.035 2021/05/28T04:49:18z: 10:52:1c:41:79:b5
 0h00:03.037 2021/05/28T04:49:18z: SSID: ARRIS-5A97
 0h00:03.042 2021/05/28T04:49:18z: AP_STAR tmr
 ets Jan  8 2013,rst cause:1, boot mode:(3,7)

load 0x4010f000, len 1384, room 16 
tail 8
chksum 0x2d
csum 0x2d
v8b899c12
~ld


6.01
 0h00:03.005 2021/05/28T05:09:14z: DS3231
 0h00:03.021 2021/05/28T05:09:15z: BME280 (0x76)
 0h00:03.035 2021/05/28T05:09:15z: 10:52:1c:41:79:b5
 0h00:03.037 2021/05/28T05:09:15z: SSID: ARRIS-5A97
 0h00:03.042 2021/05/28T05:09:15z: AP_STAR tmr
 ets Jan  8 2013,rst cause:1, boot mode:(3,7)

load 0x4010f000, len 1384, room 16 
tail 8
chksum 0x2d
csum 0x2d
v8b899c12
~ld


6.01
 0h00:03.007 2021/05/28T05:29:11z: DS3231
 0h00:03.022 2021/05/28T05:29:11z: BME280 (0x76)
 0h00:03.036 2021/05/28T05:29:11z: 10:52:1c:41:79:b5
 0h00:03.038 2021/05/28T05:29:11z: SSID: ARRIS-5A97
 0h00:03.043 2021/05/28T05:29:11z: AP_STAR tmr
 ets Jan  8 2013,rst cause:1, boot mode:(3,7)

load 0x4010f000, len 1384, room 16 
tail 8
chksum 0x2d
csum 0x2d
v8b899c12
~ld


6.01
 0h00:03.008 2021/05/28T05:49:07z: DS3231
 0h00:03.024 2021/05/28T05:49:07z: BME280 (0x76)
 0h00:03.038 2021/05/28T05:49:07z: 10:52:1c:41:79:b5
 0h00:03.040 2021/05/28T05:49:07z: SSID: ARRIS-5A97
 0h00:03.045 2021/05/28T05:49:07z: AP_STAR tmr
 ets Jan  8 2013,rst cause:1, boot mode:(3,7)

load 0x4010f000, len 1384, room 16 
tail 8
chksum 0x2d
csum 0x2d
v8b899c12
~ld


6.01
 0h00:03.016 2021/05/28T06:09:03z: DS3231
 0h00:03.031 2021/05/28T06:09:04z: BME280 (0x76)
 0h00:03.045 2021/05/28T06:09:04z: 10:52:1c:41:79:b5
 0h00:03.047 2021/05/28T06:09:04z: SSID: ARRIS-5A97
 0h00:03.052 2021/05/28T06:09:04z: AP_STAR tmr
 ets Jan  8 2013,rst cause:1, boot mode:(3,7)

load 0x4010f000, len 1384, room 16 
tail 8
chksum 0x2d
csum 0x2d
v8b899c12
~ld


6.01
 0h00:03.029 2021/05/28T06:28:59z: DS3231
 0h00:03.045 2021/05/28T06:28:59z: BME280 (0x76)
 0h00:03.059 2021/05/28T06:28:59z: 10:52:1c:41:79:b5
 0h00:03.060 2021/05/28T06:28:59z: SSID: ARRIS-5A97
 0h00:03.066 2021/05/28T06:28:59z: AP_STAR tmr
 ets Jan  8 2013,rst cause:1, boot mode:(3,7)

load 0x4010f000, len 1384, room 16 
tail 8
chksum 0x2d
csum 0x2d
v8b899c12
~ld


6.01
 0h00:03.030 2021/05/28T06:48:56z: DS3231
 0h00:03.045 2021/05/28T06:48:56z: BME280 (0x76)
 0h00:03.059 2021/05/28T06:48:56z: 10:52:1c:41:79:b5
 0h00:03.061 2021/05/28T06:48:56z: SSID: ARRIS-5A97
 0h00:03.066 2021/05/28T06:48:56z: AP_STAR tmr
 ets Jan  8 2013,rst cause:1, boot mode:(3,7)

load 0x4010f000, len 1384, room 16 
tail 8
chksum 0x2d
csum 0x2d
v8b899c12
~ld


6.01
 0h00:03.010 2021/05/28T07:08:52z: DS3231
 0h00:03.025 2021/05/28T07:08:52z: BME280 (0x76)
 0h00:03.039 2021/05/28T07:08:52z: 10:52:1c:41:79:b5
 0h00:03.041 2021/05/28T07:08:52z: SSID: ARRIS-5A97
 0h00:03.046 2021/05/28T07:08:52z: AP_STAR tmr
 ets Jan  8 2013,rst cause:1, boot mode:(3,7)

load 0x4010f000, len 1384, room 16 
tail 8
chksum 0x2d
csum 0x2d
v8b899c12
~ld


6.01
 0h00:03.003 2021/05/28T07:28:48z: DS3231
 0h00:03.019 2021/05/28T07:28:48z: BME280 (0x76)
 0h00:03.033 2021/05/28T07:28:48z: 10:52:1c:41:79:b5
 0h00:03.035 2021/05/28T07:28:48z: SSID: ARRIS-5A97
 0h00:03.040 2021/05/28T07:28:48z: AP_STAR tmr
 ets Jan  8 2013,rst cause:1, boot mode:(3,7)

load 0x4010f000, len 1384, room 16 
tail 8
chksum 0x2d
csum 0x2d
v8b899c12
~ld


6.01
 0h00:03.002 2021/05/28T07:48:44z: DS3231
 0h00:03.017 2021/05/28T07:48:44z: BME280 (0x76)
 0h00:03.032 2021/05/28T07:48:44z: 10:52:1c:41:79:b5
 0h00:03.033 2021/05/28T07:48:44z: SSID: ARRIS-5A97
 0h00:03.038 2021/05/28T07:48:44z: AP_STAR tmr
 ets Jan  8 2013,rst cause:1, boot mode:(3,7)

load 0x4010f000, len 1384, room 16 
tail 8
chksum 0x2d
csum 0x2d
v8b899c12
~ld


6.01
 0h00:03.000 2021/05/28T08:08:41z: DS3231
 0h00:03.015 2021/05/28T08:08:41z: BME280 (0x76)
 0h00:03.029 2021/05/28T08:08:41z: 10:52:1c:41:79:b5
 0h00:03.031 2021/05/28T08:08:41z: SSID: ARRIS-5A97
 0h00:03.036 2021/05/28T08:08:41z: AP_STAR tmr
 ets Jan  8 2013,rst cause:1, boot mode:(3,7)

load 0x4010f000, len 1384, room 16 
tail 8
chksum 0x2d
csum 0x2d
v8b899c12
~ld


6.01
 0h00:03.012 2021/05/28T08:28:37z: DS3231
 0h00:03.028 2021/05/28T08:28:37z: BME280 (0x76)
 0h00:03.042 2021/05/28T08:28:37z: 10:52:1c:41:79:b5
 0h00:03.044 2021/05/28T08:28:37z: SSID: ARRIS-5A97
 0h00:03.049 2021/05/28T08:28:37z: AP_STAR tmr
 ets Jan  8 2013,rst cause:1, boot mode:(3,7)

load 0x4010f000, len 1384, room 16 
tail 8
chksum 0x2d
csum 0x2d
v8b899c12
~ld


6.01
 0h00:03.012 2021/05/28T08:48:32z: DS3231
 0h00:03.028 2021/05/28T08:48:32z: BME280 (0x76)
 0h00:03.042 2021/05/28T08:48:32z: 10:52:1c:41:79:b5
 0h00:03.043 2021/05/28T08:48:32z: SSID: ARRIS-5A97
 0h00:03.049 2021/05/28T08:48:32z: AP_STAR tmr
 ets Jan  8 2013,rst cause:1, boot mode:(3,7)

load 0x4010f000, len 1384, room 16 
tail 8
chksum 0x2d
csum 0x2d
v8b899c12
~ld


6.01
 0h00:03.023 2021/05/28T09:08:28z: DS3231
 0h00:03.038 2021/05/28T09:08:28z: BME280 (0x76)
 0h00:03.052 2021/05/28T09:08:28z: 10:52:1c:41:79:b5
 0h00:03.054 2021/05/28T09:08:28z: SSID: ARRIS-5A97
 0h00:03.059 2021/05/28T09:08:28z: AP_STAR tmr
 ets Jan  8 2013,rst cause:1, boot mode:(3,7)

load 0x4010f000, len 1384, room 16 
tail 8
chksum 0x2d
csum 0x2d
v8b899c12
~ld


6.01
 0h00:03.016 2021/05/28T09:28:24z: DS3231
 0h00:03.032 2021/05/28T09:28:24z: BME280 (0x76)
 0h00:03.046 2021/05/28T09:28:24z: 10:52:1c:41:79:b5
 0h00:03.047 2021/05/28T09:28:24z: SSID: ARRIS-5A97
 0h00:03.053 2021/05/28T09:28:24z: AP_STAR tmr
 ets Jan  8 2013,rst cause:1, boot mode:(3,7)

load 0x4010f000, len 1384, room 16 
tail 8
chksum 0x2d
csum 0x2d
v8b899c12
~ld


6.01
 0h00:03.011 2021/05/28T09:48:20z: DS3231
 0h00:03.026 2021/05/28T09:48:20z: BME280 (0x76)
 0h00:03.041 2021/05/28T09:48:20z: 10:52:1c:41:79:b5
 0h00:03.042 2021/05/28T09:48:20z: SSID: ARRIS-5A97
 0h00:03.047 2021/05/28T09:48:20z: AP_STAR tmr
 ets Jan  8 2013,rst cause:1, boot mode:(3,7)

load 0x4010f000, len 1384, room 16 
tail 8
chksum 0x2d
csum 0x2d
v8b899c12
~ld


6.01
 0h00:03.016 2021/05/28T10:08:17z: DS3231
 0h00:03.031 2021/05/28T10:08:17z: BME280 (0x76)
 0h00:03.045 2021/05/28T10:08:17z: 10:52:1c:41:79:b5
 0h00:03.047 2021/05/28T10:08:17z: SSID: ARRIS-5A97
 0h00:03.052 2021/05/28T10:08:17z: AP_STA