R tmr
 ets Jan  8 2013,rst cause:1, boot mode:(3,7)

load 0x4010f000, len 1384, room 16 
tail 8
chksum 0x2d
csum 0x2d
v8b899c12
~ld


6.01
 0h00:03.071 2021/06/15T12:02:02z: DS3231
 0h00:03.086 2021/06/15T12:02:02z: BME280 (0x76)
 0h00:03.100 2021/06/15T12:02:02z: 10:52:1c:42:2a:d
 0h00:03.102 2021/06/15T12:02:02z: SSID: Apollonia Students Halls
 0h00:03.107 2021/06/15T12:02:02z: AP_STAR tmr
 ets Jan  8 2013,rst cause:1, boot mode:(3,7)

load 0x4010f000, len 1384, room 16 
tail 8
chksum 0x2d
csum 0x2d
v8b899c12
~ld


6.01
 0h00:03.033 2021/06/15T12:21:58z: DS3231
 0h00:03.048 2021/06/15T12:21:58z: BME280 (0x76)
 0h00:03.062 2021/06/15T12:21:58z: 10:52:1c:42:2a:d
 0h00:03.064 2021/06/15T12:21:58z: SSID: Apollonia Students Halls
 0h00:03.069 2021/06/15T12:21:58z: AP_STAR tmr
 ets Jan  8 2013,rst cause:1, boot mode:(3,7)

load 0x4010f000, len 1384, room 16 
tail 8
chksum 0x2d
csum 0x2d
v8b899c12
~ld


6.01
 0h00:03.061 2021/06/15T12:41:54z: DS3231
 0h00:03.076 2021/06/15T12:41:54z: BME280 (0x76)
 0h00:03.090 2021/06/15T12:41:54z: 10:52:1c:42:2a:d
 0h00:03.092 2021/06/15T12:41:54z: SSID: Apollonia Students Halls
 0h00:03.097 2021/06/15T12:41:54z: AP_STAR tmr
 ets Jan  8 2013,rst cause:1, boot mode:(3,7)

load 0x4010f000, len 1384, room 16 
tail 8
chksum 0x2d
csum 0x2d
v8b899c12
~ld


6.01
 0h00:03.006 2021/06/15T13:01:50z: DS3231
 0h00:03.021 2021/06/15T13:01:50z: BME280 (0x76)
 0h00:03.036 2021/06/15T13:01:50z: 10:52:1c:42:2a:d
 0h00:03.037 2021/06/15T13:01:50z: SSID: Apollonia Students Halls
 0h00:03.043 2021/06/15T13:01:50z: AP_STAR tmr
 ets Jan  8 2013,rst cause:1, boot mode:(3,7)

load 0x4010f000, len 1384, room 16 
tail 8
chksum 0x2d
csum 0x2d
v8b899c12
~ld


6.01
 0h00:03.013 2021/06/15T13:21:46z: DS3231
 0h00:03.028 2021/06/15T13:21:46z: BME280 (0x76)
 0h00:03.042 2021/06/15T13:21:46z: 10:52:1c:42:2a:d
 0h00:03.044 2021/06/15T13:21:46z: SSID: Apollonia Students Halls
 0h00:03.049 2021/06/15T13:21:46z: AP_STAR tmr
 ets Jan  8 2013,rst cause:1, boot mode:(3,7)

load 0x4010f000, len 1384, room 16 
tail 8
chksum 0x2d
csum 0x2d
v8b899c12
~ld


6.01
 0h00:03.008 2021/06/15T13:41:42z: DS3231
 0h00:03.023 2021/06/15T13:41:42z: BME280 (0x76)
 0h00:03.037 2021/06/15T13:41:42z: 10:52:1c:42:2a:d
 0h00:03.039 2021/06/15T13:41:42z: SSID: Apollonia Students Halls
 0h00:03.044 2021/06/15T13:41:42z: AP_STAR tmr
 ets Jan  8 2013,rst cause:1, boot mode:(3,7)

load 0x4010f000, len 1384, room 16 
tail 8
chksum 0x2d
csum 0x2d
v8b899c12
~ld


6.01
 0h00:03.019 2021/06/15T14:01:39z: DS3231
 0h00:03.034 2021/06/15T14:01:39z: BME280 (0x76)
 0h00:03.049 2021/06/15T14:01:39z: 10:52:1c:42:2a:d
 0h00:03.050 2021/06/15T14:01:39z: SSID: Apollonia Students Halls
 0h00:03.055 2021/06/15T14:01:39z: AP_STAR tmr
 ets Jan  8 2013,rst cause:1, boot mode:(3,7)

load 0x4010f000, len 1384, room 16 
tail 8
chksum 0x2d
csum 0x2d
v8b899c12
~ld


6.01
 0h00:03.025 2021/06/15T14:21:35z: DS3231
 0h00:03.040 2021/06/15T14:21:35z: BME280 (0x76)
 0h00:03.054 2021/06/15T14:21:35z: 10:52:1c:42:2a:d
 0h00:03.056 2021/06/15T14:21:35z: SSID: Apollonia Students Halls
 0h00:03.061 2021/06/15T14:21:35z: AP_STAR tmr
 ets Jan  8 2013,rst cause:1, boot mode:(3,7)

load 0x4010f000, len 1384, room 16 
tail 8
chksum 0x2d
csum 0x2d
v8b899c12
~ld


6.01
 0h00:03.061 2021/06/15T14:41:31z: DS3231
 0h00:03.076 2021/06/15T14:41:31z: BME280 (0x76)
 0h00:03.090 2021/06/15T14:41:31z: 10:52:1c:42:2a:d
 0h00:03.092 2021/06/15T14:41:31z: SSID: Apollonia Students Halls
 0h00:03.097 2021/06/15T14:41:31z: AP_STAR tmr
 ets Jan  8 2013,rst cause:1, boot mode:(3,7)

load 0x4010f000, len 1384, room 16 
tail 8
chksum 0x2d
csum 0x2d
v8b899c12
~ld


6.01
 0h00:03.061 2021/06/15T15:01:27z: DS3231
 0h00:03.076 2021/06/15T15:01:27z: BME280 (0x76)
 0h00:03.090 2021/06/15T15:01:27z: 10:52:1c:42:2a:d
 0h00:03.092 2021/06/15T15:01:27z: SSID: Apollonia Students Halls
 0h00:03.097 2021/06/15T15:01:27z: AP_STAR tmr
 ets Jan  8 2013,rst cause:1, boot mode:(3,7)

load 0x4010f000, len 1384, room 16 
tail 8
chksum 0x2d
csum 0x2d
v8b899c12
~ld


6.01
 0h00:03.004 2021/06/15T15:21:23z: DS3231
 0h00:03.020 2021/06/15T15:21:23z: BME280 (0x76)
 0h00:03.034 2021/06/15T15:21:23z: 10:52:1c:42:2a:d
 0h00:03.036 2021/06/15T15:21:23z: SSID: Apollonia Students Halls
 0h00:03.041 2021/06/15T15:21:23z: AP_STAR tmr
 ets Jan  8 2013,rst cause:1, boot mode:(3,7)

load 0x4010f000, len 1384, room 16 
tail 8
chksum 0x2d
csum 0x2d
v8b899c12
~ld


6.01
 0h00:03.061 2021/06/15T15:41:18z: DS3231
 0h00:03.076 2021/06/15T15:41:18z: BME280 (0x76)
 0h00:03.090 2021/06/15T15:41:18z: 10:52:1c:42:2a:d
 0h00:03.092 2021/06/15T15:41:18z: SSID: Apollonia Students Halls
 0h00:03.097 2021/06/15T15:41:18z: AP_STAR tmr
 ets Jan  8 2013,rst cause:1, boot mode:(3,7)

load 0x4010f000, len 1384, room 16 
tail 8
chksum 0x2d
csum 0x2d
v8b899c12
~ld


6.01
 0h00:03.070 2021/06/15T16:01:15z: DS3231
 0h00:03.085 2021/06/15T16:01:15z: BME280 (0x76)
 0h00:03.099 2021/06/15T16:01:15z: 10:52:1c:42:2a:d
 0h00:03.101 2021/06/15T16:01:15z: SSID: Apollonia Students Halls
 0h00:03.106 2021/06/15T16:01:15z: AP_STAR tmr
 ets Jan  8 2013,rst cause:1, boot mode:(3,7)

load 0x4010f000, len 1384, room 16 
tail 8
chksum 0x2d
csum 0x2d
v8b899c12
~ld


6.01
 0h00:03.063 2021/06/15T16:21:11z: DS3231
 0h00:03.078 2021/06/15T16:21:11z: BME280 (0x76)
 0h00:03.092 2021/06/15T16:21:11z: 10:52:1c:42:2a:d
 0h00:03.094 2021/06/15T16:21:11z: SSID: Apollonia Students Halls
 0h00:03.099 2021/06/15T16:21:11z: AP_STAR tmr
 ets Jan  8 2013,rst cause:1, boot mode:(3,7)

load 0x4010f000, len 1384, room 16 
tail 8
chksum 0x2d
csum 0x2d
v8b899c12
~ld


6.01
 0h00:03.065 2021/06/15T16:41:08z: DS3231
 0h00:03.080 2021/06/15T16:41:08z: BME280 (0x76)
 0h00:03.094 2021/06/15T16:41:08z: 10:52:1c:42:2a:d
 0h00:03.096 2021/06/15T16:41:08z: SSID: Apollonia Students Halls
 0h00:03.101 2021/06/15T16:41:08z: AP_STAR tmr
 ets Jan  8 2013,rst cause:1, boot mode:(3,7)

load 0x4010f000, len 1384, room 16 
tail 8
chksum 0x2d
csum 0x2d
v8b899c12
~ld


6.01
 0h00:03.013 2021/06/15T17:01:04z: DS3231
 0h00:03.029 2021/06/15T17:01:04z: BME280 (0x76)
 0h00:03.043 2021/06/15T17:01:04z: 10:52:1c:42:2a:d
 0h00:03.045 2021/06/15T17:01:04z: SSID: Apollonia Students Halls
 0h00:03.050 2021/06/15T17:01:04z: AP_STAR tmr
 ets Jan  8 2013,rst cause:1, boot mode:(3,7)

load 0x4010f000, len 1384, room 16 
tail 8
chksum 0x2d
csum 0x2d
v8b899c12
~ld


6.01
 0h00:03.027 2021/06/15T17:21:00z: DS3231
 0h00:03.042 2021/06/15T17:21:00z: BME280 (0x76)
 0h00:03.056 2021/06/15T17:21:00z: 10:52:1c:42:2a:d
 0h00:03.058 2021/06/15T17:21:00z: SSID: Apollonia Students Halls
 0h00:03.063 2021/06/15T17:21:00z: AP_STAR tmr
 ets Jan  8 2013,rst cause:1, boot mode:(3,7)

load 0x4010f000, len 1384, room 16 
tail 8
chksum 0x2d
csum 0x2d
v8b899c12
~ld


6.01
 0h00:03.070 2021/06/15T17:40:56z: DS3231
 0h00:03.085 2021/06/15T17:40:56z: BME280 (0x76)
 0h00:03.099 2021/06/15T17:40:56z: 10:52:1c:42:2a:d
 0h00:03.101 2021/06/15T17:40:56z: SSID: Apollonia Students Halls
 0h00:03.106 2021/06/15T17:40:56z: AP_STAR tmr
 ets Jan  8 2013,rst cause:1, boot mode:(3,7)

load 0x4010f000, len 1384, room 16 
tail 8
chksum 0x2d
csum 0x2d
v8b899c12
~ld


6.01
 0h00:03.005 2021/06/15T18:00:53z: DS3231
 0h00:03.020 2021/06/15T18:00:53z: BME280 (0x76)
 0h00:03.034 2021/06/15T18:00:53z: 10:52:1c:42:2a:d
 0h00:03.036 2021/06/15T18:00:53z: SSID: Apollonia Students Halls
 0h00:03.041 2021/06/15T18:00:53z: AP_STAR tmr
 ets Jan  8 2013,rst cause:1, boot mode:(3,7)

load 0x4010f000, len 1384, room 16 
tail 8
chksum 0x2d
csum 0x2d
v8b899c12
~ld


6.01
 0h00:03.066 2021/06/15T18:20:49z: DS3231
 0h00:03.081 2021/06/15T18:20:49z: BME280 (0x76)
 0h00:03.095 2021/06/15T18:20:49z: 10:52:1c:42:2a:d
 0h00:03.097 2021/06/15T18:20:49z: SSID: Apollonia Students Halls
 0h00:03.102 2021/06/15T18:20:49z: AP_STAR tmr
 ets Jan  8 2013,rst cause:1, boot mode:(3,7)

load 0x4010f000, len 1384, room 16 
tail 8
chksum 0x2d
csum 0x2d
v8b899c12
~ld


6.01
 0h00:03.008 2021/06/15T18:40:45z: DS3231
 0h00:03.024 2021/06/15T18:40:45z: BME280 (0x76)
 0h00:03.038 2021/06/15T18:40:45z: 10:52:1c:42:2a:d
 0h00:03.040 2021/06/15T18:40:45z: SSID: Apollonia Students Halls
 0h00:03.045 2021/06/15T18:40:45z: AP_STAR tmr
 ets Jan  8 2013,rst cause:1, boot mode:(3,7)

load 0x4010f000, len 1384, room 16 
tail 8
chksum 0x2d
csum 0x2d
v8b899c12
~ld


6.01
 0h00:03.010 2021/06/15T19:00:41z: DS3231
 0h00:03.025 2021/06/15T19:00:41z: BME280 (0x76)
 0h00:03.039 2021/06/15T19:00:41z: 10:52:1c:42:2a:d
 0h00:03.041 2021/06/15T19:00:41z: SSID: Apollonia Students Halls
 0h00:03.046 2021/06/15T19:00:41z: AP_STAR tmr
 ets Jan  8 2013,rst cause:1, boot mode:(3,7)

load 0x4010f000, len 1384, room 16 
tail 8
chksum 0x2d
csum 0x2d
v8b899c12
~ld


6.01
 0h00:03.018 2021/06/15T19:20:37z: DS3231
 0h00:03.033 2021/06/15T19:20:37z: BME280 (0x76)
 0h00:03.047 2021/06/15T19:20:37z: 10:52:1c:42:2a:d
 0h00:03.049 2021/06/15T19:20:37z: SSID: Apollonia Students Halls
 0h00:03.054 2021/06/15T19:20:37z: AP_STAR tmr
 ets Jan  8 2013,rst cause:1, boot mode:(3,7)

load 0x4010f000, len 1384, room 16 
tail 8
chksum 0x2d
csum 0x2d
v8b899c12
~ld


6.01
 0h00:03.153 2021/06/15T19:40:32z: DS3231
 0h00:03.168 2021/06/15T19:40:32z: BME280 (0x76)
 0h00:03.182 2021/06/15T19:40:32z: 10:52:1c:42:2a:d
 0h00:03.184 2021/06/15T19:40:32z: SSID: Apollonia Students Halls
 0h00:03.189 2021/06/15T19:40:32z: AP_STAR tmr
 ets Jan  8 2013,rst cause:1, boot mode:(3,7)

load 0x4010f000, len 1384, room 16 
tail 8
chksum 0x2d
csum 0x2d
v8b899c12
~ld


6.01
 0h00:03.002 2021/06/15T20:00:28z: DS3231
 0h00:03.018 2021/06/15T20:00:28z: BME280 (0x76)
 0h00:03.032 2021/06/15T20:00:28z: 10:52:1c:42:2a:d
 0h00:03.033 2021/06/15T20:00:28z: SSID: Apollonia Students Halls
 0h00:03.039 2021/06/15T20:00:28z: AP_STAR tmr
 ets Jan  8 2013,rst cause:1, boot mode:(3,7)

load 0x4010f000, len 1384, room 16 
tail 8
chksum 0x2d
csum 0x2d
v8b899c12
~ld


6.01
 0h00:03.062 2021/06/15T20:20:24z: DS3231
 0h00:03.077 2021/06/15T20:20:24z: BME280 (0x76)
 0h00:03.091 2021/06/15T20:20:24z: 10:52:1c:42:2a:d
 0h00:03.093 2021/06/15T20:20:24z: SSID: Apollonia Students Halls
 0h00:03.098 2021/06/15T20:20:24z: AP_STAR tmr
 ets Jan  8 2013,rst cause:1, boot mode:(3,7)

load 0x4010f000, len 1384, room 16 
tail 8
chksum 0x2d
csum 0x2d
v8b899c12
~ld


6.01
 0h00:03.022 2021/06/15T20:40:20z: DS3231
 0h00:03.037 2021/06/15T20:40:20z: BME280 (0x76)
 0h00:03.051 2021/06/15T20:40:20z: 10:52:1c:42:2a:d
 0h00:03.053 2021/06/15T20:40:20z: SSID: Apollonia Students Halls
 0h00:03.058 2021/06/15T20:40:20z: AP_STAR tmr
 ets Jan  8 2013,rst cause:1, boot mode:(3,7)

load 0x4010f000, len 1384, room 16 
tail 8
chksum 0x2d
csum 0x2d
v8b899c12
~ld


6.01
 0h00:03.066 2021/06/15T21:00:15z: DS3231
 0h00:03.082 2021/06/15T21:00:15z: BME280 (0x76)
 0h00:03.096 2021/06/15T21:00:15z: 10:52:1c:42:2a:d
 0h00:03.097 2021/06/15T21:00:15z: SSID: Apollonia Students Halls
 0h00:03.103 2021/06/15T21:00:15z: AP_STAR tmr
 ets Jan  8 2013,rst cause:1, boot mode:(3,7)

load 0x4010f000, len 1384, room 16 
tail 8
chksum 0x2d
csum 0x2d
v8b899c12
~ld


6.01
 0h00:03.008 2021/06/15T21:20:11z: DS3231
 0h00:03.023 2021/06/15T21:20:11z: BME280 (0x76)
 0h00:03.037 2021/06/15T21:20:11z: 10:52:1c:42:2a:d
 0h00:03.039 2021/06/15T21:20:11z: SSID: Apollonia Students Halls
 0h00:03.044 2021/06/15T21:20:11z: AP_STAR tmr
 ets Jan  8 2013,rst cause:1, boot mode:(3,7)

load 0x4010f000, len 1384, room 16 
tail 8
chksum 0x2d
csum 0x2d
v8b899c12
~ld


6.01
 0h00:03.061 2021/06/15T21:40:08z: DS3231
 0h00:03.077 2021/06/15T21:40:08z: BME280 (0x76)
 0h00:03.091 2021/06/15T21:40:08z: 10:52:1c:42:2a:d
 0h00:03.092 2021/06/15T21:40:08z: SSID: Apollonia Students Halls
 0h00:03.098 2021/06/15T21:40:08z: AP_STAR tmr
 ets Jan  8 2013,rst cause:1, boot mode:(3,7)

load 0x4010f000, len 1384, room 16 
tail 8
chksum 0x2d
csum 0x2d
v8b899c12
~ld


6.01
 0h00:03.015 2021/06/15T22:00:04z: DS3231
 0h00:03.030 2021/06/15T22:00:04z: BME280 (0x76)
 0h00:03.044 2021/06/15T22:00:04z: 10:52:1c:42:2a:d
 0h00:03.046 2021/06/15T22:00:04z: SSID: Apollonia Students Halls
 0h00:03.051 2021/06/15T22:00:04z: AP_STAR tmr
 ets Jan  8 2013,rst cause:1, boot mode:(3,7)

load 0x4010f000, len 1384, room 16 
tail 8
chksum 0x2d
csum 0x2d
v8b899c12
~ld


6.01
 0h00:03.014 2021/06/15T22:20:00z: DS3231
 0h00:03.029 2021/06/15T22:20:00z: BME280 (0x76)
 0h00:03.044 2021/06/15T22:20:00z: 10:52:1c:42:2a:d
 0h00:03.045 2021/06/15T22:20:00z: SSID: Apollonia Students Halls
 0h00:03.051 2021/06/15T22:20:00z: AP_STAR tmr
 ets Jan  8 2013,rst cause:1, boot mode:(3,7)

load 0x4010f000, len 1384, room 16 
tail 8
chksum 0x2d
csum 0x2d
v8b899c12
~ld


6.01
 0h00:03.123 2021/06/15T22:39:56z: DS3231
 0h00:03.138 2021/06/15T22:39:56z: BME280 (0x76)
 0h00:03.153 2021/06/15T22:39:56z: 10:52:1c:42:2a:d
 0h00:03.154 2021/06/15T22:39:56z: SSID: Apollonia Students Halls
 0h00:03.159 2021/06/15T22:39:56z: AP_STAR tmr
 ets Jan  8 2013,rst cause:1, boot mode:(3,7)

load 0x4010f000, len 1384, room 16 
tail 8
chksum 0x2d
csum 0x2d
v8b899c12
~ld


6.01
 0h00:03.003 2021/06/15T22:59:52z: DS3231
 0h00:03.018 2021/06/15T22:59:52z: BME280 (0x76)
 0h00:03.032 2021/06/15T22:59:52z: 10:52:1c:42:2a:d
 0h00:03.034 2021/06/15T22:59:52z: SSID: Apollonia Students Halls
 0h00:03.039 2021/06/15T22:59:52z: AP_STAR tmr
 ets Jan  8 2013,rst cause:1, boot mode:(3,7)

load 0x4010f000, len 1384, room 16 
tail 8
chksum 0x2d
csum 0x2d
v8b899c12
~ld


6.01
 0h00:03.116 2021/06/15T23:19:48z: DS3231
 0h00:03.131 2021/06/15T23:19:48z: BME280 (0x76)
 0h00:03.146 2021/06/15T23:19:48z: 10:52:1c:42:2a:d
 0h00:03.147 2021/06/15T23:19:48z: SSID: Apollonia Students Halls
 0h00:03.152 2021/06/15T23:19:48z: AP_STAR tmr
 ets Jan  8 2013,rst cause:1, boot mode:(3,7)

load 0x4010f000, len 1384, room 16 
tail 8
chksum 0x2d
csum 0x2d
v8b899c12
~ld


6.01
 0h00:03.066 2021/06/15T23:39:44z: DS3231
 0h00:03.082 2021/06/15T23:39:44z: BME280 (0x76)
 0h00:03.096 2021/06/15T23:39:44z: 10:52:1c:42:2a:d
 0h00:03.098 2021/06/15T23:39:44z: SSID: Apollonia Students Halls
 0h00:03.103 2021/06/15T23:39:44z: AP_STAR tmr
 ets Jan  8 2013,rst cause:1, boot mode:(3,7)

load 0x4010f000, len 1384, room 16 
tail 8
chksum 0x2d
csum 0x2d
v8b899c12
~ld


6.01
 0h00:03.071 2021/06/15T23:59:41z: DS3231
 0h00:03.087 2021/06/15T23:59:41z: BME280 (0x76)
 0h00:03.101 2021/06/15T23:59:41z: 10:52:1c:42:2a:d
 0h00:03.103 2021/06/15T23:59:41z: SSID: Apollonia Students Halls
 0h00:03.108 2021/06/15T23:59:41z: AP_STA