R tmr
 ets Jan  8 2013,rst cause:1, boot mode:(3,7)

load 0x4010f000, len 1384, room 16 
tail 8
chksum 0x2d
csum 0x2d
v8b899c12
~ld


6.01
 0h00:03.067 2021/06/16T00:19:37z: DS3231
 0h00:03.082 2021/06/16T00:19:37z: BME280 (0x76)
 0h00:03.096 2021/06/16T00:19:37z: 10:52:1c:42:2a:d
 0h00:03.098 2021/06/16T00:19:37z: SSID: Apollonia Students Halls
 0h00:03.103 2021/06/16T00:19:37z: AP_STAR tmr
 ets Jan  8 2013,rst cause:1, boot mode:(3,7)

load 0x4010f000, len 1384, room 16 
tail 8
chksum 0x2d
csum 0x2d
v8b899c12
~ld


6.01
 0h00:03.065 2021/06/16T00:39:33z: DS3231
 0h00:03.080 2021/06/16T00:39:33z: BME280 (0x76)
 0h00:03.095 2021/06/16T00:39:33z: 10:52:1c:42:2a:d
 0h00:03.096 2021/06/16T00:39:33z: SSID: Apollonia Students Halls
 0h00:03.102 2021/06/16T00:39:33z: AP_STAR tmr
 ets Jan  8 2013,rst cause:1, boot mode:(3,7)

load 0x4010f000, len 1384, room 16 
tail 8
chksum 0x2d
csum 0x2d
v8b899c12
~ld


6.01
 0h00:03.065 2021/06/16T00:59:29z: DS3231
 0h00:03.080 2021/06/16T00:59:29z: BME280 (0x76)
 0h00:03.094 2021/06/16T00:59:29z: 10:52:1c:42:2a:d
 0h00:03.096 2021/06/16T00:59:29z: SSID: Apollonia Students Halls
 0h00:03.101 2021/06/16T00:59:29z: AP_STAR tmr
 ets Jan  8 2013,rst cause:1, boot mode:(3,7)

load 0x4010f000, len 1384, room 16 
tail 8
chksum 0x2d
csum 0x2d
v8b899c12
~ld


6.01
 0h00:03.025 2021/06/16T01:19:25z: DS3231
 0h00:03.040 2021/06/16T01:19:25z: BME280 (0x76)
 0h00:03.054 2021/06/16T01:19:25z: 10:52:1c:42:2a:d
 0h00:03.056 2021/06/16T01:19:25z: SSID: Apollonia Students Halls
 0h00:03.061 2021/06/16T01:19:25z: AP_STAR tmr
 ets Jan  8 2013,rst cause:1, boot mode:(3,7)

load 0x4010f000, len 1384, room 16 
tail 8
chksum 0x2d
csum 0x2d
v8b899c12
~ld


6.01
 0h00:03.068 2021/06/16T01:39:22z: DS3231
 0h00:03.083 2021/06/16T01:39:22z: BME280 (0x76)
 0h00:03.097 2021/06/16T01:39:22z: 10:52:1c:42:2a:d
 0h00:03.099 2021/06/16T01:39:22z: SSID: Apollonia Students Halls
 0h00:03.104 2021/06/16T01:39:22z: AP_STAR tmr
 ets Jan  8 2013,rst cause:1, boot mode:(3,7)

load 0x4010f000, len 1384, room 16 
tail 8
chksum 0x2d
csum 0x2d
v8b899c12
~ld


6.01
 0h00:03.006 2021/06/16T01:59:18z: DS3231
 0h00:03.022 2021/06/16T01:59:18z: BME280 (0x76)
 0h00:03.036 2021/06/16T01:59:18z: 10:52:1c:42:2a:d
 0h00:03.037 2021/06/16T01:59:18z: SSID: Apollonia Students Halls
 0h00:03.043 2021/06/16T01:59:18z: AP_STAR tmr
 ets Jan  8 2013,rst cause:1, boot mode:(3,7)

load 0x4010f000, len 1384, room 16 
tail 8
chksum 0x2d
csum 0x2d
v8b899c12
~ld


6.01
 0h00:03.068 2021/06/16T02:19:14z: DS3231
 0h00:03.084 2021/06/16T02:19:14z: BME280 (0x76)
 0h00:03.098 2021/06/16T02:19:14z: 10:52:1c:42:2a:d
 0h00:03.099 2021/06/16T02:19:14z: SSID: Apollonia Students Halls
 0h00:03.105 2021/06/16T02:19:14z: AP_STAR tmr
 ets Jan  8 2013,rst cause:1, boot mode:(3,7)

load 0x4010f000, len 1384, room 16 
tail 8
chksum 0x2d
csum 0x2d
v8b899c12
~ld


6.01
 0h00:03.014 2021/06/16T02:39:10z: DS3231
 0h00:03.029 2021/06/16T02:39:10z: BME280 (0x76)
 0h00:03.043 2021/06/16T02:39:10z: 10:52:1c:42:2a:d
 0h00:03.045 2021/06/16T02:39:10z: SSID: Apollonia Students Halls
 0h00:03.050 2021/06/16T02:39:10z: AP_STAR tmr
 ets Jan  8 2013,rst cause:1, boot mode:(3,7)

load 0x4010f000, len 1384, room 16 
tail 8
chksum 0x2d
csum 0x2d
v8b899c12
~ld


6.01
 0h00:03.127 2021/06/16T02:59:06z: DS3231
 0h00:03.142 2021/06/16T02:59:06z: BME280 (0x76)
 0h00:03.156 2021/06/16T02:59:06z: 10:52:1c:42:2a:d
 0h00:03.158 2021/06/16T02:59:06z: SSID: Apollonia Students Halls
 0h00:03.163 2021/06/16T02:59:06z: AP_STAR tmr
 ets Jan  8 2013,rst cause:1, boot mode:(3,7)

load 0x4010f000, len 1384, room 16 
tail 8
chksum 0x2d
csum 0x2d
v8b899c12
~ld


6.01
 0h00:03.013 2021/06/16T03:19:02z: DS3231
 0h00:03.028 2021/06/16T03:19:02z: BME280 (0x76)
 0h00:03.043 2021/06/16T03:19:02z: 10:52:1c:42:2a:d
 0h00:03.044 2021/06/16T03:19:02z: SSID: Apollonia Students Halls
 0h00:03.049 2021/06/16T03:19:02z: AP_STAR tmr
 ets Jan  8 2013,rst cause:1, boot mode:(3,7)

load 0x4010f000, len 1384, room 16 
tail 8
chksum 0x2d
csum 0x2d
v8b899c12
~ld


6.01
 0h00:03.010 2021/06/16T03:38:58z: DS3231
 0h00:03.025 2021/06/16T03:38:58z: BME280 (0x76)
 0h00:03.039 2021/06/16T03:38:58z: 10:52:1c:42:2a:d
 0h00:03.041 2021/06/16T03:38:58z: SSID: Apollonia Students Halls
 0h00:03.046 2021/06/16T03:38:58z: AP_STAR tmr
 ets Jan  8 2013,rst cause:1, boot mode:(3,7)

load 0x4010f000, len 1384, room 16 
tail 8
chksum 0x2d
csum 0x2d
v8b899c12
~ld


6.01
 0h00:03.116 2021/06/16T03:58:55z: DS3231
 0h00:03.131 2021/06/16T03:58:55z: BME280 (0x76)
 0h00:03.145 2021/06/16T03:58:55z: 10:52:1c:42:2a:d
 0h00:03.147 2021/06/16T03:58:55z: SSID: Apollonia Students Halls
 0h00:03.152 2021/06/16T03:58:55z: AP_STAR tmr
 ets Jan  8 2013,rst cause:1, boot mode:(3,7)

load 0x4010f000, len 1384, room 16 
tail 8
chksum 0x2d
csum 0x2d
v8b899c12
~ld


6.01
 0h00:03.017 2021/06/16T04:18:51z: DS3231
 0h00:03.032 2021/06/16T04:18:51z: BME280 (0x76)
 0h00:03.046 2021/06/16T04:18:51z: 10:52:1c:42:2a:d
 0h00:03.048 2021/06/16T04:18:51z: SSID: Apollonia Students Halls
 0h00:03.053 2021/06/16T04:18:51z: AP_STAR tmr
 ets Jan  8 2013,rst cause:1, boot mode:(3,7)

load 0x4010f000, len 1384, room 16 
tail 8
chksum 0x2d
csum 0x2d
v8b899c12
~ld


6.01
 0h00:03.012 2021/06/16T04:38:47z: DS3231
 0h00:03.028 2021/06/16T04:38:47z: BME280 (0x76)
 0h00:03.042 2021/06/16T04:38:47z: 10:52:1c:42:2a:d
 0h00:03.044 2021/06/16T04:38:47z: SSID: Apollonia Students Halls
 0h00:03.049 2021/06/16T04:38:47z: AP_STAR tmr
 ets Jan  8 2013,rst cause:1, boot mode:(3,7)

load 0x4010f000, len 1384, room 16 
tail 8
chksum 0x2d
csum 0x2d
v8b899c12
~ld


6.01
 0h00:03.031 2021/06/16T04:58:43z: DS3231
 0h00:03.046 2021/06/16T04:58:43z: BME280 (0x76)
 0h00:03.060 2021/06/16T04:58:43z: 10:52:1c:42:2a:d
 0h00:03.062 2021/06/16T04:58:43z: SSID: Apollonia Students Halls
 0h00:03.067 2021/06/16T04:58:43z: AP_STAR tmr
 ets Jan  8 2013,rst cause:1, boot mode:(3,7)

load 0x4010f000, len 1384, room 16 
tail 8
chksum 0x2d
csum 0x2d
v8b899c12
~ld


6.01
 0h00:03.115 2021/06/16T05:18:39z: DS3231
 0h00:03.130 2021/06/16T05:18:39z: BME280 (0x76)
 0h00:03.145 2021/06/16T05:18:39z: 10:52:1c:42:2a:d
 0h00:03.146 2021/06/16T05:18:39z: SSID: Apollonia Students Halls
 0h00:03.151 2021/06/16T05:18:39z: AP_STAR tmr
 ets Jan  8 2013,rst cause:1, boot mode:(3,7)

load 0x4010f000, len 1384, room 16 
tail 8
chksum 0x2d
csum 0x2d
v8b899c12
~ld


6.01
 0h00:03.060 2021/06/16T05:38:35z: DS3231
 0h00:03.075 2021/06/16T05:38:35z: BME280 (0x76)
 0h00:03.089 2021/06/16T05:38:35z: 10:52:1c:42:2a:d
 0h00:03.091 2021/06/16T05:38:35z: SSID: Apollonia Students Halls
 0h00:03.096 2021/06/16T05:38:35z: AP_STAR tmr
 ets Jan  8 2013,rst cause:1, boot mode:(3,7)

load 0x4010f000, len 1384, room 16 
tail 8
chksum 0x2d
csum 0x2d
v8b899c12
~ld


6.01
 0h00:03.016 2021/06/16T05:58:31z: DS3231
 0h00:03.031 2021/06/16T05:58:31z: BME280 (0x76)
 0h00:03.045 2021/06/16T05:58:31z: 10:52:1c:42:2a:d
 0h00:03.047 2021/06/16T05:58:31z: SSID: Apollonia Students Halls
 0h00:03.052 2021/06/16T05:58:31z: AP_STAR tmr
 ets Jan  8 2013,rst cause:1, boot mode:(3,7)

load 0x4010f000, len 1384, room 16 
tail 8
chksum 0x2d
csum 0x2d
v8b899c12
~ld


6.01
 0h00:03.065 2021/06/16T06:18:27z: DS3231
 0h00:03.080 2021/06/16T06:18:27z: BME280 (0x76)
 0h00:03.094 2021/06/16T06:18:27z: 10:52:1c:42:2a:d
 0h00:03.096 2021/06/16T06:18:27z: SSID: Apollonia Students Halls
 0h00:03.101 2021/06/16T06:18:27z: AP_STAR tmr
 ets Jan  8 2013,rst cause:1, boot mode:(3,7)

load 0x4010f000, len 1384, room 16 
tail 8
chksum 0x2d
csum 0x2d
v8b899c12
~ld


6.01
 0h00:03.026 2021/06/16T06:38:22z: DS3231
 0h00:03.041 2021/06/16T06:38:22z: BME280 (0x76)
 0h00:03.055 2021/06/16T06:38:22z: 10:52:1c:42:2a:d
 0h00:03.057 2021/06/16T06:38:22z: SSID: Apollonia Students Halls
 0h00:03.062 2021/06/16T06:38:22z: AP_STAR tmr
 ets Jan  8 2013,rst cause:1, boot mode:(3,7)

load 0x4010f000, len 1384, room 16 
tail 8
chksum 0x2d
csum 0x2d
v8b899c12
~ld


6.01
 0h00:03.035 2021/06/16T06:58:18z: DS3231
 0h00:03.050 2021/06/16T06:58:18z: BME280 (0x76)
 0h00:03.064 2021/06/16T06:58:19z: 10:52:1c:42:2a:d
 0h00:03.066 2021/06/16T06:58:19z: SSID: Apollonia Students Halls
 0h00:03.071 2021/06/16T06:58:19z: AP_STAR tmr
 ets Jan  8 2013,rst cause:1, boot mode:(3,7)

load 0x4010f000, len 1384, room 16 
tail 8
chksum 0x2d
csum 0x2d
v8b899c12
~ld


6.01
 0h00:03.012 2021/06/16T07:18:15z: DS3231
 0h00:03.027 2021/06/16T07:18:15z: BME280 (0x76)
 0h00:03.041 2021/06/16T07:18:15z: 10:52:1c:42:2a:d
 0h00:03.043 2021/06/16T07:18:15z: SSID: Apollonia Students Halls
 0h00:03.048 2021/06/16T07:18:15z: AP_STAR tmr
 ets Jan  8 2013,rst cause:1, boot mode:(3,7)

load 0x4010f000, len 1384, room 16 
tail 8
chksum 0x2d
csum 0x2d
v8b899c12
~ld


6.01
 0h00:03.013 2021/06/16T07:38:10z: DS3231
 0h00:03.028 2021/06/16T07:38:10z: BME280 (0x76)
 0h00:03.042 2021/06/16T07:38:10z: 10:52:1c:42:2a:d
 0h00:03.044 2021/06/16T07:38:10z: SSID: Apollonia Students Halls
 0h00:03.049 2021/06/16T07:38:10z: AP_STAR tmr
 ets Jan  8 2013,rst cause:1, boot mode:(3,7)

load 0x4010f000, len 1384, room 16 
tail 8
chksum 0x2d
csum 0x2d
v8b899c12
~ld


6.01
 0h00:03.006 2021/06/16T07:58:06z: DS3231
 0h00:03.021 2021/06/16T07:58:06z: BME280 (0x76)
 0h00:03.035 2021/06/16T07:58:06z: 10:52:1c:42:2a:d
 0h00:03.037 2021/06/16T07:58:06z: SSID: Apollonia Students Halls
 0h00:03.042 2021/06/16T07:58:06z: AP_STAR tmr
 ets Jan  8 2013,rst cause:1, boot mode:(3,7)

load 0x4010f000, len 1384, room 16 
tail 8
chksum 0x2d
csum 0x2d
v8b899c12
~ld


6.01
 0h00:03.063 2021/06/16T08:18:02z: DS3231
 0h00:03.078 2021/06/16T08:18:02z: BME280 (0x76)
 0h00:03.092 2021/06/16T08:18:02z: 10:52:1c:42:2a:d
 0h00:03.094 2021/06/16T08:18:02z: SSID: Apollonia Students Halls
 0h00:03.099 2021/06/16T08:18:02z: AP_STAR tmr
 ets Jan  8 2013,rst cause:1, boot mode:(3,7)

load 0x4010f000, len 1384, room 16 
tail 8
chksum 0x2d
csum 0x2d
v8b899c12
~ld


6.01
 0h00:03.023 2021/06/16T08:37:57z: DS3231
 0h00:03.038 2021/06/16T08:37:57z: BME280 (0x76)
 0h00:03.052 2021/06/16T08:37:57z: 10:52:1c:42:2a:d
 0h00:03.054 2021/06/16T08:37:57z: SSID: Apollonia Students Halls
 0h00:03.059 2021/06/16T08:37:57z: AP_STAR tmr
 ets Jan  8 2013,rst cause:1, boot mode:(3,7)

load 0x4010f000, len 1384, room 16 
tail 8
chksum 0x2d
csum 0x2d
v8b899c12
~ld


6.01
 0h00:03.027 2021/06/16T08:57:53z: DS3231
 0h00:03.042 2021/06/16T08:57:53z: BME280 (0x76)
 0h00:03.056 2021/06/16T08:57:53z: 10:52:1c:42:2a:d
 0h00:03.058 2021/06/16T08:57:53z: SSID: Apollonia Students Halls
 0h00:03.063 2021/06/16T08:57:53z: AP_STAR tmr
 ets Jan  8 2013,rst cause:1, boot mode:(3,7)

load 0x4010f000, len 1384, room 16 
tail 8
chksum 0x2d
csum 0x2d
v8b899c12
~ld


6.01
 0h00:03.068 2021/06/16T09:17:50z: DS3231
 0h00:03.084 2021/06/16T09:17:50z: BME280 (0x76)
 0h00:03.098 2021/06/16T09:17:50z: 10:52:1c:42:2a:d
 0h00:03.100 2021/06/16T09:17:50z: SSID: Apollonia Students Halls
 0h00:03.105 2021/06/16T09:17:50z: AP_STAR tmr
 ets Jan  8 2013,rst cause:1, boot mode:(3,7)

load 0x4010f000, len 1384, room 16 
tail 8
chksum 0x2d
csum 0x2d
v8b899c12
~ld


6.01
 0h00:03.026 2021/06/16T09:37:46z: DS3231
 0h00:03.041 2021/06/16T09:37:46z: BME280 (0x76)
 0h00:03.055 2021/06/16T09:37:46z: 10:52:1c:42:2a:d
 0h00:03.057 2021/06/16T09:37:46z: SSID: Apollonia Students Halls
 0h00:03.062 2021/06/16T09:37:46z: AP_STAR tmr
 ets Jan  8 2013,rst cause:1, boot mode:(3,7)

load 0x4010f000, len 1384, room 16 
tail 8
chksum 0x2d
csum 0x2d
v8b899c12
~ld


6.01
 0h00:03.036 2021/06/16T09:57:42z: DS3231
 0h00:03.051 2021/06/16T09:57:42z: BME280 (0x76)
 0h00:03.065 2021/06/16T09:57:42z: 10:52:1c:42:2a:d
 0h00:03.067 2021/06/16T09:57:42z: SSID: Apollonia Students Halls
 0h00:03.072 2021/06/16T09:57:42z: AP_STAR tmr
 ets Jan  8 2013,rst cause:1, boot mode:(3,7)

load 0x4010f000, len 1384, room 16 
tail 8
chksum 0x2d
csum 0x2d
v8b899c12
~ld


6.01
 0h00:03.022 2021/06/16T10:17:39z: DS3231
 0h00:03.037 2021/06/16T10:17:39z: BME280 (0x76)
 0h00:03.052 2021/06/16T10:17:39z: 10:52:1c:42:2a:d
 0h00:03.053 2021/06/16T10:17:39z: SSID: Apollonia Students Halls
 0h00:03.058 2021/06/16T10:17:39z: AP_STAR tmr
 ets Jan  8 2013,rst cause:1, boot mode:(3,7)

load 0x4010f000, len 1384, room 16 
tail 8
chksum 0x2d
csum 0x2d
v8b899c12
~ld


6.01
 0h00:03.078 2021/06/16T10:37:35z: DS3231
 0h00:03.093 2021/06/16T10:37:35z: BME280 (0x76)
 0h00:03.107 2021/06/16T10:37:35z: 10:52:1c:42:2a:d
 0h00:03.109 2021/06/16T10:37:35z: SSID: Apollonia Students Halls
 0h00:03.114 2021/06/16T10:37:35z: AP_STA