R tmr
 ets Jan  8 2013,rst cause:1, boot mode:(3,7)

load 0x4010f000, len 1384, room 16 
tail 8
chksum 0x2d
csum 0x2d
v8b899c12
~ld


6.01
 0h00:03.072 2021/06/07T10:44:00z: DS3231
 0h00:03.087 2021/06/07T10:44:00z: BME280 (0x76)
 0h00:03.101 2021/06/07T10:44:00z: 10:52:1c:42:2a:d
 0h00:03.103 2021/06/07T10:44:00z: SSID: Apollonia Students Halls
 0h00:03.108 2021/06/07T10:44:00z: AP_STAR tmr
 ets Jan  8 2013,rst cause:1, boot mode:(3,7)

load 0x4010f000, len 1384, room 16 
tail 8
chksum 0x2d
csum 0x2d
v8b899c12
~ld


6.01
 0h00:03.064 2021/06/07T11:03:56z: DS3231
 0h00:03.079 2021/06/07T11:03:56z: BME280 (0x76)
 0h00:03.093 2021/06/07T11:03:56z: 10:52:1c:42:2a:d
 0h00:03.095 2021/06/07T11:03:56z: SSID: Apollonia Students Halls
 0h00:03.100 2021/06/07T11:03:56z: AP_STAR tmr
 ets Jan  8 2013,rst cause:1, boot mode:(3,7)

load 0x4010f000, len 1384, room 16 
tail 8
chksum 0x2d
csum 0x2d
v8b899c12
~ld


6.01
 0h00:03.003 2021/06/07T11:23:52z: DS3231
 0h00:03.019 2021/06/07T11:23:52z: BME280 (0x76)
 0h00:03.033 2021/06/07T11:23:52z: 10:52:1c:42:2a:d
 0h00:03.034 2021/06/07T11:23:52z: SSID: Apollonia Students Halls
 0h00:03.040 2021/06/07T11:23:52z: AP_STAR tmr
 ets Jan  8 2013,rst cause:1, boot mode:(3,7)

load 0x4010f000, len 1384, room 16 
tail 8
chksum 0x2d
csum 0x2d
v8b899c12
~ld


6.01
 0h00:03.062 2021/06/07T11:43:48z: DS3231
 0h00:03.077 2021/06/07T11:43:48z: BME280 (0x76)
 0h00:03.092 2021/06/07T11:43:48z: 10:52:1c:42:2a:d
 0h00:03.093 2021/06/07T11:43:48z: SSID: Apollonia Students Halls
 0h00:03.098 2021/06/07T11:43:48z: AP_STAR tmr
 ets Jan  8 2013,rst cause:1, boot mode:(3,7)

load 0x4010f000, len 1384, room 16 
tail 8
chksum 0x2d
csum 0x2d
v8b899c12
~ld


6.01
 0h00:03.007 2021/06/07T12:03:44z: DS3231
 0h00:03.022 2021/06/07T12:03:44z: BME280 (0x76)
 0h00:03.036 2021/06/07T12:03:44z: 10:52:1c:42:2a:d
 0h00:03.038 2021/06/07T12:03:44z: SSID: Apollonia Students Halls
 0h00:03.043 2021/06/07T12:03:44z: AP_STAR tmr
 ets Jan  8 2013,rst cause:1, boot mode:(3,7)

load 0x4010f000, len 1384, room 16 
tail 8
chksum 0x2d
csum 0x2d
v8b899c12
~ld


6.01
 0h00:03.022 2021/06/07T12:23:40z: DS3231
 0h00:03.037 2021/06/07T12:23:40z: BME280 (0x76)
 0h00:03.051 2021/06/07T12:23:40z: 10:52:1c:42:2a:d
 0h00:03.053 2021/06/07T12:23:40z: SSID: Apollonia Students Halls
 0h00:03.058 2021/06/07T12:23:40z: AP_STAR tmr
 ets Jan  8 2013,rst cause:1, boot mode:(3,7)

load 0x4010f000, len 1384, room 16 
tail 8
chksum 0x2d
csum 0x2d
v8b899c12
~ld


6.01
 0h00:03.076 2021/06/07T12:43:37z: DS3231
 0h00:03.091 2021/06/07T12:43:37z: BME280 (0x76)
 0h00:03.105 2021/06/07T12:43:37z: 10:52:1c:42:2a:d
 0h00:03.107 2021/06/07T12:43:37z: SSID: Apollonia Students Halls
 0h00:03.112 2021/06/07T12:43:37z: AP_STAR tmr
 ets Jan  8 2013,rst cause:1, boot mode:(3,7)

load 0x4010f000, len 1384, room 16 
tail 8
chksum 0x2d
csum 0x2d
v8b899c12
~ld


6.01
 0h00:03.059 2021/06/07T13:03:33z: DS3231
 0h00:03.074 2021/06/07T13:03:33z: BME280 (0x76)
 0h00:03.088 2021/06/07T13:03:33z: 10:52:1c:42:2a:d
 0h00:03.090 2021/06/07T13:03:33z: SSID: Apollonia Students Halls
 0h00:03.095 2021/06/07T13:03:33z: AP_STAR tmr
 ets Jan  8 2013,rst cause:1, boot mode:(3,7)

load 0x4010f000, len 1384, room 16 
tail 8
chksum 0x2d
csum 0x2d
v8b899c12
~ld


6.01
 0h00:03.009 2021/06/07T13:23:29z: DS3231
 0h00:03.024 2021/06/07T13:23:29z: BME280 (0x76)
 0h00:03.039 2021/06/07T13:23:29z: 10:52:1c:42:2a:d
 0h00:03.040 2021/06/07T13:23:29z: SSID: Apollonia Students Halls
 0h00:03.045 2021/06/07T13:23:29z: AP_STAR tmr
 ets Jan  8 2013,rst cause:1, boot mode:(3,7)

load 0x4010f000, len 1384, room 16 
tail 8
chksum 0x2d
csum 0x2d
v8b899c12
~ld


6.01
 0h00:03.125 2021/06/07T13:43:26z: DS3231
 0h00:03.140 2021/06/07T13:43:26z: BME280 (0x76)
 0h00:03.155 2021/06/07T13:43:26z: 10:52:1c:42:2a:d
 0h00:03.156 2021/06/07T13:43:26z: SSID: Apollonia Students Halls
 0h00:03.162 2021/06/07T13:43:26z: AP_STAR tmr
 ets Jan  8 2013,rst cause:1, boot mode:(3,7)

load 0x4010f000, len 1384, room 16 
tail 8
chksum 0x2d
csum 0x2d
v8b899c12
~ld


6.01
 0h00:03.025 2021/06/07T14:03:22z: DS3231
 0h00:03.040 2021/06/07T14:03:22z: BME280 (0x76)
 0h00:03.054 2021/06/07T14:03:22z: 10:52:1c:42:2a:d
 0h00:03.056 2021/06/07T14:03:22z: SSID: Apollonia Students Halls
 0h00:03.061 2021/06/07T14:03:22z: AP_STAR tmr
 ets Jan  8 2013,rst cause:1, boot mode:(3,7)

load 0x4010f000, len 1384, room 16 
tail 8
chksum 0x2d
csum 0x2d
v8b899c12
~ld


6.01
 0h00:03.117 2021/06/07T14:23:18z: DS3231
 0h00:03.132 2021/06/07T14:23:18z: BME280 (0x76)
 0h00:03.146 2021/06/07T14:23:18z: 10:52:1c:42:2a:d
 0h00:03.148 2021/06/07T14:23:18z: SSID: Apollonia Students Halls
 0h00:03.153 2021/06/07T14:23:18z: AP_STAR tmr
 ets Jan  8 2013,rst cause:1, boot mode:(3,7)

load 0x4010f000, len 1384, room 16 
tail 8
chksum 0x2d
csum 0x2d
v8b899c12
~ld


6.01
 0h00:03.003 2021/06/07T14:43:14z: DS3231
 0h00:03.019 2021/06/07T14:43:14z: BME280 (0x76)
 0h00:03.033 2021/06/07T14:43:14z: 10:52:1c:42:2a:d
 0h00:03.035 2021/06/07T14:43:14z: SSID: Apollonia Students Halls
 0h00:03.040 2021/06/07T14:43:14z: AP_STAR tmr
 ets Jan  8 2013,rst cause:1, boot mode:(3,7)

load 0x4010f000, len 1384, room 16 
tail 8
chksum 0x2d
csum 0x2d
v8b899c12
~ld


6.01
 0h00:03.058 2021/06/07T15:03:10z: DS3231
 0h00:03.073 2021/06/07T15:03:10z: BME280 (0x76)
 0h00:03.088 2021/06/07T15:03:10z: 10:52:1c:42:2a:d
 0h00:03.089 2021/06/07T15:03:10z: SSID: Apollonia Students Halls
 0h00:03.094 2021/06/07T15:03:10z: AP_STAR tmr
 ets Jan  8 2013,rst cause:1, boot mode:(3,7)

load 0x4010f000, len 1384, room 16 
tail 8
chksum 0x2d
csum 0x2d
v8b899c12
~ld


6.01
 0h00:03.020 2021/06/07T15:23:06z: DS3231
 0h00:03.035 2021/06/07T15:23:06z: BME280 (0x76)
 0h00:03.050 2021/06/07T15:23:06z: 10:52:1c:42:2a:d
 0h00:03.051 2021/06/07T15:23:06z: SSID: Apollonia Students Halls
 0h00:03.056 2021/06/07T15:23:06z: AP_STAR tmr
 ets Jan  8 2013,rst cause:1, boot mode:(3,7)

load 0x4010f000, len 1384, room 16 
tail 8
chksum 0x2d
csum 0x2d
v8b899c12
~ld


6.01
 0h00:03.100 2021/06/07T15:43:01z: DS3231
 0h00:03.115 2021/06/07T15:43:01z: BME280 (0x76)
 0h00:03.129 2021/06/07T15:43:01z: 10:52:1c:42:2a:d
 0h00:03.131 2021/06/07T15:43:01z: SSID: Apollonia Students Halls
 0h00:03.136 2021/06/07T15:43:01z: AP_STAR tmr
 ets Jan  8 2013,rst cause:1, boot mode:(3,7)

load 0x4010f000, len 1384, room 16 
tail 8
chksum 0x2d
csum 0x2d
v8b899c12
~ld


6.01
 0h00:03.067 2021/06/07T16:02:58z: DS3231
 0h00:03.082 2021/06/07T16:02:58z: BME280 (0x76)
 0h00:03.096 2021/06/07T16:02:58z: 10:52:1c:42:2a:d
 0h00:03.098 2021/06/07T16:02:58z: SSID: Apollonia Students Halls
 0h00:03.103 2021/06/07T16:02:58z: AP_STAR tmr
 ets Jan  8 2013,rst cause:1, boot mode:(3,7)

load 0x4010f000, len 1384, room 16 
tail 8
chksum 0x2d
csum 0x2d
v8b899c12
~ld


6.01
 0h00:03.006 2021/06/07T16:22:54z: DS3231
 0h00:03.021 2021/06/07T16:22:54z: BME280 (0x76)
 0h00:03.035 2021/06/07T16:22:54z: 10:52:1c:42:2a:d
 0h00:03.037 2021/06/07T16:22:54z: SSID: Apollonia Students Halls
 0h00:03.042 2021/06/07T16:22:54z: AP_STAR tmr
 ets Jan  8 2013,rst cause:1, boot mode:(3,7)

load 0x4010f000, len 1384, room 16 
tail 8
chksum 0x2d
csum 0x2d
v8b899c12
~ld


6.01
 0h00:03.066 2021/06/07T16:42:50z: DS3231
 0h00:03.081 2021/06/07T16:42:50z: BME280 (0x76)
 0h00:03.095 2021/06/07T16:42:50z: 10:52:1c:42:2a:d
 0h00:03.097 2021/06/07T16:42:50z: SSID: Apollonia Students Halls
 0h00:03.102 2021/06/07T16:42:50z: AP_STAR tmr
 ets Jan  8 2013,rst cause:1, boot mode:(3,7)

load 0x4010f000, len 1384, room 16 
tail 8
chksum 0x2d
csum 0x2d
v8b899c12
~ld


6.01
 0h00:03.026 2021/06/07T17:02:46z: DS3231
 0h00:03.042 2021/06/07T17:02:46z: BME280 (0x76)
 0h00:03.056 2021/06/07T17:02:46z: 10:52:1c:42:2a:d
 0h00:03.058 2021/06/07T17:02:46z: SSID: Apollonia Students Halls
 0h00:03.063 2021/06/07T17:02:46z: AP_STAR tmr
 ets Jan  8 2013,rst cause:1, boot mode:(3,7)

load 0x4010f000, len 1384, room 16 
tail 8
chksum 0x2d
csum 0x2d
v8b899c12
~ld


6.01
 0h00:03.068 2021/06/07T17:22:42z: DS3231
 0h00:03.083 2021/06/07T17:22:42z: BME280 (0x76)
 0h00:03.097 2021/06/07T17:22:42z: 10:52:1c:42:2a:d
 0h00:03.099 2021/06/07T17:22:42z: SSID: Apollonia Students Halls
 0h00:03.104 2021/06/07T17:22:42z: AP_STAR tmr
 ets Jan  8 2013,rst cause:1, boot mode:(3,7)

load 0x4010f000, len 1384, room 16 
tail 8
chksum 0x2d
csum 0x2d
v8b899c12
~ld


6.01
 0h00:03.066 2021/06/07T17:42:39z: DS3231
 0h00:03.081 2021/06/07T17:42:39z: BME280 (0x76)
 0h00:03.095 2021/06/07T17:42:39z: 10:52:1c:42:2a:d
 0h00:03.097 2021/06/07T17:42:39z: SSID: Apollonia Students Halls
 0h00:03.102 2021/06/07T17:42:39z: AP_STAR tmr
 ets Jan  8 2013,rst cause:1, boot mode:(3,7)

load 0x4010f000, len 1384, room 16 
tail 8
chksum 0x2d
csum 0x2d
v8b899c12
~ld


6.01
 0h00:03.009 2021/06/07T18:02:34z: DS3231
 0h00:03.025 2021/06/07T18:02:34z: BME280 (0x76)
 0h00:03.039 2021/06/07T18:02:34z: 10:52:1c:42:2a:d
 0h00:03.041 2021/06/07T18:02:34z: SSID: Apollonia Students Halls
 0h00:03.046 2021/06/07T18:02:34z: AP_STAR tmr
 ets Jan  8 2013,rst cause:1, boot mode:(3,7)

load 0x4010f000, len 1384, room 16 
tail 8
chksum 0x2d
csum 0x2d
v8b899c12
~ld


6.01
 0h00:03.010 2021/06/07T18:22:30z: DS3231
 0h00:03.025 2021/06/07T18:22:30z: BME280 (0x76)
 0h00:03.039 2021/06/07T18:22:30z: 10:52:1c:42:2a:d
 0h00:03.041 2021/06/07T18:22:30z: SSID: Apollonia Students Halls
 0h00:03.046 2021/06/07T18:22:30z: AP_STAR tmr
 ets Jan  8 2013,rst cause:1, boot mode:(3,7)

load 0x4010f000, len 1384, room 16 
tail 8
chksum 0x2d
csum 0x2d
v8b899c12
~ld


6.01
 0h00:03.085 2021/06/07T18:42:26z: DS3231
 0h00:03.100 2021/06/07T18:42:26z: BME280 (0x76)
 0h00:03.114 2021/06/07T18:42:26z: 10:52:1c:42:2a:d
 0h00:03.116 2021/06/07T18:42:26z: SSID: Apollonia Students Halls
 0h00:03.121 2021/06/07T18:42:26z: AP_STAR tmr
 ets Jan  8 2013,rst cause:1, boot mode:(3,7)

load 0x4010f000, len 1384, room 16 
tail 8
chksum 0x2d
csum 0x2d
v8b899c12
~ld


6.01
 0h00:03.032 2021/06/07T19:02:23z: DS3231
 0h00:03.048 2021/06/07T19:02:23z: BME280 (0x76)
 0h00:03.062 2021/06/07T19:02:23z: 10:52:1c:42:2a:d
 0h00:03.063 2021/06/07T19:02:23z: SSID: Apollonia Students Halls
 0h00:03.069 2021/06/07T19:02:23z: AP_STAR tmr
 ets Jan  8 2013,rst cause:1, boot mode:(3,7)

load 0x4010f000, len 1384, room 16 
tail 8
chksum 0x2d
csum 0x2d
v8b899c12
~ld


6.01
 0h00:03.002 2021/06/07T19:22:18z: DS3231
 0h00:03.017 2021/06/07T19:22:18z: BME280 (0x76)
 0h00:03.031 2021/06/07T19:22:18z: 10:52:1c:42:2a:d
 0h00:03.033 2021/06/07T19:22:18z: SSID: Apollonia Students Halls
 0h00:03.038 2021/06/07T19:22:18z: AP_STAR tmr
 ets Jan  8 2013,rst cause:1, boot mode:(3,7)

load 0x4010f000, len 1384, room 16 
tail 8
chksum 0x2d
csum 0x2d
v8b899c12
~ld


6.01
 0h00:03.072 2021/06/07T19:42:14z: DS3231
 0h00:03.087 2021/06/07T19:42:14z: BME280 (0x76)
 0h00:03.101 2021/06/07T19:42:14z: 10:52:1c:42:2a:d
 0h00:03.103 2021/06/07T19:42:14z: SSID: Apollonia Students Halls
 0h00:03.108 2021/06/07T19:42:14z: AP_STAR tmr
 ets Jan  8 2013,rst cause:1, boot mode:(3,7)

load 0x4010f000, len 1384, room 16 
tail 8
chksum 0x2d
csum 0x2d
v8b899c12
~ld


6.01
 0h00:03.124 2021/06/07T20:02:10z: DS3231
 0h00:03.139 2021/06/07T20:02:10z: BME280 (0x76)
 0h00:03.153 2021/06/07T20:02:10z: 10:52:1c:42:2a:d
 0h00:03.155 2021/06/07T20:02:10z: SSID: Apollonia Students Halls
 0h00:03.160 2021/06/07T20:02:10z: AP_STAR tmr
 ets Jan  8 2013,rst cause:1, boot mode:(3,7)

load 0x4010f000, len 1384, room 16 
tail 8
chksum 0x2d
csum 0x2d
v8b899c12
~ld


6.01
 0h00:03.083 2021/06/07T20:22:07z: DS3231
 0h00:03.098 2021/06/07T20:22:07z: BME280 (0x76)
 0h00:03.112 2021/06/07T20:22:07z: 10:52:1c:42:2a:d
 0h00:03.114 2021/06/07T20:22:07z: SSID: Apollonia Students Halls
 0h00:03.119 2021/06/07T20:22:07z: AP_STAR tmr
 ets Jan  8 2013,rst cause:1, boot mode:(3,7)

load 0x4010f000, len 1384, room 16 
tail 8
chksum 0x2d
csum 0x2d
v8b899c12
~ld


6.01
 0h00:03.064 2021/06/07T20:42:03z: DS3231
 0h00:03.079 2021/06/07T20:42:03z: BME280 (0x76)
 0h00:03.093 2021/06/07T20:42:03z: 10:52:1c:42:2a:d
 0h00:03.095 2021/06/07T20:42:03z: SSID: Apollonia Students Halls
 0h00:03.100 2021/06/07T20:42:03z: AP_STAR tmr
 ets Jan  8 2013,rst cause:1, boot mode:(3,7)

load 0x4010f000, len 1384, room 16 
tail 8
chksum 0x2d
csum 0x2d
v8b899c12
~ld


6.01
 0h00:03.060 2021/06/07T21:01:59z: DS3231
 0h00:03.075 2021/06/07T21:01:59z: BME280 (0x76)
 0h00:03.090 2021/06/07T21:01:59z: 10:52:1c:42:2a:d
 0h00:03.091 2021/06/07T21:01:59z: SSID: Apollonia Students Halls
 0h00:03.096 2021/06/07T21:01:59z: AP_STAR tmr
 ets Jan  8 2013,rst cause:1, boot mode:(3,7)

load 0x4010f000, len 1384, room 16 
tail 8
chksum 0x2d
csum 0x2d
v8b899c12
~ld


6.01
 0h00:03.169 2021/06/07T21:21:55z: DS3231
 0h00:03.184 2021/06/07T21:21:55z: BME280 (0x76)
 0h00:03.198 2021/06/07T21:21:55z: 10:52:1c:42:2a:d
 0h00:03.200 2021/06/07T21:21:55z: SSID: Apollonia Students Halls
 0h00:03.205 2021/06/07T21:21:55z: AP_STAR tmr
 ets Jan  8 2013,rst cause:1, boot mode:(3,7)

load 0x4010f000, len 1384, room 16 
tail 8
chksum 0x2d
csum 0x2d
v8b899c12
~ld


6.01
 0h00:03.062 2021/06/07T21:41:51z: DS3231
 0h00:03.077 2021/06/07T21:41:51z: BME280 (0x76)
 0h00:03.091 2021/06/07T21:41:51z: 10:52:1c:42:2a:d
 0h00:03.093 2021/06/07T21:41:51z: SSID: Apollonia Students Halls
 0h00:03.098 2021/06/07T21:41:51z: AP_STAR tmr
 ets Jan  8 2013,rst cause:1, boot mode:(3,7)

load 0x4010f000, len 1384, room 16 
tail 8
chksum 0x2d
csum 0x2d
v8b899c12
~ld


6.01
 0h00:03.010 2021/06/07T22:01:47z: DS3231
 0h00:03.025 2021/06/07T22:01:47z: BME280 (0x76)
 0h00:03.039 2021/06/07T22:01:47z: 10:52:1c:42:2a:d
 0h00:03.041 2021/06/07T22:01:47z: SSID: Apollonia Students Halls
 0h00:03.046 2021/06/07T22:01:47z: AP_STAR tmr
 ets Jan  8 2013,rst cause:1, boot mode:(3,7)

load 0x4010f000, len 1384, room 16 
tail 8
chksum 0x2d
csum 0x2d
v8b899c12
~ld


6.01
 0h00:03.064 2021/06/07T22:21:43z: DS3231
 0h00:03.079 2021/06/07T22:21:43z: BME280 (0x76)
 0h00:03.093 2021/06/07T22:21:43z: 10:52:1c:42:2a:d
 0h00:03.095 2021/06/07T22:21:43z: SSID: Apollonia Students Halls
 0h00:03.100 2021/06/07T22:21:43z: AP_STAR tmr
 ets Jan  8 2013,rst cause:1, boot mode:(3,7)

load 0x4010f000, len 1384, room 16 
tail 8
chksum 0x2d
csum 0x2d
v8b899c12
~ld


6.01
 0h00:03.077 2021/06/07T22:41:39z: DS3231
 0h00:03.092 2021/06/07T22:41:39z: BME280 (0x76)
 0h00:03.106 2021/06/07T22:41:39z: 10:52:1c:42:2a:d
 0h00:03.108 2021/06/07T22:41:39z: SSID: Apollonia Students Halls
 0h00:03.113 2021/06/07T22:41:39z: AP_STAR tmr
 ets Jan  8 2013,rst cause:1, boot mode:(3,7)

load 0x4010f000, len 1384, room 16 
tail 8
chksum 0x2d
csum 0x2d
v8b899c12
~ld


6.01
 0h00:03.042 2021/06/07T23:01:35z: DS3231
 0h00:03.057 2021/06/07T23:01:35z: BME280 (0x76)
 0h00:03.071 2021/06/07T23:01:35z: 10:52:1c:42:2a:d
 0h00:03.073 2021/06/07T23:01:35z: SSID: Apollonia Students Halls
 0h00:03.078 2021/06/07T23:01:35z: AP_STAR tmr
 ets Jan  8 2013,rst cause:1, boot mode:(3,7)

load 0x4010f000, len 1384, room 16 
tail 8
chksum 0x2d
csum 0x2d
v8b899c12
~ld


6.01
 0h00:03.065 2021/06/07T23:21:31z: DS3231
 0h00:03.080 2021/06/07T23:21:31z: BME280 (0x76)
 0h00:03.095 2021/06/07T23:21:31z: 10:52:1c:42:2a:d
 0h00:03.096 2021/06/07T23:21:31z: SSID: Apollonia Students Halls
 0h00:03.101 2021/06/07T23:21:31z: AP_STAR tmr
 ets Jan  8 2013,rst cause:1, boot mode:(3,7)

load 0x4010f000, len 1384, room 16 
tail 8
chksum 0x2d
csum 0x2d
v8b899c12
~ld


6.01
 0h00:03.011 2021/06/07T23:41:27z: DS3231
 0h00:03.026 2021/06/07T23:41:27z: BME280 (0x76)
 0h00:03.040 2021/06/07T23:41:27z: 10:52:1c:42:2a:d
 0h00:03.042 2021/06/07T23:41:27z: SSID: Apollonia Students Halls
 0h00:03.047 2021/06/07T23:41:27z: AP_STA