R tmr
 ets Jan  8 2013,rst cause:1, boot mode:(3,7)

load 0x4010f000, len 1384, room 16 
tail 8
chksum 0x2d
csum 0x2d
v8b899c12
~ld


6.01
 0h00:03.009 2021/06/08T00:01:24z: DS3231
 0h00:03.024 2021/06/08T00:01:24z: BME280 (0x76)
 0h00:03.038 2021/06/08T00:01:24z: 10:52:1c:42:2a:d
 0h00:03.040 2021/06/08T00:01:24z: SSID: Apollonia Students Halls
 0h00:03.045 2021/06/08T00:01:24z: AP_STAR tmr
 ets Jan  8 2013,rst cause:1, boot mode:(3,7)

load 0x4010f000, len 1384, room 16 
tail 8
chksum 0x2d
csum 0x2d
v8b899c12
~ld


6.01
 0h00:03.011 2021/06/08T00:21:20z: DS3231
 0h00:03.026 2021/06/08T00:21:20z: BME280 (0x76)
 0h00:03.040 2021/06/08T00:21:20z: 10:52:1c:42:2a:d
 0h00:03.042 2021/06/08T00:21:20z: SSID: Apollonia Students Halls
 0h00:03.047 2021/06/08T00:21:20z: AP_STAR tmr
 ets Jan  8 2013,rst cause:1, boot mode:(3,7)

load 0x4010f000, len 1384, room 16 
tail 8
chksum 0x2d
csum 0x2d
v8b899c12
~ld


6.01
 0h00:03.076 2021/06/08T00:41:16z: DS3231
 0h00:03.092 2021/06/08T00:41:16z: BME280 (0x76)
 0h00:03.106 2021/06/08T00:41:16z: 10:52:1c:42:2a:d
 0h00:03.108 2021/06/08T00:41:16z: SSID: Apollonia Students Halls
 0h00:03.113 2021/06/08T00:41:16z: AP_STAR tmr
 ets Jan  8 2013,rst cause:1, boot mode:(3,7)

load 0x4010f000, len 1384, room 16 
tail 8
chksum 0x2d
csum 0x2d
v8b899c12
~ld


6.01
 0h00:03.037 2021/06/08T01:01:11z: DS3231
 0h00:03.052 2021/06/08T01:01:11z: BME280 (0x76)
 0h00:03.066 2021/06/08T01:01:11z: 10:52:1c:42:2a:d
 0h00:03.068 2021/06/08T01:01:11z: SSID: Apollonia Students Halls
 0h00:03.073 2021/06/08T01:01:12z: AP_STAR tmr
 ets Jan  8 2013,rst cause:1, boot mode:(3,7)

load 0x4010f000, len 1384, room 16 
tail 8
chksum 0x2d
csum 0x2d
v8b899c12
~ld


6.01
 0h00:03.010 2021/06/08T01:21:07z: DS3231
 0h00:03.025 2021/06/08T01:21:07z: BME280 (0x76)
 0h00:03.039 2021/06/08T01:21:07z: 10:52:1c:42:2a:d
 0h00:03.041 2021/06/08T01:21:07z: SSID: Apollonia Students Halls
 0h00:03.046 2021/06/08T01:21:07z: AP_STAR tmr
 ets Jan  8 2013,rst cause:1, boot mode:(3,7)

load 0x4010f000, len 1384, room 16 
tail 8
chksum 0x2d
csum 0x2d
v8b899c12
~ld


6.01
 0h00:03.069 2021/06/08T01:41:03z: DS3231
 0h00:03.084 2021/06/08T01:41:03z: BME280 (0x76)
 0h00:03.098 2021/06/08T01:41:03z: 10:52:1c:42:2a:d
 0h00:03.100 2021/06/08T01:41:03z: SSID: Apollonia Students Halls
 0h00:03.105 2021/06/08T01:41:03z: AP_STAR tmr
 ets Jan  8 2013,rst cause:1, boot mode:(3,7)

load 0x4010f000, len 1384, room 16 
tail 8
chksum 0x2d
csum 0x2d
v8b899c12
~ld


6.01
 0h00:03.069 2021/06/08T02:00:58z: DS3231
 0h00:03.085 2021/06/08T02:00:58z: BME280 (0x76)
 0h00:03.099 2021/06/08T02:00:58z: 10:52:1c:42:2a:d
 0h00:03.101 2021/06/08T02:00:58z: SSID: Apollonia Students Halls
 0h00:03.106 2021/06/08T02:00:58z: AP_STAR tmr
 ets Jan  8 2013,rst cause:1, boot mode:(3,7)

load 0x4010f000, len 1384, room 16 
tail 8
chksum 0x2d
csum 0x2d
v8b899c12
~ld


6.01
 0h00:03.126 2021/06/08T02:20:53z: DS3231
 0h00:03.141 2021/06/08T02:20:54z: BME280 (0x76)
 0h00:03.155 2021/06/08T02:20:54z: 10:52:1c:42:2a:d
 0h00:03.157 2021/06/08T02:20:54z: SSID: Apollonia Students Halls
 0h00:03.162 2021/06/08T02:20:54z: AP_STAR tmr
 ets Jan  8 2013,rst cause:1, boot mode:(3,7)

load 0x4010f000, len 1384, room 16 
tail 8
chksum 0x2d
csum 0x2d
v8b899c12
~ld


6.01
 0h00:03.117 2021/06/08T02:40:49z: DS3231
 0h00:03.132 2021/06/08T02:40:50z: BME280 (0x76)
 0h00:03.146 2021/06/08T02:40:50z: 10:52:1c:42:2a:d
 0h00:03.148 2021/06/08T02:40:50z: SSID: Apollonia Students Halls
 0h00:03.153 2021/06/08T02:40:50z: AP_STAR tmr
 ets Jan  8 2013,rst cause:1, boot mode:(3,7)

load 0x4010f000, len 1384, room 16 
tail 8
chksum 0x2d
csum 0x2d
v8b899c12
~ld


6.01
 0h00:03.066 2021/06/08T03:00:46z: DS3231
 0h00:03.081 2021/06/08T03:00:46z: BME280 (0x76)
 0h00:03.095 2021/06/08T03:00:46z: 10:52:1c:42:2a:d
 0h00:03.097 2021/06/08T03:00:46z: SSID: Apollonia Students Halls
 0h00:03.102 2021/06/08T03:00:46z: AP_STAR tmr
 ets Jan  8 2013,rst cause:1, boot mode:(3,7)

load 0x4010f000, len 1384, room 16 
tail 8
chksum 0x2d
csum 0x2d
v8b899c12
~ld


6.01
 0h00:03.030 2021/06/08T03:20:42z: DS3231
 0h00:03.045 2021/06/08T03:20:42z: BME280 (0x76)
 0h00:03.059 2021/06/08T03:20:42z: 10:52:1c:42:2a:d
 0h00:03.061 2021/06/08T03:20:42z: SSID: Apollonia Students Halls
 0h00:03.066 2021/06/08T03:20:42z: AP_STAR tmr
 ets Jan  8 2013,rst cause:1, boot mode:(3,7)

load 0x4010f000, len 1384, room 16 
tail 8
chksum 0x2d
csum 0x2d
v8b899c12
~ld


6.01
 0h00:03.071 2021/06/08T03:40:38z: DS3231
 0h00:03.087 2021/06/08T03:40:38z: BME280 (0x76)
 0h00:03.101 2021/06/08T03:40:38z: 10:52:1c:42:2a:d
 0h00:03.103 2021/06/08T03:40:38z: SSID: Apollonia Students Halls
 0h00:03.108 2021/06/08T03:40:38z: AP_STAR tmr
 ets Jan  8 2013,rst cause:1, boot mode:(3,7)

load 0x4010f000, len 1384, room 16 
tail 8
chksum 0x2d
csum 0x2d
v8b899c12
~ld


6.01
 0h00:03.117 2021/06/08T04:00:34z: DS3231
 0h00:03.133 2021/06/08T04:00:34z: BME280 (0x76)
 0h00:03.147 2021/06/08T04:00:34z: 10:52:1c:42:2a:d
 0h00:03.149 2021/06/08T04:00:34z: SSID: Apollonia Students Halls
 0h00:03.154 2021/06/08T04:00:34z: AP_STAR tmr
 ets Jan  8 2013,rst cause:1, boot mode:(3,7)

load 0x4010f000, len 1384, room 16 
tail 8
chksum 0x2d
csum 0x2d
v8b899c12
~ld


6.01
 0h00:03.064 2021/06/08T04:20:29z: DS3231
 0h00:03.079 2021/06/08T04:20:29z: BME280 (0x76)
 0h00:03.093 2021/06/08T04:20:29z: 10:52:1c:42:2a:d
 0h00:03.095 2021/06/08T04:20:29z: SSID: Apollonia Students Halls
 0h00:03.100 2021/06/08T04:20:29z: AP_STAR tmr
 ets Jan  8 2013,rst cause:1, boot mode:(3,7)

load 0x4010f000, len 1384, room 16 
tail 8
chksum 0x2d
csum 0x2d
v8b899c12
~ld


6.01
 0h00:03.067 2021/06/08T04:40:26z: DS3231
 0h00:03.083 2021/06/08T04:40:26z: BME280 (0x76)
 0h00:03.097 2021/06/08T04:40:26z: 10:52:1c:42:2a:d
 0h00:03.099 2021/06/08T04:40:26z: SSID: Apollonia Students Halls
 0h00:03.104 2021/06/08T04:40:26z: AP_STAR tmr
 ets Jan  8 2013,rst cause:1, boot mode:(3,7)

load 0x4010f000, len 1384, room 16 
tail 8
chksum 0x2d
csum 0x2d
v8b899c12
~ld


6.01
 0h00:03.065 2021/06/08T05:00:22z: DS3231
 0h00:03.080 2021/06/08T05:00:22z: BME280 (0x76)
 0h00:03.095 2021/06/08T05:00:22z: 10:52:1c:42:2a:d
 0h00:03.096 2021/06/08T05:00:22z: SSID: Apollonia Students Halls
 0h00:03.101 2021/06/08T05:00:22z: AP_STAR tmr
 ets Jan  8 2013,rst cause:1, boot mode:(3,7)

load 0x4010f000, len 1384, room 16 
tail 8
chksum 0x2d
csum 0x2d
v8b899c12
~ld


6.01
 0h00:03.031 2021/06/08T05:20:18z: DS3231
 0h00:03.046 2021/06/08T05:20:18z: BME280 (0x76)
 0h00:03.060 2021/06/08T05:20:18z: 10:52:1c:42:2a:d
 0h00:03.062 2021/06/08T05:20:18z: SSID: Apollonia Students Halls
 0h00:03.067 2021/06/08T05:20:18z: AP_STAR tmr
 ets Jan  8 2013,rst cause:1, boot mode:(3,7)

load 0x4010f000, len 1384, room 16 
tail 8
chksum 0x2d
csum 0x2d
v8b899c12
~ld


6.01
 0h00:03.060 2021/06/08T05:40:15z: DS3231
 0h00:03.075 2021/06/08T05:40:15z: BME280 (0x76)
 0h00:03.089 2021/06/08T05:40:15z: 10:52:1c:42:2a:d
 0h00:03.091 2021/06/08T05:40:15z: SSID: Apollonia Students Halls
 0h00:03.096 2021/06/08T05:40:15z: AP_STAR tmr
 ets Jan  8 2013,rst cause:1, boot mode:(3,7)

load 0x4010f000, len 1384, room 16 
tail 8
chksum 0x2d
csum 0x2d
v8b899c12
~ld


6.01
 0h00:03.062 2021/06/08T06:00:11z: DS3231
 0h00:03.077 2021/06/08T06:00:11z: BME280 (0x76)
 0h00:03.091 2021/06/08T06:00:11z: 10:52:1c:42:2a:d
 0h00:03.093 2021/06/08T06:00:11z: SSID: Apollonia Students Halls
 0h00:03.098 2021/06/08T06:00:11z: AP_STAR tmr
 ets Jan  8 2013,rst cause:1, boot mode:(3,7)

load 0x4010f000, len 1384, room 16 
tail 8
chksum 0x2d
csum 0x2d
v8b899c12
~ld


6.01
 0h00:03.007 2021/06/08T06:20:07z: DS3231
 0h00:03.022 2021/06/08T06:20:07z: BME280 (0x76)
 0h00:03.036 2021/06/08T06:20:07z: 10:52:1c:42:2a:d
 0h00:03.038 2021/06/08T06:20:07z: SSID: Apollonia Students Halls
 0h00:03.043 2021/06/08T06:20:07z: AP_STAR tmr
 ets Jan  8 2013,rst cause:1, boot mode:(3,7)

load 0x4010f000, len 1384, room 16 
tail 8
chksum 0x2d
csum 0x2d
v8b899c12
~ld


6.01
 0h00:03.058 2021/06/08T06:40:04z: DS3231
 0h00:03.073 2021/06/08T06:40:04z: BME280 (0x76)
 0h00:03.087 2021/06/08T06:40:04z: 10:52:1c:42:2a:d
 0h00:03.089 2021/06/08T06:40:04z: SSID: Apollonia Students Halls
 0h00:03.094 2021/06/08T06:40:04z: AP_STAR tmr
 ets Jan  8 2013,rst cause:1, boot mode:(3,7)

load 0x4010f000, len 1384, room 16 
tail 8
chksum 0x2d
csum 0x2d
v8b899c12
~ld


6.01
 0h00:03.014 2021/06/08T07:00:00z: DS3231
 0h00:03.029 2021/06/08T07:00:00z: BME280 (0x76)
 0h00:03.044 2021/06/08T07:00:00z: 10:52:1c:42:2a:d
 0h00:03.045 2021/06/08T07:00:00z: SSID: Apollonia Students Halls
 0h00:03.050 2021/06/08T07:00:00z: AP_STAR tmr
 ets Jan  8 2013,rst cause:1, boot mode:(3,7)

load 0x4010f000, len 1384, room 16 
tail 8
chksum 0x2d
csum 0x2d
v8b899c12
~ld


6.01
 0h00:03.012 2021/06/08T07:19:56z: DS3231
 0h00:03.027 2021/06/08T07:19:56z: BME280 (0x76)
 0h00:03.041 2021/06/08T07:19:56z: 10:52:1c:42:2a:d
 0h00:03.043 2021/06/08T07:19:56z: SSID: Apollonia Students Halls
 0h00:03.048 2021/06/08T07:19:56z: AP_STAR tmr
 ets Jan  8 2013,rst cause:1, boot mode:(3,7)

load 0x4010f000, len 1384, room 16 
tail 8
chksum 0x2d
csum 0x2d
v8b899c12
~ld


6.01
 0h00:03.064 2021/06/08T07:39:51z: DS3231
 0h00:03.080 2021/06/08T07:39:51z: BME280 (0x76)
 0h00:03.094 2021/06/08T07:39:51z: 10:52:1c:42:2a:d
 0h00:03.095 2021/06/08T07:39:51z: SSID: Apollonia Students Halls
 0h00:03.101 2021/06/08T07:39:51z: AP_STAR tmr
 ets Jan  8 2013,rst cause:1, boot mode:(3,7)

load 0x4010f000, len 1384, room 16 
tail 8
chksum 0x2d
csum 0x2d
v8b899c12
~ld


6.01
 0h00:03.064 2021/06/08T07:59:47z: DS3231
 0h00:03.079 2021/06/08T07:59:47z: BME280 (0x76)
 0h00:03.093 2021/06/08T07:59:47z: 10:52:1c:42:2a:d
 0h00:03.095 2021/06/08T07:59:47z: SSID: Apollonia Students Halls
 0h00:03.100 2021/06/08T07:59:47z: AP_STAR tmr
 ets Jan  8 2013,rst cause:1, boot mode:(3,7)

load 0x4010f000, len 1384, room 16 
tail 8
chksum 0x2d
csum 0x2d
v8b899c12
~ld


6.01
 0h00:03.174 2021/06/08T08:19:43z: DS3231
 0h00:03.190 2021/06/08T08:19:43z: BME280 (0x76)
 0h00:03.204 2021/06/08T08:19:43z: 10:52:1c:42:2a:d
 0h00:03.206 2021/06/08T08:19:43z: SSID: Apollonia Students Halls
 0h00:03.211 2021/06/08T08:19:43z: AP_STAR tmr
 ets Jan  8 2013,rst cause:1, boot mode:(3,7)

load 0x4010f000, len 1384, room 16 
tail 8
chksum 0x2d
csum 0x2d
v8b899c12
~ld


6.01
 0h00:03.032 2021/06/08T08:39:39z: DS3231
 0h00:03.047 2021/06/08T08:39:39z: BME280 (0x76)
 0h00:03.061 2021/06/08T08:39:39z: 10:52:1c:42:2a:d
 0h00:03.063 2021/06/08T08:39:39z: SSID: Apollonia Students Halls
 0h00:03.068 2021/06/08T08:39:39z: AP_STAR tmr
 ets Jan  8 2013,rst cause:1, boot mode:(3,7)

load 0x4010f000, len 1384, room 16 
tail 8
chksum 0x2d
csum 0x2d
v8b899c12
~ld


6.01
 0h00:03.115 2021/06/08T08:59:35z: DS3231
 0h00:03.130 2021/06/08T08:59:35z: BME280 (0x76)
 0h00:03.144 2021/06/08T08:59:35z: 10:52:1c:42:2a:d
 0h00:03.146 2021/06/08T08:59:35z: SSID: Apollonia Students Halls
 0h00:03.151 2021/06/08T08:59:35z: AP_STAR tmr
 ets Jan  8 2013,rst cause:1, boot mode:(3,7)

load 0x4010f000, len 1384, room 16 
tail 8
chksum 0x2d
csum 0x2d
v8b899c12
~ld


6.01
 0h00:03.002 2021/06/08T09:19:31z: DS3231
 0h00:03.017 2021/06/08T09:19:31z: BME280 (0x76)
 0h00:03.031 2021/06/08T09:19:31z: 10:52:1c:42:2a:d
 0h00:03.033 2021/06/08T09:19:31z: SSID: Apollonia Students Halls
 0h00:03.038 2021/06/08T09:19:31z: AP_STAR tmr
 ets Jan  8 2013,rst cause:1, boot mode:(3,7)

load 0x4010f000, len 1384, room 16 
tail 8
chksum 0x2d
csum 0x2d
v8b899c12
~ld


6.01
 0h00:03.062 2021/06/08T09:39:27z: DS3231
 0h00:03.077 2021/06/08T09:39:27z: BME280 (0x76)
 0h00:03.092 2021/06/08T09:39:27z: 10:52:1c:42:2a:d
 0h00:03.093 2021/06/08T09:39:27z: SSID: Apollonia Students Halls
 0h00:03.099 2021/06/08T09:39:27z: AP_STAR tmr
 ets Jan  8 2013,rst cause:1, boot mode:(3,7)

load 0x4010f000, len 1384, room 16 
tail 8
chksum 0x2d
csum 0x2d
v8b899c12
~ld


6.01
 0h00:03.011 2021/06/08T09:59:23z: DS3231
 0h00:03.027 2021/06/08T09:59:23z: BME280 (0x76)
 0h00:03.041 2021/06/08T09:59:23z: 10:52:1c:42:2a:d
 0h00:03.042 2021/06/08T09:59:23z: SSID: Apollonia Students Halls
 0h00:03.048 2021/06/08T09:59:23z: AP_STA