R tmr
 ets Jan  8 2013,rst cause:1, boot mode:(3,7)

load 0x4010f000, len 1384, room 16 
tail 8
chksum 0x2d
csum 0x2d
v8b899c12
~ld


6.01
 0h00:03.023 2021/06/01T00:02:09z: DS3231
 0h00:03.039 2021/06/01T00:02:09z: BME280 (0x76)
 0h00:03.053 2021/06/01T00:02:09z: 10:52:1c:41:b0:6b
 0h00:03.055 2021/06/01T00:02:09z: SSID: purpleAir-aa9c
 0h00:03.060 2021/06/01T00:02:09z: AP_STAR tmr
 ets Jan  8 2013,rst cause:1, boot mode:(3,7)

load 0x4010f000, len 1384, room 16 
tail 8
chksum 0x2d
csum 0x2d
v8b899c12
~ld


6.01
 0h00:03.025 2021/06/01T00:22:05z: DS3231
 0h00:03.040 2021/06/01T00:22:05z: BME280 (0x76)
 0h00:03.054 2021/06/01T00:22:05z: 10:52:1c:41:b0:6b
 0h00:03.056 2021/06/01T00:22:05z: SSID: purpleAir-aa9c
 0h00:03.061 2021/06/01T00:22:05z: AP_STAR tmr
 ets Jan  8 2013,rst cause:1, boot mode:(3,7)

load 0x4010f000, len 1384, room 16 
tail 8
chksum 0x2d
csum 0x2d
v8b899c12
~ld


6.01
 0h00:03.027 2021/06/01T00:42:01z: DS3231
 0h00:03.042 2021/06/01T00:42:01z: BME280 (0x76)
 0h00:03.056 2021/06/01T00:42:01z: 10:52:1c:41:b0:6b
 0h00:03.058 2021/06/01T00:42:01z: SSID: purpleAir-aa9c
 0h00:03.063 2021/06/01T00:42:01z: AP_STAR tmr
 ets Jan  8 2013,rst cause:1, boot mode:(3,7)

load 0x4010f000, len 1384, room 16 
tail 8
chksum 0x2d
csum 0x2d
v8b899c12
~ld


6.01
 0h00:03.024 2021/06/01T01:01:57z: DS3231
 0h00:03.040 2021/06/01T01:01:57z: BME280 (0x76)
 0h00:03.054 2021/06/01T01:01:57z: 10:52:1c:41:b0:6b
 0h00:03.056 2021/06/01T01:01:57z: SSID: purpleAir-aa9c
 0h00:03.061 2021/06/01T01:01:57z: AP_STAR tmr
 ets Jan  8 2013,rst cause:1, boot mode:(3,7)

load 0x4010f000, len 1384, room 16 
tail 8
chksum 0x2d
csum 0x2d
v8b899c12
~ld


6.01
 0h00:03.028 2021/06/01T01:21:53z: DS3231
 0h00:03.043 2021/06/01T01:21:53z: BME280 (0x76)
 0h00:03.057 2021/06/01T01:21:53z: 10:52:1c:41:b0:6b
 0h00:03.059 2021/06/01T01:21:53z: SSID: purpleAir-aa9c
 0h00:03.064 2021/06/01T01:21:53z: AP_STAR tmr
 ets Jan  8 2013,rst cause:1, boot mode:(3,7)

load 0x4010f000, len 1384, room 16 
tail 8
chksum 0x2d
csum 0x2d
v8b899c12
~ld


6.01
 0h00:03.037 2021/06/01T01:41:49z: DS3231
 0h00:03.053 2021/06/01T01:41:49z: BME280 (0x76)
 0h00:03.067 2021/06/01T01:41:49z: 10:52:1c:41:b0:6b
 0h00:03.069 2021/06/01T01:41:49z: SSID: purpleAir-aa9c
 0h00:03.074 2021/06/01T01:41:49z: AP_STAR tmr
 ets Jan  8 2013,rst cause:1, boot mode:(3,7)

load 0x4010f000, len 1384, room 16 
tail 8
chksum 0x2d
csum 0x2d
v8b899c12
~ld


6.01
 0h00:03.045 2021/06/01T02:01:45z: DS3231
 0h00:03.060 2021/06/01T02:01:45z: BME280 (0x76)
 0h00:03.074 2021/06/01T02:01:45z: 10:52:1c:41:b0:6b
 0h00:03.076 2021/06/01T02:01:45z: SSID: purpleAir-aa9c
 0h00:03.081 2021/06/01T02:01:45z: AP_STAR tmr
 ets Jan  8 2013,rst cause:1, boot mode:(3,7)

load 0x4010f000, len 1384, room 16 
tail 8
chksum 0x2d
csum 0x2d
v8b899c12
~ld


6.01
 0h00:03.016 2021/06/01T02:21:41z: DS3231
 0h00:03.031 2021/06/01T02:21:41z: BME280 (0x76)
 0h00:03.045 2021/06/01T02:21:41z: 10:52:1c:41:b0:6b
 0h00:03.047 2021/06/01T02:21:41z: SSID: purpleAir-aa9c
 0h00:03.052 2021/06/01T02:21:41z: AP_STAR tmr
 ets Jan  8 2013,rst cause:1, boot mode:(3,7)

load 0x4010f000, len 1384, room 16 
tail 8
chksum 0x2d
csum 0x2d
v8b899c12
~ld


6.01
 0h00:03.020 2021/06/01T02:41:37z: DS3231
 0h00:03.035 2021/06/01T02:41:37z: BME280 (0x76)
 0h00:03.049 2021/06/01T02:41:37z: 10:52:1c:41:b0:6b
 0h00:03.051 2021/06/01T02:41:37z: SSID: purpleAir-aa9c
 0h00:03.056 2021/06/01T02:41:37z: AP_STAR tmr
 ets Jan  8 2013,rst cause:1, boot mode:(3,7)

load 0x4010f000, len 1384, room 16 
tail 8
chksum 0x2d
csum 0x2d
v8b899c12
~ld


6.01
 0h00:03.010 2021/06/01T03:01:34z: DS3231
 0h00:03.026 2021/06/01T03:01:34z: BME280 (0x76)
 0h00:03.040 2021/06/01T03:01:34z: 10:52:1c:41:b0:6b
 0h00:03.042 2021/06/01T03:01:34z: SSID: purpleAir-aa9c
 0h00:03.047 2021/06/01T03:01:34z: AP_STAR tmr
 ets Jan  8 2013,rst cause:1, boot mode:(3,7)

load 0x4010f000, len 1384, room 16 
tail 8
chksum 0x2d
csum 0x2d
v8b899c12
~ld


6.01
 0h00:03.018 2021/06/01T03:21:30z: DS3231
 0h00:03.034 2021/06/01T03:21:30z: BME280 (0x76)
 0h00:03.048 2021/06/01T03:21:30z: 10:52:1c:41:b0:6b
 0h00:03.049 2021/06/01T03:21:30z: SSID: purpleAir-aa9c
 0h00:03.055 2021/06/01T03:21:30z: AP_STAR tmr
 ets Jan  8 2013,rst cause:1, boot mode:(3,7)

load 0x4010f000, len 1384, room 16 
tail 8
chksum 0x2d
csum 0x2d
v8b899c12
~ld


6.01
 0h00:03.024 2021/06/01T03:41:25z: DS3231
 0h00:03.039 2021/06/01T03:41:25z: BME280 (0x76)
 0h00:03.054 2021/06/01T03:41:25z: 10:52:1c:41:b0:6b
 0h00:03.055 2021/06/01T03:41:25z: SSID: purpleAir-aa9c
 0h00:03.060 2021/06/01T03:41:25z: AP_STAR tmr
 ets Jan  8 2013,rst cause:1, boot mode:(3,7)

load 0x4010f000, len 1384, room 16 
tail 8
chksum 0x2d
csum 0x2d
v8b899c12
~ld


6.01
 0h00:03.033 2021/06/01T04:01:21z: DS3231
 0h00:03.048 2021/06/01T04:01:21z: BME280 (0x76)
 0h00:03.062 2021/06/01T04:01:21z: 10:52:1c:41:b0:6b
 0h00:03.064 2021/06/01T04:01:21z: SSID: purpleAir-aa9c
 0h00:03.069 2021/06/01T04:01:21z: AP_STAR tmr
 ets Jan  8 2013,rst cause:1, boot mode:(3,7)

load 0x4010f000, len 1384, room 16 
tail 8
chksum 0x2d
csum 0x2d
v8b899c12
~ld


6.01
 0h00:03.042 2021/06/01T04:21:17z: DS3231
 0h00:03.057 2021/06/01T04:21:17z: BME280 (0x76)
 0h00:03.071 2021/06/01T04:21:17z: 10:52:1c:41:b0:6b
 0h00:03.073 2021/06/01T04:21:17z: SSID: purpleAir-aa9c
 0h00:03.078 2021/06/01T04:21:17z: AP_STAR tmr
 ets Jan  8 2013,rst cause:1, boot mode:(3,7)

load 0x4010f000, len 1384, room 16 
tail 8
chksum 0x2d
csum 0x2d
v8b899c12
~ld


6.01
 0h00:03.047 2021/06/01T04:41:13z: DS3231
 0h00:03.062 2021/06/01T04:41:13z: BME280 (0x76)
 0h00:03.076 2021/06/01T04:41:13z: 10:52:1c:41:b0:6b
 0h00:03.078 2021/06/01T04:41:13z: SSID: purpleAir-aa9c
 0h00:03.083 2021/06/01T04:41:13z: AP_STAR tmr
 ets Jan  8 2013,rst cause:1, boot mode:(3,7)

load 0x4010f000, len 1384, room 16 
tail 8
chksum 0x2d
csum 0x2d
v8b899c12
~ld


6.01
 0h00:03.024 2021/06/01T05:01:09z: DS3231
 0h00:03.039 2021/06/01T05:01:09z: BME280 (0x76)
 0h00:03.053 2021/06/01T05:01:09z: 10:52:1c:41:b0:6b
 0h00:03.055 2021/06/01T05:01:09z: SSID: purpleAir-aa9c
 0h00:03.060 2021/06/01T05:01:09z: AP_STAR tmr
 ets Jan  8 2013,rst cause:1, boot mode:(3,7)

load 0x4010f000, len 1384, room 16 
tail 8
chksum 0x2d
csum 0x2d
v8b899c12
~ld


6.01
 0h00:03.020 2021/06/01T05:21:05z: DS3231
 0h00:03.035 2021/06/01T05:21:05z: BME280 (0x76)
 0h00:03.049 2021/06/01T05:21:05z: 10:52:1c:41:b0:6b
 0h00:03.051 2021/06/01T05:21:05z: SSID: purpleAir-aa9c
 0h00:03.056 2021/06/01T05:21:05z: AP_STAR tmr
 ets Jan  8 2013,rst cause:1, boot mode:(3,7)

load 0x4010f000, len 1384, room 16 
tail 8
chksum 0x2d
csum 0x2d
v8b899c12
~ld


6.01
 0h00:03.027 2021/06/01T05:41:00z: DS3231
 0h00:03.042 2021/06/01T05:41:00z: BME280 (0x76)
 0h00:03.056 2021/06/01T05:41:00z: 10:52:1c:41:b0:6b
 0h00:03.058 2021/06/01T05:41:00z: SSID: purpleAir-aa9c
 0h00:03.063 2021/06/01T05:41:00z: AP_STAR tmr
 ets Jan  8 2013,rst cause:1, boot mode:(3,7)

load 0x4010f000, len 1384, room 16 
tail 8
chksum 0x2d
csum 0x2d
v8b899c12
~ld


6.01
 0h00:03.015 2021/06/01T06:00:56z: DS3231
 0h00:03.030 2021/06/01T06:00:56z: BME280 (0x76)
 0h00:03.045 2021/06/01T06:00:56z: 10:52:1c:41:b0:6b
 0h00:03.046 2021/06/01T06:00:56z: SSID: purpleAir-aa9c
 0h00:03.051 2021/06/01T06:00:56z: AP_STAR tmr
 ets Jan  8 2013,rst cause:1, boot mode:(3,7)

load 0x4010f000, len 1384, room 16 
tail 8
chksum 0x2d
csum 0x2d
v8b899c12
~ld


6.01
 0h00:03.022 2021/06/01T06:20:52z: DS3231
 0h00:03.037 2021/06/01T06:20:52z: BME280 (0x76)
 0h00:03.051 2021/06/01T06:20:52z: 10:52:1c:41:b0:6b
 0h00:03.053 2021/06/01T06:20:52z: SSID: purpleAir-aa9c
 0h00:03.058 2021/06/01T06:20:52z: AP_STAR tmr
 ets Jan  8 2013,rst cause:1, boot mode:(3,7)

load 0x4010f000, len 1384, room 16 
tail 8
chksum 0x2d
csum 0x2d
v8b899c12
~ld


6.01
 0h00:03.034 2021/06/01T06:40:48z: DS3231
 0h00:03.050 2021/06/01T06:40:48z: BME280 (0x76)
 0h00:03.064 2021/06/01T06:40:48z: 10:52:1c:41:b0:6b
 0h00:03.066 2021/06/01T06:40:48z: SSID: purpleAir-aa9c
 0h00:03.071 2021/06/01T06:40:48z: AP_STAR tmr
 ets Jan  8 2013,rst cause:1, boot mode:(3,7)

load 0x4010f000, len 1384, room 16 
tail 8
chksum 0x2d
csum 0x2d
v8b899c12
~ld


6.01
 0h00:03.035 2021/06/01T07:00:44z: DS3231
 0h00:03.050 2021/06/01T07:00:44z: BME280 (0x76)
 0h00:03.064 2021/06/01T07:00:44z: 10:52:1c:41:b0:6b
 0h00:03.066 2021/06/01T07:00:44z: SSID: purpleAir-aa9c
 0h00:03.071 2021/06/01T07:00:44z: AP_STAR tmr
 ets Jan  8 2013,rst cause:1, boot mode:(3,7)

load 0x4010f000, len 1384, room 16 
tail 8
chksum 0x2d
csum 0x2d
v8b899c12
~ld


6.01
 0h00:03.048 2021/06/01T07:20:39z: DS3231
 0h00:03.063 2021/06/01T07:20:39z: BME280 (0x76)
 0h00:03.077 2021/06/01T07:20:40z: 10:52:1c:41:b0:6b
 0h00:03.079 2021/06/01T07:20:40z: SSID: purpleAir-aa9c
 0h00:03.084 2021/06/01T07:20:40z: AP_STAR tmr
 ets Jan  8 2013,rst cause:1, boot mode:(3,7)

load 0x4010f000, len 1384, room 16 
tail 8
chksum 0x2d
csum 0x2d
v8b899c12
~ld


6.01
 0h00:03.018 2021/06/01T07:40:36z: DS3231
 0h00:03.033 2021/06/01T07:40:36z: BME280 (0x76)
 0h00:03.047 2021/06/01T07:40:36z: 10:52:1c:41:b0:6b
 0h00:03.049 2021/06/01T07:40:36z: SSID: purpleAir-aa9c
 0h00:03.054 2021/06/01T07:40:36z: AP_STAR tmr
 ets Jan  8 2013,rst cause:1, boot mode:(3,7)

load 0x4010f000, len 1384, room 16 
tail 8
chksum 0x2d
csum 0x2d
v8b899c12
~ld


6.01
 0h00:03.021 2021/06/01T08:00:32z: DS3231
 0h00:03.037 2021/06/01T08:00:32z: BME280 (0x76)
 0h00:03.051 2021/06/01T08:00:32z: 10:52:1c:41:b0:6b
 0h00:03.053 2021/06/01T08:00:32z: SSID: purpleAir-aa9c
 0h00:03.058 2021/06/01T08:00:32z: AP_STAR tmr
 ets Jan  8 2013,rst cause:1, boot mode:(3,7)

load 0x4010f000, len 1384, room 16 
tail 8
chksum 0x2d
csum 0x2d
v8b899c12
~ld


6.01
 0h00:03.023 2021/06/01T08:20:28z: DS3231
 0h00:03.038 2021/06/01T08:20:28z: BME280 (0x76)
 0h00:03.052 2021/06/01T08:20:28z: 10:52:1c:41:b0:6b
 0h00:03.054 2021/06/01T08:20:28z: SSID: purpleAir-aa9c
 0h00:03.059 2021/06/01T08:20:28z: AP_STAR tmr
 ets Jan  8 2013,rst cause:1, boot mode:(3,7)

load 0x4010f000, len 1384, room 16 
tail 8
chksum 0x2d
csum 0x2d
v8b899c12
~ld


6.01
 0h00:03.023 2021/06/01T08:40:24z: DS3231
 0h00:03.038 2021/06/01T08:40:24z: BME280 (0x76)
 0h00:03.052 2021/06/01T08:40:24z: 10:52:1c:41:b0:6b
 0h00:03.054 2021/06/01T08:40:24z: SSID: purpleAir-aa9c
 0h00:03.059 2021/06/01T08:40:24z: AP_STAR tmr
 ets Jan  8 2013,rst cause:1, boot mode:(3,7)

load 0x4010f000, len 1384, room 16 
tail 8
chksum 0x2d
csum 0x2d
v8b899c12
~ld


6.01
 0h00:03.020 2021/06/01T09:00:20z: DS3231
 0h00:03.035 2021/06/01T09:00:20z: BME280 (0x76)
 0h00:03.050 2021/06/01T09:00:20z: 10:52:1c:41:b0:6b
 0h00:03.051 2021/06/01T09:00:20z: SSID: purpleAir-aa9c
 0h00:03.056 2021/06/01T09:00:20z: AP_STAR tmr
 ets Jan  8 2013,rst cause:1, boot mode:(3,7)

load 0x4010f000, len 1384, room 16 
tail 8
chksum 0x2d
csum 0x2d
v8b899c12
~ld


6.01
 0h00:03.022 2021/06/01T09:20:16z: DS3231
 0h00:03.037 2021/06/01T09:20:16z: BME280 (0x76)
 0h00:03.051 2021/06/01T09:20:16z: 10:52:1c:41:b0:6b
 0h00:03.053 2021/06/01T09:20:16z: SSID: purpleAir-aa9c
 0h00:03.058 2021/06/01T09:20:16z: AP_STAR tmr
 ets Jan  8 2013,rst cause:1, boot mode:(3,7)

load 0x4010f000, len 1384, room 16 
tail 8
chksum 0x2d
csum 0x2d
v8b899c12
~ld


6.01
 0h00:03.025 2021/06/01T09:40:12z: DS3231
 0h00:03.040 2021/06/01T09:40:12z: BME280 (0x76)
 0h00:03.055 2021/06/01T09:40:12z: 10:52:1c:41:b0:6b
 0h00:03.056 2021/06/01T09:40:12z: SSID: purpleAir-aa9c
 0h00:03.061 2021/06/01T09:40:12z: AP_STAR tmr
 ets Jan  8 2013,rst cause:1, boot mode:(3,7)

load 0x4010f000, len 1384, room 16 
tail 8
chksum 0x2d
csum 0x2d
v8b899c12
~ld


6.01
 0h00:03.029 2021/06/01T10:00:08z: DS3231
 0h00:03.044 2021/06/01T10:00:09z: BME280 (0x76)
 0h00:03.058 2021/06/01T10:00:09z: 10:52:1c:41:b0:6b
 0h00:03.060 2021/06/01T10:00:09z: SSID: purpleAir-aa9c
 0h00:03.065 2021/06/01T10:00:09z: AP_STA