R tmr
 ets Jan  8 2013,rst cause:1, boot mode:(3,6)

load 0x4010f000, len 1384, room 16 
tail 8
chksum 0x2d
csum 0x2d
v8b899c12
~ld


6.01
 0h00:02.991 2021/05/12T10:48:56z: DS3231
 0h00:03.006 2021/05/12T10:48:56z: BME280 (0x76)
 0h00:03.020 2021/05/12T10:48:56z: 10:52:1c:4d:ae:9b
 0h00:03.022 2021/05/12T10:48:56z: SSID: Apollonia Students Halls
 0h00:03.027 2021/05/12T10:48:56z: AP_STAR tmr
 ets Jan  8 2013,rst cause:1, boot mode:(3,6)

load 0x4010f000, len 1384, room 16 
tail 8
chksum 0x2d
csum 0x2d
v8b899c12
~ld


6.01
 0h00:03.000 2021/05/12T11:08:52z: DS3231
 0h00:03.016 2021/05/12T11:08:53z: BME280 (0x76)
 0h00:03.030 2021/05/12T11:08:53z: 10:52:1c:4d:ae:9b
 0h00:03.032 2021/05/12T11:08:53z: SSID: Apollonia Students Halls
 0h00:03.037 2021/05/12T11:08:53z: AP_STAR tmr
 ets Jan  8 2013,rst cause:1, boot mode:(3,6)

load 0x4010f000, len 1384, room 16 
tail 8
chksum 0x2d
csum 0x2d
v8b899c12
~ld


6.01
 0h00:03.008 2021/05/12T11:28:49z: DS3231
 0h00:03.023 2021/05/12T11:28:49z: BME280 (0x76)
 0h00:03.037 2021/05/12T11:28:49z: 10:52:1c:4d:ae:9b
 0h00:03.039 2021/05/12T11:28:49z: SSID: Apollonia Students Halls
 0h00:03.044 2021/05/12T11:28:49z: AP_STAR tmr
 ets Jan  8 2013,rst cause:1, boot mode:(3,6)

load 0x4010f000, len 1384, room 16 
tail 8
chksum 0x2d
csum 0x2d
v8b899c12
~ld


6.01
 0h00:02.977 2021/05/12T11:48:44z: DS3231
 0h00:02.992 2021/05/12T11:48:44z: BME280 (0x76)
 0h00:03.007 2021/05/12T11:48:44z: 10:52:1c:4d:ae:9b
 0h00:03.008 2021/05/12T11:48:44z: SSID: Apollonia Students Halls
 0h00:03.013 2021/05/12T11:48:44z: AP_STAR tmr
 ets Jan  8 2013,rst cause:1, boot mode:(3,6)

load 0x4010f000, len 1384, room 16 
tail 8
chksum 0x2d
csum 0x2d
v8b899c12
~ld


6.01
 0h00:02.976 2021/05/12T12:08:40z: DS3231
 0h00:02.991 2021/05/12T12:08:40z: BME280 (0x76)
 0h00:03.005 2021/05/12T12:08:40z: 10:52:1c:4d:ae:9b
 0h00:03.007 2021/05/12T12:08:40z: SSID: Apollonia Students Halls
 0h00:03.012 2021/05/12T12:08:40z: AP_STAR tmr
 ets Jan  8 2013,rst cause:1, boot mode:(3,6)

load 0x4010f000, len 1384, room 16 
tail 8
chksum 0x2d
csum 0x2d
v8b899c12
~ld


6.01
 0h00:02.977 2021/05/12T12:28:37z: DS3231
 0h00:02.992 2021/05/12T12:28:37z: BME280 (0x76)
 0h00:03.006 2021/05/12T12:28:37z: 10:52:1c:4d:ae:9b
 0h00:03.008 2021/05/12T12:28:37z: SSID: Apollonia Students Halls
 0h00:03.013 2021/05/12T12:28:37z: AP_STAR tmr
 ets Jan  8 2013,rst cause:1, boot mode:(3,6)

load 0x4010f000, len 1384, room 16 
tail 8
chksum 0x2d
csum 0x2d
v8b899c12
~ld


6.01
 0h00:02.976 2021/05/12T12:48:33z: DS3231
 0h00:02.992 2021/05/12T12:48:33z: BME280 (0x76)
 0h00:03.006 2021/05/12T12:48:33z: 10:52:1c:4d:ae:9b
 0h00:03.007 2021/05/12T12:48:33z: SSID: Apollonia Students Halls
 0h00:03.013 2021/05/12T12:48:33z: AP_STAR tmr
 ets Jan  8 2013,rst cause:1, boot mode:(3,6)

load 0x4010f000, len 1384, room 16 
tail 8
chksum 0x2d
csum 0x2d
v8b899c12
~ld


6.01
 0h00:02.977 2021/05/12T13:08:29z: DS3231
 0h00:02.993 2021/05/12T13:08:29z: BME280 (0x76)
 0h00:03.007 2021/05/12T13:08:29z: 10:52:1c:4d:ae:9b
 0h00:03.009 2021/05/12T13:08:29z: SSID: Apollonia Students Halls
 0h00:03.014 2021/05/12T13:08:29z: AP_STAR tmr
 ets Jan  8 2013,rst cause:1, boot mode:(3,6)

load 0x4010f000, len 1384, room 16 
tail 8
chksum 0x2d
csum 0x2d
v8b899c12
~ld


6.01
 0h00:02.980 2021/05/12T13:28:25z: DS3231
 0h00:02.996 2021/05/12T13:28:25z: BME280 (0x76)
 0h00:03.010 2021/05/12T13:28:25z: 10:52:1c:4d:ae:9b
 0h00:03.012 2021/05/12T13:28:25z: SSID: Apollonia Students Halls
 0h00:03.017 2021/05/12T13:28:25z: AP_STAR tmr
 ets Jan  8 2013,rst cause:1, boot mode:(3,6)

load 0x4010f000, len 1384, room 16 
tail 8
chksum 0x2d
csum 0x2d
v8b899c12
~ld


6.01
 0h00:02.980 2021/05/12T13:48:21z: DS3231
 0h00:02.995 2021/05/12T13:48:21z: BME280 (0x76)
 0h00:03.009 2021/05/12T13:48:21z: 10:52:1c:4d:ae:9b
 0h00:03.011 2021/05/12T13:48:21z: SSID: Apollonia Students Halls
 0h00:03.016 2021/05/12T13:48:21z: AP_STAR tmr
 ets Jan  8 2013,rst cause:1, boot mode:(3,6)

load 0x4010f000, len 1384, room 16 
tail 8
chksum 0x2d
csum 0x2d
v8b899c12
~ld


6.01
 0h00:02.991 2021/05/12T14:08:17z: DS3231
 0h00:03.007 2021/05/12T14:08:17z: BME280 (0x76)
 0h00:03.021 2021/05/12T14:08:17z: 10:52:1c:4d:ae:9b
 0h00:03.023 2021/05/12T14:08:17z: SSID: Apollonia Students Halls
 0h00:03.028 2021/05/12T14:08:17z: AP_STAR tmr
 ets Jan  8 2013,rst cause:1, boot mode:(3,6)

load 0x4010f000, len 1384, room 16 
tail 8
chksum 0x2d
csum 0x2d
v8b899c12
~ld


6.01
 0h00:02.995 2021/05/12T14:28:13z: DS3231
 0h00:03.010 2021/05/12T14:28:13z: BME280 (0x76)
 0h00:03.024 2021/05/12T14:28:13z: 10:52:1c:4d:ae:9b
 0h00:03.026 2021/05/12T14:28:13z: SSID: Apollonia Students Halls
 0h00:03.031 2021/05/12T14:28:13z: AP_STAR tmr
 ets Jan  8 2013,rst cause:1, boot mode:(3,6)

load 0x4010f000, len 1384, room 16 
tail 8
chksum 0x2d
csum 0x2d
v8b899c12
~ld


6.01
 0h00:03.004 2021/05/12T14:48:09z: DS3231
 0h00:03.019 2021/05/12T14:48:09z: BME280 (0x76)
 0h00:03.033 2021/05/12T14:48:09z: 10:52:1c:4d:ae:9b
 0h00:03.035 2021/05/12T14:48:09z: SSID: Apollonia Students Halls
 0h00:03.040 2021/05/12T14:48:09z: AP_STAR tmr
 ets Jan  8 2013,rst cause:1, boot mode:(3,6)

load 0x4010f000, len 1384, room 16 
tail 8
chksum 0x2d
csum 0x2d
v8b899c12
~ld


6.01
 0h00:02.976 2021/05/12T15:08:05z: DS3231
 0h00:02.991 2021/05/12T15:08:05z: BME280 (0x76)
 0h00:03.006 2021/05/12T15:08:05z: 10:52:1c:4d:ae:9b
 0h00:03.007 2021/05/12T15:08:05z: SSID: Apollonia Students Halls
 0h00:03.013 2021/05/12T15:08:05z: AP_STAR tmr
 ets Jan  8 2013,rst cause:1, boot mode:(3,6)

load 0x4010f000, len 1384, room 16 
tail 8
chksum 0x2d
csum 0x2d
v8b899c12
~ld


6.01
 0h00:02.982 2021/05/12T15:28:01z: DS3231
 0h00:02.997 2021/05/12T15:28:01z: BME280 (0x76)
 0h00:03.012 2021/05/12T15:28:01z: 10:52:1c:4d:ae:9b
 0h00:03.013 2021/05/12T15:28:01z: SSID: Apollonia Students Halls
 0h00:03.019 2021/05/12T15:28:01z: AP_STAR tmr
 ets Jan  8 2013,rst cause:1, boot mode:(3,6)

load 0x4010f000, len 1384, room 16 
tail 8
chksum 0x2d
csum 0x2d
v8b899c12
~ld


6.01
 0h00:02.980 2021/05/12T15:47:57z: DS3231
 0h00:02.995 2021/05/12T15:47:57z: BME280 (0x76)
 0h00:03.009 2021/05/12T15:47:57z: 10:52:1c:4d:ae:9b
 0h00:03.011 2021/05/12T15:47:57z: SSID: Apollonia Students Halls
 0h00:03.016 2021/05/12T15:47:57z: AP_STAR tmr
 ets Jan  8 2013,rst cause:1, boot mode:(3,6)

load 0x4010f000, len 1384, room 16 
tail 8
chksum 0x2d
csum 0x2d
v8b899c12
~ld


6.01
 0h00:02.977 2021/05/12T16:07:53z: DS3231
 0h00:02.992 2021/05/12T16:07:53z: BME280 (0x76)
 0h00:03.006 2021/05/12T16:07:53z: 10:52:1c:4d:ae:9b
 0h00:03.008 2021/05/12T16:07:53z: SSID: Apollonia Students Halls
 0h00:03.013 2021/05/12T16:07:53z: AP_STAR tmr
 ets Jan  8 2013,rst cause:1, boot mode:(3,6)

load 0x4010f000, len 1384, room 16 
tail 8
chksum 0x2d
csum 0x2d
v8b899c12
~ld


6.01
 0h00:02.982 2021/05/12T16:27:49z: DS3231
 0h00:02.997 2021/05/12T16:27:49z: BME280 (0x76)
 0h00:03.011 2021/05/12T16:27:49z: 10:52:1c:4d:ae:9b
 0h00:03.013 2021/05/12T16:27:49z: SSID: Apollonia Students Halls
 0h00:03.018 2021/05/12T16:27:49z: AP_STAR tmr
 ets Jan  8 2013,rst cause:1, boot mode:(3,6)

load 0x4010f000, len 1384, room 16 
tail 8
chksum 0x2d
csum 0x2d
v8b899c12
~ld


6.01
 0h00:02.988 2021/05/12T16:47:45z: DS3231
 0h00:03.003 2021/05/12T16:47:45z: BME280 (0x76)
 0h00:03.017 2021/05/12T16:47:45z: 10:52:1c:4d:ae:9b
 0h00:03.019 2021/05/12T16:47:45z: SSID: Apollonia Students Halls
 0h00:03.024 2021/05/12T16:47:45z: AP_STAR tmr
 ets Jan  8 2013,rst cause:1, boot mode:(3,6)

load 0x4010f000, len 1384, room 16 
tail 8
chksum 0x2d
csum 0x2d
v8b899c12
~ld


6.01
 0h00:02.993 2021/05/12T17:07:41z: DS3231
 0h00:03.008 2021/05/12T17:07:41z: BME280 (0x76)
 0h00:03.023 2021/05/12T17:07:41z: 10:52:1c:4d:ae:9b
 0h00:03.024 2021/05/12T17:07:41z: SSID: Apollonia Students Halls
 0h00:03.029 2021/05/12T17:07:41z: AP_STAR tmr
 ets Jan  8 2013,rst cause:1, boot mode:(3,6)

load 0x4010f000, len 1384, room 16 
tail 8
chksum 0x2d
csum 0x2d
v8b899c12
~ld


6.01
 0h00:03.002 2021/05/12T17:27:37z: DS3231
 0h00:03.017 2021/05/12T17:27:37z: BME280 (0x76)
 0h00:03.032 2021/05/12T17:27:37z: 10:52:1c:4d:ae:9b
 0h00:03.033 2021/05/12T17:27:37z: SSID: Apollonia Students Halls
 0h00:03.038 2021/05/12T17:27:37z: AP_STAR tmr
 ets Jan  8 2013,rst cause:1, boot mode:(3,6)

load 0x4010f000, len 1384, room 16 
tail 8
chksum 0x2d
csum 0x2d
v8b899c12
~ld


6.01
 0h00:02.974 2021/05/12T17:47:33z: DS3231
 0h00:02.990 2021/05/12T17:47:33z: BME280 (0x76)
 0h00:03.004 2021/05/12T17:47:33z: 10:52:1c:4d:ae:9b
 0h00:03.006 2021/05/12T17:47:33z: SSID: Apollonia Students Halls
 0h00:03.011 2021/05/12T17:47:33z: AP_STAR tmr
 ets Jan  8 2013,rst cause:1, boot mode:(3,6)

load 0x4010f000, len 1384, room 16 
tail 8
chksum 0x2d
csum 0x2d
v8b899c12
~ld


6.01
 0h00:02.977 2021/05/12T18:07:29z: DS3231
 0h00:02.992 2021/05/12T18:07:29z: BME280 (0x76)
 0h00:03.007 2021/05/12T18:07:29z: 10:52:1c:4d:ae:9b
 0h00:03.008 2021/05/12T18:07:29z: SSID: Apollonia Students Halls
 0h00:03.013 2021/05/12T18:07:29z: AP_STAR tmr
 ets Jan  8 2013,rst cause:1, boot mode:(3,6)

load 0x4010f000, len 1384, room 16 
tail 8
chksum 0x2d
csum 0x2d
v8b899c12
~ld


6.01
 0h00:02.976 2021/05/12T18:27:25z: DS3231
 0h00:02.992 2021/05/12T18:27:25z: BME280 (0x76)
 0h00:03.006 2021/05/12T18:27:25z: 10:52:1c:4d:ae:9b
 0h00:03.007 2021/05/12T18:27:25z: SSID: Apollonia Students Halls
 0h00:03.013 2021/05/12T18:27:25z: AP_STAR tmr
 ets Jan  8 2013,rst cause:1, boot mode:(3,6)

load 0x4010f000, len 1384, room 16 
tail 8
chksum 0x2d
csum 0x2d
v8b899c12
~ld


6.01
 0h00:02.974 2021/05/12T18:47:22z: DS3231
 0h00:02.989 2021/05/12T18:47:22z: BME280 (0x76)
 0h00:03.003 2021/05/12T18:47:22z: 10:52:1c:4d:ae:9b
 0h00:03.005 2021/05/12T18:47:22z: SSID: Apollonia Students Halls
 0h00:03.010 2021/05/12T18:47:22z: AP_STAR tmr
 ets Jan  8 2013,rst cause:1, boot mode:(3,6)

load 0x4010f000, len 1384, room 16 
tail 8
chksum 0x2d
csum 0x2d
v8b899c12
~ld


6.01
 0h00:02.977 2021/05/12T19:07:17z: DS3231
 0h00:02.992 2021/05/12T19:07:17z: BME280 (0x76)
 0h00:03.006 2021/05/12T19:07:17z: 10:52:1c:4d:ae:9b
 0h00:03.008 2021/05/12T19:07:17z: SSID: Apollonia Students Halls
 0h00:03.013 2021/05/12T19:07:17z: AP_STAR tmr
 ets Jan  8 2013,rst cause:1, boot mode:(3,6)

load 0x4010f000, len 1384, room 16 
tail 8
chksum 0x2d
csum 0x2d
v8b899c12
~ld


6.01
 0h00:02.983 2021/05/12T19:27:13z: DS3231
 0h00:02.999 2021/05/12T19:27:13z: BME280 (0x76)
 0h00:03.013 2021/05/12T19:27:13z: 10:52:1c:4d:ae:9b
 0h00:03.015 2021/05/12T19:27:13z: SSID: Apollonia Students Halls
 0h00:03.020 2021/05/12T19:27:13z: AP_STAR tmr
 ets Jan  8 2013,rst cause:1, boot mode:(3,6)

load 0x4010f000, len 1384, room 16 
tail 8
chksum 0x2d
csum 0x2d
v8b899c12
~ld


6.01
 0h00:02.996 2021/05/12T19:47:09z: DS3231
 0h00:03.011 2021/05/12T19:47:09z: BME280 (0x76)
 0h00:03.025 2021/05/12T19:47:09z: 10:52:1c:4d:ae:9b
 0h00:03.027 2021/05/12T19:47:09z: SSID: Apollonia Students Halls
 0h00:03.032 2021/05/12T19:47:09z: AP_STAR tmr
 ets Jan  8 2013,rst cause:1, boot mode:(3,6)

load 0x4010f000, len 1384, room 16 
tail 8
chksum 0x2d
csum 0x2d
v8b899c12
~ld


6.01
 0h00:03.001 2021/05/12T20:07:05z: DS3231
 0h00:03.016 2021/05/12T20:07:05z: BME280 (0x76)
 0h00:03.030 2021/05/12T20:07:05z: 10:52:1c:4d:ae:9b
 0h00:03.032 2021/05/12T20:07:05z: SSID: Apollonia Students Halls
 0h00:03.037 2021/05/12T20:07:05z: AP_STAR tmr
 ets Jan  8 2013,rst cause:1, boot mode:(3,6)

load 0x4010f000, len 1384, room 16 
tail 8
chksum 0x2d
csum 0x2d
v8b899c12
~ld


6.01
 0h00:02.974 2021/05/12T20:27:01z: DS3231
 0h00:02.989 2021/05/12T20:27:01z: BME280 (0x76)
 0h00:03.004 2021/05/12T20:27:01z: 10:52:1c:4d:ae:9b
 0h00:03.005 2021/05/12T20:27:01z: SSID: Apollonia Students Halls
 0h00:03.010 2021/05/12T20:27:01z: AP_STAR tmr
 ets Jan  8 2013,rst cause:1, boot mode:(3,6)

load 0x4010f000, len 1384, room 16 
tail 8
chksum 0x2d
csum 0x2d
v8b899c12
~ld


6.01
 0h00:02.977 2021/05/12T20:46:57z: DS3231
 0h00:02.992 2021/05/12T20:46:57z: BME280 (0x76)
 0h00:03.007 2021/05/12T20:46:57z: 10:52:1c:4d:ae:9b
 0h00:03.008 2021/05/12T20:46:57z: SSID: Apollonia Students Halls
 0h00:03.013 2021/05/12T20:46:57z: AP_STAR tmr
 ets Jan  8 2013,rst cause:1, boot mode:(3,6)

load 0x4010f000, len 1384, room 16 
tail 8
chksum 0x2d
csum 0x2d
v8b899c12
~ld


6.01
 0h00:02.974 2021/05/12T21:06:53z: DS3231
 0h00:02.989 2021/05/12T21:06:53z: BME280 (0x76)
 0h00:03.003 2021/05/12T21:06:53z: 10:52:1c:4d:ae:9b
 0h00:03.005 2021/05/12T21:06:53z: SSID: Apollonia Students Halls
 0h00:03.010 2021/05/12T21:06:53z: AP_STAR tmr
 ets Jan  8 2013,rst cause:1, boot mode:(3,6)

load 0x4010f000, len 1384, room 16 
tail 8
chksum 0x2d
csum 0x2d
v8b899c12
~ld


6.01
 0h00:02.981 2021/05/12T21:26:50z: DS3231
 0h00:02.997 2021/05/12T21:26:50z: BME280 (0x76)
 0h00:03.011 2021/05/12T21:26:50z: 10:52:1c:4d:ae:9b
 0h00:03.012 2021/05/12T21:26:50z: SSID: Apollonia Students Halls
 0h00:03.018 2021/05/12T21:26:50z: AP_STAR tmr
 ets Jan  8 2013,rst cause:1, boot mode:(3,6)

load 0x4010f000, len 1384, room 16 
tail 8
chksum 0x2d
csum 0x2d
v8b899c12
~ld


6.01
 0h00:02.987 2021/05/12T21:46:45z: DS3231
 0h00:03.003 2021/05/12T21:46:45z: BME280 (0x76)
 0h00:03.017 2021/05/12T21:46:45z: 10:52:1c:4d:ae:9b
 0h00:03.019 2021/05/12T21:46:45z: SSID: Apollonia Students Halls
 0h00:03.024 2021/05/12T21:46:45z: AP_STAR tmr
 ets Jan  8 2013,rst cause:1, boot mode:(3,6)

load 0x4010f000, len 1384, room 16 
tail 8
chksum 0x2d
csum 0x2d
v8b899c12
~ld


6.01
 0h00:02.988 2021/05/12T22:06:41z: DS3231
 0h00:03.004 2021/05/12T22:06:41z: BME280 (0x76)
 0h00:03.018 2021/05/12T22:06:41z: 10:52:1c:4d:ae:9b
 0h00:03.019 2021/05/12T22:06:41z: SSID: Apollonia Students Halls
 0h00:03.025 2021/05/12T22:06:41z: AP_STAR tmr
 ets Jan  8 2013,rst cause:1, boot mode:(3,6)

load 0x4010f000, len 1384, room 16 
tail 8
chksum 0x2d
csum 0x2d
v8b899c12
~ld


6.01
 0h00:02.988 2021/05/12T22:26:38z: DS3231
 0h00:03.003 2021/05/12T22:26:38z: BME280 (0x76)
 0h00:03.017 2021/05/12T22:26:38z: 10:52:1c:4d:ae:9b
 0h00:03.019 2021/05/12T22:26:38z: SSID: Apollonia Students Halls
 0h00:03.024 2021/05/12T22:26:38z: AP_STAR tmr
 ets Jan  8 2013,rst cause:1, boot mode:(3,6)

load 0x4010f000, len 1384, room 16 
tail 8
chksum 0x2d
csum 0x2d
v8b899c12
~ld


6.01
 0h00:03.002 2021/05/12T22:46:35z: DS3231
 0h00:03.017 2021/05/12T22:46:35z: BME280 (0x76)
 0h00:03.031 2021/05/12T22:46:35z: 10:52:1c:4d:ae:9b
 0h00:03.033 2021/05/12T22:46:35z: SSID: Apollonia Students Halls
 0h00:03.038 2021/05/12T22:46:35z: AP_STAR tmr
 ets Jan  8 2013,rst cause:1, boot mode:(3,6)

load 0x4010f000, len 1384, room 16 
tail 8
chksum 0x2d
csum 0x2d
v8b899c12
~ld


6.01
 0h00:02.978 2021/05/12T23:06:31z: DS3231
 0h00:02.993 2021/05/12T23:06:31z: BME280 (0x76)
 0h00:03.007 2021/05/12T23:06:31z: 10:52:1c:4d:ae:9b
 0h00:03.009 2021/05/12T23:06:31z: SSID: Apollonia Students Halls
 0h00:03.014 2021/05/12T23:06:31z: AP_STAR tmr
 ets Jan  8 2013,rst cause:1, boot mode:(3,6)

load 0x4010f000, len 1384, room 16 
tail 8
chksum 0x2d
csum 0x2d
v8b899c12
~ld


6.01
 0h00:02.977 2021/05/12T23:26:28z: DS3231
 0h00:02.993 2021/05/12T23:26:28z: BME280 (0x76)
 0h00:03.007 2021/05/12T23:26:28z: 10:52:1c:4d:ae:9b
 0h00:03.008 2021/05/12T23:26:28z: SSID: Apollonia Students Halls
 0h00:03.014 2021/05/12T23:26:28z: AP_STAR tmr
 ets Jan  8 2013,rst cause:1, boot mode:(3,6)

load 0x4010f000, len 1384, room 16 
tail 8
chksum 0x2d
csum 0x2d
v8b899c12
~ld


6.01
 0h00:02.977 2021/05/12T23:46:24z: DS3231
 0h00:02.993 2021/05/12T23:46:24z: BME280 (0x76)
 0h00:03.007 2021/05/12T23:46:24z: 10:52:1c:4d:ae:9b
 0h00:03.009 2021/05/12T23:46:24z: SSID: Apollonia Students Halls
 0h00:03.014 2021/05/12T23:46:24z: AP_STA