R tmr
 ets Jan  8 2013,rst cause:1, boot mode:(3,7)

load 0x4010f000, len 1384, room 16 
tail 8
chksum 0x2d
csum 0x2d
v8b899c12
~ld


6.01
 0h00:03.022 2021/05/14T00:04:15z: DS3231
 0h00:03.037 2021/05/14T00:04:15z: BME280 (0x76)
 0h00:03.051 2021/05/14T00:04:15z: 10:52:1c:4d:86:b6
 0h00:03.053 2021/05/14T00:04:15z: SSID: Apollonia Students Halls
 0h00:03.058 2021/05/14T00:04:15z: AP_STAR tmr
 ets Jan  8 2013,rst cause:1, boot mode:(3,7)

load 0x4010f000, len 1384, room 16 
tail 8
chksum 0x2d
csum 0x2d
v8b899c12
~ld


6.01
 0h00:03.031 2021/05/14T00:24:12z: DS3231
 0h00:03.047 2021/05/14T00:24:13z: BME280 (0x76)
 0h00:03.061 2021/05/14T00:24:13z: 10:52:1c:4d:86:b6
 0h00:03.062 2021/05/14T00:24:13z: SSID: Apollonia Students Halls
 0h00:03.068 2021/05/14T00:24:13z: AP_STAR tmr
 ets Jan  8 2013,rst cause:1, boot mode:(3,7)

load 0x4010f000, len 1384, room 16 
tail 8
chksum 0x2d
csum 0x2d
v8b899c12
~ld


6.01
 0h00:03.036 2021/05/14T00:44:09z: DS3231
 0h00:03.051 2021/05/14T00:44:09z: BME280 (0x76)
 0h00:03.066 2021/05/14T00:44:09z: 10:52:1c:4d:86:b6
 0h00:03.067 2021/05/14T00:44:09z: SSID: Apollonia Students Halls
 0h00:03.072 2021/05/14T00:44:09z: AP_STAR tmr
 ets Jan  8 2013,rst cause:1, boot mode:(3,7)

load 0x4010f000, len 1384, room 16 
tail 8
chksum 0x2d
csum 0x2d
v8b899c12
~ld


6.01
 0h00:03.040 2021/05/14T01:04:05z: DS3231
 0h00:03.055 2021/05/14T01:04:06z: BME280 (0x76)
 0h00:03.069 2021/05/14T01:04:06z: 10:52:1c:4d:86:b6
 0h00:03.071 2021/05/14T01:04:06z: SSID: Apollonia Students Halls
 0h00:03.076 2021/05/14T01:04:06z: AP_STAR tmr
 ets Jan  8 2013,rst cause:1, boot mode:(3,7)

load 0x4010f000, len 1384, room 16 
tail 8
chksum 0x2d
csum 0x2d
v8b899c12
~ld


6.01
 0h00:03.020 2021/05/14T01:24:03z: DS3231
 0h00:03.035 2021/05/14T01:24:03z: BME280 (0x76)
 0h00:03.049 2021/05/14T01:24:03z: 10:52:1c:4d:86:b6
 0h00:03.051 2021/05/14T01:24:03z: SSID: Apollonia Students Halls
 0h00:03.056 2021/05/14T01:24:03z: AP_STAR tmr
 ets Jan  8 2013,rst cause:1, boot mode:(3,7)

load 0x4010f000, len 1384, room 16 
tail 8
chksum 0x2d
csum 0x2d
v8b899c12
~ld


6.01
 0h00:03.022 2021/05/14T01:44:00z: DS3231
 0h00:03.037 2021/05/14T01:44:00z: BME280 (0x76)
 0h00:03.051 2021/05/14T01:44:00z: 10:52:1c:4d:86:b6
 0h00:03.053 2021/05/14T01:44:00z: SSID: Apollonia Students Halls
 0h00:03.058 2021/05/14T01:44:00z: AP_STAR tmr
 ets Jan  8 2013,rst cause:1, boot mode:(3,7)

load 0x4010f000, len 1384, room 16 
tail 8
chksum 0x2d
csum 0x2d
v8b899c12
~ld


6.01
 0h00:03.019 2021/05/14T02:03:56z: DS3231
 0h00:03.034 2021/05/14T02:03:56z: BME280 (0x76)
 0h00:03.048 2021/05/14T02:03:56z: 10:52:1c:4d:86:b6
 0h00:03.050 2021/05/14T02:03:56z: SSID: Apollonia Students Halls
 0h00:03.055 2021/05/14T02:03:56z: AP_STAR tmr
 ets Jan  8 2013,rst cause:1, boot mode:(3,7)

load 0x4010f000, len 1384, room 16 
tail 8
chksum 0x2d
csum 0x2d
v8b899c12
~ld


6.01
 0h00:03.021 2021/05/14T02:23:52z: DS3231
 0h00:03.036 2021/05/14T02:23:52z: BME280 (0x76)
 0h00:03.050 2021/05/14T02:23:52z: 10:52:1c:4d:86:b6
 0h00:03.052 2021/05/14T02:23:52z: SSID: Apollonia Students Halls
 0h00:03.057 2021/05/14T02:23:52z: AP_STAR tmr
 ets Jan  8 2013,rst cause:1, boot mode:(3,7)

load 0x4010f000, len 1384, room 16 
tail 8
chksum 0x2d
csum 0x2d
v8b899c12
~ld


6.01
 0h00:03.025 2021/05/14T02:43:49z: DS3231
 0h00:03.041 2021/05/14T02:43:49z: BME280 (0x76)
 0h00:03.055 2021/05/14T02:43:49z: 10:52:1c:4d:86:b6
 0h00:03.056 2021/05/14T02:43:49z: SSID: Apollonia Students Halls
 0h00:03.062 2021/05/14T02:43:49z: AP_STAR tmr
 ets Jan  8 2013,rst cause:1, boot mode:(3,7)

load 0x4010f000, len 1384, room 16 
tail 8
chksum 0x2d
csum 0x2d
v8b899c12
~ld


6.01
 0h00:03.033 2021/05/14T03:03:45z: DS3231
 0h00:03.048 2021/05/14T03:03:45z: BME280 (0x76)
 0h00:03.062 2021/05/14T03:03:45z: 10:52:1c:4d:86:b6
 0h00:03.064 2021/05/14T03:03:45z: SSID: Apollonia Students Halls
 0h00:03.069 2021/05/14T03:03:45z: AP_STAR tmr
 ets Jan  8 2013,rst cause:1, boot mode:(3,7)

load 0x4010f000, len 1384, room 16 
tail 8
chksum 0x2d
csum 0x2d
v8b899c12
~ld


6.01
 0h00:03.042 2021/05/14T03:23:42z: DS3231
 0h00:03.057 2021/05/14T03:23:42z: BME280 (0x76)
 0h00:03.072 2021/05/14T03:23:42z: 10:52:1c:4d:86:b6
 0h00:03.073 2021/05/14T03:23:42z: SSID: Apollonia Students Halls
 0h00:03.078 2021/05/14T03:23:42z: AP_STAR tmr
 ets Jan  8 2013,rst cause:1, boot mode:(3,7)

load 0x4010f000, len 1384, room 16 
tail 8
chksum 0x2d
csum 0x2d
v8b899c12
~ld


6.01
 0h00:03.056 2021/05/14T03:43:39z: DS3231
 0h00:03.071 2021/05/14T03:43:39z: BME280 (0x76)
 0h00:03.085 2021/05/14T03:43:39z: 10:52:1c:4d:86:b6
 0h00:03.087 2021/05/14T03:43:39z: SSID: Apollonia Students Halls
 0h00:03.092 2021/05/14T03:43:39z: AP_STAR tmr
 ets Jan  8 2013,rst cause:1, boot mode:(3,7)

load 0x4010f000, len 1384, room 16 
tail 8
chksum 0x2d
csum 0x2d
v8b899c12
~ld


6.01
 0h00:03.022 2021/05/14T04:03:35z: DS3231
 0h00:03.037 2021/05/14T04:03:35z: BME280 (0x76)
 0h00:03.051 2021/05/14T04:03:35z: 10:52:1c:4d:86:b6
 0h00:03.053 2021/05/14T04:03:35z: SSID: Apollonia Students Halls
 0h00:03.058 2021/05/14T04:03:35z: AP_STAR tmr
 ets Jan  8 2013,rst cause:1, boot mode:(3,7)

load 0x4010f000, len 1384, room 16 
tail 8
chksum 0x2d
csum 0x2d
v8b899c12
~ld


6.01
 0h00:03.023 2021/05/14T04:23:31z: DS3231
 0h00:03.038 2021/05/14T04:23:31z: BME280 (0x76)
 0h00:03.052 2021/05/14T04:23:31z: 10:52:1c:4d:86:b6
 0h00:03.054 2021/05/14T04:23:31z: SSID: Apollonia Students Halls
 0h00:03.059 2021/05/14T04:23:31z: AP_STAR tmr
 ets Jan  8 2013,rst cause:1, boot mode:(3,7)

load 0x4010f000, len 1384, room 16 
tail 8
chksum 0x2d
csum 0x2d
v8b899c12
~ld


6.01
 0h00:03.032 2021/05/14T04:43:28z: DS3231
 0h00:03.048 2021/05/14T04:43:28z: BME280 (0x76)
 0h00:03.062 2021/05/14T04:43:28z: 10:52:1c:4d:86:b6
 0h00:03.063 2021/05/14T04:43:28z: SSID: Apollonia Students Halls
 0h00:03.069 2021/05/14T04:43:28z: AP_STAR tmr
 ets Jan  8 2013,rst cause:1, boot mode:(3,7)

load 0x4010f000, len 1384, room 16 
tail 8
chksum 0x2d
csum 0x2d
v8b899c12
~ld


6.01
 0h00:03.020 2021/05/14T05:03:24z: DS3231
 0h00:03.035 2021/05/14T05:03:24z: BME280 (0x76)
 0h00:03.050 2021/05/14T05:03:24z: 10:52:1c:4d:86:b6
 0h00:03.051 2021/05/14T05:03:24z: SSID: Apollonia Students Halls
 0h00:03.056 2021/05/14T05:03:24z: AP_STAR tmr
 ets Jan  8 2013,rst cause:1, boot mode:(3,7)

load 0x4010f000, len 1384, room 16 
tail 8
chksum 0x2d
csum 0x2d
v8b899c12
~ld


6.01
 0h00:03.022 2021/05/14T05:23:21z: DS3231
 0h00:03.037 2021/05/14T05:23:21z: BME280 (0x76)
 0h00:03.051 2021/05/14T05:23:21z: 10:52:1c:4d:86:b6
 0h00:03.053 2021/05/14T05:23:21z: SSID: Apollonia Students Halls
 0h00:03.058 2021/05/14T05:23:21z: AP_STAR tmr
 ets Jan  8 2013,rst cause:1, boot mode:(3,7)

load 0x4010f000, len 1384, room 16 
tail 8
chksum 0x2d
csum 0x2d
v8b899c12
~ld


6.01
 0h00:03.032 2021/05/14T05:43:18z: DS3231
 0h00:03.047 2021/05/14T05:43:18z: BME280 (0x76)
 0h00:03.062 2021/05/14T05:43:18z: 10:52:1c:4d:86:b6
 0h00:03.063 2021/05/14T05:43:18z: SSID: Apollonia Students Halls
 0h00:03.068 2021/05/14T05:43:18z: AP_STAR tmr
 ets Jan  8 2013,rst cause:1, boot mode:(3,7)

load 0x4010f000, len 1384, room 16 
tail 8
chksum 0x2d
csum 0x2d
v8b899c12
~ld


6.01
 0h00:03.045 2021/05/14T06:03:14z: DS3231
 0h00:03.060 2021/05/14T06:03:14z: BME280 (0x76)
 0h00:03.074 2021/05/14T06:03:14z: 10:52:1c:4d:86:b6
 0h00:03.076 2021/05/14T06:03:14z: SSID: Apollonia Students Halls
 0h00:03.081 2021/05/14T06:03:14z: AP_STAR tmr
 ets Jan  8 2013,rst cause:1, boot mode:(3,7)

load 0x4010f000, len 1384, room 16 
tail 8
chksum 0x2d
csum 0x2d
v8b899c12
~ld


6.01
 0h00:03.056 2021/05/14T06:23:10z: DS3231
 0h00:03.071 2021/05/14T06:23:10z: BME280 (0x76)
 0h00:03.085 2021/05/14T06:23:10z: 10:52:1c:4d:86:b6
 0h00:03.087 2021/05/14T06:23:10z: SSID: Apollonia Students Halls
 0h00:03.092 2021/05/14T06:23:10z: AP_STAR tmr
 ets Jan  8 2013,rst cause:1, boot mode:(3,7)

load 0x4010f000, len 1384, room 16 
tail 8
chksum 0x2d
csum 0x2d
v8b899c12
~ld


6.01
 0h00:03.030 2021/05/14T06:43:06z: DS3231
 0h00:03.045 2021/05/14T06:43:06z: BME280 (0x76)
 0h00:03.060 2021/05/14T06:43:06z: 10:52:1c:4d:86:b6
 0h00:03.061 2021/05/14T06:43:06z: SSID: Apollonia Students Halls
 0h00:03.066 2021/05/14T06:43:06z: AP_STAR tmr
 ets Jan  8 2013,rst cause:1, boot mode:(3,7)

load 0x4010f000, len 1384, room 16 
tail 8
chksum 0x2d
csum 0x2d
v8b899c12
~ld


6.01
 0h00:03.020 2021/05/14T07:03:03z: DS3231
 0h00:03.035 2021/05/14T07:03:03z: BME280 (0x76)
 0h00:03.049 2021/05/14T07:03:03z: 10:52:1c:4d:86:b6
 0h00:03.051 2021/05/14T07:03:03z: SSID: Apollonia Students Halls
 0h00:03.056 2021/05/14T07:03:03z: AP_STAR tmr
 ets Jan  8 2013,rst cause:1, boot mode:(3,7)

load 0x4010f000, len 1384, room 16 
tail 8
chksum 0x2d
csum 0x2d
v8b899c12
~ld


6.01
 0h00:03.025 2021/05/14T07:22:59z: DS3231
 0h00:03.041 2021/05/14T07:22:59z: BME280 (0x76)
 0h00:03.055 2021/05/14T07:22:59z: 10:52:1c:4d:86:b6
 0h00:03.056 2021/05/14T07:22:59z: SSID: Apollonia Students Halls
 0h00:03.062 2021/05/14T07:22:59z: AP_STAR tmr
 ets Jan  8 2013,rst cause:1, boot mode:(3,7)

load 0x4010f000, len 1384, room 16 
tail 8
chksum 0x2d
csum 0x2d
v8b899c12
~ld


6.01
 0h00:03.027 2021/05/14T07:42:55z: DS3231
 0h00:03.043 2021/05/14T07:42:55z: BME280 (0x76)
 0h00:03.057 2021/05/14T07:42:55z: 10:52:1c:4d:86:b6
 0h00:03.059 2021/05/14T07:42:55z: SSID: Apollonia Students Halls
 0h00:03.064 2021/05/14T07:42:55z: AP_STAR tmr
 ets Jan  8 2013,rst cause:1, boot mode:(3,7)

load 0x4010f000, len 1384, room 16 
tail 8
chksum 0x2d
csum 0x2d
v8b899c12
~ld


6.01
 0h00:03.036 2021/05/14T08:02:51z: DS3231
 0h00:03.051 2021/05/14T08:02:51z: BME280 (0x76)
 0h00:03.065 2021/05/14T08:02:51z: 10:52:1c:4d:86:b6
 0h00:03.067 2021/05/14T08:02:51z: SSID: Apollonia Students Halls
 0h00:03.072 2021/05/14T08:02:51z: AP_STAR tmr
 ets Jan  8 2013,rst cause:1, boot mode:(3,7)

load 0x4010f000, len 1384, room 16 
tail 8
chksum 0x2d
csum 0x2d
v8b899c12
~ld


6.01
 0h00:03.035 2021/05/14T08:22:46z: DS3231
 0h00:03.050 2021/05/14T08:22:46z: BME280 (0x76)
 0h00:03.064 2021/05/14T08:22:46z: 10:52:1c:4d:86:b6
 0h00:03.066 2021/05/14T08:22:46z: SSID: Apollonia Students Halls
 0h00:03.071 2021/05/14T08:22:46z: AP_STAR tmr
 ets Jan  8 2013,rst cause:1, boot mode:(3,7)

load 0x4010f000, len 1384, room 16 
tail 8
chksum 0x2d
csum 0x2d
v8b899c12
~ld


6.01
 0h00:03.043 2021/05/14T08:42:43z: DS3231
 0h00:03.059 2021/05/14T08:42:43z: BME280 (0x76)
 0h00:03.073 2021/05/14T08:42:43z: 10:52:1c:4d:86:b6
 0h00:03.075 2021/05/14T08:42:43z: SSID: Apollonia Students Halls
 0h00:03.080 2021/05/14T08:42:43z: AP_STAR tmr
 ets Jan  8 2013,rst cause:1, boot mode:(3,7)

load 0x4010f000, len 1384, room 16 
tail 8
chksum 0x2d
csum 0x2d
v8b899c12
~ld


6.01
 0h00:03.053 2021/05/14T09:02:39z: DS3231
 0h00:03.069 2021/05/14T09:02:39z: BME280 (0x76)
 0h00:03.083 2021/05/14T09:02:39z: 10:52:1c:4d:86:b6
 0h00:03.084 2021/05/14T09:02:39z: SSID: Apollonia Students Halls
 0h00:03.090 2021/05/14T09:02:39z: AP_STAR tmr
 ets Jan  8 2013,rst cause:1, boot mode:(3,7)

load 0x4010f000, len 1384, room 16 
tail 8
chksum 0x2d
csum 0x2d
v8b899c12
~ld


6.01
 0h00:03.027 2021/05/14T09:22:36z: DS3231
 0h00:03.042 2021/05/14T09:22:36z: BME280 (0x76)
 0h00:03.057 2021/05/14T09:22:36z: 10:52:1c:4d:86:b6
 0h00:03.058 2021/05/14T09:22:36z: SSID: Apollonia Students Halls
 0h00:03.063 2021/05/14T09:22:36z: AP_STAR tmr
 ets Jan  8 2013,rst cause:1, boot mode:(3,7)

load 0x4010f000, len 1384, room 16 
tail 8
chksum 0x2d
csum 0x2d
v8b899c12
~ld


6.01
 0h00:03.023 2021/05/14T09:42:32z: DS3231
 0h00:03.038 2021/05/14T09:42:32z: BME280 (0x76)
 0h00:03.053 2021/05/14T09:42:32z: 10:52:1c:4d:86:b6
 0h00:03.054 2021/05/14T09:42:32z: SSID: Apollonia Students Halls
 0h00:03.059 2021/05/14T09:42:32z: AP_STAR tmr
 ets Jan  8 2013,rst cause:1, boot mode:(3,7)

load 0x4010f000, len 1384, room 16 
tail 8
chksum 0x2d
csum 0x2d
v8b899c12
~ld


6.01
 0h00:03.032 2021/05/14T10:02:28z: DS3231
 0h00:03.048 2021/05/14T10:02:28z: BME280 (0x76)
 0h00:03.062 2021/05/14T10:02:28z: 10:52:1c:4d:86:b6
 0h00:03.064 2021/05/14T10:02:28z: SSID: Apollonia Students Halls
 0h00:03.069 2021/05/14T10:02:28z: AP_STA