R tmr
 ets Jan  8 2013,rst cause:1, boot mode:(3,6)

load 0x4010f000, len 1384, room 16 
tail 8
chksum 0x2d
csum 0x2d
v8b899c12
~ld


6.01
 0h00:03.051 2021/05/21T00:03:09z: DS3231
 0h00:03.066 2021/05/21T00:03:09z: BME280 (0x76)
 0h00:03.081 2021/05/21T00:03:09z: 10:52:1c:4c:86:4
 0h00:03.082 2021/05/21T00:03:09z: SSID: Apollonia Students Halls
 0h00:03.087 2021/05/21T00:03:09z: AP_STAR tmr
 ets Jan  8 2013,rst cause:1, boot mode:(3,6)

load 0x4010f000, len 1384, room 16 
tail 8
chksum 0x2d
csum 0x2d
v8b899c12
~ld


6.01
 0h00:03.058 2021/05/21T00:23:06z: DS3231
 0h00:03.073 2021/05/21T00:23:06z: BME280 (0x76)
 0h00:03.087 2021/05/21T00:23:06z: 10:52:1c:4c:86:4
 0h00:03.089 2021/05/21T00:23:06z: SSID: Apollonia Students Halls
 0h00:03.094 2021/05/21T00:23:06z: AP_STAR tmr
 ets Jan  8 2013,rst cause:1, boot mode:(3,6)

load 0x4010f000, len 1384, room 16 
tail 8
chksum 0x2d
csum 0x2d
v8b899c12
~ld


6.01
 0h00:03.067 2021/05/21T00:43:02z: DS3231
 0h00:03.082 2021/05/21T00:43:02z: BME280 (0x76)
 0h00:03.096 2021/05/21T00:43:02z: 10:52:1c:4c:86:4
 0h00:03.098 2021/05/21T00:43:02z: SSID: Apollonia Students Halls
 0h00:03.103 2021/05/21T00:43:02z: AP_STAR tmr
 ets Jan  8 2013,rst cause:1, boot mode:(3,6)

load 0x4010f000, len 1384, room 16 
tail 8
chksum 0x2d
csum 0x2d
v8b899c12
~ld


6.01
 0h00:03.034 2021/05/21T01:02:58z: DS3231
 0h00:03.049 2021/05/21T01:02:58z: BME280 (0x76)
 0h00:03.063 2021/05/21T01:02:58z: 10:52:1c:4c:86:4
 0h00:03.065 2021/05/21T01:02:58z: SSID: Apollonia Students Halls
 0h00:03.070 2021/05/21T01:02:58z: AP_STAR tmr
 ets Jan  8 2013,rst cause:1, boot mode:(3,6)

load 0x4010f000, len 1384, room 16 
tail 8
chksum 0x2d
csum 0x2d
v8b899c12
~ld


6.01
 0h00:03.035 2021/05/21T01:22:54z: DS3231
 0h00:03.050 2021/05/21T01:22:54z: BME280 (0x76)
 0h00:03.065 2021/05/21T01:22:54z: 10:52:1c:4c:86:4
 0h00:03.066 2021/05/21T01:22:54z: SSID: Apollonia Students Halls
 0h00:03.071 2021/05/21T01:22:54z: AP_STAR tmr
 ets Jan  8 2013,rst cause:1, boot mode:(3,6)

load 0x4010f000, len 1384, room 16 
tail 8
chksum 0x2d
csum 0x2d
v8b899c12
~ld


6.01
 0h00:03.038 2021/05/21T01:42:50z: DS3231
 0h00:03.054 2021/05/21T01:42:50z: BME280 (0x76)
 0h00:03.068 2021/05/21T01:42:50z: 10:52:1c:4c:86:4
 0h00:03.070 2021/05/21T01:42:50z: SSID: Apollonia Students Halls
 0h00:03.075 2021/05/21T01:42:50z: AP_STAR tmr
 ets Jan  8 2013,rst cause:1, boot mode:(3,6)

load 0x4010f000, len 1384, room 16 
tail 8
chksum 0x2d
csum 0x2d
v8b899c12
~ld


6.01
 0h00:03.038 2021/05/21T02:02:46z: DS3231
 0h00:03.053 2021/05/21T02:02:46z: BME280 (0x76)
 0h00:03.068 2021/05/21T02:02:46z: 10:52:1c:4c:86:4
 0h00:03.069 2021/05/21T02:02:46z: SSID: Apollonia Students Halls
 0h00:03.074 2021/05/21T02:02:46z: AP_STAR tmr
 ets Jan  8 2013,rst cause:1, boot mode:(3,6)

load 0x4010f000, len 1384, room 16 
tail 8
chksum 0x2d
csum 0x2d
v8b899c12
~ld


6.01
 0h00:03.046 2021/05/21T02:22:42z: DS3231
 0h00:03.061 2021/05/21T02:22:42z: BME280 (0x76)
 0h00:03.075 2021/05/21T02:22:42z: 10:52:1c:4c:86:4
 0h00:03.077 2021/05/21T02:22:42z: SSID: Apollonia Students Halls
 0h00:03.082 2021/05/21T02:22:42z: AP_STAR tmr
 ets Jan  8 2013,rst cause:1, boot mode:(3,6)

load 0x4010f000, len 1384, room 16 
tail 8
chksum 0x2d
csum 0x2d
v8b899c12
~ld


6.01
 0h00:03.048 2021/05/21T02:42:38z: DS3231
 0h00:03.063 2021/05/21T02:42:38z: BME280 (0x76)
 0h00:03.077 2021/05/21T02:42:38z: 10:52:1c:4c:86:4
 0h00:03.079 2021/05/21T02:42:38z: SSID: Apollonia Students Halls
 0h00:03.084 2021/05/21T02:42:38z: AP_STAR tmr
 ets Jan  8 2013,rst cause:1, boot mode:(3,6)

load 0x4010f000, len 1384, room 16 
tail 8
chksum 0x2d
csum 0x2d
v8b899c12
~ld


6.01
 0h00:03.059 2021/05/21T03:02:34z: DS3231
 0h00:03.074 2021/05/21T03:02:34z: BME280 (0x76)
 0h00:03.088 2021/05/21T03:02:34z: 10:52:1c:4c:86:4
 0h00:03.090 2021/05/21T03:02:34z: SSID: Apollonia Students Halls
 0h00:03.095 2021/05/21T03:02:34z: AP_STAR tmr
 ets Jan  8 2013,rst cause:1, boot mode:(3,6)

load 0x4010f000, len 1384, room 16 
tail 8
chksum 0x2d
csum 0x2d
v8b899c12
~ld


6.01
 0h00:03.061 2021/05/21T03:22:30z: DS3231
 0h00:03.076 2021/05/21T03:22:30z: BME280 (0x76)
 0h00:03.090 2021/05/21T03:22:30z: 10:52:1c:4c:86:4
 0h00:03.092 2021/05/21T03:22:30z: SSID: Apollonia Students Halls
 0h00:03.097 2021/05/21T03:22:30z: AP_STAR tmr
 ets Jan  8 2013,rst cause:1, boot mode:(3,6)

load 0x4010f000, len 1384, room 16 
tail 8
chksum 0x2d
csum 0x2d
v8b899c12
~ld


6.01
 0h00:03.032 2021/05/21T03:42:26z: DS3231
 0h00:03.047 2021/05/21T03:42:26z: BME280 (0x76)
 0h00:03.061 2021/05/21T03:42:26z: 10:52:1c:4c:86:4
 0h00:03.063 2021/05/21T03:42:26z: SSID: Apollonia Students Halls
 0h00:03.068 2021/05/21T03:42:26z: AP_STAR tmr
 ets Jan  8 2013,rst cause:1, boot mode:(3,6)

load 0x4010f000, len 1384, room 16 
tail 8
chksum 0x2d
csum 0x2d
v8b899c12
~ld


6.01
 0h00:03.037 2021/05/21T04:02:23z: DS3231
 0h00:03.052 2021/05/21T04:02:23z: BME280 (0x76)
 0h00:03.066 2021/05/21T04:02:23z: 10:52:1c:4c:86:4
 0h00:03.068 2021/05/21T04:02:23z: SSID: Apollonia Students Halls
 0h00:03.073 2021/05/21T04:02:23z: AP_STAR tmr
 ets Jan  8 2013,rst cause:1, boot mode:(3,6)

load 0x4010f000, len 1384, room 16 
tail 8
chksum 0x2d
csum 0x2d
v8b899c12
~ld


6.01
 0h00:03.037 2021/05/21T04:22:19z: DS3231
 0h00:03.052 2021/05/21T04:22:19z: BME280 (0x76)
 0h00:03.066 2021/05/21T04:22:19z: 10:52:1c:4c:86:4
 0h00:03.068 2021/05/21T04:22:19z: SSID: Apollonia Students Halls
 0h00:03.073 2021/05/21T04:22:19z: AP_STAR tmr
 ets Jan  8 2013,rst cause:1, boot mode:(3,6)

load 0x4010f000, len 1384, room 16 
tail 8
chksum 0x2d
csum 0x2d
v8b899c12
~ld


6.01
 0h00:03.039 2021/05/21T04:42:16z: DS3231
 0h00:03.054 2021/05/21T04:42:16z: BME280 (0x76)
 0h00:03.068 2021/05/21T04:42:16z: 10:52:1c:4c:86:4
 0h00:03.070 2021/05/21T04:42:16z: SSID: Apollonia Students Halls
 0h00:03.075 2021/05/21T04:42:16z: AP_STAR tmr
 ets Jan  8 2013,rst cause:1, boot mode:(3,6)

load 0x4010f000, len 1384, room 16 
tail 8
chksum 0x2d
csum 0x2d
v8b899c12
~ld


6.01
 0h00:03.040 2021/05/21T05:02:12z: DS3231
 0h00:03.056 2021/05/21T05:02:12z: BME280 (0x76)
 0h00:03.070 2021/05/21T05:02:12z: 10:52:1c:4c:86:4
 0h00:03.071 2021/05/21T05:02:12z: SSID: Apollonia Students Halls
 0h00:03.077 2021/05/21T05:02:12z: AP_STAR tmr
 ets Jan  8 2013,rst cause:1, boot mode:(3,6)

load 0x4010f000, len 1384, room 16 
tail 8
chksum 0x2d
csum 0x2d
v8b899c12
~ld


6.01
 0h00:03.039 2021/05/21T05:22:08z: DS3231
 0h00:03.055 2021/05/21T05:22:08z: BME280 (0x76)
 0h00:03.069 2021/05/21T05:22:08z: 10:52:1c:4c:86:4
 0h00:03.070 2021/05/21T05:22:08z: SSID: Apollonia Students Halls
 0h00:03.076 2021/05/21T05:22:08z: AP_STAR tmr
 ets Jan  8 2013,rst cause:1, boot mode:(3,6)

load 0x4010f000, len 1384, room 16 
tail 8
chksum 0x2d
csum 0x2d
v8b899c12
~ld


6.01
 0h00:03.047 2021/05/21T05:42:04z: DS3231
 0h00:03.063 2021/05/21T05:42:04z: BME280 (0x76)
 0h00:03.077 2021/05/21T05:42:04z: 10:52:1c:4c:86:4
 0h00:03.078 2021/05/21T05:42:04z: SSID: Apollonia Students Halls
 0h00:03.084 2021/05/21T05:42:04z: AP_STAR tmr
 ets Jan  8 2013,rst cause:1, boot mode:(3,6)

load 0x4010f000, len 1384, room 16 
tail 8
chksum 0x2d
csum 0x2d
v8b899c12
~ld


6.01
 0h00:03.053 2021/05/21T06:02:00z: DS3231
 0h00:03.068 2021/05/21T06:02:00z: BME280 (0x76)
 0h00:03.083 2021/05/21T06:02:00z: 10:52:1c:4c:86:4
 0h00:03.084 2021/05/21T06:02:00z: SSID: Apollonia Students Halls
 0h00:03.089 2021/05/21T06:02:00z: AP_STAR tmr
 ets Jan  8 2013,rst cause:1, boot mode:(3,6)

load 0x4010f000, len 1384, room 16 
tail 8
chksum 0x2d
csum 0x2d
v8b899c12
~ld


6.01
 0h00:03.056 2021/05/21T06:21:57z: DS3231
 0h00:03.071 2021/05/21T06:21:57z: BME280 (0x76)
 0h00:03.086 2021/05/21T06:21:57z: 10:52:1c:4c:86:4
 0h00:03.087 2021/05/21T06:21:57z: SSID: Apollonia Students Halls
 0h00:03.092 2021/05/21T06:21:57z: AP_STAR tmr
 ets Jan  8 2013,rst cause:1, boot mode:(3,6)

load 0x4010f000, len 1384, room 16 
tail 8
chksum 0x2d
csum 0x2d
v8b899c12
~ld


6.01
 0h00:03.060 2021/05/21T06:41:53z: DS3231
 0h00:03.075 2021/05/21T06:41:53z: BME280 (0x76)
 0h00:03.089 2021/05/21T06:41:53z: 10:52:1c:4c:86:4
 0h00:03.091 2021/05/21T06:41:53z: SSID: Apollonia Students Halls
 0h00:03.096 2021/05/21T06:41:53z: AP_STAR tmr
 ets Jan  8 2013,rst cause:1, boot mode:(3,6)

load 0x4010f000, len 1384, room 16 
tail 8
chksum 0x2d
csum 0x2d
v8b899c12
~ld


6.01
 0h00:03.035 2021/05/21T07:01:50z: DS3231
 0h00:03.050 2021/05/21T07:01:50z: BME280 (0x76)
 0h00:03.064 2021/05/21T07:01:50z: 10:52:1c:4c:86:4
 0h00:03.066 2021/05/21T07:01:50z: SSID: Apollonia Students Halls
 0h00:03.071 2021/05/21T07:01:50z: AP_STAR tmr
 ets Jan  8 2013,rst cause:1, boot mode:(3,6)

load 0x4010f000, len 1384, room 16 
tail 8
chksum 0x2d
csum 0x2d
v8b899c12
~ld


6.01
 0h00:03.040 2021/05/21T07:21:47z: DS3231
 0h00:03.055 2021/05/21T07:21:47z: BME280 (0x76)
 0h00:03.069 2021/05/21T07:21:47z: 10:52:1c:4c:86:4
 0h00:03.071 2021/05/21T07:21:47z: SSID: Apollonia Students Halls
 0h00:03.076 2021/05/21T07:21:47z: AP_STAR tmr
 ets Jan  8 2013,rst cause:1, boot mode:(3,6)

load 0x4010f000, len 1384, room 16 
tail 8
chksum 0x2d
csum 0x2d
v8b899c12
~ld


6.01
 0h00:03.038 2021/05/21T07:41:43z: DS3231
 0h00:03.053 2021/05/21T07:41:43z: BME280 (0x76)
 0h00:03.067 2021/05/21T07:41:43z: 10:52:1c:4c:86:4
 0h00:03.069 2021/05/21T07:41:43z: SSID: Apollonia Students Halls
 0h00:03.074 2021/05/21T07:41:43z: AP_STAR tmr
 ets Jan  8 2013,rst cause:1, boot mode:(3,6)

load 0x4010f000, len 1384, room 16 
tail 8
chksum 0x2d
csum 0x2d
v8b899c12
~ld


6.01
 0h00:03.038 2021/05/21T08:01:39z: DS3231
 0h00:03.053 2021/05/21T08:01:39z: BME280 (0x76)
 0h00:03.067 2021/05/21T08:01:39z: 10:52:1c:4c:86:4
 0h00:03.069 2021/05/21T08:01:39z: SSID: Apollonia Students Halls
 0h00:03.074 2021/05/21T08:01:39z: AP_STAR tmr
 ets Jan  8 2013,rst cause:1, boot mode:(3,6)

load 0x4010f000, len 1384, room 16 
tail 8
chksum 0x2d
csum 0x2d
v8b899c12
~ld


6.01
 0h00:03.039 2021/05/21T08:21:35z: DS3231
 0h00:03.054 2021/05/21T08:21:35z: BME280 (0x76)
 0h00:03.069 2021/05/21T08:21:35z: 10:52:1c:4c:86:4
 0h00:03.070 2021/05/21T08:21:35z: SSID: Apollonia Students Halls
 0h00:03.075 2021/05/21T08:21:35z: AP_STAR tmr
 ets Jan  8 2013,rst cause:1, boot mode:(3,6)

load 0x4010f000, len 1384, room 16 
tail 8
chksum 0x2d
csum 0x2d
v8b899c12
~ld


6.01
 0h00:03.045 2021/05/21T08:41:32z: DS3231
 0h00:03.061 2021/05/21T08:41:32z: BME280 (0x76)
 0h00:03.075 2021/05/21T08:41:32z: 10:52:1c:4c:86:4
 0h00:03.076 2021/05/21T08:41:32z: SSID: Apollonia Students Halls
 0h00:03.082 2021/05/21T08:41:32z: AP_STAR tmr
 ets Jan  8 2013,rst cause:1, boot mode:(3,6)

load 0x4010f000, len 1384, room 16 
tail 8
chksum 0x2d
csum 0x2d
v8b899c12
~ld


6.01
 0h00:03.057 2021/05/21T09:01:28z: DS3231
 0h00:03.072 2021/05/21T09:01:28z: BME280 (0x76)
 0h00:03.087 2021/05/21T09:01:28z: 10:52:1c:4c:86:4
 0h00:03.088 2021/05/21T09:01:28z: SSID: Apollonia Students Halls
 0h00:03.093 2021/05/21T09:01:28z: AP_STAR tmr
 ets Jan  8 2013,rst cause:1, boot mode:(3,6)

load 0x4010f000, len 1384, room 16 
tail 8
chksum 0x2d
csum 0x2d
v8b899c12
~ld


6.01
 0h00:03.048 2021/05/21T09:21:24z: DS3231
 0h00:03.063 2021/05/21T09:21:24z: BME280 (0x76)
 0h00:03.077 2021/05/21T09:21:24z: 10:52:1c:4c:86:4
 0h00:03.079 2021/05/21T09:21:24z: SSID: Apollonia Students Halls
 0h00:03.084 2021/05/21T09:21:24z: AP_STAR tmr
 ets Jan  8 2013,rst cause:1, boot mode:(3,6)

load 0x4010f000, len 1384, room 16 
tail 8
chksum 0x2d
csum 0x2d
v8b899c12
~ld


6.01
 0h00:03.053 2021/05/21T09:41:21z: DS3231
 0h00:03.068 2021/05/21T09:41:21z: BME280 (0x76)
 0h00:03.083 2021/05/21T09:41:21z: 10:52:1c:4c:86:4
 0h00:03.084 2021/05/21T09:41:21z: SSID: Apollonia Students Halls
 0h00:03.089 2021/05/21T09:41:21z: AP_STAR tmr
 ets Jan  8 2013,rst cause:1, boot mode:(3,6)

load 0x4010f000, len 1384, room 16 
tail 8
chksum 0x2d
csum 0x2d
v8b899c12
~ld


6.01
 0h00:03.062 2021/05/21T10:01:17z: DS3231
 0h00:03.077 2021/05/21T10:01:17z: BME280 (0x76)
 0h00:03.091 2021/05/21T10:01:17z: 10:52:1c:4c:86:4
 0h00:03.093 2021/05/21T10:01:17z: SSID: Apollonia Students Halls
 0h00:03.098 2021/05/21T10:01:17z: AP_STA