R tmr
 ets Jan  8 2013,rst cause:1, boot mode:(3,6)

load 0x4010f000, len 1384, room 16 
tail 8
chksum 0x2d
csum 0x2d
v8b899c12
~ld


6.01
 0h00:03.006 2021/05/18T00:07:05z: DS3231
 0h00:03.021 2021/05/18T00:07:05z: BME280 (0x76)
 0h00:03.035 2021/05/18T00:07:05z: 10:52:1c:4d:ae:9b
 0h00:03.037 2021/05/18T00:07:05z: SSID: Apollonia Students Halls
 0h00:03.042 2021/05/18T00:07:05z: AP_STAR tmr
 ets Jan  8 2013,rst cause:1, boot mode:(3,6)

load 0x4010f000, len 1384, room 16 
tail 8
chksum 0x2d
csum 0x2d
v8b899c12
~ld


6.01
 0h00:02.979 2021/05/18T00:27:02z: DS3231
 0h00:02.994 2021/05/18T00:27:02z: BME280 (0x76)
 0h00:03.008 2021/05/18T00:27:02z: 10:52:1c:4d:ae:9b
 0h00:03.010 2021/05/18T00:27:02z: SSID: Apollonia Students Halls
 0h00:03.015 2021/05/18T00:27:02z: AP_STAR tmr
 ets Jan  8 2013,rst cause:1, boot mode:(3,6)

load 0x4010f000, len 1384, room 16 
tail 8
chksum 0x2d
csum 0x2d
v8b899c12
~ld


6.01
 0h00:02.980 2021/05/18T00:46:58z: DS3231
 0h00:02.996 2021/05/18T00:46:58z: BME280 (0x76)
 0h00:03.010 2021/05/18T00:46:58z: 10:52:1c:4d:ae:9b
 0h00:03.011 2021/05/18T00:46:58z: SSID: Apollonia Students Halls
 0h00:03.017 2021/05/18T00:46:58z: AP_STAR tmr
 ets Jan  8 2013,rst cause:1, boot mode:(3,6)

load 0x4010f000, len 1384, room 16 
tail 8
chksum 0x2d
csum 0x2d
v8b899c12
~ld


6.01
 0h00:02.980 2021/05/18T01:06:53z: DS3231
 0h00:02.995 2021/05/18T01:06:53z: BME280 (0x76)
 0h00:03.009 2021/05/18T01:06:53z: 10:52:1c:4d:ae:9b
 0h00:03.011 2021/05/18T01:06:53z: SSID: Apollonia Students Halls
 0h00:03.016 2021/05/18T01:06:53z: AP_STAR tmr
 ets Jan  8 2013,rst cause:1, boot mode:(3,6)

load 0x4010f000, len 1384, room 16 
tail 8
chksum 0x2d
csum 0x2d
v8b899c12
~ld


6.01
 0h00:02.980 2021/05/18T01:26:49z: DS3231
 0h00:02.996 2021/05/18T01:26:49z: BME280 (0x76)
 0h00:03.010 2021/05/18T01:26:49z: 10:52:1c:4d:ae:9b
 0h00:03.012 2021/05/18T01:26:49z: SSID: Apollonia Students Halls
 0h00:03.017 2021/05/18T01:26:49z: AP_STAR tmr
 ets Jan  8 2013,rst cause:1, boot mode:(3,6)

load 0x4010f000, len 1384, room 16 
tail 8
chksum 0x2d
csum 0x2d
v8b899c12
~ld


6.01
 0h00:02.980 2021/05/18T01:46:45z: DS3231
 0h00:02.995 2021/05/18T01:46:45z: BME280 (0x76)
 0h00:03.010 2021/05/18T01:46:45z: 10:52:1c:4d:ae:9b
 0h00:03.011 2021/05/18T01:46:45z: SSID: Apollonia Students Halls
 0h00:03.016 2021/05/18T01:46:45z: AP_STAR tmr
 ets Jan  8 2013,rst cause:1, boot mode:(3,6)

load 0x4010f000, len 1384, room 16 
tail 8
chksum 0x2d
csum 0x2d
v8b899c12
~ld


6.01
 0h00:02.992 2021/05/18T02:06:42z: DS3231
 0h00:03.007 2021/05/18T02:06:42z: BME280 (0x76)
 0h00:03.022 2021/05/18T02:06:42z: 10:52:1c:4d:ae:9b
 0h00:03.023 2021/05/18T02:06:42z: SSID: Apollonia Students Halls
 0h00:03.028 2021/05/18T02:06:42z: AP_STAR tmr
 ets Jan  8 2013,rst cause:1, boot mode:(3,6)

load 0x4010f000, len 1384, room 16 
tail 8
chksum 0x2d
csum 0x2d
v8b899c12
~ld


6.01
 0h00:03.000 2021/05/18T02:26:38z: DS3231
 0h00:03.015 2021/05/18T02:26:38z: BME280 (0x76)
 0h00:03.029 2021/05/18T02:26:38z: 10:52:1c:4d:ae:9b
 0h00:03.031 2021/05/18T02:26:38z: SSID: Apollonia Students Halls
 0h00:03.036 2021/05/18T02:26:38z: AP_STAR tmr
 ets Jan  8 2013,rst cause:1, boot mode:(3,6)

load 0x4010f000, len 1384, room 16 
tail 8
chksum 0x2d
csum 0x2d
v8b899c12
~ld


6.01
 0h00:03.010 2021/05/18T02:46:33z: DS3231
 0h00:03.025 2021/05/18T02:46:33z: BME280 (0x76)
 0h00:03.039 2021/05/18T02:46:33z: 10:52:1c:4d:ae:9b
 0h00:03.041 2021/05/18T02:46:33z: SSID: Apollonia Students Halls
 0h00:03.046 2021/05/18T02:46:33z: AP_STAR tmr
 ets Jan  8 2013,rst cause:1, boot mode:(3,6)

load 0x4010f000, len 1384, room 16 
tail 8
chksum 0x2d
csum 0x2d
v8b899c12
~ld


6.01
 0h00:02.982 2021/05/18T03:06:29z: DS3231
 0h00:02.997 2021/05/18T03:06:29z: BME280 (0x76)
 0h00:03.011 2021/05/18T03:06:29z: 10:52:1c:4d:ae:9b
 0h00:03.013 2021/05/18T03:06:29z: SSID: Apollonia Students Halls
 0h00:03.018 2021/05/18T03:06:29z: AP_STAR tmr
 ets Jan  8 2013,rst cause:1, boot mode:(3,6)

load 0x4010f000, len 1384, room 16 
tail 8
chksum 0x2d
csum 0x2d
v8b899c12
~ld


6.01
 0h00:02.983 2021/05/18T03:26:25z: DS3231
 0h00:02.998 2021/05/18T03:26:25z: BME280 (0x76)
 0h00:03.012 2021/05/18T03:26:26z: 10:52:1c:4d:ae:9b
 0h00:03.014 2021/05/18T03:26:26z: SSID: Apollonia Students Halls
 0h00:03.019 2021/05/18T03:26:26z: AP_STAR tmr
 ets Jan  8 2013,rst cause:1, boot mode:(3,6)

load 0x4010f000, len 1384, room 16 
tail 8
chksum 0x2d
csum 0x2d
v8b899c12
~ld


6.01
 0h00:02.979 2021/05/18T03:46:21z: DS3231
 0h00:02.994 2021/05/18T03:46:21z: BME280 (0x76)
 0h00:03.008 2021/05/18T03:46:21z: 10:52:1c:4d:ae:9b
 0h00:03.010 2021/05/18T03:46:21z: SSID: Apollonia Students Halls
 0h00:03.015 2021/05/18T03:46:21z: AP_STAR tmr
 ets Jan  8 2013,rst cause:1, boot mode:(3,6)

load 0x4010f000, len 1384, room 16 
tail 8
chksum 0x2d
csum 0x2d
v8b899c12
~ld


6.01
 0h00:02.981 2021/05/18T04:06:18z: DS3231
 0h00:02.997 2021/05/18T04:06:18z: BME280 (0x76)
 0h00:03.011 2021/05/18T04:06:18z: 10:52:1c:4d:ae:9b
 0h00:03.012 2021/05/18T04:06:18z: SSID: Apollonia Students Halls
 0h00:03.018 2021/05/18T04:06:18z: AP_STAR tmr
 ets Jan  8 2013,rst cause:1, boot mode:(3,6)

load 0x4010f000, len 1384, room 16 
tail 8
chksum 0x2d
csum 0x2d
v8b899c12
~ld


6.01
 0h00:02.984 2021/05/18T04:26:14z: DS3231
 0h00:02.999 2021/05/18T04:26:14z: BME280 (0x76)
 0h00:03.013 2021/05/18T04:26:14z: 10:52:1c:4d:ae:9b
 0h00:03.015 2021/05/18T04:26:14z: SSID: Apollonia Students Halls
 0h00:03.020 2021/05/18T04:26:14z: AP_STAR tmr
 ets Jan  8 2013,rst cause:1, boot mode:(3,6)

load 0x4010f000, len 1384, room 16 
tail 8
chksum 0x2d
csum 0x2d
v8b899c12
~ld


6.01
 0h00:02.993 2021/05/18T04:46:09z: DS3231
 0h00:03.008 2021/05/18T04:46:09z: BME280 (0x76)
 0h00:03.022 2021/05/18T04:46:09z: 10:52:1c:4d:ae:9b
 0h00:03.024 2021/05/18T04:46:09z: SSID: Apollonia Students Halls
 0h00:03.029 2021/05/18T04:46:09z: AP_STAR tmr
 ets Jan  8 2013,rst cause:1, boot mode:(3,6)

load 0x4010f000, len 1384, room 16 
tail 8
chksum 0x2d
csum 0x2d
v8b899c12
~ld


6.01
 0h00:03.000 2021/05/18T05:06:05z: DS3231
 0h00:03.015 2021/05/18T05:06:05z: BME280 (0x76)
 0h00:03.029 2021/05/18T05:06:05z: 10:52:1c:4d:ae:9b
 0h00:03.031 2021/05/18T05:06:05z: SSID: Apollonia Students Halls
 0h00:03.036 2021/05/18T05:06:05z: AP_STAR tmr
 ets Jan  8 2013,rst cause:1, boot mode:(3,6)

load 0x4010f000, len 1384, room 16 
tail 8
chksum 0x2d
csum 0x2d
v8b899c12
~ld


6.01
 0h00:03.010 2021/05/18T05:26:01z: DS3231
 0h00:03.025 2021/05/18T05:26:01z: BME280 (0x76)
 0h00:03.039 2021/05/18T05:26:01z: 10:52:1c:4d:ae:9b
 0h00:03.041 2021/05/18T05:26:01z: SSID: Apollonia Students Halls
 0h00:03.046 2021/05/18T05:26:01z: AP_STAR tmr
 ets Jan  8 2013,rst cause:1, boot mode:(3,6)

load 0x4010f000, len 1384, room 16 
tail 8
chksum 0x2d
csum 0x2d
v8b899c12
~ld


6.01
 0h00:02.983 2021/05/18T05:45:57z: DS3231
 0h00:02.998 2021/05/18T05:45:57z: BME280 (0x76)
 0h00:03.012 2021/05/18T05:45:57z: 10:52:1c:4d:ae:9b
 0h00:03.014 2021/05/18T05:45:57z: SSID: Apollonia Students Halls
 0h00:03.019 2021/05/18T05:45:57z: AP_STAR tmr
 ets Jan  8 2013,rst cause:1, boot mode:(3,6)

load 0x4010f000, len 1384, room 16 
tail 8
chksum 0x2d
csum 0x2d
v8b899c12
~ld


6.01
 0h00:02.989 2021/05/18T06:05:53z: DS3231
 0h00:03.004 2021/05/18T06:05:53z: BME280 (0x76)
 0h00:03.018 2021/05/18T06:05:53z: 10:52:1c:4d:ae:9b
 0h00:03.020 2021/05/18T06:05:53z: SSID: Apollonia Students Halls
 0h00:03.025 2021/05/18T06:05:53z: AP_STAR tmr
 ets Jan  8 2013,rst cause:1, boot mode:(3,6)

load 0x4010f000, len 1384, room 16 
tail 8
chksum 0x2d
csum 0x2d
v8b899c12
~ld


6.01
 0h00:02.984 2021/05/18T06:25:49z: DS3231
 0h00:02.999 2021/05/18T06:25:49z: BME280 (0x76)
 0h00:03.013 2021/05/18T06:25:49z: 10:52:1c:4d:ae:9b
 0h00:03.015 2021/05/18T06:25:49z: SSID: Apollonia Students Halls
 0h00:03.020 2021/05/18T06:25:49z: AP_STAR tmr
 ets Jan  8 2013,rst cause:1, boot mode:(3,6)

load 0x4010f000, len 1384, room 16 
tail 8
chksum 0x2d
csum 0x2d
v8b899c12
~ld


6.01
 0h00:02.981 2021/05/18T06:45:45z: DS3231
 0h00:02.997 2021/05/18T06:45:45z: BME280 (0x76)
 0h00:03.011 2021/05/18T06:45:45z: 10:52:1c:4d:ae:9b
 0h00:03.013 2021/05/18T06:45:45z: SSID: Apollonia Students Halls
 0h00:03.018 2021/05/18T06:45:45z: AP_STAR tmr
 ets Jan  8 2013,rst cause:1, boot mode:(3,6)

load 0x4010f000, len 1384, room 16 
tail 8
chksum 0x2d
csum 0x2d
v8b899c12
~ld


6.01
 0h00:02.989 2021/05/18T07:05:41z: DS3231
 0h00:03.004 2021/05/18T07:05:41z: BME280 (0x76)
 0h00:03.018 2021/05/18T07:05:41z: 10:52:1c:4d:ae:9b
 0h00:03.020 2021/05/18T07:05:41z: SSID: Apollonia Students Halls
 0h00:03.025 2021/05/18T07:05:41z: AP_STAR tmr
 ets Jan  8 2013,rst cause:1, boot mode:(3,6)

load 0x4010f000, len 1384, room 16 
tail 8
chksum 0x2d
csum 0x2d
v8b899c12
~ld


6.01
 0h00:02.994 2021/05/18T07:25:37z: DS3231
 0h00:03.009 2021/05/18T07:25:37z: BME280 (0x76)
 0h00:03.024 2021/05/18T07:25:37z: 10:52:1c:4d:ae:9b
 0h00:03.025 2021/05/18T07:25:37z: SSID: Apollonia Students Halls
 0h00:03.030 2021/05/18T07:25:37z: AP_STAR tmr
 ets Jan  8 2013,rst cause:1, boot mode:(3,6)

load 0x4010f000, len 1384, room 16 
tail 8
chksum 0x2d
csum 0x2d
v8b899c12
~ld


6.01
 0h00:03.003 2021/05/18T07:45:33z: DS3231
 0h00:03.019 2021/05/18T07:45:33z: BME280 (0x76)
 0h00:03.033 2021/05/18T07:45:33z: 10:52:1c:4d:ae:9b
 0h00:03.034 2021/05/18T07:45:33z: SSID: Apollonia Students Halls
 0h00:03.040 2021/05/18T07:45:33z: AP_STAR tmr
 ets Jan  8 2013,rst cause:1, boot mode:(3,6)

load 0x4010f000, len 1384, room 16 
tail 8
chksum 0x2d
csum 0x2d
v8b899c12
~ld


6.01
 0h00:03.019 2021/05/18T08:05:29z: DS3231
 0h00:03.034 2021/05/18T08:05:29z: BME280 (0x76)
 0h00:03.048 2021/05/18T08:05:29z: 10:52:1c:4d:ae:9b
 0h00:03.050 2021/05/18T08:05:29z: SSID: Apollonia Students Halls
 0h00:03.055 2021/05/18T08:05:29z: AP_STAR tmr
 ets Jan  8 2013,rst cause:1, boot mode:(3,6)

load 0x4010f000, len 1384, room 16 
tail 8
chksum 0x2d
csum 0x2d
v8b899c12
~ld


6.01
 0h00:02.983 2021/05/18T08:25:25z: DS3231
 0h00:02.998 2021/05/18T08:25:25z: BME280 (0x76)
 0h00:03.012 2021/05/18T08:25:25z: 10:52:1c:4d:ae:9b
 0h00:03.014 2021/05/18T08:25:25z: SSID: Apollonia Students Halls
 0h00:03.019 2021/05/18T08:25:25z: AP_STAR tmr
 ets Jan  8 2013,rst cause:1, boot mode:(3,6)

load 0x4010f000, len 1384, room 16 
tail 8
chksum 0x2d
csum 0x2d
v8b899c12
~ld


6.01
 0h00:02.983 2021/05/18T08:45:21z: DS3231
 0h00:02.998 2021/05/18T08:45:21z: BME280 (0x76)
 0h00:03.012 2021/05/18T08:45:21z: 10:52:1c:4d:ae:9b
 0h00:03.014 2021/05/18T08:45:21z: SSID: Apollonia Students Halls
 0h00:03.019 2021/05/18T08:45:21z: AP_STAR tmr
 ets Jan  8 2013,rst cause:1, boot mode:(3,6)

load 0x4010f000, len 1384, room 16 
tail 8
chksum 0x2d
csum 0x2d
v8b899c12
~ld


6.01
 0h00:02.988 2021/05/18T09:05:17z: DS3231
 0h00:03.004 2021/05/18T09:05:17z: BME280 (0x76)
 0h00:03.018 2021/05/18T09:05:17z: 10:52:1c:4d:ae:9b
 0h00:03.019 2021/05/18T09:05:17z: SSID: Apollonia Students Halls
 0h00:03.025 2021/05/18T09:05:17z: AP_STAR tmr
 ets Jan  8 2013,rst cause:1, boot mode:(3,6)

load 0x4010f000, len 1384, room 16 
tail 8
chksum 0x2d
csum 0x2d
v8b899c12
~ld


6.01
 0h00:02.991 2021/05/18T09:25:13z: DS3231
 0h00:03.006 2021/05/18T09:25:13z: BME280 (0x76)
 0h00:03.021 2021/05/18T09:25:13z: 10:52:1c:4d:ae:9b
 0h00:03.022 2021/05/18T09:25:13z: SSID: Apollonia Students Halls
 0h00:03.027 2021/05/18T09:25:13z: AP_STAR tmr
 ets Jan  8 2013,rst cause:1, boot mode:(3,6)

load 0x4010f000, len 1384, room 16 
tail 8
chksum 0x2d
csum 0x2d
v8b899c12
~ld


6.01
 0h00:02.999 2021/05/18T09:45:09z: DS3231
 0h00:03.014 2021/05/18T09:45:09z: BME280 (0x76)
 0h00:03.028 2021/05/18T09:45:09z: 10:52:1c:4d:ae:9b
 0h00:03.030 2021/05/18T09:45:09z: SSID: Apollonia Students Halls
 0h00:03.035 2021/05/18T09:45:09z: AP_STAR tmr
 ets Jan  8 2013,rst cause:1, boot mode:(3,6)

load 0x4010f000, len 1384, room 16 
tail 8
chksum 0x2d
csum 0x2d
v8b899c12
~ld


6.01
 0h00:03.007 2021/05/18T10:05:05z: DS3231
 0h00:03.023 2021/05/18T10:05:05z: BME280 (0x76)
 0h00:03.037 2021/05/18T10:05:05z: 10:52:1c:4d:ae:9b
 0h00:03.039 2021/05/18T10:05:05z: SSID: Apollonia Students Halls
 0h00:03.044 2021/05/18T10:05:05z: AP_STAR tmr
 ets Jan  8 2013,rst cause:1, boot mode:(3,6)

load 0x4010f000, len 1384, room 16 
tail 8
chksum 0x2d
csum 0x2d
v8b899c12
~ld


6.01
 0h00:02.983 2021/05/18T10:25:01z: DS3231
 0h00:02.999 2021/05/18T10:25:01z: BME280 (0x76)
 0h00:03.013 2021/05/18T10:25:01z: 10:52:1c:4d:ae:9b
 0h00:03.015 2021/05/18T10:25:01z: SSID: Apollonia Students Halls
 0h00:03.020 2021/05/18T10:25:01z: AP_STAR tmr
 ets Jan  8 2013,rst cause:1, boot mode:(3,6)

load 0x4010f000, len 1384, room 16 
tail 8
chksum 0x2d
csum 0x2d
v8b899c12
~ld


6.01
 0h00:02.988 2021/05/18T10:44:57z: DS3231
 0h00:03.003 2021/05/18T10:44:57z: BME280 (0x76)
 0h00:03.017 2021/05/18T10:44:57z: 10:52:1c:4d:ae:9b
 0h00:03.019 2021/05/18T10:44:57z: SSID: Apollonia Students Halls
 0h00:03.024 2021/05/18T10:44:57z: AP_STAR tmr
 ets Jan  8 2013,rst cause:1, boot mode:(3,6)

load 0x4010f000, len 1384, room 16 
tail 8
chksum 0x2d
csum 0x2d
v8b899c12
~ld


6.01
 0h00:02.985 2021/05/18T11:04:52z: DS3231
 0h00:03.001 2021/05/18T11:04:52z: BME280 (0x76)
 0h00:03.015 2021/05/18T11:04:52z: 10:52:1c:4d:ae:9b
 0h00:03.017 2021/05/18T11:04:52z: SSID: Apollonia Students Halls
 0h00:03.022 2021/05/18T11:04:52z: AP_STAR tmr
 ets Jan  8 2013,rst cause:1, boot mode:(3,6)

load 0x4010f000, len 1384, room 16 
tail 8
chksum 0x2d
csum 0x2d
v8b899c12
~ld


6.01
 0h00:02.982 2021/05/18T11:24:49z: DS3231
 0h00:02.998 2021/05/18T11:24:49z: BME280 (0x76)
 0h00:03.012 2021/05/18T11:24:49z: 10:52:1c:4d:ae:9b
 0h00:03.014 2021/05/18T11:24:49z: SSID: Apollonia Students Halls
 0h00:03.019 2021/05/18T11:24:49z: AP_STAR tmr
 ets Jan  8 2013,rst cause:1, boot mode:(3,6)

load 0x4010f000, len 1384, room 16 
tail 8
chksum 0x2d
csum 0x2d
v8b899c12
~ld


6.01
 0h00:02.991 2021/05/18T11:44:45z: DS3231
 0h00:03.006 2021/05/18T11:44:45z: BME280 (0x76)
 0h00:03.020 2021/05/18T11:44:45z: 10:52:1c:4d:ae:9b
 0h00:03.022 2021/05/18T11:44:45z: SSID: Apollonia Students Halls
 0h00:03.027 2021/05/18T11:44:45z: AP_STAR tmr
 ets Jan  8 2013,rst cause:1, boot mode:(3,6)

load 0x4010f000, len 1384, room 16 
tail 8
chksum 0x2d
csum 0x2d
v8b899c12
~ld


6.01
 0h00:02.991 2021/05/18T12:04:40z: DS3231
 0h00:03.006 2021/05/18T12:04:40z: BME280 (0x76)
 0h00:03.020 2021/05/18T12:04:40z: 10:52:1c:4d:ae:9b
 0h00:03.022 2021/05/18T12:04:40z: SSID: Apollonia Students Halls
 0h00:03.027 2021/05/18T12:04:40z: AP_STAR tmr
 ets Jan  8 2013,rst cause:1, boot mode:(3,6)

load 0x4010f000, len 1384, room 16 
tail 8
chksum 0x2d
csum 0x2d
v8b899c12
~ld


6.01
 0h00:03.001 2021/05/18T12:24:37z: DS3231
 0h00:03.016 2021/05/18T12:24:37z: BME280 (0x76)
 0h00:03.031 2021/05/18T12:24:37z: 10:52:1c:4d:ae:9b
 0h00:03.032 2021/05/18T12:24:37z: SSID: Apollonia Students Halls
 0h00:03.037 2021/05/18T12:24:37z: AP_STAR tmr
 ets Jan  8 2013,rst cause:1, boot mode:(3,6)

load 0x4010f000, len 1384, room 16 
tail 8
chksum 0x2d
csum 0x2d
v8b899c12
~ld


6.01
 0h00:03.008 2021/05/18T12:44:32z: DS3231
 0h00:03.023 2021/05/18T12:44:33z: BME280 (0x76)
 0h00:03.037 2021/05/18T12:44:33z: 10:52:1c:4d:ae:9b
 0h00:03.039 2021/05/18T12:44:33z: SSID: Apollonia Students Halls
 0h00:03.044 2021/05/18T12:44:33z: AP_STAR tmr
 ets Jan  8 2013,rst cause:1, boot mode:(3,6)

load 0x4010f000, len 1384, room 16 
tail 8
chksum 0x2d
csum 0x2d
v8b899c12
~ld


6.01
 0h00:02.986 2021/05/18T13:04:29z: DS3231
 0h00:03.001 2021/05/18T13:04:29z: BME280 (0x76)
 0h00:03.016 2021/05/18T13:04:29z: 10:52:1c:4d:ae:9b
 0h00:03.017 2021/05/18T13:04:29z: SSID: Apollonia Students Halls
 0h00:03.022 2021/05/18T13:04:29z: AP_STAR tmr
 ets Jan  8 2013,rst cause:1, boot mode:(3,6)

load 0x4010f000, len 1384, room 16 
tail 8
chksum 0x2d
csum 0x2d
v8b899c12
~ld


6.01
 0h00:02.988 2021/05/18T13:24:25z: DS3231
 0h00:03.004 2021/05/18T13:24:25z: BME280 (0x76)
 0h00:03.018 2021/05/18T13:24:25z: 10:52:1c:4d:ae:9b
 0h00:03.019 2021/05/18T13:24:25z: SSID: Apollonia Students Halls
 0h00:03.025 2021/05/18T13:24:25z: AP_STAR tmr
 ets Jan  8 2013,rst cause:1, boot mode:(3,6)

load 0x4010f000, len 1384, room 16 
tail 8
chksum 0x2d
csum 0x2d
v8b899c12
~ld


6.01
 0h00:02.983 2021/05/18T13:44:20z: DS3231
 0h00:02.998 2021/05/18T13:44:20z: BME280 (0x76)
 0h00:03.012 2021/05/18T13:44:20z: 10:52:1c:4d:ae:9b
 0h00:03.014 2021/05/18T13:44:20z: SSID: Apollonia Students Halls
 0h00:03.019 2021/05/18T13:44:20z: AP_STAR tmr
 ets Jan  8 2013,rst cause:1, boot mode:(3,6)

load 0x4010f000, len 1384, room 16 
tail 8
chksum 0x2d
csum 0x2d
v8b899c12
~ld


6.01
 0h00:02.983 2021/05/18T14:04:17z: DS3231
 0h00:02.998 2021/05/18T14:04:17z: BME280 (0x76)
 0h00:03.012 2021/05/18T14:04:17z: 10:52:1c:4d:ae:9b
 0h00:03.014 2021/05/18T14:04:17z: SSID: Apollonia Students Halls
 0h00:03.019 2021/05/18T14:04:17z: AP_STAR tmr
 ets Jan  8 2013,rst cause:1, boot mode:(3,6)

load 0x4010f000, len 1384, room 16 
tail 8
chksum 0x2d
csum 0x2d
v8b899c12
~ld


6.01
 0h00:02.989 2021/05/18T14:24:12z: DS3231
 0h00:03.004 2021/05/18T14:24:12z: BME280 (0x76)
 0h00:03.018 2021/05/18T14:24:12z: 10:52:1c:4d:ae:9b
 0h00:03.020 2021/05/18T14:24:12z: SSID: Apollonia Students Halls
 0h00:03.025 2021/05/18T14:24:12z: AP_STAR tmr
 ets Jan  8 2013,rst cause:1, boot mode:(3,6)

load 0x4010f000, len 1384, room 16 
tail 8
chksum 0x2d
csum 0x2d
v8b899c12
~ld


6.01
 0h00:02.994 2021/05/18T14:44:08z: DS3231
 0h00:03.010 2021/05/18T14:44:08z: BME280 (0x76)
 0h00:03.024 2021/05/18T14:44:08z: 10:52:1c:4d:ae:9b
 0h00:03.026 2021/05/18T14:44:08z: SSID: Apollonia Students Halls
 0h00:03.031 2021/05/18T14:44:08z: AP_STAR tmr
 ets Jan  8 2013,rst cause:1, boot mode:(3,6)

load 0x4010f000, len 1384, room 16 
tail 8
chksum 0x2d
csum 0x2d
v8b899c12
~ld


6.01
 0h00:03.001 2021/05/18T15:04:04z: DS3231
 0h00:03.016 2021/05/18T15:04:04z: BME280 (0x76)
 0h00:03.030 2021/05/18T15:04:04z: 10:52:1c:4d:ae:9b
 0h00:03.032 2021/05/18T15:04:04z: SSID: Apollonia Students Halls
 0h00:03.037 2021/05/18T15:04:04z: AP_STAR tmr
 ets Jan  8 2013,rst cause:1, boot mode:(3,6)

load 0x4010f000, len 1384, room 16 
tail 8
chksum 0x2d
csum 0x2d
v8b899c12
~ld


6.01
 0h00:03.006 2021/05/18T15:24:00z: DS3231
 0h00:03.021 2021/05/18T15:24:00z: BME280 (0x76)
 0h00:03.036 2021/05/18T15:24:00z: 10:52:1c:4d:ae:9b
 0h00:03.037 2021/05/18T15:24:00z: SSID: Apollonia Students Halls
 0h00:03.042 2021/05/18T15:24:00z: AP_STAR tmr
 ets Jan  8 2013,rst cause:1, boot mode:(3,6)

load 0x4010f000, len 1384, room 16 
tail 8
chksum 0x2d
csum 0x2d
v8b899c12
~ld


6.01
 0h00:02.985 2021/05/18T15:43:56z: DS3231
 0h00:03.001 2021/05/18T15:43:56z: BME280 (0x76)
 0h00:03.015 2021/05/18T15:43:56z: 10:52:1c:4d:ae:9b
 0h00:03.017 2021/05/18T15:43:56z: SSID: Apollonia Students Halls
 0h00:03.022 2021/05/18T15:43:56z: AP_STAR tmr
 ets Jan  8 2013,rst cause:1, boot mode:(3,6)

load 0x4010f000, len 1384, room 16 
tail 8
chksum 0x2d
csum 0x2d
v8b899c12
~ld


6.01
 0h00:02.984 2021/05/18T16:03:52z: DS3231
 0h00:02.999 2021/05/18T16:03:52z: BME280 (0x76)
 0h00:03.013 2021/05/18T16:03:52z: 10:52:1c:4d:ae:9b
 0h00:03.015 2021/05/18T16:03:52z: SSID: Apollonia Students Halls
 0h00:03.020 2021/05/18T16:03:52z: AP_STAR tmr
 ets Jan  8 2013,rst cause:1, boot mode:(3,6)

load 0x4010f000, len 1384, room 16 
tail 8
chksum 0x2d
csum 0x2d
v8b899c12
~ld


6.01
 0h00:02.982 2021/05/18T16:23:48z: DS3231
 0h00:02.998 2021/05/18T16:23:48z: BME280 (0x76)
 0h00:03.012 2021/05/18T16:23:48z: 10:52:1c:4d:ae:9b
 0h00:03.013 2021/05/18T16:23:48z: SSID: Apollonia Students Halls
 0h00:03.019 2021/05/18T16:23:48z: AP_STAR tmr
 ets Jan  8 2013,rst cause:1, boot mode:(3,6)

load 0x4010f000, len 1384, room 16 
tail 8
chksum 0x2d
csum 0x2d
v8b899c12
~ld


6.01
 0h00:02.985 2021/05/18T16:43:44z: DS3231
 0h00:03.001 2021/05/18T16:43:44z: BME280 (0x76)
 0h00:03.015 2021/05/18T16:43:44z: 10:52:1c:4d:ae:9b
 0h00:03.017 2021/05/18T16:43:44z: SSID: Apollonia Students Halls
 0h00:03.022 2021/05/18T16:43:44z: AP_STAR tmr
 ets Jan  8 2013,rst cause:1, boot mode:(3,6)

load 0x4010f000, len 1384, room 16 
tail 8
chksum 0x2d
csum 0x2d
v8b899c12
~ld


6.01
 0h00:02.989 2021/05/18T17:03:40z: DS3231
 0h00:03.004 2021/05/18T17:03:40z: BME280 (0x76)
 0h00:03.019 2021/05/18T17:03:40z: 10:52:1c:4d:ae:9b
 0h00:03.020 2021/05/18T17:03:40z: SSID: Apollonia Students Halls
 0h00:03.025 2021/05/18T17:03:40z: AP_STAR tmr
 ets Jan  8 2013,rst cause:1, boot mode:(3,6)

load 0x4010f000, len 1384, room 16 
tail 8
chksum 0x2d
csum 0x2d
v8b899c12
~ld


6.01
 0h00:02.997 2021/05/18T17:23:36z: DS3231
 0h00:03.012 2021/05/18T17:23:36z: BME280 (0x76)
 0h00:03.026 2021/05/18T17:23:36z: 10:52:1c:4d:ae:9b
 0h00:03.028 2021/05/18T17:23:36z: SSID: Apollonia Students Halls
 0h00:03.033 2021/05/18T17:23:36z: AP_STAR tmr
 ets Jan  8 2013,rst cause:1, boot mode:(3,6)

load 0x4010f000, len 1384, room 16 
tail 8
chksum 0x2d
csum 0x2d
v8b899c12
~ld


6.01
 0h00:03.004 2021/05/18T17:43:32z: DS3231
 0h00:03.019 2021/05/18T17:43:32z: BME280 (0x76)
 0h00:03.033 2021/05/18T17:43:32z: 10:52:1c:4d:ae:9b
 0h00:03.035 2021/05/18T17:43:32z: SSID: Apollonia Students Halls
 0h00:03.040 2021/05/18T17:43:32z: AP_STAR tmr
 ets Jan  8 2013,rst cause:1, boot mode:(3,6)

load 0x4010f000, len 1384, room 16 
tail 8
chksum 0x2d
csum 0x2d
v8b899c12
~ld


6.01
 0h00:03.014 2021/05/18T18:03:28z: DS3231
 0h00:03.030 2021/05/18T18:03:28z: BME280 (0x76)
 0h00:03.044 2021/05/18T18:03:28z: 10:52:1c:4d:ae:9b
 0h00:03.046 2021/05/18T18:03:28z: SSID: Apollonia Students Halls
 0h00:03.051 2021/05/18T18:03:28z: AP_STAR tmr
 ets Jan  8 2013,rst cause:1, boot mode:(3,6)

load 0x4010f000, len 1384, room 16 
tail 8
chksum 0x2d
csum 0x2d
v8b899c12
~ld


6.01
 0h00:02.983 2021/05/18T18:23:24z: DS3231
 0h00:02.999 2021/05/18T18:23:24z: BME280 (0x76)
 0h00:03.013 2021/05/18T18:23:24z: 10:52:1c:4d:ae:9b
 0h00:03.014 2021/05/18T18:23:24z: SSID: Apollonia Students Halls
 0h00:03.020 2021/05/18T18:23:24z: AP_STAR tmr
 ets Jan  8 2013,rst cause:1, boot mode:(3,6)

load 0x4010f000, len 1384, room 16 
tail 8
chksum 0x2d
csum 0x2d
v8b899c12
~ld


6.01
 0h00:02.981 2021/05/18T18:43:20z: DS3231
 0h00:02.996 2021/05/18T18:43:20z: BME280 (0x76)
 0h00:03.010 2021/05/18T18:43:20z: 10:52:1c:4d:ae:9b
 0h00:03.012 2021/05/18T18:43:20z: SSID: Apollonia Students Halls
 0h00:03.017 2021/05/18T18:43:20z: AP_STAR tmr
 ets Jan  8 2013,rst cause:1, boot mode:(3,6)

load 0x4010f000, len 1384, room 16 
tail 8
chksum 0x2d
csum 0x2d
v8b899c12
~ld


6.01
 0h00:02.985 2021/05/18T19:03:16z: DS3231
 0h00:03.000 2021/05/18T19:03:16z: BME280 (0x76)
 0h00:03.014 2021/05/18T19:03:16z: 10:52:1c:4d:ae:9b
 0h00:03.016 2021/05/18T19:03:16z: SSID: Apollonia Students Halls
 0h00:03.021 2021/05/18T19:03:16z: AP_STAR tmr
 ets Jan  8 2013,rst cause:1, boot mode:(3,6)

load 0x4010f000, len 1384, room 16 
tail 8
chksum 0x2d
csum 0x2d
v8b899c12
~ld


6.01
 0h00:02.984 2021/05/18T19:23:12z: DS3231
 0h00:02.999 2021/05/18T19:23:12z: BME280 (0x76)
 0h00:03.013 2021/05/18T19:23:12z: 10:52:1c:4d:ae:9b
 0h00:03.015 2021/05/18T19:23:12z: SSID: Apollonia Students Halls
 0h00:03.020 2021/05/18T19:23:12z: AP_STAR tmr
 ets Jan  8 2013,rst cause:1, boot mode:(3,6)

load 0x4010f000, len 1384, room 16 
tail 8
chksum 0x2d
csum 0x2d
v8b899c12
~ld


6.01
 0h00:02.983 2021/05/18T19:43:08z: DS3231
 0h00:02.998 2021/05/18T19:43:08z: BME280 (0x76)
 0h00:03.012 2021/05/18T19:43:08z: 10:52:1c:4d:ae:9b
 0h00:03.014 2021/05/18T19:43:08z: SSID: Apollonia Students Halls
 0h00:03.019 2021/05/18T19:43:08z: AP_STAR tmr
 ets Jan  8 2013,rst cause:1, boot mode:(3,6)

load 0x4010f000, len 1384, room 16 
tail 8
chksum 0x2d
csum 0x2d
v8b899c12
~ld


6.01
 0h00:02.992 2021/05/18T20:03:04z: DS3231
 0h00:03.007 2021/05/18T20:03:04z: BME280 (0x76)
 0h00:03.022 2021/05/18T20:03:04z: 10:52:1c:4d:ae:9b
 0h00:03.023 2021/05/18T20:03:04z: SSID: Apollonia Students Halls
 0h00:03.028 2021/05/18T20:03:04z: AP_STAR tmr
 ets Jan  8 2013,rst cause:1, boot mode:(3,6)

load 0x4010f000, len 1384, room 16 
tail 8
chksum 0x2d
csum 0x2d
v8b899c12
~ld


6.01
 0h00:02.998 2021/05/18T20:22:59z: DS3231
 0h00:03.014 2021/05/18T20:22:59z: BME280 (0x76)
 0h00:03.028 2021/05/18T20:22:59z: 10:52:1c:4d:ae:9b
 0h00:03.030 2021/05/18T20:22:59z: SSID: Apollonia Students Halls
 0h00:03.035 2021/05/18T20:22:59z: AP_STAR tmr
 ets Jan  8 2013,rst cause:1, boot mode:(3,6)

load 0x4010f000, len 1384, room 16 
tail 8
chksum 0x2d
csum 0x2d
v8b899c12
~ld


6.01
 0h00:03.011 2021/05/18T20:42:55z: DS3231
 0h00:03.027 2021/05/18T20:42:55z: BME280 (0x76)
 0h00:03.041 2021/05/18T20:42:55z: 10:52:1c:4d:ae:9b
 0h00:03.043 2021/05/18T20:42:55z: SSID: Apollonia Students Halls
 0h00:03.048 2021/05/18T20:42:55z: AP_STAR tmr
 ets Jan  8 2013,rst cause:1, boot mode:(3,6)

load 0x4010f000, len 1384, room 16 
tail 8
chksum 0x2d
csum 0x2d
v8b899c12
~ld


6.01
 0h00:02.986 2021/05/18T21:02:51z: DS3231
 0h00:03.002 2021/05/18T21:02:51z: BME280 (0x76)
 0h00:03.016 2021/05/18T21:02:51z: 10:52:1c:4d:ae:9b
 0h00:03.017 2021/05/18T21:02:51z: SSID: Apollonia Students Halls
 0h00:03.023 2021/05/18T21:02:51z: AP_STAR tmr
 ets Jan  8 2013,rst cause:1, boot mode:(3,6)

load 0x4010f000, len 1384, room 16 
tail 8
chksum 0x2d
csum 0x2d
v8b899c12
~ld


6.01
 0h00:02.980 2021/05/18T21:22:47z: DS3231
 0h00:02.995 2021/05/18T21:22:48z: BME280 (0x76)
 0h00:03.009 2021/05/18T21:22:48z: 10:52:1c:4d:ae:9b
 0h00:03.011 2021/05/18T21:22:48z: SSID: Apollonia Students Halls
 0h00:03.016 2021/05/18T21:22:48z: AP_STAR tmr
 ets Jan  8 2013,rst cause:1, boot mode:(3,6)

load 0x4010f000, len 1384, room 16 
tail 8
chksum 0x2d
csum 0x2d
v8b899c12
~ld


6.01
 0h00:02.983 2021/05/18T21:42:43z: DS3231
 0h00:02.998 2021/05/18T21:42:43z: BME280 (0x76)
 0h00:03.012 2021/05/18T21:42:43z: 10:52:1c:4d:ae:9b
 0h00:03.014 2021/05/18T21:42:43z: SSID: Apollonia Students Halls
 0h00:03.019 2021/05/18T21:42:43z: AP_STAR tmr
 ets Jan  8 2013,rst cause:1, boot mode:(3,6)

load 0x4010f000, len 1384, room 16 
tail 8
chksum 0x2d
csum 0x2d
v8b899c12
~ld


6.01
 0h00:02.985 2021/05/18T22:02:40z: DS3231
 0h00:03.000 2021/05/18T22:02:40z: BME280 (0x76)
 0h00:03.014 2021/05/18T22:02:40z: 10:52:1c:4d:ae:9b
 0h00:03.016 2021/05/18T22:02:40z: SSID: Apollonia Students Halls
 0h00:03.021 2021/05/18T22:02:40z: AP_STAR tmr
 ets Jan  8 2013,rst cause:1, boot mode:(3,6)

load 0x4010f000, len 1384, room 16 
tail 8
chksum 0x2d
csum 0x2d
v8b899c12
~ld


6.01
 0h00:02.986 2021/05/18T22:22:36z: DS3231
 0h00:03.002 2021/05/18T22:22:37z: BME280 (0x76)
 0h00:03.016 2021/05/18T22:22:37z: 10:52:1c:4d:ae:9b
 0h00:03.017 2021/05/18T22:22:37z: SSID: Apollonia Students Halls
 0h00:03.023 2021/05/18T22:22:37z: AP_STAR tmr
 ets Jan  8 2013,rst cause:1, boot mode:(3,6)

load 0x4010f000, len 1384, room 16 
tail 8
chksum 0x2d
csum 0x2d
v8b899c12
~ld


6.01
 0h00:02.993 2021/05/18T22:42:33z: DS3231
 0h00:03.008 2021/05/18T22:42:33z: BME280 (0x76)
 0h00:03.022 2021/05/18T22:42:33z: 10:52:1c:4d:ae:9b
 0h00:03.024 2021/05/18T22:42:33z: SSID: Apollonia Students Halls
 0h00:03.029 2021/05/18T22:42:33z: AP_STAR tmr
 ets Jan  8 2013,rst cause:1, boot mode:(3,6)

load 0x4010f000, len 1384, room 16 
tail 8
chksum 0x2d
csum 0x2d
v8b899c12
~ld


6.01
 0h00:03.002 2021/05/18T23:02:29z: DS3231
 0h00:03.017 2021/05/18T23:02:29z: BME280 (0x76)
 0h00:03.031 2021/05/18T23:02:29z: 10:52:1c:4d:ae:9b
 0h00:03.033 2021/05/18T23:02:29z: SSID: Apollonia Students Halls
 0h00:03.038 2021/05/18T23:02:29z: AP_STAR tmr
 ets Jan  8 2013,rst cause:1, boot mode:(3,6)

load 0x4010f000, len 1384, room 16 
tail 8
chksum 0x2d
csum 0x2d
v8b899c12
~ld


6.01
 0h00:03.007 2021/05/18T23:22:24z: DS3231
 0h00:03.022 2021/05/18T23:22:24z: BME280 (0x76)
 0h00:03.036 2021/05/18T23:22:24z: 10:52:1c:4d:ae:9b
 0h00:03.038 2021/05/18T23:22:24z: SSID: Apollonia Students Halls
 0h00:03.043 2021/05/18T23:22:24z: AP_STAR tmr
 ets Jan  8 2013,rst cause:1, boot mode:(3,6)

load 0x4010f000, len 1384, room 16 
tail 8
chksum 0x2d
csum 0x2d
v8b899c12
~ld


6.01
 0h00:02.987 2021/05/18T23:42:20z: DS3231
 0h00:03.002 2021/05/18T23:42:20z: BME280 (0x76)
 0h00:03.016 2021/05/18T23:42:20z: 10:52:1c:4d:ae:9b
 0h00:03.018 2021/05/18T23:42:20z: SSID: Apollonia Students Halls
 0h00:03.023 2021/05/18T23:42:20z: AP_STA