R tmr
 ets Jan  8 2013,rst cause:1, boot mode:(3,6)

load 0x4010f000, len 1384, room 16 
tail 8
chksum 0x2d
csum 0x2d
v8b899c12
~ld


6.01
 0h00:02.980 2021/05/19T00:02:17z: DS3231
 0h00:02.995 2021/05/19T00:02:17z: BME280 (0x76)
 0h00:03.009 2021/05/19T00:02:17z: 10:52:1c:4d:ae:9b
 0h00:03.011 2021/05/19T00:02:17z: SSID: Apollonia Students Halls
 0h00:03.016 2021/05/19T00:02:17z: AP_STAR tmr
 ets Jan  8 2013,rst cause:1, boot mode:(3,6)

load 0x4010f000, len 1384, room 16 
tail 8
chksum 0x2d
csum 0x2d
v8b899c12
~ld


6.01
 0h00:02.983 2021/05/19T00:22:13z: DS3231
 0h00:02.998 2021/05/19T00:22:13z: BME280 (0x76)
 0h00:03.012 2021/05/19T00:22:13z: 10:52:1c:4d:ae:9b
 0h00:03.014 2021/05/19T00:22:13z: SSID: Apollonia Students Halls
 0h00:03.019 2021/05/19T00:22:13z: AP_STAR tmr
 ets Jan  8 2013,rst cause:1, boot mode:(3,6)

load 0x4010f000, len 1384, room 16 
tail 8
chksum 0x2d
csum 0x2d
v8b899c12
~ld


6.01
 0h00:02.986 2021/05/19T00:42:09z: DS3231
 0h00:03.001 2021/05/19T00:42:09z: BME280 (0x76)
 0h00:03.015 2021/05/19T00:42:09z: 10:52:1c:4d:ae:9b
 0h00:03.017 2021/05/19T00:42:09z: SSID: Apollonia Students Halls
 0h00:03.022 2021/05/19T00:42:09z: AP_STAR tmr
 ets Jan  8 2013,rst cause:1, boot mode:(3,6)

load 0x4010f000, len 1384, room 16 
tail 8
chksum 0x2d
csum 0x2d
v8b899c12
~ld


6.01
 0h00:02.983 2021/05/19T01:02:04z: DS3231
 0h00:02.999 2021/05/19T01:02:04z: BME280 (0x76)
 0h00:03.013 2021/05/19T01:02:04z: 10:52:1c:4d:ae:9b
 0h00:03.014 2021/05/19T01:02:04z: SSID: Apollonia Students Halls
 0h00:03.020 2021/05/19T01:02:04z: AP_STAR tmr
 ets Jan  8 2013,rst cause:1, boot mode:(3,6)

load 0x4010f000, len 1384, room 16 
tail 8
chksum 0x2d
csum 0x2d
v8b899c12
~ld


6.01
 0h00:02.995 2021/05/19T01:22:01z: DS3231
 0h00:03.011 2021/05/19T01:22:01z: BME280 (0x76)
 0h00:03.025 2021/05/19T01:22:01z: 10:52:1c:4d:ae:9b
 0h00:03.026 2021/05/19T01:22:01z: SSID: Apollonia Students Halls
 0h00:03.032 2021/05/19T01:22:01z: AP_STAR tmr
 ets Jan  8 2013,rst cause:1, boot mode:(3,6)

load 0x4010f000, len 1384, room 16 
tail 8
chksum 0x2d
csum 0x2d
v8b899c12
~ld


6.01
 0h00:02.997 2021/05/19T01:41:57z: DS3231
 0h00:03.012 2021/05/19T01:41:57z: BME280 (0x76)
 0h00:03.026 2021/05/19T01:41:57z: 10:52:1c:4d:ae:9b
 0h00:03.028 2021/05/19T01:41:57z: SSID: Apollonia Students Halls
 0h00:03.033 2021/05/19T01:41:57z: AP_STAR tmr
 ets Jan  8 2013,rst cause:1, boot mode:(3,6)

load 0x4010f000, len 1384, room 16 
tail 8
chksum 0x2d
csum 0x2d
v8b899c12
~ld


6.01
 0h00:03.005 2021/05/19T02:01:52z: DS3231
 0h00:03.021 2021/05/19T02:01:52z: BME280 (0x76)
 0h00:03.035 2021/05/19T02:01:52z: 10:52:1c:4d:ae:9b
 0h00:03.036 2021/05/19T02:01:52z: SSID: Apollonia Students Halls
 0h00:03.042 2021/05/19T02:01:52z: AP_STAR tmr
 ets Jan  8 2013,rst cause:1, boot mode:(3,6)

load 0x4010f000, len 1384, room 16 
tail 8
chksum 0x2d
csum 0x2d
v8b899c12
~ld


6.01
 0h00:02.981 2021/05/19T02:21:49z: DS3231
 0h00:02.996 2021/05/19T02:21:49z: BME280 (0x76)
 0h00:03.010 2021/05/19T02:21:49z: 10:52:1c:4d:ae:9b
 0h00:03.012 2021/05/19T02:21:49z: SSID: Apollonia Students Halls
 0h00:03.017 2021/05/19T02:21:49z: AP_STAR tmr
 ets Jan  8 2013,rst cause:1, boot mode:(3,6)

load 0x4010f000, len 1384, room 16 
tail 8
chksum 0x2d
csum 0x2d
v8b899c12
~ld


6.01
 0h00:02.982 2021/05/19T02:41:45z: DS3231
 0h00:02.997 2021/05/19T02:41:45z: BME280 (0x76)
 0h00:03.011 2021/05/19T02:41:45z: 10:52:1c:4d:ae:9b
 0h00:03.013 2021/05/19T02:41:45z: SSID: Apollonia Students Halls
 0h00:03.018 2021/05/19T02:41:45z: AP_STAR tmr
 ets Jan  8 2013,rst cause:1, boot mode:(3,6)

load 0x4010f000, len 1384, room 16 
tail 8
chksum 0x2d
csum 0x2d
v8b899c12
~ld


6.01
 0h00:02.981 2021/05/19T03:01:41z: DS3231
 0h00:02.996 2021/05/19T03:01:41z: BME280 (0x76)
 0h00:03.011 2021/05/19T03:01:41z: 10:52:1c:4d:ae:9b
 0h00:03.012 2021/05/19T03:01:41z: SSID: Apollonia Students Halls
 0h00:03.017 2021/05/19T03:01:41z: AP_STAR tmr
 ets Jan  8 2013,rst cause:1, boot mode:(3,6)

load 0x4010f000, len 1384, room 16 
tail 8
chksum 0x2d
csum 0x2d
v8b899c12
~ld


6.01
 0h00:02.984 2021/05/19T03:21:36z: DS3231
 0h00:02.999 2021/05/19T03:21:36z: BME280 (0x76)
 0h00:03.013 2021/05/19T03:21:37z: 10:52:1c:4d:ae:9b
 0h00:03.015 2021/05/19T03:21:37z: SSID: Apollonia Students Halls
 0h00:03.020 2021/05/19T03:21:37z: AP_STAR tmr
 ets Jan  8 2013,rst cause:1, boot mode:(3,6)

load 0x4010f000, len 1384, room 16 
tail 8
chksum 0x2d
csum 0x2d
v8b899c12
~ld


6.01
 0h00:02.985 2021/05/19T03:41:33z: DS3231
 0h00:03.000 2021/05/19T03:41:33z: BME280 (0x76)
 0h00:03.014 2021/05/19T03:41:33z: 10:52:1c:4d:ae:9b
 0h00:03.016 2021/05/19T03:41:33z: SSID: Apollonia Students Halls
 0h00:03.021 2021/05/19T03:41:33z: AP_STAR tmr
 ets Jan  8 2013,rst cause:1, boot mode:(3,6)

load 0x4010f000, len 1384, room 16 
tail 8
chksum 0x2d
csum 0x2d
v8b899c12
~ld


6.01
 0h00:02.990 2021/05/19T04:01:29z: DS3231
 0h00:03.005 2021/05/19T04:01:29z: BME280 (0x76)
 0h00:03.019 2021/05/19T04:01:29z: 10:52:1c:4d:ae:9b
 0h00:03.021 2021/05/19T04:01:29z: SSID: Apollonia Students Halls
 0h00:03.026 2021/05/19T04:01:29z: AP_STAR tmr
 ets Jan  8 2013,rst cause:1, boot mode:(3,6)

load 0x4010f000, len 1384, room 16 
tail 8
chksum 0x2d
csum 0x2d
v8b899c12
~ld


6.01
 0h00:02.998 2021/05/19T04:21:25z: DS3231
 0h00:03.014 2021/05/19T04:21:25z: BME280 (0x76)
 0h00:03.028 2021/05/19T04:21:25z: 10:52:1c:4d:ae:9b
 0h00:03.029 2021/05/19T04:21:25z: SSID: Apollonia Students Halls
 0h00:03.035 2021/05/19T04:21:25z: AP_STAR tmr
 ets Jan  8 2013,rst cause:1, boot mode:(3,6)

load 0x4010f000, len 1384, room 16 
tail 8
chksum 0x2d
csum 0x2d
v8b899c12
~ld


6.01
 0h00:03.014 2021/05/19T04:41:21z: DS3231
 0h00:03.029 2021/05/19T04:41:21z: BME280 (0x76)
 0h00:03.043 2021/05/19T04:41:21z: 10:52:1c:4d:ae:9b
 0h00:03.045 2021/05/19T04:41:21z: SSID: Apollonia Students Halls
 0h00:03.050 2021/05/19T04:41:21z: AP_STAR tmr
 ets Jan  8 2013,rst cause:1, boot mode:(3,6)

load 0x4010f000, len 1384, room 16 
tail 8
chksum 0x2d
csum 0x2d
v8b899c12
~ld


6.01
 0h00:03.004 2021/05/19T05:01:17z: DS3231
 0h00:03.019 2021/05/19T05:01:17z: BME280 (0x76)
 0h00:03.033 2021/05/19T05:01:17z: 10:52:1c:4d:ae:9b
 0h00:03.035 2021/05/19T05:01:17z: SSID: Apollonia Students Halls
 0h00:03.040 2021/05/19T05:01:17z: AP_STAR tmr
 ets Jan  8 2013,rst cause:1, boot mode:(3,6)

load 0x4010f000, len 1384, room 16 
tail 8
chksum 0x2d
csum 0x2d
v8b899c12
~ld


6.01
 0h00:03.008 2021/05/19T05:21:13z: DS3231
 0h00:03.023 2021/05/19T05:21:13z: BME280 (0x76)
 0h00:03.038 2021/05/19T05:21:13z: 10:52:1c:4d:ae:9b
 0h00:03.039 2021/05/19T05:21:13z: SSID: Apollonia Students Halls
 0h00:03.044 2021/05/19T05:21:13z: AP_STAR tmr
 ets Jan  8 2013,rst cause:1, boot mode:(3,6)

load 0x4010f000, len 1384, room 16 
tail 8
chksum 0x2d
csum 0x2d
v8b899c12
~ld


6.01
 0h00:02.979 2021/05/19T05:41:09z: DS3231
 0h00:02.994 2021/05/19T05:41:09z: BME280 (0x76)
 0h00:03.009 2021/05/19T05:41:09z: 10:52:1c:4d:ae:9b
 0h00:03.010 2021/05/19T05:41:09z: SSID: Apollonia Students Halls
 0h00:03.015 2021/05/19T05:41:09z: AP_STAR tmr
 ets Jan  8 2013,rst cause:1, boot mode:(3,6)

load 0x4010f000, len 1384, room 16 
tail 8
chksum 0x2d
csum 0x2d
v8b899c12
~ld


6.01
 0h00:02.980 2021/05/19T06:01:04z: DS3231
 0h00:02.995 2021/05/19T06:01:04z: BME280 (0x76)
 0h00:03.009 2021/05/19T06:01:04z: 10:52:1c:4d:ae:9b
 0h00:03.011 2021/05/19T06:01:04z: SSID: Apollonia Students Halls
 0h00:03.016 2021/05/19T06:01:04z: AP_STAR tmr
 ets Jan  8 2013,rst cause:1, boot mode:(3,6)

load 0x4010f000, len 1384, room 16 
tail 8
chksum 0x2d
csum 0x2d
v8b899c12
~ld


6.01
 0h00:02.985 2021/05/19T06:21:01z: DS3231
 0h00:03.000 2021/05/19T06:21:01z: BME280 (0x76)
 0h00:03.014 2021/05/19T06:21:01z: 10:52:1c:4d:ae:9b
 0h00:03.016 2021/05/19T06:21:01z: SSID: Apollonia Students Halls
 0h00:03.021 2021/05/19T06:21:01z: AP_STAR tmr
 ets Jan  8 2013,rst cause:1, boot mode:(3,6)

load 0x4010f000, len 1384, room 16 
tail 8
chksum 0x2d
csum 0x2d
v8b899c12
~ld


6.01
 0h00:02.977 2021/05/19T06:40:56z: DS3231
 0h00:02.992 2021/05/19T06:40:56z: BME280 (0x76)
 0h00:03.007 2021/05/19T06:40:56z: 10:52:1c:4d:ae:9b
 0h00:03.008 2021/05/19T06:40:56z: SSID: Apollonia Students Halls
 0h00:03.013 2021/05/19T06:40:56z: AP_STAR tmr
 ets Jan  8 2013,rst cause:1, boot mode:(3,6)

load 0x4010f000, len 1384, room 16 
tail 8
chksum 0x2d
csum 0x2d
v8b899c12
~ld


6.01
 0h00:02.986 2021/05/19T07:00:53z: DS3231
 0h00:03.001 2021/05/19T07:00:53z: BME280 (0x76)
 0h00:03.015 2021/05/19T07:00:53z: 10:52:1c:4d:ae:9b
 0h00:03.017 2021/05/19T07:00:53z: SSID: Apollonia Students Halls
 0h00:03.022 2021/05/19T07:00:53z: AP_STAR tmr
 ets Jan  8 2013,rst cause:1, boot mode:(3,6)

load 0x4010f000, len 1384, room 16 
tail 8
chksum 0x2d
csum 0x2d
v8b899c12
~ld


6.01
 0h00:02.998 2021/05/19T07:20:49z: DS3231
 0h00:03.013 2021/05/19T07:20:49z: BME280 (0x76)
 0h00:03.027 2021/05/19T07:20:49z: 10:52:1c:4d:ae:9b
 0h00:03.029 2021/05/19T07:20:49z: SSID: Apollonia Students Halls
 0h00:03.034 2021/05/19T07:20:49z: AP_STAR tmr
 ets Jan  8 2013,rst cause:1, boot mode:(3,6)

load 0x4010f000, len 1384, room 16 
tail 8
chksum 0x2d
csum 0x2d
v8b899c12
~ld


6.01
 0h00:03.001 2021/05/19T07:40:45z: DS3231
 0h00:03.016 2021/05/19T07:40:45z: BME280 (0x76)
 0h00:03.030 2021/05/19T07:40:45z: 10:52:1c:4d:ae:9b
 0h00:03.032 2021/05/19T07:40:45z: SSID: Apollonia Students Halls
 0h00:03.037 2021/05/19T07:40:45z: AP_STAR tmr
 ets Jan  8 2013,rst cause:1, boot mode:(3,6)

load 0x4010f000, len 1384, room 16 
tail 8
chksum 0x2d
csum 0x2d
v8b899c12
~ld


6.01
 0h00:03.012 2021/05/19T08:00:41z: DS3231
 0h00:03.027 2021/05/19T08:00:41z: BME280 (0x76)
 0h00:03.041 2021/05/19T08:00:41z: 10:52:1c:4d:ae:9b
 0h00:03.043 2021/05/19T08:00:41z: SSID: Apollonia Students Halls
 0h00:03.048 2021/05/19T08:00:41z: AP_STAR tmr
 ets Jan  8 2013,rst cause:1, boot mode:(3,6)

load 0x4010f000, len 1384, room 16 
tail 8
chksum 0x2d
csum 0x2d
v8b899c12
~ld


6.01
 0h00:02.983 2021/05/19T08:20:38z: DS3231
 0h00:02.998 2021/05/19T08:20:38z: BME280 (0x76)
 0h00:03.012 2021/05/19T08:20:38z: 10:52:1c:4d:ae:9b
 0h00:03.014 2021/05/19T08:20:38z: SSID: Apollonia Students Halls
 0h00:03.019 2021/05/19T08:20:38z: AP_STAR tmr
 ets Jan  8 2013,rst cause:1, boot mode:(3,6)

load 0x4010f000, len 1384, room 16 
tail 8
chksum 0x2d
csum 0x2d
v8b899c12
~ld


6.01
 0h00:02.983 2021/05/19T08:40:34z: DS3231
 0h00:02.998 2021/05/19T08:40:34z: BME280 (0x76)
 0h00:03.012 2021/05/19T08:40:34z: 10:52:1c:4d:ae:9b
 0h00:03.014 2021/05/19T08:40:34z: SSID: Apollonia Students Halls
 0h00:03.019 2021/05/19T08:40:34z: AP_STAR tmr
 ets Jan  8 2013,rst cause:1, boot mode:(3,6)

load 0x4010f000, len 1384, room 16 
tail 8
chksum 0x2d
csum 0x2d
v8b899c12
~ld


6.01
 0h00:02.983 2021/05/19T09:00:30z: DS3231
 0h00:02.998 2021/05/19T09:00:30z: BME280 (0x76)
 0h00:03.012 2021/05/19T09:00:30z: 10:52:1c:4d:ae:9b
 0h00:03.014 2021/05/19T09:00:30z: SSID: Apollonia Students Halls
 0h00:03.019 2021/05/19T09:00:30z: AP_STAR tmr
 ets Jan  8 2013,rst cause:1, boot mode:(3,6)

load 0x4010f000, len 1384, room 16 
tail 8
chksum 0x2d
csum 0x2d
v8b899c12
~ld


6.01
 0h00:02.986 2021/05/19T09:20:26z: DS3231
 0h00:03.001 2021/05/19T09:20:26z: BME280 (0x76)
 0h00:03.015 2021/05/19T09:20:26z: 10:52:1c:4d:ae:9b
 0h00:03.017 2021/05/19T09:20:26z: SSID: Apollonia Students Halls
 0h00:03.022 2021/05/19T09:20:26z: AP_STAR tmr
 ets Jan  8 2013,rst cause:1, boot mode:(3,6)

load 0x4010f000, len 1384, room 16 
tail 8
chksum 0x2d
csum 0x2d
v8b899c12
~ld


6.01
 0h00:02.995 2021/05/19T09:40:22z: DS3231
 0h00:03.010 2021/05/19T09:40:22z: BME280 (0x76)
 0h00:03.024 2021/05/19T09:40:22z: 10:52:1c:4d:ae:9b
 0h00:03.026 2021/05/19T09:40:22z: SSID: Apollonia Students Halls
 0h00:03.031 2021/05/19T09:40:22z: AP_STAR tmr
 ets Jan  8 2013,rst cause:1, boot mode:(3,6)

load 0x4010f000, len 1384, room 16 
tail 8
chksum 0x2d
csum 0x2d
v8b899c12
~ld


6.01
 0h00:03.007 2021/05/19T10:00:18z: DS3231
 0h00:03.022 2021/05/19T10:00:18z: BME280 (0x76)
 0h00:03.036 2021/05/19T10:00:18z: 10:52:1c:4d:ae:9b
 0h00:03.038 2021/05/19T10:00:18z: SSID: Apollonia Students Halls
 0h00:03.043 2021/05/19T10:00:18z: AP_STAR tmr
 ets Jan  8 2013,rst cause:1, boot mode:(3,6)

load 0x4010f000, len 1384, room 16 
tail 8
chksum 0x2d
csum 0x2d
v8b899c12
~ld


6.01
 0h00:03.002 2021/05/19T10:20:14z: DS3231
 0h00:03.017 2021/05/19T10:20:14z: BME280 (0x76)
 0h00:03.031 2021/05/19T10:20:14z: 10:52:1c:4d:ae:9b
 0h00:03.033 2021/05/19T10:20:14z: SSID: Apollonia Students Halls
 0h00:03.038 2021/05/19T10:20:14z: AP_STA