R tmr
 ets Jan  8 2013,rst cause:1, boot mode:(3,6)

load 0x4010f000, len 1384, room 16 
tail 8
chksum 0x2d
csum 0x2d
v8b899c12
~ld


6.01
 0h00:02.987 2021/05/17T11:09:41z: DS3231
 0h00:03.003 2021/05/17T11:09:41z: BME280 (0x76)
 0h00:03.017 2021/05/17T11:09:41z: 10:52:1c:4d:ae:9b
 0h00:03.018 2021/05/17T11:09:41z: SSID: Apollonia Students Halls
 0h00:03.024 2021/05/17T11:09:41z: AP_STAR tmr
 ets Jan  8 2013,rst cause:1, boot mode:(3,6)

load 0x4010f000, len 1384, room 16 
tail 8
chksum 0x2d
csum 0x2d
v8b899c12
~ld


6.01
 0h00:02.988 2021/05/17T11:29:37z: DS3231
 0h00:03.003 2021/05/17T11:29:37z: BME280 (0x76)
 0h00:03.017 2021/05/17T11:29:37z: 10:52:1c:4d:ae:9b
 0h00:03.019 2021/05/17T11:29:37z: SSID: Apollonia Students Halls
 0h00:03.024 2021/05/17T11:29:37z: AP_STAR tmr
 ets Jan  8 2013,rst cause:1, boot mode:(3,6)

load 0x4010f000, len 1384, room 16 
tail 8
chksum 0x2d
csum 0x2d
v8b899c12
~ld


6.01
 0h00:02.986 2021/05/17T11:49:33z: DS3231
 0h00:03.002 2021/05/17T11:49:33z: BME280 (0x76)
 0h00:03.016 2021/05/17T11:49:33z: 10:52:1c:4d:ae:9b
 0h00:03.018 2021/05/17T11:49:33z: SSID: Apollonia Students Halls
 0h00:03.023 2021/05/17T11:49:33z: AP_STAR tmr
 ets Jan  8 2013,rst cause:1, boot mode:(3,6)

load 0x4010f000, len 1384, room 16 
tail 8
chksum 0x2d
csum 0x2d
v8b899c12
~ld


6.01
 0h00:02.988 2021/05/17T12:09:29z: DS3231
 0h00:03.003 2021/05/17T12:09:29z: BME280 (0x76)
 0h00:03.017 2021/05/17T12:09:29z: 10:52:1c:4d:ae:9b
 0h00:03.019 2021/05/17T12:09:29z: SSID: Apollonia Students Halls
 0h00:03.024 2021/05/17T12:09:29z: AP_STAR tmr
 ets Jan  8 2013,rst cause:1, boot mode:(3,6)

load 0x4010f000, len 1384, room 16 
tail 8
chksum 0x2d
csum 0x2d
v8b899c12
~ld


6.01
 0h00:02.986 2021/05/17T12:29:25z: DS3231
 0h00:03.002 2021/05/17T12:29:25z: BME280 (0x76)
 0h00:03.016 2021/05/17T12:29:25z: 10:52:1c:4d:ae:9b
 0h00:03.018 2021/05/17T12:29:25z: SSID: Apollonia Students Halls
 0h00:03.023 2021/05/17T12:29:25z: AP_STAR tmr
 ets Jan  8 2013,rst cause:1, boot mode:(3,6)

load 0x4010f000, len 1384, room 16 
tail 8
chksum 0x2d
csum 0x2d
v8b899c12
~ld


6.01
 0h00:02.993 2021/05/17T12:49:21z: DS3231
 0h00:03.008 2021/05/17T12:49:21z: BME280 (0x76)
 0h00:03.023 2021/05/17T12:49:21z: 10:52:1c:4d:ae:9b
 0h00:03.024 2021/05/17T12:49:21z: SSID: Apollonia Students Halls
 0h00:03.029 2021/05/17T12:49:21z: AP_STAR tmr
 ets Jan  8 2013,rst cause:1, boot mode:(3,6)

load 0x4010f000, len 1384, room 16 
tail 8
chksum 0x2d
csum 0x2d
v8b899c12
~ld


6.01
 0h00:03.001 2021/05/17T13:09:17z: DS3231
 0h00:03.016 2021/05/17T13:09:17z: BME280 (0x76)
 0h00:03.031 2021/05/17T13:09:17z: 10:52:1c:4d:ae:9b
 0h00:03.032 2021/05/17T13:09:17z: SSID: Apollonia Students Halls
 0h00:03.037 2021/05/17T13:09:17z: AP_STAR tmr
 ets Jan  8 2013,rst cause:1, boot mode:(3,6)

load 0x4010f000, len 1384, room 16 
tail 8
chksum 0x2d
csum 0x2d
v8b899c12
~ld


6.01
 0h00:03.007 2021/05/17T13:29:13z: DS3231
 0h00:03.022 2021/05/17T13:29:13z: BME280 (0x76)
 0h00:03.036 2021/05/17T13:29:13z: 10:52:1c:4d:ae:9b
 0h00:03.038 2021/05/17T13:29:13z: SSID: Apollonia Students Halls
 0h00:03.043 2021/05/17T13:29:13z: AP_STAR tmr
 ets Jan  8 2013,rst cause:1, boot mode:(3,6)

load 0x4010f000, len 1384, room 16 
tail 8
chksum 0x2d
csum 0x2d
v8b899c12
~ld


6.01
 0h00:02.981 2021/05/17T13:49:09z: DS3231
 0h00:02.996 2021/05/17T13:49:09z: BME280 (0x76)
 0h00:03.010 2021/05/17T13:49:09z: 10:52:1c:4d:ae:9b
 0h00:03.012 2021/05/17T13:49:09z: SSID: Apollonia Students Halls
 0h00:03.017 2021/05/17T13:49:09z: AP_STAR tmr
 ets Jan  8 2013,rst cause:1, boot mode:(3,6)

load 0x4010f000, len 1384, room 16 
tail 8
chksum 0x2d
csum 0x2d
v8b899c12
~ld


6.01
 0h00:02.985 2021/05/17T14:09:05z: DS3231
 0h00:03.001 2021/05/17T14:09:05z: BME280 (0x76)
 0h00:03.015 2021/05/17T14:09:05z: 10:52:1c:4d:ae:9b
 0h00:03.016 2021/05/17T14:09:05z: SSID: Apollonia Students Halls
 0h00:03.022 2021/05/17T14:09:05z: AP_STAR tmr
 ets Jan  8 2013,rst cause:1, boot mode:(3,6)

load 0x4010f000, len 1384, room 16 
tail 8
chksum 0x2d
csum 0x2d
v8b899c12
~ld


6.01
 0h00:02.988 2021/05/17T14:29:01z: DS3231
 0h00:03.003 2021/05/17T14:29:01z: BME280 (0x76)
 0h00:03.018 2021/05/17T14:29:01z: 10:52:1c:4d:ae:9b
 0h00:03.019 2021/05/17T14:29:01z: SSID: Apollonia Students Halls
 0h00:03.025 2021/05/17T14:29:01z: AP_STAR tmr
 ets Jan  8 2013,rst cause:1, boot mode:(3,6)

load 0x4010f000, len 1384, room 16 
tail 8
chksum 0x2d
csum 0x2d
v8b899c12
~ld


6.01
 0h00:02.989 2021/05/17T14:48:57z: DS3231
 0h00:03.005 2021/05/17T14:48:57z: BME280 (0x76)
 0h00:03.019 2021/05/17T14:48:57z: 10:52:1c:4d:ae:9b
 0h00:03.020 2021/05/17T14:48:57z: SSID: Apollonia Students Halls
 0h00:03.026 2021/05/17T14:48:57z: AP_STAR tmr
 ets Jan  8 2013,rst cause:1, boot mode:(3,6)

load 0x4010f000, len 1384, room 16 
tail 8
chksum 0x2d
csum 0x2d
v8b899c12
~ld


6.01
 0h00:02.988 2021/05/17T15:08:53z: DS3231
 0h00:03.003 2021/05/17T15:08:53z: BME280 (0x76)
 0h00:03.017 2021/05/17T15:08:53z: 10:52:1c:4d:ae:9b
 0h00:03.019 2021/05/17T15:08:53z: SSID: Apollonia Students Halls
 0h00:03.024 2021/05/17T15:08:53z: AP_STAR tmr
 ets Jan  8 2013,rst cause:1, boot mode:(3,6)

load 0x4010f000, len 1384, room 16 
tail 8
chksum 0x2d
csum 0x2d
v8b899c12
~ld


6.01
 0h00:02.994 2021/05/17T15:28:49z: DS3231
 0h00:03.009 2021/05/17T15:28:49z: BME280 (0x76)
 0h00:03.023 2021/05/17T15:28:49z: 10:52:1c:4d:ae:9b
 0h00:03.025 2021/05/17T15:28:49z: SSID: Apollonia Students Halls
 0h00:03.030 2021/05/17T15:28:49z: AP_STAR tmr
 ets Jan  8 2013,rst cause:1, boot mode:(3,6)

load 0x4010f000, len 1384, room 16 
tail 8
chksum 0x2d
csum 0x2d
v8b899c12
~ld


6.01
 0h00:03.002 2021/05/17T15:48:45z: DS3231
 0h00:03.017 2021/05/17T15:48:45z: BME280 (0x76)
 0h00:03.031 2021/05/17T15:48:45z: 10:52:1c:4d:ae:9b
 0h00:03.033 2021/05/17T15:48:45z: SSID: Apollonia Students Halls
 0h00:03.038 2021/05/17T15:48:45z: AP_STAR tmr
 ets Jan  8 2013,rst cause:1, boot mode:(3,6)

load 0x4010f000, len 1384, room 16 
tail 8
chksum 0x2d
csum 0x2d
v8b899c12
~ld


6.01
 0h00:03.011 2021/05/17T16:08:41z: DS3231
 0h00:03.026 2021/05/17T16:08:41z: BME280 (0x76)
 0h00:03.040 2021/05/17T16:08:41z: 10:52:1c:4d:ae:9b
 0h00:03.042 2021/05/17T16:08:41z: SSID: Apollonia Students Halls
 0h00:03.047 2021/05/17T16:08:41z: AP_STAR tmr
 ets Jan  8 2013,rst cause:1, boot mode:(3,6)

load 0x4010f000, len 1384, room 16 
tail 8
chksum 0x2d
csum 0x2d
v8b899c12
~ld


6.01
 0h00:02.986 2021/05/17T16:28:37z: DS3231
 0h00:03.001 2021/05/17T16:28:37z: BME280 (0x76)
 0h00:03.015 2021/05/17T16:28:37z: 10:52:1c:4d:ae:9b
 0h00:03.017 2021/05/17T16:28:37z: SSID: Apollonia Students Halls
 0h00:03.022 2021/05/17T16:28:37z: AP_STAR tmr
 ets Jan  8 2013,rst cause:1, boot mode:(3,6)

load 0x4010f000, len 1384, room 16 
tail 8
chksum 0x2d
csum 0x2d
v8b899c12
~ld


6.01
 0h00:02.987 2021/05/17T16:48:33z: DS3231
 0h00:03.002 2021/05/17T16:48:33z: BME280 (0x76)
 0h00:03.016 2021/05/17T16:48:33z: 10:52:1c:4d:ae:9b
 0h00:03.018 2021/05/17T16:48:33z: SSID: Apollonia Students Halls
 0h00:03.023 2021/05/17T16:48:33z: AP_STAR tmr
 ets Jan  8 2013,rst cause:1, boot mode:(3,6)

load 0x4010f000, len 1384, room 16 
tail 8
chksum 0x2d
csum 0x2d
v8b899c12
~ld


6.01
 0h00:02.984 2021/05/17T17:08:29z: DS3231
 0h00:03.000 2021/05/17T17:08:29z: BME280 (0x76)
 0h00:03.014 2021/05/17T17:08:29z: 10:52:1c:4d:ae:9b
 0h00:03.016 2021/05/17T17:08:29z: SSID: Apollonia Students Halls
 0h00:03.021 2021/05/17T17:08:29z: AP_STAR tmr
 ets Jan  8 2013,rst cause:1, boot mode:(3,6)

load 0x4010f000, len 1384, room 16 
tail 8
chksum 0x2d
csum 0x2d
v8b899c12
~ld


6.01
 0h00:02.984 2021/05/17T17:28:25z: DS3231
 0h00:02.999 2021/05/17T17:28:25z: BME280 (0x76)
 0h00:03.014 2021/05/17T17:28:25z: 10:52:1c:4d:ae:9b
 0h00:03.015 2021/05/17T17:28:25z: SSID: Apollonia Students Halls
 0h00:03.021 2021/05/17T17:28:25z: AP_STAR tmr
 ets Jan  8 2013,rst cause:1, boot mode:(3,6)

load 0x4010f000, len 1384, room 16 
tail 8
chksum 0x2d
csum 0x2d
v8b899c12
~ld


6.01
 0h00:02.987 2021/05/17T17:48:21z: DS3231
 0h00:03.002 2021/05/17T17:48:22z: BME280 (0x76)
 0h00:03.016 2021/05/17T17:48:22z: 10:52:1c:4d:ae:9b
 0h00:03.018 2021/05/17T17:48:22z: SSID: Apollonia Students Halls
 0h00:03.023 2021/05/17T17:48:22z: AP_STAR tmr
 ets Jan  8 2013,rst cause:1, boot mode:(3,6)

load 0x4010f000, len 1384, room 16 
tail 8
chksum 0x2d
csum 0x2d
v8b899c12
~ld


6.01
 0h00:02.995 2021/05/17T18:08:18z: DS3231
 0h00:03.010 2021/05/17T18:08:18z: BME280 (0x76)
 0h00:03.024 2021/05/17T18:08:18z: 10:52:1c:4d:ae:9b
 0h00:03.026 2021/05/17T18:08:18z: SSID: Apollonia Students Halls
 0h00:03.031 2021/05/17T18:08:18z: AP_STAR tmr
 ets Jan  8 2013,rst cause:1, boot mode:(3,6)

load 0x4010f000, len 1384, room 16 
tail 8
chksum 0x2d
csum 0x2d
v8b899c12
~ld


6.01
 0h00:02.998 2021/05/17T18:28:14z: DS3231
 0h00:03.013 2021/05/17T18:28:14z: BME280 (0x76)
 0h00:03.027 2021/05/17T18:28:14z: 10:52:1c:4d:ae:9b
 0h00:03.029 2021/05/17T18:28:14z: SSID: Apollonia Students Halls
 0h00:03.034 2021/05/17T18:28:14z: AP_STAR tmr
 ets Jan  8 2013,rst cause:1, boot mode:(3,6)

load 0x4010f000, len 1384, room 16 
tail 8
chksum 0x2d
csum 0x2d
v8b899c12
~ld


6.01
 0h00:03.015 2021/05/17T18:48:10z: DS3231
 0h00:03.030 2021/05/17T18:48:10z: BME280 (0x76)
 0h00:03.045 2021/05/17T18:48:10z: 10:52:1c:4d:ae:9b
 0h00:03.046 2021/05/17T18:48:10z: SSID: Apollonia Students Halls
 0h00:03.051 2021/05/17T18:48:10z: AP_STAR tmr
 ets Jan  8 2013,rst cause:1, boot mode:(3,6)

load 0x4010f000, len 1384, room 16 
tail 8
chksum 0x2d
csum 0x2d
v8b899c12
~ld


6.01
 0h00:02.983 2021/05/17T19:08:06z: DS3231
 0h00:02.998 2021/05/17T19:08:06z: BME280 (0x76)
 0h00:03.013 2021/05/17T19:08:06z: 10:52:1c:4d:ae:9b
 0h00:03.014 2021/05/17T19:08:06z: SSID: Apollonia Students Halls
 0h00:03.019 2021/05/17T19:08:06z: AP_STAR tmr
 ets Jan  8 2013,rst cause:1, boot mode:(3,6)

load 0x4010f000, len 1384, room 16 
tail 8
chksum 0x2d
csum 0x2d
v8b899c12
~ld


6.01
 0h00:02.980 2021/05/17T19:28:02z: DS3231
 0h00:02.995 2021/05/17T19:28:02z: BME280 (0x76)
 0h00:03.010 2021/05/17T19:28:02z: 10:52:1c:4d:ae:9b
 0h00:03.011 2021/05/17T19:28:02z: SSID: Apollonia Students Halls
 0h00:03.017 2021/05/17T19:28:02z: AP_STAR tmr
 ets Jan  8 2013,rst cause:1, boot mode:(3,6)

load 0x4010f000, len 1384, room 16 
tail 8
chksum 0x2d
csum 0x2d
v8b899c12
~ld


6.01
 0h00:02.980 2021/05/17T19:47:57z: DS3231
 0h00:02.995 2021/05/17T19:47:57z: BME280 (0x76)
 0h00:03.009 2021/05/17T19:47:57z: 10:52:1c:4d:ae:9b
 0h00:03.011 2021/05/17T19:47:57z: SSID: Apollonia Students Halls
 0h00:03.016 2021/05/17T19:47:57z: AP_STAR tmr
 ets Jan  8 2013,rst cause:1, boot mode:(3,6)

load 0x4010f000, len 1384, room 16 
tail 8
chksum 0x2d
csum 0x2d
v8b899c12
~ld


6.01
 0h00:02.979 2021/05/17T20:07:53z: DS3231
 0h00:02.995 2021/05/17T20:07:53z: BME280 (0x76)
 0h00:03.009 2021/05/17T20:07:53z: 10:52:1c:4d:ae:9b
 0h00:03.010 2021/05/17T20:07:53z: SSID: Apollonia Students Halls
 0h00:03.016 2021/05/17T20:07:53z: AP_STAR tmr
 ets Jan  8 2013,rst cause:1, boot mode:(3,6)

load 0x4010f000, len 1384, room 16 
tail 8
chksum 0x2d
csum 0x2d
v8b899c12
~ld


6.01
 0h00:02.982 2021/05/17T20:27:49z: DS3231
 0h00:02.997 2021/05/17T20:27:49z: BME280 (0x76)
 0h00:03.011 2021/05/17T20:27:49z: 10:52:1c:4d:ae:9b
 0h00:03.013 2021/05/17T20:27:49z: SSID: Apollonia Students Halls
 0h00:03.018 2021/05/17T20:27:49z: AP_STAR tmr
 ets Jan  8 2013,rst cause:1, boot mode:(3,6)

load 0x4010f000, len 1384, room 16 
tail 8
chksum 0x2d
csum 0x2d
v8b899c12
~ld


6.01
 0h00:03.000 2021/05/17T20:47:46z: DS3231
 0h00:03.015 2021/05/17T20:47:46z: BME280 (0x76)
 0h00:03.029 2021/05/17T20:47:46z: 10:52:1c:4d:ae:9b
 0h00:03.031 2021/05/17T20:47:46z: SSID: Apollonia Students Halls
 0h00:03.036 2021/05/17T20:47:46z: AP_STAR tmr
 ets Jan  8 2013,rst cause:1, boot mode:(3,6)

load 0x4010f000, len 1384, room 16 
tail 8
chksum 0x2d
csum 0x2d
v8b899c12
~ld


6.01
 0h00:02.998 2021/05/17T21:07:42z: DS3231
 0h00:03.013 2021/05/17T21:07:42z: BME280 (0x76)
 0h00:03.027 2021/05/17T21:07:42z: 10:52:1c:4d:ae:9b
 0h00:03.029 2021/05/17T21:07:42z: SSID: Apollonia Students Halls
 0h00:03.034 2021/05/17T21:07:42z: AP_STAR tmr
 ets Jan  8 2013,rst cause:1, boot mode:(3,6)

load 0x4010f000, len 1384, room 16 
tail 8
chksum 0x2d
csum 0x2d
v8b899c12
~ld


6.01
 0h00:03.009 2021/05/17T21:27:38z: DS3231
 0h00:03.024 2021/05/17T21:27:38z: BME280 (0x76)
 0h00:03.038 2021/05/17T21:27:38z: 10:52:1c:4d:ae:9b
 0h00:03.040 2021/05/17T21:27:38z: SSID: Apollonia Students Halls
 0h00:03.045 2021/05/17T21:27:38z: AP_STAR tmr
 ets Jan  8 2013,rst cause:1, boot mode:(3,6)

load 0x4010f000, len 1384, room 16 
tail 8
chksum 0x2d
csum 0x2d
v8b899c12
~ld


6.01
 0h00:02.980 2021/05/17T21:47:34z: DS3231
 0h00:02.996 2021/05/17T21:47:34z: BME280 (0x76)
 0h00:03.010 2021/05/17T21:47:34z: 10:52:1c:4d:ae:9b
 0h00:03.011 2021/05/17T21:47:34z: SSID: Apollonia Students Halls
 0h00:03.017 2021/05/17T21:47:34z: AP_STAR tmr
 ets Jan  8 2013,rst cause:1, boot mode:(3,6)

load 0x4010f000, len 1384, room 16 
tail 8
chksum 0x2d
csum 0x2d
v8b899c12
~ld


6.01
 0h00:02.986 2021/05/17T22:07:30z: DS3231
 0h00:03.001 2021/05/17T22:07:30z: BME280 (0x76)
 0h00:03.015 2021/05/17T22:07:30z: 10:52:1c:4d:ae:9b
 0h00:03.017 2021/05/17T22:07:30z: SSID: Apollonia Students Halls
 0h00:03.022 2021/05/17T22:07:30z: AP_STAR tmr
 ets Jan  8 2013,rst cause:1, boot mode:(3,6)

load 0x4010f000, len 1384, room 16 
tail 8
chksum 0x2d
csum 0x2d
v8b899c12
~ld


6.01
 0h00:02.982 2021/05/17T22:27:25z: DS3231
 0h00:02.997 2021/05/17T22:27:25z: BME280 (0x76)
 0h00:03.012 2021/05/17T22:27:25z: 10:52:1c:4d:ae:9b
 0h00:03.013 2021/05/17T22:27:25z: SSID: Apollonia Students Halls
 0h00:03.018 2021/05/17T22:27:25z: AP_STAR tmr
 ets Jan  8 2013,rst cause:1, boot mode:(3,6)

load 0x4010f000, len 1384, room 16 
tail 8
chksum 0x2d
csum 0x2d
v8b899c12
~ld


6.01
 0h00:02.984 2021/05/17T22:47:22z: DS3231
 0h00:02.999 2021/05/17T22:47:22z: BME280 (0x76)
 0h00:03.013 2021/05/17T22:47:22z: 10:52:1c:4d:ae:9b
 0h00:03.015 2021/05/17T22:47:22z: SSID: Apollonia Students Halls
 0h00:03.020 2021/05/17T22:47:22z: AP_STAR tmr
 ets Jan  8 2013,rst cause:1, boot mode:(3,6)

load 0x4010f000, len 1384, room 16 
tail 8
chksum 0x2d
csum 0x2d
v8b899c12
~ld


6.01
 0h00:02.986 2021/05/17T23:07:18z: DS3231
 0h00:03.002 2021/05/17T23:07:18z: BME280 (0x76)
 0h00:03.016 2021/05/17T23:07:18z: 10:52:1c:4d:ae:9b
 0h00:03.018 2021/05/17T23:07:18z: SSID: Apollonia Students Halls
 0h00:03.023 2021/05/17T23:07:18z: AP_STAR tmr
 ets Jan  8 2013,rst cause:1, boot mode:(3,6)

load 0x4010f000, len 1384, room 16 
tail 8
chksum 0x2d
csum 0x2d
v8b899c12
~ld


6.01
 0h00:02.994 2021/05/17T23:27:13z: DS3231
 0h00:03.009 2021/05/17T23:27:13z: BME280 (0x76)
 0h00:03.024 2021/05/17T23:27:13z: 10:52:1c:4d:ae:9b
 0h00:03.025 2021/05/17T23:27:13z: SSID: Apollonia Students Halls
 0h00:03.031 2021/05/17T23:27:13z: AP_STAR tmr
 ets Jan  8 2013,rst cause:1, boot mode:(3,6)

load 0x4010f000, len 1384, room 16 
tail 8
chksum 0x2d
csum 0x2d
v8b899c12
~ld


6.01
 0h00:02.999 2021/05/17T23:47:09z: DS3231
 0h00:03.014 2021/05/17T23:47:09z: BME280 (0x76)
 0h00:03.028 2021/05/17T23:47:09z: 10:52:1c:4d:ae:9b
 0h00:03.030 2021/05/17T23:47:09z: SSID: Apollonia Students Halls
 0h00:03.035 2021/05/17T23:47:09z: AP_STA