R tmr
 ets Jan  8 2013,rst cause:1, boot mode:(3,7)

load 0x4010f000, len 1384, room 16 
tail 8
chksum 0x2d
csum 0x2d
v8b899c12
~ld


6.01
 0h00:03.026 2021/05/27T00:02:19z: DS3231
 0h00:03.042 2021/05/27T00:02:19z: BME280 (0x76)
 0h00:03.056 2021/05/27T00:02:19z: 10:52:1c:4d:af:f9
 0h00:03.058 2021/05/27T00:02:19z: SSID: Apollonia Students Halls
 0h00:03.063 2021/05/27T00:02:19z: AP_STAR tmr
 ets Jan  8 2013,rst cause:1, boot mode:(3,7)

load 0x4010f000, len 1384, room 16 
tail 8
chksum 0x2d
csum 0x2d
v8b899c12
~ld


6.01
 0h00:03.027 2021/05/27T00:22:14z: DS3231
 0h00:03.042 2021/05/27T00:22:14z: BME280 (0x76)
 0h00:03.056 2021/05/27T00:22:14z: 10:52:1c:4d:af:f9
 0h00:03.058 2021/05/27T00:22:14z: SSID: Apollonia Students Halls
 0h00:03.063 2021/05/27T00:22:14z: AP_STAR tmr
 ets Jan  8 2013,rst cause:1, boot mode:(3,7)

load 0x4010f000, len 1384, room 16 
tail 8
chksum 0x2d
csum 0x2d
v8b899c12
~ld


6.01
 0h00:03.005 2021/05/27T00:42:11z: DS3231
 0h00:03.020 2021/05/27T00:42:11z: BME280 (0x76)
 0h00:03.034 2021/05/27T00:42:11z: 10:52:1c:4d:af:f9
 0h00:03.036 2021/05/27T00:42:11z: SSID: Apollonia Students Halls
 0h00:03.041 2021/05/27T00:42:11z: AP_STAR tmr
 ets Jan  8 2013,rst cause:1, boot mode:(3,7)

load 0x4010f000, len 1384, room 16 
tail 8
chksum 0x2d
csum 0x2d
v8b899c12
~ld


6.01
 0h00:03.000 2021/05/27T01:02:07z: DS3231
 0h00:03.015 2021/05/27T01:02:07z: BME280 (0x76)
 0h00:03.029 2021/05/27T01:02:07z: 10:52:1c:4d:af:f9
 0h00:03.031 2021/05/27T01:02:07z: SSID: Apollonia Students Halls
 0h00:03.036 2021/05/27T01:02:07z: AP_STAR tmr
 ets Jan  8 2013,rst cause:1, boot mode:(3,7)

load 0x4010f000, len 1384, room 16 
tail 8
chksum 0x2d
csum 0x2d
v8b899c12
~ld


6.01
 0h00:03.004 2021/05/27T01:22:03z: DS3231
 0h00:03.019 2021/05/27T01:22:03z: BME280 (0x76)
 0h00:03.034 2021/05/27T01:22:03z: 10:52:1c:4d:af:f9
 0h00:03.035 2021/05/27T01:22:03z: SSID: Apollonia Students Halls
 0h00:03.040 2021/05/27T01:22:03z: AP_STAR tmr
 ets Jan  8 2013,rst cause:1, boot mode:(3,7)

load 0x4010f000, len 1384, room 16 
tail 8
chksum 0x2d
csum 0x2d
v8b899c12
~ld


6.01
 0h00:02.997 2021/05/27T01:41:59z: DS3231
 0h00:03.012 2021/05/27T01:41:59z: BME280 (0x76)
 0h00:03.026 2021/05/27T01:41:59z: 10:52:1c:4d:af:f9
 0h00:03.028 2021/05/27T01:41:59z: SSID: Apollonia Students Halls
 0h00:03.033 2021/05/27T01:41:59z: AP_STAR tmr
 ets Jan  8 2013,rst cause:1, boot mode:(3,7)

load 0x4010f000, len 1384, room 16 
tail 8
chksum 0x2d
csum 0x2d
v8b899c12
~ld


6.01
 0h00:03.003 2021/05/27T02:01:55z: DS3231
 0h00:03.018 2021/05/27T02:01:55z: BME280 (0x76)
 0h00:03.032 2021/05/27T02:01:55z: 10:52:1c:4d:af:f9
 0h00:03.034 2021/05/27T02:01:55z: SSID: Apollonia Students Halls
 0h00:03.039 2021/05/27T02:01:55z: AP_STAR tmr
 ets Jan  8 2013,rst cause:1, boot mode:(3,7)

load 0x4010f000, len 1384, room 16 
tail 8
chksum 0x2d
csum 0x2d
v8b899c12
~ld


6.01
 0h00:03.013 2021/05/27T02:21:51z: DS3231
 0h00:03.028 2021/05/27T02:21:51z: BME280 (0x76)
 0h00:03.042 2021/05/27T02:21:51z: 10:52:1c:4d:af:f9
 0h00:03.044 2021/05/27T02:21:51z: SSID: Apollonia Students Halls
 0h00:03.049 2021/05/27T02:21:51z: AP_STAR tmr
 ets Jan  8 2013,rst cause:1, boot mode:(3,7)

load 0x4010f000, len 1384, room 16 
tail 8
chksum 0x2d
csum 0x2d
v8b899c12
~ld


6.01
 0h00:03.019 2021/05/27T02:41:47z: DS3231
 0h00:03.034 2021/05/27T02:41:47z: BME280 (0x76)
 0h00:03.048 2021/05/27T02:41:47z: 10:52:1c:4d:af:f9
 0h00:03.050 2021/05/27T02:41:47z: SSID: Apollonia Students Halls
 0h00:03.055 2021/05/27T02:41:47z: AP_STAR tmr
 ets Jan  8 2013,rst cause:1, boot mode:(3,7)

load 0x4010f000, len 1384, room 16 
tail 8
chksum 0x2d
csum 0x2d
v8b899c12
~ld


6.01
 0h00:03.025 2021/05/27T03:01:42z: DS3231
 0h00:03.040 2021/05/27T03:01:42z: BME280 (0x76)
 0h00:03.054 2021/05/27T03:01:42z: 10:52:1c:4d:af:f9
 0h00:03.056 2021/05/27T03:01:42z: SSID: Apollonia Students Halls
 0h00:03.061 2021/05/27T03:01:42z: AP_STAR tmr
 ets Jan  8 2013,rst cause:1, boot mode:(3,7)

load 0x4010f000, len 1384, room 16 
tail 8
chksum 0x2d
csum 0x2d
v8b899c12
~ld


6.01
 0h00:02.997 2021/05/27T03:21:39z: DS3231
 0h00:03.013 2021/05/27T03:21:39z: BME280 (0x76)
 0h00:03.027 2021/05/27T03:21:39z: 10:52:1c:4d:af:f9
 0h00:03.028 2021/05/27T03:21:39z: SSID: Apollonia Students Halls
 0h00:03.034 2021/05/27T03:21:39z: AP_STAR tmr
 ets Jan  8 2013,rst cause:1, boot mode:(3,7)

load 0x4010f000, len 1384, room 16 
tail 8
chksum 0x2d
csum 0x2d
v8b899c12
~ld


6.01
 0h00:02.996 2021/05/27T03:41:35z: DS3231
 0h00:03.011 2021/05/27T03:41:35z: BME280 (0x76)
 0h00:03.025 2021/05/27T03:41:35z: 10:52:1c:4d:af:f9
 0h00:03.027 2021/05/27T03:41:35z: SSID: Apollonia Students Halls
 0h00:03.032 2021/05/27T03:41:35z: AP_STAR tmr
 ets Jan  8 2013,rst cause:1, boot mode:(3,7)

load 0x4010f000, len 1384, room 16 
tail 8
chksum 0x2d
csum 0x2d
v8b899c12
~ld


6.01
 0h00:03.002 2021/05/27T04:01:31z: DS3231
 0h00:03.017 2021/05/27T04:01:31z: BME280 (0x76)
 0h00:03.031 2021/05/27T04:01:31z: 10:52:1c:4d:af:f9
 0h00:03.033 2021/05/27T04:01:31z: SSID: Apollonia Students Halls
 0h00:03.038 2021/05/27T04:01:31z: AP_STAR tmr
 ets Jan  8 2013,rst cause:1, boot mode:(3,7)

load 0x4010f000, len 1384, room 16 
tail 8
chksum 0x2d
csum 0x2d
v8b899c12
~ld


6.01
 0h00:03.005 2021/05/27T04:21:26z: DS3231
 0h00:03.020 2021/05/27T04:21:26z: BME280 (0x76)
 0h00:03.034 2021/05/27T04:21:26z: 10:52:1c:4d:af:f9
 0h00:03.036 2021/05/27T04:21:26z: SSID: Apollonia Students Halls
 0h00:03.041 2021/05/27T04:21:26z: AP_STAR tmr
 ets Jan  8 2013,rst cause:1, boot mode:(3,7)

load 0x4010f000, len 1384, room 16 
tail 8
chksum 0x2d
csum 0x2d
v8b899c12
~ld


6.01
 0h00:03.004 2021/05/27T04:41:23z: DS3231
 0h00:03.019 2021/05/27T04:41:23z: BME280 (0x76)
 0h00:03.033 2021/05/27T04:41:23z: 10:52:1c:4d:af:f9
 0h00:03.035 2021/05/27T04:41:23z: SSID: Apollonia Students Halls
 0h00:03.040 2021/05/27T04:41:23z: AP_STAR tmr
 ets Jan  8 2013,rst cause:1, boot mode:(3,7)

load 0x4010f000, len 1384, room 16 
tail 8
chksum 0x2d
csum 0x2d
v8b899c12
~ld


6.01
 0h00:03.009 2021/05/27T05:01:18z: DS3231
 0h00:03.025 2021/05/27T05:01:18z: BME280 (0x76)
 0h00:03.039 2021/05/27T05:01:18z: 10:52:1c:4d:af:f9
 0h00:03.040 2021/05/27T05:01:18z: SSID: Apollonia Students Halls
 0h00:03.046 2021/05/27T05:01:18z: AP_STAR tmr
 ets Jan  8 2013,rst cause:1, boot mode:(3,7)

load 0x4010f000, len 1384, room 16 
tail 8
chksum 0x2d
csum 0x2d
v8b899c12
~ld


6.01
 0h00:03.006 2021/05/27T05:21:14z: DS3231
 0h00:03.022 2021/05/27T05:21:14z: BME280 (0x76)
 0h00:03.036 2021/05/27T05:21:14z: 10:52:1c:4d:af:f9
 0h00:03.037 2021/05/27T05:21:14z: SSID: Apollonia Students Halls
 0h00:03.043 2021/05/27T05:21:14z: AP_STAR tmr
 ets Jan  8 2013,rst cause:1, boot mode:(3,7)

load 0x4010f000, len 1384, room 16 
tail 8
chksum 0x2d
csum 0x2d
v8b899c12
~ld


6.01
 0h00:03.016 2021/05/27T05:41:11z: DS3231
 0h00:03.031 2021/05/27T05:41:11z: BME280 (0x76)
 0h00:03.045 2021/05/27T05:41:11z: 10:52:1c:4d:af:f9
 0h00:03.047 2021/05/27T05:41:11z: SSID: Apollonia Students Halls
 0h00:03.052 2021/05/27T05:41:11z: AP_STAR tmr
 ets Jan  8 2013,rst cause:1, boot mode:(3,7)

load 0x4010f000, len 1384, room 16 
tail 8
chksum 0x2d
csum 0x2d
v8b899c12
~ld


6.01
 0h00:03.018 2021/05/27T06:01:07z: DS3231
 0h00:03.033 2021/05/27T06:01:07z: BME280 (0x76)
 0h00:03.047 2021/05/27T06:01:07z: 10:52:1c:4d:af:f9
 0h00:03.049 2021/05/27T06:01:07z: SSID: Apollonia Students Halls
 0h00:03.054 2021/05/27T06:01:07z: AP_STAR tmr
 ets Jan  8 2013,rst cause:1, boot mode:(3,7)

load 0x4010f000, len 1384, room 16 
tail 8
chksum 0x2d
csum 0x2d
v8b899c12
~ld


6.01
 0h00:03.033 2021/05/27T06:21:03z: DS3231
 0h00:03.048 2021/05/27T06:21:03z: BME280 (0x76)
 0h00:03.062 2021/05/27T06:21:03z: 10:52:1c:4d:af:f9
 0h00:03.064 2021/05/27T06:21:03z: SSID: Apollonia Students Halls
 0h00:03.069 2021/05/27T06:21:03z: AP_STAR tmr
 ets Jan  8 2013,rst cause:1, boot mode:(3,7)

load 0x4010f000, len 1384, room 16 
tail 8
chksum 0x2d
csum 0x2d
v8b899c12
~ld


6.01
 0h00:02.998 2021/05/27T06:41:00z: DS3231
 0h00:03.013 2021/05/27T06:41:00z: BME280 (0x76)
 0h00:03.028 2021/05/27T06:41:00z: 10:52:1c:4d:af:f9
 0h00:03.029 2021/05/27T06:41:00z: SSID: Apollonia Students Halls
 0h00:03.034 2021/05/27T06:41:00z: AP_STAR tmr
 ets Jan  8 2013,rst cause:1, boot mode:(3,7)

load 0x4010f000, len 1384, room 16 
tail 8
chksum 0x2d
csum 0x2d
v8b899c12
~ld


6.01
 0h00:03.025 2021/05/27T07:00:55z: DS3231
 0h00:03.040 2021/05/27T07:00:55z: BME280 (0x76)
 0h00:03.055 2021/05/27T07:00:55z: 10:52:1c:4d:af:f9
 0h00:03.056 2021/05/27T07:00:55z: SSID: Apollonia Students Halls
 0h00:03.061 2021/05/27T07:00:55z: AP_STAR tmr
 ets Jan  8 2013,rst cause:1, boot mode:(3,7)

load 0x4010f000, len 1384, room 16 
tail 8
chksum 0x2d
csum 0x2d
v8b899c12
~ld


6.01
 0h00:02.997 2021/05/27T07:20:52z: DS3231
 0h00:03.013 2021/05/27T07:20:52z: BME280 (0x76)
 0h00:03.027 2021/05/27T07:20:52z: 10:52:1c:4d:af:f9
 0h00:03.028 2021/05/27T07:20:52z: SSID: Apollonia Students Halls
 0h00:03.034 2021/05/27T07:20:52z: AP_STAR tmr
 ets Jan  8 2013,rst cause:1, boot mode:(3,7)

load 0x4010f000, len 1384, room 16 
tail 8
chksum 0x2d
csum 0x2d
v8b899c12
~ld


6.01
 0h00:02.998 2021/05/27T07:40:48z: DS3231
 0h00:03.014 2021/05/27T07:40:48z: BME280 (0x76)
 0h00:03.028 2021/05/27T07:40:48z: 10:52:1c:4d:af:f9
 0h00:03.029 2021/05/27T07:40:48z: SSID: Apollonia Students Halls
 0h00:03.035 2021/05/27T07:40:48z: AP_STAR tmr
 ets Jan  8 2013,rst cause:1, boot mode:(3,7)

load 0x4010f000, len 1384, room 16 
tail 8
chksum 0x2d
csum 0x2d
v8b899c12
~ld


6.01
 0h00:02.998 2021/05/27T08:00:44z: DS3231
 0h00:03.013 2021/05/27T08:00:44z: BME280 (0x76)
 0h00:03.027 2021/05/27T08:00:44z: 10:52:1c:4d:af:f9
 0h00:03.029 2021/05/27T08:00:44z: SSID: Apollonia Students Halls
 0h00:03.034 2021/05/27T08:00:44z: AP_STAR tmr
 ets Jan  8 2013,rst cause:1, boot mode:(3,7)

load 0x4010f000, len 1384, room 16 
tail 8
chksum 0x2d
csum 0x2d
v8b899c12
~ld


6.01
 0h00:03.000 2021/05/27T08:20:40z: DS3231
 0h00:03.016 2021/05/27T08:20:40z: BME280 (0x76)
 0h00:03.030 2021/05/27T08:20:40z: 10:52:1c:4d:af:f9
 0h00:03.032 2021/05/27T08:20:40z: SSID: Apollonia Students Halls
 0h00:03.037 2021/05/27T08:20:40z: AP_STAR tmr
 ets Jan  8 2013,rst cause:1, boot mode:(3,7)

load 0x4010f000, len 1384, room 16 
tail 8
chksum 0x2d
csum 0x2d
v8b899c12
~ld


6.01
 0h00:03.002 2021/05/27T08:40:37z: DS3231
 0h00:03.018 2021/05/27T08:40:37z: BME280 (0x76)
 0h00:03.032 2021/05/27T08:40:37z: 10:52:1c:4d:af:f9
 0h00:03.034 2021/05/27T08:40:37z: SSID: Apollonia Students Halls
 0h00:03.039 2021/05/27T08:40:37z: AP_STAR tmr
 ets Jan  8 2013,rst cause:1, boot mode:(3,7)

load 0x4010f000, len 1384, room 16 
tail 8
chksum 0x2d
csum 0x2d
v8b899c12
~ld


6.01
 0h00:03.014 2021/05/27T09:00:33z: DS3231
 0h00:03.029 2021/05/27T09:00:33z: BME280 (0x76)
 0h00:03.043 2021/05/27T09:00:33z: 10:52:1c:4d:af:f9
 0h00:03.045 2021/05/27T09:00:33z: SSID: Apollonia Students Halls
 0h00:03.050 2021/05/27T09:00:33z: AP_STAR tmr
 ets Jan  8 2013,rst cause:1, boot mode:(3,7)

load 0x4010f000, len 1384, room 16 
tail 8
chksum 0x2d
csum 0x2d
v8b899c12
~ld


6.01
 0h00:03.019 2021/05/27T09:20:29z: DS3231
 0h00:03.034 2021/05/27T09:20:30z: BME280 (0x76)
 0h00:03.048 2021/05/27T09:20:30z: 10:52:1c:4d:af:f9
 0h00:03.050 2021/05/27T09:20:30z: SSID: Apollonia Students Halls
 0h00:03.055 2021/05/27T09:20:30z: AP_STAR tmr
 ets Jan  8 2013,rst cause:1, boot mode:(3,7)

load 0x4010f000, len 1384, room 16 
tail 8
chksum 0x2d
csum 0x2d
v8b899c12
~ld


6.01
 0h00:03.027 2021/05/27T09:40:25z: DS3231
 0h00:03.043 2021/05/27T09:40:25z: BME280 (0x76)
 0h00:03.057 2021/05/27T09:40:25z: 10:52:1c:4d:af:f9
 0h00:03.058 2021/05/27T09:40:25z: SSID: Apollonia Students Halls
 0h00:03.064 2021/05/27T09:40:25z: AP_STAR tmr
 ets Jan  8 2013,rst cause:1, boot mode:(3,7)

load 0x4010f000, len 1384, room 16 
tail 8
chksum 0x2d
csum 0x2d
v8b899c12
~ld


6.01
 0h00:03.009 2021/05/27T10:00:22z: DS3231
 0h00:03.024 2021/05/27T10:00:22z: BME280 (0x76)
 0h00:03.038 2021/05/27T10:00:22z: 10:52:1c:4d:af:f9
 0h00:03.040 2021/05/27T10:00:22z: SSID: Apollonia Students Halls
 0h00:03.045 2021/05/27T10:00:22z: AP_STAR tmr
 ets Jan  8 2013,rst cause:1, boot mode:(3,7)

load 0x4010f000, len 1384, room 16 
tail 8
chksum 0x2d
csum 0x2d
v8b899c12
~ld


6.01
 0h00:03.022 2021/05/27T10:20:18z: DS3231
 0h00:03.037 2021/05/27T10:20:18z: BME280 (0x76)
 0h00:03.051 2021/05/27T10:20:18z: 10:52:1c:4d:af:f9
 0h00:03.053 2021/05/27T10:20:18z: SSID: Apollonia Students Halls
 0h00:03.058 2021/05/27T10:20:18z: AP_STAR tmr
 ets Jan  8 2013,rst cause:1, boot mode:(3,7)

load 0x4010f000, len 1384, room 16 
tail 8
chksum 0x2d
csum 0x2d
v8b899c12
~ld


6.01
 0h00:03.015 2021/05/27T10:40:14z: DS3231
 0h00:03.030 2021/05/27T10:40:14z: BME280 (0x76)
 0h00:03.044 2021/05/27T10:40:14z: 10:52:1c:4d:af:f9
 0h00:03.046 2021/05/27T10:40:14z: SSID: Apollonia Students Halls
 0h00:03.051 2021/05/27T10:40:14z: AP_STAR tmr
 ets Jan  8 2013,rst cause:1, boot mode:(3,7)

load 0x4010f000, len 1384, room 16 
tail 8
chksum 0x2d
csum 0x2d
v8b899c12
~ld


6.01
 0h00:03.030 2021/05/27T11:53:38z: DS3231
 0h00:03.045 2021/05/27T11:53:38z: BME280 (0x76)
 0h00:03.060 2021/05/27T11:53:38z: 10:52:1c:4d:af:f9
 0h00:03.061 2021/05/27T11:53:38z: SSID: Apollonia Students Halls
 0h00:03.066 2021/05/27T11:53:38z: AP_STAR tmr
 ets Jan  8 2013,rst cause:1, boot mode:(3,7)

load 0x4010f000, len 1384, room 16 
tail 8
chksum 0x2d
csum 0x2d
v8b899c12
~ld


6.01
 0h00:03.002 2021/05/27T12:13:34z: DS3231
 0h00:03.018 2021/05/27T12:13:34z: BME280 (0x76)
 0h00:03.032 2021/05/27T12:13:34z: 10:52:1c:4d:af:f9
 0h00:03.033 2021/05/27T12:13:34z: SSID: Apollonia Students Halls
 0h00:03.039 2021/05/27T12:13:34z: AP_STAR tmr
 ets Jan  8 2013,rst cause:1, boot mode:(3,7)

load 0x4010f000, len 1384, room 16 
tail 8
chksum 0x2d
csum 0x2d
v8b899c12
~ld


6.01
 0h00:03.004 2021/05/27T12:33:30z: DS3231
 0h00:03.019 2021/05/27T12:33:30z: BME280 (0x76)
 0h00:03.033 2021/05/27T12:33:30z: 10:52:1c:4d:af:f9
 0h00:03.035 2021/05/27T12:33:30z: SSID: Apollonia Students Halls
 0h00:03.040 2021/05/27T12:33:30z: AP_STAR tmr
 ets Jan  8 2013,rst cause:1, boot mode:(3,7)

load 0x4010f000, len 1384, room 16 
tail 8
chksum 0x2d
csum 0x2d
v8b899c12
~ld


6.01
 0h00:03.003 2021/05/27T12:53:26z: DS3231
 0h00:03.019 2021/05/27T12:53:26z: BME280 (0x76)
 0h00:03.033 2021/05/27T12:53:26z: 10:52:1c:4d:af:f9
 0h00:03.035 2021/05/27T12:53:26z: SSID: Apollonia Students Halls
 0h00:03.040 2021/05/27T12:53:26z: AP_STAR tmr
 ets Jan  8 2013,rst cause:1, boot mode:(3,7)

load 0x4010f000, len 1384, room 16 
tail 8
chksum 0x2d
csum 0x2d
v8b899c12
~ld


6.01
 0h00:03.003 2021/05/27T13:13:22z: DS3231
 0h00:03.018 2021/05/27T13:13:22z: BME280 (0x76)
 0h00:03.032 2021/05/27T13:13:22z: 10:52:1c:4d:af:f9
 0h00:03.034 2021/05/27T13:13:22z: SSID: Apollonia Students Halls
 0h00:03.039 2021/05/27T13:13:22z: AP_STAR tmr
 ets Jan  8 2013,rst cause:1, boot mode:(3,7)

load 0x4010f000, len 1384, room 16 
tail 8
chksum 0x2d
csum 0x2d
v8b899c12
~ld


6.01
 0h00:03.002 2021/05/27T13:33:18z: DS3231
 0h00:03.017 2021/05/27T13:33:18z: BME280 (0x76)
 0h00:03.031 2021/05/27T13:33:18z: 10:52:1c:4d:af:f9
 0h00:03.033 2021/05/27T13:33:18z: SSID: Apollonia Students Halls
 0h00:03.038 2021/05/27T13:33:18z: AP_STAR tmr
 ets Jan  8 2013,rst cause:1, boot mode:(3,7)

load 0x4010f000, len 1384, room 16 
tail 8
chksum 0x2d
csum 0x2d
v8b899c12
~ld


6.01
 0h00:03.006 2021/05/27T13:53:14z: DS3231
 0h00:03.021 2021/05/27T13:53:14z: BME280 (0x76)
 0h00:03.035 2021/05/27T13:53:14z: 10:52:1c:4d:af:f9
 0h00:03.037 2021/05/27T13:53:14z: SSID: Apollonia Students Halls
 0h00:03.042 2021/05/27T13:53:14z: AP_STAR tmr
 ets Jan  8 2013,rst cause:1, boot mode:(3,7)

load 0x4010f000, len 1384, room 16 
tail 8
chksum 0x2d
csum 0x2d
v8b899c12
~ld


6.01
 0h00:03.016 2021/05/27T14:13:10z: DS3231
 0h00:03.031 2021/05/27T14:13:10z: BME280 (0x76)
 0h00:03.045 2021/05/27T14:13:10z: 10:52:1c:4d:af:f9
 0h00:03.047 2021/05/27T14:13:10z: SSID: Apollonia Students Halls
 0h00:03.052 2021/05/27T14:13:10z: AP_STAR tmr
 ets Jan  8 2013,rst cause:1, boot mode:(3,7)

load 0x4010f000, len 1384, room 16 
tail 8
chksum 0x2d
csum 0x2d
v8b899c12
~ld


6.01
 0h00:03.024 2021/05/27T14:33:06z: DS3231
 0h00:03.039 2021/05/27T14:33:06z: BME280 (0x76)
 0h00:03.053 2021/05/27T14:33:06z: 10:52:1c:4d:af:f9
 0h00:03.055 2021/05/27T14:33:06z: SSID: Apollonia Students Halls
 0h00:03.060 2021/05/27T14:33:06z: AP_STAR tmr
 ets Jan  8 2013,rst cause:1, boot mode:(3,7)

load 0x4010f000, len 1384, room 16 
tail 8
chksum 0x2d
csum 0x2d
v8b899c12
~ld


6.01
 0h00:03.006 2021/05/27T14:53:02z: DS3231
 0h00:03.022 2021/05/27T14:53:02z: BME280 (0x76)
 0h00:03.036 2021/05/27T14:53:02z: 10:52:1c:4d:af:f9
 0h00:03.037 2021/05/27T14:53:02z: SSID: Apollonia Students Halls
 0h00:03.043 2021/05/27T14:53:02z: AP_STAR tmr
 ets Jan  8 2013,rst cause:1, boot mode:(3,7)

load 0x4010f000, len 1384, room 16 
tail 8
chksum 0x2d
csum 0x2d
v8b899c12
~ld


6.01
 0h00:03.001 2021/05/27T15:12:58z: DS3231
 0h00:03.016 2021/05/27T15:12:58z: BME280 (0x76)
 0h00:03.030 2021/05/27T15:12:58z: 10:52:1c:4d:af:f9
 0h00:03.032 2021/05/27T15:12:58z: SSID: Apollonia Students Halls
 0h00:03.037 2021/05/27T15:12:58z: AP_STAR tmr
 ets Jan  8 2013,rst cause:1, boot mode:(3,7)

load 0x4010f000, len 1384, room 16 
tail 8
chksum 0x2d
csum 0x2d
v8b899c12
~ld


6.01
 0h00:02.999 2021/05/27T15:32:55z: DS3231
 0h00:03.014 2021/05/27T15:32:55z: BME280 (0x76)
 0h00:03.028 2021/05/27T15:32:55z: 10:52:1c:4d:af:f9
 0h00:03.030 2021/05/27T15:32:55z: SSID: Apollonia Students Halls
 0h00:03.035 2021/05/27T15:32:55z: AP_STAR tmr
 ets Jan  8 2013,rst cause:1, boot mode:(3,7)

load 0x4010f000, len 1384, room 16 
tail 8
chksum 0x2d
csum 0x2d
v8b899c12
~ld


6.01
 0h00:02.999 2021/05/27T15:52:51z: DS3231
 0h00:03.014 2021/05/27T15:52:51z: BME280 (0x76)
 0h00:03.028 2021/05/27T15:52:51z: 10:52:1c:4d:af:f9
 0h00:03.030 2021/05/27T15:52:51z: SSID: Apollonia Students Halls
 0h00:03.035 2021/05/27T15:52:51z: AP_STAR tmr
 ets Jan  8 2013,rst cause:1, boot mode:(3,7)

load 0x4010f000, len 1384, room 16 
tail 8
chksum 0x2d
csum 0x2d
v8b899c12
~ld


6.01
 0h00:03.010 2021/05/27T16:12:47z: DS3231
 0h00:03.026 2021/05/27T16:12:47z: BME280 (0x76)
 0h00:03.040 2021/05/27T16:12:47z: 10:52:1c:4d:af:f9
 0h00:03.041 2021/05/27T16:12:47z: SSID: Apollonia Students Halls
 0h00:03.047 2021/05/27T16:12:47z: AP_STAR tmr
 ets Jan  8 2013,rst cause:1, boot mode:(3,7)

load 0x4010f000, len 1384, room 16 
tail 8
chksum 0x2d
csum 0x2d
v8b899c12
~ld


6.01
 0h00:03.012 2021/05/27T16:32:43z: DS3231
 0h00:03.027 2021/05/27T16:32:43z: BME280 (0x76)
 0h00:03.041 2021/05/27T16:32:43z: 10:52:1c:4d:af:f9
 0h00:03.043 2021/05/27T16:32:43z: SSID: Apollonia Students Halls
 0h00:03.048 2021/05/27T16:32:43z: AP_STAR tmr
 ets Jan  8 2013,rst cause:1, boot mode:(3,7)

load 0x4010f000, len 1384, room 16 
tail 8
chksum 0x2d
csum 0x2d
v8b899c12
~ld


6.01
 0h00:03.013 2021/05/27T16:52:39z: DS3231
 0h00:03.028 2021/05/27T16:52:39z: BME280 (0x76)
 0h00:03.043 2021/05/27T16:52:39z: 10:52:1c:4d:af:f9
 0h00:03.044 2021/05/27T16:52:39z: SSID: Apollonia Students Halls
 0h00:03.050 2021/05/27T16:52:39z: AP_STAR tmr
 ets Jan  8 2013,rst cause:1, boot mode:(3,7)

load 0x4010f000, len 1384, room 16 
tail 8
chksum 0x2d
csum 0x2d
v8b899c12
~ld


6.01
 0h00:03.025 2021/05/27T17:12:35z: DS3231
 0h00:03.041 2021/05/27T17:12:35z: BME280 (0x76)
 0h00:03.055 2021/05/27T17:12:35z: 10:52:1c:4d:af:f9
 0h00:03.056 2021/05/27T17:12:35z: SSID: Apollonia Students Halls
 0h00:03.062 2021/05/27T17:12:35z: AP_STAR tmr
 ets Jan  8 2013,rst cause:1, boot mode:(3,7)

load 0x4010f000, len 1384, room 16 
tail 8
chksum 0x2d
csum 0x2d
v8b899c12
~ld


6.01
 0h00:02.999 2021/05/27T17:32:30z: DS3231
 0h00:03.015 2021/05/27T17:32:30z: BME280 (0x76)
 0h00:03.029 2021/05/27T17:32:30z: 10:52:1c:4d:af:f9
 0h00:03.030 2021/05/27T17:32:30z: SSID: Apollonia Students Halls
 0h00:03.036 2021/05/27T17:32:30z: AP_STAR tmr
 ets Jan  8 2013,rst cause:1, boot mode:(3,7)

load 0x4010f000, len 1384, room 16 
tail 8
chksum 0x2d
csum 0x2d
v8b899c12
~ld


6.01
 0h00:02.997 2021/05/27T17:52:26z: DS3231
 0h00:03.012 2021/05/27T17:52:26z: BME280 (0x76)
 0h00:03.027 2021/05/27T17:52:26z: 10:52:1c:4d:af:f9
 0h00:03.028 2021/05/27T17:52:26z: SSID: Apollonia Students Halls
 0h00:03.033 2021/05/27T17:52:26z: AP_STAR tmr
 ets Jan  8 2013,rst cause:1, boot mode:(3,7)

load 0x4010f000, len 1384, room 16 
tail 8
chksum 0x2d
csum 0x2d
v8b899c12
~ld


6.01
 0h00:02.993 2021/05/27T18:12:22z: DS3231
 0h00:03.008 2021/05/27T18:12:22z: BME280 (0x76)
 0h00:03.023 2021/05/27T18:12:22z: 10:52:1c:4d:af:f9
 0h00:03.024 2021/05/27T18:12:22z: SSID: Apollonia Students Halls
 0h00:03.029 2021/05/27T18:12:22z: AP_STAR tmr
 ets Jan  8 2013,rst cause:1, boot mode:(3,7)

load 0x4010f000, len 1384, room 16 
tail 8
chksum 0x2d
csum 0x2d
v8b899c12
~ld


6.01
 0h00:02.999 2021/05/27T18:32:18z: DS3231
 0h00:03.015 2021/05/27T18:32:18z: BME280 (0x76)
 0h00:03.029 2021/05/27T18:32:18z: 10:52:1c:4d:af:f9
 0h00:03.031 2021/05/27T18:32:18z: SSID: Apollonia Students Halls
 0h00:03.036 2021/05/27T18:32:18z: AP_STAR tmr
 ets Jan  8 2013,rst cause:1, boot mode:(3,7)

load 0x4010f000, len 1384, room 16 
tail 8
chksum 0x2d
csum 0x2d
v8b899c12
~ld


6.01
 0h00:03.003 2021/05/27T18:52:14z: DS3231
 0h00:03.018 2021/05/27T18:52:14z: BME280 (0x76)
 0h00:03.032 2021/05/27T18:52:14z: 10:52:1c:4d:af:f9
 0h00:03.034 2021/05/27T18:52:14z: SSID: Apollonia Students Halls
 0h00:03.039 2021/05/27T18:52:14z: AP_STAR tmr
 ets Jan  8 2013,rst cause:1, boot mode:(3,7)

load 0x4010f000, len 1384, room 16 
tail 8
chksum 0x2d
csum 0x2d
v8b899c12
~ld


6.01
 0h00:03.013 2021/05/27T19:12:10z: DS3231
 0h00:03.029 2021/05/27T19:12:10z: BME280 (0x76)
 0h00:03.043 2021/05/27T19:12:10z: 10:52:1c:4d:af:f9
 0h00:03.045 2021/05/27T19:12:10z: SSID: Apollonia Students Halls
 0h00:03.050 2021/05/27T19:12:10z: AP_STAR tmr
 ets Jan  8 2013,rst cause:1, boot mode:(3,7)

load 0x4010f000, len 1384, room 16 
tail 8
chksum 0x2d
csum 0x2d
v8b899c12
~ld


6.01
 0h00:03.016 2021/05/27T19:32:07z: DS3231
 0h00:03.031 2021/05/27T19:32:07z: BME280 (0x76)
 0h00:03.046 2021/05/27T19:32:07z: 10:52:1c:4d:af:f9
 0h00:03.047 2021/05/27T19:32:07z: SSID: Apollonia Students Halls
 0h00:03.052 2021/05/27T19:32:07z: AP_STAR tmr
 ets Jan  8 2013,rst cause:1, boot mode:(3,7)

load 0x4010f000, len 1384, room 16 
tail 8
chksum 0x2d
csum 0x2d
v8b899c12
~ld


6.01
 0h00:03.025 2021/05/27T19:52:02z: DS3231
 0h00:03.040 2021/05/27T19:52:02z: BME280 (0x76)
 0h00:03.054 2021/05/27T19:52:02z: 10:52:1c:4d:af:f9
 0h00:03.056 2021/05/27T19:52:02z: SSID: Apollonia Students Halls
 0h00:03.061 2021/05/27T19:52:02z: AP_STAR tmr
 ets Jan  8 2013,rst cause:1, boot mode:(3,7)

load 0x4010f000, len 1384, room 16 
tail 8
chksum 0x2d
csum 0x2d
v8b899c12
~ld


6.01
 0h00:03.009 2021/05/27T20:11:58z: DS3231
 0h00:03.024 2021/05/27T20:11:58z: BME280 (0x76)
 0h00:03.039 2021/05/27T20:11:59z: 10:52:1c:4d:af:f9
 0h00:03.040 2021/05/27T20:11:59z: SSID: Apollonia Students Halls
 0h00:03.046 2021/05/27T20:11:59z: AP_STAR tmr
 ets Jan  8 2013,rst cause:1, boot mode:(3,7)

load 0x4010f000, len 1384, room 16 
tail 8
chksum 0x2d
csum 0x2d
v8b899c12
~ld


6.01
 0h00:02.995 2021/05/27T20:31:54z: DS3231
 0h00:03.010 2021/05/27T20:31:54z: BME280 (0x76)
 0h00:03.024 2021/05/27T20:31:54z: 10:52:1c:4d:af:f9
 0h00:03.026 2021/05/27T20:31:54z: SSID: Apollonia Students Halls
 0h00:03.031 2021/05/27T20:31:54z: AP_STAR tmr
 ets Jan  8 2013,rst cause:1, boot mode:(3,7)

load 0x4010f000, len 1384, room 16 
tail 8
chksum 0x2d
csum 0x2d
v8b899c12
~ld


6.01
 0h00:02.998 2021/05/27T20:51:50z: DS3231
 0h00:03.013 2021/05/27T20:51:51z: BME280 (0x76)
 0h00:03.027 2021/05/27T20:51:51z: 10:52:1c:4d:af:f9
 0h00:03.029 2021/05/27T20:51:51z: SSID: Apollonia Students Halls
 0h00:03.034 2021/05/27T20:51:51z: AP_STAR tmr
 ets Jan  8 2013,rst cause:1, boot mode:(3,7)

load 0x4010f000, len 1384, room 16 
tail 8
chksum 0x2d
csum 0x2d
v8b899c12
~ld


6.01
 0h00:02.995 2021/05/27T21:11:47z: DS3231
 0h00:03.010 2021/05/27T21:11:47z: BME280 (0x76)
 0h00:03.024 2021/05/27T21:11:47z: 10:52:1c:4d:af:f9
 0h00:03.026 2021/05/27T21:11:47z: SSID: Apollonia Students Halls
 0h00:03.031 2021/05/27T21:11:47z: AP_STAR tmr
 ets Jan  8 2013,rst cause:1, boot mode:(3,7)

load 0x4010f000, len 1384, room 16 
tail 8
chksum 0x2d
csum 0x2d
v8b899c12
~ld


6.01
 0h00:02.998 2021/05/27T21:31:43z: DS3231
 0h00:03.013 2021/05/27T21:31:43z: BME280 (0x76)
 0h00:03.027 2021/05/27T21:31:43z: 10:52:1c:4d:af:f9
 0h00:03.029 2021/05/27T21:31:43z: SSID: Apollonia Students Halls
 0h00:03.034 2021/05/27T21:31:43z: AP_STAR tmr
 ets Jan  8 2013,rst cause:1, boot mode:(3,7)

load 0x4010f000, len 1384, room 16 
tail 8
chksum 0x2d
csum 0x2d
v8b899c12
~ld


6.01
 0h00:03.015 2021/05/27T21:51:39z: DS3231
 0h00:03.030 2021/05/27T21:51:39z: BME280 (0x76)
 0h00:03.045 2021/05/27T21:51:39z: 10:52:1c:4d:af:f9
 0h00:03.046 2021/05/27T21:51:39z: SSID: Apollonia Students Halls
 0h00:03.052 2021/05/27T21:51:39z: AP_STAR tmr
 ets Jan  8 2013,rst cause:1, boot mode:(3,7)

load 0x4010f000, len 1384, room 16 
tail 8
chksum 0x2d
csum 0x2d
v8b899c12
~ld


6.01
 0h00:03.019 2021/05/27T22:11:35z: DS3231
 0h00:03.034 2021/05/27T22:11:35z: BME280 (0x76)
 0h00:03.048 2021/05/27T22:11:35z: 10:52:1c:4d:af:f9
 0h00:03.050 2021/05/27T22:11:35z: SSID: Apollonia Students Halls
 0h00:03.055 2021/05/27T22:11:35z: AP_STAR tmr
 ets Jan  8 2013,rst cause:1, boot mode:(3,7)

load 0x4010f000, len 1384, room 16 
tail 8
chksum 0x2d
csum 0x2d
v8b899c12
~ld


6.01
 0h00:03.029 2021/05/27T22:31:32z: DS3231
 0h00:03.045 2021/05/27T22:31:32z: BME280 (0x76)
 0h00:03.059 2021/05/27T22:31:32z: 10:52:1c:4d:af:f9
 0h00:03.061 2021/05/27T22:31:32z: SSID: Apollonia Students Halls
 0h00:03.066 2021/05/27T22:31:32z: AP_STAR tmr
 ets Jan  8 2013,rst cause:1, boot mode:(3,7)

load 0x4010f000, len 1384, room 16 
tail 8
chksum 0x2d
csum 0x2d
v8b899c12
~ld


6.01
 0h00:03.001 2021/05/27T22:51:28z: DS3231
 0h00:03.017 2021/05/27T22:51:28z: BME280 (0x76)
 0h00:03.031 2021/05/27T22:51:28z: 10:52:1c:4d:af:f9
 0h00:03.033 2021/05/27T22:51:28z: SSID: Apollonia Students Halls
 0h00:03.038 2021/05/27T22:51:28z: AP_STAR tmr
 ets Jan  8 2013,rst cause:1, boot mode:(3,7)

load 0x4010f000, len 1384, room 16 
tail 8
chksum 0x2d
csum 0x2d
v8b899c12
~ld


6.01
 0h00:03.007 2021/05/27T23:11:24z: DS3231
 0h00:03.022 2021/05/27T23:11:24z: BME280 (0x76)
 0h00:03.036 2021/05/27T23:11:24z: 10:52:1c:4d:af:f9
 0h00:03.038 2021/05/27T23:11:24z: SSID: Apollonia Students Halls
 0h00:03.043 2021/05/27T23:11:24z: AP_STAR tmr
 ets Jan  8 2013,rst cause:1, boot mode:(3,7)

load 0x4010f000, len 1384, room 16 
tail 8
chksum 0x2d
csum 0x2d
v8b899c12
~ld


6.01
 0h00:03.009 2021/05/27T23:31:20z: DS3231
 0h00:03.024 2021/05/27T23:31:20z: BME280 (0x76)
 0h00:03.038 2021/05/27T23:31:20z: 10:52:1c:4d:af:f9
 0h00:03.040 2021/05/27T23:31:20z: SSID: Apollonia Students Halls
 0h00:03.045 2021/05/27T23:31:20z: AP_STAR tmr
 ets Jan  8 2013,rst cause:1, boot mode:(3,7)

load 0x4010f000, len 1384, room 16 
tail 8
chksum 0x2d
csum 0x2d
v8b899c12
~ld


6.01
 0h00:03.001 2021/05/27T23:51:16z: DS3231
 0h00:03.017 2021/05/27T23:51:16z: BME280 (0x76)
 0h00:03.031 2021/05/27T23:51:16z: 10:52:1c:4d:af:f9
 0h00:03.033 2021/05/27T23:51:16z: SSID: Apollonia Students Halls
 0h00:03.038 2021/05/27T23:51:16z: AP_STA