R tmr
 ets Jan  8 2013,rst cause:1, boot mode:(3,7)

load 0x4010f000, len 1384, room 16 
tail 8
chksum 0x2d
csum 0x2d
v8b899c12
~ld


6.01
 0h00:02.997 2021/05/28T00:11:12z: DS3231
 0h00:03.012 2021/05/28T00:11:12z: BME280 (0x76)
 0h00:03.026 2021/05/28T00:11:12z: 10:52:1c:4d:af:f9
 0h00:03.028 2021/05/28T00:11:12z: SSID: Apollonia Students Halls
 0h00:03.033 2021/05/28T00:11:12z: AP_STAR tmr
 ets Jan  8 2013,rst cause:1, boot mode:(3,7)

load 0x4010f000, len 1384, room 16 
tail 8
chksum 0x2d
csum 0x2d
v8b899c12
~ld


6.01
 0h00:03.016 2021/05/28T00:31:09z: DS3231
 0h00:03.031 2021/05/28T00:31:09z: BME280 (0x76)
 0h00:03.045 2021/05/28T00:31:09z: 10:52:1c:4d:af:f9
 0h00:03.047 2021/05/28T00:31:09z: SSID: Apollonia Students Halls
 0h00:03.052 2021/05/28T00:31:09z: AP_STAR tmr
 ets Jan  8 2013,rst cause:1, boot mode:(3,7)

load 0x4010f000, len 1384, room 16 
tail 8
chksum 0x2d
csum 0x2d
v8b899c12
~ld


6.01
 0h00:03.019 2021/05/28T00:51:04z: DS3231
 0h00:03.035 2021/05/28T00:51:04z: BME280 (0x76)
 0h00:03.049 2021/05/28T00:51:05z: 10:52:1c:4d:af:f9
 0h00:03.051 2021/05/28T00:51:05z: SSID: Apollonia Students Halls
 0h00:03.056 2021/05/28T00:51:05z: AP_STAR tmr
 ets Jan  8 2013,rst cause:1, boot mode:(3,7)

load 0x4010f000, len 1384, room 16 
tail 8
chksum 0x2d
csum 0x2d
v8b899c12
~ld


6.01
 0h00:03.030 2021/05/28T01:11:01z: DS3231
 0h00:03.046 2021/05/28T01:11:01z: BME280 (0x76)
 0h00:03.060 2021/05/28T01:11:01z: 10:52:1c:4d:af:f9
 0h00:03.061 2021/05/28T01:11:01z: SSID: Apollonia Students Halls
 0h00:03.067 2021/05/28T01:11:01z: AP_STAR tmr
 ets Jan  8 2013,rst cause:1, boot mode:(3,7)

load 0x4010f000, len 1384, room 16 
tail 8
chksum 0x2d
csum 0x2d
v8b899c12
~ld


6.01
 0h00:03.005 2021/05/28T01:30:56z: DS3231
 0h00:03.020 2021/05/28T01:30:56z: BME280 (0x76)
 0h00:03.035 2021/05/28T01:30:56z: 10:52:1c:4d:af:f9
 0h00:03.036 2021/05/28T01:30:56z: SSID: Apollonia Students Halls
 0h00:03.041 2021/05/28T01:30:56z: AP_STAR tmr
 ets Jan  8 2013,rst cause:1, boot mode:(3,7)

load 0x4010f000, len 1384, room 16 
tail 8
chksum 0x2d
csum 0x2d
v8b899c12
~ld


6.01
 0h00:03.005 2021/05/28T01:50:53z: DS3231
 0h00:03.021 2021/05/28T01:50:53z: BME280 (0x76)
 0h00:03.035 2021/05/28T01:50:53z: 10:52:1c:4d:af:f9
 0h00:03.036 2021/05/28T01:50:53z: SSID: Apollonia Students Halls
 0h00:03.042 2021/05/28T01:50:53z: AP_STAR tmr
 ets Jan  8 2013,rst cause:1, boot mode:(3,7)

load 0x4010f000, len 1384, room 16 
tail 8
chksum 0x2d
csum 0x2d
v8b899c12
~ld


6.01
 0h00:03.001 2021/05/28T02:10:48z: DS3231
 0h00:03.016 2021/05/28T02:10:48z: BME280 (0x76)
 0h00:03.030 2021/05/28T02:10:48z: 10:52:1c:4d:af:f9
 0h00:03.032 2021/05/28T02:10:48z: SSID: Apollonia Students Halls
 0h00:03.037 2021/05/28T02:10:48z: AP_STAR tmr
 ets Jan  8 2013,rst cause:1, boot mode:(3,7)

load 0x4010f000, len 1384, room 16 
tail 8
chksum 0x2d
csum 0x2d
v8b899c12
~ld


6.01
 0h00:03.001 2021/05/28T02:30:44z: DS3231
 0h00:03.016 2021/05/28T02:30:44z: BME280 (0x76)
 0h00:03.030 2021/05/28T02:30:44z: 10:52:1c:4d:af:f9
 0h00:03.032 2021/05/28T02:30:44z: SSID: Apollonia Students Halls
 0h00:03.037 2021/05/28T02:30:44z: AP_STAR tmr
 ets Jan  8 2013,rst cause:1, boot mode:(3,7)

load 0x4010f000, len 1384, room 16 
tail 8
chksum 0x2d
csum 0x2d
v8b899c12
~ld


6.01
 0h00:03.013 2021/05/28T02:50:40z: DS3231
 0h00:03.028 2021/05/28T02:50:40z: BME280 (0x76)
 0h00:03.042 2021/05/28T02:50:40z: 10:52:1c:4d:af:f9
 0h00:03.044 2021/05/28T02:50:40z: SSID: Apollonia Students Halls
 0h00:03.049 2021/05/28T02:50:40z: AP_STAR tmr
 ets Jan  8 2013,rst cause:1, boot mode:(3,7)

load 0x4010f000, len 1384, room 16 
tail 8
chksum 0x2d
csum 0x2d
v8b899c12
~ld


6.01
 0h00:03.010 2021/05/28T03:10:37z: DS3231
 0h00:03.025 2021/05/28T03:10:37z: BME280 (0x76)
 0h00:03.040 2021/05/28T03:10:37z: 10:52:1c:4d:af:f9
 0h00:03.041 2021/05/28T03:10:37z: SSID: Apollonia Students Halls
 0h00:03.046 2021/05/28T03:10:37z: AP_STAR tmr
 ets Jan  8 2013,rst cause:1, boot mode:(3,7)

load 0x4010f000, len 1384, room 16 
tail 8
chksum 0x2d
csum 0x2d
v8b899c12
~ld


6.01
 0h00:03.022 2021/05/28T03:30:33z: DS3231
 0h00:03.037 2021/05/28T03:30:33z: BME280 (0x76)
 0h00:03.051 2021/05/28T03:30:33z: 10:52:1c:4d:af:f9
 0h00:03.053 2021/05/28T03:30:33z: SSID: Apollonia Students Halls
 0h00:03.058 2021/05/28T03:30:33z: AP_STAR tmr
 ets Jan  8 2013,rst cause:1, boot mode:(3,7)

load 0x4010f000, len 1384, room 16 
tail 8
chksum 0x2d
csum 0x2d
v8b899c12
~ld


6.01
 0h00:03.022 2021/05/28T03:50:29z: DS3231
 0h00:03.038 2021/05/28T03:50:29z: BME280 (0x76)
 0h00:03.052 2021/05/28T03:50:29z: 10:52:1c:4d:af:f9
 0h00:03.053 2021/05/28T03:50:29z: SSID: Apollonia Students Halls
 0h00:03.059 2021/05/28T03:50:29z: AP_STAR tmr
 ets Jan  8 2013,rst cause:1, boot mode:(3,7)

load 0x4010f000, len 1384, room 16 
tail 8
chksum 0x2d
csum 0x2d
v8b899c12
~ld


6.01
 0h00:02.997 2021/05/28T04:10:25z: DS3231
 0h00:03.012 2021/05/28T04:10:25z: BME280 (0x76)
 0h00:03.027 2021/05/28T04:10:25z: 10:52:1c:4d:af:f9
 0h00:03.028 2021/05/28T04:10:25z: SSID: Apollonia Students Halls
 0h00:03.033 2021/05/28T04:10:25z: AP_STAR tmr
 ets Jan  8 2013,rst cause:1, boot mode:(3,7)

load 0x4010f000, len 1384, room 16 
tail 8
chksum 0x2d
csum 0x2d
v8b899c12
~ld


6.01
 0h00:02.996 2021/05/28T04:30:21z: DS3231
 0h00:03.011 2021/05/28T04:30:21z: BME280 (0x76)
 0h00:03.026 2021/05/28T04:30:21z: 10:52:1c:4d:af:f9
 0h00:03.027 2021/05/28T04:30:21z: SSID: Apollonia Students Halls
 0h00:03.032 2021/05/28T04:30:21z: AP_STAR tmr
 ets Jan  8 2013,rst cause:1, boot mode:(3,7)

load 0x4010f000, len 1384, room 16 
tail 8
chksum 0x2d
csum 0x2d
v8b899c12
~ld


6.01
 0h00:03.004 2021/05/28T04:50:17z: DS3231
 0h00:03.019 2021/05/28T04:50:17z: BME280 (0x76)
 0h00:03.033 2021/05/28T04:50:17z: 10:52:1c:4d:af:f9
 0h00:03.035 2021/05/28T04:50:17z: SSID: Apollonia Students Halls
 0h00:03.040 2021/05/28T04:50:17z: AP_STAR tmr
 ets Jan  8 2013,rst cause:1, boot mode:(3,7)

load 0x4010f000, len 1384, room 16 
tail 8
chksum 0x2d
csum 0x2d
v8b899c12
~ld


6.01
 0h00:03.000 2021/05/28T05:10:13z: DS3231
 0h00:03.016 2021/05/28T05:10:13z: BME280 (0x76)
 0h00:03.030 2021/05/28T05:10:13z: 10:52:1c:4d:af:f9
 0h00:03.032 2021/05/28T05:10:13z: SSID: Apollonia Students Halls
 0h00:03.037 2021/05/28T05:10:13z: AP_STAR tmr
 ets Jan  8 2013,rst cause:1, boot mode:(3,7)

load 0x4010f000, len 1384, room 16 
tail 8
chksum 0x2d
csum 0x2d
v8b899c12
~ld


6.01
 0h00:03.004 2021/05/28T05:30:09z: DS3231
 0h00:03.019 2021/05/28T05:30:09z: BME280 (0x76)
 0h00:03.033 2021/05/28T05:30:09z: 10:52:1c:4d:af:f9
 0h00:03.035 2021/05/28T05:30:09z: SSID: Apollonia Students Halls
 0h00:03.040 2021/05/28T05:30:09z: AP_STAR tmr
 ets Jan  8 2013,rst cause:1, boot mode:(3,7)

load 0x4010f000, len 1384, room 16 
tail 8
chksum 0x2d
csum 0x2d
v8b899c12
~ld


6.01
 0h00:03.003 2021/05/28T05:50:05z: DS3231
 0h00:03.018 2021/05/28T05:50:05z: BME280 (0x76)
 0h00:03.032 2021/05/28T05:50:05z: 10:52:1c:4d:af:f9
 0h00:03.034 2021/05/28T05:50:05z: SSID: Apollonia Students Halls
 0h00:03.039 2021/05/28T05:50:05z: AP_STAR tmr
 ets Jan  8 2013,rst cause:1, boot mode:(3,7)

load 0x4010f000, len 1384, room 16 
tail 8
chksum 0x2d
csum 0x2d
v8b899c12
~ld


6.01
 0h00:03.010 2021/05/28T06:10:02z: DS3231
 0h00:03.025 2021/05/28T06:10:02z: BME280 (0x76)
 0h00:03.039 2021/05/28T06:10:02z: 10:52:1c:4d:af:f9
 0h00:03.041 2021/05/28T06:10:02z: SSID: Apollonia Students Halls
 0h00:03.046 2021/05/28T06:10:02z: AP_STAR tmr
 ets Jan  8 2013,rst cause:1, boot mode:(3,7)

load 0x4010f000, len 1384, room 16 
tail 8
chksum 0x2d
csum 0x2d
v8b899c12
~ld


6.01
 0h00:02.998 2021/05/28T06:29:57z: DS3231
 0h00:03.013 2021/05/28T06:29:57z: BME280 (0x76)
 0h00:03.028 2021/05/28T06:29:57z: 10:52:1c:4d:af:f9
 0h00:03.029 2021/05/28T06:29:57z: SSID: Apollonia Students Halls
 0h00:03.034 2021/05/28T06:29:57z: AP_STAR tmr
 ets Jan  8 2013,rst cause:1, boot mode:(3,7)

load 0x4010f000, len 1384, room 16 
tail 8
chksum 0x2d
csum 0x2d
v8b899c12
~ld


6.01
 0h00:03.007 2021/05/28T06:49:54z: DS3231
 0h00:03.022 2021/05/28T06:49:54z: BME280 (0x76)
 0h00:03.036 2021/05/28T06:49:54z: 10:52:1c:4d:af:f9
 0h00:03.038 2021/05/28T06:49:54z: SSID: Apollonia Students Halls
 0h00:03.043 2021/05/28T06:49:54z: AP_STAR tmr
 ets Jan  8 2013,rst cause:1, boot mode:(3,7)

load 0x4010f000, len 1384, room 16 
tail 8
chksum 0x2d
csum 0x2d
v8b899c12
~ld


6.01
 0h00:02.999 2021/05/28T07:09:49z: DS3231
 0h00:03.015 2021/05/28T07:09:49z: BME280 (0x76)
 0h00:03.029 2021/05/28T07:09:49z: 10:52:1c:4d:af:f9
 0h00:03.030 2021/05/28T07:09:49z: SSID: Apollonia Students Halls
 0h00:03.036 2021/05/28T07:09:49z: AP_STAR tmr
 ets Jan  8 2013,rst cause:1, boot mode:(3,7)

load 0x4010f000, len 1384, room 16 
tail 8
chksum 0x2d
csum 0x2d
v8b899c12
~ld


6.01
 0h00:03.001 2021/05/28T07:29:45z: DS3231
 0h00:03.017 2021/05/28T07:29:46z: BME280 (0x76)
 0h00:03.031 2021/05/28T07:29:46z: 10:52:1c:4d:af:f9
 0h00:03.033 2021/05/28T07:29:46z: SSID: Apollonia Students Halls
 0h00:03.038 2021/05/28T07:29:46z: AP_STAR tmr
 ets Jan  8 2013,rst cause:1, boot mode:(3,7)

load 0x4010f000, len 1384, room 16 
tail 8
chksum 0x2d
csum 0x2d
v8b899c12
~ld


6.01
 0h00:03.014 2021/05/28T07:49:42z: DS3231
 0h00:03.029 2021/05/28T07:49:42z: BME280 (0x76)
 0h00:03.043 2021/05/28T07:49:42z: 10:52:1c:4d:af:f9
 0h00:03.045 2021/05/28T07:49:42z: SSID: Apollonia Students Halls
 0h00:03.050 2021/05/28T07:49:42z: AP_STAR tmr
 ets Jan  8 2013,rst cause:1, boot mode:(3,7)

load 0x4010f000, len 1384, room 16 
tail 8
chksum 0x2d
csum 0x2d
v8b899c12
~ld


6.01
 0h00:03.015 2021/05/28T08:09:39z: DS3231
 0h00:03.030 2021/05/28T08:09:39z: BME280 (0x76)
 0h00:03.045 2021/05/28T08:09:39z: 10:52:1c:4d:af:f9
 0h00:03.046 2021/05/28T08:09:39z: SSID: Apollonia Students Halls
 0h00:03.051 2021/05/28T08:09:39z: AP_STAR tmr connected clients
R tmr connected clients
R tmr connected clients
R tmr connected clients
R tmr connected clients
R tmr connected clients
R tmr connected clients
R tmr
 ets Jan  8 2013,rst cause:1, boot mode:(3,7)

load 0x4010f000, len 1384, room 16 
tail 8
chksum 0x2d
csum 0x2d
v8b899c12
~ld


6.01
 0h00:03.038 2021/05/28T08:43:35z: DS3231
 0h00:03.053 2021/05/28T08:43:35z: BME280 (0x76)
 0h00:03.067 2021/05/28T08:43:35z: 10:52:1c:4d:af:f9
 0h00:03.069 2021/05/28T08:43:35z: SSID: Apollonia Students Halls
 0h00:03.074 2021/05/28T08:43:35z: AP_STAR tmr
 ets Jan  8 2013,rst cause:1, boot mode:(3,7)

load 0x4010f000, len 1384, room 16 
tail 8
chksum 0x2d
csum 0x2d
v8b899c12
~ld


6.01
 0h00:02.998 2021/05/28T09:03:31z: DS3231
 0h00:03.013 2021/05/28T09:03:31z: BME280 (0x76)
 0h00:03.027 2021/05/28T09:03:31z: 10:52:1c:4d:af:f9
 0h00:03.029 2021/05/28T09:03:31z: SSID: Apollonia Students Halls
 0h00:03.034 2021/05/28T09:03:31z: AP_STAR tmr
 ets Jan  8 2013,rst cause:1, boot mode:(3,7)

load 0x4010f000, len 1384, room 16 
tail 8
chksum 0x2d
csum 0x2d
v8b899c12
~ld


6.01
 0h00:03.009 2021/05/28T09:23:28z: DS3231
 0h00:03.024 2021/05/28T09:23:28z: BME280 (0x76)
 0h00:03.038 2021/05/28T09:23:28z: 10:52:1c:4d:af:f9
 0h00:03.040 2021/05/28T09:23:28z: SSID: Apollonia Students Halls
 0h00:03.045 2021/05/28T09:23:28z: AP_STAR tmr
 ets Jan  8 2013,rst cause:1, boot mode:(3,7)

load 0x4010f000, len 1384, room 16 
tail 8
chksum 0x2d
csum 0x2d
v8b899c12
~ld


6.01
 0h00:03.005 2021/05/28T09:43:24z: DS3231
 0h00:03.020 2021/05/28T09:43:24z: BME280 (0x76)
 0h00:03.034 2021/05/28T09:43:24z: 10:52:1c:4d:af:f9
 0h00:03.036 2021/05/28T09:43:24z: SSID: Apollonia Students Halls
 0h00:03.041 2021/05/28T09:43:24z: AP_STA