R tmr
 ets Jan  8 2013,rst cause:1, boot mode:(3,7)

load 0x4010f000, len 1384, room 16 
tail 8
chksum 0x2d
csum 0x2d
v8b899c12
~ld


6.01
 0h00:03.022 2021/06/02T00:02:39z: DS3231
 0h00:03.037 2021/06/02T00:02:39z: BME280 (0x76)
 0h00:03.051 2021/06/02T00:02:39z: 10:52:1c:42:2a:d
 0h00:03.053 2021/06/02T00:02:39z: SSID: Apollonia Students Halls
 0h00:03.058 2021/06/02T00:02:39z: AP_STAR tmr
 ets Jan  8 2013,rst cause:1, boot mode:(3,7)

load 0x4010f000, len 1384, room 16 
tail 8
chksum 0x2d
csum 0x2d
v8b899c12
~ld


6.01
 0h00:03.056 2021/06/02T00:22:35z: DS3231
 0h00:03.071 2021/06/02T00:22:35z: BME280 (0x76)
 0h00:03.086 2021/06/02T00:22:35z: 10:52:1c:42:2a:d
 0h00:03.087 2021/06/02T00:22:35z: SSID: Apollonia Students Halls
 0h00:03.092 2021/06/02T00:22:35z: AP_STAR tmr
 ets Jan  8 2013,rst cause:1, boot mode:(3,7)

load 0x4010f000, len 1384, room 16 
tail 8
chksum 0x2d
csum 0x2d
v8b899c12
~ld


6.01
 0h00:03.068 2021/06/02T00:42:31z: DS3231
 0h00:03.083 2021/06/02T00:42:31z: BME280 (0x76)
 0h00:03.098 2021/06/02T00:42:31z: 10:52:1c:42:2a:d
 0h00:03.099 2021/06/02T00:42:31z: SSID: Apollonia Students Halls
 0h00:03.104 2021/06/02T00:42:31z: AP_STAR tmr
 ets Jan  8 2013,rst cause:1, boot mode:(3,7)

load 0x4010f000, len 1384, room 16 
tail 8
chksum 0x2d
csum 0x2d
v8b899c12
~ld


6.01
 0h00:03.058 2021/06/02T01:02:28z: DS3231
 0h00:03.074 2021/06/02T01:02:28z: BME280 (0x76)
 0h00:03.088 2021/06/02T01:02:28z: 10:52:1c:42:2a:d
 0h00:03.089 2021/06/02T01:02:28z: SSID: Apollonia Students Halls
 0h00:03.095 2021/06/02T01:02:28z: AP_STAR tmr
 ets Jan  8 2013,rst cause:1, boot mode:(3,7)

load 0x4010f000, len 1384, room 16 
tail 8
chksum 0x2d
csum 0x2d
v8b899c12
~ld


6.01
 0h00:03.074 2021/06/02T01:22:24z: DS3231
 0h00:03.089 2021/06/02T01:22:24z: BME280 (0x76)
 0h00:03.103 2021/06/02T01:22:24z: 10:52:1c:42:2a:d
 0h00:03.105 2021/06/02T01:22:24z: SSID: Apollonia Students Halls
 0h00:03.110 2021/06/02T01:22:24z: AP_STAR tmr
 ets Jan  8 2013,rst cause:1, boot mode:(3,7)

load 0x4010f000, len 1384, room 16 
tail 8
chksum 0x2d
csum 0x2d
v8b899c12
~ld


6.01
 0h00:03.025 2021/06/02T01:42:20z: DS3231
 0h00:03.040 2021/06/02T01:42:20z: BME280 (0x76)
 0h00:03.054 2021/06/02T01:42:20z: 10:52:1c:42:2a:d
 0h00:03.056 2021/06/02T01:42:20z: SSID: Apollonia Students Halls
 0h00:03.061 2021/06/02T01:42:20z: AP_STAR tmr
 ets Jan  8 2013,rst cause:1, boot mode:(3,7)

load 0x4010f000, len 1384, room 16 
tail 8
chksum 0x2d
csum 0x2d
v8b899c12
~ld


6.01
 0h00:03.011 2021/06/02T02:02:16z: DS3231
 0h00:03.026 2021/06/02T02:02:16z: BME280 (0x76)
 0h00:03.040 2021/06/02T02:02:16z: 10:52:1c:42:2a:d
 0h00:03.042 2021/06/02T02:02:16z: SSID: Apollonia Students Halls
 0h00:03.047 2021/06/02T02:02:16z: AP_STAR tmr
 ets Jan  8 2013,rst cause:1, boot mode:(3,7)

load 0x4010f000, len 1384, room 16 
tail 8
chksum 0x2d
csum 0x2d
v8b899c12
~ld


6.01
 0h00:03.000 2021/06/02T02:22:12z: DS3231
 0h00:03.015 2021/06/02T02:22:12z: BME280 (0x76)
 0h00:03.029 2021/06/02T02:22:12z: 10:52:1c:42:2a:d
 0h00:03.031 2021/06/02T02:22:12z: SSID: Apollonia Students Halls
 0h00:03.036 2021/06/02T02:22:12z: AP_STAR tmr
 ets Jan  8 2013,rst cause:1, boot mode:(3,7)

load 0x4010f000, len 1384, room 16 
tail 8
chksum 0x2d
csum 0x2d
v8b899c12
~ld


6.01
 0h00:03.054 2021/06/02T02:42:07z: DS3231
 0h00:03.069 2021/06/02T02:42:07z: BME280 (0x76)
 0h00:03.084 2021/06/02T02:42:07z: 10:52:1c:42:2a:d
 0h00:03.085 2021/06/02T02:42:07z: SSID: Apollonia Students Halls
 0h00:03.090 2021/06/02T02:42:07z: AP_STAR tmr
 ets Jan  8 2013,rst cause:1, boot mode:(3,7)

load 0x4010f000, len 1384, room 16 
tail 8
chksum 0x2d
csum 0x2d
v8b899c12
~ld


6.01
 0h00:03.059 2021/06/02T03:02:03z: DS3231
 0h00:03.074 2021/06/02T03:02:03z: BME280 (0x76)
 0h00:03.088 2021/06/02T03:02:03z: 10:52:1c:42:2a:d
 0h00:03.090 2021/06/02T03:02:03z: SSID: Apollonia Students Halls
 0h00:03.095 2021/06/02T03:02:03z: AP_STAR tmr
 ets Jan  8 2013,rst cause:1, boot mode:(3,7)

load 0x4010f000, len 1384, room 16 
tail 8
chksum 0x2d
csum 0x2d
v8b899c12
~ld


6.01
 0h00:03.074 2021/06/02T03:21:59z: DS3231
 0h00:03.089 2021/06/02T03:21:59z: BME280 (0x76)
 0h00:03.104 2021/06/02T03:21:59z: 10:52:1c:42:2a:d
 0h00:03.105 2021/06/02T03:21:59z: SSID: Apollonia Students Halls
 0h00:03.110 2021/06/02T03:21:59z: AP_STAR tmr
 ets Jan  8 2013,rst cause:1, boot mode:(3,7)

load 0x4010f000, len 1384, room 16 
tail 8
chksum 0x2d
csum 0x2d
v8b899c12
~ld


6.01
 0h00:03.005 2021/06/02T03:41:56z: DS3231
 0h00:03.020 2021/06/02T03:41:56z: BME280 (0x76)
 0h00:03.034 2021/06/02T03:41:56z: 10:52:1c:42:2a:d
 0h00:03.036 2021/06/02T03:41:56z: SSID: Apollonia Students Halls
 0h00:03.041 2021/06/02T03:41:56z: AP_STAR tmr
 ets Jan  8 2013,rst cause:1, boot mode:(3,7)

load 0x4010f000, len 1384, room 16 
tail 8
chksum 0x2d
csum 0x2d
v8b899c12
~ld


6.01
 0h00:03.003 2021/06/02T04:01:52z: DS3231
 0h00:03.019 2021/06/02T04:01:52z: BME280 (0x76)
 0h00:03.033 2021/06/02T04:01:52z: 10:52:1c:42:2a:d
 0h00:03.035 2021/06/02T04:01:52z: SSID: Apollonia Students Halls
 0h00:03.040 2021/06/02T04:01:52z: AP_STAR tmr
 ets Jan  8 2013,rst cause:1, boot mode:(3,7)

load 0x4010f000, len 1384, room 16 
tail 8
chksum 0x2d
csum 0x2d
v8b899c12
~ld


6.01
 0h00:03.169 2021/06/02T04:21:48z: DS3231
 0h00:03.184 2021/06/02T04:21:48z: BME280 (0x76)
 0h00:03.198 2021/06/02T04:21:48z: 10:52:1c:42:2a:d
 0h00:03.200 2021/06/02T04:21:48z: SSID: Apollonia Students Halls
 0h00:03.205 2021/06/02T04:21:48z: AP_STAR tmr
 ets Jan  8 2013,rst cause:1, boot mode:(3,7)

load 0x4010f000, len 1384, room 16 
tail 8
chksum 0x2d
csum 0x2d
v8b899c12
~ld


6.01
 0h00:03.023 2021/06/02T04:41:44z: DS3231
 0h00:03.038 2021/06/02T04:41:44z: BME280 (0x76)
 0h00:03.053 2021/06/02T04:41:44z: 10:52:1c:42:2a:d
 0h00:03.054 2021/06/02T04:41:44z: SSID: Apollonia Students Halls
 0h00:03.060 2021/06/02T04:41:44z: AP_STAR tmr
 ets Jan  8 2013,rst cause:1, boot mode:(3,7)

load 0x4010f000, len 1384, room 16 
tail 8
chksum 0x2d
csum 0x2d
v8b899c12
~ld


6.01
 0h00:03.032 2021/06/02T05:01:40z: DS3231
 0h00:03.047 2021/06/02T05:01:40z: BME280 (0x76)
 0h00:03.061 2021/06/02T05:01:40z: 10:52:1c:42:2a:d
 0h00:03.063 2021/06/02T05:01:40z: SSID: Apollonia Students Halls
 0h00:03.068 2021/06/02T05:01:40z: AP_STAR tmr
 ets Jan  8 2013,rst cause:1, boot mode:(3,7)

load 0x4010f000, len 1384, room 16 
tail 8
chksum 0x2d
csum 0x2d
v8b899c12
~ld


6.01
 0h00:03.005 2021/06/02T05:21:36z: DS3231
 0h00:03.021 2021/06/02T05:21:36z: BME280 (0x76)
 0h00:03.035 2021/06/02T05:21:36z: 10:52:1c:42:2a:d
 0h00:03.037 2021/06/02T05:21:36z: SSID: Apollonia Students Halls
 0h00:03.042 2021/06/02T05:21:36z: AP_STAR tmr
 ets Jan  8 2013,rst cause:1, boot mode:(3,7)

load 0x4010f000, len 1384, room 16 
tail 8
chksum 0x2d
csum 0x2d
v8b899c12
~ld


6.01
 0h00:03.000 2021/06/02T05:41:32z: DS3231
 0h00:03.015 2021/06/02T05:41:32z: BME280 (0x76)
 0h00:03.030 2021/06/02T05:41:32z: 10:52:1c:42:2a:d
 0h00:03.031 2021/06/02T05:41:32z: SSID: Apollonia Students Halls
 0h00:03.036 2021/06/02T05:41:32z: AP_STAR tmr
 ets Jan  8 2013,rst cause:1, boot mode:(3,7)

load 0x4010f000, len 1384, room 16 
tail 8
chksum 0x2d
csum 0x2d
v8b899c12
~ld


6.01
 0h00:03.008 2021/06/02T06:01:28z: DS3231
 0h00:03.024 2021/06/02T06:01:28z: BME280 (0x76)
 0h00:03.038 2021/06/02T06:01:28z: 10:52:1c:42:2a:d
 0h00:03.040 2021/06/02T06:01:28z: SSID: Apollonia Students Halls
 0h00:03.045 2021/06/02T06:01:28z: AP_STAR tmr
 ets Jan  8 2013,rst cause:1, boot mode:(3,7)

load 0x4010f000, len 1384, room 16 
tail 8
chksum 0x2d
csum 0x2d
v8b899c12
~ld


6.01
 0h00:03.059 2021/06/02T06:21:23z: DS3231
 0h00:03.074 2021/06/02T06:21:23z: BME280 (0x76)
 0h00:03.088 2021/06/02T06:21:23z: 10:52:1c:42:2a:d
 0h00:03.090 2021/06/02T06:21:23z: SSID: Apollonia Students Halls
 0h00:03.095 2021/06/02T06:21:23z: AP_STAR tmr
 ets Jan  8 2013,rst cause:1, boot mode:(3,7)

load 0x4010f000, len 1384, room 16 
tail 8
chksum 0x2d
csum 0x2d
v8b899c12
~ld


6.01
 0h00:03.111 2021/06/02T06:41:20z: DS3231
 0h00:03.126 2021/06/02T06:41:20z: BME280 (0x76)
 0h00:03.140 2021/06/02T06:41:20z: 10:52:1c:42:2a:d
 0h00:03.142 2021/06/02T06:41:20z: SSID: Apollonia Students Halls
 0h00:03.147 2021/06/02T06:41:20z: AP_STAR tmr
 ets Jan  8 2013,rst cause:1, boot mode:(3,7)

load 0x4010f000, len 1384, room 16 
tail 8
chksum 0x2d
csum 0x2d
v8b899c12
~ld


6.01
 0h00:03.058 2021/06/02T07:01:16z: DS3231
 0h00:03.074 2021/06/02T07:01:16z: BME280 (0x76)
 0h00:03.088 2021/06/02T07:01:16z: 10:52:1c:42:2a:d
 0h00:03.090 2021/06/02T07:01:16z: SSID: Apollonia Students Halls
 0h00:03.095 2021/06/02T07:01:16z: AP_STAR tmr
 ets Jan  8 2013,rst cause:1, boot mode:(3,7)

load 0x4010f000, len 1384, room 16 
tail 8
chksum 0x2d
csum 0x2d
v8b899c12
~ld


6.01
 0h00:03.005 2021/06/02T07:21:12z: DS3231
 0h00:03.020 2021/06/02T07:21:12z: BME280 (0x76)
 0h00:03.034 2021/06/02T07:21:12z: 10:52:1c:42:2a:d
 0h00:03.036 2021/06/02T07:21:12z: SSID: Apollonia Students Halls
 0h00:03.041 2021/06/02T07:21:12z: AP_STAR tmr
 ets Jan  8 2013,rst cause:1, boot mode:(3,7)

load 0x4010f000, len 1384, room 16 
tail 8
chksum 0x2d
csum 0x2d
v8b899c12
~ld


6.01
 0h00:03.002 2021/06/02T07:41:08z: DS3231
 0h00:03.018 2021/06/02T07:41:08z: BME280 (0x76)
 0h00:03.032 2021/06/02T07:41:08z: 10:52:1c:42:2a:d
 0h00:03.033 2021/06/02T07:41:08z: SSID: Apollonia Students Halls
 0h00:03.039 2021/06/02T07:41:08z: AP_STAR tmr
 ets Jan  8 2013,rst cause:1, boot mode:(3,7)

load 0x4010f000, len 1384, room 16 
tail 8
chksum 0x2d
csum 0x2d
v8b899c12
~ld


6.01
 0h00:03.003 2021/06/02T08:01:03z: DS3231
 0h00:03.018 2021/06/02T08:01:03z: BME280 (0x76)
 0h00:03.033 2021/06/02T08:01:03z: 10:52:1c:42:2a:d
 0h00:03.034 2021/06/02T08:01:03z: SSID: Apollonia Students Halls
 0h00:03.039 2021/06/02T08:01:03z: AP_STAR tmr
 ets Jan  8 2013,rst cause:1, boot mode:(3,7)

load 0x4010f000, len 1384, room 16 
tail 8
chksum 0x2d
csum 0x2d
v8b899c12
~ld


6.01
 0h00:03.016 2021/06/02T08:20:59z: DS3231
 0h00:03.032 2021/06/02T08:20:59z: BME280 (0x76)
 0h00:03.046 2021/06/02T08:20:59z: 10:52:1c:42:2a:d
 0h00:03.048 2021/06/02T08:20:59z: SSID: Apollonia Students Halls
 0h00:03.053 2021/06/02T08:20:59z: AP_STAR tmr
 ets Jan  8 2013,rst cause:1, boot mode:(3,7)

load 0x4010f000, len 1384, room 16 
tail 8
chksum 0x2d
csum 0x2d
v8b899c12
~ld


6.01
 0h00:03.021 2021/06/02T08:40:55z: DS3231
 0h00:03.036 2021/06/02T08:40:55z: BME280 (0x76)
 0h00:03.050 2021/06/02T08:40:55z: 10:52:1c:42:2a:d
 0h00:03.052 2021/06/02T08:40:55z: SSID: Apollonia Students Halls
 0h00:03.057 2021/06/02T08:40:55z: AP_STAR tmr
 ets Jan  8 2013,rst cause:1, boot mode:(3,7)

load 0x4010f000, len 1384, room 16 
tail 8
chksum 0x2d
csum 0x2d
v8b899c12
~ld


6.01
 0h00:03.061 2021/06/02T09:00:52z: DS3231
 0h00:03.077 2021/06/02T09:00:52z: BME280 (0x76)
 0h00:03.091 2021/06/02T09:00:52z: 10:52:1c:42:2a:d
 0h00:03.092 2021/06/02T09:00:52z: SSID: Apollonia Students Halls
 0h00:03.098 2021/06/02T09:00:52z: AP_STAR tmr
 ets Jan  8 2013,rst cause:1, boot mode:(3,7)

load 0x4010f000, len 1384, room 16 
tail 8
chksum 0x2d
csum 0x2d
v8b899c12
~ld


6.01
 0h00:03.006 2021/06/02T09:20:47z: DS3231
 0h00:03.021 2021/06/02T09:20:47z: BME280 (0x76)
 0h00:03.035 2021/06/02T09:20:47z: 10:52:1c:42:2a:d
 0h00:03.037 2021/06/02T09:20:47z: SSID: Apollonia Students Halls
 0h00:03.042 2021/06/02T09:20:47z: AP_STAR tmr
 ets Jan  8 2013,rst cause:1, boot mode:(3,7)

load 0x4010f000, len 1384, room 16 
tail 8
chksum 0x2d
csum 0x2d
v8b899c12
~ld


6.01
 0h00:03.063 2021/06/02T09:40:44z: DS3231
 0h00:03.078 2021/06/02T09:40:44z: BME280 (0x76)
 0h00:03.092 2021/06/02T09:40:44z: 10:52:1c:42:2a:d
 0h00:03.094 2021/06/02T09:40:44z: SSID: Apollonia Students Halls
 0h00:03.099 2021/06/02T09:40:44z: AP_STA