R tmr
 ets Jan  8 2013,rst cause:1, boot mode:(3,7)

load 0x4010f000, len 1384, room 16 
tail 8
chksum 0x2d
csum 0x2d
v8b899c12
~ld


6.01
 0h00:03.056 2021/05/31T10:49:50z: DS3231
 0h00:03.071 2021/05/31T10:49:50z: BME280 (0x76)
 0h00:03.085 2021/05/31T10:49:51z: 10:52:1c:42:2a:d
 0h00:03.087 2021/05/31T10:49:51z: SSID: Apollonia Students Halls
 0h00:03.092 2021/05/31T10:49:51z: AP_STAR tmr
 ets Jan  8 2013,rst cause:1, boot mode:(3,7)

load 0x4010f000, len 1384, room 16 
tail 8
chksum 0x2d
csum 0x2d
v8b899c12
~ld


6.01
 0h00:02.998 2021/05/31T11:09:47z: DS3231
 0h00:03.013 2021/05/31T11:09:47z: BME280 (0x76)
 0h00:03.027 2021/05/31T11:09:47z: 10:52:1c:42:2a:d
 0h00:03.029 2021/05/31T11:09:47z: SSID: Apollonia Students Halls
 0h00:03.034 2021/05/31T11:09:47z: AP_STAR tmr
 ets Jan  8 2013,rst cause:1, boot mode:(3,7)

load 0x4010f000, len 1384, room 16 
tail 8
chksum 0x2d
csum 0x2d
v8b899c12
~ld


6.01
 0h00:03.007 2021/05/31T11:29:43z: DS3231
 0h00:03.023 2021/05/31T11:29:43z: BME280 (0x76)
 0h00:03.037 2021/05/31T11:29:43z: 10:52:1c:42:2a:d
 0h00:03.038 2021/05/31T11:29:43z: SSID: Apollonia Students Halls
 0h00:03.044 2021/05/31T11:29:43z: AP_STAR tmr
 ets Jan  8 2013,rst cause:1, boot mode:(3,7)

load 0x4010f000, len 1384, room 16 
tail 8
chksum 0x2d
csum 0x2d
v8b899c12
~ld


6.01
 0h00:03.062 2021/05/31T11:49:39z: DS3231
 0h00:03.077 2021/05/31T11:49:39z: BME280 (0x76)
 0h00:03.091 2021/05/31T11:49:39z: 10:52:1c:42:2a:d
 0h00:03.093 2021/05/31T11:49:39z: SSID: Apollonia Students Halls
 0h00:03.098 2021/05/31T11:49:39z: AP_STAR tmr
 ets Jan  8 2013,rst cause:1, boot mode:(3,7)

load 0x4010f000, len 1384, room 16 
tail 8
chksum 0x2d
csum 0x2d
v8b899c12
~ld


6.01
 0h00:03.047 2021/05/31T12:09:35z: DS3231
 0h00:03.063 2021/05/31T12:09:35z: BME280 (0x76)
 0h00:03.077 2021/05/31T12:09:35z: 10:52:1c:42:2a:d
 0h00:03.079 2021/05/31T12:09:35z: SSID: Apollonia Students Halls
 0h00:03.084 2021/05/31T12:09:35z: AP_STAR tmr
 ets Jan  8 2013,rst cause:1, boot mode:(3,7)

load 0x4010f000, len 1384, room 16 
tail 8
chksum 0x2d
csum 0x2d
v8b899c12
~ld


6.01
 0h00:03.002 2021/05/31T12:29:31z: DS3231
 0h00:03.018 2021/05/31T12:29:31z: BME280 (0x76)
 0h00:03.032 2021/05/31T12:29:31z: 10:52:1c:42:2a:d
 0h00:03.034 2021/05/31T12:29:31z: SSID: Apollonia Students Halls
 0h00:03.039 2021/05/31T12:29:31z: AP_STAR tmr
 ets Jan  8 2013,rst cause:1, boot mode:(3,7)

load 0x4010f000, len 1384, room 16 
tail 8
chksum 0x2d
csum 0x2d
v8b899c12
~ld


6.01
 0h00:03.008 2021/05/31T12:49:27z: DS3231
 0h00:03.023 2021/05/31T12:49:27z: BME280 (0x76)
 0h00:03.038 2021/05/31T12:49:27z: 10:52:1c:42:2a:d
 0h00:03.039 2021/05/31T12:49:27z: SSID: Apollonia Students Halls
 0h00:03.044 2021/05/31T12:49:27z: AP_STAR tmr
 ets Jan  8 2013,rst cause:1, boot mode:(3,7)

load 0x4010f000, len 1384, room 16 
tail 8
chksum 0x2d
csum 0x2d
v8b899c12
~ld


6.01
 0h00:03.008 2021/05/31T13:09:23z: DS3231
 0h00:03.023 2021/05/31T13:09:23z: BME280 (0x76)
 0h00:03.038 2021/05/31T13:09:23z: 10:52:1c:42:2a:d
 0h00:03.039 2021/05/31T13:09:23z: SSID: Apollonia Students Halls
 0h00:03.044 2021/05/31T13:09:23z: AP_STAR tmr
 ets Jan  8 2013,rst cause:1, boot mode:(3,7)

load 0x4010f000, len 1384, room 16 
tail 8
chksum 0x2d
csum 0x2d
v8b899c12
~ld


6.01
 0h00:03.002 2021/05/31T13:29:18z: DS3231
 0h00:03.017 2021/05/31T13:29:18z: BME280 (0x76)
 0h00:03.031 2021/05/31T13:29:18z: 10:52:1c:42:2a:d
 0h00:03.033 2021/05/31T13:29:18z: SSID: Apollonia Students Halls
 0h00:03.038 2021/05/31T13:29:18z: AP_STAR tmr
 ets Jan  8 2013,rst cause:1, boot mode:(3,7)

load 0x4010f000, len 1384, room 16 
tail 8
chksum 0x2d
csum 0x2d
v8b899c12
~ld


6.01
 0h00:03.010 2021/05/31T13:49:14z: DS3231
 0h00:03.025 2021/05/31T13:49:14z: BME280 (0x76)
 0h00:03.039 2021/05/31T13:49:14z: 10:52:1c:42:2a:d
 0h00:03.041 2021/05/31T13:49:14z: SSID: Apollonia Students Halls
 0h00:03.046 2021/05/31T13:49:14z: AP_STAR tmr
 ets Jan  8 2013,rst cause:1, boot mode:(3,7)

load 0x4010f000, len 1384, room 16 
tail 8
chksum 0x2d
csum 0x2d
v8b899c12
~ld


6.01
 0h00:03.012 2021/05/31T14:09:11z: DS3231
 0h00:03.028 2021/05/31T14:09:11z: BME280 (0x76)
 0h00:03.042 2021/05/31T14:09:11z: 10:52:1c:42:2a:d
 0h00:03.044 2021/05/31T14:09:11z: SSID: Apollonia Students Halls
 0h00:03.049 2021/05/31T14:09:11z: AP_STAR tmr
 ets Jan  8 2013,rst cause:1, boot mode:(3,7)

load 0x4010f000, len 1384, room 16 
tail 8
chksum 0x2d
csum 0x2d
v8b899c12
~ld


6.01
 0h00:03.057 2021/05/31T14:29:07z: DS3231
 0h00:03.072 2021/05/31T14:29:07z: BME280 (0x76)
 0h00:03.086 2021/05/31T14:29:07z: 10:52:1c:42:2a:d
 0h00:03.088 2021/05/31T14:29:07z: SSID: Apollonia Students Halls
 0h00:03.093 2021/05/31T14:29:07z: AP_STAR tmr
 ets Jan  8 2013,rst cause:1, boot mode:(3,7)

load 0x4010f000, len 1384, room 16 
tail 8
chksum 0x2d
csum 0x2d
v8b899c12
~ld


6.01
 0h00:03.103 2021/05/31T14:49:03z: DS3231
 0h00:03.119 2021/05/31T14:49:03z: BME280 (0x76)
 0h00:03.133 2021/05/31T14:49:03z: 10:52:1c:42:2a:d
 0h00:03.135 2021/05/31T14:49:03z: SSID: Apollonia Students Halls
 0h00:03.140 2021/05/31T14:49:03z: AP_STAR tmr
 ets Jan  8 2013,rst cause:1, boot mode:(3,7)

load 0x4010f000, len 1384, room 16 
tail 8
chksum 0x2d
csum 0x2d
v8b899c12
~ld


6.01
 0h00:03.004 2021/05/31T15:08:59z: DS3231
 0h00:03.020 2021/05/31T15:08:59z: BME280 (0x76)
 0h00:03.034 2021/05/31T15:08:59z: 10:52:1c:42:2a:d
 0h00:03.035 2021/05/31T15:08:59z: SSID: Apollonia Students Halls
 0h00:03.041 2021/05/31T15:08:59z: AP_STAR tmr
 ets Jan  8 2013,rst cause:1, boot mode:(3,7)

load 0x4010f000, len 1384, room 16 
tail 8
chksum 0x2d
csum 0x2d
v8b899c12
~ld


6.01
 0h00:03.019 2021/05/31T15:28:55z: DS3231
 0h00:03.034 2021/05/31T15:28:55z: BME280 (0x76)
 0h00:03.048 2021/05/31T15:28:55z: 10:52:1c:42:2a:d
 0h00:03.050 2021/05/31T15:28:55z: SSID: Apollonia Students Halls
 0h00:03.055 2021/05/31T15:28:55z: AP_STAR tmr
 ets Jan  8 2013,rst cause:1, boot mode:(3,7)

load 0x4010f000, len 1384, room 16 
tail 8
chksum 0x2d
csum 0x2d
v8b899c12
~ld


6.01
 0h00:03.063 2021/05/31T15:48:51z: DS3231
 0h00:03.078 2021/05/31T15:48:51z: BME280 (0x76)
 0h00:03.092 2021/05/31T15:48:51z: 10:52:1c:42:2a:d
 0h00:03.094 2021/05/31T15:48:51z: SSID: Apollonia Students Halls
 0h00:03.099 2021/05/31T15:48:51z: AP_STAR tmr
 ets Jan  8 2013,rst cause:1, boot mode:(3,7)

load 0x4010f000, len 1384, room 16 
tail 8
chksum 0x2d
csum 0x2d
v8b899c12
~ld


6.01
 0h00:03.110 2021/05/31T16:08:48z: DS3231
 0h00:03.126 2021/05/31T16:08:48z: BME280 (0x76)
 0h00:03.140 2021/05/31T16:08:48z: 10:52:1c:42:2a:d
 0h00:03.142 2021/05/31T16:08:48z: SSID: Apollonia Students Halls
 0h00:03.147 2021/05/31T16:08:48z: AP_STAR tmr
 ets Jan  8 2013,rst cause:1, boot mode:(3,7)

load 0x4010f000, len 1384, room 16 
tail 8
chksum 0x2d
csum 0x2d
v8b899c12
~ld


6.01
 0h00:03.115 2021/05/31T16:28:44z: DS3231
 0h00:03.130 2021/05/31T16:28:44z: BME280 (0x76)
 0h00:03.144 2021/05/31T16:28:44z: 10:52:1c:42:2a:d
 0h00:03.146 2021/05/31T16:28:44z: SSID: Apollonia Students Halls
 0h00:03.151 2021/05/31T16:28:44z: AP_STAR tmr
 ets Jan  8 2013,rst cause:1, boot mode:(3,7)

load 0x4010f000, len 1384, room 16 
tail 8
chksum 0x2d
csum 0x2d
v8b899c12
~ld


6.01
 0h00:03.062 2021/05/31T16:48:40z: DS3231
 0h00:03.077 2021/05/31T16:48:40z: BME280 (0x76)
 0h00:03.092 2021/05/31T16:48:40z: 10:52:1c:42:2a:d
 0h00:03.093 2021/05/31T16:48:40z: SSID: Apollonia Students Halls
 0h00:03.098 2021/05/31T16:48:40z: AP_STAR tmr
 ets Jan  8 2013,rst cause:1, boot mode:(3,7)

load 0x4010f000, len 1384, room 16 
tail 8
chksum 0x2d
csum 0x2d
v8b899c12
~ld


6.01
 0h00:03.005 2021/05/31T17:08:37z: DS3231
 0h00:03.020 2021/05/31T17:08:37z: BME280 (0x76)
 0h00:03.034 2021/05/31T17:08:37z: 10:52:1c:42:2a:d
 0h00:03.036 2021/05/31T17:08:37z: SSID: Apollonia Students Halls
 0h00:03.041 2021/05/31T17:08:37z: AP_STAR tmr
 ets Jan  8 2013,rst cause:1, boot mode:(3,7)

load 0x4010f000, len 1384, room 16 
tail 8
chksum 0x2d
csum 0x2d
v8b899c12
~ld


6.01
 0h00:02.999 2021/05/31T17:28:33z: DS3231
 0h00:03.014 2021/05/31T17:28:33z: BME280 (0x76)
 0h00:03.028 2021/05/31T17:28:33z: 10:52:1c:42:2a:d
 0h00:03.030 2021/05/31T17:28:33z: SSID: Apollonia Students Halls
 0h00:03.035 2021/05/31T17:28:33z: AP_STAR tmr
 ets Jan  8 2013,rst cause:1, boot mode:(3,7)

load 0x4010f000, len 1384, room 16 
tail 8
chksum 0x2d
csum 0x2d
v8b899c12
~ld


6.01
 0h00:02.995 2021/05/31T17:48:29z: DS3231
 0h00:03.010 2021/05/31T17:48:29z: BME280 (0x76)
 0h00:03.024 2021/05/31T17:48:29z: 10:52:1c:42:2a:d
 0h00:03.026 2021/05/31T17:48:29z: SSID: Apollonia Students Halls
 0h00:03.031 2021/05/31T17:48:29z: AP_STAR tmr
 ets Jan  8 2013,rst cause:1, boot mode:(3,7)

load 0x4010f000, len 1384, room 16 
tail 8
chksum 0x2d
csum 0x2d
v8b899c12
~ld


6.01
 0h00:02.996 2021/05/31T18:08:26z: DS3231
 0h00:03.011 2021/05/31T18:08:26z: BME280 (0x76)
 0h00:03.025 2021/05/31T18:08:26z: 10:52:1c:42:2a:d
 0h00:03.027 2021/05/31T18:08:26z: SSID: Apollonia Students Halls
 0h00:03.032 2021/05/31T18:08:26z: AP_STAR tmr
 ets Jan  8 2013,rst cause:1, boot mode:(3,7)

load 0x4010f000, len 1384, room 16 
tail 8
chksum 0x2d
csum 0x2d
v8b899c12
~ld


6.01
 0h00:03.056 2021/05/31T18:28:22z: DS3231
 0h00:03.071 2021/05/31T18:28:22z: BME280 (0x76)
 0h00:03.085 2021/05/31T18:28:22z: 10:52:1c:42:2a:d
 0h00:03.087 2021/05/31T18:28:22z: SSID: Apollonia Students Halls
 0h00:03.092 2021/05/31T18:28:22z: AP_STAR tmr
 ets Jan  8 2013,rst cause:1, boot mode:(3,7)

load 0x4010f000, len 1384, room 16 
tail 8
chksum 0x2d
csum 0x2d
v8b899c12
~ld


6.01
 0h00:03.017 2021/05/31T18:48:18z: DS3231
 0h00:03.032 2021/05/31T18:48:18z: BME280 (0x76)
 0h00:03.047 2021/05/31T18:48:18z: 10:52:1c:42:2a:d
 0h00:03.048 2021/05/31T18:48:18z: SSID: Apollonia Students Halls
 0h00:03.053 2021/05/31T18:48:18z: AP_STAR tmr
 ets Jan  8 2013,rst cause:1, boot mode:(3,7)

load 0x4010f000, len 1384, room 16 
tail 8
chksum 0x2d
csum 0x2d
v8b899c12
~ld


6.01
 0h00:03.026 2021/05/31T19:08:13z: DS3231
 0h00:03.041 2021/05/31T19:08:13z: BME280 (0x76)
 0h00:03.055 2021/05/31T19:08:13z: 10:52:1c:42:2a:d
 0h00:03.057 2021/05/31T19:08:13z: SSID: Apollonia Students Halls
 0h00:03.062 2021/05/31T19:08:13z: AP_STAR tmr
 ets Jan  8 2013,rst cause:1, boot mode:(3,7)

load 0x4010f000, len 1384, room 16 
tail 8
chksum 0x2d
csum 0x2d
v8b899c12
~ld


6.01
 0h00:03.054 2021/05/31T19:28:10z: DS3231
 0h00:03.070 2021/05/31T19:28:10z: BME280 (0x76)
 0h00:03.084 2021/05/31T19:28:10z: 10:52:1c:42:2a:d
 0h00:03.085 2021/05/31T19:28:10z: SSID: Apollonia Students Halls
 0h00:03.091 2021/05/31T19:28:10z: AP_STAR tmr
 ets Jan  8 2013,rst cause:1, boot mode:(3,7)

load 0x4010f000, len 1384, room 16 
tail 8
chksum 0x2d
csum 0x2d
v8b899c12
~ld


6.01
 0h00:03.051 2021/05/31T19:48:06z: DS3231
 0h00:03.067 2021/05/31T19:48:06z: BME280 (0x76)
 0h00:03.081 2021/05/31T19:48:06z: 10:52:1c:42:2a:d
 0h00:03.082 2021/05/31T19:48:06z: SSID: Apollonia Students Halls
 0h00:03.088 2021/05/31T19:48:06z: AP_STAR tmr
 ets Jan  8 2013,rst cause:1, boot mode:(3,7)

load 0x4010f000, len 1384, room 16 
tail 8
chksum 0x2d
csum 0x2d
v8b899c12
~ld


6.01
 0h00:03.059 2021/05/31T20:08:02z: DS3231
 0h00:03.074 2021/05/31T20:08:02z: BME280 (0x76)
 0h00:03.088 2021/05/31T20:08:02z: 10:52:1c:42:2a:d
 0h00:03.090 2021/05/31T20:08:02z: SSID: Apollonia Students Halls
 0h00:03.095 2021/05/31T20:08:02z: AP_STAR tmr
 ets Jan  8 2013,rst cause:1, boot mode:(3,7)

load 0x4010f000, len 1384, room 16 
tail 8
chksum 0x2d
csum 0x2d
v8b899c12
~ld


6.01
 0h00:03.016 2021/05/31T20:27:58z: DS3231
 0h00:03.032 2021/05/31T20:27:58z: BME280 (0x76)
 0h00:03.046 2021/05/31T20:27:58z: 10:52:1c:42:2a:d
 0h00:03.047 2021/05/31T20:27:58z: SSID: Apollonia Students Halls
 0h00:03.053 2021/05/31T20:27:58z: AP_STAR tmr
 ets Jan  8 2013,rst cause:1, boot mode:(3,7)

load 0x4010f000, len 1384, room 16 
tail 8
chksum 0x2d
csum 0x2d
v8b899c12
~ld


6.01
 0h00:03.056 2021/05/31T20:47:54z: DS3231
 0h00:03.071 2021/05/31T20:47:54z: BME280 (0x76)
 0h00:03.085 2021/05/31T20:47:54z: 10:52:1c:42:2a:d
 0h00:03.087 2021/05/31T20:47:54z: SSID: Apollonia Students Halls
 0h00:03.092 2021/05/31T20:47:54z: AP_STAR tmr
 ets Jan  8 2013,rst cause:1, boot mode:(3,7)

load 0x4010f000, len 1384, room 16 
tail 8
chksum 0x2d
csum 0x2d
v8b899c12
~ld


6.01
 0h00:03.115 2021/05/31T21:07:50z: DS3231
 0h00:03.130 2021/05/31T21:07:50z: BME280 (0x76)
 0h00:03.144 2021/05/31T21:07:50z: 10:52:1c:42:2a:d
 0h00:03.146 2021/05/31T21:07:50z: SSID: Apollonia Students Halls
 0h00:03.151 2021/05/31T21:07:50z: AP_STAR tmr
 ets Jan  8 2013,rst cause:1, boot mode:(3,7)

load 0x4010f000, len 1384, room 16 
tail 8
chksum 0x2d
csum 0x2d
v8b899c12
~ld


6.01
 0h00:03.061 2021/05/31T21:27:46z: DS3231
 0h00:03.076 2021/05/31T21:27:46z: BME280 (0x76)
 0h00:03.090 2021/05/31T21:27:46z: 10:52:1c:42:2a:d
 0h00:03.092 2021/05/31T21:27:46z: SSID: Apollonia Students Halls
 0h00:03.097 2021/05/31T21:27:46z: AP_STAR tmr
 ets Jan  8 2013,rst cause:1, boot mode:(3,7)

load 0x4010f000, len 1384, room 16 
tail 8
chksum 0x2d
csum 0x2d
v8b899c12
~ld


6.01
 0h00:03.061 2021/05/31T21:47:41z: DS3231
 0h00:03.076 2021/05/31T21:47:41z: BME280 (0x76)
 0h00:03.090 2021/05/31T21:47:41z: 10:52:1c:42:2a:d
 0h00:03.092 2021/05/31T21:47:41z: SSID: Apollonia Students Halls
 0h00:03.097 2021/05/31T21:47:41z: AP_STAR tmr
 ets Jan  8 2013,rst cause:1, boot mode:(3,7)

load 0x4010f000, len 1384, room 16 
tail 8
chksum 0x2d
csum 0x2d
v8b899c12
~ld


6.01
 0h00:03.062 2021/05/31T22:07:37z: DS3231
 0h00:03.077 2021/05/31T22:07:37z: BME280 (0x76)
 0h00:03.092 2021/05/31T22:07:37z: 10:52:1c:42:2a:d
 0h00:03.093 2021/05/31T22:07:37z: SSID: Apollonia Students Halls
 0h00:03.098 2021/05/31T22:07:37z: AP_STAR tmr
 ets Jan  8 2013,rst cause:1, boot mode:(3,7)

load 0x4010f000, len 1384, room 16 
tail 8
chksum 0x2d
csum 0x2d
v8b899c12
~ld


6.01
 0h00:03.162 2021/05/31T22:27:33z: DS3231
 0h00:03.177 2021/05/31T22:27:34z: BME280 (0x76)
 0h00:03.191 2021/05/31T22:27:34z: 10:52:1c:42:2a:d
 0h00:03.193 2021/05/31T22:27:34z: SSID: Apollonia Students Halls
 0h00:03.198 2021/05/31T22:27:34z: AP_STAR tmr
 ets Jan  8 2013,rst cause:1, boot mode:(3,7)

load 0x4010f000, len 1384, room 16 
tail 8
chksum 0x2d
csum 0x2d
v8b899c12
~ld


6.01
 0h00:03.014 2021/05/31T22:47:29z: DS3231
 0h00:03.030 2021/05/31T22:47:29z: BME280 (0x76)
 0h00:03.044 2021/05/31T22:47:29z: 10:52:1c:42:2a:d
 0h00:03.046 2021/05/31T22:47:29z: SSID: Apollonia Students Halls
 0h00:03.051 2021/05/31T22:47:29z: AP_STAR tmr
 ets Jan  8 2013,rst cause:1, boot mode:(3,7)

load 0x4010f000, len 1384, room 16 
tail 8
chksum 0x2d
csum 0x2d
v8b899c12
~ld


6.01
 0h00:03.055 2021/05/31T23:07:25z: DS3231
 0h00:03.071 2021/05/31T23:07:25z: BME280 (0x76)
 0h00:03.085 2021/05/31T23:07:25z: 10:52:1c:42:2a:d
 0h00:03.087 2021/05/31T23:07:25z: SSID: Apollonia Students Halls
 0h00:03.092 2021/05/31T23:07:25z: AP_STAR tmr
 ets Jan  8 2013,rst cause:1, boot mode:(3,7)

load 0x4010f000, len 1384, room 16 
tail 8
chksum 0x2d
csum 0x2d
v8b899c12
~ld


6.01
 0h00:03.055 2021/05/31T23:27:21z: DS3231
 0h00:03.071 2021/05/31T23:27:21z: BME280 (0x76)
 0h00:03.085 2021/05/31T23:27:21z: 10:52:1c:42:2a:d
 0h00:03.087 2021/05/31T23:27:21z: SSID: Apollonia Students Halls
 0h00:03.092 2021/05/31T23:27:21z: AP_STAR tmr
 ets Jan  8 2013,rst cause:1, boot mode:(3,7)

load 0x4010f000, len 1384, room 16 
tail 8
chksum 0x2d
csum 0x2d
v8b899c12
~ld


6.01
 0h00:02.999 2021/05/31T23:47:17z: DS3231
 0h00:03.015 2021/05/31T23:47:17z: BME280 (0x76)
 0h00:03.029 2021/05/31T23:47:17z: 10:52:1c:42:2a:d
 0h00:03.031 2021/05/31T23:47:17z: SSID: Apollonia Students Halls
 0h00:03.036 2021/05/31T23:47:17z: AP_STA