R tmr
 ets Jan  8 2013,rst cause:1, boot mode:(3,7)

load 0x4010f000, len 1384, room 16 
tail 8
chksum 0x2d
csum 0x2d
v8b899c12
~ld


6.01
 0h00:03.013 2021/05/28T00:06:15z: DS3231
 0h00:03.028 2021/05/28T00:06:15z: BME280 (0x76)
 0h00:03.042 2021/05/28T00:06:15z: 10:52:1c:42:2a:d
 0h00:03.044 2021/05/28T00:06:15z: SSID: Apollonia Students Halls
 0h00:03.049 2021/05/28T00:06:15z: AP_STAR tmr
 ets Jan  8 2013,rst cause:1, boot mode:(3,7)

load 0x4010f000, len 1384, room 16 
tail 8
chksum 0x2d
csum 0x2d
v8b899c12
~ld


6.01
 0h00:03.012 2021/05/28T00:26:12z: DS3231
 0h00:03.027 2021/05/28T00:26:12z: BME280 (0x76)
 0h00:03.042 2021/05/28T00:26:12z: 10:52:1c:42:2a:d
 0h00:03.043 2021/05/28T00:26:12z: SSID: Apollonia Students Halls
 0h00:03.048 2021/05/28T00:26:12z: AP_STAR tmr
 ets Jan  8 2013,rst cause:1, boot mode:(3,7)

load 0x4010f000, len 1384, room 16 
tail 8
chksum 0x2d
csum 0x2d
v8b899c12
~ld


6.01
 0h00:03.122 2021/05/28T00:46:08z: DS3231
 0h00:03.137 2021/05/28T00:46:08z: BME280 (0x76)
 0h00:03.152 2021/05/28T00:46:08z: 10:52:1c:42:2a:d
 0h00:03.153 2021/05/28T00:46:08z: SSID: Apollonia Students Halls
 0h00:03.158 2021/05/28T00:46:08z: AP_STAR tmr
 ets Jan  8 2013,rst cause:1, boot mode:(3,7)

load 0x4010f000, len 1384, room 16 
tail 8
chksum 0x2d
csum 0x2d
v8b899c12
~ld


6.01
 0h00:03.113 2021/05/28T01:06:05z: DS3231
 0h00:03.128 2021/05/28T01:06:05z: BME280 (0x76)
 0h00:03.142 2021/05/28T01:06:05z: 10:52:1c:42:2a:d
 0h00:03.144 2021/05/28T01:06:05z: SSID: Apollonia Students Halls
 0h00:03.149 2021/05/28T01:06:05z: AP_STAR tmr
 ets Jan  8 2013,rst cause:1, boot mode:(3,7)

load 0x4010f000, len 1384, room 16 
tail 8
chksum 0x2d
csum 0x2d
v8b899c12
~ld


6.01
 0h00:03.001 2021/05/28T01:26:01z: DS3231
 0h00:03.016 2021/05/28T01:26:01z: BME280 (0x76)
 0h00:03.031 2021/05/28T01:26:01z: 10:52:1c:42:2a:d
 0h00:03.032 2021/05/28T01:26:01z: SSID: Apollonia Students Halls
 0h00:03.037 2021/05/28T01:26:01z: AP_STAR tmr
 ets Jan  8 2013,rst cause:1, boot mode:(3,7)

load 0x4010f000, len 1384, room 16 
tail 8
chksum 0x2d
csum 0x2d
v8b899c12
~ld


6.01
 0h00:03.072 2021/05/28T01:45:57z: DS3231
 0h00:03.087 2021/05/28T01:45:57z: BME280 (0x76)
 0h00:03.101 2021/05/28T01:45:57z: 10:52:1c:42:2a:d
 0h00:03.103 2021/05/28T01:45:57z: SSID: Apollonia Students Halls
 0h00:03.108 2021/05/28T01:45:57z: AP_STAR tmr
 ets Jan  8 2013,rst cause:1, boot mode:(3,7)

load 0x4010f000, len 1384, room 16 
tail 8
chksum 0x2d
csum 0x2d
v8b899c12
~ld


6.01
 0h00:03.103 2021/05/28T02:05:53z: DS3231
 0h00:03.118 2021/05/28T02:05:53z: BME280 (0x76)
 0h00:03.132 2021/05/28T02:05:53z: 10:52:1c:42:2a:d
 0h00:03.134 2021/05/28T02:05:53z: SSID: Apollonia Students Halls
 0h00:03.139 2021/05/28T02:05:53z: AP_STAR tmr
 ets Jan  8 2013,rst cause:1, boot mode:(3,7)

load 0x4010f000, len 1384, room 16 
tail 8
chksum 0x2d
csum 0x2d
v8b899c12
~ld


6.01
 0h00:03.009 2021/05/28T02:25:49z: DS3231
 0h00:03.024 2021/05/28T02:25:49z: BME280 (0x76)
 0h00:03.038 2021/05/28T02:25:49z: 10:52:1c:42:2a:d
 0h00:03.040 2021/05/28T02:25:49z: SSID: Apollonia Students Halls
 0h00:03.045 2021/05/28T02:25:49z: AP_STAR tmr
 ets Jan  8 2013,rst cause:1, boot mode:(3,7)

load 0x4010f000, len 1384, room 16 
tail 8
chksum 0x2d
csum 0x2d
v8b899c12
~ld


6.01
 0h00:03.067 2021/05/28T02:45:44z: DS3231
 0h00:03.082 2021/05/28T02:45:44z: BME280 (0x76)
 0h00:03.096 2021/05/28T02:45:44z: 10:52:1c:42:2a:d
 0h00:03.098 2021/05/28T02:45:44z: SSID: Apollonia Students Halls
 0h00:03.103 2021/05/28T02:45:44z: AP_STAR tmr
 ets Jan  8 2013,rst cause:1, boot mode:(3,7)

load 0x4010f000, len 1384, room 16 
tail 8
chksum 0x2d
csum 0x2d
v8b899c12
~ld


6.01
 0h00:03.019 2021/05/28T03:05:40z: DS3231
 0h00:03.035 2021/05/28T03:05:40z: BME280 (0x76)
 0h00:03.049 2021/05/28T03:05:40z: 10:52:1c:42:2a:d
 0h00:03.050 2021/05/28T03:05:40z: SSID: Apollonia Students Halls
 0h00:03.056 2021/05/28T03:05:40z: AP_STAR tmr
 ets Jan  8 2013,rst cause:1, boot mode:(3,7)

load 0x4010f000, len 1384, room 16 
tail 8
chksum 0x2d
csum 0x2d
v8b899c12
~ld


6.01
 0h00:03.073 2021/05/28T03:25:36z: DS3231
 0h00:03.088 2021/05/28T03:25:36z: BME280 (0x76)
 0h00:03.103 2021/05/28T03:25:36z: 10:52:1c:42:2a:d
 0h00:03.104 2021/05/28T03:25:36z: SSID: Apollonia Students Halls
 0h00:03.109 2021/05/28T03:25:36z: AP_STAR tmr
 ets Jan  8 2013,rst cause:1, boot mode:(3,7)

load 0x4010f000, len 1384, room 16 
tail 8
chksum 0x2d
csum 0x2d
v8b899c12
~ld


6.01
 0h00:03.070 2021/05/28T03:45:32z: DS3231
 0h00:03.086 2021/05/28T03:45:32z: BME280 (0x76)
 0h00:03.100 2021/05/28T03:45:32z: 10:52:1c:42:2a:d
 0h00:03.102 2021/05/28T03:45:32z: SSID: Apollonia Students Halls
 0h00:03.107 2021/05/28T03:45:32z: AP_STAR tmr
 ets Jan  8 2013,rst cause:1, boot mode:(3,7)

load 0x4010f000, len 1384, room 16 
tail 8
chksum 0x2d
csum 0x2d
v8b899c12
~ld


6.01
 0h00:03.064 2021/05/28T04:05:29z: DS3231
 0h00:03.080 2021/05/28T04:05:29z: BME280 (0x76)
 0h00:03.094 2021/05/28T04:05:29z: 10:52:1c:42:2a:d
 0h00:03.095 2021/05/28T04:05:29z: SSID: Apollonia Students Halls
 0h00:03.101 2021/05/28T04:05:29z: AP_STAR tmr
 ets Jan  8 2013,rst cause:1, boot mode:(3,7)

load 0x4010f000, len 1384, room 16 
tail 8
chksum 0x2d
csum 0x2d
v8b899c12
~ld


6.01
 0h00:03.069 2021/05/28T04:25:25z: DS3231
 0h00:03.085 2021/05/28T04:25:25z: BME280 (0x76)
 0h00:03.099 2021/05/28T04:25:25z: 10:52:1c:42:2a:d
 0h00:03.101 2021/05/28T04:25:25z: SSID: Apollonia Students Halls
 0h00:03.106 2021/05/28T04:25:25z: AP_STAR tmr
 ets Jan  8 2013,rst cause:1, boot mode:(3,7)

load 0x4010f000, len 1384, room 16 
tail 8
chksum 0x2d
csum 0x2d
v8b899c12
~ld


6.01
 0h00:03.013 2021/05/28T04:45:21z: DS3231
 0h00:03.028 2021/05/28T04:45:21z: BME280 (0x76)
 0h00:03.043 2021/05/28T04:45:21z: 10:52:1c:42:2a:d
 0h00:03.044 2021/05/28T04:45:21z: SSID: Apollonia Students Halls
 0h00:03.049 2021/05/28T04:45:21z: AP_STAR tmr
 ets Jan  8 2013,rst cause:1, boot mode:(3,7)

load 0x4010f000, len 1384, room 16 
tail 8
chksum 0x2d
csum 0x2d
v8b899c12
~ld


6.01
 0h00:03.014 2021/05/28T05:05:18z: DS3231
 0h00:03.029 2021/05/28T05:05:18z: BME280 (0x76)
 0h00:03.043 2021/05/28T05:05:18z: 10:52:1c:42:2a:d
 0h00:03.045 2021/05/28T05:05:18z: SSID: Apollonia Students Halls
 0h00:03.050 2021/05/28T05:05:18z: AP_STAR tmr
 ets Jan  8 2013,rst cause:1, boot mode:(3,7)

load 0x4010f000, len 1384, room 16 
tail 8
chksum 0x2d
csum 0x2d
v8b899c12
~ld


6.01
 0h00:03.005 2021/05/28T05:25:14z: DS3231
 0h00:03.020 2021/05/28T05:25:14z: BME280 (0x76)
 0h00:03.035 2021/05/28T05:25:14z: 10:52:1c:42:2a:d
 0h00:03.036 2021/05/28T05:25:14z: SSID: Apollonia Students Halls
 0h00:03.042 2021/05/28T05:25:14z: AP_STAR tmr
 ets Jan  8 2013,rst cause:1, boot mode:(3,7)

load 0x4010f000, len 1384, room 16 
tail 8
chksum 0x2d
csum 0x2d
v8b899c12
~ld


6.01
 0h00:03.032 2021/05/28T05:45:10z: DS3231
 0h00:03.048 2021/05/28T05:45:10z: BME280 (0x76)
 0h00:03.062 2021/05/28T05:45:10z: 10:52:1c:42:2a:d
 0h00:03.063 2021/05/28T05:45:10z: SSID: Apollonia Students Halls
 0h00:03.069 2021/05/28T05:45:10z: AP_STAR tmr
 ets Jan  8 2013,rst cause:1, boot mode:(3,7)

load 0x4010f000, len 1384, room 16 
tail 8
chksum 0x2d
csum 0x2d
v8b899c12
~ld


6.01
 0h00:03.011 2021/05/28T06:05:06z: DS3231
 0h00:03.026 2021/05/28T06:05:06z: BME280 (0x76)
 0h00:03.040 2021/05/28T06:05:06z: 10:52:1c:42:2a:d
 0h00:03.042 2021/05/28T06:05:06z: SSID: Apollonia Students Halls
 0h00:03.047 2021/05/28T06:05:06z: AP_STAR tmr
 ets Jan  8 2013,rst cause:1, boot mode:(3,7)

load 0x4010f000, len 1384, room 16 
tail 8
chksum 0x2d
csum 0x2d
v8b899c12
~ld


6.01
 0h00:03.002 2021/05/28T06:25:03z: DS3231
 0h00:03.017 2021/05/28T06:25:03z: BME280 (0x76)
 0h00:03.031 2021/05/28T06:25:03z: 10:52:1c:42:2a:d
 0h00:03.033 2021/05/28T06:25:03z: SSID: Apollonia Students Halls
 0h00:03.038 2021/05/28T06:25:03z: AP_STAR tmr
 ets Jan  8 2013,rst cause:1, boot mode:(3,7)

load 0x4010f000, len 1384, room 16 
tail 8
chksum 0x2d
csum 0x2d
v8b899c12
~ld


6.01
 0h00:03.015 2021/05/28T06:44:59z: DS3231
 0h00:03.031 2021/05/28T06:44:59z: BME280 (0x76)
 0h00:03.045 2021/05/28T06:44:59z: 10:52:1c:42:2a:d
 0h00:03.047 2021/05/28T06:44:59z: SSID: Apollonia Students Halls
 0h00:03.052 2021/05/28T06:44:59z: AP_STAR tmr
 ets Jan  8 2013,rst cause:1, boot mode:(3,7)

load 0x4010f000, len 1384, room 16 
tail 8
chksum 0x2d
csum 0x2d
v8b899c12
~ld


6.01
 0h00:03.020 2021/05/28T07:04:55z: DS3231
 0h00:03.035 2021/05/28T07:04:55z: BME280 (0x76)
 0h00:03.049 2021/05/28T07:04:55z: 10:52:1c:42:2a:d
 0h00:03.051 2021/05/28T07:04:55z: SSID: Apollonia Students Halls
 0h00:03.056 2021/05/28T07:04:55z: AP_STAR tmr
 ets Jan  8 2013,rst cause:1, boot mode:(3,7)

load 0x4010f000, len 1384, room 16 
tail 8
chksum 0x2d
csum 0x2d
v8b899c12
~ld


6.01
 0h00:03.074 2021/05/28T07:24:51z: DS3231
 0h00:03.089 2021/05/28T07:24:51z: BME280 (0x76)
 0h00:03.104 2021/05/28T07:24:51z: 10:52:1c:42:2a:d
 0h00:03.105 2021/05/28T07:24:51z: SSID: Apollonia Students Halls
 0h00:03.110 2021/05/28T07:24:51z: AP_STAR tmr
 ets Jan  8 2013,rst cause:1, boot mode:(3,7)

load 0x4010f000, len 1384, room 16 
tail 8
chksum 0x2d
csum 0x2d
v8b899c12
~ld


6.01
 0h00:03.037 2021/05/28T07:44:47z: DS3231
 0h00:03.052 2021/05/28T07:44:47z: BME280 (0x76)
 0h00:03.066 2021/05/28T07:44:47z: 10:52:1c:42:2a:d
 0h00:03.068 2021/05/28T07:44:47z: SSID: Apollonia Students Halls
 0h00:03.073 2021/05/28T07:44:47z: AP_STAR tmr
 ets Jan  8 2013,rst cause:1, boot mode:(3,7)

load 0x4010f000, len 1384, room 16 
tail 8
chksum 0x2d
csum 0x2d
v8b899c12
~ld


6.01
 0h00:03.037 2021/05/28T08:04:44z: DS3231
 0h00:03.053 2021/05/28T08:04:44z: BME280 (0x76)
 0h00:03.067 2021/05/28T08:04:44z: 10:52:1c:42:2a:d
 0h00:03.068 2021/05/28T08:04:44z: SSID: Apollonia Students Halls
 0h00:03.074 2021/05/28T08:04:44z: AP_STAR tmr
 ets Jan  8 2013,rst cause:1, boot mode:(3,7)

load 0x4010f000, len 1384, room 16 
tail 8
chksum 0x2d
csum 0x2d
v8b899c12
~ld


6.01
 0h00:03.061 2021/05/28T08:24:41z: DS3231
 0h00:03.076 2021/05/28T08:24:41z: BME280 (0x76)
 0h00:03.091 2021/05/28T08:24:41z: 10:52:1c:42:2a:d
 0h00:03.092 2021/05/28T08:24:41z: SSID: Apollonia Students Halls
 0h00:03.097 2021/05/28T08:24:41z: AP_STAR tmr
 ets Jan  8 2013,rst cause:1, boot mode:(3,7)

load 0x4010f000, len 1384, room 16 
tail 8
chksum 0x2d
csum 0x2d
v8b899c12
~ld


6.01
 0h00:03.114 2021/05/28T08:44:37z: DS3231
 0h00:03.129 2021/05/28T08:44:37z: BME280 (0x76)
 0h00:03.143 2021/05/28T08:44:37z: 10:52:1c:42:2a:d
 0h00:03.145 2021/05/28T08:44:37z: SSID: Apollonia Students Halls
 0h00:03.150 2021/05/28T08:44:37z: AP_STAR tmr
 ets Jan  8 2013,rst cause:1, boot mode:(3,7)

load 0x4010f000, len 1384, room 16 
tail 8
chksum 0x2d
csum 0x2d
v8b899c12
~ld


6.01
 0h00:03.007 2021/05/28T09:04:33z: DS3231
 0h00:03.022 2021/05/28T09:04:33z: BME280 (0x76)
 0h00:03.036 2021/05/28T09:04:33z: 10:52:1c:42:2a:d
 0h00:03.038 2021/05/28T09:04:33z: SSID: Apollonia Students Halls
 0h00:03.043 2021/05/28T09:04:33z: AP_STAR tmr
 ets Jan  8 2013,rst cause:1, boot mode:(3,7)

load 0x4010f000, len 1384, room 16 
tail 8
chksum 0x2d
csum 0x2d
v8b899c12
~ld


6.01
 0h00:03.129 2021/05/28T09:24:30z: DS3231
 0h00:03.144 2021/05/28T09:24:30z: BME280 (0x76)
 0h00:03.159 2021/05/28T09:24:30z: 10:52:1c:42:2a:d
 0h00:03.160 2021/05/28T09:24:30z: SSID: Apollonia Students Halls
 0h00:03.165 2021/05/28T09:24:30z: AP_STAR tmr
 ets Jan  8 2013,rst cause:1, boot mode:(3,7)

load 0x4010f000, len 1384, room 16 
tail 8
chksum 0x2d
csum 0x2d
v8b899c12
~ld


6.01
 0h00:03.018 2021/05/28T09:44:25z: DS3231
 0h00:03.034 2021/05/28T09:44:25z: BME280 (0x76)
 0h00:03.048 2021/05/28T09:44:25z: 10:52:1c:42:2a:d
 0h00:03.050 2021/05/28T09:44:25z: SSID: Apollonia Students Halls
 0h00:03.055 2021/05/28T09:44:25z: AP_STAR tmr
 ets Jan  8 2013,rst cause:1, boot mode:(3,7)

load 0x4010f000, len 1384, room 16 
tail 8
chksum 0x2d
csum 0x2d
v8b899c12
~ld


6.01
 0h00:03.063 2021/05/28T10:04:21z: DS3231
 0h00:03.078 2021/05/28T10:04:21z: BME280 (0x76)
 0h00:03.092 2021/05/28T10:04:21z: 10:52:1c:42:2a:d
 0h00:03.094 2021/05/28T10:04:21z: SSID: Apollonia Students Halls
 0h00:03.099 2021/05/28T10:04:21z: AP_STA