R tmr
 ets Jan  8 2013,rst cause:1, boot mode:(3,7)

load 0x4010f000, len 1384, room 16 
tail 8
chksum 0x2d
csum 0x2d
v8b899c12
~ld


6.01
 0h00:03.014 2021/05/14T00:02:49z: DS3231
 0h00:03.029 2021/05/14T00:02:49z: BME280 (0x76)
 0h00:03.044 2021/05/14T00:02:49z: 10:52:1c:42:2a:d
 0h00:03.045 2021/05/14T00:02:49z: SSID: Apollonia Students Halls
 0h00:03.050 2021/05/14T00:02:49z: AP_STAR tmr
 ets Jan  8 2013,rst cause:1, boot mode:(3,7)

load 0x4010f000, len 1384, room 16 
tail 8
chksum 0x2d
csum 0x2d
v8b899c12
~ld


6.01
 0h00:03.014 2021/05/14T00:22:46z: DS3231
 0h00:03.029 2021/05/14T00:22:46z: BME280 (0x76)
 0h00:03.043 2021/05/14T00:22:46z: 10:52:1c:42:2a:d
 0h00:03.045 2021/05/14T00:22:46z: SSID: Apollonia Students Halls
 0h00:03.050 2021/05/14T00:22:46z: AP_STAR tmr
 ets Jan  8 2013,rst cause:1, boot mode:(3,7)

load 0x4010f000, len 1384, room 16 
tail 8
chksum 0x2d
csum 0x2d
v8b899c12
~ld


6.01
 0h00:03.050 2021/05/14T00:42:42z: DS3231
 0h00:03.065 2021/05/14T00:42:42z: BME280 (0x76)
 0h00:03.079 2021/05/14T00:42:42z: 10:52:1c:42:2a:d
 0h00:03.081 2021/05/14T00:42:42z: SSID: Apollonia Students Halls
 0h00:03.086 2021/05/14T00:42:42z: AP_STAR tmr
 ets Jan  8 2013,rst cause:1, boot mode:(3,7)

load 0x4010f000, len 1384, room 16 
tail 8
chksum 0x2d
csum 0x2d
v8b899c12
~ld


6.01
 0h00:03.002 2021/05/14T01:02:37z: DS3231
 0h00:03.017 2021/05/14T01:02:37z: BME280 (0x76)
 0h00:03.031 2021/05/14T01:02:37z: 10:52:1c:42:2a:d
 0h00:03.033 2021/05/14T01:02:37z: SSID: Apollonia Students Halls
 0h00:03.038 2021/05/14T01:02:37z: AP_STAR tmr
 ets Jan  8 2013,rst cause:1, boot mode:(3,7)

load 0x4010f000, len 1384, room 16 
tail 8
chksum 0x2d
csum 0x2d
v8b899c12
~ld


6.01
 0h00:03.001 2021/05/14T01:22:33z: DS3231
 0h00:03.017 2021/05/14T01:22:33z: BME280 (0x76)
 0h00:03.031 2021/05/14T01:22:33z: 10:52:1c:42:2a:d
 0h00:03.032 2021/05/14T01:22:33z: SSID: Apollonia Students Halls
 0h00:03.038 2021/05/14T01:22:33z: AP_STAR tmr
 ets Jan  8 2013,rst cause:1, boot mode:(3,7)

load 0x4010f000, len 1384, room 16 
tail 8
chksum 0x2d
csum 0x2d
v8b899c12
~ld


6.01
 0h00:03.006 2021/05/14T01:42:29z: DS3231
 0h00:03.021 2021/05/14T01:42:29z: BME280 (0x76)
 0h00:03.035 2021/05/14T01:42:29z: 10:52:1c:42:2a:d
 0h00:03.037 2021/05/14T01:42:29z: SSID: Apollonia Students Halls
 0h00:03.042 2021/05/14T01:42:29z: AP_STAR tmr
 ets Jan  8 2013,rst cause:1, boot mode:(3,7)

load 0x4010f000, len 1384, room 16 
tail 8
chksum 0x2d
csum 0x2d
v8b899c12
~ld


6.01
 0h00:03.055 2021/05/14T02:02:26z: DS3231
 0h00:03.070 2021/05/14T02:02:26z: BME280 (0x76)
 0h00:03.084 2021/05/14T02:02:26z: 10:52:1c:42:2a:d
 0h00:03.086 2021/05/14T02:02:26z: SSID: Apollonia Students Halls
 0h00:03.091 2021/05/14T02:02:26z: AP_STAR tmr
 ets Jan  8 2013,rst cause:1, boot mode:(3,7)

load 0x4010f000, len 1384, room 16 
tail 8
chksum 0x2d
csum 0x2d
v8b899c12
~ld


6.01
 0h00:03.019 2021/05/14T02:22:22z: DS3231
 0h00:03.034 2021/05/14T02:22:22z: BME280 (0x76)
 0h00:03.048 2021/05/14T02:22:22z: 10:52:1c:42:2a:d
 0h00:03.050 2021/05/14T02:22:22z: SSID: Apollonia Students Halls
 0h00:03.055 2021/05/14T02:22:22z: AP_STAR tmr
 ets Jan  8 2013,rst cause:1, boot mode:(3,7)

load 0x4010f000, len 1384, room 16 
tail 8
chksum 0x2d
csum 0x2d
v8b899c12
~ld


6.01
 0h00:03.023 2021/05/14T02:42:18z: DS3231
 0h00:03.039 2021/05/14T02:42:18z: BME280 (0x76)
 0h00:03.053 2021/05/14T02:42:18z: 10:52:1c:42:2a:d
 0h00:03.055 2021/05/14T02:42:18z: SSID: Apollonia Students Halls
 0h00:03.060 2021/05/14T02:42:18z: AP_STAR tmr
 ets Jan  8 2013,rst cause:1, boot mode:(3,7)

load 0x4010f000, len 1384, room 16 
tail 8
chksum 0x2d
csum 0x2d
v8b899c12
~ld


6.01
 0h00:03.005 2021/05/14T03:02:14z: DS3231
 0h00:03.020 2021/05/14T03:02:14z: BME280 (0x76)
 0h00:03.034 2021/05/14T03:02:14z: 10:52:1c:42:2a:d
 0h00:03.036 2021/05/14T03:02:14z: SSID: Apollonia Students Halls
 0h00:03.041 2021/05/14T03:02:14z: AP_STAR tmr
 ets Jan  8 2013,rst cause:1, boot mode:(3,7)

load 0x4010f000, len 1384, room 16 
tail 8
chksum 0x2d
csum 0x2d
v8b899c12
~ld


6.01
 0h00:03.005 2021/05/14T03:22:10z: DS3231
 0h00:03.020 2021/05/14T03:22:10z: BME280 (0x76)
 0h00:03.035 2021/05/14T03:22:10z: 10:52:1c:42:2a:d
 0h00:03.036 2021/05/14T03:22:10z: SSID: Apollonia Students Halls
 0h00:03.041 2021/05/14T03:22:10z: AP_STAR tmr
 ets Jan  8 2013,rst cause:1, boot mode:(3,7)

load 0x4010f000, len 1384, room 16 
tail 8
chksum 0x2d
csum 0x2d
v8b899c12
~ld


6.01
 0h00:02.996 2021/05/14T03:42:06z: DS3231
 0h00:03.011 2021/05/14T03:42:06z: BME280 (0x76)
 0h00:03.025 2021/05/14T03:42:06z: 10:52:1c:42:2a:d
 0h00:03.027 2021/05/14T03:42:06z: SSID: Apollonia Students Halls
 0h00:03.032 2021/05/14T03:42:06z: AP_STAR tmr
 ets Jan  8 2013,rst cause:1, boot mode:(3,7)

load 0x4010f000, len 1384, room 16 
tail 8
chksum 0x2d
csum 0x2d
v8b899c12
~ld


6.01
 0h00:03.007 2021/05/14T04:02:02z: DS3231
 0h00:03.022 2021/05/14T04:02:02z: BME280 (0x76)
 0h00:03.037 2021/05/14T04:02:03z: 10:52:1c:42:2a:d
 0h00:03.038 2021/05/14T04:02:03z: SSID: Apollonia Students Halls
 0h00:03.043 2021/05/14T04:02:03z: AP_STAR tmr
 ets Jan  8 2013,rst cause:1, boot mode:(3,7)

load 0x4010f000, len 1384, room 16 
tail 8
chksum 0x2d
csum 0x2d
v8b899c12
~ld


6.01
 0h00:03.008 2021/05/14T04:21:58z: DS3231
 0h00:03.023 2021/05/14T04:21:58z: BME280 (0x76)
 0h00:03.038 2021/05/14T04:21:58z: 10:52:1c:42:2a:d
 0h00:03.039 2021/05/14T04:21:58z: SSID: Apollonia Students Halls
 0h00:03.044 2021/05/14T04:21:58z: AP_STAR tmr
 ets Jan  8 2013,rst cause:1, boot mode:(3,7)

load 0x4010f000, len 1384, room 16 
tail 8
chksum 0x2d
csum 0x2d
v8b899c12
~ld


6.01
 0h00:03.015 2021/05/14T04:41:54z: DS3231
 0h00:03.030 2021/05/14T04:41:54z: BME280 (0x76)
 0h00:03.044 2021/05/14T04:41:54z: 10:52:1c:42:2a:d
 0h00:03.046 2021/05/14T04:41:54z: SSID: Apollonia Students Halls
 0h00:03.051 2021/05/14T04:41:54z: AP_STAR tmr
 ets Jan  8 2013,rst cause:1, boot mode:(3,7)

load 0x4010f000, len 1384, room 16 
tail 8
chksum 0x2d
csum 0x2d
v8b899c12
~ld


6.01
 0h00:03.019 2021/05/14T05:01:50z: DS3231
 0h00:03.034 2021/05/14T05:01:50z: BME280 (0x76)
 0h00:03.048 2021/05/14T05:01:50z: 10:52:1c:42:2a:d
 0h00:03.050 2021/05/14T05:01:50z: SSID: Apollonia Students Halls
 0h00:03.055 2021/05/14T05:01:50z: AP_STAR tmr
 ets Jan  8 2013,rst cause:1, boot mode:(3,7)

load 0x4010f000, len 1384, room 16 
tail 8
chksum 0x2d
csum 0x2d
v8b899c12
~ld


6.01
 0h00:03.031 2021/05/14T05:21:46z: DS3231
 0h00:03.046 2021/05/14T05:21:46z: BME280 (0x76)
 0h00:03.060 2021/05/14T05:21:46z: 10:52:1c:42:2a:d
 0h00:03.062 2021/05/14T05:21:46z: SSID: Apollonia Students Halls
 0h00:03.067 2021/05/14T05:21:46z: AP_STAR tmr
 ets Jan  8 2013,rst cause:1, boot mode:(3,7)

load 0x4010f000, len 1384, room 16 
tail 8
chksum 0x2d
csum 0x2d
v8b899c12
~ld


6.01
 0h00:03.052 2021/05/14T05:41:42z: DS3231
 0h00:03.067 2021/05/14T05:41:42z: BME280 (0x76)
 0h00:03.081 2021/05/14T05:41:42z: 10:52:1c:42:2a:d
 0h00:03.083 2021/05/14T05:41:42z: SSID: Apollonia Students Halls
 0h00:03.088 2021/05/14T05:41:42z: AP_STAR tmr
 ets Jan  8 2013,rst cause:1, boot mode:(3,7)

load 0x4010f000, len 1384, room 16 
tail 8
chksum 0x2d
csum 0x2d
v8b899c12
~ld


6.01
 0h00:02.998 2021/05/14T06:01:38z: DS3231
 0h00:03.013 2021/05/14T06:01:38z: BME280 (0x76)
 0h00:03.027 2021/05/14T06:01:38z: 10:52:1c:42:2a:d
 0h00:03.029 2021/05/14T06:01:38z: SSID: Apollonia Students Halls
 0h00:03.034 2021/05/14T06:01:38z: AP_STAR tmr
 ets Jan  8 2013,rst cause:1, boot mode:(3,7)

load 0x4010f000, len 1384, room 16 
tail 8
chksum 0x2d
csum 0x2d
v8b899c12
~ld


6.01
 0h00:03.048 2021/05/14T06:21:33z: DS3231
 0h00:03.063 2021/05/14T06:21:33z: BME280 (0x76)
 0h00:03.078 2021/05/14T06:21:33z: 10:52:1c:42:2a:d
 0h00:03.079 2021/05/14T06:21:33z: SSID: Apollonia Students Halls
 0h00:03.084 2021/05/14T06:21:33z: AP_STAR tmr
 ets Jan  8 2013,rst cause:1, boot mode:(3,7)

load 0x4010f000, len 1384, room 16 
tail 8
chksum 0x2d
csum 0x2d
v8b899c12
~ld


6.01
 0h00:03.012 2021/05/14T06:41:29z: DS3231
 0h00:03.027 2021/05/14T06:41:29z: BME280 (0x76)
 0h00:03.041 2021/05/14T06:41:29z: 10:52:1c:42:2a:d
 0h00:03.043 2021/05/14T06:41:29z: SSID: Apollonia Students Halls
 0h00:03.048 2021/05/14T06:41:29z: AP_STAR tmr
 ets Jan  8 2013,rst cause:1, boot mode:(3,7)

load 0x4010f000, len 1384, room 16 
tail 8
chksum 0x2d
csum 0x2d
v8b899c12
~ld


6.01
 0h00:03.017 2021/05/14T07:01:25z: DS3231
 0h00:03.032 2021/05/14T07:01:25z: BME280 (0x76)
 0h00:03.046 2021/05/14T07:01:25z: 10:52:1c:42:2a:d
 0h00:03.048 2021/05/14T07:01:25z: SSID: Apollonia Students Halls
 0h00:03.053 2021/05/14T07:01:25z: AP_STAR tmr
 ets Jan  8 2013,rst cause:1, boot mode:(3,7)

load 0x4010f000, len 1384, room 16 
tail 8
chksum 0x2d
csum 0x2d
v8b899c12
~ld


6.01
 0h00:03.031 2021/05/14T07:21:22z: DS3231
 0h00:03.046 2021/05/14T07:21:22z: BME280 (0x76)
 0h00:03.060 2021/05/14T07:21:22z: 10:52:1c:42:2a:d
 0h00:03.062 2021/05/14T07:21:22z: SSID: Apollonia Students Halls
 0h00:03.067 2021/05/14T07:21:22z: AP_STAR tmr
 ets Jan  8 2013,rst cause:1, boot mode:(3,7)

load 0x4010f000, len 1384, room 16 
tail 8
chksum 0x2d
csum 0x2d
v8b899c12
~ld


6.01
 0h00:03.001 2021/05/14T07:41:18z: DS3231
 0h00:03.016 2021/05/14T07:41:18z: BME280 (0x76)
 0h00:03.030 2021/05/14T07:41:18z: 10:52:1c:42:2a:d
 0h00:03.032 2021/05/14T07:41:18z: SSID: Apollonia Students Halls
 0h00:03.037 2021/05/14T07:41:18z: AP_STAR tmr
 ets Jan  8 2013,rst cause:1, boot mode:(3,7)

load 0x4010f000, len 1384, room 16 
tail 8
chksum 0x2d
csum 0x2d
v8b899c12
~ld


6.01
 0h00:02.996 2021/05/14T08:01:14z: DS3231
 0h00:03.011 2021/05/14T08:01:14z: BME280 (0x76)
 0h00:03.026 2021/05/14T08:01:14z: 10:52:1c:42:2a:d
 0h00:03.027 2021/05/14T08:01:14z: SSID: Apollonia Students Halls
 0h00:03.032 2021/05/14T08:01:14z: AP_STAR tmr
 ets Jan  8 2013,rst cause:1, boot mode:(3,7)

load 0x4010f000, len 1384, room 16 
tail 8
chksum 0x2d
csum 0x2d
v8b899c12
~ld


6.01
 0h00:02.998 2021/05/14T08:21:10z: DS3231
 0h00:03.014 2021/05/14T08:21:10z: BME280 (0x76)
 0h00:03.028 2021/05/14T08:21:10z: 10:52:1c:42:2a:d
 0h00:03.030 2021/05/14T08:21:10z: SSID: Apollonia Students Halls
 0h00:03.035 2021/05/14T08:21:10z: AP_STAR tmr
 ets Jan  8 2013,rst cause:1, boot mode:(3,7)

load 0x4010f000, len 1384, room 16 
tail 8
chksum 0x2d
csum 0x2d
v8b899c12
~ld


6.01
 0h00:02.998 2021/05/14T08:41:06z: DS3231
 0h00:03.013 2021/05/14T08:41:06z: BME280 (0x76)
 0h00:03.028 2021/05/14T08:41:06z: 10:52:1c:42:2a:d
 0h00:03.029 2021/05/14T08:41:06z: SSID: Apollonia Students Halls
 0h00:03.034 2021/05/14T08:41:06z: AP_STAR tmr
 ets Jan  8 2013,rst cause:1, boot mode:(3,7)

load 0x4010f000, len 1384, room 16 
tail 8
chksum 0x2d
csum 0x2d
v8b899c12
~ld


6.01
 0h00:03.002 2021/05/14T09:01:03z: DS3231
 0h00:03.017 2021/05/14T09:01:03z: BME280 (0x76)
 0h00:03.031 2021/05/14T09:01:03z: 10:52:1c:42:2a:d
 0h00:03.033 2021/05/14T09:01:03z: SSID: Apollonia Students Halls
 0h00:03.038 2021/05/14T09:01:03z: AP_STAR tmr
 ets Jan  8 2013,rst cause:1, boot mode:(3,7)

load 0x4010f000, len 1384, room 16 
tail 8
chksum 0x2d
csum 0x2d
v8b899c12
~ld


6.01
 0h00:03.008 2021/05/14T09:21:00z: DS3231
 0h00:03.024 2021/05/14T09:21:00z: BME280 (0x76)
 0h00:03.038 2021/05/14T09:21:00z: 10:52:1c:42:2a:d
 0h00:03.040 2021/05/14T09:21:00z: SSID: Apollonia Students Halls
 0h00:03.045 2021/05/14T09:21:00z: AP_STAR tmr
 ets Jan  8 2013,rst cause:1, boot mode:(3,7)

load 0x4010f000, len 1384, room 16 
tail 8
chksum 0x2d
csum 0x2d
v8b899c12
~ld


6.01
 0h00:03.012 2021/05/14T09:40:56z: DS3231
 0h00:03.027 2021/05/14T09:40:56z: BME280 (0x76)
 0h00:03.041 2021/05/14T09:40:56z: 10:52:1c:42:2a:d
 0h00:03.043 2021/05/14T09:40:56z: SSID: Apollonia Students Halls
 0h00:03.048 2021/05/14T09:40:56z: AP_STAR tmr
 ets Jan  8 2013,rst cause:1, boot mode:(3,7)

load 0x4010f000, len 1384, room 16 
tail 8
chksum 0x2d
csum 0x2d
v8b899c12
~ld


6.01
 0h00:03.030 2021/05/14T10:00:52z: DS3231
 0h00:03.045 2021/05/14T10:00:52z: BME280 (0x76)
 0h00:03.059 2021/05/14T10:00:52z: 10:52:1c:42:2a:d
 0h00:03.061 2021/05/14T10:00:52z: SSID: Apollonia Students Halls
 0h00:03.066 2021/05/14T10:00:52z: AP_STAR tmr
 ets Jan  8 2013,rst cause:1, boot mode:(3,7)

load 0x4010f000, len 1384, room 16 
tail 8
chksum 0x2d
csum 0x2d
v8b899c12
~ld


6.01
 0h00:03.025 2021/05/14T10:20:48z: DS3231
 0h00:03.041 2021/05/14T10:20:48z: BME280 (0x76)
 0h00:03.055 2021/05/14T10:20:48z: 10:52:1c:42:2a:d
 0h00:03.057 2021/05/14T10:20:48z: SSID: Apollonia Students Halls
 0h00:03.062 2021/05/14T10:20:48z: AP_STAR tmr
 ets Jan  8 2013,rst cause:1, boot mode:(3,7)

load 0x4010f000, len 1384, room 16 
tail 8
chksum 0x2d
csum 0x2d
v8b899c12
~ld


6.01
 0h00:03.024 2021/05/14T10:40:44z: DS3231
 0h00:03.039 2021/05/14T10:40:44z: BME280 (0x76)
 0h00:03.053 2021/05/14T10:40:44z: 10:52:1c:42:2a:d
 0h00:03.055 2021/05/14T10:40:44z: SSID: Apollonia Students Halls
 0h00:03.060 2021/05/14T10:40:44z: AP_STA