R tmr
 ets Jan  8 2013,rst cause:1, boot mode:(3,7)

load 0x4010f000, len 1384, room 16 
tail 8
chksum 0x2d
csum 0x2d
v8b899c12
~ld


6.01
 0h00:03.026 2021/05/12T11:10:07z: DS3231
 0h00:03.042 2021/05/12T11:10:07z: BME280 (0x76)
 0h00:03.056 2021/05/12T11:10:07z: 10:52:1c:42:2a:d
 0h00:03.057 2021/05/12T11:10:07z: SSID: Apollonia Students Halls
 0h00:03.063 2021/05/12T11:10:07z: AP_STAR tmr
 ets Jan  8 2013,rst cause:1, boot mode:(3,7)

load 0x4010f000, len 1384, room 16 
tail 8
chksum 0x2d
csum 0x2d
v8b899c12
~ld


6.01
 0h00:03.028 2021/05/12T11:30:03z: DS3231
 0h00:03.044 2021/05/12T11:30:03z: BME280 (0x76)
 0h00:03.058 2021/05/12T11:30:03z: 10:52:1c:42:2a:d
 0h00:03.059 2021/05/12T11:30:03z: SSID: Apollonia Students Halls
 0h00:03.065 2021/05/12T11:30:03z: AP_STAR tmr
 ets Jan  8 2013,rst cause:1, boot mode:(3,7)

load 0x4010f000, len 1384, room 16 
tail 8
chksum 0x2d
csum 0x2d
v8b899c12
~ld


6.01
 0h00:02.999 2021/05/12T11:49:59z: DS3231
 0h00:03.014 2021/05/12T11:49:59z: BME280 (0x76)
 0h00:03.028 2021/05/12T11:49:59z: 10:52:1c:42:2a:d
 0h00:03.030 2021/05/12T11:49:59z: SSID: Apollonia Students Halls
 0h00:03.035 2021/05/12T11:49:59z: AP_STAR tmr
 ets Jan  8 2013,rst cause:1, boot mode:(3,7)

load 0x4010f000, len 1384, room 16 
tail 8
chksum 0x2d
csum 0x2d
v8b899c12
~ld


6.01
 0h00:02.998 2021/05/12T12:09:55z: DS3231
 0h00:03.013 2021/05/12T12:09:55z: BME280 (0x76)
 0h00:03.027 2021/05/12T12:09:55z: 10:52:1c:42:2a:d
 0h00:03.029 2021/05/12T12:09:55z: SSID: Apollonia Students Halls
 0h00:03.034 2021/05/12T12:09:55z: AP_STAR tmr
 ets Jan  8 2013,rst cause:1, boot mode:(3,7)

load 0x4010f000, len 1384, room 16 
tail 8
chksum 0x2d
csum 0x2d
v8b899c12
~ld


6.01
 0h00:02.992 2021/05/12T12:29:51z: DS3231
 0h00:03.007 2021/05/12T12:29:51z: BME280 (0x76)
 0h00:03.021 2021/05/12T12:29:51z: 10:52:1c:42:2a:d
 0h00:03.023 2021/05/12T12:29:51z: SSID: Apollonia Students Halls
 0h00:03.028 2021/05/12T12:29:51z: AP_STAR tmr
 ets Jan  8 2013,rst cause:1, boot mode:(3,7)

load 0x4010f000, len 1384, room 16 
tail 8
chksum 0x2d
csum 0x2d
v8b899c12
~ld


6.01
 0h00:02.999 2021/05/12T12:49:47z: DS3231
 0h00:03.014 2021/05/12T12:49:47z: BME280 (0x76)
 0h00:03.028 2021/05/12T12:49:47z: 10:52:1c:42:2a:d
 0h00:03.030 2021/05/12T12:49:47z: SSID: Apollonia Students Halls
 0h00:03.035 2021/05/12T12:49:47z: AP_STAR tmr
 ets Jan  8 2013,rst cause:1, boot mode:(3,7)

load 0x4010f000, len 1384, room 16 
tail 8
chksum 0x2d
csum 0x2d
v8b899c12
~ld


6.01
 0h00:03.010 2021/05/12T13:09:43z: DS3231
 0h00:03.025 2021/05/12T13:09:43z: BME280 (0x76)
 0h00:03.039 2021/05/12T13:09:43z: 10:52:1c:42:2a:d
 0h00:03.041 2021/05/12T13:09:43z: SSID: Apollonia Students Halls
 0h00:03.046 2021/05/12T13:09:43z: AP_STAR tmr
 ets Jan  8 2013,rst cause:1, boot mode:(3,7)

load 0x4010f000, len 1384, room 16 
tail 8
chksum 0x2d
csum 0x2d
v8b899c12
~ld


6.01
 0h00:03.015 2021/05/12T13:29:39z: DS3231
 0h00:03.030 2021/05/12T13:29:39z: BME280 (0x76)
 0h00:03.045 2021/05/12T13:29:39z: 10:52:1c:42:2a:d
 0h00:03.046 2021/05/12T13:29:39z: SSID: Apollonia Students Halls
 0h00:03.051 2021/05/12T13:29:39z: AP_STAR tmr
 ets Jan  8 2013,rst cause:1, boot mode:(3,7)

load 0x4010f000, len 1384, room 16 
tail 8
chksum 0x2d
csum 0x2d
v8b899c12
~ld


6.01
 0h00:03.014 2021/05/12T13:49:35z: DS3231
 0h00:03.030 2021/05/12T13:49:35z: BME280 (0x76)
 0h00:03.044 2021/05/12T13:49:35z: 10:52:1c:42:2a:d
 0h00:03.045 2021/05/12T13:49:35z: SSID: Apollonia Students Halls
 0h00:03.051 2021/05/12T13:49:35z: AP_STAR tmr
 ets Jan  8 2013,rst cause:1, boot mode:(3,7)

load 0x4010f000, len 1384, room 16 
tail 8
chksum 0x2d
csum 0x2d
v8b899c12
~ld


6.01
 0h00:03.025 2021/05/12T14:09:32z: DS3231
 0h00:03.040 2021/05/12T14:09:32z: BME280 (0x76)
 0h00:03.054 2021/05/12T14:09:32z: 10:52:1c:42:2a:d
 0h00:03.056 2021/05/12T14:09:32z: SSID: Apollonia Students Halls
 0h00:03.061 2021/05/12T14:09:32z: AP_STAR tmr
 ets Jan  8 2013,rst cause:1, boot mode:(3,7)

load 0x4010f000, len 1384, room 16 
tail 8
chksum 0x2d
csum 0x2d
v8b899c12
~ld


6.01
 0h00:03.000 2021/05/12T14:29:27z: DS3231
 0h00:03.015 2021/05/12T14:29:27z: BME280 (0x76)
 0h00:03.029 2021/05/12T14:29:27z: 10:52:1c:42:2a:d
 0h00:03.031 2021/05/12T14:29:27z: SSID: Apollonia Students Halls
 0h00:03.036 2021/05/12T14:29:27z: AP_STAR tmr
 ets Jan  8 2013,rst cause:1, boot mode:(3,7)

load 0x4010f000, len 1384, room 16 
tail 8
chksum 0x2d
csum 0x2d
v8b899c12
~ld


6.01
 0h00:02.999 2021/05/12T14:49:23z: DS3231
 0h00:03.014 2021/05/12T14:49:23z: BME280 (0x76)
 0h00:03.029 2021/05/12T14:49:23z: 10:52:1c:42:2a:d
 0h00:03.030 2021/05/12T14:49:23z: SSID: Apollonia Students Halls
 0h00:03.035 2021/05/12T14:49:23z: AP_STAR tmr
 ets Jan  8 2013,rst cause:1, boot mode:(3,7)

load 0x4010f000, len 1384, room 16 
tail 8
chksum 0x2d
csum 0x2d
v8b899c12
~ld


6.01
 0h00:02.999 2021/05/12T15:09:19z: DS3231
 0h00:03.014 2021/05/12T15:09:19z: BME280 (0x76)
 0h00:03.028 2021/05/12T15:09:19z: 10:52:1c:42:2a:d
 0h00:03.030 2021/05/12T15:09:19z: SSID: Apollonia Students Halls
 0h00:03.035 2021/05/12T15:09:19z: AP_STAR tmr
 ets Jan  8 2013,rst cause:1, boot mode:(3,7)

load 0x4010f000, len 1384, room 16 
tail 8
chksum 0x2d
csum 0x2d
v8b899c12
~ld


6.01
 0h00:03.002 2021/05/12T15:29:15z: DS3231
 0h00:03.017 2021/05/12T15:29:15z: BME280 (0x76)
 0h00:03.031 2021/05/12T15:29:15z: 10:52:1c:42:2a:d
 0h00:03.033 2021/05/12T15:29:15z: SSID: Apollonia Students Halls
 0h00:03.038 2021/05/12T15:29:15z: AP_STAR tmr
 ets Jan  8 2013,rst cause:1, boot mode:(3,7)

load 0x4010f000, len 1384, room 16 
tail 8
chksum 0x2d
csum 0x2d
v8b899c12
~ld


6.01
 0h00:03.006 2021/05/12T15:49:10z: DS3231
 0h00:03.021 2021/05/12T15:49:10z: BME280 (0x76)
 0h00:03.036 2021/05/12T15:49:10z: 10:52:1c:42:2a:d
 0h00:03.037 2021/05/12T15:49:10z: SSID: Apollonia Students Halls
 0h00:03.042 2021/05/12T15:49:10z: AP_STAR tmr
 ets Jan  8 2013,rst cause:1, boot mode:(3,7)

load 0x4010f000, len 1384, room 16 
tail 8
chksum 0x2d
csum 0x2d
v8b899c12
~ld


6.01
 0h00:03.016 2021/05/12T16:09:07z: DS3231
 0h00:03.031 2021/05/12T16:09:07z: BME280 (0x76)
 0h00:03.046 2021/05/12T16:09:07z: 10:52:1c:42:2a:d
 0h00:03.047 2021/05/12T16:09:07z: SSID: Apollonia Students Halls
 0h00:03.052 2021/05/12T16:09:07z: AP_STAR tmr
 ets Jan  8 2013,rst cause:1, boot mode:(3,7)

load 0x4010f000, len 1384, room 16 
tail 8
chksum 0x2d
csum 0x2d
v8b899c12
~ld


6.01
 0h00:03.021 2021/05/12T16:29:03z: DS3231
 0h00:03.036 2021/05/12T16:29:03z: BME280 (0x76)
 0h00:03.050 2021/05/12T16:29:03z: 10:52:1c:42:2a:d
 0h00:03.052 2021/05/12T16:29:03z: SSID: Apollonia Students Halls
 0h00:03.057 2021/05/12T16:29:03z: AP_STAR tmr
 ets Jan  8 2013,rst cause:1, boot mode:(3,7)

load 0x4010f000, len 1384, room 16 
tail 8
chksum 0x2d
csum 0x2d
v8b899c12
~ld


6.01
 0h00:03.025 2021/05/12T16:48:58z: DS3231
 0h00:03.040 2021/05/12T16:48:59z: BME280 (0x76)
 0h00:03.054 2021/05/12T16:48:59z: 10:52:1c:42:2a:d
 0h00:03.056 2021/05/12T16:48:59z: SSID: Apollonia Students Halls
 0h00:03.061 2021/05/12T16:48:59z: AP_STAR tmr
 ets Jan  8 2013,rst cause:1, boot mode:(3,7)

load 0x4010f000, len 1384, room 16 
tail 8
chksum 0x2d
csum 0x2d
v8b899c12
~ld


6.01
 0h00:03.006 2021/05/12T17:08:54z: DS3231
 0h00:03.021 2021/05/12T17:08:54z: BME280 (0x76)
 0h00:03.035 2021/05/12T17:08:54z: 10:52:1c:42:2a:d
 0h00:03.037 2021/05/12T17:08:54z: SSID: Apollonia Students Halls
 0h00:03.042 2021/05/12T17:08:54z: AP_STAR tmr
 ets Jan  8 2013,rst cause:1, boot mode:(3,7)

load 0x4010f000, len 1384, room 16 
tail 8
chksum 0x2d
csum 0x2d
v8b899c12
~ld


6.01
 0h00:03.003 2021/05/12T17:28:51z: DS3231
 0h00:03.018 2021/05/12T17:28:51z: BME280 (0x76)
 0h00:03.032 2021/05/12T17:28:51z: 10:52:1c:42:2a:d
 0h00:03.034 2021/05/12T17:28:51z: SSID: Apollonia Students Halls
 0h00:03.039 2021/05/12T17:28:51z: AP_STAR tmr
 ets Jan  8 2013,rst cause:1, boot mode:(3,7)

load 0x4010f000, len 1384, room 16 
tail 8
chksum 0x2d
csum 0x2d
v8b899c12
~ld


6.01
 0h00:02.994 2021/05/12T17:48:46z: DS3231
 0h00:03.009 2021/05/12T17:48:46z: BME280 (0x76)
 0h00:03.023 2021/05/12T17:48:46z: 10:52:1c:42:2a:d
 0h00:03.025 2021/05/12T17:48:46z: SSID: Apollonia Students Halls
 0h00:03.030 2021/05/12T17:48:46z: AP_STAR tmr
 ets Jan  8 2013,rst cause:1, boot mode:(3,7)

load 0x4010f000, len 1384, room 16 
tail 8
chksum 0x2d
csum 0x2d
v8b899c12
~ld


6.01
 0h00:03.000 2021/05/12T18:08:41z: DS3231
 0h00:03.015 2021/05/12T18:08:41z: BME280 (0x76)
 0h00:03.029 2021/05/12T18:08:42z: 10:52:1c:42:2a:d
 0h00:03.031 2021/05/12T18:08:42z: SSID: Apollonia Students Halls
 0h00:03.036 2021/05/12T18:08:42z: AP_STAR tmr
 ets Jan  8 2013,rst cause:1, boot mode:(3,7)

load 0x4010f000, len 1384, room 16 
tail 8
chksum 0x2d
csum 0x2d
v8b899c12
~ld


6.01
 0h00:03.006 2021/05/12T18:28:38z: DS3231
 0h00:03.022 2021/05/12T18:28:38z: BME280 (0x76)
 0h00:03.036 2021/05/12T18:28:38z: 10:52:1c:42:2a:d
 0h00:03.038 2021/05/12T18:28:38z: SSID: Apollonia Students Halls
 0h00:03.043 2021/05/12T18:28:38z: AP_STAR tmr
 ets Jan  8 2013,rst cause:1, boot mode:(3,7)

load 0x4010f000, len 1384, room 16 
tail 8
chksum 0x2d
csum 0x2d
v8b899c12
~ld


6.01
 0h00:03.018 2021/05/12T18:48:33z: DS3231
 0h00:03.034 2021/05/12T18:48:33z: BME280 (0x76)
 0h00:03.048 2021/05/12T18:48:33z: 10:52:1c:42:2a:d
 0h00:03.049 2021/05/12T18:48:33z: SSID: Apollonia Students Halls
 0h00:03.055 2021/05/12T18:48:33z: AP_STAR tmr
 ets Jan  8 2013,rst cause:1, boot mode:(3,7)

load 0x4010f000, len 1384, room 16 
tail 8
chksum 0x2d
csum 0x2d
v8b899c12
~ld


6.01
 0h00:03.015 2021/05/12T19:08:30z: DS3231
 0h00:03.031 2021/05/12T19:08:30z: BME280 (0x76)
 0h00:03.045 2021/05/12T19:08:30z: 10:52:1c:42:2a:d
 0h00:03.047 2021/05/12T19:08:30z: SSID: Apollonia Students Halls
 0h00:03.052 2021/05/12T19:08:30z: AP_STAR tmr
 ets Jan  8 2013,rst cause:1, boot mode:(3,7)

load 0x4010f000, len 1384, room 16 
tail 8
chksum 0x2d
csum 0x2d
v8b899c12
~ld


6.01
 0h00:03.026 2021/05/12T19:28:25z: DS3231
 0h00:03.041 2021/05/12T19:28:25z: BME280 (0x76)
 0h00:03.055 2021/05/12T19:28:25z: 10:52:1c:42:2a:d
 0h00:03.057 2021/05/12T19:28:25z: SSID: Apollonia Students Halls
 0h00:03.062 2021/05/12T19:28:25z: AP_STAR tmr
 ets Jan  8 2013,rst cause:1, boot mode:(3,7)

load 0x4010f000, len 1384, room 16 
tail 8
chksum 0x2d
csum 0x2d
v8b899c12
~ld


6.01
 0h00:02.997 2021/05/12T19:48:21z: DS3231
 0h00:03.012 2021/05/12T19:48:21z: BME280 (0x76)
 0h00:03.026 2021/05/12T19:48:21z: 10:52:1c:42:2a:d
 0h00:03.028 2021/05/12T19:48:21z: SSID: Apollonia Students Halls
 0h00:03.033 2021/05/12T19:48:21z: AP_STAR tmr
 ets Jan  8 2013,rst cause:1, boot mode:(3,7)

load 0x4010f000, len 1384, room 16 
tail 8
chksum 0x2d
csum 0x2d
v8b899c12
~ld


6.01
 0h00:03.002 2021/05/12T20:08:17z: DS3231
 0h00:03.017 2021/05/12T20:08:17z: BME280 (0x76)
 0h00:03.031 2021/05/12T20:08:17z: 10:52:1c:42:2a:d
 0h00:03.033 2021/05/12T20:08:17z: SSID: Apollonia Students Halls
 0h00:03.038 2021/05/12T20:08:17z: AP_STAR tmr
 ets Jan  8 2013,rst cause:1, boot mode:(3,7)

load 0x4010f000, len 1384, room 16 
tail 8
chksum 0x2d
csum 0x2d
v8b899c12
~ld


6.01
 0h00:03.000 2021/05/12T20:28:13z: DS3231
 0h00:03.015 2021/05/12T20:28:13z: BME280 (0x76)
 0h00:03.029 2021/05/12T20:28:13z: 10:52:1c:42:2a:d
 0h00:03.031 2021/05/12T20:28:13z: SSID: Apollonia Students Halls
 0h00:03.036 2021/05/12T20:28:13z: AP_STAR tmr
 ets Jan  8 2013,rst cause:1, boot mode:(3,7)

load 0x4010f000, len 1384, room 16 
tail 8
chksum 0x2d
csum 0x2d
v8b899c12
~ld


6.01
 0h00:03.006 2021/05/12T20:48:10z: DS3231
 0h00:03.021 2021/05/12T20:48:10z: BME280 (0x76)
 0h00:03.036 2021/05/12T20:48:10z: 10:52:1c:42:2a:d
 0h00:03.037 2021/05/12T20:48:10z: SSID: Apollonia Students Halls
 0h00:03.042 2021/05/12T20:48:10z: AP_STAR tmr
 ets Jan  8 2013,rst cause:1, boot mode:(3,7)

load 0x4010f000, len 1384, room 16 
tail 8
chksum 0x2d
csum 0x2d
v8b899c12
~ld


6.01
 0h00:03.004 2021/05/12T21:08:06z: DS3231
 0h00:03.019 2021/05/12T21:08:06z: BME280 (0x76)
 0h00:03.033 2021/05/12T21:08:06z: 10:52:1c:42:2a:d
 0h00:03.035 2021/05/12T21:08:06z: SSID: Apollonia Students Halls
 0h00:03.040 2021/05/12T21:08:06z: AP_STAR tmr
 ets Jan  8 2013,rst cause:1, boot mode:(3,7)

load 0x4010f000, len 1384, room 16 
tail 8
chksum 0x2d
csum 0x2d
v8b899c12
~ld


6.01
 0h00:03.018 2021/05/12T21:28:02z: DS3231
 0h00:03.033 2021/05/12T21:28:02z: BME280 (0x76)
 0h00:03.047 2021/05/12T21:28:02z: 10:52:1c:42:2a:d
 0h00:03.049 2021/05/12T21:28:02z: SSID: Apollonia Students Halls
 0h00:03.054 2021/05/12T21:28:02z: AP_STAR tmr
 ets Jan  8 2013,rst cause:1, boot mode:(3,7)

load 0x4010f000, len 1384, room 16 
tail 8
chksum 0x2d
csum 0x2d
v8b899c12
~ld


6.01
 0h00:03.020 2021/05/12T21:47:58z: DS3231
 0h00:03.036 2021/05/12T21:47:58z: BME280 (0x76)
 0h00:03.050 2021/05/12T21:47:58z: 10:52:1c:42:2a:d
 0h00:03.051 2021/05/12T21:47:58z: SSID: Apollonia Students Halls
 0h00:03.057 2021/05/12T21:47:58z: AP_STAR tmr
 ets Jan  8 2013,rst cause:1, boot mode:(3,7)

load 0x4010f000, len 1384, room 16 
tail 8
chksum 0x2d
csum 0x2d
v8b899c12
~ld


6.01
 0h00:03.022 2021/05/12T22:07:54z: DS3231
 0h00:03.037 2021/05/12T22:07:54z: BME280 (0x76)
 0h00:03.051 2021/05/12T22:07:54z: 10:52:1c:42:2a:d
 0h00:03.053 2021/05/12T22:07:54z: SSID: Apollonia Students Halls
 0h00:03.058 2021/05/12T22:07:54z: AP_STAR tmr
 ets Jan  8 2013,rst cause:1, boot mode:(3,7)

load 0x4010f000, len 1384, room 16 
tail 8
chksum 0x2d
csum 0x2d
v8b899c12
~ld


6.01
 0h00:03.006 2021/05/12T22:27:51z: DS3231
 0h00:03.022 2021/05/12T22:27:51z: BME280 (0x76)
 0h00:03.036 2021/05/12T22:27:51z: 10:52:1c:42:2a:d
 0h00:03.037 2021/05/12T22:27:51z: SSID: Apollonia Students Halls
 0h00:03.043 2021/05/12T22:27:51z: AP_STAR tmr
 ets Jan  8 2013,rst cause:1, boot mode:(3,7)

load 0x4010f000, len 1384, room 16 
tail 8
chksum 0x2d
csum 0x2d
v8b899c12
~ld


6.01
 0h00:03.050 2021/05/12T22:47:47z: DS3231
 0h00:03.066 2021/05/12T22:47:47z: BME280 (0x76)
 0h00:03.080 2021/05/12T22:47:47z: 10:52:1c:42:2a:d
 0h00:03.082 2021/05/12T22:47:47z: SSID: Apollonia Students Halls
 0h00:03.087 2021/05/12T22:47:47z: AP_STAR tmr
 ets Jan  8 2013,rst cause:1, boot mode:(3,7)

load 0x4010f000, len 1384, room 16 
tail 8
chksum 0x2d
csum 0x2d
v8b899c12
~ld


6.01
 0h00:03.004 2021/05/12T23:07:43z: DS3231
 0h00:03.019 2021/05/12T23:07:43z: BME280 (0x76)
 0h00:03.033 2021/05/12T23:07:43z: 10:52:1c:42:2a:d
 0h00:03.035 2021/05/12T23:07:43z: SSID: Apollonia Students Halls
 0h00:03.040 2021/05/12T23:07:43z: AP_STAR tmr
 ets Jan  8 2013,rst cause:1, boot mode:(3,7)

load 0x4010f000, len 1384, room 16 
tail 8
chksum 0x2d
csum 0x2d
v8b899c12
~ld


6.01
 0h00:02.999 2021/05/12T23:27:40z: DS3231
 0h00:03.015 2021/05/12T23:27:40z: BME280 (0x76)
 0h00:03.029 2021/05/12T23:27:40z: 10:52:1c:42:2a:d
 0h00:03.030 2021/05/12T23:27:40z: SSID: Apollonia Students Halls
 0h00:03.036 2021/05/12T23:27:40z: AP_STAR tmr
 ets Jan  8 2013,rst cause:1, boot mode:(3,7)

load 0x4010f000, len 1384, room 16 
tail 8
chksum 0x2d
csum 0x2d
v8b899c12
~ld


6.01
 0h00:03.013 2021/05/12T23:47:35z: DS3231
 0h00:03.028 2021/05/12T23:47:35z: BME280 (0x76)
 0h00:03.043 2021/05/12T23:47:35z: 10:52:1c:42:2a:d
 0h00:03.044 2021/05/12T23:47:35z: SSID: Apollonia Students Halls
 0h00:03.049 2021/05/12T23:47:35z: AP_STA