R tmr
 ets Jan  8 2013,rst cause:1, boot mode:(3,7)

load 0x4010f000, len 1384, room 16 
tail 8
chksum 0x2d
csum 0x2d
v8b899c12
~ld


6.01
 0h00:03.001 2021/05/21T00:18:50z: DS3231
 0h00:03.016 2021/05/21T00:18:50z: BME280 (0x76)
 0h00:03.030 2021/05/21T00:18:50z: 10:52:1c:4d:af:f9
 0h00:03.032 2021/05/21T00:18:50z: SSID: Apollonia Students Halls
 0h00:03.037 2021/05/21T00:18:50z: AP_STAR tmr
 ets Jan  8 2013,rst cause:1, boot mode:(3,7)

load 0x4010f000, len 1384, room 16 
tail 8
chksum 0x2d
csum 0x2d
v8b899c12
~ld


6.01
 0h00:03.008 2021/05/21T00:38:45z: DS3231
 0h00:03.024 2021/05/21T00:38:45z: BME280 (0x76)
 0h00:03.038 2021/05/21T00:38:45z: 10:52:1c:4d:af:f9
 0h00:03.040 2021/05/21T00:38:45z: SSID: Apollonia Students Halls
 0h00:03.045 2021/05/21T00:38:45z: AP_STAR tmr
 ets Jan  8 2013,rst cause:1, boot mode:(3,7)

load 0x4010f000, len 1384, room 16 
tail 8
chksum 0x2d
csum 0x2d
v8b899c12
~ld


6.01
 0h00:03.013 2021/05/21T00:58:41z: DS3231
 0h00:03.028 2021/05/21T00:58:41z: BME280 (0x76)
 0h00:03.042 2021/05/21T00:58:41z: 10:52:1c:4d:af:f9
 0h00:03.044 2021/05/21T00:58:41z: SSID: Apollonia Students Halls
 0h00:03.049 2021/05/21T00:58:41z: AP_STAR tmr
 ets Jan  8 2013,rst cause:1, boot mode:(3,7)

load 0x4010f000, len 1384, room 16 
tail 8
chksum 0x2d
csum 0x2d
v8b899c12
~ld


6.01
 0h00:02.989 2021/05/21T01:18:37z: DS3231
 0h00:03.004 2021/05/21T01:18:37z: BME280 (0x76)
 0h00:03.019 2021/05/21T01:18:38z: 10:52:1c:4d:af:f9
 0h00:03.020 2021/05/21T01:18:38z: SSID: Apollonia Students Halls
 0h00:03.025 2021/05/21T01:18:38z: AP_STAR tmr
 ets Jan  8 2013,rst cause:1, boot mode:(3,7)

load 0x4010f000, len 1384, room 16 
tail 8
chksum 0x2d
csum 0x2d
v8b899c12
~ld


6.01
 0h00:02.992 2021/05/21T01:38:34z: DS3231
 0h00:03.007 2021/05/21T01:38:34z: BME280 (0x76)
 0h00:03.021 2021/05/21T01:38:34z: 10:52:1c:4d:af:f9
 0h00:03.023 2021/05/21T01:38:34z: SSID: Apollonia Students Halls
 0h00:03.028 2021/05/21T01:38:34z: AP_STAR tmr
 ets Jan  8 2013,rst cause:1, boot mode:(3,7)

load 0x4010f000, len 1384, room 16 
tail 8
chksum 0x2d
csum 0x2d
v8b899c12
~ld


6.01
 0h00:02.985 2021/05/21T01:58:30z: DS3231
 0h00:03.000 2021/05/21T01:58:30z: BME280 (0x76)
 0h00:03.014 2021/05/21T01:58:30z: 10:52:1c:4d:af:f9
 0h00:03.016 2021/05/21T01:58:30z: SSID: Apollonia Students Halls
 0h00:03.021 2021/05/21T01:58:30z: AP_STAR tmr
 ets Jan  8 2013,rst cause:1, boot mode:(3,7)

load 0x4010f000, len 1384, room 16 
tail 8
chksum 0x2d
csum 0x2d
v8b899c12
~ld


6.01
 0h00:02.987 2021/05/21T02:18:26z: DS3231
 0h00:03.003 2021/05/21T02:18:26z: BME280 (0x76)
 0h00:03.017 2021/05/21T02:18:26z: 10:52:1c:4d:af:f9
 0h00:03.019 2021/05/21T02:18:26z: SSID: Apollonia Students Halls
 0h00:03.024 2021/05/21T02:18:26z: AP_STAR tmr
 ets Jan  8 2013,rst cause:1, boot mode:(3,7)

load 0x4010f000, len 1384, room 16 
tail 8
chksum 0x2d
csum 0x2d
v8b899c12
~ld


6.01
 0h00:02.990 2021/05/21T02:38:22z: DS3231
 0h00:03.005 2021/05/21T02:38:22z: BME280 (0x76)
 0h00:03.019 2021/05/21T02:38:22z: 10:52:1c:4d:af:f9
 0h00:03.021 2021/05/21T02:38:22z: SSID: Apollonia Students Halls
 0h00:03.026 2021/05/21T02:38:22z: AP_STAR tmr
 ets Jan  8 2013,rst cause:1, boot mode:(3,7)

load 0x4010f000, len 1384, room 16 
tail 8
chksum 0x2d
csum 0x2d
v8b899c12
~ld


6.01
 0h00:02.999 2021/05/21T02:58:18z: DS3231
 0h00:03.014 2021/05/21T02:58:18z: BME280 (0x76)
 0h00:03.028 2021/05/21T02:58:18z: 10:52:1c:4d:af:f9
 0h00:03.030 2021/05/21T02:58:18z: SSID: Apollonia Students Halls
 0h00:03.035 2021/05/21T02:58:18z: AP_STAR tmr
 ets Jan  8 2013,rst cause:1, boot mode:(3,7)

load 0x4010f000, len 1384, room 16 
tail 8
chksum 0x2d
csum 0x2d
v8b899c12
~ld


6.01
 0h00:03.011 2021/05/21T03:18:14z: DS3231
 0h00:03.027 2021/05/21T03:18:14z: BME280 (0x76)
 0h00:03.041 2021/05/21T03:18:14z: 10:52:1c:4d:af:f9
 0h00:03.043 2021/05/21T03:18:14z: SSID: Apollonia Students Halls
 0h00:03.048 2021/05/21T03:18:14z: AP_STAR tmr
 ets Jan  8 2013,rst cause:1, boot mode:(3,7)

load 0x4010f000, len 1384, room 16 
tail 8
chksum 0x2d
csum 0x2d
v8b899c12
~ld


6.01
 0h00:03.021 2021/05/21T03:38:10z: DS3231
 0h00:03.037 2021/05/21T03:38:10z: BME280 (0x76)
 0h00:03.051 2021/05/21T03:38:10z: 10:52:1c:4d:af:f9
 0h00:03.053 2021/05/21T03:38:10z: SSID: Apollonia Students Halls
 0h00:03.058 2021/05/21T03:38:10z: AP_STAR tmr
 ets Jan  8 2013,rst cause:1, boot mode:(3,7)

load 0x4010f000, len 1384, room 16 
tail 8
chksum 0x2d
csum 0x2d
v8b899c12
~ld


6.01
 0h00:02.992 2021/05/21T03:58:06z: DS3231
 0h00:03.007 2021/05/21T03:58:06z: BME280 (0x76)
 0h00:03.021 2021/05/21T03:58:06z: 10:52:1c:4d:af:f9
 0h00:03.023 2021/05/21T03:58:06z: SSID: Apollonia Students Halls
 0h00:03.028 2021/05/21T03:58:06z: AP_STAR tmr
 ets Jan  8 2013,rst cause:1, boot mode:(3,7)

load 0x4010f000, len 1384, room 16 
tail 8
chksum 0x2d
csum 0x2d
v8b899c12
~ld


6.01
 0h00:02.998 2021/05/21T04:18:02z: DS3231
 0h00:03.013 2021/05/21T04:18:02z: BME280 (0x76)
 0h00:03.027 2021/05/21T04:18:03z: 10:52:1c:4d:af:f9
 0h00:03.029 2021/05/21T04:18:03z: SSID: Apollonia Students Halls
 0h00:03.034 2021/05/21T04:18:03z: AP_STAR tmr
 ets Jan  8 2013,rst cause:1, boot mode:(3,7)

load 0x4010f000, len 1384, room 16 
tail 8
chksum 0x2d
csum 0x2d
v8b899c12
~ld


6.01
 0h00:02.990 2021/05/21T04:37:58z: DS3231
 0h00:03.005 2021/05/21T04:37:58z: BME280 (0x76)
 0h00:03.019 2021/05/21T04:37:58z: 10:52:1c:4d:af:f9
 0h00:03.021 2021/05/21T04:37:58z: SSID: Apollonia Students Halls
 0h00:03.026 2021/05/21T04:37:58z: AP_STAR tmr
 ets Jan  8 2013,rst cause:1, boot mode:(3,7)

load 0x4010f000, len 1384, room 16 
tail 8
chksum 0x2d
csum 0x2d
v8b899c12
~ld


6.01
 0h00:02.990 2021/05/21T04:57:54z: DS3231
 0h00:03.005 2021/05/21T04:57:54z: BME280 (0x76)
 0h00:03.019 2021/05/21T04:57:54z: 10:52:1c:4d:af:f9
 0h00:03.021 2021/05/21T04:57:54z: SSID: Apollonia Students Halls
 0h00:03.026 2021/05/21T04:57:54z: AP_STAR tmr
 ets Jan  8 2013,rst cause:1, boot mode:(3,7)

load 0x4010f000, len 1384, room 16 
tail 8
chksum 0x2d
csum 0x2d
v8b899c12
~ld


6.01
 0h00:02.994 2021/05/21T05:17:50z: DS3231
 0h00:03.010 2021/05/21T05:17:50z: BME280 (0x76)
 0h00:03.024 2021/05/21T05:17:51z: 10:52:1c:4d:af:f9
 0h00:03.026 2021/05/21T05:17:51z: SSID: Apollonia Students Halls
 0h00:03.031 2021/05/21T05:17:51z: AP_STAR tmr
 ets Jan  8 2013,rst cause:1, boot mode:(3,7)

load 0x4010f000, len 1384, room 16 
tail 8
chksum 0x2d
csum 0x2d
v8b899c12
~ld


6.01
 0h00:03.003 2021/05/21T05:37:47z: DS3231
 0h00:03.018 2021/05/21T05:37:47z: BME280 (0x76)
 0h00:03.033 2021/05/21T05:37:47z: 10:52:1c:4d:af:f9
 0h00:03.034 2021/05/21T05:37:47z: SSID: Apollonia Students Halls
 0h00:03.039 2021/05/21T05:37:47z: AP_STAR tmr
 ets Jan  8 2013,rst cause:1, boot mode:(3,7)

load 0x4010f000, len 1384, room 16 
tail 8
chksum 0x2d
csum 0x2d
v8b899c12
~ld


6.01
 0h00:03.011 2021/05/21T05:57:43z: DS3231
 0h00:03.026 2021/05/21T05:57:43z: BME280 (0x76)
 0h00:03.040 2021/05/21T05:57:43z: 10:52:1c:4d:af:f9
 0h00:03.042 2021/05/21T05:57:43z: SSID: Apollonia Students Halls
 0h00:03.047 2021/05/21T05:57:43z: AP_STAR tmr
 ets Jan  8 2013,rst cause:1, boot mode:(3,7)

load 0x4010f000, len 1384, room 16 
tail 8
chksum 0x2d
csum 0x2d
v8b899c12
~ld


6.01
 0h00:03.011 2021/05/21T06:17:39z: DS3231
 0h00:03.027 2021/05/21T06:17:39z: BME280 (0x76)
 0h00:03.041 2021/05/21T06:17:39z: 10:52:1c:4d:af:f9
 0h00:03.042 2021/05/21T06:17:39z: SSID: Apollonia Students Halls
 0h00:03.048 2021/05/21T06:17:39z: AP_STAR tmr
 ets Jan  8 2013,rst cause:1, boot mode:(3,7)

load 0x4010f000, len 1384, room 16 
tail 8
chksum 0x2d
csum 0x2d
v8b899c12
~ld


6.01
 0h00:02.999 2021/05/21T06:37:35z: DS3231
 0h00:03.014 2021/05/21T06:37:35z: BME280 (0x76)
 0h00:03.028 2021/05/21T06:37:35z: 10:52:1c:4d:af:f9
 0h00:03.030 2021/05/21T06:37:35z: SSID: Apollonia Students Halls
 0h00:03.035 2021/05/21T06:37:35z: AP_STAR tmr
 ets Jan  8 2013,rst cause:1, boot mode:(3,7)

load 0x4010f000, len 1384, room 16 
tail 8
chksum 0x2d
csum 0x2d
v8b899c12
~ld


6.01
 0h00:02.996 2021/05/21T06:57:31z: DS3231
 0h00:03.011 2021/05/21T06:57:31z: BME280 (0x76)
 0h00:03.025 2021/05/21T06:57:31z: 10:52:1c:4d:af:f9
 0h00:03.027 2021/05/21T06:57:31z: SSID: Apollonia Students Halls
 0h00:03.032 2021/05/21T06:57:31z: AP_STAR tmr
 ets Jan  8 2013,rst cause:1, boot mode:(3,7)

load 0x4010f000, len 1384, room 16 
tail 8
chksum 0x2d
csum 0x2d
v8b899c12
~ld


6.01
 0h00:02.995 2021/05/21T07:17:28z: DS3231
 0h00:03.010 2021/05/21T07:17:28z: BME280 (0x76)
 0h00:03.024 2021/05/21T07:17:28z: 10:52:1c:4d:af:f9
 0h00:03.026 2021/05/21T07:17:28z: SSID: Apollonia Students Halls
 0h00:03.031 2021/05/21T07:17:28z: AP_STAR tmr
 ets Jan  8 2013,rst cause:1, boot mode:(3,7)

load 0x4010f000, len 1384, room 16 
tail 8
chksum 0x2d
csum 0x2d
v8b899c12
~ld


6.01
 0h00:02.990 2021/05/21T07:37:23z: DS3231
 0h00:03.006 2021/05/21T07:37:23z: BME280 (0x76)
 0h00:03.020 2021/05/21T07:37:23z: 10:52:1c:4d:af:f9
 0h00:03.022 2021/05/21T07:37:23z: SSID: Apollonia Students Halls
 0h00:03.027 2021/05/21T07:37:23z: AP_STAR tmr
 ets Jan  8 2013,rst cause:1, boot mode:(3,7)

load 0x4010f000, len 1384, room 16 
tail 8
chksum 0x2d
csum 0x2d
v8b899c12
~ld


6.01
 0h00:02.992 2021/05/21T07:57:19z: DS3231
 0h00:03.007 2021/05/21T07:57:19z: BME280 (0x76)
 0h00:03.021 2021/05/21T07:57:19z: 10:52:1c:4d:af:f9
 0h00:03.023 2021/05/21T07:57:19z: SSID: Apollonia Students Halls
 0h00:03.028 2021/05/21T07:57:19z: AP_STAR tmr
 ets Jan  8 2013,rst cause:1, boot mode:(3,7)

load 0x4010f000, len 1384, room 16 
tail 8
chksum 0x2d
csum 0x2d
v8b899c12
~ld


6.01
 0h00:03.006 2021/05/21T08:17:15z: DS3231
 0h00:03.021 2021/05/21T08:17:15z: BME280 (0x76)
 0h00:03.036 2021/05/21T08:17:15z: 10:52:1c:4d:af:f9
 0h00:03.037 2021/05/21T08:17:15z: SSID: Apollonia Students Halls
 0h00:03.042 2021/05/21T08:17:15z: AP_STAR tmr
 ets Jan  8 2013,rst cause:1, boot mode:(3,7)

load 0x4010f000, len 1384, room 16 
tail 8
chksum 0x2d
csum 0x2d
v8b899c12
~ld


6.01
 0h00:03.010 2021/05/21T08:37:12z: DS3231
 0h00:03.025 2021/05/21T08:37:12z: BME280 (0x76)
 0h00:03.039 2021/05/21T08:37:12z: 10:52:1c:4d:af:f9
 0h00:03.041 2021/05/21T08:37:12z: SSID: Apollonia Students Halls
 0h00:03.046 2021/05/21T08:37:12z: AP_STAR tmr
 ets Jan  8 2013,rst cause:1, boot mode:(3,7)

load 0x4010f000, len 1384, room 16 
tail 8
chksum 0x2d
csum 0x2d
v8b899c12
~ld


6.01
 0h00:03.016 2021/05/21T08:57:08z: DS3231
 0h00:03.031 2021/05/21T08:57:08z: BME280 (0x76)
 0h00:03.046 2021/05/21T08:57:08z: 10:52:1c:4d:af:f9
 0h00:03.047 2021/05/21T08:57:08z: SSID: Apollonia Students Halls
 0h00:03.052 2021/05/21T08:57:08z: AP_STAR tmr
 ets Jan  8 2013,rst cause:1, boot mode:(3,7)

load 0x4010f000, len 1384, room 16 
tail 8
chksum 0x2d
csum 0x2d
v8b899c12
~ld


6.01
 0h00:02.993 2021/05/21T09:17:04z: DS3231
 0h00:03.008 2021/05/21T09:17:04z: BME280 (0x76)
 0h00:03.022 2021/05/21T09:17:04z: 10:52:1c:4d:af:f9
 0h00:03.024 2021/05/21T09:17:04z: SSID: Apollonia Students Halls
 0h00:03.029 2021/05/21T09:17:04z: AP_STAR tmr
 ets Jan  8 2013,rst cause:1, boot mode:(3,7)

load 0x4010f000, len 1384, room 16 
tail 8
chksum 0x2d
csum 0x2d
v8b899c12
~ld


6.01
 0h00:02.993 2021/05/21T09:36:59z: DS3231
 0h00:03.008 2021/05/21T09:36:59z: BME280 (0x76)
 0h00:03.022 2021/05/21T09:36:59z: 10:52:1c:4d:af:f9
 0h00:03.024 2021/05/21T09:36:59z: SSID: Apollonia Students Halls
 0h00:03.029 2021/05/21T09:36:59z: AP_STAR tmr
 ets Jan  8 2013,rst cause:1, boot mode:(3,7)

load 0x4010f000, len 1384, room 16 
tail 8
chksum 0x2d
csum 0x2d
v8b899c12
~ld


6.01
 0h00:02.989 2021/05/21T09:56:55z: DS3231
 0h00:03.004 2021/05/21T09:56:55z: BME280 (0x76)
 0h00:03.018 2021/05/21T09:56:55z: 10:52:1c:4d:af:f9
 0h00:03.020 2021/05/21T09:56:55z: SSID: Apollonia Students Halls
 0h00:03.025 2021/05/21T09:56:55z: AP_STA