R tmr
 ets Jan  8 2013,rst cause:1, boot mode:(3,6)

load 0x4010f000, len 1384, room 16 
tail 8
chksum 0x2d
csum 0x2d
v8b899c12
~ld


6.01
 0h00:02.998 2021/06/02T11:12:07z: DS3231
 0h00:03.014 2021/06/02T11:12:07z: BME280 (0x76)
 0h00:03.028 2021/06/02T11:12:07z: 10:52:1c:4d:ae:9b
 0h00:03.030 2021/06/02T11:12:07z: SSID: Apollonia Students Halls
 0h00:03.035 2021/06/02T11:12:07z: AP_STAR tmr
 ets Jan  8 2013,rst cause:1, boot mode:(3,6)

load 0x4010f000, len 1384, room 16 
tail 8
chksum 0x2d
csum 0x2d
v8b899c12
~ld


6.01
 0h00:02.996 2021/06/02T11:32:03z: DS3231
 0h00:03.011 2021/06/02T11:32:03z: BME280 (0x76)
 0h00:03.025 2021/06/02T11:32:03z: 10:52:1c:4d:ae:9b
 0h00:03.027 2021/06/02T11:32:03z: SSID: Apollonia Students Halls
 0h00:03.032 2021/06/02T11:32:03z: AP_STAR tmr
 ets Jan  8 2013,rst cause:1, boot mode:(3,6)

load 0x4010f000, len 1384, room 16 
tail 8
chksum 0x2d
csum 0x2d
v8b899c12
~ld


6.01
 0h00:03.000 2021/06/02T11:51:59z: DS3231
 0h00:03.015 2021/06/02T11:51:59z: BME280 (0x76)
 0h00:03.029 2021/06/02T11:51:59z: 10:52:1c:4d:ae:9b
 0h00:03.031 2021/06/02T11:51:59z: SSID: Apollonia Students Halls
 0h00:03.036 2021/06/02T11:51:59z: AP_STAR tmr
 ets Jan  8 2013,rst cause:1, boot mode:(3,6)

load 0x4010f000, len 1384, room 16 
tail 8
chksum 0x2d
csum 0x2d
v8b899c12
~ld


6.01
 0h00:03.004 2021/06/02T12:11:54z: DS3231
 0h00:03.020 2021/06/02T12:11:54z: BME280 (0x76)
 0h00:03.034 2021/06/02T12:11:55z: 10:52:1c:4d:ae:9b
 0h00:03.035 2021/06/02T12:11:55z: SSID: Apollonia Students Halls
 0h00:03.041 2021/06/02T12:11:55z: AP_STAR tmr
 ets Jan  8 2013,rst cause:1, boot mode:(3,6)

load 0x4010f000, len 1384, room 16 
tail 8
chksum 0x2d
csum 0x2d
v8b899c12
~ld


6.01
 0h00:03.009 2021/06/02T12:31:51z: DS3231
 0h00:03.024 2021/06/02T12:31:51z: BME280 (0x76)
 0h00:03.038 2021/06/02T12:31:51z: 10:52:1c:4d:ae:9b
 0h00:03.040 2021/06/02T12:31:51z: SSID: Apollonia Students Halls
 0h00:03.045 2021/06/02T12:31:51z: AP_STAR tmr
 ets Jan  8 2013,rst cause:1, boot mode:(3,6)

load 0x4010f000, len 1384, room 16 
tail 8
chksum 0x2d
csum 0x2d
v8b899c12
~ld


6.01
 0h00:03.015 2021/06/02T12:51:47z: DS3231
 0h00:03.031 2021/06/02T12:51:47z: BME280 (0x76)
 0h00:03.045 2021/06/02T12:51:47z: 10:52:1c:4d:ae:9b
 0h00:03.047 2021/06/02T12:51:47z: SSID: Apollonia Students Halls
 0h00:03.052 2021/06/02T12:51:47z: AP_STAR tmr
 ets Jan  8 2013,rst cause:1, boot mode:(3,6)

load 0x4010f000, len 1384, room 16 
tail 8
chksum 0x2d
csum 0x2d
v8b899c12
~ld


6.01
 0h00:03.019 2021/06/02T13:11:43z: DS3231
 0h00:03.034 2021/06/02T13:11:43z: BME280 (0x76)
 0h00:03.048 2021/06/02T13:11:43z: 10:52:1c:4d:ae:9b
 0h00:03.050 2021/06/02T13:11:43z: SSID: Apollonia Students Halls
 0h00:03.055 2021/06/02T13:11:43z: AP_STAR tmr
 ets Jan  8 2013,rst cause:1, boot mode:(3,6)

load 0x4010f000, len 1384, room 16 
tail 8
chksum 0x2d
csum 0x2d
v8b899c12
~ld


6.01
 0h00:02.993 2021/06/02T13:31:39z: DS3231
 0h00:03.008 2021/06/02T13:31:39z: BME280 (0x76)
 0h00:03.022 2021/06/02T13:31:39z: 10:52:1c:4d:ae:9b
 0h00:03.024 2021/06/02T13:31:39z: SSID: Apollonia Students Halls
 0h00:03.029 2021/06/02T13:31:39z: AP_STAR tmr
 ets Jan  8 2013,rst cause:1, boot mode:(3,6)

load 0x4010f000, len 1384, room 16 
tail 8
chksum 0x2d
csum 0x2d
v8b899c12
~ld


6.01
 0h00:02.995 2021/06/02T13:51:35z: DS3231
 0h00:03.011 2021/06/02T13:51:35z: BME280 (0x76)
 0h00:03.025 2021/06/02T13:51:35z: 10:52:1c:4d:ae:9b
 0h00:03.027 2021/06/02T13:51:35z: SSID: Apollonia Students Halls
 0h00:03.032 2021/06/02T13:51:35z: AP_STAR tmr
 ets Jan  8 2013,rst cause:1, boot mode:(3,6)

load 0x4010f000, len 1384, room 16 
tail 8
chksum 0x2d
csum 0x2d
v8b899c12
~ld


6.01
 0h00:03.002 2021/06/02T14:11:30z: DS3231
 0h00:03.018 2021/06/02T14:11:30z: BME280 (0x76)
 0h00:03.032 2021/06/02T14:11:30z: 10:52:1c:4d:ae:9b
 0h00:03.033 2021/06/02T14:11:30z: SSID: Apollonia Students Halls
 0h00:03.039 2021/06/02T14:11:30z: AP_STAR tmr
 ets Jan  8 2013,rst cause:1, boot mode:(3,6)

load 0x4010f000, len 1384, room 16 
tail 8
chksum 0x2d
csum 0x2d
v8b899c12
~ld


6.01
 0h00:02.985 2021/06/02T14:31:26z: DS3231
 0h00:03.001 2021/06/02T14:31:26z: BME280 (0x76)
 0h00:03.015 2021/06/02T14:31:26z: 10:52:1c:4d:ae:9b
 0h00:03.016 2021/06/02T14:31:26z: SSID: Apollonia Students Halls
 0h00:03.022 2021/06/02T14:31:26z: AP_STAR tmr
 ets Jan  8 2013,rst cause:1, boot mode:(3,6)

load 0x4010f000, len 1384, room 16 
tail 8
chksum 0x2d
csum 0x2d
v8b899c12
~ld


6.01
 0h00:03.003 2021/06/02T14:51:22z: DS3231
 0h00:03.018 2021/06/02T14:51:22z: BME280 (0x76)
 0h00:03.032 2021/06/02T14:51:22z: 10:52:1c:4d:ae:9b
 0h00:03.034 2021/06/02T14:51:22z: SSID: Apollonia Students Halls
 0h00:03.039 2021/06/02T14:51:22z: AP_STAR tmr
 ets Jan  8 2013,rst cause:1, boot mode:(3,6)

load 0x4010f000, len 1384, room 16 
tail 8
chksum 0x2d
csum 0x2d
v8b899c12
~ld


6.01
 0h00:03.011 2021/06/02T15:11:18z: DS3231
 0h00:03.026 2021/06/02T15:11:18z: BME280 (0x76)
 0h00:03.040 2021/06/02T15:11:18z: 10:52:1c:4d:ae:9b
 0h00:03.042 2021/06/02T15:11:18z: SSID: Apollonia Students Halls
 0h00:03.047 2021/06/02T15:11:18z: AP_STAR tmr
 ets Jan  8 2013,rst cause:1, boot mode:(3,6)

load 0x4010f000, len 1384, room 16 
tail 8
chksum 0x2d
csum 0x2d
v8b899c12
~ld


6.01
 0h00:03.012 2021/06/02T15:31:14z: DS3231
 0h00:03.028 2021/06/02T15:31:14z: BME280 (0x76)
 0h00:03.042 2021/06/02T15:31:14z: 10:52:1c:4d:ae:9b
 0h00:03.044 2021/06/02T15:31:14z: SSID: Apollonia Students Halls
 0h00:03.049 2021/06/02T15:31:14z: AP_STAR tmr
 ets Jan  8 2013,rst cause:1, boot mode:(3,6)

load 0x4010f000, len 1384, room 16 
tail 8
chksum 0x2d
csum 0x2d
v8b899c12
~ld


6.01
 0h00:03.029 2021/06/02T15:51:10z: DS3231
 0h00:03.044 2021/06/02T15:51:10z: BME280 (0x76)
 0h00:03.058 2021/06/02T15:51:10z: 10:52:1c:4d:ae:9b
 0h00:03.060 2021/06/02T15:51:10z: SSID: Apollonia Students Halls
 0h00:03.065 2021/06/02T15:51:11z: AP_STAR tmr
 ets Jan  8 2013,rst cause:1, boot mode:(3,6)

load 0x4010f000, len 1384, room 16 
tail 8
chksum 0x2d
csum 0x2d
v8b899c12
~ld


6.01
 0h00:02.991 2021/06/02T16:11:07z: DS3231
 0h00:03.007 2021/06/02T16:11:07z: BME280 (0x76)
 0h00:03.021 2021/06/02T16:11:07z: 10:52:1c:4d:ae:9b
 0h00:03.023 2021/06/02T16:11:07z: SSID: Apollonia Students Halls
 0h00:03.028 2021/06/02T16:11:07z: AP_STAR tmr
 ets Jan  8 2013,rst cause:1, boot mode:(3,6)

load 0x4010f000, len 1384, room 16 
tail 8
chksum 0x2d
csum 0x2d
v8b899c12
~ld


6.01
 0h00:02.992 2021/06/02T16:31:03z: DS3231
 0h00:03.007 2021/06/02T16:31:03z: BME280 (0x76)
 0h00:03.022 2021/06/02T16:31:03z: 10:52:1c:4d:ae:9b
 0h00:03.023 2021/06/02T16:31:03z: SSID: Apollonia Students Halls
 0h00:03.028 2021/06/02T16:31:03z: AP_STAR tmr
 ets Jan  8 2013,rst cause:1, boot mode:(3,6)

load 0x4010f000, len 1384, room 16 
tail 8
chksum 0x2d
csum 0x2d
v8b899c12
~ld


6.01
 0h00:02.997 2021/06/02T16:50:58z: DS3231
 0h00:03.013 2021/06/02T16:50:58z: BME280 (0x76)
 0h00:03.027 2021/06/02T16:50:58z: 10:52:1c:4d:ae:9b
 0h00:03.029 2021/06/02T16:50:58z: SSID: Apollonia Students Halls
 0h00:03.034 2021/06/02T16:50:58z: AP_STAR tmr
 ets Jan  8 2013,rst cause:1, boot mode:(3,6)

load 0x4010f000, len 1384, room 16 
tail 8
chksum 0x2d
csum 0x2d
v8b899c12
~ld


6.01
 0h00:02.995 2021/06/02T17:10:54z: DS3231
 0h00:03.010 2021/06/02T17:10:54z: BME280 (0x76)
 0h00:03.024 2021/06/02T17:10:54z: 10:52:1c:4d:ae:9b
 0h00:03.026 2021/06/02T17:10:54z: SSID: Apollonia Students Halls
 0h00:03.031 2021/06/02T17:10:54z: AP_STAR tmr
 ets Jan  8 2013,rst cause:1, boot mode:(3,6)

load 0x4010f000, len 1384, room 16 
tail 8
chksum 0x2d
csum 0x2d
v8b899c12
~ld


6.01
 0h00:02.996 2021/06/02T17:30:50z: DS3231
 0h00:03.012 2021/06/02T17:30:50z: BME280 (0x76)
 0h00:03.026 2021/06/02T17:30:50z: 10:52:1c:4d:ae:9b
 0h00:03.028 2021/06/02T17:30:50z: SSID: Apollonia Students Halls
 0h00:03.033 2021/06/02T17:30:50z: AP_STAR tmr
 ets Jan  8 2013,rst cause:1, boot mode:(3,6)

load 0x4010f000, len 1384, room 16 
tail 8
chksum 0x2d
csum 0x2d
v8b899c12
~ld


6.01
 0h00:03.013 2021/06/02T17:50:45z: DS3231
 0h00:03.028 2021/06/02T17:50:45z: BME280 (0x76)
 0h00:03.042 2021/06/02T17:50:45z: 10:52:1c:4d:ae:9b
 0h00:03.044 2021/06/02T17:50:45z: SSID: Apollonia Students Halls
 0h00:03.049 2021/06/02T17:50:45z: AP_STAR tmr
 ets Jan  8 2013,rst cause:1, boot mode:(3,6)

load 0x4010f000, len 1384, room 16 
tail 8
chksum 0x2d
csum 0x2d
v8b899c12
~ld


6.01
 0h00:03.017 2021/06/02T18:10:41z: DS3231
 0h00:03.032 2021/06/02T18:10:41z: BME280 (0x76)
 0h00:03.046 2021/06/02T18:10:41z: 10:52:1c:4d:ae:9b
 0h00:03.048 2021/06/02T18:10:41z: SSID: Apollonia Students Halls
 0h00:03.053 2021/06/02T18:10:41z: AP_STAR tmr
 ets Jan  8 2013,rst cause:1, boot mode:(3,6)

load 0x4010f000, len 1384, room 16 
tail 8
chksum 0x2d
csum 0x2d
v8b899c12
~ld


6.01
 0h00:03.028 2021/06/02T18:30:37z: DS3231
 0h00:03.044 2021/06/02T18:30:37z: BME280 (0x76)
 0h00:03.058 2021/06/02T18:30:37z: 10:52:1c:4d:ae:9b
 0h00:03.059 2021/06/02T18:30:37z: SSID: Apollonia Students Halls
 0h00:03.065 2021/06/02T18:30:37z: AP_STAR tmr
 ets Jan  8 2013,rst cause:1, boot mode:(3,6)

load 0x4010f000, len 1384, room 16 
tail 8
chksum 0x2d
csum 0x2d
v8b899c12
~ld


6.01
 0h00:03.000 2021/06/02T18:50:32z: DS3231
 0h00:03.015 2021/06/02T18:50:32z: BME280 (0x76)
 0h00:03.030 2021/06/02T18:50:32z: 10:52:1c:4d:ae:9b
 0h00:03.031 2021/06/02T18:50:32z: SSID: Apollonia Students Halls
 0h00:03.036 2021/06/02T18:50:33z: AP_STAR tmr
 ets Jan  8 2013,rst cause:1, boot mode:(3,6)

load 0x4010f000, len 1384, room 16 
tail 8
chksum 0x2d
csum 0x2d
v8b899c12
~ld


6.01
 0h00:02.997 2021/06/02T19:10:29z: DS3231
 0h00:03.012 2021/06/02T19:10:29z: BME280 (0x76)
 0h00:03.026 2021/06/02T19:10:29z: 10:52:1c:4d:ae:9b
 0h00:03.028 2021/06/02T19:10:29z: SSID: Apollonia Students Halls
 0h00:03.033 2021/06/02T19:10:29z: AP_STAR tmr
 ets Jan  8 2013,rst cause:1, boot mode:(3,6)

load 0x4010f000, len 1384, room 16 
tail 8
chksum 0x2d
csum 0x2d
v8b899c12
~ld


6.01
 0h00:03.000 2021/06/02T19:30:24z: DS3231
 0h00:03.015 2021/06/02T19:30:24z: BME280 (0x76)
 0h00:03.029 2021/06/02T19:30:24z: 10:52:1c:4d:ae:9b
 0h00:03.031 2021/06/02T19:30:24z: SSID: Apollonia Students Halls
 0h00:03.036 2021/06/02T19:30:24z: AP_STAR tmr
 ets Jan  8 2013,rst cause:1, boot mode:(3,6)

load 0x4010f000, len 1384, room 16 
tail 8
chksum 0x2d
csum 0x2d
v8b899c12
~ld


6.01
 0h00:03.007 2021/06/02T19:50:21z: DS3231
 0h00:03.022 2021/06/02T19:50:21z: BME280 (0x76)
 0h00:03.036 2021/06/02T19:50:21z: 10:52:1c:4d:ae:9b
 0h00:03.038 2021/06/02T19:50:21z: SSID: Apollonia Students Halls
 0h00:03.043 2021/06/02T19:50:21z: AP_STAR tmr
 ets Jan  8 2013,rst cause:1, boot mode:(3,6)

load 0x4010f000, len 1384, room 16 
tail 8
chksum 0x2d
csum 0x2d
v8b899c12
~ld


6.01
 0h00:03.019 2021/06/02T20:10:17z: DS3231
 0h00:03.034 2021/06/02T20:10:17z: BME280 (0x76)
 0h00:03.048 2021/06/02T20:10:17z: 10:52:1c:4d:ae:9b
 0h00:03.050 2021/06/02T20:10:17z: SSID: Apollonia Students Halls
 0h00:03.055 2021/06/02T20:10:17z: AP_STAR tmr
 ets Jan  8 2013,rst cause:1, boot mode:(3,6)

load 0x4010f000, len 1384, room 16 
tail 8
chksum 0x2d
csum 0x2d
v8b899c12
~ld


6.01
 0h00:03.026 2021/06/02T20:30:13z: DS3231
 0h00:03.041 2021/06/02T20:30:13z: BME280 (0x76)
 0h00:03.055 2021/06/02T20:30:13z: 10:52:1c:4d:ae:9b
 0h00:03.057 2021/06/02T20:30:13z: SSID: Apollonia Students Halls
 0h00:03.062 2021/06/02T20:30:13z: AP_STAR tmr
 ets Jan  8 2013,rst cause:1, boot mode:(3,6)

load 0x4010f000, len 1384, room 16 
tail 8
chksum 0x2d
csum 0x2d
v8b899c12
~ld


6.01
 0h00:02.993 2021/06/02T20:50:09z: DS3231
 0h00:03.008 2021/06/02T20:50:09z: BME280 (0x76)
 0h00:03.022 2021/06/02T20:50:09z: 10:52:1c:4d:ae:9b
 0h00:03.024 2021/06/02T20:50:09z: SSID: Apollonia Students Halls
 0h00:03.029 2021/06/02T20:50:09z: AP_STAR tmr
 ets Jan  8 2013,rst cause:1, boot mode:(3,6)

load 0x4010f000, len 1384, room 16 
tail 8
chksum 0x2d
csum 0x2d
v8b899c12
~ld


6.01
 0h00:03.024 2021/06/02T21:10:05z: DS3231
 0h00:03.040 2021/06/02T21:10:05z: BME280 (0x76)
 0h00:03.054 2021/06/02T21:10:05z: 10:52:1c:4d:ae:9b
 0h00:03.056 2021/06/02T21:10:05z: SSID: Apollonia Students Halls
 0h00:03.061 2021/06/02T21:10:05z: AP_STAR tmr
 ets Jan  8 2013,rst cause:1, boot mode:(3,6)

load 0x4010f000, len 1384, room 16 
tail 8
chksum 0x2d
csum 0x2d
v8b899c12
~ld


6.01
 0h00:02.993 2021/06/02T21:30:01z: DS3231
 0h00:03.009 2021/06/02T21:30:01z: BME280 (0x76)
 0h00:03.023 2021/06/02T21:30:01z: 10:52:1c:4d:ae:9b
 0h00:03.024 2021/06/02T21:30:01z: SSID: Apollonia Students Halls
 0h00:03.030 2021/06/02T21:30:01z: AP_STAR tmr
 ets Jan  8 2013,rst cause:1, boot mode:(3,6)

load 0x4010f000, len 1384, room 16 
tail 8
chksum 0x2d
csum 0x2d
v8b899c12
~ld


6.01
 0h00:02.994 2021/06/02T21:49:57z: DS3231
 0h00:03.009 2021/06/02T21:49:57z: BME280 (0x76)
 0h00:03.023 2021/06/02T21:49:57z: 10:52:1c:4d:ae:9b
 0h00:03.025 2021/06/02T21:49:57z: SSID: Apollonia Students Halls
 0h00:03.030 2021/06/02T21:49:57z: AP_STAR tmr
 ets Jan  8 2013,rst cause:1, boot mode:(3,6)

load 0x4010f000, len 1384, room 16 
tail 8
chksum 0x2d
csum 0x2d
v8b899c12
~ld


6.01
 0h00:02.996 2021/06/02T22:09:53z: DS3231
 0h00:03.012 2021/06/02T22:09:53z: BME280 (0x76)
 0h00:03.026 2021/06/02T22:09:53z: 10:52:1c:4d:ae:9b
 0h00:03.027 2021/06/02T22:09:53z: SSID: Apollonia Students Halls
 0h00:03.033 2021/06/02T22:09:53z: AP_STAR tmr
 ets Jan  8 2013,rst cause:1, boot mode:(3,6)

load 0x4010f000, len 1384, room 16 
tail 8
chksum 0x2d
csum 0x2d
v8b899c12
~ld


6.01
 0h00:03.003 2021/06/02T22:29:48z: DS3231
 0h00:03.018 2021/06/02T22:29:48z: BME280 (0x76)
 0h00:03.033 2021/06/02T22:29:48z: 10:52:1c:4d:ae:9b
 0h00:03.034 2021/06/02T22:29:48z: SSID: Apollonia Students Halls
 0h00:03.039 2021/06/02T22:29:48z: AP_STAR tmr
 ets Jan  8 2013,rst cause:1, boot mode:(3,6)

load 0x4010f000, len 1384, room 16 
tail 8
chksum 0x2d
csum 0x2d
v8b899c12
~ld


6.01
 0h00:03.004 2021/06/02T22:49:44z: DS3231
 0h00:03.019 2021/06/02T22:49:44z: BME280 (0x76)
 0h00:03.033 2021/06/02T22:49:44z: 10:52:1c:4d:ae:9b
 0h00:03.035 2021/06/02T22:49:44z: SSID: Apollonia Students Halls
 0h00:03.040 2021/06/02T22:49:44z: AP_STAR tmr
 ets Jan  8 2013,rst cause:1, boot mode:(3,6)

load 0x4010f000, len 1384, room 16 
tail 8
chksum 0x2d
csum 0x2d
v8b899c12
~ld


6.01
 0h00:03.014 2021/06/02T23:09:40z: DS3231
 0h00:03.029 2021/06/02T23:09:40z: BME280 (0x76)
 0h00:03.043 2021/06/02T23:09:40z: 10:52:1c:4d:ae:9b
 0h00:03.045 2021/06/02T23:09:40z: SSID: Apollonia Students Halls
 0h00:03.050 2021/06/02T23:09:40z: AP_STAR tmr
 ets Jan  8 2013,rst cause:1, boot mode:(3,6)

load 0x4010f000, len 1384, room 16 
tail 8
chksum 0x2d
csum 0x2d
v8b899c12
~ld


6.01
 0h00:03.010 2021/06/02T23:29:36z: DS3231
 0h00:03.025 2021/06/02T23:29:36z: BME280 (0x76)
 0h00:03.039 2021/06/02T23:29:36z: 10:52:1c:4d:ae:9b
 0h00:03.041 2021/06/02T23:29:36z: SSID: Apollonia Students Halls
 0h00:03.046 2021/06/02T23:29:36z: AP_STAR tmr
 ets Jan  8 2013,rst cause:1, boot mode:(3,6)

load 0x4010f000, len 1384, room 16 
tail 8
chksum 0x2d
csum 0x2d
v8b899c12
~ld


6.01
 0h00:03.024 2021/06/02T23:49:32z: DS3231
 0h00:03.039 2021/06/02T23:49:32z: BME280 (0x76)
 0h00:03.053 2021/06/02T23:49:32z: 10:52:1c:4d:ae:9b
 0h00:03.055 2021/06/02T23:49:32z: SSID: Apollonia Students Halls
 0h00:03.060 2021/06/02T23:49:32z: AP_STA