R tmr
 ets Jan  8 2013,rst cause:1, boot mode:(3,0)

load 0x4010f000, len 1384, room 16 
tail 8
chksum 0x2d
csum 0x2d
v8b899c12
~ld


6.01
 0h00:02.983 2021/06/01T00:14:47z: DS3231
 0h00:02.999 2021/06/01T00:14:47z: BME280 (0x76)
 0h00:03.013 2021/06/01T00:14:47z: 10:52:1c:4d:ae:9b
 0h00:03.015 2021/06/01T00:14:47z: SSID: Apollonia Students Halls
 0h00:03.020 2021/06/01T00:14:47z: AP_STAR tmr
 ets Jan  8 2013,rst cause:1, boot mode:(3,0)

load 0x4010f000, len 1384, room 16 
tail 8
chksum 0x2d
csum 0x2d
v8b899c12
~ld


6.01
 0h00:02.987 2021/06/01T00:34:44z: DS3231
 0h00:03.002 2021/06/01T00:34:44z: BME280 (0x76)
 0h00:03.016 2021/06/01T00:34:44z: 10:52:1c:4d:ae:9b
 0h00:03.018 2021/06/01T00:34:44z: SSID: Apollonia Students Halls
 0h00:03.023 2021/06/01T00:34:44z: AP_STAR tmr
 ets Jan  8 2013,rst cause:1, boot mode:(3,0)

load 0x4010f000, len 1384, room 16 
tail 8
chksum 0x2d
csum 0x2d
v8b899c12
~ld


6.01
 0h00:02.999 2021/06/01T00:54:39z: DS3231
 0h00:03.014 2021/06/01T00:54:39z: BME280 (0x76)
 0h00:03.029 2021/06/01T00:54:39z: 10:52:1c:4d:ae:9b
 0h00:03.030 2021/06/01T00:54:39z: SSID: Apollonia Students Halls
 0h00:03.035 2021/06/01T00:54:39z: AP_STAR tmr
 ets Jan  8 2013,rst cause:1, boot mode:(3,0)

load 0x4010f000, len 1384, room 16 
tail 8
chksum 0x2d
csum 0x2d
v8b899c12
~ld


6.01
 0h00:03.004 2021/06/01T01:14:35z: DS3231
 0h00:03.019 2021/06/01T01:14:35z: BME280 (0x76)
 0h00:03.033 2021/06/01T01:14:35z: 10:52:1c:4d:ae:9b
 0h00:03.035 2021/06/01T01:14:35z: SSID: Apollonia Students Halls
 0h00:03.040 2021/06/01T01:14:35z: AP_STAR tmr
 ets Jan  8 2013,rst cause:1, boot mode:(3,0)

load 0x4010f000, len 1384, room 16 
tail 8
chksum 0x2d
csum 0x2d
v8b899c12
~ld


6.01
 0h00:03.010 2021/06/01T01:34:31z: DS3231
 0h00:03.026 2021/06/01T01:34:31z: BME280 (0x76)
 0h00:03.040 2021/06/01T01:34:31z: 10:52:1c:4d:ae:9b
 0h00:03.042 2021/06/01T01:34:31z: SSID: Apollonia Students Halls
 0h00:03.047 2021/06/01T01:34:31z: AP_STAR tmr
 ets Jan  8 2013,rst cause:1, boot mode:(3,0)

load 0x4010f000, len 1384, room 16 
tail 8
chksum 0x2d
csum 0x2d
v8b899c12
~ld


6.01
 0h00:02.988 2021/06/01T01:54:27z: DS3231
 0h00:03.004 2021/06/01T01:54:27z: BME280 (0x76)
 0h00:03.018 2021/06/01T01:54:27z: 10:52:1c:4d:ae:9b
 0h00:03.019 2021/06/01T01:54:27z: SSID: Apollonia Students Halls
 0h00:03.025 2021/06/01T01:54:27z: AP_STAR tmr
 ets Jan  8 2013,rst cause:1, boot mode:(3,0)

load 0x4010f000, len 1384, room 16 
tail 8
chksum 0x2d
csum 0x2d
v8b899c12
~ld


6.01
 0h00:02.990 2021/06/01T02:14:23z: DS3231
 0h00:03.005 2021/06/01T02:14:23z: BME280 (0x76)
 0h00:03.020 2021/06/01T02:14:23z: 10:52:1c:4d:ae:9b
 0h00:03.021 2021/06/01T02:14:23z: SSID: Apollonia Students Halls
 0h00:03.026 2021/06/01T02:14:23z: AP_STAR tmr
 ets Jan  8 2013,rst cause:1, boot mode:(3,0)

load 0x4010f000, len 1384, room 16 
tail 8
chksum 0x2d
csum 0x2d
v8b899c12
~ld


6.01
 0h00:02.989 2021/06/01T02:34:19z: DS3231
 0h00:03.004 2021/06/01T02:34:19z: BME280 (0x76)
 0h00:03.018 2021/06/01T02:34:19z: 10:52:1c:4d:ae:9b
 0h00:03.020 2021/06/01T02:34:19z: SSID: Apollonia Students Halls
 0h00:03.025 2021/06/01T02:34:19z: AP_STAR tmr
 ets Jan  8 2013,rst cause:1, boot mode:(3,0)

load 0x4010f000, len 1384, room 16 
tail 8
chksum 0x2d
csum 0x2d
v8b899c12
~ld


6.01
 0h00:02.989 2021/06/01T02:54:15z: DS3231
 0h00:03.005 2021/06/01T02:54:15z: BME280 (0x76)
 0h00:03.019 2021/06/01T02:54:15z: 10:52:1c:4d:ae:9b
 0h00:03.020 2021/06/01T02:54:15z: SSID: Apollonia Students Halls
 0h00:03.026 2021/06/01T02:54:15z: AP_STAR tmr
 ets Jan  8 2013,rst cause:1, boot mode:(3,0)

load 0x4010f000, len 1384, room 16 
tail 8
chksum 0x2d
csum 0x2d
v8b899c12
~ld


6.01
 0h00:02.989 2021/06/01T03:14:12z: DS3231
 0h00:03.004 2021/06/01T03:14:12z: BME280 (0x76)
 0h00:03.018 2021/06/01T03:14:12z: 10:52:1c:4d:ae:9b
 0h00:03.020 2021/06/01T03:14:12z: SSID: Apollonia Students Halls
 0h00:03.025 2021/06/01T03:14:12z: AP_STAR tmr
 ets Jan  8 2013,rst cause:1, boot mode:(3,0)

load 0x4010f000, len 1384, room 16 
tail 8
chksum 0x2d
csum 0x2d
v8b899c12
~ld


6.01
 0h00:02.997 2021/06/01T03:34:08z: DS3231
 0h00:03.012 2021/06/01T03:34:08z: BME280 (0x76)
 0h00:03.026 2021/06/01T03:34:08z: 10:52:1c:4d:ae:9b
 0h00:03.028 2021/06/01T03:34:08z: SSID: Apollonia Students Halls
 0h00:03.033 2021/06/01T03:34:08z: AP_STAR tmr
 ets Jan  8 2013,rst cause:1, boot mode:(3,0)

load 0x4010f000, len 1384, room 16 
tail 8
chksum 0x2d
csum 0x2d
v8b899c12
~ld


6.01
 0h00:03.004 2021/06/01T03:54:04z: DS3231
 0h00:03.019 2021/06/01T03:54:04z: BME280 (0x76)
 0h00:03.033 2021/06/01T03:54:04z: 10:52:1c:4d:ae:9b
 0h00:03.035 2021/06/01T03:54:04z: SSID: Apollonia Students Halls
 0h00:03.040 2021/06/01T03:54:04z: AP_STAR tmr
 ets Jan  8 2013,rst cause:1, boot mode:(3,0)

load 0x4010f000, len 1384, room 16 
tail 8
chksum 0x2d
csum 0x2d
v8b899c12
~ld


6.01
 0h00:03.011 2021/06/01T04:14:00z: DS3231
 0h00:03.026 2021/06/01T04:14:00z: BME280 (0x76)
 0h00:03.040 2021/06/01T04:14:00z: 10:52:1c:4d:ae:9b
 0h00:03.042 2021/06/01T04:14:00z: SSID: Apollonia Students Halls
 0h00:03.047 2021/06/01T04:14:00z: AP_STAR tmr
 ets Jan  8 2013,rst cause:1, boot mode:(3,0)

load 0x4010f000, len 1384, room 16 
tail 8
chksum 0x2d
csum 0x2d
v8b899c12
~ld


6.01
 0h00:02.992 2021/06/01T04:33:57z: DS3231
 0h00:03.007 2021/06/01T04:33:57z: BME280 (0x76)
 0h00:03.021 2021/06/01T04:33:57z: 10:52:1c:4d:ae:9b
 0h00:03.023 2021/06/01T04:33:57z: SSID: Apollonia Students Halls
 0h00:03.028 2021/06/01T04:33:57z: AP_STAR tmr
 ets Jan  8 2013,rst cause:1, boot mode:(3,0)

load 0x4010f000, len 1384, room 16 
tail 8
chksum 0x2d
csum 0x2d
v8b899c12
~ld


6.01
 0h00:02.989 2021/06/01T04:53:52z: DS3231
 0h00:03.005 2021/06/01T04:53:52z: BME280 (0x76)
 0h00:03.019 2021/06/01T04:53:52z: 10:52:1c:4d:ae:9b
 0h00:03.021 2021/06/01T04:53:52z: SSID: Apollonia Students Halls
 0h00:03.026 2021/06/01T04:53:52z: AP_STAR tmr
 ets Jan  8 2013,rst cause:1, boot mode:(3,0)

load 0x4010f000, len 1384, room 16 
tail 8
chksum 0x2d
csum 0x2d
v8b899c12
~ld


6.01
 0h00:02.985 2021/06/01T05:13:48z: DS3231
 0h00:03.001 2021/06/01T05:13:48z: BME280 (0x76)
 0h00:03.015 2021/06/01T05:13:48z: 10:52:1c:4d:ae:9b
 0h00:03.016 2021/06/01T05:13:48z: SSID: Apollonia Students Halls
 0h00:03.022 2021/06/01T05:13:48z: AP_STAR tmr
 ets Jan  8 2013,rst cause:1, boot mode:(3,0)

load 0x4010f000, len 1384, room 16 
tail 8
chksum 0x2d
csum 0x2d
v8b899c12
~ld


6.01
 0h00:02.987 2021/06/01T05:33:44z: DS3231
 0h00:03.003 2021/06/01T05:33:44z: BME280 (0x76)
 0h00:03.017 2021/06/01T05:33:44z: 10:52:1c:4d:ae:9b
 0h00:03.019 2021/06/01T05:33:44z: SSID: Apollonia Students Halls
 0h00:03.024 2021/06/01T05:33:44z: AP_STAR tmr
 ets Jan  8 2013,rst cause:1, boot mode:(3,0)

load 0x4010f000, len 1384, room 16 
tail 8
chksum 0x2d
csum 0x2d
v8b899c12
~ld


6.01
 0h00:02.992 2021/06/01T05:53:39z: DS3231
 0h00:03.008 2021/06/01T05:53:39z: BME280 (0x76)
 0h00:03.022 2021/06/01T05:53:39z: 10:52:1c:4d:ae:9b
 0h00:03.024 2021/06/01T05:53:39z: SSID: Apollonia Students Halls
 0h00:03.029 2021/06/01T05:53:39z: AP_STAR tmr
 ets Jan  8 2013,rst cause:1, boot mode:(3,0)

load 0x4010f000, len 1384, room 16 
tail 8
chksum 0x2d
csum 0x2d
v8b899c12
~ld


6.01
 0h00:03.005 2021/06/01T06:13:35z: DS3231
 0h00:03.020 2021/06/01T06:13:35z: BME280 (0x76)
 0h00:03.034 2021/06/01T06:13:35z: 10:52:1c:4d:ae:9b
 0h00:03.036 2021/06/01T06:13:35z: SSID: Apollonia Students Halls
 0h00:03.041 2021/06/01T06:13:35z: AP_STAR tmr
 ets Jan  8 2013,rst cause:1, boot mode:(3,0)

load 0x4010f000, len 1384, room 16 
tail 8
chksum 0x2d
csum 0x2d
v8b899c12
~ld


6.01
 0h00:03.015 2021/06/01T06:33:30z: DS3231
 0h00:03.031 2021/06/01T06:33:30z: BME280 (0x76)
 0h00:03.045 2021/06/01T06:33:30z: 10:52:1c:4d:ae:9b
 0h00:03.047 2021/06/01T06:33:30z: SSID: Apollonia Students Halls
 0h00:03.052 2021/06/01T06:33:30z: AP_STAR tmr
 ets Jan  8 2013,rst cause:1, boot mode:(3,0)

load 0x4010f000, len 1384, room 16 
tail 8
chksum 0x2d
csum 0x2d
v8b899c12
~ld


6.01
 0h00:03.012 2021/06/01T06:53:26z: DS3231
 0h00:03.028 2021/06/01T06:53:26z: BME280 (0x76)
 0h00:03.042 2021/06/01T06:53:26z: 10:52:1c:4d:ae:9b
 0h00:03.044 2021/06/01T06:53:26z: SSID: Apollonia Students Halls
 0h00:03.049 2021/06/01T06:53:26z: AP_STAR tmr
 ets Jan  8 2013,rst cause:1, boot mode:(3,0)

load 0x4010f000, len 1384, room 16 
tail 8
chksum 0x2d
csum 0x2d
v8b899c12
~ld


6.01
 0h00:02.988 2021/06/01T07:13:22z: DS3231
 0h00:03.003 2021/06/01T07:13:22z: BME280 (0x76)
 0h00:03.017 2021/06/01T07:13:22z: 10:52:1c:4d:ae:9b
 0h00:03.019 2021/06/01T07:13:22z: SSID: Apollonia Students Halls
 0h00:03.024 2021/06/01T07:13:22z: AP_STAR tmr
 ets Jan  8 2013,rst cause:1, boot mode:(3,0)

load 0x4010f000, len 1384, room 16 
tail 8
chksum 0x2d
csum 0x2d
v8b899c12
~ld


6.01
 0h00:02.992 2021/06/01T07:33:19z: DS3231
 0h00:03.007 2021/06/01T07:33:19z: BME280 (0x76)
 0h00:03.021 2021/06/01T07:33:19z: 10:52:1c:4d:ae:9b
 0h00:03.023 2021/06/01T07:33:19z: SSID: Apollonia Students Halls
 0h00:03.028 2021/06/01T07:33:19z: AP_STAR tmr
 ets Jan  8 2013,rst cause:1, boot mode:(3,0)

load 0x4010f000, len 1384, room 16 
tail 8
chksum 0x2d
csum 0x2d
v8b899c12
~ld


6.01
 0h00:02.991 2021/06/01T07:53:15z: DS3231
 0h00:03.007 2021/06/01T07:53:15z: BME280 (0x76)
 0h00:03.021 2021/06/01T07:53:15z: 10:52:1c:4d:ae:9b
 0h00:03.022 2021/06/01T07:53:15z: SSID: Apollonia Students Halls
 0h00:03.028 2021/06/01T07:53:15z: AP_STAR tmr
 ets Jan  8 2013,rst cause:1, boot mode:(3,0)

load 0x4010f000, len 1384, room 16 
tail 8
chksum 0x2d
csum 0x2d
v8b899c12
~ld


6.01
 0h00:02.989 2021/06/01T08:13:10z: DS3231
 0h00:03.004 2021/06/01T08:13:10z: BME280 (0x76)
 0h00:03.018 2021/06/01T08:13:10z: 10:52:1c:4d:ae:9b
 0h00:03.020 2021/06/01T08:13:10z: SSID: Apollonia Students Halls
 0h00:03.025 2021/06/01T08:13:10z: AP_STAR tmr
 ets Jan  8 2013,rst cause:1, boot mode:(3,0)

load 0x4010f000, len 1384, room 16 
tail 8
chksum 0x2d
csum 0x2d
v8b899c12
~ld


6.01
 0h00:02.990 2021/06/01T08:33:06z: DS3231
 0h00:03.005 2021/06/01T08:33:06z: BME280 (0x76)
 0h00:03.020 2021/06/01T08:33:06z: 10:52:1c:4d:ae:9b
 0h00:03.021 2021/06/01T08:33:06z: SSID: Apollonia Students Halls
 0h00:03.026 2021/06/01T08:33:06z: AP_STAR tmr
 ets Jan  8 2013,rst cause:1, boot mode:(3,0)

load 0x4010f000, len 1384, room 16 
tail 8
chksum 0x2d
csum 0x2d
v8b899c12
~ld


6.01
 0h00:03.007 2021/06/01T08:53:02z: DS3231
 0h00:03.022 2021/06/01T08:53:02z: BME280 (0x76)
 0h00:03.036 2021/06/01T08:53:02z: 10:52:1c:4d:ae:9b
 0h00:03.038 2021/06/01T08:53:02z: SSID: Apollonia Students Halls
 0h00:03.043 2021/06/01T08:53:02z: AP_STAR tmr
 ets Jan  8 2013,rst cause:1, boot mode:(3,0)

load 0x4010f000, len 1384, room 16 
tail 8
chksum 0x2d
csum 0x2d
v8b899c12
~ld


6.01
 0h00:03.005 2021/06/01T09:12:57z: DS3231
 0h00:03.020 2021/06/01T09:12:57z: BME280 (0x76)
 0h00:03.035 2021/06/01T09:12:57z: 10:52:1c:4d:ae:9b
 0h00:03.036 2021/06/01T09:12:57z: SSID: Apollonia Students Halls
 0h00:03.041 2021/06/01T09:12:57z: AP_STAR tmr
 ets Jan  8 2013,rst cause:1, boot mode:(3,0)

load 0x4010f000, len 1384, room 16 
tail 8
chksum 0x2d
csum 0x2d
v8b899c12
~ld


6.01
 0h00:03.019 2021/06/01T09:32:54z: DS3231
 0h00:03.034 2021/06/01T09:32:54z: BME280 (0x76)
 0h00:03.048 2021/06/01T09:32:54z: 10:52:1c:4d:ae:9b
 0h00:03.050 2021/06/01T09:32:54z: SSID: Apollonia Students Halls
 0h00:03.055 2021/06/01T09:32:54z: AP_STAR tmr
 ets Jan  8 2013,rst cause:1, boot mode:(3,0)

load 0x4010f000, len 1384, room 16 
tail 8
chksum 0x2d
csum 0x2d
v8b899c12
~ld


6.01
 0h00:02.989 2021/06/01T09:52:50z: DS3231
 0h00:03.004 2021/06/01T09:52:50z: BME280 (0x76)
 0h00:03.018 2021/06/01T09:52:50z: 10:52:1c:4d:ae:9b
 0h00:03.020 2021/06/01T09:52:50z: SSID: Apollonia Students Halls
 0h00:03.025 2021/06/01T09:52:50z: AP_STAR tmr
 ets Jan  8 2013,rst cause:1, boot mode:(3,0)

load 0x4010f000, len 1384, room 16 
tail 8
chksum 0x2d
csum 0x2d
v8b899c12
~ld


6.01
 0h00:02.981 2021/06/01T10:12:46z: DS3231
 0h00:02.996 2021/06/01T10:12:46z: BME280 (0x76)
 0h00:03.010 2021/06/01T10:12:46z: 10:52:1c:4d:ae:9b
 0h00:03.012 2021/06/01T10:12:46z: SSID: Apollonia Students Halls
 0h00:03.017 2021/06/01T10:12:46z: AP_STAR tmr
 ets Jan  8 2013,rst cause:1, boot mode:(3,0)

load 0x4010f000, len 1384, room 16 
tail 8
chksum 0x2d
csum 0x2d
v8b899c12
~ld


6.01
 0h00:02.984 2021/06/01T10:32:42z: DS3231
 0h00:02.999 2021/06/01T10:32:42z: BME280 (0x76)
 0h00:03.013 2021/06/01T10:32:42z: 10:52:1c:4d:ae:9b
 0h00:03.015 2021/06/01T10:32:42z: SSID: Apollonia Students Halls
 0h00:03.020 2021/06/01T10:32:42z: AP_STAR tmr
 ets Jan  8 2013,rst cause:1, boot mode:(3,0)

load 0x4010f000, len 1384, room 16 
tail 8
chksum 0x2d
csum 0x2d
v8b899c12
~ld


6.01
 0h00:02.985 2021/06/01T10:52:38z: DS3231
 0h00:03.001 2021/06/01T10:52:38z: BME280 (0x76)
 0h00:03.015 2021/06/01T10:52:38z: 10:52:1c:4d:ae:9b
 0h00:03.017 2021/06/01T10:52:38z: SSID: Apollonia Students Halls
 0h00:03.022 2021/06/01T10:52:38z: AP_STAR tmr
 ets Jan  8 2013,rst cause:1, boot mode:(3,0)

load 0x4010f000, len 1384, room 16 
tail 8
chksum 0x2d
csum 0x2d
v8b899c12
~ld


6.01
 0h00:02.988 2021/06/01T11:12:34z: DS3231
 0h00:03.004 2021/06/01T11:12:35z: BME280 (0x76)
 0h00:03.018 2021/06/01T11:12:35z: 10:52:1c:4d:ae:9b
 0h00:03.019 2021/06/01T11:12:35z: SSID: Apollonia Students Halls
 0h00:03.025 2021/06/01T11:12:35z: AP_STAR tmr
 ets Jan  8 2013,rst cause:1, boot mode:(3,0)

load 0x4010f000, len 1384, room 16 
tail 8
chksum 0x2d
csum 0x2d
v8b899c12
~ld


6.01
 0h00:03.002 2021/06/01T11:32:31z: DS3231
 0h00:03.017 2021/06/01T11:32:31z: BME280 (0x76)
 0h00:03.031 2021/06/01T11:32:31z: 10:52:1c:4d:ae:9b
 0h00:03.033 2021/06/01T11:32:31z: SSID: Apollonia Students Halls
 0h00:03.038 2021/06/01T11:32:31z: AP_STAR tmr
 ets Jan  8 2013,rst cause:1, boot mode:(3,0)

load 0x4010f000, len 1384, room 16 
tail 8
chksum 0x2d
csum 0x2d
v8b899c12
~ld


6.01
 0h00:03.003 2021/06/01T11:52:27z: DS3231
 0h00:03.018 2021/06/01T11:52:27z: BME280 (0x76)
 0h00:03.033 2021/06/01T11:52:27z: 10:52:1c:4d:ae:9b
 0h00:03.034 2021/06/01T11:52:27z: SSID: Apollonia Students Halls
 0h00:03.039 2021/06/01T11:52:27z: AP_STAR tmr
 ets Jan  8 2013,rst cause:1, boot mode:(3,0)

load 0x4010f000, len 1384, room 16 
tail 8
chksum 0x2d
csum 0x2d
v8b899c12
~ld


6.01
 0h00:03.008 2021/06/01T12:12:23z: DS3231
 0h00:03.024 2021/06/01T12:12:24z: BME280 (0x76)
 0h00:03.038 2021/06/01T12:12:24z: 10:52:1c:4d:ae:9b
 0h00:03.040 2021/06/01T12:12:24z: SSID: Apollonia Students Halls
 0h00:03.045 2021/06/01T12:12:24z: AP_STAR tmr
 ets Jan  8 2013,rst cause:1, boot mode:(3,0)

load 0x4010f000, len 1384, room 16 
tail 8
chksum 0x2d
csum 0x2d
v8b899c12
~ld


6.01
 0h00:02.992 2021/06/01T12:32:19z: DS3231
 0h00:03.007 2021/06/01T12:32:19z: BME280 (0x76)
 0h00:03.022 2021/06/01T12:32:19z: 10:52:1c:4d:ae:9b
 0h00:03.023 2021/06/01T12:32:19z: SSID: Apollonia Students Halls
 0h00:03.029 2021/06/01T12:32:19z: AP_STAR tmr
 ets Jan  8 2013,rst cause:1, boot mode:(3,0)

load 0x4010f000, len 1384, room 16 
tail 8
chksum 0x2d
csum 0x2d
v8b899c12
~ld


6.01
 0h00:02.982 2021/06/01T12:52:15z: DS3231
 0h00:02.997 2021/06/01T12:52:15z: BME280 (0x76)
 0h00:03.011 2021/06/01T12:52:15z: 10:52:1c:4d:ae:9b
 0h00:03.013 2021/06/01T12:52:15z: SSID: Apollonia Students Halls
 0h00:03.018 2021/06/01T12:52:15z: AP_STAR tmr
 ets Jan  8 2013,rst cause:1, boot mode:(3,0)

load 0x4010f000, len 1384, room 16 
tail 8
chksum 0x2d
csum 0x2d
v8b899c12
~ld


6.01
 0h00:02.982 2021/06/01T13:12:10z: DS3231
 0h00:02.998 2021/06/01T13:12:10z: BME280 (0x76)
 0h00:03.012 2021/06/01T13:12:10z: 10:52:1c:4d:ae:9b
 0h00:03.014 2021/06/01T13:12:10z: SSID: Apollonia Students Halls
 0h00:03.019 2021/06/01T13:12:10z: AP_STAR tmr
 ets Jan  8 2013,rst cause:1, boot mode:(3,0)

load 0x4010f000, len 1384, room 16 
tail 8
chksum 0x2d
csum 0x2d
v8b899c12
~ld


6.01
 0h00:02.984 2021/06/01T13:32:06z: DS3231
 0h00:02.999 2021/06/01T13:32:06z: BME280 (0x76)
 0h00:03.013 2021/06/01T13:32:06z: 10:52:1c:4d:ae:9b
 0h00:03.015 2021/06/01T13:32:06z: SSID: Apollonia Students Halls
 0h00:03.020 2021/06/01T13:32:06z: AP_STAR tmr
 ets Jan  8 2013,rst cause:1, boot mode:(3,0)

load 0x4010f000, len 1384, room 16 
tail 8
chksum 0x2d
csum 0x2d
v8b899c12
~ld


6.01
 0h00:02.989 2021/06/01T13:52:02z: DS3231
 0h00:03.004 2021/06/01T13:52:02z: BME280 (0x76)
 0h00:03.018 2021/06/01T13:52:02z: 10:52:1c:4d:ae:9b
 0h00:03.020 2021/06/01T13:52:02z: SSID: Apollonia Students Halls
 0h00:03.025 2021/06/01T13:52:02z: AP_STAR tmr
 ets Jan  8 2013,rst cause:1, boot mode:(3,0)

load 0x4010f000, len 1384, room 16 
tail 8
chksum 0x2d
csum 0x2d
v8b899c12
~ld


6.01
 0h00:03.002 2021/06/01T14:11:57z: DS3231
 0h00:03.017 2021/06/01T14:11:57z: BME280 (0x76)
 0h00:03.031 2021/06/01T14:11:57z: 10:52:1c:4d:ae:9b
 0h00:03.033 2021/06/01T14:11:57z: SSID: Apollonia Students Halls
 0h00:03.038 2021/06/01T14:11:57z: AP_STAR tmr
 ets Jan  8 2013,rst cause:1, boot mode:(3,0)

load 0x4010f000, len 1384, room 16 
tail 8
chksum 0x2d
csum 0x2d
v8b899c12
~ld


6.01
 0h00:03.005 2021/06/01T14:31:53z: DS3231
 0h00:03.021 2021/06/01T14:31:53z: BME280 (0x76)
 0h00:03.035 2021/06/01T14:31:53z: 10:52:1c:4d:ae:9b
 0h00:03.037 2021/06/01T14:31:53z: SSID: Apollonia Students Halls
 0h00:03.042 2021/06/01T14:31:53z: AP_STAR tmr
 ets Jan  8 2013,rst cause:1, boot mode:(3,0)

load 0x4010f000, len 1384, room 16 
tail 8
chksum 0x2d
csum 0x2d
v8b899c12
~ld


6.01
 0h00:03.013 2021/06/01T14:51:49z: DS3231
 0h00:03.029 2021/06/01T14:51:49z: BME280 (0x76)
 0h00:03.043 2021/06/01T14:51:49z: 10:52:1c:4d:ae:9b
 0h00:03.044 2021/06/01T14:51:49z: SSID: Apollonia Students Halls
 0h00:03.050 2021/06/01T14:51:49z: AP_STAR tmr
 ets Jan  8 2013,rst cause:1, boot mode:(3,0)

load 0x4010f000, len 1384, room 16 
tail 8
chksum 0x2d
csum 0x2d
v8b899c12
~ld


6.01
 0h00:02.985 2021/06/01T15:11:45z: DS3231
 0h00:03.001 2021/06/01T15:11:45z: BME280 (0x76)
 0h00:03.015 2021/06/01T15:11:45z: 10:52:1c:4d:ae:9b
 0h00:03.016 2021/06/01T15:11:45z: SSID: Apollonia Students Halls
 0h00:03.022 2021/06/01T15:11:45z: AP_STAR tmr
 ets Jan  8 2013,rst cause:1, boot mode:(3,0)

load 0x4010f000, len 1384, room 16 
tail 8
chksum 0x2d
csum 0x2d
v8b899c12
~ld


6.01
 0h00:02.990 2021/06/01T15:31:41z: DS3231
 0h00:03.005 2021/06/01T15:31:41z: BME280 (0x76)
 0h00:03.019 2021/06/01T15:31:41z: 10:52:1c:4d:ae:9b
 0h00:03.021 2021/06/01T15:31:41z: SSID: Apollonia Students Halls
 0h00:03.026 2021/06/01T15:31:41z: AP_STAR tmr
 ets Jan  8 2013,rst cause:1, boot mode:(3,0)

load 0x4010f000, len 1384, room 16 
tail 8
chksum 0x2d
csum 0x2d
v8b899c12
~ld


6.01
 0h00:02.991 2021/06/01T15:51:37z: DS3231
 0h00:03.006 2021/06/01T15:51:37z: BME280 (0x76)
 0h00:03.020 2021/06/01T15:51:37z: 10:52:1c:4d:ae:9b
 0h00:03.022 2021/06/01T15:51:37z: SSID: Apollonia Students Halls
 0h00:03.027 2021/06/01T15:51:37z: AP_STAR tmr
 ets Jan  8 2013,rst cause:1, boot mode:(3,0)

load 0x4010f000, len 1384, room 16 
tail 8
chksum 0x2d
csum 0x2d
v8b899c12
~ld


6.01
 0h00:02.987 2021/06/01T16:11:33z: DS3231
 0h00:03.002 2021/06/01T16:11:33z: BME280 (0x76)
 0h00:03.016 2021/06/01T16:11:33z: 10:52:1c:4d:ae:9b
 0h00:03.018 2021/06/01T16:11:33z: SSID: Apollonia Students Halls
 0h00:03.023 2021/06/01T16:11:33z: AP_STAR tmr
 ets Jan  8 2013,rst cause:1, boot mode:(3,0)

load 0x4010f000, len 1384, room 16 
tail 8
chksum 0x2d
csum 0x2d
v8b899c12
~ld


6.01
 0h00:02.987 2021/06/01T16:31:30z: DS3231
 0h00:03.003 2021/06/01T16:31:30z: BME280 (0x76)
 0h00:03.017 2021/06/01T16:31:30z: 10:52:1c:4d:ae:9b
 0h00:03.018 2021/06/01T16:31:30z: SSID: Apollonia Students Halls
 0h00:03.024 2021/06/01T16:31:30z: AP_STAR tmr
 ets Jan  8 2013,rst cause:1, boot mode:(3,0)

load 0x4010f000, len 1384, room 16 
tail 8
chksum 0x2d
csum 0x2d
v8b899c12
~ld


6.01
 0h00:02.992 2021/06/01T16:51:26z: DS3231
 0h00:03.008 2021/06/01T16:51:26z: BME280 (0x76)
 0h00:03.022 2021/06/01T16:51:26z: 10:52:1c:4d:ae:9b
 0h00:03.023 2021/06/01T16:51:26z: SSID: Apollonia Students Halls
 0h00:03.029 2021/06/01T16:51:26z: AP_STAR tmr
 ets Jan  8 2013,rst cause:1, boot mode:(3,0)

load 0x4010f000, len 1384, room 16 
tail 8
chksum 0x2d
csum 0x2d
v8b899c12
~ld


6.01
 0h00:02.990 2021/06/01T17:11:21z: DS3231
 0h00:03.005 2021/06/01T17:11:21z: BME280 (0x76)
 0h00:03.019 2021/06/01T17:11:21z: 10:52:1c:4d:ae:9b
 0h00:03.021 2021/06/01T17:11:21z: SSID: Apollonia Students Halls
 0h00:03.026 2021/06/01T17:11:21z: AP_STAR tmr
 ets Jan  8 2013,rst cause:1, boot mode:(3,0)

load 0x4010f000, len 1384, room 16 
tail 8
chksum 0x2d
csum 0x2d
v8b899c12
~ld


6.01
 0h00:03.004 2021/06/01T17:31:17z: DS3231
 0h00:03.019 2021/06/01T17:31:17z: BME280 (0x76)
 0h00:03.033 2021/06/01T17:31:17z: 10:52:1c:4d:ae:9b
 0h00:03.035 2021/06/01T17:31:17z: SSID: Apollonia Students Halls
 0h00:03.040 2021/06/01T17:31:17z: AP_STAR tmr
 ets Jan  8 2013,rst cause:1, boot mode:(3,0)

load 0x4010f000, len 1384, room 16 
tail 8
chksum 0x2d
csum 0x2d
v8b899c12
~ld


6.01
 0h00:03.001 2021/06/01T17:51:13z: DS3231
 0h00:03.016 2021/06/01T17:51:13z: BME280 (0x76)
 0h00:03.030 2021/06/01T17:51:13z: 10:52:1c:4d:ae:9b
 0h00:03.032 2021/06/01T17:51:13z: SSID: Apollonia Students Halls
 0h00:03.037 2021/06/01T17:51:13z: AP_STAR tmr
 ets Jan  8 2013,rst cause:1, boot mode:(3,0)

load 0x4010f000, len 1384, room 16 
tail 8
chksum 0x2d
csum 0x2d
v8b899c12
~ld


6.01
 0h00:03.010 2021/06/01T18:11:09z: DS3231
 0h00:03.026 2021/06/01T18:11:09z: BME280 (0x76)
 0h00:03.040 2021/06/01T18:11:10z: 10:52:1c:4d:ae:9b
 0h00:03.042 2021/06/01T18:11:10z: SSID: Apollonia Students Halls
 0h00:03.047 2021/06/01T18:11:10z: AP_STAR tmr
 ets Jan  8 2013,rst cause:1, boot mode:(3,0)

load 0x4010f000, len 1384, room 16 
tail 8
chksum 0x2d
csum 0x2d
v8b899c12
~ld


6.01
 0h00:02.988 2021/06/01T18:31:05z: DS3231
 0h00:03.003 2021/06/01T18:31:05z: BME280 (0x76)
 0h00:03.018 2021/06/01T18:31:05z: 10:52:1c:4d:ae:9b
 0h00:03.019 2021/06/01T18:31:05z: SSID: Apollonia Students Halls
 0h00:03.024 2021/06/01T18:31:05z: AP_STAR tmr
 ets Jan  8 2013,rst cause:1, boot mode:(3,0)

load 0x4010f000, len 1384, room 16 
tail 8
chksum 0x2d
csum 0x2d
v8b899c12
~ld


6.01
 0h00:02.993 2021/06/01T18:51:01z: DS3231
 0h00:03.008 2021/06/01T18:51:01z: BME280 (0x76)
 0h00:03.022 2021/06/01T18:51:01z: 10:52:1c:4d:ae:9b
 0h00:03.024 2021/06/01T18:51:01z: SSID: Apollonia Students Halls
 0h00:03.029 2021/06/01T18:51:01z: AP_STAR tmr
 ets Jan  8 2013,rst cause:1, boot mode:(3,0)

load 0x4010f000, len 1384, room 16 
tail 8
chksum 0x2d
csum 0x2d
v8b899c12
~ld


6.01
 0h00:02.994 2021/06/01T19:10:57z: DS3231
 0h00:03.010 2021/06/01T19:10:57z: BME280 (0x76)
 0h00:03.024 2021/06/01T19:10:57z: 10:52:1c:4d:ae:9b
 0h00:03.025 2021/06/01T19:10:57z: SSID: Apollonia Students Halls
 0h00:03.031 2021/06/01T19:10:57z: AP_STAR tmr
 ets Jan  8 2013,rst cause:1, boot mode:(3,0)

load 0x4010f000, len 1384, room 16 
tail 8
chksum 0x2d
csum 0x2d
v8b899c12
~ld


6.01
 0h00:02.987 2021/06/01T19:30:54z: DS3231
 0h00:03.002 2021/06/01T19:30:54z: BME280 (0x76)
 0h00:03.017 2021/06/01T19:30:54z: 10:52:1c:4d:ae:9b
 0h00:03.018 2021/06/01T19:30:54z: SSID: Apollonia Students Halls
 0h00:03.024 2021/06/01T19:30:54z: AP_STAR tmr
 ets Jan  8 2013,rst cause:1, boot mode:(3,0)

load 0x4010f000, len 1384, room 16 
tail 8
chksum 0x2d
csum 0x2d
v8b899c12
~ld


6.01
 0h00:02.989 2021/06/01T19:50:49z: DS3231
 0h00:03.005 2021/06/01T19:50:49z: BME280 (0x76)
 0h00:03.019 2021/06/01T19:50:49z: 10:52:1c:4d:ae:9b
 0h00:03.020 2021/06/01T19:50:49z: SSID: Apollonia Students Halls
 0h00:03.026 2021/06/01T19:50:49z: AP_STAR tmr
 ets Jan  8 2013,rst cause:1, boot mode:(3,0)

load 0x4010f000, len 1384, room 16 
tail 8
chksum 0x2d
csum 0x2d
v8b899c12
~ld


6.01
 0h00:03.004 2021/06/01T20:10:45z: DS3231
 0h00:03.019 2021/06/01T20:10:45z: BME280 (0x76)
 0h00:03.033 2021/06/01T20:10:45z: 10:52:1c:4d:ae:9b
 0h00:03.035 2021/06/01T20:10:45z: SSID: Apollonia Students Halls
 0h00:03.040 2021/06/01T20:10:45z: AP_STAR tmr
 ets Jan  8 2013,rst cause:1, boot mode:(3,0)

load 0x4010f000, len 1384, room 16 
tail 8
chksum 0x2d
csum 0x2d
v8b899c12
~ld


6.01
 0h00:03.006 2021/06/01T20:30:42z: DS3231
 0h00:03.022 2021/06/01T20:30:42z: BME280 (0x76)
 0h00:03.036 2021/06/01T20:30:42z: 10:52:1c:4d:ae:9b
 0h00:03.038 2021/06/01T20:30:42z: SSID: Apollonia Students Halls
 0h00:03.043 2021/06/01T20:30:42z: AP_STAR tmr
 ets Jan  8 2013,rst cause:1, boot mode:(3,0)

load 0x4010f000, len 1384, room 16 
tail 8
chksum 0x2d
csum 0x2d
v8b899c12
~ld


6.01
 0h00:03.016 2021/06/01T20:50:37z: DS3231
 0h00:03.031 2021/06/01T20:50:38z: BME280 (0x76)
 0h00:03.045 2021/06/01T20:50:38z: 10:52:1c:4d:ae:9b
 0h00:03.047 2021/06/01T20:50:38z: SSID: Apollonia Students Halls
 0h00:03.052 2021/06/01T20:50:38z: AP_STAR tmr
 ets Jan  8 2013,rst cause:1, boot mode:(3,0)

load 0x4010f000, len 1384, room 16 
tail 8
chksum 0x2d
csum 0x2d
v8b899c12
~ld


6.01
 0h00:02.992 2021/06/01T21:10:34z: DS3231
 0h00:03.008 2021/06/01T21:10:34z: BME280 (0x76)
 0h00:03.022 2021/06/01T21:10:34z: 10:52:1c:4d:ae:9b
 0h00:03.023 2021/06/01T21:10:34z: SSID: Apollonia Students Halls
 0h00:03.029 2021/06/01T21:10:34z: AP_STAR tmr
 ets Jan  8 2013,rst cause:1, boot mode:(3,0)

load 0x4010f000, len 1384, room 16 
tail 8
chksum 0x2d
csum 0x2d
v8b899c12
~ld


6.01
 0h00:02.990 2021/06/01T21:30:29z: DS3231
 0h00:03.005 2021/06/01T21:30:30z: BME280 (0x76)
 0h00:03.019 2021/06/01T21:30:30z: 10:52:1c:4d:ae:9b
 0h00:03.021 2021/06/01T21:30:30z: SSID: Apollonia Students Halls
 0h00:03.026 2021/06/01T21:30:30z: AP_STAR tmr
 ets Jan  8 2013,rst cause:1, boot mode:(3,0)

load 0x4010f000, len 1384, room 16 
tail 8
chksum 0x2d
csum 0x2d
v8b899c12
~ld


6.01
 0h00:02.986 2021/06/01T21:50:25z: DS3231
 0h00:03.002 2021/06/01T21:50:25z: BME280 (0x76)
 0h00:03.016 2021/06/01T21:50:25z: 10:52:1c:4d:ae:9b
 0h00:03.017 2021/06/01T21:50:25z: SSID: Apollonia Students Halls
 0h00:03.023 2021/06/01T21:50:25z: AP_STAR tmr
 ets Jan  8 2013,rst cause:1, boot mode:(3,0)

load 0x4010f000, len 1384, room 16 
tail 8
chksum 0x2d
csum 0x2d
v8b899c12
~ld


6.01
 0h00:02.998 2021/06/01T22:10:22z: DS3231
 0h00:03.013 2021/06/01T22:10:22z: BME280 (0x76)
 0h00:03.027 2021/06/01T22:10:22z: 10:52:1c:4d:ae:9b
 0h00:03.029 2021/06/01T22:10:22z: SSID: Apollonia Students Halls
 0h00:03.034 2021/06/01T22:10:22z: AP_STAR tmr
 ets Jan  8 2013,rst cause:1, boot mode:(3,0)

load 0x4010f000, len 1384, room 16 
tail 8
chksum 0x2d
csum 0x2d
v8b899c12
~ld


6.01
 0h00:02.991 2021/06/01T22:30:19z: DS3231
 0h00:03.007 2021/06/01T22:30:19z: BME280 (0x76)
 0h00:03.021 2021/06/01T22:30:19z: 10:52:1c:4d:ae:9b
 0h00:03.023 2021/06/01T22:30:19z: SSID: Apollonia Students Halls
 0h00:03.028 2021/06/01T22:30:19z: AP_STAR tmr
 ets Jan  8 2013,rst cause:1, boot mode:(3,0)

load 0x4010f000, len 1384, room 16 
tail 8
chksum 0x2d
csum 0x2d
v8b899c12
~ld


6.01
 0h00:03.000 2021/06/01T22:50:15z: DS3231
 0h00:03.015 2021/06/01T22:50:15z: BME280 (0x76)
 0h00:03.029 2021/06/01T22:50:15z: 10:52:1c:4d:ae:9b
 0h00:03.031 2021/06/01T22:50:15z: SSID: Apollonia Students Halls
 0h00:03.036 2021/06/01T22:50:15z: AP_STAR tmr
 ets Jan  8 2013,rst cause:1, boot mode:(3,0)

load 0x4010f000, len 1384, room 16 
tail 8
chksum 0x2d
csum 0x2d
v8b899c12
~ld


6.01
 0h00:03.001 2021/06/01T23:10:11z: DS3231
 0h00:03.017 2021/06/01T23:10:11z: BME280 (0x76)
 0h00:03.031 2021/06/01T23:10:11z: 10:52:1c:4d:ae:9b
 0h00:03.033 2021/06/01T23:10:11z: SSID: Apollonia Students Halls
 0h00:03.038 2021/06/01T23:10:11z: AP_STAR tmr
 ets Jan  8 2013,rst cause:1, boot mode:(3,0)

load 0x4010f000, len 1384, room 16 
tail 8
chksum 0x2d
csum 0x2d
v8b899c12
~ld


6.01
 0h00:03.014 2021/06/01T23:30:07z: DS3231
 0h00:03.030 2021/06/01T23:30:07z: BME280 (0x76)
 0h00:03.044 2021/06/01T23:30:07z: 10:52:1c:4d:ae:9b
 0h00:03.046 2021/06/01T23:30:07z: SSID: Apollonia Students Halls
 0h00:03.051 2021/06/01T23:30:07z: AP_STAR tmr
 ets Jan  8 2013,rst cause:1, boot mode:(3,0)

load 0x4010f000, len 1384, room 16 
tail 8
chksum 0x2d
csum 0x2d
v8b899c12
~ld


6.01
 0h00:02.988 2021/06/01T23:50:03z: DS3231
 0h00:03.003 2021/06/01T23:50:03z: BME280 (0x76)
 0h00:03.018 2021/06/01T23:50:03z: 10:52:1c:4d:ae:9b
 0h00:03.019 2021/06/01T23:50:03z: SSID: Apollonia Students Halls
 0h00:03.025 2021/06/01T23:50:03z: AP_STA