R tmr
 ets Jan  8 2013,rst cause:1, boot mode:(3,7)

load 0x4010f000, len 1384, room 16 
tail 8
chksum 0x2d
csum 0x2d
v8b899c12
~ld


6.01
 0h00:03.058 2021/05/14T00:10:47z: DS3231
 0h00:03.073 2021/05/14T00:10:47z: BME280 (0x76)
 0h00:03.087 2021/05/14T00:10:47z: 10:52:1c:4d:aa:9c
 0h00:03.089 2021/05/14T00:10:47z: SSID: Apollonia Students Halls
 0h00:03.094 2021/05/14T00:10:47z: AP_STAR tmr
 ets Jan  8 2013,rst cause:1, boot mode:(3,7)

load 0x4010f000, len 1384, room 16 
tail 8
chksum 0x2d
csum 0x2d
v8b899c12
~ld


6.01
 0h00:03.031 2021/05/14T00:30:44z: DS3231
 0h00:03.046 2021/05/14T00:30:44z: BME280 (0x76)
 0h00:03.061 2021/05/14T00:30:44z: 10:52:1c:4d:aa:9c
 0h00:03.062 2021/05/14T00:30:44z: SSID: Apollonia Students Halls
 0h00:03.067 2021/05/14T00:30:44z: AP_STAR tmr
 ets Jan  8 2013,rst cause:1, boot mode:(3,7)

load 0x4010f000, len 1384, room 16 
tail 8
chksum 0x2d
csum 0x2d
v8b899c12
~ld


6.01
 0h00:03.032 2021/05/14T00:50:40z: DS3231
 0h00:03.047 2021/05/14T00:50:40z: BME280 (0x76)
 0h00:03.061 2021/05/14T00:50:40z: 10:52:1c:4d:aa:9c
 0h00:03.063 2021/05/14T00:50:40z: SSID: Apollonia Students Halls
 0h00:03.068 2021/05/14T00:50:40z: AP_STAR tmr
 ets Jan  8 2013,rst cause:1, boot mode:(3,7)

load 0x4010f000, len 1384, room 16 
tail 8
chksum 0x2d
csum 0x2d
v8b899c12
~ld


6.01
 0h00:03.029 2021/05/14T01:10:37z: DS3231
 0h00:03.045 2021/05/14T01:10:37z: BME280 (0x76)
 0h00:03.059 2021/05/14T01:10:37z: 10:52:1c:4d:aa:9c
 0h00:03.060 2021/05/14T01:10:37z: SSID: Apollonia Students Halls
 0h00:03.066 2021/05/14T01:10:37z: AP_STAR tmr
 ets Jan  8 2013,rst cause:1, boot mode:(3,7)

load 0x4010f000, len 1384, room 16 
tail 8
chksum 0x2d
csum 0x2d
v8b899c12
~ld


6.01
 0h00:03.031 2021/05/14T01:30:33z: DS3231
 0h00:03.047 2021/05/14T01:30:33z: BME280 (0x76)
 0h00:03.061 2021/05/14T01:30:33z: 10:52:1c:4d:aa:9c
 0h00:03.063 2021/05/14T01:30:33z: SSID: Apollonia Students Halls
 0h00:03.068 2021/05/14T01:30:33z: AP_STAR tmr
 ets Jan  8 2013,rst cause:1, boot mode:(3,7)

load 0x4010f000, len 1384, room 16 
tail 8
chksum 0x2d
csum 0x2d
v8b899c12
~ld


6.01
 0h00:03.033 2021/05/14T01:50:29z: DS3231
 0h00:03.049 2021/05/14T01:50:29z: BME280 (0x76)
 0h00:03.063 2021/05/14T01:50:29z: 10:52:1c:4d:aa:9c
 0h00:03.064 2021/05/14T01:50:29z: SSID: Apollonia Students Halls
 0h00:03.070 2021/05/14T01:50:29z: AP_STAR tmr
 ets Jan  8 2013,rst cause:1, boot mode:(3,7)

load 0x4010f000, len 1384, room 16 
tail 8
chksum 0x2d
csum 0x2d
v8b899c12
~ld


6.01
 0h00:03.044 2021/05/14T02:10:26z: DS3231
 0h00:03.059 2021/05/14T02:10:26z: BME280 (0x76)
 0h00:03.073 2021/05/14T02:10:26z: 10:52:1c:4d:aa:9c
 0h00:03.075 2021/05/14T02:10:26z: SSID: Apollonia Students Halls
 0h00:03.080 2021/05/14T02:10:26z: AP_STAR tmr
 ets Jan  8 2013,rst cause:1, boot mode:(3,7)

load 0x4010f000, len 1384, room 16 
tail 8
chksum 0x2d
csum 0x2d
v8b899c12
~ld


6.01
 0h00:03.051 2021/05/14T02:30:22z: DS3231
 0h00:03.066 2021/05/14T02:30:22z: BME280 (0x76)
 0h00:03.081 2021/05/14T02:30:22z: 10:52:1c:4d:aa:9c
 0h00:03.082 2021/05/14T02:30:22z: SSID: Apollonia Students Halls
 0h00:03.087 2021/05/14T02:30:22z: AP_STAR tmr
 ets Jan  8 2013,rst cause:1, boot mode:(3,7)

load 0x4010f000, len 1384, room 16 
tail 8
chksum 0x2d
csum 0x2d
v8b899c12
~ld


6.01
 0h00:03.056 2021/05/14T02:50:19z: DS3231
 0h00:03.071 2021/05/14T02:50:19z: BME280 (0x76)
 0h00:03.086 2021/05/14T02:50:19z: 10:52:1c:4d:aa:9c
 0h00:03.087 2021/05/14T02:50:19z: SSID: Apollonia Students Halls
 0h00:03.092 2021/05/14T02:50:19z: AP_STAR tmr
 ets Jan  8 2013,rst cause:1, boot mode:(3,7)

load 0x4010f000, len 1384, room 16 
tail 8
chksum 0x2d
csum 0x2d
v8b899c12
~ld


6.01
 0h00:03.032 2021/05/14T03:10:16z: DS3231
 0h00:03.047 2021/05/14T03:10:16z: BME280 (0x76)
 0h00:03.061 2021/05/14T03:10:16z: 10:52:1c:4d:aa:9c
 0h00:03.063 2021/05/14T03:10:16z: SSID: Apollonia Students Halls
 0h00:03.068 2021/05/14T03:10:16z: AP_STAR tmr
 ets Jan  8 2013,rst cause:1, boot mode:(3,7)

load 0x4010f000, len 1384, room 16 
tail 8
chksum 0x2d
csum 0x2d
v8b899c12
~ld


6.01
 0h00:03.031 2021/05/14T03:30:12z: DS3231
 0h00:03.046 2021/05/14T03:30:12z: BME280 (0x76)
 0h00:03.060 2021/05/14T03:30:12z: 10:52:1c:4d:aa:9c
 0h00:03.062 2021/05/14T03:30:12z: SSID: Apollonia Students Halls
 0h00:03.067 2021/05/14T03:30:12z: AP_STAR tmr
 ets Jan  8 2013,rst cause:1, boot mode:(3,7)

load 0x4010f000, len 1384, room 16 
tail 8
chksum 0x2d
csum 0x2d
v8b899c12
~ld


6.01
 0h00:03.029 2021/05/14T03:50:09z: DS3231
 0h00:03.044 2021/05/14T03:50:09z: BME280 (0x76)
 0h00:03.058 2021/05/14T03:50:09z: 10:52:1c:4d:aa:9c
 0h00:03.060 2021/05/14T03:50:09z: SSID: Apollonia Students Halls
 0h00:03.065 2021/05/14T03:50:09z: AP_STAR tmr
 ets Jan  8 2013,rst cause:1, boot mode:(3,7)

load 0x4010f000, len 1384, room 16 
tail 8
chksum 0x2d
csum 0x2d
v8b899c12
~ld


6.01
 0h00:03.032 2021/05/14T04:10:05z: DS3231
 0h00:03.048 2021/05/14T04:10:05z: BME280 (0x76)
 0h00:03.062 2021/05/14T04:10:05z: 10:52:1c:4d:aa:9c
 0h00:03.064 2021/05/14T04:10:05z: SSID: Apollonia Students Halls
 0h00:03.069 2021/05/14T04:10:05z: AP_STAR tmr
 ets Jan  8 2013,rst cause:1, boot mode:(3,7)

load 0x4010f000, len 1384, room 16 
tail 8
chksum 0x2d
csum 0x2d
v8b899c12
~ld


6.01
 0h00:03.046 2021/05/14T04:30:01z: DS3231
 0h00:03.061 2021/05/14T04:30:01z: BME280 (0x76)
 0h00:03.075 2021/05/14T04:30:01z: 10:52:1c:4d:aa:9c
 0h00:03.077 2021/05/14T04:30:01z: SSID: Apollonia Students Halls
 0h00:03.082 2021/05/14T04:30:01z: AP_STAR tmr
 ets Jan  8 2013,rst cause:1, boot mode:(3,7)

load 0x4010f000, len 1384, room 16 
tail 8
chksum 0x2d
csum 0x2d
v8b899c12
~ld


6.01
 0h00:03.043 2021/05/14T04:49:57z: DS3231
 0h00:03.059 2021/05/14T04:49:57z: BME280 (0x76)
 0h00:03.073 2021/05/14T04:49:57z: 10:52:1c:4d:aa:9c
 0h00:03.075 2021/05/14T04:49:57z: SSID: Apollonia Students Halls
 0h00:03.080 2021/05/14T04:49:57z: AP_STAR tmr
 ets Jan  8 2013,rst cause:1, boot mode:(3,7)

load 0x4010f000, len 1384, room 16 
tail 8
chksum 0x2d
csum 0x2d
v8b899c12
~ld


6.01
 0h00:03.049 2021/05/14T05:09:53z: DS3231
 0h00:03.064 2021/05/14T05:09:53z: BME280 (0x76)
 0h00:03.079 2021/05/14T05:09:53z: 10:52:1c:4d:aa:9c
 0h00:03.080 2021/05/14T05:09:53z: SSID: Apollonia Students Halls
 0h00:03.085 2021/05/14T05:09:53z: AP_STAR tmr
 ets Jan  8 2013,rst cause:1, boot mode:(3,7)

load 0x4010f000, len 1384, room 16 
tail 8
chksum 0x2d
csum 0x2d
v8b899c12
~ld


6.01
 0h00:03.055 2021/05/14T05:29:49z: DS3231
 0h00:03.070 2021/05/14T05:29:49z: BME280 (0x76)
 0h00:03.085 2021/05/14T05:29:49z: 10:52:1c:4d:aa:9c
 0h00:03.086 2021/05/14T05:29:49z: SSID: Apollonia Students Halls
 0h00:03.091 2021/05/14T05:29:49z: AP_STAR tmr
 ets Jan  8 2013,rst cause:1, boot mode:(3,7)

load 0x4010f000, len 1384, room 16 
tail 8
chksum 0x2d
csum 0x2d
v8b899c12
~ld


6.01
 0h00:03.032 2021/05/14T05:49:46z: DS3231
 0h00:03.047 2021/05/14T05:49:47z: BME280 (0x76)
 0h00:03.061 2021/05/14T05:49:47z: 10:52:1c:4d:aa:9c
 0h00:03.063 2021/05/14T05:49:47z: SSID: Apollonia Students Halls
 0h00:03.068 2021/05/14T05:49:47z: AP_STAR tmr
 ets Jan  8 2013,rst cause:1, boot mode:(3,7)

load 0x4010f000, len 1384, room 16 
tail 8
chksum 0x2d
csum 0x2d
v8b899c12
~ld


6.01
 0h00:03.030 2021/05/14T06:09:42z: DS3231
 0h00:03.046 2021/05/14T06:09:43z: BME280 (0x76)
 0h00:03.060 2021/05/14T06:09:43z: 10:52:1c:4d:aa:9c
 0h00:03.061 2021/05/14T06:09:43z: SSID: Apollonia Students Halls
 0h00:03.067 2021/05/14T06:09:43z: AP_STAR tmr
 ets Jan  8 2013,rst cause:1, boot mode:(3,7)

load 0x4010f000, len 1384, room 16 
tail 8
chksum 0x2d
csum 0x2d
v8b899c12
~ld


6.01
 0h00:03.032 2021/05/14T06:29:39z: DS3231
 0h00:03.047 2021/05/14T06:29:39z: BME280 (0x76)
 0h00:03.061 2021/05/14T06:29:39z: 10:52:1c:4d:aa:9c
 0h00:03.063 2021/05/14T06:29:39z: SSID: Apollonia Students Halls
 0h00:03.068 2021/05/14T06:29:39z: AP_STAR tmr
 ets Jan  8 2013,rst cause:1, boot mode:(3,7)

load 0x4010f000, len 1384, room 16 
tail 8
chksum 0x2d
csum 0x2d
v8b899c12
~ld


6.01
 0h00:03.025 2021/05/14T06:49:35z: DS3231
 0h00:03.041 2021/05/14T06:49:35z: BME280 (0x76)
 0h00:03.055 2021/05/14T06:49:35z: 10:52:1c:4d:aa:9c
 0h00:03.057 2021/05/14T06:49:35z: SSID: Apollonia Students Halls
 0h00:03.062 2021/05/14T06:49:35z: AP_STAR tmr
 ets Jan  8 2013,rst cause:1, boot mode:(3,7)

load 0x4010f000, len 1384, room 16 
tail 8
chksum 0x2d
csum 0x2d
v8b899c12
~ld


6.01
 0h00:03.028 2021/05/14T07:09:33z: DS3231
 0h00:03.044 2021/05/14T07:09:33z: BME280 (0x76)
 0h00:03.058 2021/05/14T07:09:33z: 10:52:1c:4d:aa:9c
 0h00:03.060 2021/05/14T07:09:33z: SSID: Apollonia Students Halls
 0h00:03.065 2021/05/14T07:09:33z: AP_STAR tmr
 ets Jan  8 2013,rst cause:1, boot mode:(3,7)

load 0x4010f000, len 1384, room 16 
tail 8
chksum 0x2d
csum 0x2d
v8b899c12
~ld


6.01
 0h00:03.047 2021/05/14T07:29:29z: DS3231
 0h00:03.062 2021/05/14T07:29:29z: BME280 (0x76)
 0h00:03.076 2021/05/14T07:29:29z: 10:52:1c:4d:aa:9c
 0h00:03.078 2021/05/14T07:29:29z: SSID: Apollonia Students Halls
 0h00:03.083 2021/05/14T07:29:29z: AP_STAR tmr
 ets Jan  8 2013,rst cause:1, boot mode:(3,7)

load 0x4010f000, len 1384, room 16 
tail 8
chksum 0x2d
csum 0x2d
v8b899c12
~ld


6.01
 0h00:03.048 2021/05/14T07:49:25z: DS3231
 0h00:03.064 2021/05/14T07:49:25z: BME280 (0x76)
 0h00:03.078 2021/05/14T07:49:25z: 10:52:1c:4d:aa:9c
 0h00:03.079 2021/05/14T07:49:25z: SSID: Apollonia Students Halls
 0h00:03.085 2021/05/14T07:49:25z: AP_STAR tmr
 ets Jan  8 2013,rst cause:1, boot mode:(3,7)

load 0x4010f000, len 1384, room 16 
tail 8
chksum 0x2d
csum 0x2d
v8b899c12
~ld


6.01
 0h00:03.054 2021/05/14T08:09:21z: DS3231
 0h00:03.069 2021/05/14T08:09:21z: BME280 (0x76)
 0h00:03.084 2021/05/14T08:09:21z: 10:52:1c:4d:aa:9c
 0h00:03.085 2021/05/14T08:09:21z: SSID: Apollonia Students Halls
 0h00:03.090 2021/05/14T08:09:21z: AP_STAR tmr
 ets Jan  8 2013,rst cause:1, boot mode:(3,7)

load 0x4010f000, len 1384, room 16 
tail 8
chksum 0x2d
csum 0x2d
v8b899c12
~ld


6.01
 0h00:03.034 2021/05/14T08:29:18z: DS3231
 0h00:03.049 2021/05/14T08:29:18z: BME280 (0x76)
 0h00:03.063 2021/05/14T08:29:18z: 10:52:1c:4d:aa:9c
 0h00:03.065 2021/05/14T08:29:18z: SSID: Apollonia Students Halls
 0h00:03.070 2021/05/14T08:29:18z: AP_STAR tmr
 ets Jan  8 2013,rst cause:1, boot mode:(3,7)

load 0x4010f000, len 1384, room 16 
tail 8
chksum 0x2d
csum 0x2d
v8b899c12
~ld


6.01
 0h00:03.031 2021/05/14T08:49:14z: DS3231
 0h00:03.046 2021/05/14T08:49:14z: BME280 (0x76)
 0h00:03.060 2021/05/14T08:49:14z: 10:52:1c:4d:aa:9c
 0h00:03.062 2021/05/14T08:49:14z: SSID: Apollonia Students Halls
 0h00:03.067 2021/05/14T08:49:14z: AP_STAR tmr
 ets Jan  8 2013,rst cause:1, boot mode:(3,7)

load 0x4010f000, len 1384, room 16 
tail 8
chksum 0x2d
csum 0x2d
v8b899c12
~ld


6.01
 0h00:03.031 2021/05/14T09:09:10z: DS3231
 0h00:03.046 2021/05/14T09:09:10z: BME280 (0x76)
 0h00:03.060 2021/05/14T09:09:10z: 10:52:1c:4d:aa:9c
 0h00:03.062 2021/05/14T09:09:10z: SSID: Apollonia Students Halls
 0h00:03.067 2021/05/14T09:09:10z: AP_STAR tmr
 ets Jan  8 2013,rst cause:1, boot mode:(3,7)

load 0x4010f000, len 1384, room 16 
tail 8
chksum 0x2d
csum 0x2d
v8b899c12
~ld


6.01
 0h00:03.029 2021/05/14T09:29:07z: DS3231
 0h00:03.044 2021/05/14T09:29:07z: BME280 (0x76)
 0h00:03.058 2021/05/14T09:29:07z: 10:52:1c:4d:aa:9c
 0h00:03.060 2021/05/14T09:29:07z: SSID: Apollonia Students Halls
 0h00:03.065 2021/05/14T09:29:07z: AP_STAR tmr
 ets Jan  8 2013,rst cause:1, boot mode:(3,7)

load 0x4010f000, len 1384, room 16 
tail 8
chksum 0x2d
csum 0x2d
v8b899c12
~ld


6.01
 0h00:03.037 2021/05/14T09:49:05z: DS3231
 0h00:03.052 2021/05/14T09:49:05z: BME280 (0x76)
 0h00:03.066 2021/05/14T09:49:05z: 10:52:1c:4d:aa:9c
 0h00:03.068 2021/05/14T09:49:05z: SSID: Apollonia Students Halls
 0h00:03.073 2021/05/14T09:49:05z: AP_STAR tmr
 ets Jan  8 2013,rst cause:1, boot mode:(3,7)

load 0x4010f000, len 1384, room 16 
tail 8
chksum 0x2d
csum 0x2d
v8b899c12
~ld


6.01
 0h00:03.044 2021/05/14T10:09:02z: DS3231
 0h00:03.059 2021/05/14T10:09:02z: BME280 (0x76)
 0h00:03.073 2021/05/14T10:09:02z: 10:52:1c:4d:aa:9c
 0h00:03.075 2021/05/14T10:09:02z: SSID: Apollonia Students Halls
 0h00:03.080 2021/05/14T10:09:02z: AP_STAR tmr
 ets Jan  8 2013,rst cause:1, boot mode:(3,7)

load 0x4010f000, len 1384, room 16 
tail 8
chksum 0x2d
csum 0x2d
v8b899c12
~ld


6.01
 0h00:03.051 2021/05/14T10:28:58z: DS3231
 0h00:03.066 2021/05/14T10:28:58z: BME280 (0x76)
 0h00:03.080 2021/05/14T10:28:58z: 10:52:1c:4d:aa:9c
 0h00:03.082 2021/05/14T10:28:58z: SSID: Apollonia Students Halls
 0h00:03.087 2021/05/14T10:28:58z: AP_STAR tmr
 ets Jan  8 2013,rst cause:1, boot mode:(3,7)

load 0x4010f000, len 1384, room 16 
tail 8
chksum 0x2d
csum 0x2d
v8b899c12
~ld


6.01
 0h00:03.061 2021/05/14T10:48:55z: DS3231
 0h00:03.077 2021/05/14T10:48:55z: BME280 (0x76)
 0h00:03.091 2021/05/14T10:48:55z: 10:52:1c:4d:aa:9c
 0h00:03.093 2021/05/14T10:48:55z: SSID: Apollonia Students Halls
 0h00:03.098 2021/05/14T10:48:55z: AP_STAR tmr
 ets Jan  8 2013,rst cause:1, boot mode:(3,7)

load 0x4010f000, len 1384, room 16 
tail 8
chksum 0x2d
csum 0x2d
v8b899c12
~ld


6.01
 0h00:03.031 2021/05/14T11:08:51z: DS3231
 0h00:03.046 2021/05/14T11:08:51z: BME280 (0x76)
 0h00:03.060 2021/05/14T11:08:51z: 10:52:1c:4d:aa:9c
 0h00:03.062 2021/05/14T11:08:51z: SSID: Apollonia Students Halls
 0h00:03.067 2021/05/14T11:08:51z: AP_STAR tmr
 ets Jan  8 2013,rst cause:1, boot mode:(3,7)

load 0x4010f000, len 1384, room 16 
tail 8
chksum 0x2d
csum 0x2d
v8b899c12
~ld


6.01
 0h00:03.032 2021/05/14T11:28:48z: DS3231
 0h00:03.047 2021/05/14T11:28:48z: BME280 (0x76)
 0h00:03.062 2021/05/14T11:28:48z: 10:52:1c:4d:aa:9c
 0h00:03.063 2021/05/14T11:28:48z: SSID: Apollonia Students Halls
 0h00:03.069 2021/05/14T11:28:48z: AP_STA