R tmr
 ets Jan  8 2013,rst cause:1, boot mode:(3,7)

load 0x4010f000, len 1384, room 16 
tail 8
chksum 0x2d
csum 0x2d
v8b899c12
~ld


6.01
 0h00:02.996 2021/06/08T11:41:03z: DS3231
 0h00:03.011 2021/06/08T11:41:03z: BME280 (0x76)
 0h00:03.026 2021/06/08T11:41:03z: 10:52:1c:41:79:b5
 0h00:03.027 2021/06/08T11:41:03z: SSID: ARRIS-5A97
 0h00:03.032 2021/06/08T11:41:03z: AP_STAR tmr
 ets Jan  8 2013,rst cause:1, boot mode:(3,7)

load 0x4010f000, len 1384, room 16 
tail 8
chksum 0x2d
csum 0x2d
v8b899c12
~ld


6.01
 0h00:02.996 2021/06/08T12:01:00z: DS3231
 0h00:03.011 2021/06/08T12:01:00z: BME280 (0x76)
 0h00:03.025 2021/06/08T12:01:00z: 10:52:1c:41:79:b5
 0h00:03.027 2021/06/08T12:01:00z: SSID: ARRIS-5A97
 0h00:03.032 2021/06/08T12:01:00z: AP_STAR tmr
 ets Jan  8 2013,rst cause:1, boot mode:(3,7)

load 0x4010f000, len 1384, room 16 
tail 8
chksum 0x2d
csum 0x2d
v8b899c12
~ld


6.01
 0h00:02.997 2021/06/08T12:20:56z: DS3231
 0h00:03.012 2021/06/08T12:20:56z: BME280 (0x76)
 0h00:03.026 2021/06/08T12:20:56z: 10:52:1c:41:79:b5
 0h00:03.028 2021/06/08T12:20:56z: SSID: ARRIS-5A97
 0h00:03.033 2021/06/08T12:20:56z: AP_STAR tmr
 ets Jan  8 2013,rst cause:1, boot mode:(3,7)

load 0x4010f000, len 1384, room 16 
tail 8
chksum 0x2d
csum 0x2d
v8b899c12
~ld


6.01
 0h00:03.000 2021/06/08T12:40:52z: DS3231
 0h00:03.015 2021/06/08T12:40:52z: BME280 (0x76)
 0h00:03.030 2021/06/08T12:40:52z: 10:52:1c:41:79:b5
 0h00:03.031 2021/06/08T12:40:52z: SSID: ARRIS-5A97
 0h00:03.036 2021/06/08T12:40:52z: AP_STAR tmr
 ets Jan  8 2013,rst cause:1, boot mode:(3,7)

load 0x4010f000, len 1384, room 16 
tail 8
chksum 0x2d
csum 0x2d
v8b899c12
~ld


6.01
 0h00:03.009 2021/06/08T13:00:48z: DS3231
 0h00:03.025 2021/06/08T13:00:48z: BME280 (0x76)
 0h00:03.039 2021/06/08T13:00:48z: 10:52:1c:41:79:b5
 0h00:03.041 2021/06/08T13:00:48z: SSID: ARRIS-5A97
 0h00:03.046 2021/06/08T13:00:48z: AP_STAR tmr
 ets Jan  8 2013,rst cause:1, boot mode:(3,7)

load 0x4010f000, len 1384, room 16 
tail 8
chksum 0x2d
csum 0x2d
v8b899c12
~ld


6.01
 0h00:03.015 2021/06/08T13:20:44z: DS3231
 0h00:03.030 2021/06/08T13:20:44z: BME280 (0x76)
 0h00:03.045 2021/06/08T13:20:44z: 10:52:1c:41:79:b5
 0h00:03.046 2021/06/08T13:20:44z: SSID: ARRIS-5A97
 0h00:03.052 2021/06/08T13:20:44z: AP_STAR tmr
 ets Jan  8 2013,rst cause:1, boot mode:(3,7)

load 0x4010f000, len 1384, room 16 
tail 8
chksum 0x2d
csum 0x2d
v8b899c12
~ld


6.01
 0h00:03.023 2021/06/08T13:40:39z: DS3231
 0h00:03.039 2021/06/08T13:40:39z: BME280 (0x76)
 0h00:03.053 2021/06/08T13:40:39z: 10:52:1c:41:79:b5
 0h00:03.054 2021/06/08T13:40:39z: SSID: ARRIS-5A97
 0h00:03.060 2021/06/08T13:40:39z: AP_STAR tmr
 ets Jan  8 2013,rst cause:1, boot mode:(3,7)

load 0x4010f000, len 1384, room 16 
tail 8
chksum 0x2d
csum 0x2d
v8b899c12
~ld


6.01
 0h00:02.995 2021/06/08T14:00:35z: DS3231
 0h00:03.010 2021/06/08T14:00:35z: BME280 (0x76)
 0h00:03.024 2021/06/08T14:00:35z: 10:52:1c:41:79:b5
 0h00:03.026 2021/06/08T14:00:35z: SSID: ARRIS-5A97
 0h00:03.031 2021/06/08T14:00:35z: AP_STAR tmr
 ets Jan  8 2013,rst cause:1, boot mode:(3,7)

load 0x4010f000, len 1384, room 16 
tail 8
chksum 0x2d
csum 0x2d
v8b899c12
~ld


6.01
 0h00:02.998 2021/06/08T14:20:31z: DS3231
 0h00:03.013 2021/06/08T14:20:31z: BME280 (0x76)
 0h00:03.027 2021/06/08T14:20:31z: 10:52:1c:41:79:b5
 0h00:03.029 2021/06/08T14:20:31z: SSID: ARRIS-5A97
 0h00:03.034 2021/06/08T14:20:31z: AP_STAR tmr
 ets Jan  8 2013,rst cause:1, boot mode:(3,7)

load 0x4010f000, len 1384, room 16 
tail 8
chksum 0x2d
csum 0x2d
v8b899c12
~ld


6.01
 0h00:03.002 2021/06/08T14:40:27z: DS3231
 0h00:03.017 2021/06/08T14:40:27z: BME280 (0x76)
 0h00:03.031 2021/06/08T14:40:27z: 10:52:1c:41:79:b5
 0h00:03.033 2021/06/08T14:40:27z: SSID: ARRIS-5A97
 0h00:03.038 2021/06/08T14:40:27z: AP_STAR tmr
 ets Jan  8 2013,rst cause:1, boot mode:(3,7)

load 0x4010f000, len 1384, room 16 
tail 8
chksum 0x2d
csum 0x2d
v8b899c12
~ld


6.01
 0h00:02.996 2021/06/08T15:00:22z: DS3231
 0h00:03.011 2021/06/08T15:00:22z: BME280 (0x76)
 0h00:03.025 2021/06/08T15:00:22z: 10:52:1c:41:79:b5
 0h00:03.027 2021/06/08T15:00:22z: SSID: ARRIS-5A97
 0h00:03.032 2021/06/08T15:00:22z: AP_STAR tmr
 ets Jan  8 2013,rst cause:1, boot mode:(3,7)

load 0x4010f000, len 1384, room 16 
tail 8
chksum 0x2d
csum 0x2d
v8b899c12
~ld


6.01
 0h00:03.000 2021/06/08T15:20:18z: DS3231
 0h00:03.015 2021/06/08T15:20:18z: BME280 (0x76)
 0h00:03.029 2021/06/08T15:20:18z: 10:52:1c:41:79:b5
 0h00:03.031 2021/06/08T15:20:18z: SSID: ARRIS-5A97
 0h00:03.036 2021/06/08T15:20:18z: AP_STAR tmr
 ets Jan  8 2013,rst cause:1, boot mode:(3,7)

load 0x4010f000, len 1384, room 16 
tail 8
chksum 0x2d
csum 0x2d
v8b899c12
~ld


6.01
 0h00:03.018 2021/06/08T15:40:15z: DS3231
 0h00:03.033 2021/06/08T15:40:15z: BME280 (0x76)
 0h00:03.047 2021/06/08T15:40:15z: 10:52:1c:41:79:b5
 0h00:03.049 2021/06/08T15:40:15z: SSID: ARRIS-5A97
 0h00:03.054 2021/06/08T15:40:15z: AP_STAR tmr
 ets Jan  8 2013,rst cause:1, boot mode:(3,7)

load 0x4010f000, len 1384, room 16 
tail 8
chksum 0x2d
csum 0x2d
v8b899c12
~ld


6.01
 0h00:03.018 2021/06/08T16:00:12z: DS3231
 0h00:03.034 2021/06/08T16:00:12z: BME280 (0x76)
 0h00:03.048 2021/06/08T16:00:12z: 10:52:1c:41:79:b5
 0h00:03.050 2021/06/08T16:00:12z: SSID: ARRIS-5A97
 0h00:03.055 2021/06/08T16:00:12z: AP_STAR tmr
 ets Jan  8 2013,rst cause:1, boot mode:(3,7)

load 0x4010f000, len 1384, room 16 
tail 8
chksum 0x2d
csum 0x2d
v8b899c12
~ld


6.01
 0h00:03.025 2021/06/08T16:20:07z: DS3231
 0h00:03.040 2021/06/08T16:20:07z: BME280 (0x76)
 0h00:03.054 2021/06/08T16:20:07z: 10:52:1c:41:79:b5
 0h00:03.056 2021/06/08T16:20:07z: SSID: ARRIS-5A97
 0h00:03.061 2021/06/08T16:20:07z: AP_STAR tmr
 ets Jan  8 2013,rst cause:1, boot mode:(3,7)

load 0x4010f000, len 1384, room 16 
tail 8
chksum 0x2d
csum 0x2d
v8b899c12
~ld


6.01
 0h00:02.997 2021/06/08T16:40:03z: DS3231
 0h00:03.012 2021/06/08T16:40:03z: BME280 (0x76)
 0h00:03.026 2021/06/08T16:40:03z: 10:52:1c:41:79:b5
 0h00:03.028 2021/06/08T16:40:03z: SSID: ARRIS-5A97
 0h00:03.033 2021/06/08T16:40:03z: AP_STAR tmr
 ets Jan  8 2013,rst cause:1, boot mode:(3,7)

load 0x4010f000, len 1384, room 16 
tail 8
chksum 0x2d
csum 0x2d
v8b899c12
~ld


6.01
 0h00:02.998 2021/06/08T16:59:59z: DS3231
 0h00:03.013 2021/06/08T16:59:59z: BME280 (0x76)
 0h00:03.027 2021/06/08T16:59:59z: 10:52:1c:41:79:b5
 0h00:03.029 2021/06/08T16:59:59z: SSID: ARRIS-5A97
 0h00:03.034 2021/06/08T16:59:59z: AP_STAR tmr
 ets Jan  8 2013,rst cause:1, boot mode:(3,7)

load 0x4010f000, len 1384, room 16 
tail 8
chksum 0x2d
csum 0x2d
v8b899c12
~ld


6.01
 0h00:02.996 2021/06/08T17:19:55z: DS3231
 0h00:03.011 2021/06/08T17:19:55z: BME280 (0x76)
 0h00:03.026 2021/06/08T17:19:55z: 10:52:1c:41:79:b5
 0h00:03.027 2021/06/08T17:19:55z: SSID: ARRIS-5A97
 0h00:03.032 2021/06/08T17:19:55z: AP_STAR tmr
 ets Jan  8 2013,rst cause:1, boot mode:(3,7)

load 0x4010f000, len 1384, room 16 
tail 8
chksum 0x2d
csum 0x2d
v8b899c12
~ld


6.01
 0h00:02.998 2021/06/08T17:39:51z: DS3231
 0h00:03.013 2021/06/08T17:39:51z: BME280 (0x76)
 0h00:03.027 2021/06/08T17:39:51z: 10:52:1c:41:79:b5
 0h00:03.029 2021/06/08T17:39:51z: SSID: ARRIS-5A97
 0h00:03.034 2021/06/08T17:39:51z: AP_STAR tmr
 ets Jan  8 2013,rst cause:1, boot mode:(3,7)

load 0x4010f000, len 1384, room 16 
tail 8
chksum 0x2d
csum 0x2d
v8b899c12
~ld


6.01
 0h00:03.006 2021/06/08T17:59:47z: DS3231
 0h00:03.021 2021/06/08T17:59:47z: BME280 (0x76)
 0h00:03.035 2021/06/08T17:59:47z: 10:52:1c:41:79:b5
 0h00:03.037 2021/06/08T17:59:47z: SSID: ARRIS-5A97
 0h00:03.042 2021/06/08T17:59:47z: AP_STAR tmr
 ets Jan  8 2013,rst cause:1, boot mode:(3,7)

load 0x4010f000, len 1384, room 16 
tail 8
chksum 0x2d
csum 0x2d
v8b899c12
~ld


6.01
 0h00:03.009 2021/06/08T18:19:43z: DS3231
 0h00:03.024 2021/06/08T18:19:43z: BME280 (0x76)
 0h00:03.039 2021/06/08T18:19:43z: 10:52:1c:41:79:b5
 0h00:03.040 2021/06/08T18:19:43z: SSID: ARRIS-5A97
 0h00:03.045 2021/06/08T18:19:43z: AP_STAR tmr
 ets Jan  8 2013,rst cause:1, boot mode:(3,7)

load 0x4010f000, len 1384, room 16 
tail 8
chksum 0x2d
csum 0x2d
v8b899c12
~ld


6.01
 0h00:03.015 2021/06/08T18:39:39z: DS3231
 0h00:03.031 2021/06/08T18:39:39z: BME280 (0x76)
 0h00:03.045 2021/06/08T18:39:39z: 10:52:1c:41:79:b5
 0h00:03.047 2021/06/08T18:39:39z: SSID: ARRIS-5A97
 0h00:03.052 2021/06/08T18:39:39z: AP_STAR tmr
 ets Jan  8 2013,rst cause:1, boot mode:(3,7)

load 0x4010f000, len 1384, room 16 
tail 8
chksum 0x2d
csum 0x2d
v8b899c12
~ld


6.01
 0h00:03.024 2021/06/08T18:59:35z: DS3231
 0h00:03.039 2021/06/08T18:59:35z: BME280 (0x76)
 0h00:03.053 2021/06/08T18:59:35z: 10:52:1c:41:79:b5
 0h00:03.055 2021/06/08T18:59:35z: SSID: ARRIS-5A97
 0h00:03.060 2021/06/08T18:59:35z: AP_STAR tmr
 ets Jan  8 2013,rst cause:1, boot mode:(3,7)

load 0x4010f000, len 1384, room 16 
tail 8
chksum 0x2d
csum 0x2d
v8b899c12
~ld


6.01
 0h00:02.997 2021/06/08T19:19:31z: DS3231
 0h00:03.012 2021/06/08T19:19:31z: BME280 (0x76)
 0h00:03.026 2021/06/08T19:19:31z: 10:52:1c:41:79:b5
 0h00:03.028 2021/06/08T19:19:31z: SSID: ARRIS-5A97
 0h00:03.033 2021/06/08T19:19:31z: AP_STAR tmr
 ets Jan  8 2013,rst cause:1, boot mode:(3,7)

load 0x4010f000, len 1384, room 16 
tail 8
chksum 0x2d
csum 0x2d
v8b899c12
~ld


6.01
 0h00:02.999 2021/06/08T19:39:27z: DS3231
 0h00:03.014 2021/06/08T19:39:27z: BME280 (0x76)
 0h00:03.028 2021/06/08T19:39:27z: 10:52:1c:41:79:b5
 0h00:03.030 2021/06/08T19:39:27z: SSID: ARRIS-5A97
 0h00:03.035 2021/06/08T19:39:27z: AP_STAR tmr
 ets Jan  8 2013,rst cause:1, boot mode:(3,7)

load 0x4010f000, len 1384, room 16 
tail 8
chksum 0x2d
csum 0x2d
v8b899c12
~ld


6.01
 0h00:02.998 2021/06/08T19:59:22z: DS3231
 0h00:03.014 2021/06/08T19:59:22z: BME280 (0x76)
 0h00:03.028 2021/06/08T19:59:22z: 10:52:1c:41:79:b5
 0h00:03.030 2021/06/08T19:59:22z: SSID: ARRIS-5A97
 0h00:03.035 2021/06/08T19:59:22z: AP_STAR tmr
 ets Jan  8 2013,rst cause:1, boot mode:(3,7)

load 0x4010f000, len 1384, room 16 
tail 8
chksum 0x2d
csum 0x2d
v8b899c12
~ld


6.01
 0h00:02.998 2021/06/08T20:19:18z: DS3231
 0h00:03.013 2021/06/08T20:19:18z: BME280 (0x76)
 0h00:03.027 2021/06/08T20:19:18z: 10:52:1c:41:79:b5
 0h00:03.029 2021/06/08T20:19:18z: SSID: ARRIS-5A97
 0h00:03.034 2021/06/08T20:19:18z: AP_STAR tmr
 ets Jan  8 2013,rst cause:1, boot mode:(3,7)

load 0x4010f000, len 1384, room 16 
tail 8
chksum 0x2d
csum 0x2d
v8b899c12
~ld


6.01
 0h00:02.997 2021/06/08T20:39:14z: DS3231
 0h00:03.012 2021/06/08T20:39:14z: BME280 (0x76)
 0h00:03.027 2021/06/08T20:39:14z: 10:52:1c:41:79:b5
 0h00:03.028 2021/06/08T20:39:14z: SSID: ARRIS-5A97
 0h00:03.033 2021/06/08T20:39:14z: AP_STAR tmr
 ets Jan  8 2013,rst cause:1, boot mode:(3,7)

load 0x4010f000, len 1384, room 16 
tail 8
chksum 0x2d
csum 0x2d
v8b899c12
~ld


6.01
 0h00:03.010 2021/06/08T20:59:10z: DS3231
 0h00:03.025 2021/06/08T20:59:10z: BME280 (0x76)
 0h00:03.039 2021/06/08T20:59:10z: 10:52:1c:41:79:b5
 0h00:03.041 2021/06/08T20:59:10z: SSID: ARRIS-5A97
 0h00:03.046 2021/06/08T20:59:10z: AP_STAR tmr
 ets Jan  8 2013,rst cause:1, boot mode:(3,7)

load 0x4010f000, len 1384, room 16 
tail 8
chksum 0x2d
csum 0x2d
v8b899c12
~ld


6.01
 0h00:03.014 2021/06/08T21:19:06z: DS3231
 0h00:03.029 2021/06/08T21:19:06z: BME280 (0x76)
 0h00:03.043 2021/06/08T21:19:06z: 10:52:1c:41:79:b5
 0h00:03.045 2021/06/08T21:19:06z: SSID: ARRIS-5A97
 0h00:03.050 2021/06/08T21:19:06z: AP_STA