R tmr
 ets Jan  8 2013,rst cause:1, boot mode:(3,6)

load 0x4010f000, len 1384, room 16 
tail 8
chksum 0x2d
csum 0x2d
v8b899c12
~ld


6.01
 0h00:03.056 2021/06/14T12:00:01z: DS3231
 0h00:03.071 2021/06/14T12:00:01z: BME280 (0x76)
 0h00:03.086 2021/06/14T12:00:01z: 10:52:1c:4d:aa:9c
 0h00:03.087 2021/06/14T12:00:01z: SSID: Apollonia Students Halls
 0h00:03.092 2021/06/14T12:00:01z: AP_STAR tmr
 ets Jan  8 2013,rst cause:1, boot mode:(3,6)

load 0x4010f000, len 1384, room 16 
tail 8
chksum 0x2d
csum 0x2d
v8b899c12
~ld


6.01
 0h00:03.055 2021/06/14T12:19:57z: DS3231
 0h00:03.070 2021/06/14T12:19:57z: BME280 (0x76)
 0h00:03.085 2021/06/14T12:19:57z: 10:52:1c:4d:aa:9c
 0h00:03.086 2021/06/14T12:19:57z: SSID: Apollonia Students Halls
 0h00:03.091 2021/06/14T12:19:57z: AP_STAR tmr
 ets Jan  8 2013,rst cause:1, boot mode:(3,6)

load 0x4010f000, len 1384, room 16 
tail 8
chksum 0x2d
csum 0x2d
v8b899c12
~ld


6.01
 0h00:03.029 2021/06/14T12:39:53z: DS3231
 0h00:03.044 2021/06/14T12:39:53z: BME280 (0x76)
 0h00:03.058 2021/06/14T12:39:53z: 10:52:1c:4d:aa:9c
 0h00:03.060 2021/06/14T12:39:53z: SSID: Apollonia Students Halls
 0h00:03.065 2021/06/14T12:39:53z: AP_STAR tmr
 ets Jan  8 2013,rst cause:1, boot mode:(3,6)

load 0x4010f000, len 1384, room 16 
tail 8
chksum 0x2d
csum 0x2d
v8b899c12
~ld


6.01
 0h00:03.035 2021/06/14T12:59:50z: DS3231
 0h00:03.050 2021/06/14T12:59:50z: BME280 (0x76)
 0h00:03.064 2021/06/14T12:59:50z: 10:52:1c:4d:aa:9c
 0h00:03.066 2021/06/14T12:59:50z: SSID: Apollonia Students Halls
 0h00:03.071 2021/06/14T12:59:50z: AP_STAR tmr
 ets Jan  8 2013,rst cause:1, boot mode:(3,6)

load 0x4010f000, len 1384, room 16 
tail 8
chksum 0x2d
csum 0x2d
v8b899c12
~ld


6.01
 0h00:03.030 2021/06/14T13:19:45z: DS3231
 0h00:03.045 2021/06/14T13:19:45z: BME280 (0x76)
 0h00:03.059 2021/06/14T13:19:45z: 10:52:1c:4d:aa:9c
 0h00:03.061 2021/06/14T13:19:45z: SSID: Apollonia Students Halls
 0h00:03.066 2021/06/14T13:19:45z: AP_STAR tmr
 ets Jan  8 2013,rst cause:1, boot mode:(3,6)

load 0x4010f000, len 1384, room 16 
tail 8
chksum 0x2d
csum 0x2d
v8b899c12
~ld


6.01
 0h00:03.029 2021/06/14T13:39:42z: DS3231
 0h00:03.044 2021/06/14T13:39:42z: BME280 (0x76)
 0h00:03.058 2021/06/14T13:39:42z: 10:52:1c:4d:aa:9c
 0h00:03.060 2021/06/14T13:39:42z: SSID: Apollonia Students Halls
 0h00:03.065 2021/06/14T13:39:42z: AP_STAR tmr
 ets Jan  8 2013,rst cause:1, boot mode:(3,6)

load 0x4010f000, len 1384, room 16 
tail 8
chksum 0x2d
csum 0x2d
v8b899c12
~ld


6.01
 0h00:03.040 2021/06/14T13:59:38z: DS3231
 0h00:03.055 2021/06/14T13:59:38z: BME280 (0x76)
 0h00:03.069 2021/06/14T13:59:38z: 10:52:1c:4d:aa:9c
 0h00:03.071 2021/06/14T13:59:38z: SSID: Apollonia Students Halls
 0h00:03.076 2021/06/14T13:59:38z: AP_STAR tmr
 ets Jan  8 2013,rst cause:1, boot mode:(3,6)

load 0x4010f000, len 1384, room 16 
tail 8
chksum 0x2d
csum 0x2d
v8b899c12
~ld


6.01
 0h00:03.056 2021/06/14T14:19:34z: DS3231
 0h00:03.072 2021/06/14T14:19:34z: BME280 (0x76)
 0h00:03.086 2021/06/14T14:19:34z: 10:52:1c:4d:aa:9c
 0h00:03.088 2021/06/14T14:19:34z: SSID: Apollonia Students Halls
 0h00:03.093 2021/06/14T14:19:34z: AP_STAR tmr
 ets Jan  8 2013,rst cause:1, boot mode:(3,6)

load 0x4010f000, len 1384, room 16 
tail 8
chksum 0x2d
csum 0x2d
v8b899c12
~ld


6.01
 0h00:03.054 2021/06/14T14:39:31z: DS3231
 0h00:03.070 2021/06/14T14:39:31z: BME280 (0x76)
 0h00:03.084 2021/06/14T14:39:31z: 10:52:1c:4d:aa:9c
 0h00:03.085 2021/06/14T14:39:31z: SSID: Apollonia Students Halls
 0h00:03.091 2021/06/14T14:39:31z: AP_STAR tmr
 ets Jan  8 2013,rst cause:1, boot mode:(3,6)

load 0x4010f000, len 1384, room 16 
tail 8
chksum 0x2d
csum 0x2d
v8b899c12
~ld


6.01
 0h00:03.066 2021/06/14T14:59:27z: DS3231
 0h00:03.081 2021/06/14T14:59:27z: BME280 (0x76)
 0h00:03.095 2021/06/14T14:59:27z: 10:52:1c:4d:aa:9c
 0h00:03.097 2021/06/14T14:59:27z: SSID: Apollonia Students Halls
 0h00:03.102 2021/06/14T14:59:27z: AP_STAR tmr
 ets Jan  8 2013,rst cause:1, boot mode:(3,6)

load 0x4010f000, len 1384, room 16 
tail 8
chksum 0x2d
csum 0x2d
v8b899c12
~ld


6.01
 0h00:03.039 2021/06/14T15:19:23z: DS3231
 0h00:03.054 2021/06/14T15:19:23z: BME280 (0x76)
 0h00:03.068 2021/06/14T15:19:23z: 10:52:1c:4d:aa:9c
 0h00:03.070 2021/06/14T15:19:23z: SSID: Apollonia Students Halls
 0h00:03.075 2021/06/14T15:19:23z: AP_STAR tmr
 ets Jan  8 2013,rst cause:1, boot mode:(3,6)

load 0x4010f000, len 1384, room 16 
tail 8
chksum 0x2d
csum 0x2d
v8b899c12
~ld


6.01
 0h00:03.041 2021/06/14T15:39:19z: DS3231
 0h00:03.056 2021/06/14T15:39:19z: BME280 (0x76)
 0h00:03.070 2021/06/14T15:39:19z: 10:52:1c:4d:aa:9c
 0h00:03.072 2021/06/14T15:39:19z: SSID: Apollonia Students Halls
 0h00:03.077 2021/06/14T15:39:19z: AP_STAR tmr
 ets Jan  8 2013,rst cause:1, boot mode:(3,6)

load 0x4010f000, len 1384, room 16 
tail 8
chksum 0x2d
csum 0x2d
v8b899c12
~ld


6.01
 0h00:03.035 2021/06/14T15:59:16z: DS3231
 0h00:03.050 2021/06/14T15:59:16z: BME280 (0x76)
 0h00:03.064 2021/06/14T15:59:16z: 10:52:1c:4d:aa:9c
 0h00:03.066 2021/06/14T15:59:16z: SSID: Apollonia Students Halls
 0h00:03.071 2021/06/14T15:59:16z: AP_STAR tmr
 ets Jan  8 2013,rst cause:1, boot mode:(3,6)

load 0x4010f000, len 1384, room 16 
tail 8
chksum 0x2d
csum 0x2d
v8b899c12
~ld


6.01
 0h00:03.031 2021/06/14T16:19:12z: DS3231
 0h00:03.047 2021/06/14T16:19:12z: BME280 (0x76)
 0h00:03.061 2021/06/14T16:19:12z: 10:52:1c:4d:aa:9c
 0h00:03.063 2021/06/14T16:19:12z: SSID: Apollonia Students Halls
 0h00:03.068 2021/06/14T16:19:12z: AP_STAR tmr
 ets Jan  8 2013,rst cause:1, boot mode:(3,6)

load 0x4010f000, len 1384, room 16 
tail 8
chksum 0x2d
csum 0x2d
v8b899c12
~ld


6.01
 0h00:03.039 2021/06/14T16:39:08z: DS3231
 0h00:03.054 2021/06/14T16:39:08z: BME280 (0x76)
 0h00:03.068 2021/06/14T16:39:08z: 10:52:1c:4d:aa:9c
 0h00:03.070 2021/06/14T16:39:08z: SSID: Apollonia Students Halls
 0h00:03.075 2021/06/14T16:39:08z: AP_STAR tmr
 ets Jan  8 2013,rst cause:1, boot mode:(3,6)

load 0x4010f000, len 1384, room 16 
tail 8
chksum 0x2d
csum 0x2d
v8b899c12
~ld


6.01
 0h00:03.046 2021/06/14T16:59:04z: DS3231
 0h00:03.061 2021/06/14T16:59:04z: BME280 (0x76)
 0h00:03.075 2021/06/14T16:59:04z: 10:52:1c:4d:aa:9c
 0h00:03.077 2021/06/14T16:59:04z: SSID: Apollonia Students Halls
 0h00:03.082 2021/06/14T16:59:04z: AP_STAR tmr
 ets Jan  8 2013,rst cause:1, boot mode:(3,6)

load 0x4010f000, len 1384, room 16 
tail 8
chksum 0x2d
csum 0x2d
v8b899c12
~ld


6.01
 0h00:03.049 2021/06/14T17:19:01z: DS3231
 0h00:03.065 2021/06/14T17:19:01z: BME280 (0x76)
 0h00:03.079 2021/06/14T17:19:01z: 10:52:1c:4d:aa:9c
 0h00:03.080 2021/06/14T17:19:01z: SSID: Apollonia Students Halls
 0h00:03.086 2021/06/14T17:19:01z: AP_STAR tmr
 ets Jan  8 2013,rst cause:1, boot mode:(3,6)

load 0x4010f000, len 1384, room 16 
tail 8
chksum 0x2d
csum 0x2d
v8b899c12
~ld


6.01
 0h00:03.067 2021/06/14T17:38:58z: DS3231
 0h00:03.083 2021/06/14T17:38:58z: BME280 (0x76)
 0h00:03.097 2021/06/14T17:38:58z: 10:52:1c:4d:aa:9c
 0h00:03.098 2021/06/14T17:38:58z: SSID: Apollonia Students Halls
 0h00:03.104 2021/06/14T17:38:58z: AP_STAR tmr
 ets Jan  8 2013,rst cause:1, boot mode:(3,6)

load 0x4010f000, len 1384, room 16 
tail 8
chksum 0x2d
csum 0x2d
v8b899c12
~ld


6.01
 0h00:03.036 2021/06/14T17:58:54z: DS3231
 0h00:03.052 2021/06/14T17:58:54z: BME280 (0x76)
 0h00:03.066 2021/06/14T17:58:54z: 10:52:1c:4d:aa:9c
 0h00:03.068 2021/06/14T17:58:54z: SSID: Apollonia Students Halls
 0h00:03.073 2021/06/14T17:58:54z: AP_STAR tmr
 ets Jan  8 2013,rst cause:1, boot mode:(3,6)

load 0x4010f000, len 1384, room 16 
tail 8
chksum 0x2d
csum 0x2d
v8b899c12
~ld


6.01
 0h00:03.040 2021/06/14T18:18:50z: DS3231
 0h00:03.055 2021/06/14T18:18:50z: BME280 (0x76)
 0h00:03.069 2021/06/14T18:18:50z: 10:52:1c:4d:aa:9c
 0h00:03.071 2021/06/14T18:18:50z: SSID: Apollonia Students Halls
 0h00:03.076 2021/06/14T18:18:50z: AP_STAR tmr
 ets Jan  8 2013,rst cause:1, boot mode:(3,6)

load 0x4010f000, len 1384, room 16 
tail 8
chksum 0x2d
csum 0x2d
v8b899c12
~ld


6.01
 0h00:03.038 2021/06/14T18:38:46z: DS3231
 0h00:03.054 2021/06/14T18:38:46z: BME280 (0x76)
 0h00:03.068 2021/06/14T18:38:46z: 10:52:1c:4d:aa:9c
 0h00:03.069 2021/06/14T18:38:46z: SSID: Apollonia Students Halls
 0h00:03.075 2021/06/14T18:38:46z: AP_STAR tmr
 ets Jan  8 2013,rst cause:1, boot mode:(3,6)

load 0x4010f000, len 1384, room 16 
tail 8
chksum 0x2d
csum 0x2d
v8b899c12
~ld


6.01
 0h00:03.047 2021/06/14T18:58:41z: DS3231
 0h00:03.062 2021/06/14T18:58:41z: BME280 (0x76)
 0h00:03.076 2021/06/14T18:58:41z: 10:52:1c:4d:aa:9c
 0h00:03.078 2021/06/14T18:58:41z: SSID: Apollonia Students Halls
 0h00:03.083 2021/06/14T18:58:41z: AP_STAR tmr
 ets Jan  8 2013,rst cause:1, boot mode:(3,6)

load 0x4010f000, len 1384, room 16 
tail 8
chksum 0x2d
csum 0x2d
v8b899c12
~ld


6.01
 0h00:03.036 2021/06/14T19:18:38z: DS3231
 0h00:03.051 2021/06/14T19:18:38z: BME280 (0x76)
 0h00:03.066 2021/06/14T19:18:38z: 10:52:1c:4d:aa:9c
 0h00:03.067 2021/06/14T19:18:38z: SSID: Apollonia Students Halls
 0h00:03.073 2021/06/14T19:18:38z: AP_STAR tmr
 ets Jan  8 2013,rst cause:1, boot mode:(3,6)

load 0x4010f000, len 1384, room 16 
tail 8
chksum 0x2d
csum 0x2d
v8b899c12
~ld


6.01
 0h00:03.049 2021/06/14T19:38:34z: DS3231
 0h00:03.064 2021/06/14T19:38:34z: BME280 (0x76)
 0h00:03.078 2021/06/14T19:38:34z: 10:52:1c:4d:aa:9c
 0h00:03.080 2021/06/14T19:38:34z: SSID: Apollonia Students Halls
 0h00:03.085 2021/06/14T19:38:34z: AP_STAR tmr
 ets Jan  8 2013,rst cause:1, boot mode:(3,6)

load 0x4010f000, len 1384, room 16 
tail 8
chksum 0x2d
csum 0x2d
v8b899c12
~ld


6.01
 0h00:03.048 2021/06/14T19:58:30z: DS3231
 0h00:03.063 2021/06/14T19:58:30z: BME280 (0x76)
 0h00:03.078 2021/06/14T19:58:30z: 10:52:1c:4d:aa:9c
 0h00:03.079 2021/06/14T19:58:30z: SSID: Apollonia Students Halls
 0h00:03.085 2021/06/14T19:58:30z: AP_STAR tmr
 ets Jan  8 2013,rst cause:1, boot mode:(3,6)

load 0x4010f000, len 1384, room 16 
tail 8
chksum 0x2d
csum 0x2d
v8b899c12
~ld


6.01
 0h00:03.061 2021/06/14T20:18:26z: DS3231
 0h00:03.076 2021/06/14T20:18:26z: BME280 (0x76)
 0h00:03.090 2021/06/14T20:18:26z: 10:52:1c:4d:aa:9c
 0h00:03.092 2021/06/14T20:18:26z: SSID: Apollonia Students Halls
 0h00:03.097 2021/06/14T20:18:26z: AP_STAR tmr
 ets Jan  8 2013,rst cause:1, boot mode:(3,6)

load 0x4010f000, len 1384, room 16 
tail 8
chksum 0x2d
csum 0x2d
v8b899c12
~ld


6.01
 0h00:03.034 2021/06/14T20:38:23z: DS3231
 0h00:03.050 2021/06/14T20:38:23z: BME280 (0x76)
 0h00:03.064 2021/06/14T20:38:23z: 10:52:1c:4d:aa:9c
 0h00:03.065 2021/06/14T20:38:23z: SSID: Apollonia Students Halls
 0h00:03.071 2021/06/14T20:38:23z: AP_STAR tmr
 ets Jan  8 2013,rst cause:1, boot mode:(3,6)

load 0x4010f000, len 1384, room 16 
tail 8
chksum 0x2d
csum 0x2d
v8b899c12
~ld


6.01
 0h00:03.037 2021/06/14T20:58:19z: DS3231
 0h00:03.052 2021/06/14T20:58:19z: BME280 (0x76)
 0h00:03.066 2021/06/14T20:58:19z: 10:52:1c:4d:aa:9c
 0h00:03.068 2021/06/14T20:58:19z: SSID: Apollonia Students Halls
 0h00:03.073 2021/06/14T20:58:19z: AP_STAR tmr
 ets Jan  8 2013,rst cause:1, boot mode:(3,6)

load 0x4010f000, len 1384, room 16 
tail 8
chksum 0x2d
csum 0x2d
v8b899c12
~ld


6.01
 0h00:03.032 2021/06/14T21:18:15z: DS3231
 0h00:03.047 2021/06/14T21:18:15z: BME280 (0x76)
 0h00:03.061 2021/06/14T21:18:15z: 10:52:1c:4d:aa:9c
 0h00:03.063 2021/06/14T21:18:15z: SSID: Apollonia Students Halls
 0h00:03.068 2021/06/14T21:18:15z: AP_STAR tmr
 ets Jan  8 2013,rst cause:1, boot mode:(3,6)

load 0x4010f000, len 1384, room 16 
tail 8
chksum 0x2d
csum 0x2d
v8b899c12
~ld


6.01
 0h00:03.032 2021/06/14T21:38:12z: DS3231
 0h00:03.048 2021/06/14T21:38:12z: BME280 (0x76)
 0h00:03.062 2021/06/14T21:38:12z: 10:52:1c:4d:aa:9c
 0h00:03.063 2021/06/14T21:38:12z: SSID: Apollonia Students Halls
 0h00:03.069 2021/06/14T21:38:12z: AP_STAR tmr
 ets Jan  8 2013,rst cause:1, boot mode:(3,6)

load 0x4010f000, len 1384, room 16 
tail 8
chksum 0x2d
csum 0x2d
v8b899c12
~ld


6.01
 0h00:03.036 2021/06/14T21:58:08z: DS3231
 0h00:03.052 2021/06/14T21:58:08z: BME280 (0x76)
 0h00:03.066 2021/06/14T21:58:08z: 10:52:1c:4d:aa:9c
 0h00:03.068 2021/06/14T21:58:08z: SSID: Apollonia Students Halls
 0h00:03.073 2021/06/14T21:58:08z: AP_STAR tmr
 ets Jan  8 2013,rst cause:1, boot mode:(3,6)

load 0x4010f000, len 1384, room 16 
tail 8
chksum 0x2d
csum 0x2d
v8b899c12
~ld


6.01
 0h00:03.047 2021/06/14T22:18:04z: DS3231
 0h00:03.062 2021/06/14T22:18:04z: BME280 (0x76)
 0h00:03.076 2021/06/14T22:18:04z: 10:52:1c:4d:aa:9c
 0h00:03.078 2021/06/14T22:18:04z: SSID: Apollonia Students Halls
 0h00:03.083 2021/06/14T22:18:04z: AP_STAR tmr
 ets Jan  8 2013,rst cause:1, boot mode:(3,6)

load 0x4010f000, len 1384, room 16 
tail 8
chksum 0x2d
csum 0x2d
v8b899c12
~ld


6.01
 0h00:03.055 2021/06/14T22:38:01z: DS3231
 0h00:03.070 2021/06/14T22:38:01z: BME280 (0x76)
 0h00:03.084 2021/06/14T22:38:01z: 10:52:1c:4d:aa:9c
 0h00:03.086 2021/06/14T22:38:01z: SSID: Apollonia Students Halls
 0h00:03.091 2021/06/14T22:38:01z: AP_STAR tmr
 ets Jan  8 2013,rst cause:1, boot mode:(3,6)

load 0x4010f000, len 1384, room 16 
tail 8
chksum 0x2d
csum 0x2d
v8b899c12
~ld


6.01
 0h00:03.064 2021/06/14T22:57:56z: DS3231
 0h00:03.079 2021/06/14T22:57:56z: BME280 (0x76)
 0h00:03.093 2021/06/14T22:57:56z: 10:52:1c:4d:aa:9c
 0h00:03.095 2021/06/14T22:57:56z: SSID: Apollonia Students Halls
 0h00:03.100 2021/06/14T22:57:56z: AP_STAR tmr
 ets Jan  8 2013,rst cause:1, boot mode:(3,6)

load 0x4010f000, len 1384, room 16 
tail 8
chksum 0x2d
csum 0x2d
v8b899c12
~ld


6.01
 0h00:03.033 2021/06/14T23:17:53z: DS3231
 0h00:03.048 2021/06/14T23:17:53z: BME280 (0x76)
 0h00:03.062 2021/06/14T23:17:53z: 10:52:1c:4d:aa:9c
 0h00:03.064 2021/06/14T23:17:53z: SSID: Apollonia Students Halls
 0h00:03.069 2021/06/14T23:17:53z: AP_STAR tmr
 ets Jan  8 2013,rst cause:1, boot mode:(3,6)

load 0x4010f000, len 1384, room 16 
tail 8
chksum 0x2d
csum 0x2d
v8b899c12
~ld


6.01
 0h00:03.036 2021/06/14T23:37:49z: DS3231
 0h00:03.051 2021/06/14T23:37:49z: BME280 (0x76)
 0h00:03.065 2021/06/14T23:37:49z: 10:52:1c:4d:aa:9c
 0h00:03.067 2021/06/14T23:37:49z: SSID: Apollonia Students Halls
 0h00:03.072 2021/06/14T23:37:49z: AP_STAR tmr
 ets Jan  8 2013,rst cause:1, boot mode:(3,6)

load 0x4010f000, len 1384, room 16 
tail 8
chksum 0x2d
csum 0x2d
v8b899c12
~ld


6.01
 0h00:03.029 2021/06/14T23:57:46z: DS3231
 0h00:03.045 2021/06/14T23:57:46z: BME280 (0x76)
 0h00:03.059 2021/06/14T23:57:46z: 10:52:1c:4d:aa:9c
 0h00:03.061 2021/06/14T23:57:46z: SSID: Apollonia Students Halls
 0h00:03.066 2021/06/14T23:57:46z: AP_STA