R tmr
 ets Jan  8 2013,rst cause:1, boot mode:(3,7)

load 0x4010f000, len 1384, room 16 
tail 8
chksum 0x2d
csum 0x2d
v8b899c12
~ld


6.01
 0h00:02.995 2021/06/14T11:46:33z: DS3231
 0h00:03.011 2021/06/14T11:46:33z: BME280 (0x76)
 0h00:03.025 2021/06/14T11:46:33z: 10:52:1c:41:79:b5
 0h00:03.027 2021/06/14T11:46:33z: SSID: ARRIS-5A97
 0h00:03.032 2021/06/14T11:46:33z: AP_STAR tmr
 ets Jan  8 2013,rst cause:1, boot mode:(3,7)

load 0x4010f000, len 1384, room 16 
tail 8
chksum 0x2d
csum 0x2d
v8b899c12
~ld


6.01
 0h00:02.999 2021/06/14T12:06:29z: DS3231
 0h00:03.014 2021/06/14T12:06:29z: BME280 (0x76)
 0h00:03.029 2021/06/14T12:06:29z: 10:52:1c:41:79:b5
 0h00:03.030 2021/06/14T12:06:29z: SSID: ARRIS-5A97
 0h00:03.035 2021/06/14T12:06:29z: AP_STAR tmr
 ets Jan  8 2013,rst cause:1, boot mode:(3,7)

load 0x4010f000, len 1384, room 16 
tail 8
chksum 0x2d
csum 0x2d
v8b899c12
~ld


6.01
 0h00:03.013 2021/06/14T12:26:25z: DS3231
 0h00:03.028 2021/06/14T12:26:25z: BME280 (0x76)
 0h00:03.042 2021/06/14T12:26:25z: 10:52:1c:41:79:b5
 0h00:03.044 2021/06/14T12:26:25z: SSID: ARRIS-5A97
 0h00:03.049 2021/06/14T12:26:25z: AP_STAR tmr
 ets Jan  8 2013,rst cause:1, boot mode:(3,7)

load 0x4010f000, len 1384, room 16 
tail 8
chksum 0x2d
csum 0x2d
v8b899c12
~ld


6.01
 0h00:03.010 2021/06/14T12:46:21z: DS3231
 0h00:03.025 2021/06/14T12:46:21z: BME280 (0x76)
 0h00:03.039 2021/06/14T12:46:21z: 10:52:1c:41:79:b5
 0h00:03.041 2021/06/14T12:46:21z: SSID: ARRIS-5A97
 0h00:03.046 2021/06/14T12:46:21z: AP_STAR tmr
 ets Jan  8 2013,rst cause:1, boot mode:(3,7)

load 0x4010f000, len 1384, room 16 
tail 8
chksum 0x2d
csum 0x2d
v8b899c12
~ld


6.01
 0h00:03.018 2021/06/14T13:06:17z: DS3231
 0h00:03.033 2021/06/14T13:06:17z: BME280 (0x76)
 0h00:03.048 2021/06/14T13:06:17z: 10:52:1c:41:79:b5
 0h00:03.049 2021/06/14T13:06:17z: SSID: ARRIS-5A97
 0h00:03.054 2021/06/14T13:06:17z: AP_STAR tmr
 ets Jan  8 2013,rst cause:1, boot mode:(3,7)

load 0x4010f000, len 1384, room 16 
tail 8
chksum 0x2d
csum 0x2d
v8b899c12
~ld


6.01
 0h00:02.998 2021/06/14T13:26:14z: DS3231
 0h00:03.013 2021/06/14T13:26:14z: BME280 (0x76)
 0h00:03.027 2021/06/14T13:26:14z: 10:52:1c:41:79:b5
 0h00:03.029 2021/06/14T13:26:14z: SSID: ARRIS-5A97
 0h00:03.034 2021/06/14T13:26:14z: AP_STAR tmr
 ets Jan  8 2013,rst cause:1, boot mode:(3,7)

load 0x4010f000, len 1384, room 16 
tail 8
chksum 0x2d
csum 0x2d
v8b899c12
~ld


6.01
 0h00:02.994 2021/06/14T13:46:09z: DS3231
 0h00:03.009 2021/06/14T13:46:09z: BME280 (0x76)
 0h00:03.023 2021/06/14T13:46:09z: 10:52:1c:41:79:b5
 0h00:03.025 2021/06/14T13:46:09z: SSID: ARRIS-5A97
 0h00:03.030 2021/06/14T13:46:09z: AP_STAR tmr
 ets Jan  8 2013,rst cause:1, boot mode:(3,7)

load 0x4010f000, len 1384, room 16 
tail 8
chksum 0x2d
csum 0x2d
v8b899c12
~ld


6.01
 0h00:03.001 2021/06/14T14:06:05z: DS3231
 0h00:03.016 2021/06/14T14:06:05z: BME280 (0x76)
 0h00:03.030 2021/06/14T14:06:05z: 10:52:1c:41:79:b5
 0h00:03.032 2021/06/14T14:06:05z: SSID: ARRIS-5A97
 0h00:03.037 2021/06/14T14:06:05z: AP_STAR tmr
 ets Jan  8 2013,rst cause:1, boot mode:(3,7)

load 0x4010f000, len 1384, room 16 
tail 8
chksum 0x2d
csum 0x2d
v8b899c12
~ld


6.01
 0h00:02.997 2021/06/14T14:26:01z: DS3231
 0h00:03.013 2021/06/14T14:26:01z: BME280 (0x76)
 0h00:03.027 2021/06/14T14:26:01z: 10:52:1c:41:79:b5
 0h00:03.028 2021/06/14T14:26:01z: SSID: ARRIS-5A97
 0h00:03.034 2021/06/14T14:26:01z: AP_STAR tmr
 ets Jan  8 2013,rst cause:1, boot mode:(3,7)

load 0x4010f000, len 1384, room 16 
tail 8
chksum 0x2d
csum 0x2d
v8b899c12
~ld


6.01
 0h00:02.998 2021/06/14T14:45:57z: DS3231
 0h00:03.013 2021/06/14T14:45:57z: BME280 (0x76)
 0h00:03.027 2021/06/14T14:45:57z: 10:52:1c:41:79:b5
 0h00:03.029 2021/06/14T14:45:57z: SSID: ARRIS-5A97
 0h00:03.034 2021/06/14T14:45:57z: AP_STAR tmr
 ets Jan  8 2013,rst cause:1, boot mode:(3,7)

load 0x4010f000, len 1384, room 16 
tail 8
chksum 0x2d
csum 0x2d
v8b899c12
~ld


6.01
 0h00:03.007 2021/06/14T15:05:53z: DS3231
 0h00:03.022 2021/06/14T15:05:53z: BME280 (0x76)
 0h00:03.037 2021/06/14T15:05:53z: 10:52:1c:41:79:b5
 0h00:03.038 2021/06/14T15:05:53z: SSID: ARRIS-5A97
 0h00:03.043 2021/06/14T15:05:53z: AP_STAR tmr
 ets Jan  8 2013,rst cause:1, boot mode:(3,7)

load 0x4010f000, len 1384, room 16 
tail 8
chksum 0x2d
csum 0x2d
v8b899c12
~ld


6.01
 0h00:03.014 2021/06/14T15:25:49z: DS3231
 0h00:03.030 2021/06/14T15:25:49z: BME280 (0x76)
 0h00:03.044 2021/06/14T15:25:49z: 10:52:1c:41:79:b5
 0h00:03.046 2021/06/14T15:25:49z: SSID: ARRIS-5A97
 0h00:03.051 2021/06/14T15:25:49z: AP_STAR tmr
 ets Jan  8 2013,rst cause:1, boot mode:(3,7)

load 0x4010f000, len 1384, room 16 
tail 8
chksum 0x2d
csum 0x2d
v8b899c12
~ld


6.01
 0h00:03.022 2021/06/14T15:45:45z: DS3231
 0h00:03.037 2021/06/14T15:45:45z: BME280 (0x76)
 0h00:03.052 2021/06/14T15:45:45z: 10:52:1c:41:79:b5
 0h00:03.053 2021/06/14T15:45:45z: SSID: ARRIS-5A97
 0h00:03.058 2021/06/14T15:45:45z: AP_STAR tmr
 ets Jan  8 2013,rst cause:1, boot mode:(3,7)

load 0x4010f000, len 1384, room 16 
tail 8
chksum 0x2d
csum 0x2d
v8b899c12
~ld


6.01
 0h00:02.999 2021/06/14T16:05:41z: DS3231
 0h00:03.015 2021/06/14T16:05:41z: BME280 (0x76)
 0h00:03.029 2021/06/14T16:05:41z: 10:52:1c:41:79:b5
 0h00:03.030 2021/06/14T16:05:41z: SSID: ARRIS-5A97
 0h00:03.036 2021/06/14T16:05:41z: AP_STAR tmr
 ets Jan  8 2013,rst cause:1, boot mode:(3,7)

load 0x4010f000, len 1384, room 16 
tail 8
chksum 0x2d
csum 0x2d
v8b899c12
~ld


6.01
 0h00:02.995 2021/06/14T16:25:37z: DS3231
 0h00:03.010 2021/06/14T16:25:37z: BME280 (0x76)
 0h00:03.024 2021/06/14T16:25:37z: 10:52:1c:41:79:b5
 0h00:03.026 2021/06/14T16:25:37z: SSID: ARRIS-5A97
 0h00:03.031 2021/06/14T16:25:37z: AP_STAR tmr
 ets Jan  8 2013,rst cause:1, boot mode:(3,7)

load 0x4010f000, len 1384, room 16 
tail 8
chksum 0x2d
csum 0x2d
v8b899c12
~ld


6.01
 0h00:02.998 2021/06/14T16:45:33z: DS3231
 0h00:03.013 2021/06/14T16:45:33z: BME280 (0x76)
 0h00:03.027 2021/06/14T16:45:33z: 10:52:1c:41:79:b5
 0h00:03.029 2021/06/14T16:45:33z: SSID: ARRIS-5A97
 0h00:03.034 2021/06/14T16:45:33z: AP_STAR tmr
 ets Jan  8 2013,rst cause:1, boot mode:(3,7)

load 0x4010f000, len 1384, room 16 
tail 8
chksum 0x2d
csum 0x2d
v8b899c12
~ld


6.01
 0h00:02.997 2021/06/14T17:05:30z: DS3231
 0h00:03.012 2021/06/14T17:05:30z: BME280 (0x76)
 0h00:03.026 2021/06/14T17:05:30z: 10:52:1c:41:79:b5
 0h00:03.028 2021/06/14T17:05:30z: SSID: ARRIS-5A97
 0h00:03.033 2021/06/14T17:05:30z: AP_STAR tmr
 ets Jan  8 2013,rst cause:1, boot mode:(3,7)

load 0x4010f000, len 1384, room 16 
tail 8
chksum 0x2d
csum 0x2d
v8b899c12
~ld


6.01
 0h00:03.001 2021/06/14T17:25:26z: DS3231
 0h00:03.016 2021/06/14T17:25:26z: BME280 (0x76)
 0h00:03.030 2021/06/14T17:25:26z: 10:52:1c:41:79:b5
 0h00:03.032 2021/06/14T17:25:26z: SSID: ARRIS-5A97
 0h00:03.037 2021/06/14T17:25:26z: AP_STAR tmr
 ets Jan  8 2013,rst cause:1, boot mode:(3,7)

load 0x4010f000, len 1384, room 16 
tail 8
chksum 0x2d
csum 0x2d
v8b899c12
~ld


6.01
 0h00:03.009 2021/06/14T17:45:22z: DS3231
 0h00:03.024 2021/06/14T17:45:22z: BME280 (0x76)
 0h00:03.038 2021/06/14T17:45:22z: 10:52:1c:41:79:b5
 0h00:03.040 2021/06/14T17:45:22z: SSID: ARRIS-5A97
 0h00:03.045 2021/06/14T17:45:22z: AP_STAR tmr
 ets Jan  8 2013,rst cause:1, boot mode:(3,7)

load 0x4010f000, len 1384, room 16 
tail 8
chksum 0x2d
csum 0x2d
v8b899c12
~ld


6.01
 0h00:03.013 2021/06/14T18:05:18z: DS3231
 0h00:03.028 2021/06/14T18:05:18z: BME280 (0x76)
 0h00:03.043 2021/06/14T18:05:18z: 10:52:1c:41:79:b5
 0h00:03.044 2021/06/14T18:05:18z: SSID: ARRIS-5A97
 0h00:03.049 2021/06/14T18:05:18z: AP_STAR tmr
 ets Jan  8 2013,rst cause:1, boot mode:(3,7)

load 0x4010f000, len 1384, room 16 
tail 8
chksum 0x2d
csum 0x2d
v8b899c12
~ld


6.01
 0h00:03.022 2021/06/14T18:25:13z: DS3231
 0h00:03.037 2021/06/14T18:25:13z: BME280 (0x76)
 0h00:03.051 2021/06/14T18:25:13z: 10:52:1c:41:79:b5
 0h00:03.053 2021/06/14T18:25:13z: SSID: ARRIS-5A97
 0h00:03.058 2021/06/14T18:25:13z: AP_STAR tmr
 ets Jan  8 2013,rst cause:1, boot mode:(3,7)

load 0x4010f000, len 1384, room 16 
tail 8
chksum 0x2d
csum 0x2d
v8b899c12
~ld


6.01
 0h00:03.000 2021/06/14T18:45:09z: DS3231
 0h00:03.015 2021/06/14T18:45:09z: BME280 (0x76)
 0h00:03.029 2021/06/14T18:45:09z: 10:52:1c:41:79:b5
 0h00:03.031 2021/06/14T18:45:09z: SSID: ARRIS-5A97
 0h00:03.036 2021/06/14T18:45:09z: AP_STAR tmr
 ets Jan  8 2013,rst cause:1, boot mode:(3,7)

load 0x4010f000, len 1384, room 16 
tail 8
chksum 0x2d
csum 0x2d
v8b899c12
~ld


6.01
 0h00:02.993 2021/06/14T19:05:05z: DS3231
 0h00:03.008 2021/06/14T19:05:05z: BME280 (0x76)
 0h00:03.022 2021/06/14T19:05:05z: 10:52:1c:41:79:b5
 0h00:03.024 2021/06/14T19:05:05z: SSID: ARRIS-5A97
 0h00:03.029 2021/06/14T19:05:05z: AP_STAR tmr
 ets Jan  8 2013,rst cause:1, boot mode:(3,7)

load 0x4010f000, len 1384, room 16 
tail 8
chksum 0x2d
csum 0x2d
v8b899c12
~ld


6.01
 0h00:02.999 2021/06/14T19:25:01z: DS3231
 0h00:03.014 2021/06/14T19:25:01z: BME280 (0x76)
 0h00:03.029 2021/06/14T19:25:01z: 10:52:1c:41:79:b5
 0h00:03.030 2021/06/14T19:25:01z: SSID: ARRIS-5A97
 0h00:03.035 2021/06/14T19:25:01z: AP_STAR tmr
 ets Jan  8 2013,rst cause:1, boot mode:(3,7)

load 0x4010f000, len 1384, room 16 
tail 8
chksum 0x2d
csum 0x2d
v8b899c12
~ld


6.01
 0h00:02.996 2021/06/14T19:44:57z: DS3231
 0h00:03.012 2021/06/14T19:44:57z: BME280 (0x76)
 0h00:03.026 2021/06/14T19:44:57z: 10:52:1c:41:79:b5
 0h00:03.028 2021/06/14T19:44:57z: SSID: ARRIS-5A97
 0h00:03.033 2021/06/14T19:44:57z: AP_STAR tmr
 ets Jan  8 2013,rst cause:1, boot mode:(3,7)

load 0x4010f000, len 1384, room 16 
tail 8
chksum 0x2d
csum 0x2d
v8b899c12
~ld


6.01
 0h00:03.003 2021/06/14T20:04:54z: DS3231
 0h00:03.018 2021/06/14T20:04:54z: BME280 (0x76)
 0h00:03.032 2021/06/14T20:04:54z: 10:52:1c:41:79:b5
 0h00:03.034 2021/06/14T20:04:54z: SSID: ARRIS-5A97
 0h00:03.039 2021/06/14T20:04:54z: AP_STAR tmr
 ets Jan  8 2013,rst cause:1, boot mode:(3,7)

load 0x4010f000, len 1384, room 16 
tail 8
chksum 0x2d
csum 0x2d
v8b899c12
~ld


6.01
 0h00:03.008 2021/06/14T20:24:50z: DS3231
 0h00:03.023 2021/06/14T20:24:50z: BME280 (0x76)
 0h00:03.037 2021/06/14T20:24:50z: 10:52:1c:41:79:b5
 0h00:03.039 2021/06/14T20:24:50z: SSID: ARRIS-5A97
 0h00:03.044 2021/06/14T20:24:50z: AP_STAR tmr
 ets Jan  8 2013,rst cause:1, boot mode:(3,7)

load 0x4010f000, len 1384, room 16 
tail 8
chksum 0x2d
csum 0x2d
v8b899c12
~ld


6.01
 0h00:03.015 2021/06/14T20:44:47z: DS3231
 0h00:03.030 2021/06/14T20:44:47z: BME280 (0x76)
 0h00:03.044 2021/06/14T20:44:47z: 10:52:1c:41:79:b5
 0h00:03.046 2021/06/14T20:44:47z: SSID: ARRIS-5A97
 0h00:03.051 2021/06/14T20:44:47z: AP_STAR tmr
 ets Jan  8 2013,rst cause:1, boot mode:(3,7)

load 0x4010f000, len 1384, room 16 
tail 8
chksum 0x2d
csum 0x2d
v8b899c12
~ld


6.01
 0h00:03.018 2021/06/14T21:04:43z: DS3231
 0h00:03.033 2021/06/14T21:04:43z: BME280 (0x76)
 0h00:03.048 2021/06/14T21:04:43z: 10:52:1c:41:79:b5
 0h00:03.049 2021/06/14T21:04:43z: SSID: ARRIS-5A97
 0h00:03.054 2021/06/14T21:04:43z: AP_STAR tmr
 ets Jan  8 2013,rst cause:1, boot mode:(3,7)

load 0x4010f000, len 1384, room 16 
tail 8
chksum 0x2d
csum 0x2d
v8b899c12
~ld


6.01
 0h00:02.993 2021/06/14T21:24:38z: DS3231
 0h00:03.008 2021/06/14T21:24:38z: BME280 (0x76)
 0h00:03.022 2021/06/14T21:24:38z: 10:52:1c:41:79:b5
 0h00:03.024 2021/06/14T21:24:38z: SSID: ARRIS-5A97
 0h00:03.029 2021/06/14T21:24:38z: AP_STAR tmr
 ets Jan  8 2013,rst cause:1, boot mode:(3,7)

load 0x4010f000, len 1384, room 16 
tail 8
chksum 0x2d
csum 0x2d
v8b899c12
~ld


6.01
 0h00:02.998 2021/06/14T21:44:34z: DS3231
 0h00:03.013 2021/06/14T21:44:35z: BME280 (0x76)
 0h00:03.027 2021/06/14T21:44:35z: 10:52:1c:41:79:b5
 0h00:03.029 2021/06/14T21:44:35z: SSID: ARRIS-5A97
 0h00:03.034 2021/06/14T21:44:35z: AP_STAR tmr
 ets Jan  8 2013,rst cause:1, boot mode:(3,7)

load 0x4010f000, len 1384, room 16 
tail 8
chksum 0x2d
csum 0x2d
v8b899c12
~ld


6.01
 0h00:02.995 2021/06/14T22:04:30z: DS3231
 0h00:03.011 2021/06/14T22:04:30z: BME280 (0x76)
 0h00:03.025 2021/06/14T22:04:30z: 10:52:1c:41:79:b5
 0h00:03.027 2021/06/14T22:04:30z: SSID: ARRIS-5A97
 0h00:03.032 2021/06/14T22:04:30z: AP_STAR tmr
 ets Jan  8 2013,rst cause:1, boot mode:(3,7)

load 0x4010f000, len 1384, room 16 
tail 8
chksum 0x2d
csum 0x2d
v8b899c12
~ld


6.01
 0h00:02.995 2021/06/14T22:24:26z: DS3231
 0h00:03.011 2021/06/14T22:24:26z: BME280 (0x76)
 0h00:03.025 2021/06/14T22:24:26z: 10:52:1c:41:79:b5
 0h00:03.027 2021/06/14T22:24:26z: SSID: ARRIS-5A97
 0h00:03.032 2021/06/14T22:24:26z: AP_STAR tmr
 ets Jan  8 2013,rst cause:1, boot mode:(3,7)

load 0x4010f000, len 1384, room 16 
tail 8
chksum 0x2d
csum 0x2d
v8b899c12
~ld


6.01
 0h00:02.996 2021/06/14T22:44:22z: DS3231
 0h00:03.012 2021/06/14T22:44:22z: BME280 (0x76)
 0h00:03.026 2021/06/14T22:44:22z: 10:52:1c:41:79:b5
 0h00:03.028 2021/06/14T22:44:22z: SSID: ARRIS-5A97
 0h00:03.033 2021/06/14T22:44:22z: AP_STAR tmr
 ets Jan  8 2013,rst cause:1, boot mode:(3,7)

load 0x4010f000, len 1384, room 16 
tail 8
chksum 0x2d
csum 0x2d
v8b899c12
~ld


6.01
 0h00:03.013 2021/06/14T23:04:17z: DS3231
 0h00:03.028 2021/06/14T23:04:17z: BME280 (0x76)
 0h00:03.043 2021/06/14T23:04:17z: 10:52:1c:41:79:b5
 0h00:03.044 2021/06/14T23:04:17z: SSID: ARRIS-5A97
 0h00:03.049 2021/06/14T23:04:17z: AP_STAR tmr
 ets Jan  8 2013,rst cause:1, boot mode:(3,7)

load 0x4010f000, len 1384, room 16 
tail 8
chksum 0x2d
csum 0x2d
v8b899c12
~ld


6.01
 0h00:03.015 2021/06/14T23:24:13z: DS3231
 0h00:03.030 2021/06/14T23:24:13z: BME280 (0x76)
 0h00:03.044 2021/06/14T23:24:13z: 10:52:1c:41:79:b5
 0h00:03.046 2021/06/14T23:24:13z: SSID: ARRIS-5A97
 0h00:03.051 2021/06/14T23:24:13z: AP_STAR tmr
 ets Jan  8 2013,rst cause:1, boot mode:(3,7)

load 0x4010f000, len 1384, room 16 
tail 8
chksum 0x2d
csum 0x2d
v8b899c12
~ld


6.01
 0h00:03.018 2021/06/14T23:44:09z: DS3231
 0h00:03.033 2021/06/14T23:44:09z: BME280 (0x76)
 0h00:03.047 2021/06/14T23:44:09z: 10:52:1c:41:79:b5
 0h00:03.049 2021/06/14T23:44:09z: SSID: ARRIS-5A97
 0h00:03.054 2021/06/14T23:44:09z: AP_STA