R tmr
 ets Jan  8 2013,rst cause:1, boot mode:(3,7)

load 0x4010f000, len 1384, room 16 
tail 8
chksum 0x2d
csum 0x2d
v8b899c12
~ld


6.01
 0h00:03.000 2021/06/15T00:04:05z: DS3231
 0h00:03.015 2021/06/15T00:04:05z: BME280 (0x76)
 0h00:03.029 2021/06/15T00:04:05z: 10:52:1c:41:79:b5
 0h00:03.031 2021/06/15T00:04:05z: SSID: ARRIS-5A97
 0h00:03.036 2021/06/15T00:04:05z: AP_STAR tmr
 ets Jan  8 2013,rst cause:1, boot mode:(3,7)

load 0x4010f000, len 1384, room 16 
tail 8
chksum 0x2d
csum 0x2d
v8b899c12
~ld


6.01
 0h00:02.996 2021/06/15T00:24:01z: DS3231
 0h00:03.011 2021/06/15T00:24:01z: BME280 (0x76)
 0h00:03.026 2021/06/15T00:24:01z: 10:52:1c:41:79:b5
 0h00:03.027 2021/06/15T00:24:01z: SSID: ARRIS-5A97
 0h00:03.032 2021/06/15T00:24:01z: AP_STAR tmr
 ets Jan  8 2013,rst cause:1, boot mode:(3,7)

load 0x4010f000, len 1384, room 16 
tail 8
chksum 0x2d
csum 0x2d
v8b899c12
~ld


6.01
 0h00:02.994 2021/06/15T00:43:56z: DS3231
 0h00:03.009 2021/06/15T00:43:56z: BME280 (0x76)
 0h00:03.023 2021/06/15T00:43:56z: 10:52:1c:41:79:b5
 0h00:03.025 2021/06/15T00:43:56z: SSID: ARRIS-5A97
 0h00:03.030 2021/06/15T00:43:56z: AP_STAR tmr
 ets Jan  8 2013,rst cause:1, boot mode:(3,7)

load 0x4010f000, len 1384, room 16 
tail 8
chksum 0x2d
csum 0x2d
v8b899c12
~ld


6.01
 0h00:02.995 2021/06/15T01:03:52z: DS3231
 0h00:03.011 2021/06/15T01:03:52z: BME280 (0x76)
 0h00:03.025 2021/06/15T01:03:53z: 10:52:1c:41:79:b5
 0h00:03.027 2021/06/15T01:03:53z: SSID: ARRIS-5A97
 0h00:03.032 2021/06/15T01:03:53z: AP_STAR tmr
 ets Jan  8 2013,rst cause:1, boot mode:(3,7)

load 0x4010f000, len 1384, room 16 
tail 8
chksum 0x2d
csum 0x2d
v8b899c12
~ld


6.01
 0h00:03.001 2021/06/15T01:23:49z: DS3231
 0h00:03.016 2021/06/15T01:23:49z: BME280 (0x76)
 0h00:03.030 2021/06/15T01:23:49z: 10:52:1c:41:79:b5
 0h00:03.032 2021/06/15T01:23:49z: SSID: ARRIS-5A97
 0h00:03.037 2021/06/15T01:23:49z: AP_STAR tmr
 ets Jan  8 2013,rst cause:1, boot mode:(3,7)

load 0x4010f000, len 1384, room 16 
tail 8
chksum 0x2d
csum 0x2d
v8b899c12
~ld


6.01
 0h00:03.005 2021/06/15T01:43:44z: DS3231
 0h00:03.020 2021/06/15T01:43:44z: BME280 (0x76)
 0h00:03.034 2021/06/15T01:43:45z: 10:52:1c:41:79:b5
 0h00:03.036 2021/06/15T01:43:45z: SSID: ARRIS-5A97
 0h00:03.041 2021/06/15T01:43:45z: AP_STAR tmr
 ets Jan  8 2013,rst cause:1, boot mode:(3,7)

load 0x4010f000, len 1384, room 16 
tail 8
chksum 0x2d
csum 0x2d
v8b899c12
~ld


6.01
 0h00:03.015 2021/06/15T02:03:41z: DS3231
 0h00:03.030 2021/06/15T02:03:41z: BME280 (0x76)
 0h00:03.044 2021/06/15T02:03:41z: 10:52:1c:41:79:b5
 0h00:03.046 2021/06/15T02:03:41z: SSID: ARRIS-5A97
 0h00:03.051 2021/06/15T02:03:41z: AP_STAR tmr
 ets Jan  8 2013,rst cause:1, boot mode:(3,7)

load 0x4010f000, len 1384, room 16 
tail 8
chksum 0x2d
csum 0x2d
v8b899c12
~ld


6.01
 0h00:03.023 2021/06/15T02:23:36z: DS3231
 0h00:03.038 2021/06/15T02:23:36z: BME280 (0x76)
 0h00:03.052 2021/06/15T02:23:36z: 10:52:1c:41:79:b5
 0h00:03.054 2021/06/15T02:23:36z: SSID: ARRIS-5A97
 0h00:03.059 2021/06/15T02:23:36z: AP_STAR tmr
 ets Jan  8 2013,rst cause:1, boot mode:(3,7)

load 0x4010f000, len 1384, room 16 
tail 8
chksum 0x2d
csum 0x2d
v8b899c12
~ld


6.01
 0h00:02.994 2021/06/15T02:43:33z: DS3231
 0h00:03.009 2021/06/15T02:43:33z: BME280 (0x76)
 0h00:03.023 2021/06/15T02:43:33z: 10:52:1c:41:79:b5
 0h00:03.025 2021/06/15T02:43:33z: SSID: ARRIS-5A97
 0h00:03.030 2021/06/15T02:43:33z: AP_STAR tmr
 ets Jan  8 2013,rst cause:1, boot mode:(3,7)

load 0x4010f000, len 1384, room 16 
tail 8
chksum 0x2d
csum 0x2d
v8b899c12
~ld


6.01
 0h00:03.000 2021/06/15T03:03:30z: DS3231
 0h00:03.015 2021/06/15T03:03:30z: BME280 (0x76)
 0h00:03.029 2021/06/15T03:03:30z: 10:52:1c:41:79:b5
 0h00:03.031 2021/06/15T03:03:30z: SSID: ARRIS-5A97
 0h00:03.036 2021/06/15T03:03:30z: AP_STAR tmr
 ets Jan  8 2013,rst cause:1, boot mode:(3,7)

load 0x4010f000, len 1384, room 16 
tail 8
chksum 0x2d
csum 0x2d
v8b899c12
~ld


6.01
 0h00:02.997 2021/06/15T03:23:25z: DS3231
 0h00:03.013 2021/06/15T03:23:25z: BME280 (0x76)
 0h00:03.027 2021/06/15T03:23:25z: 10:52:1c:41:79:b5
 0h00:03.028 2021/06/15T03:23:25z: SSID: ARRIS-5A97
 0h00:03.034 2021/06/15T03:23:25z: AP_STAR tmr
 ets Jan  8 2013,rst cause:1, boot mode:(3,7)

load 0x4010f000, len 1384, room 16 
tail 8
chksum 0x2d
csum 0x2d
v8b899c12
~ld


6.01
 0h00:02.996 2021/06/15T03:43:21z: DS3231
 0h00:03.011 2021/06/15T03:43:21z: BME280 (0x76)
 0h00:03.025 2021/06/15T03:43:21z: 10:52:1c:41:79:b5
 0h00:03.027 2021/06/15T03:43:21z: SSID: ARRIS-5A97
 0h00:03.032 2021/06/15T03:43:21z: AP_STAR tmr
 ets Jan  8 2013,rst cause:1, boot mode:(3,7)

load 0x4010f000, len 1384, room 16 
tail 8
chksum 0x2d
csum 0x2d
v8b899c12
~ld


6.01
 0h00:02.996 2021/06/15T04:03:16z: DS3231
 0h00:03.011 2021/06/15T04:03:16z: BME280 (0x76)
 0h00:03.025 2021/06/15T04:03:16z: 10:52:1c:41:79:b5
 0h00:03.027 2021/06/15T04:03:16z: SSID: ARRIS-5A97
 0h00:03.032 2021/06/15T04:03:16z: AP_STAR tmr
 ets Jan  8 2013,rst cause:1, boot mode:(3,7)

load 0x4010f000, len 1384, room 16 
tail 8
chksum 0x2d
csum 0x2d
v8b899c12
~ld


6.01
 0h00:03.014 2021/06/15T04:23:12z: DS3231
 0h00:03.029 2021/06/15T04:23:12z: BME280 (0x76)
 0h00:03.043 2021/06/15T04:23:12z: 10:52:1c:41:79:b5
 0h00:03.045 2021/06/15T04:23:12z: SSID: ARRIS-5A97
 0h00:03.050 2021/06/15T04:23:12z: AP_STAR tmr
 ets Jan  8 2013,rst cause:1, boot mode:(3,7)

load 0x4010f000, len 1384, room 16 
tail 8
chksum 0x2d
csum 0x2d
v8b899c12
~ld


6.01
 0h00:03.011 2021/06/15T04:43:08z: DS3231
 0h00:03.026 2021/06/15T04:43:08z: BME280 (0x76)
 0h00:03.040 2021/06/15T04:43:08z: 10:52:1c:41:79:b5
 0h00:03.042 2021/06/15T04:43:08z: SSID: ARRIS-5A97
 0h00:03.047 2021/06/15T04:43:08z: AP_STAR tmr
 ets Jan  8 2013,rst cause:1, boot mode:(3,7)

load 0x4010f000, len 1384, room 16 
tail 8
chksum 0x2d
csum 0x2d
v8b899c12
~ld


6.01
 0h00:03.026 2021/06/15T05:03:04z: DS3231
 0h00:03.042 2021/06/15T05:03:04z: BME280 (0x76)
 0h00:03.056 2021/06/15T05:03:04z: 10:52:1c:41:79:b5
 0h00:03.057 2021/06/15T05:03:04z: SSID: ARRIS-5A97
 0h00:03.063 2021/06/15T05:03:04z: AP_STAR tmr
 ets Jan  8 2013,rst cause:1, boot mode:(3,7)

load 0x4010f000, len 1384, room 16 
tail 8
chksum 0x2d
csum 0x2d
v8b899c12
~ld


6.01
 0h00:02.993 2021/06/15T05:23:01z: DS3231
 0h00:03.009 2021/06/15T05:23:01z: BME280 (0x76)
 0h00:03.023 2021/06/15T05:23:01z: 10:52:1c:41:79:b5
 0h00:03.025 2021/06/15T05:23:01z: SSID: ARRIS-5A97
 0h00:03.030 2021/06/15T05:23:01z: AP_STAR tmr
 ets Jan  8 2013,rst cause:1, boot mode:(3,7)

load 0x4010f000, len 1384, room 16 
tail 8
chksum 0x2d
csum 0x2d
v8b899c12
~ld


6.01
 0h00:02.993 2021/06/15T05:42:56z: DS3231
 0h00:03.008 2021/06/15T05:42:56z: BME280 (0x76)
 0h00:03.022 2021/06/15T05:42:56z: 10:52:1c:41:79:b5
 0h00:03.024 2021/06/15T05:42:56z: SSID: ARRIS-5A97
 0h00:03.029 2021/06/15T05:42:56z: AP_STAR tmr
 ets Jan  8 2013,rst cause:1, boot mode:(3,7)

load 0x4010f000, len 1384, room 16 
tail 8
chksum 0x2d
csum 0x2d
v8b899c12
~ld


6.01
 0h00:02.998 2021/06/15T06:02:52z: DS3231
 0h00:03.013 2021/06/15T06:02:52z: BME280 (0x76)
 0h00:03.027 2021/06/15T06:02:52z: 10:52:1c:41:79:b5
 0h00:03.029 2021/06/15T06:02:52z: SSID: ARRIS-5A97
 0h00:03.034 2021/06/15T06:02:52z: AP_STAR tmr
 ets Jan  8 2013,rst cause:1, boot mode:(3,7)

load 0x4010f000, len 1384, room 16 
tail 8
chksum 0x2d
csum 0x2d
v8b899c12
~ld


6.01
 0h00:02.995 2021/06/15T06:22:47z: DS3231
 0h00:03.010 2021/06/15T06:22:47z: BME280 (0x76)
 0h00:03.024 2021/06/15T06:22:47z: 10:52:1c:41:79:b5
 0h00:03.026 2021/06/15T06:22:47z: SSID: ARRIS-5A97
 0h00:03.031 2021/06/15T06:22:47z: AP_STAR tmr
 ets Jan  8 2013,rst cause:1, boot mode:(3,7)

load 0x4010f000, len 1384, room 16 
tail 8
chksum 0x2d
csum 0x2d
v8b899c12
~ld


6.01
 0h00:02.994 2021/06/15T06:42:43z: DS3231
 0h00:03.009 2021/06/15T06:42:43z: BME280 (0x76)
 0h00:03.023 2021/06/15T06:42:43z: 10:52:1c:41:79:b5
 0h00:03.025 2021/06/15T06:42:43z: SSID: ARRIS-5A97
 0h00:03.030 2021/06/15T06:42:43z: AP_STAR tmr
 ets Jan  8 2013,rst cause:1, boot mode:(3,7)

load 0x4010f000, len 1384, room 16 
tail 8
chksum 0x2d
csum 0x2d
v8b899c12
~ld


6.01
 0h00:02.999 2021/06/15T07:02:40z: DS3231
 0h00:03.015 2021/06/15T07:02:40z: BME280 (0x76)
 0h00:03.029 2021/06/15T07:02:40z: 10:52:1c:41:79:b5
 0h00:03.030 2021/06/15T07:02:40z: SSID: ARRIS-5A97
 0h00:03.036 2021/06/15T07:02:40z: AP_STAR tmr
 ets Jan  8 2013,rst cause:1, boot mode:(3,7)

load 0x4010f000, len 1384, room 16 
tail 8
chksum 0x2d
csum 0x2d
v8b899c12
~ld


6.01
 0h00:03.001 2021/06/15T07:22:36z: DS3231
 0h00:03.016 2021/06/15T07:22:36z: BME280 (0x76)
 0h00:03.030 2021/06/15T07:22:36z: 10:52:1c:41:79:b5
 0h00:03.032 2021/06/15T07:22:36z: SSID: ARRIS-5A97
 0h00:03.037 2021/06/15T07:22:36z: AP_STAR tmr
 ets Jan  8 2013,rst cause:1, boot mode:(3,7)

load 0x4010f000, len 1384, room 16 
tail 8
chksum 0x2d
csum 0x2d
v8b899c12
~ld


6.01
 0h00:02.999 2021/06/15T07:42:32z: DS3231
 0h00:03.014 2021/06/15T07:42:32z: BME280 (0x76)
 0h00:03.029 2021/06/15T07:42:32z: 10:52:1c:41:79:b5
 0h00:03.030 2021/06/15T07:42:32z: SSID: ARRIS-5A97
 0h00:03.035 2021/06/15T07:42:32z: AP_STAR tmr
 ets Jan  8 2013,rst cause:1, boot mode:(3,7)

load 0x4010f000, len 1384, room 16 
tail 8
chksum 0x2d
csum 0x2d
v8b899c12
~ld


6.01
 0h00:03.000 2021/06/15T08:02:28z: DS3231
 0h00:03.015 2021/06/15T08:02:28z: BME280 (0x76)
 0h00:03.029 2021/06/15T08:02:28z: 10:52:1c:41:79:b5
 0h00:03.031 2021/06/15T08:02:28z: SSID: ARRIS-5A97
 0h00:03.036 2021/06/15T08:02:28z: AP_STAR tmr
 ets Jan  8 2013,rst cause:1, boot mode:(3,7)

load 0x4010f000, len 1384, room 16 
tail 8
chksum 0x2d
csum 0x2d
v8b899c12
~ld


6.01
 0h00:03.010 2021/06/15T08:22:24z: DS3231
 0h00:03.025 2021/06/15T08:22:24z: BME280 (0x76)
 0h00:03.039 2021/06/15T08:22:24z: 10:52:1c:41:79:b5
 0h00:03.041 2021/06/15T08:22:24z: SSID: ARRIS-5A97
 0h00:03.046 2021/06/15T08:22:24z: AP_STAR tmr
 ets Jan  8 2013,rst cause:1, boot mode:(3,7)

load 0x4010f000, len 1384, room 16 
tail 8
chksum 0x2d
csum 0x2d
v8b899c12
~ld


6.01
 0h00:03.013 2021/06/15T08:42:20z: DS3231
 0h00:03.028 2021/06/15T08:42:20z: BME280 (0x76)
 0h00:03.042 2021/06/15T08:42:20z: 10:52:1c:41:79:b5
 0h00:03.044 2021/06/15T08:42:20z: SSID: ARRIS-5A97
 0h00:03.049 2021/06/15T08:42:20z: AP_STAR tmr
 ets Jan  8 2013,rst cause:1, boot mode:(3,7)

load 0x4010f000, len 1384, room 16 
tail 8
chksum 0x2d
csum 0x2d
v8b899c12
~ld


6.01
 0h00:03.022 2021/06/15T09:02:17z: DS3231
 0h00:03.037 2021/06/15T09:02:17z: BME280 (0x76)
 0h00:03.051 2021/06/15T09:02:17z: 10:52:1c:41:79:b5
 0h00:03.053 2021/06/15T09:02:17z: SSID: ARRIS-5A97
 0h00:03.058 2021/06/15T09:02:17z: AP_STAR tmr
 ets Jan  8 2013,rst cause:1, boot mode:(3,7)

load 0x4010f000, len 1384, room 16 
tail 8
chksum 0x2d
csum 0x2d
v8b899c12
~ld


6.01
 0h00:02.998 2021/06/15T09:22:13z: DS3231
 0h00:03.013 2021/06/15T09:22:13z: BME280 (0x76)
 0h00:03.027 2021/06/15T09:22:13z: 10:52:1c:41:79:b5
 0h00:03.029 2021/06/15T09:22:13z: SSID: ARRIS-5A97
 0h00:03.034 2021/06/15T09:22:13z: AP_STAR tmr
 ets Jan  8 2013,rst cause:1, boot mode:(3,7)

load 0x4010f000, len 1384, room 16 
tail 8
chksum 0x2d
csum 0x2d
v8b899c12
~ld


6.01
 0h00:02.996 2021/06/15T09:42:09z: DS3231
 0h00:03.011 2021/06/15T09:42:09z: BME280 (0x76)
 0h00:03.025 2021/06/15T09:42:09z: 10:52:1c:41:79:b5
 0h00:03.027 2021/06/15T09:42:09z: SSID: ARRIS-5A97
 0h00:03.032 2021/06/15T09:42:09z: AP_STAR tmr
 ets Jan  8 2013,rst cause:1, boot mode:(3,7)

load 0x4010f000, len 1384, room 16 
tail 8
chksum 0x2d
csum 0x2d
v8b899c12
~ld


6.01
 0h00:02.997 2021/06/15T10:02:04z: DS3231
 0h00:03.013 2021/06/15T10:02:04z: BME280 (0x76)
 0h00:03.027 2021/06/15T10:02:04z: 10:52:1c:41:79:b5
 0h00:03.028 2021/06/15T10:02:04z: SSID: ARRIS-5A97
 0h00:03.034 2021/06/15T10:02:04z: AP_STA