R tmr
 ets Jan  8 2013,rst cause:1, boot mode:(3,7)

load 0x4010f000, len 1384, room 16 
tail 8
chksum 0x2d
csum 0x2d
v8b899c12
~ld


6.01
 0h00:03.031 2021/05/17T10:57:55z: DS3231
 0h00:03.046 2021/05/17T10:57:55z: BME280 (0x76)
 0h00:03.060 2021/05/17T10:57:55z: 10:52:1c:4d:aa:9c
 0h00:03.062 2021/05/17T10:57:55z: SSID: Apollonia Students Halls
 0h00:03.067 2021/05/17T10:57:55z: AP_STAR tmr
 ets Jan  8 2013,rst cause:1, boot mode:(3,7)

load 0x4010f000, len 1384, room 16 
tail 8
chksum 0x2d
csum 0x2d
v8b899c12
~ld


6.01
 0h00:03.033 2021/05/17T11:17:51z: DS3231
 0h00:03.048 2021/05/17T11:17:51z: BME280 (0x76)
 0h00:03.062 2021/05/17T11:17:51z: 10:52:1c:4d:aa:9c
 0h00:03.064 2021/05/17T11:17:51z: SSID: Apollonia Students Halls
 0h00:03.069 2021/05/17T11:17:51z: AP_STAR tmr
 ets Jan  8 2013,rst cause:1, boot mode:(3,7)

load 0x4010f000, len 1384, room 16 
tail 8
chksum 0x2d
csum 0x2d
v8b899c12
~ld


6.01
 0h00:03.032 2021/05/17T11:37:48z: DS3231
 0h00:03.047 2021/05/17T11:37:48z: BME280 (0x76)
 0h00:03.062 2021/05/17T11:37:48z: 10:52:1c:4d:aa:9c
 0h00:03.063 2021/05/17T11:37:48z: SSID: Apollonia Students Halls
 0h00:03.068 2021/05/17T11:37:48z: AP_STAR tmr
 ets Jan  8 2013,rst cause:1, boot mode:(3,7)

load 0x4010f000, len 1384, room 16 
tail 8
chksum 0x2d
csum 0x2d
v8b899c12
~ld


6.01
 0h00:03.037 2021/05/17T11:57:44z: DS3231
 0h00:03.052 2021/05/17T11:57:44z: BME280 (0x76)
 0h00:03.066 2021/05/17T11:57:44z: 10:52:1c:4d:aa:9c
 0h00:03.068 2021/05/17T11:57:44z: SSID: Apollonia Students Halls
 0h00:03.073 2021/05/17T11:57:44z: AP_STAR tmr
 ets Jan  8 2013,rst cause:1, boot mode:(3,7)

load 0x4010f000, len 1384, room 16 
tail 8
chksum 0x2d
csum 0x2d
v8b899c12
~ld


6.01
 0h00:03.044 2021/05/17T12:17:40z: DS3231
 0h00:03.059 2021/05/17T12:17:40z: BME280 (0x76)
 0h00:03.073 2021/05/17T12:17:40z: 10:52:1c:4d:aa:9c
 0h00:03.075 2021/05/17T12:17:40z: SSID: Apollonia Students Halls
 0h00:03.080 2021/05/17T12:17:40z: AP_STAR tmr
 ets Jan  8 2013,rst cause:1, boot mode:(3,7)

load 0x4010f000, len 1384, room 16 
tail 8
chksum 0x2d
csum 0x2d
v8b899c12
~ld


6.01
 0h00:03.054 2021/05/17T12:37:37z: DS3231
 0h00:03.069 2021/05/17T12:37:37z: BME280 (0x76)
 0h00:03.083 2021/05/17T12:37:37z: 10:52:1c:4d:aa:9c
 0h00:03.085 2021/05/17T12:37:37z: SSID: Apollonia Students Halls
 0h00:03.090 2021/05/17T12:37:37z: AP_STAR tmr
 ets Jan  8 2013,rst cause:1, boot mode:(3,7)

load 0x4010f000, len 1384, room 16 
tail 8
chksum 0x2d
csum 0x2d
v8b899c12
~ld


6.01
 0h00:03.053 2021/05/17T12:57:33z: DS3231
 0h00:03.068 2021/05/17T12:57:33z: BME280 (0x76)
 0h00:03.083 2021/05/17T12:57:33z: 10:52:1c:4d:aa:9c
 0h00:03.084 2021/05/17T12:57:33z: SSID: Apollonia Students Halls
 0h00:03.089 2021/05/17T12:57:33z: AP_STAR tmr
 ets Jan  8 2013,rst cause:1, boot mode:(3,7)

load 0x4010f000, len 1384, room 16 
tail 8
chksum 0x2d
csum 0x2d
v8b899c12
~ld


6.01
 0h00:03.032 2021/05/17T13:17:29z: DS3231
 0h00:03.048 2021/05/17T13:17:29z: BME280 (0x76)
 0h00:03.062 2021/05/17T13:17:29z: 10:52:1c:4d:aa:9c
 0h00:03.064 2021/05/17T13:17:29z: SSID: Apollonia Students Halls
 0h00:03.069 2021/05/17T13:17:29z: AP_STAR tmr
 ets Jan  8 2013,rst cause:1, boot mode:(3,7)

load 0x4010f000, len 1384, room 16 
tail 8
chksum 0x2d
csum 0x2d
v8b899c12
~ld


6.01
 0h00:03.033 2021/05/17T13:37:25z: DS3231
 0h00:03.049 2021/05/17T13:37:25z: BME280 (0x76)
 0h00:03.063 2021/05/17T13:37:25z: 10:52:1c:4d:aa:9c
 0h00:03.065 2021/05/17T13:37:25z: SSID: Apollonia Students Halls
 0h00:03.070 2021/05/17T13:37:25z: AP_STAR tmr
 ets Jan  8 2013,rst cause:1, boot mode:(3,7)

load 0x4010f000, len 1384, room 16 
tail 8
chksum 0x2d
csum 0x2d
v8b899c12
~ld


6.01
 0h00:03.028 2021/05/17T13:57:21z: DS3231
 0h00:03.043 2021/05/17T13:57:21z: BME280 (0x76)
 0h00:03.057 2021/05/17T13:57:21z: 10:52:1c:4d:aa:9c
 0h00:03.059 2021/05/17T13:57:21z: SSID: Apollonia Students Halls
 0h00:03.064 2021/05/17T13:57:21z: AP_STAR tmr
 ets Jan  8 2013,rst cause:1, boot mode:(3,7)

load 0x4010f000, len 1384, room 16 
tail 8
chksum 0x2d
csum 0x2d
v8b899c12
~ld


6.01
 0h00:03.032 2021/05/17T14:17:17z: DS3231
 0h00:03.048 2021/05/17T14:17:17z: BME280 (0x76)
 0h00:03.062 2021/05/17T14:17:17z: 10:52:1c:4d:aa:9c
 0h00:03.063 2021/05/17T14:17:17z: SSID: Apollonia Students Halls
 0h00:03.069 2021/05/17T14:17:17z: AP_STAR tmr
 ets Jan  8 2013,rst cause:1, boot mode:(3,7)

load 0x4010f000, len 1384, room 16 
tail 8
chksum 0x2d
csum 0x2d
v8b899c12
~ld


6.01
 0h00:03.031 2021/05/17T14:37:13z: DS3231
 0h00:03.046 2021/05/17T14:37:13z: BME280 (0x76)
 0h00:03.061 2021/05/17T14:37:13z: 10:52:1c:4d:aa:9c
 0h00:03.062 2021/05/17T14:37:13z: SSID: Apollonia Students Halls
 0h00:03.068 2021/05/17T14:37:13z: AP_STAR tmr
 ets Jan  8 2013,rst cause:1, boot mode:(3,7)

load 0x4010f000, len 1384, room 16 
tail 8
chksum 0x2d
csum 0x2d
v8b899c12
~ld


6.01
 0h00:03.043 2021/05/17T14:57:10z: DS3231
 0h00:03.058 2021/05/17T14:57:10z: BME280 (0x76)
 0h00:03.073 2021/05/17T14:57:10z: 10:52:1c:4d:aa:9c
 0h00:03.074 2021/05/17T14:57:10z: SSID: Apollonia Students Halls
 0h00:03.079 2021/05/17T14:57:10z: AP_STAR tmr
 ets Jan  8 2013,rst cause:1, boot mode:(3,7)

load 0x4010f000, len 1384, room 16 
tail 8
chksum 0x2d
csum 0x2d
v8b899c12
~ld


6.01
 0h00:03.049 2021/05/17T15:17:06z: DS3231
 0h00:03.065 2021/05/17T15:17:06z: BME280 (0x76)
 0h00:03.079 2021/05/17T15:17:06z: 10:52:1c:4d:aa:9c
 0h00:03.081 2021/05/17T15:17:06z: SSID: Apollonia Students Halls
 0h00:03.086 2021/05/17T15:17:06z: AP_STAR tmr
 ets Jan  8 2013,rst cause:1, boot mode:(3,7)

load 0x4010f000, len 1384, room 16 
tail 8
chksum 0x2d
csum 0x2d
v8b899c12
~ld


6.01
 0h00:03.051 2021/05/17T15:37:02z: DS3231
 0h00:03.066 2021/05/17T15:37:02z: BME280 (0x76)
 0h00:03.081 2021/05/17T15:37:02z: 10:52:1c:4d:aa:9c
 0h00:03.082 2021/05/17T15:37:02z: SSID: Apollonia Students Halls
 0h00:03.087 2021/05/17T15:37:02z: AP_STAR tmr
 ets Jan  8 2013,rst cause:1, boot mode:(3,7)

load 0x4010f000, len 1384, room 16 
tail 8
chksum 0x2d
csum 0x2d
v8b899c12
~ld


6.01
 0h00:03.028 2021/05/17T15:56:59z: DS3231
 0h00:03.043 2021/05/17T15:56:59z: BME280 (0x76)
 0h00:03.057 2021/05/17T15:56:59z: 10:52:1c:4d:aa:9c
 0h00:03.059 2021/05/17T15:56:59z: SSID: Apollonia Students Halls
 0h00:03.064 2021/05/17T15:56:59z: AP_STAR tmr
 ets Jan  8 2013,rst cause:1, boot mode:(3,7)

load 0x4010f000, len 1384, room 16 
tail 8
chksum 0x2d
csum 0x2d
v8b899c12
~ld


6.01
 0h00:03.029 2021/05/17T16:16:55z: DS3231
 0h00:03.044 2021/05/17T16:16:55z: BME280 (0x76)
 0h00:03.058 2021/05/17T16:16:55z: 10:52:1c:4d:aa:9c
 0h00:03.060 2021/05/17T16:16:55z: SSID: Apollonia Students Halls
 0h00:03.065 2021/05/17T16:16:55z: AP_STAR tmr
 ets Jan  8 2013,rst cause:1, boot mode:(3,7)

load 0x4010f000, len 1384, room 16 
tail 8
chksum 0x2d
csum 0x2d
v8b899c12
~ld


6.01
 0h00:03.026 2021/05/17T16:36:52z: DS3231
 0h00:03.041 2021/05/17T16:36:52z: BME280 (0x76)
 0h00:03.055 2021/05/17T16:36:52z: 10:52:1c:4d:aa:9c
 0h00:03.057 2021/05/17T16:36:52z: SSID: Apollonia Students Halls
 0h00:03.062 2021/05/17T16:36:52z: AP_STAR tmr
 ets Jan  8 2013,rst cause:1, boot mode:(3,7)

load 0x4010f000, len 1384, room 16 
tail 8
chksum 0x2d
csum 0x2d
v8b899c12
~ld


6.01
 0h00:03.030 2021/05/17T16:56:48z: DS3231
 0h00:03.045 2021/05/17T16:56:49z: BME280 (0x76)
 0h00:03.059 2021/05/17T16:56:49z: 10:52:1c:4d:aa:9c
 0h00:03.061 2021/05/17T16:56:49z: SSID: Apollonia Students Halls
 0h00:03.066 2021/05/17T16:56:49z: AP_STAR tmr
 ets Jan  8 2013,rst cause:1, boot mode:(3,7)

load 0x4010f000, len 1384, room 16 
tail 8
chksum 0x2d
csum 0x2d
v8b899c12
~ld


6.01
 0h00:03.029 2021/05/17T17:16:45z: DS3231
 0h00:03.044 2021/05/17T17:16:45z: BME280 (0x76)
 0h00:03.058 2021/05/17T17:16:45z: 10:52:1c:4d:aa:9c
 0h00:03.060 2021/05/17T17:16:45z: SSID: Apollonia Students Halls
 0h00:03.065 2021/05/17T17:16:45z: AP_STAR tmr
 ets Jan  8 2013,rst cause:1, boot mode:(3,7)

load 0x4010f000, len 1384, room 16 
tail 8
chksum 0x2d
csum 0x2d
v8b899c12
~ld


6.01
 0h00:03.043 2021/05/17T17:36:41z: DS3231
 0h00:03.058 2021/05/17T17:36:41z: BME280 (0x76)
 0h00:03.073 2021/05/17T17:36:41z: 10:52:1c:4d:aa:9c
 0h00:03.074 2021/05/17T17:36:41z: SSID: Apollonia Students Halls
 0h00:03.079 2021/05/17T17:36:41z: AP_STAR tmr
 ets Jan  8 2013,rst cause:1, boot mode:(3,7)

load 0x4010f000, len 1384, room 16 
tail 8
chksum 0x2d
csum 0x2d
v8b899c12
~ld


6.01
 0h00:03.042 2021/05/17T17:56:38z: DS3231
 0h00:03.057 2021/05/17T17:56:38z: BME280 (0x76)
 0h00:03.071 2021/05/17T17:56:38z: 10:52:1c:4d:aa:9c
 0h00:03.073 2021/05/17T17:56:38z: SSID: Apollonia Students Halls
 0h00:03.078 2021/05/17T17:56:38z: AP_STAR tmr
 ets Jan  8 2013,rst cause:1, boot mode:(3,7)

load 0x4010f000, len 1384, room 16 
tail 8
chksum 0x2d
csum 0x2d
v8b899c12
~ld


6.01
 0h00:03.045 2021/05/17T18:16:34z: DS3231
 0h00:03.060 2021/05/17T18:16:34z: BME280 (0x76)
 0h00:03.074 2021/05/17T18:16:34z: 10:52:1c:4d:aa:9c
 0h00:03.076 2021/05/17T18:16:34z: SSID: Apollonia Students Halls
 0h00:03.081 2021/05/17T18:16:34z: AP_STAR tmr
 ets Jan  8 2013,rst cause:1, boot mode:(3,7)

load 0x4010f000, len 1384, room 16 
tail 8
chksum 0x2d
csum 0x2d
v8b899c12
~ld


6.01
 0h00:03.028 2021/05/17T18:36:30z: DS3231
 0h00:03.044 2021/05/17T18:36:30z: BME280 (0x76)
 0h00:03.058 2021/05/17T18:36:30z: 10:52:1c:4d:aa:9c
 0h00:03.059 2021/05/17T18:36:30z: SSID: Apollonia Students Halls
 0h00:03.065 2021/05/17T18:36:30z: AP_STAR tmr
 ets Jan  8 2013,rst cause:1, boot mode:(3,7)

load 0x4010f000, len 1384, room 16 
tail 8
chksum 0x2d
csum 0x2d
v8b899c12
~ld


6.01
 0h00:03.029 2021/05/17T18:56:26z: DS3231
 0h00:03.044 2021/05/17T18:56:26z: BME280 (0x76)
 0h00:03.058 2021/05/17T18:56:26z: 10:52:1c:4d:aa:9c
 0h00:03.060 2021/05/17T18:56:26z: SSID: Apollonia Students Halls
 0h00:03.065 2021/05/17T18:56:26z: AP_STAR tmr
 ets Jan  8 2013,rst cause:1, boot mode:(3,7)

load 0x4010f000, len 1384, room 16 
tail 8
chksum 0x2d
csum 0x2d
v8b899c12
~ld


6.01
 0h00:03.028 2021/05/17T19:16:22z: DS3231
 0h00:03.044 2021/05/17T19:16:22z: BME280 (0x76)
 0h00:03.058 2021/05/17T19:16:22z: 10:52:1c:4d:aa:9c
 0h00:03.060 2021/05/17T19:16:22z: SSID: Apollonia Students Halls
 0h00:03.065 2021/05/17T19:16:22z: AP_STAR tmr
 ets Jan  8 2013,rst cause:1, boot mode:(3,7)

load 0x4010f000, len 1384, room 16 
tail 8
chksum 0x2d
csum 0x2d
v8b899c12
~ld


6.01
 0h00:03.027 2021/05/17T19:36:18z: DS3231
 0h00:03.042 2021/05/17T19:36:18z: BME280 (0x76)
 0h00:03.056 2021/05/17T19:36:18z: 10:52:1c:4d:aa:9c
 0h00:03.058 2021/05/17T19:36:18z: SSID: Apollonia Students Halls
 0h00:03.063 2021/05/17T19:36:18z: AP_STAR tmr
 ets Jan  8 2013,rst cause:1, boot mode:(3,7)

load 0x4010f000, len 1384, room 16 
tail 8
chksum 0x2d
csum 0x2d
v8b899c12
~ld


6.01
 0h00:03.028 2021/05/17T19:56:14z: DS3231
 0h00:03.044 2021/05/17T19:56:14z: BME280 (0x76)
 0h00:03.058 2021/05/17T19:56:15z: 10:52:1c:4d:aa:9c
 0h00:03.059 2021/05/17T19:56:15z: SSID: Apollonia Students Halls
 0h00:03.065 2021/05/17T19:56:15z: AP_STAR tmr
 ets Jan  8 2013,rst cause:1, boot mode:(3,7)

load 0x4010f000, len 1384, room 16 
tail 8
chksum 0x2d
csum 0x2d
v8b899c12
~ld


6.01
 0h00:03.044 2021/05/17T20:16:11z: DS3231
 0h00:03.059 2021/05/17T20:16:11z: BME280 (0x76)
 0h00:03.073 2021/05/17T20:16:11z: 10:52:1c:4d:aa:9c
 0h00:03.075 2021/05/17T20:16:11z: SSID: Apollonia Students Halls
 0h00:03.080 2021/05/17T20:16:11z: AP_STAR tmr
 ets Jan  8 2013,rst cause:1, boot mode:(3,7)

load 0x4010f000, len 1384, room 16 
tail 8
chksum 0x2d
csum 0x2d
v8b899c12
~ld


6.01
 0h00:03.043 2021/05/17T20:36:07z: DS3231
 0h00:03.058 2021/05/17T20:36:07z: BME280 (0x76)
 0h00:03.072 2021/05/17T20:36:07z: 10:52:1c:4d:aa:9c
 0h00:03.074 2021/05/17T20:36:07z: SSID: Apollonia Students Halls
 0h00:03.079 2021/05/17T20:36:07z: AP_STAR tmr
 ets Jan  8 2013,rst cause:1, boot mode:(3,7)

load 0x4010f000, len 1384, room 16 
tail 8
chksum 0x2d
csum 0x2d
v8b899c12
~ld


6.01
 0h00:03.051 2021/05/17T20:56:03z: DS3231
 0h00:03.066 2021/05/17T20:56:03z: BME280 (0x76)
 0h00:03.080 2021/05/17T20:56:03z: 10:52:1c:4d:aa:9c
 0h00:03.082 2021/05/17T20:56:03z: SSID: Apollonia Students Halls
 0h00:03.087 2021/05/17T20:56:03z: AP_STAR tmr
 ets Jan  8 2013,rst cause:1, boot mode:(3,7)

load 0x4010f000, len 1384, room 16 
tail 8
chksum 0x2d
csum 0x2d
v8b899c12
~ld


6.01
 0h00:03.029 2021/05/17T21:16:00z: DS3231
 0h00:03.044 2021/05/17T21:16:00z: BME280 (0x76)
 0h00:03.058 2021/05/17T21:16:00z: 10:52:1c:4d:aa:9c
 0h00:03.060 2021/05/17T21:16:00z: SSID: Apollonia Students Halls
 0h00:03.065 2021/05/17T21:16:00z: AP_STAR tmr
 ets Jan  8 2013,rst cause:1, boot mode:(3,7)

load 0x4010f000, len 1384, room 16 
tail 8
chksum 0x2d
csum 0x2d
v8b899c12
~ld


6.01
 0h00:03.023 2021/05/17T21:35:56z: DS3231
 0h00:03.038 2021/05/17T21:35:56z: BME280 (0x76)
 0h00:03.052 2021/05/17T21:35:56z: 10:52:1c:4d:aa:9c
 0h00:03.054 2021/05/17T21:35:56z: SSID: Apollonia Students Halls
 0h00:03.059 2021/05/17T21:35:56z: AP_STAR tmr
 ets Jan  8 2013,rst cause:1, boot mode:(3,7)

load 0x4010f000, len 1384, room 16 
tail 8
chksum 0x2d
csum 0x2d
v8b899c12
~ld


6.01
 0h00:03.025 2021/05/17T21:55:52z: DS3231
 0h00:03.040 2021/05/17T21:55:52z: BME280 (0x76)
 0h00:03.055 2021/05/17T21:55:52z: 10:52:1c:4d:aa:9c
 0h00:03.056 2021/05/17T21:55:52z: SSID: Apollonia Students Halls
 0h00:03.061 2021/05/17T21:55:52z: AP_STAR tmr
 ets Jan  8 2013,rst cause:1, boot mode:(3,7)

load 0x4010f000, len 1384, room 16 
tail 8
chksum 0x2d
csum 0x2d
v8b899c12
~ld


6.01
 0h00:03.026 2021/05/17T22:15:48z: DS3231
 0h00:03.041 2021/05/17T22:15:48z: BME280 (0x76)
 0h00:03.056 2021/05/17T22:15:48z: 10:52:1c:4d:aa:9c
 0h00:03.057 2021/05/17T22:15:48z: SSID: Apollonia Students Halls
 0h00:03.062 2021/05/17T22:15:48z: AP_STAR tmr
 ets Jan  8 2013,rst cause:1, boot mode:(3,7)

load 0x4010f000, len 1384, room 16 
tail 8
chksum 0x2d
csum 0x2d
v8b899c12
~ld


6.01
 0h00:03.028 2021/05/17T22:35:44z: DS3231
 0h00:03.043 2021/05/17T22:35:44z: BME280 (0x76)
 0h00:03.057 2021/05/17T22:35:44z: 10:52:1c:4d:aa:9c
 0h00:03.059 2021/05/17T22:35:44z: SSID: Apollonia Students Halls
 0h00:03.064 2021/05/17T22:35:44z: AP_STAR tmr
 ets Jan  8 2013,rst cause:1, boot mode:(3,7)

load 0x4010f000, len 1384, room 16 
tail 8
chksum 0x2d
csum 0x2d
v8b899c12
~ld


6.01
 0h00:03.041 2021/05/17T22:55:40z: DS3231
 0h00:03.057 2021/05/17T22:55:40z: BME280 (0x76)
 0h00:03.071 2021/05/17T22:55:40z: 10:52:1c:4d:aa:9c
 0h00:03.072 2021/05/17T22:55:40z: SSID: Apollonia Students Halls
 0h00:03.078 2021/05/17T22:55:40z: AP_STAR tmr
 ets Jan  8 2013,rst cause:1, boot mode:(3,7)

load 0x4010f000, len 1384, room 16 
tail 8
chksum 0x2d
csum 0x2d
v8b899c12
~ld


6.01
 0h00:03.045 2021/05/17T23:15:37z: DS3231
 0h00:03.060 2021/05/17T23:15:37z: BME280 (0x76)
 0h00:03.075 2021/05/17T23:15:37z: 10:52:1c:4d:aa:9c
 0h00:03.076 2021/05/17T23:15:37z: SSID: Apollonia Students Halls
 0h00:03.081 2021/05/17T23:15:37z: AP_STAR tmr
 ets Jan  8 2013,rst cause:1, boot mode:(3,7)

load 0x4010f000, len 1384, room 16 
tail 8
chksum 0x2d
csum 0x2d
v8b899c12
~ld


6.01
 0h00:03.060 2021/05/17T23:35:34z: DS3231
 0h00:03.076 2021/05/17T23:35:34z: BME280 (0x76)
 0h00:03.090 2021/05/17T23:35:34z: 10:52:1c:4d:aa:9c
 0h00:03.092 2021/05/17T23:35:34z: SSID: Apollonia Students Halls
 0h00:03.097 2021/05/17T23:35:34z: AP_STAR tmr
 ets Jan  8 2013,rst cause:1, boot mode:(3,7)

load 0x4010f000, len 1384, room 16 
tail 8
chksum 0x2d
csum 0x2d
v8b899c12
~ld


6.01
 0h00:03.033 2021/05/17T23:55:30z: DS3231
 0h00:03.049 2021/05/17T23:55:30z: BME280 (0x76)
 0h00:03.063 2021/05/17T23:55:30z: 10:52:1c:4d:aa:9c
 0h00:03.065 2021/05/17T23:55:30z: SSID: Apollonia Students Halls
 0h00:03.070 2021/05/17T23:55:30z: AP_STA