R tmr
 ets Jan  8 2013,rst cause:1, boot mode:(3,7)

load 0x4010f000, len 1384, room 16 
tail 8
chksum 0x2d
csum 0x2d
v8b899c12
~ld


6.01
 0h00:03.033 2021/05/18T00:15:26z: DS3231
 0h00:03.049 2021/05/18T00:15:26z: BME280 (0x76)
 0h00:03.063 2021/05/18T00:15:26z: 10:52:1c:4d:aa:9c
 0h00:03.064 2021/05/18T00:15:26z: SSID: Apollonia Students Halls
 0h00:03.070 2021/05/18T00:15:26z: AP_STAR tmr
 ets Jan  8 2013,rst cause:1, boot mode:(3,7)

load 0x4010f000, len 1384, room 16 
tail 8
chksum 0x2d
csum 0x2d
v8b899c12
~ld


6.01
 0h00:03.030 2021/05/18T00:35:22z: DS3231
 0h00:03.046 2021/05/18T00:35:22z: BME280 (0x76)
 0h00:03.060 2021/05/18T00:35:22z: 10:52:1c:4d:aa:9c
 0h00:03.061 2021/05/18T00:35:22z: SSID: Apollonia Students Halls
 0h00:03.067 2021/05/18T00:35:22z: AP_STAR tmr
 ets Jan  8 2013,rst cause:1, boot mode:(3,7)

load 0x4010f000, len 1384, room 16 
tail 8
chksum 0x2d
csum 0x2d
v8b899c12
~ld


6.01
 0h00:03.029 2021/05/18T00:55:19z: DS3231
 0h00:03.044 2021/05/18T00:55:19z: BME280 (0x76)
 0h00:03.058 2021/05/18T00:55:19z: 10:52:1c:4d:aa:9c
 0h00:03.060 2021/05/18T00:55:19z: SSID: Apollonia Students Halls
 0h00:03.065 2021/05/18T00:55:19z: AP_STAR tmr
 ets Jan  8 2013,rst cause:1, boot mode:(3,7)

load 0x4010f000, len 1384, room 16 
tail 8
chksum 0x2d
csum 0x2d
v8b899c12
~ld


6.01
 0h00:03.031 2021/05/18T01:15:15z: DS3231
 0h00:03.046 2021/05/18T01:15:15z: BME280 (0x76)
 0h00:03.060 2021/05/18T01:15:15z: 10:52:1c:4d:aa:9c
 0h00:03.062 2021/05/18T01:15:15z: SSID: Apollonia Students Halls
 0h00:03.067 2021/05/18T01:15:15z: AP_STAR tmr
 ets Jan  8 2013,rst cause:1, boot mode:(3,7)

load 0x4010f000, len 1384, room 16 
tail 8
chksum 0x2d
csum 0x2d
v8b899c12
~ld


6.01
 0h00:03.045 2021/05/18T01:35:12z: DS3231
 0h00:03.060 2021/05/18T01:35:12z: BME280 (0x76)
 0h00:03.074 2021/05/18T01:35:12z: 10:52:1c:4d:aa:9c
 0h00:03.076 2021/05/18T01:35:12z: SSID: Apollonia Students Halls
 0h00:03.081 2021/05/18T01:35:12z: AP_STAR tmr
 ets Jan  8 2013,rst cause:1, boot mode:(3,7)

load 0x4010f000, len 1384, room 16 
tail 8
chksum 0x2d
csum 0x2d
v8b899c12
~ld


6.01
 0h00:03.044 2021/05/18T01:55:08z: DS3231
 0h00:03.059 2021/05/18T01:55:08z: BME280 (0x76)
 0h00:03.073 2021/05/18T01:55:08z: 10:52:1c:4d:aa:9c
 0h00:03.075 2021/05/18T01:55:08z: SSID: Apollonia Students Halls
 0h00:03.080 2021/05/18T01:55:08z: AP_STAR tmr
 ets Jan  8 2013,rst cause:1, boot mode:(3,7)

load 0x4010f000, len 1384, room 16 
tail 8
chksum 0x2d
csum 0x2d
v8b899c12
~ld


6.01
 0h00:03.056 2021/05/18T02:15:04z: DS3231
 0h00:03.072 2021/05/18T02:15:04z: BME280 (0x76)
 0h00:03.086 2021/05/18T02:15:04z: 10:52:1c:4d:aa:9c
 0h00:03.087 2021/05/18T02:15:04z: SSID: Apollonia Students Halls
 0h00:03.093 2021/05/18T02:15:04z: AP_STAR tmr
 ets Jan  8 2013,rst cause:1, boot mode:(3,7)

load 0x4010f000, len 1384, room 16 
tail 8
chksum 0x2d
csum 0x2d
v8b899c12
~ld


6.01
 0h00:03.027 2021/05/18T02:35:00z: DS3231
 0h00:03.042 2021/05/18T02:35:00z: BME280 (0x76)
 0h00:03.057 2021/05/18T02:35:00z: 10:52:1c:4d:aa:9c
 0h00:03.058 2021/05/18T02:35:00z: SSID: Apollonia Students Halls
 0h00:03.063 2021/05/18T02:35:00z: AP_STAR tmr
 ets Jan  8 2013,rst cause:1, boot mode:(3,7)

load 0x4010f000, len 1384, room 16 
tail 8
chksum 0x2d
csum 0x2d
v8b899c12
~ld


6.01
 0h00:03.031 2021/05/18T02:54:57z: DS3231
 0h00:03.047 2021/05/18T02:54:57z: BME280 (0x76)
 0h00:03.061 2021/05/18T02:54:57z: 10:52:1c:4d:aa:9c
 0h00:03.063 2021/05/18T02:54:57z: SSID: Apollonia Students Halls
 0h00:03.068 2021/05/18T02:54:57z: AP_STAR tmr
 ets Jan  8 2013,rst cause:1, boot mode:(3,7)

load 0x4010f000, len 1384, room 16 
tail 8
chksum 0x2d
csum 0x2d
v8b899c12
~ld


6.01
 0h00:03.027 2021/05/18T03:14:53z: DS3231
 0h00:03.042 2021/05/18T03:14:53z: BME280 (0x76)
 0h00:03.056 2021/05/18T03:14:53z: 10:52:1c:4d:aa:9c
 0h00:03.058 2021/05/18T03:14:53z: SSID: Apollonia Students Halls
 0h00:03.063 2021/05/18T03:14:53z: AP_STAR tmr
 ets Jan  8 2013,rst cause:1, boot mode:(3,7)

load 0x4010f000, len 1384, room 16 
tail 8
chksum 0x2d
csum 0x2d
v8b899c12
~ld


6.01
 0h00:03.028 2021/05/18T03:34:49z: DS3231
 0h00:03.043 2021/05/18T03:34:49z: BME280 (0x76)
 0h00:03.057 2021/05/18T03:34:49z: 10:52:1c:4d:aa:9c
 0h00:03.059 2021/05/18T03:34:49z: SSID: Apollonia Students Halls
 0h00:03.064 2021/05/18T03:34:49z: AP_STAR tmr
 ets Jan  8 2013,rst cause:1, boot mode:(3,7)

load 0x4010f000, len 1384, room 16 
tail 8
chksum 0x2d
csum 0x2d
v8b899c12
~ld


6.01
 0h00:03.036 2021/05/18T03:54:45z: DS3231
 0h00:03.051 2021/05/18T03:54:45z: BME280 (0x76)
 0h00:03.065 2021/05/18T03:54:45z: 10:52:1c:4d:aa:9c
 0h00:03.067 2021/05/18T03:54:45z: SSID: Apollonia Students Halls
 0h00:03.072 2021/05/18T03:54:45z: AP_STAR tmr
 ets Jan  8 2013,rst cause:1, boot mode:(3,7)

load 0x4010f000, len 1384, room 16 
tail 8
chksum 0x2d
csum 0x2d
v8b899c12
~ld


6.01
 0h00:03.035 2021/05/18T04:14:42z: DS3231
 0h00:03.050 2021/05/18T04:14:42z: BME280 (0x76)
 0h00:03.064 2021/05/18T04:14:42z: 10:52:1c:4d:aa:9c
 0h00:03.066 2021/05/18T04:14:42z: SSID: Apollonia Students Halls
 0h00:03.071 2021/05/18T04:14:42z: AP_STAR tmr
 ets Jan  8 2013,rst cause:1, boot mode:(3,7)

load 0x4010f000, len 1384, room 16 
tail 8
chksum 0x2d
csum 0x2d
v8b899c12
~ld


6.01
 0h00:03.043 2021/05/18T04:34:38z: DS3231
 0h00:03.058 2021/05/18T04:34:38z: BME280 (0x76)
 0h00:03.072 2021/05/18T04:34:38z: 10:52:1c:4d:aa:9c
 0h00:03.074 2021/05/18T04:34:38z: SSID: Apollonia Students Halls
 0h00:03.079 2021/05/18T04:34:38z: AP_STAR tmr
 ets Jan  8 2013,rst cause:1, boot mode:(3,7)

load 0x4010f000, len 1384, room 16 
tail 8
chksum 0x2d
csum 0x2d
v8b899c12
~ld


6.01
 0h00:03.051 2021/05/18T04:54:34z: DS3231
 0h00:03.066 2021/05/18T04:54:34z: BME280 (0x76)
 0h00:03.080 2021/05/18T04:54:34z: 10:52:1c:4d:aa:9c
 0h00:03.082 2021/05/18T04:54:34z: SSID: Apollonia Students Halls
 0h00:03.087 2021/05/18T04:54:34z: AP_STAR tmr
 ets Jan  8 2013,rst cause:1, boot mode:(3,7)

load 0x4010f000, len 1384, room 16 
tail 8
chksum 0x2d
csum 0x2d
v8b899c12
~ld


6.01
 0h00:03.024 2021/05/18T05:14:30z: DS3231
 0h00:03.039 2021/05/18T05:14:30z: BME280 (0x76)
 0h00:03.053 2021/05/18T05:14:30z: 10:52:1c:4d:aa:9c
 0h00:03.055 2021/05/18T05:14:30z: SSID: Apollonia Students Halls
 0h00:03.060 2021/05/18T05:14:30z: AP_STAR tmr
 ets Jan  8 2013,rst cause:1, boot mode:(3,7)

load 0x4010f000, len 1384, room 16 
tail 8
chksum 0x2d
csum 0x2d
v8b899c12
~ld


6.01
 0h00:03.039 2021/05/18T05:34:27z: DS3231
 0h00:03.055 2021/05/18T05:34:27z: BME280 (0x76)
 0h00:03.069 2021/05/18T05:34:27z: 10:52:1c:4d:aa:9c
 0h00:03.070 2021/05/18T05:34:27z: SSID: Apollonia Students Halls
 0h00:03.076 2021/05/18T05:34:27z: AP_STAR tmr
 ets Jan  8 2013,rst cause:1, boot mode:(3,7)

load 0x4010f000, len 1384, room 16 
tail 8
chksum 0x2d
csum 0x2d
v8b899c12
~ld


6.01
 0h00:03.033 2021/05/18T05:54:23z: DS3231
 0h00:03.048 2021/05/18T05:54:23z: BME280 (0x76)
 0h00:03.062 2021/05/18T05:54:23z: 10:52:1c:4d:aa:9c
 0h00:03.064 2021/05/18T05:54:23z: SSID: Apollonia Students Halls
 0h00:03.069 2021/05/18T05:54:23z: AP_STAR tmr
 ets Jan  8 2013,rst cause:1, boot mode:(3,7)

load 0x4010f000, len 1384, room 16 
tail 8
chksum 0x2d
csum 0x2d
v8b899c12
~ld


6.01
 0h00:03.029 2021/05/18T06:14:19z: DS3231
 0h00:03.044 2021/05/18T06:14:19z: BME280 (0x76)
 0h00:03.058 2021/05/18T06:14:19z: 10:52:1c:4d:aa:9c
 0h00:03.060 2021/05/18T06:14:19z: SSID: Apollonia Students Halls
 0h00:03.065 2021/05/18T06:14:19z: AP_STAR tmr
 ets Jan  8 2013,rst cause:1, boot mode:(3,7)

load 0x4010f000, len 1384, room 16 
tail 8
chksum 0x2d
csum 0x2d
v8b899c12
~ld


6.01
 0h00:03.034 2021/05/18T06:34:15z: DS3231
 0h00:03.050 2021/05/18T06:34:15z: BME280 (0x76)
 0h00:03.064 2021/05/18T06:34:15z: 10:52:1c:4d:aa:9c
 0h00:03.065 2021/05/18T06:34:15z: SSID: Apollonia Students Halls
 0h00:03.071 2021/05/18T06:34:15z: AP_STAR tmr
 ets Jan  8 2013,rst cause:1, boot mode:(3,7)

load 0x4010f000, len 1384, room 16 
tail 8
chksum 0x2d
csum 0x2d
v8b899c12
~ld


6.01
 0h00:03.044 2021/05/18T06:54:11z: DS3231
 0h00:03.059 2021/05/18T06:54:11z: BME280 (0x76)
 0h00:03.073 2021/05/18T06:54:11z: 10:52:1c:4d:aa:9c
 0h00:03.075 2021/05/18T06:54:11z: SSID: Apollonia Students Halls
 0h00:03.080 2021/05/18T06:54:11z: AP_STAR tmr
 ets Jan  8 2013,rst cause:1, boot mode:(3,7)

load 0x4010f000, len 1384, room 16 
tail 8
chksum 0x2d
csum 0x2d
v8b899c12
~ld


6.01
 0h00:03.047 2021/05/18T07:14:08z: DS3231
 0h00:03.063 2021/05/18T07:14:08z: BME280 (0x76)
 0h00:03.077 2021/05/18T07:14:08z: 10:52:1c:4d:aa:9c
 0h00:03.079 2021/05/18T07:14:08z: SSID: Apollonia Students Halls
 0h00:03.084 2021/05/18T07:14:08z: AP_STAR tmr
 ets Jan  8 2013,rst cause:1, boot mode:(3,7)

load 0x4010f000, len 1384, room 16 
tail 8
chksum 0x2d
csum 0x2d
v8b899c12
~ld


6.01
 0h00:03.058 2021/05/18T07:34:04z: DS3231
 0h00:03.073 2021/05/18T07:34:04z: BME280 (0x76)
 0h00:03.087 2021/05/18T07:34:04z: 10:52:1c:4d:aa:9c
 0h00:03.089 2021/05/18T07:34:04z: SSID: Apollonia Students Halls
 0h00:03.094 2021/05/18T07:34:04z: AP_STAR tmr
 ets Jan  8 2013,rst cause:1, boot mode:(3,7)

load 0x4010f000, len 1384, room 16 
tail 8
chksum 0x2d
csum 0x2d
v8b899c12
~ld


6.01
 0h00:03.021 2021/05/18T07:54:01z: DS3231
 0h00:03.037 2021/05/18T07:54:01z: BME280 (0x76)
 0h00:03.051 2021/05/18T07:54:01z: 10:52:1c:4d:aa:9c
 0h00:03.053 2021/05/18T07:54:01z: SSID: Apollonia Students Halls
 0h00:03.058 2021/05/18T07:54:01z: AP_STAR tmr
 ets Jan  8 2013,rst cause:1, boot mode:(3,7)

load 0x4010f000, len 1384, room 16 
tail 8
chksum 0x2d
csum 0x2d
v8b899c12
~ld


6.01
 0h00:03.029 2021/05/18T08:13:57z: DS3231
 0h00:03.045 2021/05/18T08:13:57z: BME280 (0x76)
 0h00:03.059 2021/05/18T08:13:57z: 10:52:1c:4d:aa:9c
 0h00:03.060 2021/05/18T08:13:57z: SSID: Apollonia Students Halls
 0h00:03.066 2021/05/18T08:13:57z: AP_STAR tmr
 ets Jan  8 2013,rst cause:1, boot mode:(3,7)

load 0x4010f000, len 1384, room 16 
tail 8
chksum 0x2d
csum 0x2d
v8b899c12
~ld


6.01
 0h00:03.031 2021/05/18T08:33:54z: DS3231
 0h00:03.046 2021/05/18T08:33:54z: BME280 (0x76)
 0h00:03.060 2021/05/18T08:33:54z: 10:52:1c:4d:aa:9c
 0h00:03.062 2021/05/18T08:33:54z: SSID: Apollonia Students Halls
 0h00:03.067 2021/05/18T08:33:54z: AP_STAR tmr
 ets Jan  8 2013,rst cause:1, boot mode:(3,7)

load 0x4010f000, len 1384, room 16 
tail 8
chksum 0x2d
csum 0x2d
v8b899c12
~ld


6.01
 0h00:03.030 2021/05/18T08:53:50z: DS3231
 0h00:03.045 2021/05/18T08:53:50z: BME280 (0x76)
 0h00:03.059 2021/05/18T08:53:50z: 10:52:1c:4d:aa:9c
 0h00:03.061 2021/05/18T08:53:50z: SSID: Apollonia Students Halls
 0h00:03.066 2021/05/18T08:53:50z: AP_STAR tmr
 ets Jan  8 2013,rst cause:1, boot mode:(3,7)

load 0x4010f000, len 1384, room 16 
tail 8
chksum 0x2d
csum 0x2d
v8b899c12
~ld


6.01
 0h00:03.038 2021/05/18T09:13:46z: DS3231
 0h00:03.053 2021/05/18T09:13:46z: BME280 (0x76)
 0h00:03.067 2021/05/18T09:13:47z: 10:52:1c:4d:aa:9c
 0h00:03.069 2021/05/18T09:13:47z: SSID: Apollonia Students Halls
 0h00:03.074 2021/05/18T09:13:47z: AP_STAR tmr
 ets Jan  8 2013,rst cause:1, boot mode:(3,7)

load 0x4010f000, len 1384, room 16 
tail 8
chksum 0x2d
csum 0x2d
v8b899c12
~ld


6.01
 0h00:03.048 2021/05/18T09:33:43z: DS3231
 0h00:03.063 2021/05/18T09:33:43z: BME280 (0x76)
 0h00:03.077 2021/05/18T09:33:43z: 10:52:1c:4d:aa:9c
 0h00:03.079 2021/05/18T09:33:43z: SSID: Apollonia Students Halls
 0h00:03.084 2021/05/18T09:33:43z: AP_STAR tmr
 ets Jan  8 2013,rst cause:1, boot mode:(3,7)

load 0x4010f000, len 1384, room 16 
tail 8
chksum 0x2d
csum 0x2d
v8b899c12
~ld


6.01
 0h00:03.050 2021/05/18T09:53:40z: DS3231
 0h00:03.065 2021/05/18T09:53:40z: BME280 (0x76)
 0h00:03.079 2021/05/18T09:53:40z: 10:52:1c:4d:aa:9c
 0h00:03.081 2021/05/18T09:53:40z: SSID: Apollonia Students Halls
 0h00:03.086 2021/05/18T09:53:40z: AP_STAR tmr
 ets Jan  8 2013,rst cause:1, boot mode:(3,7)

load 0x4010f000, len 1384, room 16 
tail 8
chksum 0x2d
csum 0x2d
v8b899c12
~ld


6.01
 0h00:03.054 2021/05/18T10:13:35z: DS3231
 0h00:03.069 2021/05/18T10:13:35z: BME280 (0x76)
 0h00:03.083 2021/05/18T10:13:35z: 10:52:1c:4d:aa:9c
 0h00:03.085 2021/05/18T10:13:35z: SSID: Apollonia Students Halls
 0h00:03.090 2021/05/18T10:13:35z: AP_STAR tmr
 ets Jan  8 2013,rst cause:1, boot mode:(3,7)

load 0x4010f000, len 1384, room 16 
tail 8
chksum 0x2d
csum 0x2d
v8b899c12
~ld


6.01
 0h00:03.029 2021/05/18T10:33:32z: DS3231
 0h00:03.044 2021/05/18T10:33:32z: BME280 (0x76)
 0h00:03.059 2021/05/18T10:33:32z: 10:52:1c:4d:aa:9c
 0h00:03.060 2021/05/18T10:33:32z: SSID: Apollonia Students Halls
 0h00:03.065 2021/05/18T10:33:32z: AP_STAR tmr
 ets Jan  8 2013,rst cause:1, boot mode:(3,7)

load 0x4010f000, len 1384, room 16 
tail 8
chksum 0x2d
csum 0x2d
v8b899c12
~ld


6.01
 0h00:03.026 2021/05/18T10:53:28z: DS3231
 0h00:03.042 2021/05/18T10:53:28z: BME280 (0x76)
 0h00:03.056 2021/05/18T10:53:28z: 10:52:1c:4d:aa:9c
 0h00:03.058 2021/05/18T10:53:28z: SSID: Apollonia Students Halls
 0h00:03.063 2021/05/18T10:53:28z: AP_STAR tmr
 ets Jan  8 2013,rst cause:1, boot mode:(3,7)

load 0x4010f000, len 1384, room 16 
tail 8
chksum 0x2d
csum 0x2d
v8b899c12
~ld


6.01
 0h00:03.030 2021/05/18T11:13:24z: DS3231
 0h00:03.045 2021/05/18T11:13:24z: BME280 (0x76)
 0h00:03.059 2021/05/18T11:13:24z: 10:52:1c:4d:aa:9c
 0h00:03.061 2021/05/18T11:13:24z: SSID: Apollonia Students Halls
 0h00:03.066 2021/05/18T11:13:24z: AP_STAR tmr
 ets Jan  8 2013,rst cause:1, boot mode:(3,7)

load 0x4010f000, len 1384, room 16 
tail 8
chksum 0x2d
csum 0x2d
v8b899c12
~ld


6.01
 0h00:03.028 2021/05/18T11:33:20z: DS3231
 0h00:03.043 2021/05/18T11:33:20z: BME280 (0x76)
 0h00:03.057 2021/05/18T11:33:20z: 10:52:1c:4d:aa:9c
 0h00:03.059 2021/05/18T11:33:20z: SSID: Apollonia Students Halls
 0h00:03.064 2021/05/18T11:33:20z: AP_STAR tmr
 ets Jan  8 2013,rst cause:1, boot mode:(3,7)

load 0x4010f000, len 1384, room 16 
tail 8
chksum 0x2d
csum 0x2d
v8b899c12
~ld


6.01
 0h00:03.032 2021/05/18T11:53:16z: DS3231
 0h00:03.048 2021/05/18T11:53:16z: BME280 (0x76)
 0h00:03.062 2021/05/18T11:53:16z: 10:52:1c:4d:aa:9c
 0h00:03.064 2021/05/18T11:53:16z: SSID: Apollonia Students Halls
 0h00:03.069 2021/05/18T11:53:16z: AP_STAR tmr
 ets Jan  8 2013,rst cause:1, boot mode:(3,7)

load 0x4010f000, len 1384, room 16 
tail 8
chksum 0x2d
csum 0x2d
v8b899c12
~ld


6.01
 0h00:03.039 2021/05/18T12:13:12z: DS3231
 0h00:03.055 2021/05/18T12:13:13z: BME280 (0x76)
 0h00:03.069 2021/05/18T12:13:13z: 10:52:1c:4d:aa:9c
 0h00:03.070 2021/05/18T12:13:13z: SSID: Apollonia Students Halls
 0h00:03.076 2021/05/18T12:13:13z: AP_STAR tmr
 ets Jan  8 2013,rst cause:1, boot mode:(3,7)

load 0x4010f000, len 1384, room 16 
tail 8
chksum 0x2d
csum 0x2d
v8b899c12
~ld


6.01
 0h00:03.049 2021/05/18T12:33:09z: DS3231
 0h00:03.064 2021/05/18T12:33:09z: BME280 (0x76)
 0h00:03.079 2021/05/18T12:33:09z: 10:52:1c:4d:aa:9c
 0h00:03.080 2021/05/18T12:33:09z: SSID: Apollonia Students Halls
 0h00:03.086 2021/05/18T12:33:09z: AP_STAR tmr
 ets Jan  8 2013,rst cause:1, boot mode:(3,7)

load 0x4010f000, len 1384, room 16 
tail 8
chksum 0x2d
csum 0x2d
v8b899c12
~ld


6.01
 0h00:03.056 2021/05/18T12:53:05z: DS3231
 0h00:03.071 2021/05/18T12:53:05z: BME280 (0x76)
 0h00:03.085 2021/05/18T12:53:05z: 10:52:1c:4d:aa:9c
 0h00:03.087 2021/05/18T12:53:05z: SSID: Apollonia Students Halls
 0h00:03.092 2021/05/18T12:53:05z: AP_STAR tmr
 ets Jan  8 2013,rst cause:1, boot mode:(3,7)

load 0x4010f000, len 1384, room 16 
tail 8
chksum 0x2d
csum 0x2d
v8b899c12
~ld


6.01
 0h00:03.022 2021/05/18T13:13:01z: DS3231
 0h00:03.037 2021/05/18T13:13:01z: BME280 (0x76)
 0h00:03.051 2021/05/18T13:13:01z: 10:52:1c:4d:aa:9c
 0h00:03.053 2021/05/18T13:13:01z: SSID: Apollonia Students Halls
 0h00:03.058 2021/05/18T13:13:01z: AP_STAR tmr
 ets Jan  8 2013,rst cause:1, boot mode:(3,7)

load 0x4010f000, len 1384, room 16 
tail 8
chksum 0x2d
csum 0x2d
v8b899c12
~ld


6.01
 0h00:03.023 2021/05/18T13:32:57z: DS3231
 0h00:03.039 2021/05/18T13:32:57z: BME280 (0x76)
 0h00:03.053 2021/05/18T13:32:57z: 10:52:1c:4d:aa:9c
 0h00:03.055 2021/05/18T13:32:57z: SSID: Apollonia Students Halls
 0h00:03.060 2021/05/18T13:32:57z: AP_STAR tmr
 ets Jan  8 2013,rst cause:1, boot mode:(3,7)

load 0x4010f000, len 1384, room 16 
tail 8
chksum 0x2d
csum 0x2d
v8b899c12
~ld


6.01
 0h00:03.024 2021/05/18T13:52:53z: DS3231
 0h00:03.039 2021/05/18T13:52:53z: BME280 (0x76)
 0h00:03.054 2021/05/18T13:52:53z: 10:52:1c:4d:aa:9c
 0h00:03.055 2021/05/18T13:52:53z: SSID: Apollonia Students Halls
 0h00:03.060 2021/05/18T13:52:53z: AP_STAR tmr
 ets Jan  8 2013,rst cause:1, boot mode:(3,7)

load 0x4010f000, len 1384, room 16 
tail 8
chksum 0x2d
csum 0x2d
v8b899c12
~ld


6.01
 0h00:03.023 2021/05/18T14:12:49z: DS3231
 0h00:03.038 2021/05/18T14:12:49z: BME280 (0x76)
 0h00:03.052 2021/05/18T14:12:49z: 10:52:1c:4d:aa:9c
 0h00:03.054 2021/05/18T14:12:49z: SSID: Apollonia Students Halls
 0h00:03.059 2021/05/18T14:12:49z: AP_STAR tmr
 ets Jan  8 2013,rst cause:1, boot mode:(3,7)

load 0x4010f000, len 1384, room 16 
tail 8
chksum 0x2d
csum 0x2d
v8b899c12
~ld


6.01
 0h00:03.032 2021/05/18T14:32:45z: DS3231
 0h00:03.047 2021/05/18T14:32:45z: BME280 (0x76)
 0h00:03.061 2021/05/18T14:32:45z: 10:52:1c:4d:aa:9c
 0h00:03.063 2021/05/18T14:32:45z: SSID: Apollonia Students Halls
 0h00:03.068 2021/05/18T14:32:45z: AP_STAR tmr
 ets Jan  8 2013,rst cause:1, boot mode:(3,7)

load 0x4010f000, len 1384, room 16 
tail 8
chksum 0x2d
csum 0x2d
v8b899c12
~ld


6.01
 0h00:03.037 2021/05/18T14:52:41z: DS3231
 0h00:03.052 2021/05/18T14:52:41z: BME280 (0x76)
 0h00:03.067 2021/05/18T14:52:41z: 10:52:1c:4d:aa:9c
 0h00:03.068 2021/05/18T14:52:41z: SSID: Apollonia Students Halls
 0h00:03.073 2021/05/18T14:52:41z: AP_STAR tmr
 ets Jan  8 2013,rst cause:1, boot mode:(3,7)

load 0x4010f000, len 1384, room 16 
tail 8
chksum 0x2d
csum 0x2d
v8b899c12
~ld


6.01
 0h00:03.046 2021/05/18T15:12:38z: DS3231
 0h00:03.061 2021/05/18T15:12:38z: BME280 (0x76)
 0h00:03.075 2021/05/18T15:12:38z: 10:52:1c:4d:aa:9c
 0h00:03.077 2021/05/18T15:12:38z: SSID: Apollonia Students Halls
 0h00:03.082 2021/05/18T15:12:38z: AP_STAR tmr
 ets Jan  8 2013,rst cause:1, boot mode:(3,7)

load 0x4010f000, len 1384, room 16 
tail 8
chksum 0x2d
csum 0x2d
v8b899c12
~ld


6.01
 0h00:03.044 2021/05/18T15:32:35z: DS3231
 0h00:03.059 2021/05/18T15:32:35z: BME280 (0x76)
 0h00:03.073 2021/05/18T15:32:35z: 10:52:1c:4d:aa:9c
 0h00:03.075 2021/05/18T15:32:35z: SSID: Apollonia Students Halls
 0h00:03.080 2021/05/18T15:32:35z: AP_STAR tmr
 ets Jan  8 2013,rst cause:1, boot mode:(3,7)

load 0x4010f000, len 1384, room 16 
tail 8
chksum 0x2d
csum 0x2d
v8b899c12
~ld


6.01
 0h00:03.023 2021/05/18T15:52:31z: DS3231
 0h00:03.038 2021/05/18T15:52:31z: BME280 (0x76)
 0h00:03.052 2021/05/18T15:52:31z: 10:52:1c:4d:aa:9c
 0h00:03.054 2021/05/18T15:52:31z: SSID: Apollonia Students Halls
 0h00:03.059 2021/05/18T15:52:31z: AP_STAR tmr
 ets Jan  8 2013,rst cause:1, boot mode:(3,7)

load 0x4010f000, len 1384, room 16 
tail 8
chksum 0x2d
csum 0x2d
v8b899c12
~ld


6.01
 0h00:03.022 2021/05/18T16:12:27z: DS3231
 0h00:03.037 2021/05/18T16:12:27z: BME280 (0x76)
 0h00:03.051 2021/05/18T16:12:27z: 10:52:1c:4d:aa:9c
 0h00:03.053 2021/05/18T16:12:27z: SSID: Apollonia Students Halls
 0h00:03.058 2021/05/18T16:12:27z: AP_STAR tmr
 ets Jan  8 2013,rst cause:1, boot mode:(3,7)

load 0x4010f000, len 1384, room 16 
tail 8
chksum 0x2d
csum 0x2d
v8b899c12
~ld


6.01
 0h00:03.023 2021/05/18T16:32:23z: DS3231
 0h00:03.038 2021/05/18T16:32:23z: BME280 (0x76)
 0h00:03.052 2021/05/18T16:32:23z: 10:52:1c:4d:aa:9c
 0h00:03.054 2021/05/18T16:32:23z: SSID: Apollonia Students Halls
 0h00:03.059 2021/05/18T16:32:23z: AP_STAR tmr
 ets Jan  8 2013,rst cause:1, boot mode:(3,7)

load 0x4010f000, len 1384, room 16 
tail 8
chksum 0x2d
csum 0x2d
v8b899c12
~ld


6.01
 0h00:03.020 2021/05/18T16:52:19z: DS3231
 0h00:03.035 2021/05/18T16:52:19z: BME280 (0x76)
 0h00:03.049 2021/05/18T16:52:19z: 10:52:1c:4d:aa:9c
 0h00:03.051 2021/05/18T16:52:19z: SSID: Apollonia Students Halls
 0h00:03.056 2021/05/18T16:52:19z: AP_STAR tmr
 ets Jan  8 2013,rst cause:1, boot mode:(3,7)

load 0x4010f000, len 1384, room 16 
tail 8
chksum 0x2d
csum 0x2d
v8b899c12
~ld


6.01
 0h00:03.035 2021/05/18T17:12:16z: DS3231
 0h00:03.050 2021/05/18T17:12:16z: BME280 (0x76)
 0h00:03.064 2021/05/18T17:12:16z: 10:52:1c:4d:aa:9c
 0h00:03.066 2021/05/18T17:12:16z: SSID: Apollonia Students Halls
 0h00:03.071 2021/05/18T17:12:16z: AP_STAR tmr
 ets Jan  8 2013,rst cause:1, boot mode:(3,7)

load 0x4010f000, len 1384, room 16 
tail 8
chksum 0x2d
csum 0x2d
v8b899c12
~ld


6.01
 0h00:03.038 2021/05/18T17:32:12z: DS3231
 0h00:03.053 2021/05/18T17:32:12z: BME280 (0x76)
 0h00:03.068 2021/05/18T17:32:12z: 10:52:1c:4d:aa:9c
 0h00:03.069 2021/05/18T17:32:12z: SSID: Apollonia Students Halls
 0h00:03.074 2021/05/18T17:32:12z: AP_STAR tmr
 ets Jan  8 2013,rst cause:1, boot mode:(3,7)

load 0x4010f000, len 1384, room 16 
tail 8
chksum 0x2d
csum 0x2d
v8b899c12
~ld


6.01
 0h00:03.040 2021/05/18T17:52:08z: DS3231
 0h00:03.055 2021/05/18T17:52:08z: BME280 (0x76)
 0h00:03.069 2021/05/18T17:52:08z: 10:52:1c:4d:aa:9c
 0h00:03.071 2021/05/18T17:52:08z: SSID: Apollonia Students Halls
 0h00:03.076 2021/05/18T17:52:08z: AP_STAR tmr
 ets Jan  8 2013,rst cause:1, boot mode:(3,7)

load 0x4010f000, len 1384, room 16 
tail 8
chksum 0x2d
csum 0x2d
v8b899c12
~ld


6.01
 0h00:03.050 2021/05/18T18:12:05z: DS3231
 0h00:03.066 2021/05/18T18:12:05z: BME280 (0x76)
 0h00:03.080 2021/05/18T18:12:05z: 10:52:1c:4d:aa:9c
 0h00:03.082 2021/05/18T18:12:05z: SSID: Apollonia Students Halls
 0h00:03.087 2021/05/18T18:12:05z: AP_STAR tmr
 ets Jan  8 2013,rst cause:1, boot mode:(3,7)

load 0x4010f000, len 1384, room 16 
tail 8
chksum 0x2d
csum 0x2d
v8b899c12
~ld


6.01
 0h00:03.026 2021/05/18T18:32:01z: DS3231
 0h00:03.041 2021/05/18T18:32:01z: BME280 (0x76)
 0h00:03.055 2021/05/18T18:32:01z: 10:52:1c:4d:aa:9c
 0h00:03.057 2021/05/18T18:32:01z: SSID: Apollonia Students Halls
 0h00:03.062 2021/05/18T18:32:01z: AP_STAR tmr
 ets Jan  8 2013,rst cause:1, boot mode:(3,7)

load 0x4010f000, len 1384, room 16 
tail 8
chksum 0x2d
csum 0x2d
v8b899c12
~ld


6.01
 0h00:03.029 2021/05/18T18:51:57z: DS3231
 0h00:03.044 2021/05/18T18:51:57z: BME280 (0x76)
 0h00:03.058 2021/05/18T18:51:57z: 10:52:1c:4d:aa:9c
 0h00:03.060 2021/05/18T18:51:57z: SSID: Apollonia Students Halls
 0h00:03.065 2021/05/18T18:51:57z: AP_STAR tmr
 ets Jan  8 2013,rst cause:1, boot mode:(3,7)

load 0x4010f000, len 1384, room 16 
tail 8
chksum 0x2d
csum 0x2d
v8b899c12
~ld


6.01
 0h00:03.027 2021/05/18T19:11:53z: DS3231
 0h00:03.042 2021/05/18T19:11:53z: BME280 (0x76)
 0h00:03.056 2021/05/18T19:11:53z: 10:52:1c:4d:aa:9c
 0h00:03.058 2021/05/18T19:11:53z: SSID: Apollonia Students Halls
 0h00:03.063 2021/05/18T19:11:53z: AP_STAR tmr
 ets Jan  8 2013,rst cause:1, boot mode:(3,7)

load 0x4010f000, len 1384, room 16 
tail 8
chksum 0x2d
csum 0x2d
v8b899c12
~ld


6.01
 0h00:03.026 2021/05/18T19:31:49z: DS3231
 0h00:03.041 2021/05/18T19:31:49z: BME280 (0x76)
 0h00:03.055 2021/05/18T19:31:49z: 10:52:1c:4d:aa:9c
 0h00:03.057 2021/05/18T19:31:49z: SSID: Apollonia Students Halls
 0h00:03.062 2021/05/18T19:31:50z: AP_STAR tmr
 ets Jan  8 2013,rst cause:1, boot mode:(3,7)

load 0x4010f000, len 1384, room 16 
tail 8
chksum 0x2d
csum 0x2d
v8b899c12
~ld


6.01
 0h00:03.030 2021/05/18T19:51:46z: DS3231
 0h00:03.045 2021/05/18T19:51:46z: BME280 (0x76)
 0h00:03.059 2021/05/18T19:51:46z: 10:52:1c:4d:aa:9c
 0h00:03.061 2021/05/18T19:51:46z: SSID: Apollonia Students Halls
 0h00:03.066 2021/05/18T19:51:46z: AP_STAR tmr
 ets Jan  8 2013,rst cause:1, boot mode:(3,7)

load 0x4010f000, len 1384, room 16 
tail 8
chksum 0x2d
csum 0x2d
v8b899c12
~ld


6.01
 0h00:03.041 2021/05/18T20:11:42z: DS3231
 0h00:03.056 2021/05/18T20:11:42z: BME280 (0x76)
 0h00:03.071 2021/05/18T20:11:42z: 10:52:1c:4d:aa:9c
 0h00:03.072 2021/05/18T20:11:42z: SSID: Apollonia Students Halls
 0h00:03.077 2021/05/18T20:11:42z: AP_STAR tmr
 ets Jan  8 2013,rst cause:1, boot mode:(3,7)

load 0x4010f000, len 1384, room 16 
tail 8
chksum 0x2d
csum 0x2d
v8b899c12
~ld


6.01
 0h00:03.050 2021/05/18T20:31:38z: DS3231
 0h00:03.065 2021/05/18T20:31:38z: BME280 (0x76)
 0h00:03.080 2021/05/18T20:31:38z: 10:52:1c:4d:aa:9c
 0h00:03.081 2021/05/18T20:31:38z: SSID: Apollonia Students Halls
 0h00:03.086 2021/05/18T20:31:38z: AP_STAR tmr
 ets Jan  8 2013,rst cause:1, boot mode:(3,7)

load 0x4010f000, len 1384, room 16 
tail 8
chksum 0x2d
csum 0x2d
v8b899c12
~ld


6.01
 0h00:03.053 2021/05/18T20:51:34z: DS3231
 0h00:03.069 2021/05/18T20:51:34z: BME280 (0x76)
 0h00:03.083 2021/05/18T20:51:34z: 10:52:1c:4d:aa:9c
 0h00:03.085 2021/05/18T20:51:34z: SSID: Apollonia Students Halls
 0h00:03.090 2021/05/18T20:51:34z: AP_STAR tmr
 ets Jan  8 2013,rst cause:1, boot mode:(3,7)

load 0x4010f000, len 1384, room 16 
tail 8
chksum 0x2d
csum 0x2d
v8b899c12
~ld


6.01
 0h00:03.027 2021/05/18T21:11:29z: DS3231
 0h00:03.042 2021/05/18T21:11:29z: BME280 (0x76)
 0h00:03.056 2021/05/18T21:11:29z: 10:52:1c:4d:aa:9c
 0h00:03.058 2021/05/18T21:11:29z: SSID: Apollonia Students Halls
 0h00:03.063 2021/05/18T21:11:29z: AP_STAR tmr
 ets Jan  8 2013,rst cause:1, boot mode:(3,7)

load 0x4010f000, len 1384, room 16 
tail 8
chksum 0x2d
csum 0x2d
v8b899c12
~ld


6.01
 0h00:03.023 2021/05/18T21:31:26z: DS3231
 0h00:03.038 2021/05/18T21:31:26z: BME280 (0x76)
 0h00:03.052 2021/05/18T21:31:26z: 10:52:1c:4d:aa:9c
 0h00:03.054 2021/05/18T21:31:26z: SSID: Apollonia Students Halls
 0h00:03.059 2021/05/18T21:31:26z: AP_STAR tmr
 ets Jan  8 2013,rst cause:1, boot mode:(3,7)

load 0x4010f000, len 1384, room 16 
tail 8
chksum 0x2d
csum 0x2d
v8b899c12
~ld


6.01
 0h00:03.027 2021/05/18T21:51:22z: DS3231
 0h00:03.042 2021/05/18T21:51:22z: BME280 (0x76)
 0h00:03.056 2021/05/18T21:51:22z: 10:52:1c:4d:aa:9c
 0h00:03.058 2021/05/18T21:51:22z: SSID: Apollonia Students Halls
 0h00:03.063 2021/05/18T21:51:22z: AP_STAR tmr
 ets Jan  8 2013,rst cause:1, boot mode:(3,7)

load 0x4010f000, len 1384, room 16 
tail 8
chksum 0x2d
csum 0x2d
v8b899c12
~ld


6.01
 0h00:03.029 2021/05/18T22:11:18z: DS3231
 0h00:03.044 2021/05/18T22:11:18z: BME280 (0x76)
 0h00:03.058 2021/05/18T22:11:18z: 10:52:1c:4d:aa:9c
 0h00:03.060 2021/05/18T22:11:18z: SSID: Apollonia Students Halls
 0h00:03.065 2021/05/18T22:11:18z: AP_STAR tmr
 ets Jan  8 2013,rst cause:1, boot mode:(3,7)

load 0x4010f000, len 1384, room 16 
tail 8
chksum 0x2d
csum 0x2d
v8b899c12
~ld


6.01
 0h00:03.036 2021/05/18T22:31:14z: DS3231
 0h00:03.051 2021/05/18T22:31:14z: BME280 (0x76)
 0h00:03.065 2021/05/18T22:31:14z: 10:52:1c:4d:aa:9c
 0h00:03.067 2021/05/18T22:31:14z: SSID: Apollonia Students Halls
 0h00:03.072 2021/05/18T22:31:14z: AP_STAR tmr
 ets Jan  8 2013,rst cause:1, boot mode:(3,7)

load 0x4010f000, len 1384, room 16 
tail 8
chksum 0x2d
csum 0x2d
v8b899c12
~ld


6.01
 0h00:03.036 2021/05/18T22:51:10z: DS3231
 0h00:03.051 2021/05/18T22:51:10z: BME280 (0x76)
 0h00:03.066 2021/05/18T22:51:10z: 10:52:1c:4d:aa:9c
 0h00:03.067 2021/05/18T22:51:10z: SSID: Apollonia Students Halls
 0h00:03.073 2021/05/18T22:51:10z: AP_STAR tmr
 ets Jan  8 2013,rst cause:1, boot mode:(3,7)

load 0x4010f000, len 1384, room 16 
tail 8
chksum 0x2d
csum 0x2d
v8b899c12
~ld


6.01
 0h00:03.049 2021/05/18T23:11:06z: DS3231
 0h00:03.065 2021/05/18T23:11:06z: BME280 (0x76)
 0h00:03.079 2021/05/18T23:11:06z: 10:52:1c:4d:aa:9c
 0h00:03.081 2021/05/18T23:11:06z: SSID: Apollonia Students Halls
 0h00:03.086 2021/05/18T23:11:06z: AP_STAR tmr
 ets Jan  8 2013,rst cause:1, boot mode:(3,7)

load 0x4010f000, len 1384, room 16 
tail 8
chksum 0x2d
csum 0x2d
v8b899c12
~ld


6.01
 0h00:03.051 2021/05/18T23:31:01z: DS3231
 0h00:03.066 2021/05/18T23:31:01z: BME280 (0x76)
 0h00:03.080 2021/05/18T23:31:01z: 10:52:1c:4d:aa:9c
 0h00:03.082 2021/05/18T23:31:01z: SSID: Apollonia Students Halls
 0h00:03.087 2021/05/18T23:31:01z: AP_STAR tmr
 ets Jan  8 2013,rst cause:1, boot mode:(3,7)

load 0x4010f000, len 1384, room 16 
tail 8
chksum 0x2d
csum 0x2d
v8b899c12
~ld


6.01
 0h00:03.025 2021/05/18T23:50:58z: DS3231
 0h00:03.040 2021/05/18T23:50:58z: BME280 (0x76)
 0h00:03.054 2021/05/18T23:50:58z: 10:52:1c:4d:aa:9c
 0h00:03.056 2021/05/18T23:50:58z: SSID: Apollonia Students Halls
 0h00:03.061 2021/05/18T23:50:58z: AP_STA