R tmr
 ets Jan  8 2013,rst cause:1, boot mode:(3,7)

load 0x4010f000, len 1384, room 16 
tail 8
chksum 0x2d
csum 0x2d
v8b899c12
~ld


6.01
 0h00:02.998 2021/06/16T00:11:44z: DS3231
 0h00:03.013 2021/06/16T00:11:44z: BME280 (0x76)
 0h00:03.027 2021/06/16T00:11:44z: 10:52:1c:41:79:b5
 0h00:03.029 2021/06/16T00:11:44z: SSID: ARRIS-5A97
 0h00:03.034 2021/06/16T00:11:44z: AP_STAR tmr
 ets Jan  8 2013,rst cause:1, boot mode:(3,7)

load 0x4010f000, len 1384, room 16 
tail 8
chksum 0x2d
csum 0x2d
v8b899c12
~ld


6.01
 0h00:02.999 2021/06/16T00:31:40z: DS3231
 0h00:03.014 2021/06/16T00:31:40z: BME280 (0x76)
 0h00:03.028 2021/06/16T00:31:40z: 10:52:1c:41:79:b5
 0h00:03.030 2021/06/16T00:31:40z: SSID: ARRIS-5A97
 0h00:03.035 2021/06/16T00:31:40z: AP_STAR tmr
 ets Jan  8 2013,rst cause:1, boot mode:(3,7)

load 0x4010f000, len 1384, room 16 
tail 8
chksum 0x2d
csum 0x2d
v8b899c12
~ld


6.01
 0h00:02.997 2021/06/16T00:51:36z: DS3231
 0h00:03.013 2021/06/16T00:51:36z: BME280 (0x76)
 0h00:03.027 2021/06/16T00:51:36z: 10:52:1c:41:79:b5
 0h00:03.029 2021/06/16T00:51:36z: SSID: ARRIS-5A97
 0h00:03.034 2021/06/16T00:51:36z: AP_STAR tmr
 ets Jan  8 2013,rst cause:1, boot mode:(3,7)

load 0x4010f000, len 1384, room 16 
tail 8
chksum 0x2d
csum 0x2d
v8b899c12
~ld


6.01
 0h00:02.997 2021/06/16T01:11:32z: DS3231
 0h00:03.012 2021/06/16T01:11:32z: BME280 (0x76)
 0h00:03.027 2021/06/16T01:11:32z: 10:52:1c:41:79:b5
 0h00:03.028 2021/06/16T01:11:32z: SSID: ARRIS-5A97
 0h00:03.033 2021/06/16T01:11:32z: AP_STAR tmr
 ets Jan  8 2013,rst cause:1, boot mode:(3,7)

load 0x4010f000, len 1384, room 16 
tail 8
chksum 0x2d
csum 0x2d
v8b899c12
~ld


6.01
 0h00:03.013 2021/06/16T01:31:29z: DS3231
 0h00:03.028 2021/06/16T01:31:29z: BME280 (0x76)
 0h00:03.042 2021/06/16T01:31:29z: 10:52:1c:41:79:b5
 0h00:03.044 2021/06/16T01:31:29z: SSID: ARRIS-5A97
 0h00:03.049 2021/06/16T01:31:29z: AP_STAR tmr
 ets Jan  8 2013,rst cause:1, boot mode:(3,7)

load 0x4010f000, len 1384, room 16 
tail 8
chksum 0x2d
csum 0x2d
v8b899c12
~ld


6.01
 0h00:03.017 2021/06/16T01:51:24z: DS3231
 0h00:03.033 2021/06/16T01:51:24z: BME280 (0x76)
 0h00:03.047 2021/06/16T01:51:24z: 10:52:1c:41:79:b5
 0h00:03.049 2021/06/16T01:51:24z: SSID: ARRIS-5A97
 0h00:03.054 2021/06/16T01:51:24z: AP_STAR tmr
 ets Jan  8 2013,rst cause:1, boot mode:(3,7)

load 0x4010f000, len 1384, room 16 
tail 8
chksum 0x2d
csum 0x2d
v8b899c12
~ld


6.01
 0h00:03.020 2021/06/16T02:11:20z: DS3231
 0h00:03.035 2021/06/16T02:11:20z: BME280 (0x76)
 0h00:03.049 2021/06/16T02:11:20z: 10:52:1c:41:79:b5
 0h00:03.051 2021/06/16T02:11:20z: SSID: ARRIS-5A97
 0h00:03.056 2021/06/16T02:11:20z: AP_STAR tmr
 ets Jan  8 2013,rst cause:1, boot mode:(3,7)

load 0x4010f000, len 1384, room 16 
tail 8
chksum 0x2d
csum 0x2d
v8b899c12
~ld


6.01
 0h00:02.998 2021/06/16T02:31:16z: DS3231
 0h00:03.013 2021/06/16T02:31:16z: BME280 (0x76)
 0h00:03.027 2021/06/16T02:31:16z: 10:52:1c:41:79:b5
 0h00:03.029 2021/06/16T02:31:16z: SSID: ARRIS-5A97
 0h00:03.034 2021/06/16T02:31:16z: AP_STAR tmr
 ets Jan  8 2013,rst cause:1, boot mode:(3,7)

load 0x4010f000, len 1384, room 16 
tail 8
chksum 0x2d
csum 0x2d
v8b899c12
~ld


6.01
 0h00:03.001 2021/06/16T02:51:12z: DS3231
 0h00:03.017 2021/06/16T02:51:12z: BME280 (0x76)
 0h00:03.031 2021/06/16T02:51:12z: 10:52:1c:41:79:b5
 0h00:03.032 2021/06/16T02:51:12z: SSID: ARRIS-5A97
 0h00:03.038 2021/06/16T02:51:12z: AP_STAR tmr
 ets Jan  8 2013,rst cause:1, boot mode:(3,7)

load 0x4010f000, len 1384, room 16 
tail 8
chksum 0x2d
csum 0x2d
v8b899c12
~ld


6.01
 0h00:03.000 2021/06/16T03:11:09z: DS3231
 0h00:03.015 2021/06/16T03:11:09z: BME280 (0x76)
 0h00:03.029 2021/06/16T03:11:09z: 10:52:1c:41:79:b5
 0h00:03.031 2021/06/16T03:11:09z: SSID: ARRIS-5A97
 0h00:03.036 2021/06/16T03:11:09z: AP_STAR tmr
 ets Jan  8 2013,rst cause:1, boot mode:(3,7)

load 0x4010f000, len 1384, room 16 
tail 8
chksum 0x2d
csum 0x2d
v8b899c12
~ld


6.01
 0h00:03.003 2021/06/16T03:31:05z: DS3231
 0h00:03.019 2021/06/16T03:31:05z: BME280 (0x76)
 0h00:03.033 2021/06/16T03:31:05z: 10:52:1c:41:79:b5
 0h00:03.034 2021/06/16T03:31:05z: SSID: ARRIS-5A97
 0h00:03.040 2021/06/16T03:31:05z: AP_STAR tmr
 ets Jan  8 2013,rst cause:1, boot mode:(3,7)

load 0x4010f000, len 1384, room 16 
tail 8
chksum 0x2d
csum 0x2d
v8b899c12
~ld


6.01
 0h00:03.008 2021/06/16T03:51:01z: DS3231
 0h00:03.023 2021/06/16T03:51:01z: BME280 (0x76)
 0h00:03.037 2021/06/16T03:51:01z: 10:52:1c:41:79:b5
 0h00:03.039 2021/06/16T03:51:01z: SSID: ARRIS-5A97
 0h00:03.044 2021/06/16T03:51:01z: AP_STAR tmr
 ets Jan  8 2013,rst cause:1, boot mode:(3,7)

load 0x4010f000, len 1384, room 16 
tail 8
chksum 0x2d
csum 0x2d
v8b899c12
~ld


6.01
 0h00:03.009 2021/06/16T04:10:57z: DS3231
 0h00:03.025 2021/06/16T04:10:57z: BME280 (0x76)
 0h00:03.039 2021/06/16T04:10:57z: 10:52:1c:41:79:b5
 0h00:03.040 2021/06/16T04:10:57z: SSID: ARRIS-5A97
 0h00:03.046 2021/06/16T04:10:57z: AP_STAR tmr
 ets Jan  8 2013,rst cause:1, boot mode:(3,7)

load 0x4010f000, len 1384, room 16 
tail 8
chksum 0x2d
csum 0x2d
v8b899c12
~ld


6.01
 0h00:03.027 2021/06/16T04:30:53z: DS3231
 0h00:03.042 2021/06/16T04:30:53z: BME280 (0x76)
 0h00:03.056 2021/06/16T04:30:53z: 10:52:1c:41:79:b5
 0h00:03.058 2021/06/16T04:30:53z: SSID: ARRIS-5A97
 0h00:03.063 2021/06/16T04:30:53z: AP_STAR tmr
 ets Jan  8 2013,rst cause:1, boot mode:(3,7)

load 0x4010f000, len 1384, room 16 
tail 8
chksum 0x2d
csum 0x2d
v8b899c12
~ld


6.01
 0h00:03.026 2021/06/16T04:50:48z: DS3231
 0h00:03.042 2021/06/16T04:50:48z: BME280 (0x76)
 0h00:03.056 2021/06/16T04:50:48z: 10:52:1c:41:79:b5
 0h00:03.058 2021/06/16T04:50:48z: SSID: ARRIS-5A97
 0h00:03.063 2021/06/16T04:50:48z: AP_STAR tmr
 ets Jan  8 2013,rst cause:1, boot mode:(3,7)

load 0x4010f000, len 1384, room 16 
tail 8
chksum 0x2d
csum 0x2d
v8b899c12
~ld


6.01
 0h00:03.008 2021/06/16T05:10:44z: DS3231
 0h00:03.023 2021/06/16T05:10:44z: BME280 (0x76)
 0h00:03.037 2021/06/16T05:10:44z: 10:52:1c:41:79:b5
 0h00:03.039 2021/06/16T05:10:44z: SSID: ARRIS-5A97
 0h00:03.044 2021/06/16T05:10:44z: AP_STAR tmr
 ets Jan  8 2013,rst cause:1, boot mode:(3,7)

load 0x4010f000, len 1384, room 16 
tail 8
chksum 0x2d
csum 0x2d
v8b899c12
~ld


6.01
 0h00:03.006 2021/06/16T05:30:40z: DS3231
 0h00:03.021 2021/06/16T05:30:40z: BME280 (0x76)
 0h00:03.035 2021/06/16T05:30:40z: 10:52:1c:41:79:b5
 0h00:03.037 2021/06/16T05:30:40z: SSID: ARRIS-5A97
 0h00:03.042 2021/06/16T05:30:40z: AP_STAR tmr
 ets Jan  8 2013,rst cause:1, boot mode:(3,7)

load 0x4010f000, len 1384, room 16 
tail 8
chksum 0x2d
csum 0x2d
v8b899c12
~ld


6.01
 0h00:03.011 2021/06/16T05:50:36z: DS3231
 0h00:03.027 2021/06/16T05:50:36z: BME280 (0x76)
 0h00:03.041 2021/06/16T05:50:36z: 10:52:1c:41:79:b5
 0h00:03.043 2021/06/16T05:50:36z: SSID: ARRIS-5A97
 0h00:03.048 2021/06/16T05:50:36z: AP_STAR tmr
 ets Jan  8 2013,rst cause:1, boot mode:(3,7)

load 0x4010f000, len 1384, room 16 
tail 8
chksum 0x2d
csum 0x2d
v8b899c12
~ld


6.01
 0h00:02.998 2021/06/16T06:10:32z: DS3231
 0h00:03.013 2021/06/16T06:10:32z: BME280 (0x76)
 0h00:03.027 2021/06/16T06:10:32z: 10:52:1c:41:79:b5
 0h00:03.029 2021/06/16T06:10:32z: SSID: ARRIS-5A97
 0h00:03.034 2021/06/16T06:10:32z: AP_STAR tmr
 ets Jan  8 2013,rst cause:1, boot mode:(3,7)

load 0x4010f000, len 1384, room 16 
tail 8
chksum 0x2d
csum 0x2d
v8b899c12
~ld


6.01
 0h00:03.002 2021/06/16T06:30:28z: DS3231
 0h00:03.017 2021/06/16T06:30:28z: BME280 (0x76)
 0h00:03.031 2021/06/16T06:30:28z: 10:52:1c:41:79:b5
 0h00:03.033 2021/06/16T06:30:28z: SSID: ARRIS-5A97
 0h00:03.038 2021/06/16T06:30:28z: AP_STAR tmr
 ets Jan  8 2013,rst cause:1, boot mode:(3,7)

load 0x4010f000, len 1384, room 16 
tail 8
chksum 0x2d
csum 0x2d
v8b899c12
~ld


6.01
 0h00:03.009 2021/06/16T06:50:24z: DS3231
 0h00:03.024 2021/06/16T06:50:24z: BME280 (0x76)
 0h00:03.038 2021/06/16T06:50:25z: 10:52:1c:41:79:b5
 0h00:03.040 2021/06/16T06:50:25z: SSID: ARRIS-5A97
 0h00:03.045 2021/06/16T06:50:25z: AP_STAR tmr
 ets Jan  8 2013,rst cause:1, boot mode:(3,7)

load 0x4010f000, len 1384, room 16 
tail 8
chksum 0x2d
csum 0x2d
v8b899c12
~ld


6.01
 0h00:03.012 2021/06/16T07:10:21z: DS3231
 0h00:03.027 2021/06/16T07:10:21z: BME280 (0x76)
 0h00:03.041 2021/06/16T07:10:21z: 10:52:1c:41:79:b5
 0h00:03.043 2021/06/16T07:10:21z: SSID: ARRIS-5A97
 0h00:03.048 2021/06/16T07:10:21z: AP_STAR tmr
 ets Jan  8 2013,rst cause:1, boot mode:(3,7)

load 0x4010f000, len 1384, room 16 
tail 8
chksum 0x2d
csum 0x2d
v8b899c12
~ld


6.01
 0h00:03.026 2021/06/16T07:30:17z: DS3231
 0h00:03.041 2021/06/16T07:30:17z: BME280 (0x76)
 0h00:03.055 2021/06/16T07:30:17z: 10:52:1c:41:79:b5
 0h00:03.057 2021/06/16T07:30:17z: SSID: ARRIS-5A97
 0h00:03.062 2021/06/16T07:30:17z: AP_STAR tmr
 ets Jan  8 2013,rst cause:1, boot mode:(3,7)

load 0x4010f000, len 1384, room 16 
tail 8
chksum 0x2d
csum 0x2d
v8b899c12
~ld


6.01
 0h00:03.007 2021/06/16T07:50:14z: DS3231
 0h00:03.022 2021/06/16T07:50:14z: BME280 (0x76)
 0h00:03.036 2021/06/16T07:50:14z: 10:52:1c:41:79:b5
 0h00:03.038 2021/06/16T07:50:14z: SSID: ARRIS-5A97
 0h00:03.043 2021/06/16T07:50:14z: AP_STAR tmr
 ets Jan  8 2013,rst cause:1, boot mode:(3,7)

load 0x4010f000, len 1384, room 16 
tail 8
chksum 0x2d
csum 0x2d
v8b899c12
~ld


6.01
 0h00:02.999 2021/06/16T08:10:09z: DS3231
 0h00:03.014 2021/06/16T08:10:09z: BME280 (0x76)
 0h00:03.028 2021/06/16T08:10:09z: 10:52:1c:41:79:b5
 0h00:03.030 2021/06/16T08:10:09z: SSID: ARRIS-5A97
 0h00:03.035 2021/06/16T08:10:09z: AP_STAR tmr
 ets Jan  8 2013,rst cause:1, boot mode:(3,7)

load 0x4010f000, len 1384, room 16 
tail 8
chksum 0x2d
csum 0x2d
v8b899c12
~ld


6.01
 0h00:03.002 2021/06/16T08:30:05z: DS3231
 0h00:03.018 2021/06/16T08:30:05z: BME280 (0x76)
 0h00:03.032 2021/06/16T08:30:05z: 10:52:1c:41:79:b5
 0h00:03.034 2021/06/16T08:30:05z: SSID: ARRIS-5A97
 0h00:03.039 2021/06/16T08:30:05z: AP_STAR tmr
 ets Jan  8 2013,rst cause:1, boot mode:(3,7)

load 0x4010f000, len 1384, room 16 
tail 8
chksum 0x2d
csum 0x2d
v8b899c12
~ld


6.01
 0h00:03.006 2021/06/16T08:50:02z: DS3231
 0h00:03.021 2021/06/16T08:50:02z: BME280 (0x76)
 0h00:03.035 2021/06/16T08:50:02z: 10:52:1c:41:79:b5
 0h00:03.037 2021/06/16T08:50:02z: SSID: ARRIS-5A97
 0h00:03.042 2021/06/16T08:50:02z: AP_STAR tmr
 ets Jan  8 2013,rst cause:1, boot mode:(3,7)

load 0x4010f000, len 1384, room 16 
tail 8
chksum 0x2d
csum 0x2d
v8b899c12
~ld


6.01
 0h00:03.002 2021/06/16T09:09:58z: DS3231
 0h00:03.017 2021/06/16T09:09:58z: BME280 (0x76)
 0h00:03.031 2021/06/16T09:09:58z: 10:52:1c:41:79:b5
 0h00:03.033 2021/06/16T09:09:58z: SSID: ARRIS-5A97
 0h00:03.038 2021/06/16T09:09:58z: AP_STAR tmr
 ets Jan  8 2013,rst cause:1, boot mode:(3,7)

load 0x4010f000, len 1384, room 16 
tail 8
chksum 0x2d
csum 0x2d
v8b899c12
~ld


6.01
 0h00:03.010 2021/06/16T09:29:54z: DS3231
 0h00:03.025 2021/06/16T09:29:54z: BME280 (0x76)
 0h00:03.039 2021/06/16T09:29:54z: 10:52:1c:41:79:b5
 0h00:03.041 2021/06/16T09:29:54z: SSID: ARRIS-5A97
 0h00:03.046 2021/06/16T09:29:54z: AP_STAR tmr
 ets Jan  8 2013,rst cause:1, boot mode:(3,7)

load 0x4010f000, len 1384, room 16 
tail 8
chksum 0x2d
csum 0x2d
v8b899c12
~ld


6.01
 0h00:03.021 2021/06/16T09:49:50z: DS3231
 0h00:03.036 2021/06/16T09:49:50z: BME280 (0x76)
 0h00:03.050 2021/06/16T09:49:50z: 10:52:1c:41:79:b5
 0h00:03.052 2021/06/16T09:49:50z: SSID: ARRIS-5A97
 0h00:03.057 2021/06/16T09:49:50z: AP_STAR tmr
 ets Jan  8 2013,rst cause:1, boot mode:(3,7)

load 0x4010f000, len 1384, room 16 
tail 8
chksum 0x2d
csum 0x2d
v8b899c12
~ld


6.01
 0h00:03.030 2021/06/16T10:09:46z: DS3231
 0h00:03.046 2021/06/16T10:09:46z: BME280 (0x76)
 0h00:03.060 2021/06/16T10:09:46z: 10:52:1c:41:79:b5
 0h00:03.062 2021/06/16T10:09:46z: SSID: ARRIS-5A97
 0h00:03.067 2021/06/16T10:09:46z: AP_STAR tmr
 ets Jan  8 2013,rst cause:1, boot mode:(3,7)

load 0x4010f000, len 1384, room 16 
tail 8
chksum 0x2d
csum 0x2d
v8b899c12
~ld


6.01
 0h00:02.998 2021/06/16T10:29:42z: DS3231
 0h00:03.013 2021/06/16T10:29:42z: BME280 (0x76)
 0h00:03.028 2021/06/16T10:29:42z: 10:52:1c:41:79:b5
 0h00:03.029 2021/06/16T10:29:42z: SSID: ARRIS-5A97
 0h00:03.034 2021/06/16T10:29:42z: AP_STAR tmr
 ets Jan  8 2013,rst cause:1, boot mode:(3,7)

load 0x4010f000, len 1384, room 16 
tail 8
chksum 0x2d
csum 0x2d
v8b899c12
~ld


6.01
 0h00:03.004 2021/06/16T10:49:38z: DS3231
 0h00:03.020 2021/06/16T10:49:38z: BME280 (0x76)
 0h00:03.034 2021/06/16T10:49:38z: 10:52:1c:41:79:b5
 0h00:03.036 2021/06/16T10:49:38z: SSID: ARRIS-5A97
 0h00:03.041 2021/06/16T10:49:38z: AP_STAR tmr
 ets Jan  8 2013,rst cause:1, boot mode:(3,7)

load 0x4010f000, len 1384, room 16 
tail 8
chksum 0x2d
csum 0x2d
v8b899c12
~ld


6.01
 0h00:02.996 2021/06/16T11:09:34z: DS3231
 0h00:03.012 2021/06/16T11:09:34z: BME280 (0x76)
 0h00:03.026 2021/06/16T11:09:34z: 10:52:1c:41:79:b5
 0h00:03.028 2021/06/16T11:09:34z: SSID: ARRIS-5A97
 0h00:03.033 2021/06/16T11:09:34z: AP_STAR tmr
 ets Jan  8 2013,rst cause:1, boot mode:(3,7)

load 0x4010f000, len 1384, room 16 
tail 8
chksum 0x2d
csum 0x2d
v8b899c12
~ld


6.01
 0h00:02.997 2021/06/16T11:29:30z: DS3231
 0h00:03.012 2021/06/16T11:29:30z: BME280 (0x76)
 0h00:03.026 2021/06/16T11:29:30z: 10:52:1c:41:79:b5
 0h00:03.028 2021/06/16T11:29:30z: SSID: ARRIS-5A97
 0h00:03.033 2021/06/16T11:29:30z: AP_STA