R tmr
 ets Jan  8 2013,rst cause:1, boot mode:(3,7)

load 0x4010f000, len 1384, room 16 
tail 8
chksum 0x2d
csum 0x2d
v8b899c12
~ld


6.01
 0h00:02.993 2021/06/15T11:14:19z: DS3231
 0h00:03.008 2021/06/15T11:14:19z: BME280 (0x76)
 0h00:03.022 2021/06/15T11:14:19z: 10:52:1c:41:79:b5
 0h00:03.024 2021/06/15T11:14:19z: SSID: ARRIS-5A97
 0h00:03.029 2021/06/15T11:14:19z: AP_STAR tmr
 ets Jan  8 2013,rst cause:1, boot mode:(3,7)

load 0x4010f000, len 1384, room 16 
tail 8
chksum 0x2d
csum 0x2d
v8b899c12
~ld


6.01
 0h00:02.995 2021/06/15T11:34:15z: DS3231
 0h00:03.010 2021/06/15T11:34:15z: BME280 (0x76)
 0h00:03.024 2021/06/15T11:34:15z: 10:52:1c:41:79:b5
 0h00:03.026 2021/06/15T11:34:15z: SSID: ARRIS-5A97
 0h00:03.031 2021/06/15T11:34:15z: AP_STAR tmr
 ets Jan  8 2013,rst cause:1, boot mode:(3,7)

load 0x4010f000, len 1384, room 16 
tail 8
chksum 0x2d
csum 0x2d
v8b899c12
~ld


6.01
 0h00:02.996 2021/06/15T11:54:11z: DS3231
 0h00:03.012 2021/06/15T11:54:11z: BME280 (0x76)
 0h00:03.026 2021/06/15T11:54:11z: 10:52:1c:41:79:b5
 0h00:03.028 2021/06/15T11:54:11z: SSID: ARRIS-5A97
 0h00:03.033 2021/06/15T11:54:11z: AP_STAR tmr
 ets Jan  8 2013,rst cause:1, boot mode:(3,7)

load 0x4010f000, len 1384, room 16 
tail 8
chksum 0x2d
csum 0x2d
v8b899c12
~ld


6.01
 0h00:02.995 2021/06/15T12:14:07z: DS3231
 0h00:03.010 2021/06/15T12:14:07z: BME280 (0x76)
 0h00:03.024 2021/06/15T12:14:07z: 10:52:1c:41:79:b5
 0h00:03.026 2021/06/15T12:14:07z: SSID: ARRIS-5A97
 0h00:03.031 2021/06/15T12:14:07z: AP_STAR tmr
 ets Jan  8 2013,rst cause:1, boot mode:(3,7)

load 0x4010f000, len 1384, room 16 
tail 8
chksum 0x2d
csum 0x2d
v8b899c12
~ld


6.01
 0h00:03.001 2021/06/15T12:34:03z: DS3231
 0h00:03.016 2021/06/15T12:34:03z: BME280 (0x76)
 0h00:03.030 2021/06/15T12:34:03z: 10:52:1c:41:79:b5
 0h00:03.032 2021/06/15T12:34:03z: SSID: ARRIS-5A97
 0h00:03.037 2021/06/15T12:34:03z: AP_STAR tmr
 ets Jan  8 2013,rst cause:1, boot mode:(3,7)

load 0x4010f000, len 1384, room 16 
tail 8
chksum 0x2d
csum 0x2d
v8b899c12
~ld


6.01
 0h00:03.011 2021/06/15T12:53:59z: DS3231
 0h00:03.027 2021/06/15T12:53:59z: BME280 (0x76)
 0h00:03.041 2021/06/15T12:53:59z: 10:52:1c:41:79:b5
 0h00:03.043 2021/06/15T12:53:59z: SSID: ARRIS-5A97
 0h00:03.048 2021/06/15T12:53:59z: AP_STAR tmr
 ets Jan  8 2013,rst cause:1, boot mode:(3,7)

load 0x4010f000, len 1384, room 16 
tail 8
chksum 0x2d
csum 0x2d
v8b899c12
~ld


6.01
 0h00:03.014 2021/06/15T13:13:55z: DS3231
 0h00:03.029 2021/06/15T13:13:55z: BME280 (0x76)
 0h00:03.043 2021/06/15T13:13:55z: 10:52:1c:41:79:b5
 0h00:03.045 2021/06/15T13:13:55z: SSID: ARRIS-5A97
 0h00:03.050 2021/06/15T13:13:55z: AP_STAR tmr
 ets Jan  8 2013,rst cause:1, boot mode:(3,7)

load 0x4010f000, len 1384, room 16 
tail 8
chksum 0x2d
csum 0x2d
v8b899c12
~ld


6.01
 0h00:03.021 2021/06/15T13:33:51z: DS3231
 0h00:03.036 2021/06/15T13:33:51z: BME280 (0x76)
 0h00:03.050 2021/06/15T13:33:51z: 10:52:1c:41:79:b5
 0h00:03.052 2021/06/15T13:33:51z: SSID: ARRIS-5A97
 0h00:03.057 2021/06/15T13:33:51z: AP_STAR tmr
 ets Jan  8 2013,rst cause:1, boot mode:(3,7)

load 0x4010f000, len 1384, room 16 
tail 8
chksum 0x2d
csum 0x2d
v8b899c12
~ld


6.01
 0h00:02.995 2021/06/15T13:53:47z: DS3231
 0h00:03.010 2021/06/15T13:53:47z: BME280 (0x76)
 0h00:03.024 2021/06/15T13:53:47z: 10:52:1c:41:79:b5
 0h00:03.026 2021/06/15T13:53:47z: SSID: ARRIS-5A97
 0h00:03.031 2021/06/15T13:53:47z: AP_STAR tmr
 ets Jan  8 2013,rst cause:1, boot mode:(3,7)

load 0x4010f000, len 1384, room 16 
tail 8
chksum 0x2d
csum 0x2d
v8b899c12
~ld


6.01
 0h00:02.993 2021/06/15T14:13:42z: DS3231
 0h00:03.009 2021/06/15T14:13:42z: BME280 (0x76)
 0h00:03.023 2021/06/15T14:13:42z: 10:52:1c:41:79:b5
 0h00:03.024 2021/06/15T14:13:42z: SSID: ARRIS-5A97
 0h00:03.030 2021/06/15T14:13:42z: AP_STAR tmr
 ets Jan  8 2013,rst cause:1, boot mode:(3,7)

load 0x4010f000, len 1384, room 16 
tail 8
chksum 0x2d
csum 0x2d
v8b899c12
~ld


6.01
 0h00:03.002 2021/06/15T14:33:39z: DS3231
 0h00:03.017 2021/06/15T14:33:39z: BME280 (0x76)
 0h00:03.031 2021/06/15T14:33:39z: 10:52:1c:41:79:b5
 0h00:03.033 2021/06/15T14:33:39z: SSID: ARRIS-5A97
 0h00:03.038 2021/06/15T14:33:39z: AP_STAR tmr
 ets Jan  8 2013,rst cause:1, boot mode:(3,7)

load 0x4010f000, len 1384, room 16 
tail 8
chksum 0x2d
csum 0x2d
v8b899c12
~ld


6.01
 0h00:02.998 2021/06/15T14:53:35z: DS3231
 0h00:03.013 2021/06/15T14:53:35z: BME280 (0x76)
 0h00:03.027 2021/06/15T14:53:35z: 10:52:1c:41:79:b5
 0h00:03.029 2021/06/15T14:53:35z: SSID: ARRIS-5A97
 0h00:03.034 2021/06/15T14:53:35z: AP_STAR tmr
 ets Jan  8 2013,rst cause:1, boot mode:(3,7)

load 0x4010f000, len 1384, room 16 
tail 8
chksum 0x2d
csum 0x2d
v8b899c12
~ld


6.01
 0h00:03.003 2021/06/15T15:13:31z: DS3231
 0h00:03.018 2021/06/15T15:13:31z: BME280 (0x76)
 0h00:03.033 2021/06/15T15:13:31z: 10:52:1c:41:79:b5
 0h00:03.034 2021/06/15T15:13:31z: SSID: ARRIS-5A97
 0h00:03.039 2021/06/15T15:13:31z: AP_STAR tmr
 ets Jan  8 2013,rst cause:1, boot mode:(3,7)

load 0x4010f000, len 1384, room 16 
tail 8
chksum 0x2d
csum 0x2d
v8b899c12
~ld


6.01
 0h00:03.007 2021/06/15T15:33:27z: DS3231
 0h00:03.022 2021/06/15T15:33:27z: BME280 (0x76)
 0h00:03.036 2021/06/15T15:33:27z: 10:52:1c:41:79:b5
 0h00:03.038 2021/06/15T15:33:27z: SSID: ARRIS-5A97
 0h00:03.043 2021/06/15T15:33:27z: AP_STAR tmr
 ets Jan  8 2013,rst cause:1, boot mode:(3,7)

load 0x4010f000, len 1384, room 16 
tail 8
chksum 0x2d
csum 0x2d
v8b899c12
~ld


6.01
 0h00:03.011 2021/06/15T15:53:24z: DS3231
 0h00:03.027 2021/06/15T15:53:24z: BME280 (0x76)
 0h00:03.041 2021/06/15T15:53:24z: 10:52:1c:41:79:b5
 0h00:03.042 2021/06/15T15:53:24z: SSID: ARRIS-5A97
 0h00:03.048 2021/06/15T15:53:24z: AP_STAR tmr
 ets Jan  8 2013,rst cause:1, boot mode:(3,7)

load 0x4010f000, len 1384, room 16 
tail 8
chksum 0x2d
csum 0x2d
v8b899c12
~ld


6.01
 0h00:03.020 2021/06/15T16:13:19z: DS3231
 0h00:03.036 2021/06/15T16:13:19z: BME280 (0x76)
 0h00:03.050 2021/06/15T16:13:19z: 10:52:1c:41:79:b5
 0h00:03.051 2021/06/15T16:13:19z: SSID: ARRIS-5A97
 0h00:03.057 2021/06/15T16:13:19z: AP_STAR tmr
 ets Jan  8 2013,rst cause:1, boot mode:(3,7)

load 0x4010f000, len 1384, room 16 
tail 8
chksum 0x2d
csum 0x2d
v8b899c12
~ld


6.01
 0h00:03.021 2021/06/15T16:33:15z: DS3231
 0h00:03.036 2021/06/15T16:33:15z: BME280 (0x76)
 0h00:03.051 2021/06/15T16:33:15z: 10:52:1c:41:79:b5
 0h00:03.052 2021/06/15T16:33:15z: SSID: ARRIS-5A97
 0h00:03.057 2021/06/15T16:33:15z: AP_STAR tmr
 ets Jan  8 2013,rst cause:1, boot mode:(3,7)

load 0x4010f000, len 1384, room 16 
tail 8
chksum 0x2d
csum 0x2d
v8b899c12
~ld


6.01
 0h00:03.009 2021/06/15T16:53:11z: DS3231
 0h00:03.025 2021/06/15T16:53:11z: BME280 (0x76)
 0h00:03.039 2021/06/15T16:53:11z: 10:52:1c:41:79:b5
 0h00:03.040 2021/06/15T16:53:11z: SSID: ARRIS-5A97
 0h00:03.046 2021/06/15T16:53:11z: AP_STAR tmr
 ets Jan  8 2013,rst cause:1, boot mode:(3,7)

load 0x4010f000, len 1384, room 16 
tail 8
chksum 0x2d
csum 0x2d
v8b899c12
~ld


6.01
 0h00:03.013 2021/06/15T17:13:07z: DS3231
 0h00:03.028 2021/06/15T17:13:07z: BME280 (0x76)
 0h00:03.042 2021/06/15T17:13:07z: 10:52:1c:41:79:b5
 0h00:03.044 2021/06/15T17:13:07z: SSID: ARRIS-5A97
 0h00:03.049 2021/06/15T17:13:07z: AP_STAR tmr
 ets Jan  8 2013,rst cause:1, boot mode:(3,7)

load 0x4010f000, len 1384, room 16 
tail 8
chksum 0x2d
csum 0x2d
v8b899c12
~ld


6.01
 0h00:03.026 2021/06/15T17:33:04z: DS3231
 0h00:03.042 2021/06/15T17:33:04z: BME280 (0x76)
 0h00:03.056 2021/06/15T17:33:04z: 10:52:1c:41:79:b5
 0h00:03.057 2021/06/15T17:33:04z: SSID: ARRIS-5A97
 0h00:03.063 2021/06/15T17:33:04z: AP_STAR tmr
 ets Jan  8 2013,rst cause:1, boot mode:(3,7)

load 0x4010f000, len 1384, room 16 
tail 8
chksum 0x2d
csum 0x2d
v8b899c12
~ld


6.01
 0h00:03.020 2021/06/15T17:52:59z: DS3231
 0h00:03.035 2021/06/15T17:52:59z: BME280 (0x76)
 0h00:03.049 2021/06/15T17:52:59z: 10:52:1c:41:79:b5
 0h00:03.051 2021/06/15T17:52:59z: SSID: ARRIS-5A97
 0h00:03.056 2021/06/15T17:52:59z: AP_STAR tmr
 ets Jan  8 2013,rst cause:1, boot mode:(3,7)

load 0x4010f000, len 1384, room 16 
tail 8
chksum 0x2d
csum 0x2d
v8b899c12
~ld


6.01
 0h00:03.025 2021/06/15T18:12:56z: DS3231
 0h00:03.040 2021/06/15T18:12:56z: BME280 (0x76)
 0h00:03.054 2021/06/15T18:12:56z: 10:52:1c:41:79:b5
 0h00:03.056 2021/06/15T18:12:56z: SSID: ARRIS-5A97
 0h00:03.061 2021/06/15T18:12:56z: AP_STAR tmr
 ets Jan  8 2013,rst cause:1, boot mode:(3,7)

load 0x4010f000, len 1384, room 16 
tail 8
chksum 0x2d
csum 0x2d
v8b899c12
~ld


6.01
 0h00:02.992 2021/06/15T18:32:51z: DS3231
 0h00:03.007 2021/06/15T18:32:51z: BME280 (0x76)
 0h00:03.021 2021/06/15T18:32:51z: 10:52:1c:41:79:b5
 0h00:03.023 2021/06/15T18:32:51z: SSID: ARRIS-5A97
 0h00:03.028 2021/06/15T18:32:51z: AP_STAR tmr
 ets Jan  8 2013,rst cause:1, boot mode:(3,7)

load 0x4010f000, len 1384, room 16 
tail 8
chksum 0x2d
csum 0x2d
v8b899c12
~ld


6.01
 0h00:02.999 2021/06/15T18:52:48z: DS3231
 0h00:03.014 2021/06/15T18:52:48z: BME280 (0x76)
 0h00:03.029 2021/06/15T18:52:48z: 10:52:1c:41:79:b5
 0h00:03.030 2021/06/15T18:52:48z: SSID: ARRIS-5A97
 0h00:03.036 2021/06/15T18:52:48z: AP_STAR tmr
 ets Jan  8 2013,rst cause:1, boot mode:(3,7)

load 0x4010f000, len 1384, room 16 
tail 8
chksum 0x2d
csum 0x2d
v8b899c12
~ld


6.01
 0h00:02.998 2021/06/15T19:12:45z: DS3231
 0h00:03.013 2021/06/15T19:12:45z: BME280 (0x76)
 0h00:03.027 2021/06/15T19:12:45z: 10:52:1c:41:79:b5
 0h00:03.029 2021/06/15T19:12:45z: SSID: ARRIS-5A97
 0h00:03.034 2021/06/15T19:12:45z: AP_STAR tmr
 ets Jan  8 2013,rst cause:1, boot mode:(3,7)

load 0x4010f000, len 1384, room 16 
tail 8
chksum 0x2d
csum 0x2d
v8b899c12
~ld


6.01
 0h00:02.995 2021/06/15T19:32:40z: DS3231
 0h00:03.010 2021/06/15T19:32:40z: BME280 (0x76)
 0h00:03.025 2021/06/15T19:32:40z: 10:52:1c:41:79:b5
 0h00:03.026 2021/06/15T19:32:40z: SSID: ARRIS-5A97
 0h00:03.032 2021/06/15T19:32:40z: AP_STAR tmr
 ets Jan  8 2013,rst cause:1, boot mode:(3,7)

load 0x4010f000, len 1384, room 16 
tail 8
chksum 0x2d
csum 0x2d
v8b899c12
~ld


6.01
 0h00:02.996 2021/06/15T19:52:36z: DS3231
 0h00:03.011 2021/06/15T19:52:36z: BME280 (0x76)
 0h00:03.025 2021/06/15T19:52:36z: 10:52:1c:41:79:b5
 0h00:03.027 2021/06/15T19:52:36z: SSID: ARRIS-5A97
 0h00:03.032 2021/06/15T19:52:36z: AP_STAR tmr
 ets Jan  8 2013,rst cause:1, boot mode:(3,7)

load 0x4010f000, len 1384, room 16 
tail 8
chksum 0x2d
csum 0x2d
v8b899c12
~ld


6.01
 0h00:03.008 2021/06/15T20:12:32z: DS3231
 0h00:03.023 2021/06/15T20:12:32z: BME280 (0x76)
 0h00:03.037 2021/06/15T20:12:32z: 10:52:1c:41:79:b5
 0h00:03.039 2021/06/15T20:12:32z: SSID: ARRIS-5A97
 0h00:03.044 2021/06/15T20:12:32z: AP_STAR tmr
 ets Jan  8 2013,rst cause:1, boot mode:(3,7)

load 0x4010f000, len 1384, room 16 
tail 8
chksum 0x2d
csum 0x2d
v8b899c12
~ld


6.01
 0h00:03.017 2021/06/15T20:32:28z: DS3231
 0h00:03.032 2021/06/15T20:32:28z: BME280 (0x76)
 0h00:03.046 2021/06/15T20:32:28z: 10:52:1c:41:79:b5
 0h00:03.048 2021/06/15T20:32:28z: SSID: ARRIS-5A97
 0h00:03.053 2021/06/15T20:32:28z: AP_STAR tmr
 ets Jan  8 2013,rst cause:1, boot mode:(3,7)

load 0x4010f000, len 1384, room 16 
tail 8
chksum 0x2d
csum 0x2d
v8b899c12
~ld


6.01
 0h00:03.021 2021/06/15T20:52:24z: DS3231
 0h00:03.036 2021/06/15T20:52:24z: BME280 (0x76)
 0h00:03.051 2021/06/15T20:52:24z: 10:52:1c:41:79:b5
 0h00:03.052 2021/06/15T20:52:24z: SSID: ARRIS-5A97
 0h00:03.057 2021/06/15T20:52:24z: AP_STAR tmr
 ets Jan  8 2013,rst cause:1, boot mode:(3,7)

load 0x4010f000, len 1384, room 16 
tail 8
chksum 0x2d
csum 0x2d
v8b899c12
~ld


6.01
 0h00:02.995 2021/06/15T21:12:20z: DS3231
 0h00:03.011 2021/06/15T21:12:20z: BME280 (0x76)
 0h00:03.025 2021/06/15T21:12:20z: 10:52:1c:41:79:b5
 0h00:03.026 2021/06/15T21:12:20z: SSID: ARRIS-5A97
 0h00:03.032 2021/06/15T21:12:20z: AP_STAR tmr
 ets Jan  8 2013,rst cause:1, boot mode:(3,7)

load 0x4010f000, len 1384, room 16 
tail 8
chksum 0x2d
csum 0x2d
v8b899c12
~ld


6.01
 0h00:03.000 2021/06/15T21:32:16z: DS3231
 0h00:03.015 2021/06/15T21:32:16z: BME280 (0x76)
 0h00:03.030 2021/06/15T21:32:16z: 10:52:1c:41:79:b5
 0h00:03.031 2021/06/15T21:32:16z: SSID: ARRIS-5A97
 0h00:03.036 2021/06/15T21:32:16z: AP_STAR tmr
 ets Jan  8 2013,rst cause:1, boot mode:(3,7)

load 0x4010f000, len 1384, room 16 
tail 8
chksum 0x2d
csum 0x2d
v8b899c12
~ld


6.01
 0h00:02.998 2021/06/15T21:52:12z: DS3231
 0h00:03.014 2021/06/15T21:52:12z: BME280 (0x76)
 0h00:03.028 2021/06/15T21:52:12z: 10:52:1c:41:79:b5
 0h00:03.030 2021/06/15T21:52:12z: SSID: ARRIS-5A97
 0h00:03.035 2021/06/15T21:52:12z: AP_STAR tmr
 ets Jan  8 2013,rst cause:1, boot mode:(3,7)

load 0x4010f000, len 1384, room 16 
tail 8
chksum 0x2d
csum 0x2d
v8b899c12
~ld


6.01
 0h00:02.995 2021/06/15T22:12:08z: DS3231
 0h00:03.011 2021/06/15T22:12:08z: BME280 (0x76)
 0h00:03.025 2021/06/15T22:12:08z: 10:52:1c:41:79:b5
 0h00:03.027 2021/06/15T22:12:08z: SSID: ARRIS-5A97
 0h00:03.032 2021/06/15T22:12:08z: AP_STAR tmr
 ets Jan  8 2013,rst cause:1, boot mode:(3,7)

load 0x4010f000, len 1384, room 16 
tail 8
chksum 0x2d
csum 0x2d
v8b899c12
~ld


6.01
 0h00:03.000 2021/06/15T22:32:04z: DS3231
 0h00:03.015 2021/06/15T22:32:04z: BME280 (0x76)
 0h00:03.029 2021/06/15T22:32:04z: 10:52:1c:41:79:b5
 0h00:03.031 2021/06/15T22:32:04z: SSID: ARRIS-5A97
 0h00:03.036 2021/06/15T22:32:04z: AP_STAR tmr
 ets Jan  8 2013,rst cause:1, boot mode:(3,7)

load 0x4010f000, len 1384, room 16 
tail 8
chksum 0x2d
csum 0x2d
v8b899c12
~ld


6.01
 0h00:03.016 2021/06/15T22:52:00z: DS3231
 0h00:03.031 2021/06/15T22:52:00z: BME280 (0x76)
 0h00:03.045 2021/06/15T22:52:00z: 10:52:1c:41:79:b5
 0h00:03.047 2021/06/15T22:52:00z: SSID: ARRIS-5A97
 0h00:03.052 2021/06/15T22:52:00z: AP_STAR tmr
 ets Jan  8 2013,rst cause:1, boot mode:(3,7)

load 0x4010f000, len 1384, room 16 
tail 8
chksum 0x2d
csum 0x2d
v8b899c12
~ld


6.01
 0h00:03.012 2021/06/15T23:11:56z: DS3231
 0h00:03.027 2021/06/15T23:11:56z: BME280 (0x76)
 0h00:03.041 2021/06/15T23:11:56z: 10:52:1c:41:79:b5
 0h00:03.043 2021/06/15T23:11:56z: SSID: ARRIS-5A97
 0h00:03.048 2021/06/15T23:11:56z: AP_STAR tmr
 ets Jan  8 2013,rst cause:1, boot mode:(3,7)

load 0x4010f000, len 1384, room 16 
tail 8
chksum 0x2d
csum 0x2d
v8b899c12
~ld


6.01
 0h00:03.026 2021/06/15T23:31:52z: DS3231
 0h00:03.041 2021/06/15T23:31:52z: BME280 (0x76)
 0h00:03.056 2021/06/15T23:31:52z: 10:52:1c:41:79:b5
 0h00:03.057 2021/06/15T23:31:52z: SSID: ARRIS-5A97
 0h00:03.062 2021/06/15T23:31:52z: AP_STAR tmr
 ets Jan  8 2013,rst cause:1, boot mode:(3,7)

load 0x4010f000, len 1384, room 16 
tail 8
chksum 0x2d
csum 0x2d
v8b899c12
~ld


6.01
 0h00:02.999 2021/06/15T23:51:48z: DS3231
 0h00:03.014 2021/06/15T23:51:48z: BME280 (0x76)
 0h00:03.028 2021/06/15T23:51:48z: 10:52:1c:41:79:b5
 0h00:03.030 2021/06/15T23:51:48z: SSID: ARRIS-5A97
 0h00:03.035 2021/06/15T23:51:48z: AP_STA