R tmr
 ets Jan  8 2013,rst cause:1, boot mode:(3,7)

load 0x4010f000, len 1384, room 16 
tail 8
chksum 0x2d
csum 0x2d
v8b899c12
~ld


6.01
 0h00:03.079 2021/06/08T11:36:57z: DS3231
 0h00:03.094 2021/06/08T11:36:57z: BME280 (0x76)
 0h00:03.109 2021/06/08T11:36:57z: 10:52:1c:42:2a:d
 0h00:03.110 2021/06/08T11:36:57z: SSID: Apollonia Students Halls
 0h00:03.115 2021/06/08T11:36:57z: AP_STAR tmr
 ets Jan  8 2013,rst cause:1, boot mode:(3,7)

load 0x4010f000, len 1384, room 16 
tail 8
chksum 0x2d
csum 0x2d
v8b899c12
~ld


6.01
 0h00:03.027 2021/06/08T11:56:53z: DS3231
 0h00:03.042 2021/06/08T11:56:53z: BME280 (0x76)
 0h00:03.056 2021/06/08T11:56:53z: 10:52:1c:42:2a:d
 0h00:03.058 2021/06/08T11:56:53z: SSID: Apollonia Students Halls
 0h00:03.063 2021/06/08T11:56:53z: AP_STAR tmr
 ets Jan  8 2013,rst cause:1, boot mode:(3,7)

load 0x4010f000, len 1384, room 16 
tail 8
chksum 0x2d
csum 0x2d
v8b899c12
~ld


6.01
 0h00:03.123 2021/06/08T12:16:50z: DS3231
 0h00:03.138 2021/06/08T12:16:50z: BME280 (0x76)
 0h00:03.152 2021/06/08T12:16:50z: 10:52:1c:42:2a:d
 0h00:03.154 2021/06/08T12:16:50z: SSID: Apollonia Students Halls
 0h00:03.159 2021/06/08T12:16:50z: AP_STAR tmr
 ets Jan  8 2013,rst cause:1, boot mode:(3,7)

load 0x4010f000, len 1384, room 16 
tail 8
chksum 0x2d
csum 0x2d
v8b899c12
~ld


6.01
 0h00:03.121 2021/06/08T12:36:46z: DS3231
 0h00:03.136 2021/06/08T12:36:46z: BME280 (0x76)
 0h00:03.150 2021/06/08T12:36:46z: 10:52:1c:42:2a:d
 0h00:03.152 2021/06/08T12:36:46z: SSID: Apollonia Students Halls
 0h00:03.157 2021/06/08T12:36:46z: AP_STAR tmr
 ets Jan  8 2013,rst cause:1, boot mode:(3,7)

load 0x4010f000, len 1384, room 16 
tail 8
chksum 0x2d
csum 0x2d
v8b899c12
~ld


6.01
 0h00:03.073 2021/06/08T12:56:43z: DS3231
 0h00:03.089 2021/06/08T12:56:43z: BME280 (0x76)
 0h00:03.103 2021/06/08T12:56:43z: 10:52:1c:42:2a:d
 0h00:03.105 2021/06/08T12:56:43z: SSID: Apollonia Students Halls
 0h00:03.110 2021/06/08T12:56:43z: AP_STAR tmr
 ets Jan  8 2013,rst cause:1, boot mode:(3,7)

load 0x4010f000, len 1384, room 16 
tail 8
chksum 0x2d
csum 0x2d
v8b899c12
~ld


6.01
 0h00:03.065 2021/06/08T13:16:39z: DS3231
 0h00:03.080 2021/06/08T13:16:39z: BME280 (0x76)
 0h00:03.094 2021/06/08T13:16:39z: 10:52:1c:42:2a:d
 0h00:03.096 2021/06/08T13:16:39z: SSID: Apollonia Students Halls
 0h00:03.101 2021/06/08T13:16:39z: AP_STAR tmr
 ets Jan  8 2013,rst cause:1, boot mode:(3,7)

load 0x4010f000, len 1384, room 16 
tail 8
chksum 0x2d
csum 0x2d
v8b899c12
~ld


6.01
 0h00:03.061 2021/06/08T13:36:34z: DS3231
 0h00:03.077 2021/06/08T13:36:34z: BME280 (0x76)
 0h00:03.091 2021/06/08T13:36:34z: 10:52:1c:42:2a:d
 0h00:03.093 2021/06/08T13:36:34z: SSID: Apollonia Students Halls
 0h00:03.098 2021/06/08T13:36:34z: AP_STAR tmr
 ets Jan  8 2013,rst cause:1, boot mode:(3,7)

load 0x4010f000, len 1384, room 16 
tail 8
chksum 0x2d
csum 0x2d
v8b899c12
~ld


6.01
 0h00:03.122 2021/06/08T13:56:29z: DS3231
 0h00:03.138 2021/06/08T13:56:29z: BME280 (0x76)
 0h00:03.152 2021/06/08T13:56:29z: 10:52:1c:42:2a:d
 0h00:03.154 2021/06/08T13:56:29z: SSID: Apollonia Students Halls
 0h00:03.159 2021/06/08T13:56:29z: AP_STAR tmr
 ets Jan  8 2013,rst cause:1, boot mode:(3,7)

load 0x4010f000, len 1384, room 16 
tail 8
chksum 0x2d
csum 0x2d
v8b899c12
~ld


6.01
 0h00:03.032 2021/06/08T14:16:24z: DS3231
 0h00:03.047 2021/06/08T14:16:24z: BME280 (0x76)
 0h00:03.061 2021/06/08T14:16:24z: 10:52:1c:42:2a:d
 0h00:03.063 2021/06/08T14:16:24z: SSID: Apollonia Students Halls
 0h00:03.068 2021/06/08T14:16:24z: AP_STAR tmr
 ets Jan  8 2013,rst cause:1, boot mode:(3,7)

load 0x4010f000, len 1384, room 16 
tail 8
chksum 0x2d
csum 0x2d
v8b899c12
~ld


6.01
 0h00:03.012 2021/06/08T14:36:21z: DS3231
 0h00:03.028 2021/06/08T14:36:21z: BME280 (0x76)
 0h00:03.042 2021/06/08T14:36:21z: 10:52:1c:42:2a:d
 0h00:03.044 2021/06/08T14:36:21z: SSID: Apollonia Students Halls
 0h00:03.049 2021/06/08T14:36:21z: AP_STAR tmr
 ets Jan  8 2013,rst cause:1, boot mode:(3,7)

load 0x4010f000, len 1384, room 16 
tail 8
chksum 0x2d
csum 0x2d
v8b899c12
~ld


6.01
 0h00:03.006 2021/06/08T14:56:17z: DS3231
 0h00:03.021 2021/06/08T14:56:17z: BME280 (0x76)
 0h00:03.035 2021/06/08T14:56:17z: 10:52:1c:42:2a:d
 0h00:03.037 2021/06/08T14:56:17z: SSID: Apollonia Students Halls
 0h00:03.042 2021/06/08T14:56:17z: AP_STAR tmr
 ets Jan  8 2013,rst cause:1, boot mode:(3,7)

load 0x4010f000, len 1384, room 16 
tail 8
chksum 0x2d
csum 0x2d
v8b899c12
~ld


6.01
 0h00:03.068 2021/06/08T15:16:13z: DS3231
 0h00:03.083 2021/06/08T15:16:13z: BME280 (0x76)
 0h00:03.097 2021/06/08T15:16:13z: 10:52:1c:42:2a:d
 0h00:03.099 2021/06/08T15:16:13z: SSID: Apollonia Students Halls
 0h00:03.104 2021/06/08T15:16:13z: AP_STAR tmr
 ets Jan  8 2013,rst cause:1, boot mode:(3,7)

load 0x4010f000, len 1384, room 16 
tail 8
chksum 0x2d
csum 0x2d
v8b899c12
~ld


6.01
 0h00:03.009 2021/06/08T15:36:09z: DS3231
 0h00:03.024 2021/06/08T15:36:09z: BME280 (0x76)
 0h00:03.038 2021/06/08T15:36:09z: 10:52:1c:42:2a:d
 0h00:03.040 2021/06/08T15:36:09z: SSID: Apollonia Students Halls
 0h00:03.045 2021/06/08T15:36:09z: AP_STAR tmr
 ets Jan  8 2013,rst cause:1, boot mode:(3,7)

load 0x4010f000, len 1384, room 16 
tail 8
chksum 0x2d
csum 0x2d
v8b899c12
~ld


6.01
 0h00:03.076 2021/06/08T15:56:05z: DS3231
 0h00:03.092 2021/06/08T15:56:05z: BME280 (0x76)
 0h00:03.106 2021/06/08T15:56:05z: 10:52:1c:42:2a:d
 0h00:03.107 2021/06/08T15:56:05z: SSID: Apollonia Students Halls
 0h00:03.113 2021/06/08T15:56:05z: AP_STAR tmr
 ets Jan  8 2013,rst cause:1, boot mode:(3,7)

load 0x4010f000, len 1384, room 16 
tail 8
chksum 0x2d
csum 0x2d
v8b899c12
~ld


6.01
 0h00:03.114 2021/06/08T16:16:02z: DS3231
 0h00:03.129 2021/06/08T16:16:02z: BME280 (0x76)
 0h00:03.143 2021/06/08T16:16:02z: 10:52:1c:42:2a:d
 0h00:03.145 2021/06/08T16:16:02z: SSID: Apollonia Students Halls
 0h00:03.150 2021/06/08T16:16:02z: AP_STAR tmr
 ets Jan  8 2013,rst cause:1, boot mode:(3,7)

load 0x4010f000, len 1384, room 16 
tail 8
chksum 0x2d
csum 0x2d
v8b899c12
~ld


6.01
 0h00:03.061 2021/06/08T16:35:58z: DS3231
 0h00:03.076 2021/06/08T16:35:58z: BME280 (0x76)
 0h00:03.090 2021/06/08T16:35:58z: 10:52:1c:42:2a:d
 0h00:03.092 2021/06/08T16:35:58z: SSID: Apollonia Students Halls
 0h00:03.097 2021/06/08T16:35:58z: AP_STAR tmr
 ets Jan  8 2013,rst cause:1, boot mode:(3,7)

load 0x4010f000, len 1384, room 16 
tail 8
chksum 0x2d
csum 0x2d
v8b899c12
~ld


6.01
 0h00:03.012 2021/06/08T16:55:53z: DS3231
 0h00:03.027 2021/06/08T16:55:53z: BME280 (0x76)
 0h00:03.041 2021/06/08T16:55:53z: 10:52:1c:42:2a:d
 0h00:03.043 2021/06/08T16:55:53z: SSID: Apollonia Students Halls
 0h00:03.048 2021/06/08T16:55:53z: AP_STAR tmr
 ets Jan  8 2013,rst cause:1, boot mode:(3,7)

load 0x4010f000, len 1384, room 16 
tail 8
chksum 0x2d
csum 0x2d
v8b899c12
~ld


6.01
 0h00:03.020 2021/06/08T17:15:49z: DS3231
 0h00:03.035 2021/06/08T17:15:49z: BME280 (0x76)
 0h00:03.049 2021/06/08T17:15:50z: 10:52:1c:42:2a:d
 0h00:03.051 2021/06/08T17:15:50z: SSID: Apollonia Students Halls
 0h00:03.056 2021/06/08T17:15:50z: AP_STAR tmr
 ets Jan  8 2013,rst cause:1, boot mode:(3,7)

load 0x4010f000, len 1384, room 16 
tail 8
chksum 0x2d
csum 0x2d
v8b899c12
~ld


6.01
 0h00:03.074 2021/06/08T17:35:45z: DS3231
 0h00:03.089 2021/06/08T17:35:45z: BME280 (0x76)
 0h00:03.104 2021/06/08T17:35:45z: 10:52:1c:42:2a:d
 0h00:03.105 2021/06/08T17:35:45z: SSID: Apollonia Students Halls
 0h00:03.111 2021/06/08T17:35:45z: AP_STAR tmr
 ets Jan  8 2013,rst cause:1, boot mode:(3,7)

load 0x4010f000, len 1384, room 16 
tail 8
chksum 0x2d
csum 0x2d
v8b899c12
~ld


6.01
 0h00:03.004 2021/06/08T17:55:41z: DS3231
 0h00:03.019 2021/06/08T17:55:41z: BME280 (0x76)
 0h00:03.033 2021/06/08T17:55:41z: 10:52:1c:42:2a:d
 0h00:03.035 2021/06/08T17:55:41z: SSID: Apollonia Students Halls
 0h00:03.040 2021/06/08T17:55:41z: AP_STAR tmr
 ets Jan  8 2013,rst cause:1, boot mode:(3,7)

load 0x4010f000, len 1384, room 16 
tail 8
chksum 0x2d
csum 0x2d
v8b899c12
~ld


6.01
 0h00:03.066 2021/06/08T18:15:37z: DS3231
 0h00:03.081 2021/06/08T18:15:37z: BME280 (0x76)
 0h00:03.095 2021/06/08T18:15:37z: 10:52:1c:42:2a:d
 0h00:03.097 2021/06/08T18:15:37z: SSID: Apollonia Students Halls
 0h00:03.102 2021/06/08T18:15:37z: AP_STAR tmr
 ets Jan  8 2013,rst cause:1, boot mode:(3,7)

load 0x4010f000, len 1384, room 16 
tail 8
chksum 0x2d
csum 0x2d
v8b899c12
~ld


6.01
 0h00:03.011 2021/06/08T18:35:33z: DS3231
 0h00:03.026 2021/06/08T18:35:33z: BME280 (0x76)
 0h00:03.040 2021/06/08T18:35:33z: 10:52:1c:42:2a:d
 0h00:03.042 2021/06/08T18:35:33z: SSID: Apollonia Students Halls
 0h00:03.047 2021/06/08T18:35:33z: AP_STAR tmr
 ets Jan  8 2013,rst cause:1, boot mode:(3,7)

load 0x4010f000, len 1384, room 16 
tail 8
chksum 0x2d
csum 0x2d
v8b899c12
~ld


6.01
 0h00:03.011 2021/06/08T18:55:29z: DS3231
 0h00:03.026 2021/06/08T18:55:29z: BME280 (0x76)
 0h00:03.040 2021/06/08T18:55:29z: 10:52:1c:42:2a:d
 0h00:03.042 2021/06/08T18:55:29z: SSID: Apollonia Students Halls
 0h00:03.047 2021/06/08T18:55:29z: AP_STAR tmr
 ets Jan  8 2013,rst cause:1, boot mode:(3,7)

load 0x4010f000, len 1384, room 16 
tail 8
chksum 0x2d
csum 0x2d
v8b899c12
~ld


6.01
 0h00:03.018 2021/06/08T19:15:25z: DS3231
 0h00:03.033 2021/06/08T19:15:25z: BME280 (0x76)
 0h00:03.047 2021/06/08T19:15:25z: 10:52:1c:42:2a:d
 0h00:03.049 2021/06/08T19:15:25z: SSID: Apollonia Students Halls
 0h00:03.054 2021/06/08T19:15:25z: AP_STAR tmr
 ets Jan  8 2013,rst cause:1, boot mode:(3,7)

load 0x4010f000, len 1384, room 16 
tail 8
chksum 0x2d
csum 0x2d
v8b899c12
~ld


6.01
 0h00:03.096 2021/06/08T19:35:21z: DS3231
 0h00:03.111 2021/06/08T19:35:21z: BME280 (0x76)
 0h00:03.125 2021/06/08T19:35:21z: 10:52:1c:42:2a:d
 0h00:03.127 2021/06/08T19:35:21z: SSID: Apollonia Students Halls
 0h00:03.132 2021/06/08T19:35:21z: AP_STAR tmr
 ets Jan  8 2013,rst cause:1, boot mode:(3,7)

load 0x4010f000, len 1384, room 16 
tail 8
chksum 0x2d
csum 0x2d
v8b899c12
~ld


6.01
 0h00:03.007 2021/06/08T19:55:17z: DS3231
 0h00:03.023 2021/06/08T19:55:17z: BME280 (0x76)
 0h00:03.037 2021/06/08T19:55:17z: 10:52:1c:42:2a:d
 0h00:03.039 2021/06/08T19:55:17z: SSID: Apollonia Students Halls
 0h00:03.044 2021/06/08T19:55:17z: AP_STAR tmr
 ets Jan  8 2013,rst cause:1, boot mode:(3,7)

load 0x4010f000, len 1384, room 16 
tail 8
chksum 0x2d
csum 0x2d
v8b899c12
~ld


6.01
 0h00:03.008 2021/06/08T20:15:13z: DS3231
 0h00:03.023 2021/06/08T20:15:13z: BME280 (0x76)
 0h00:03.037 2021/06/08T20:15:13z: 10:52:1c:42:2a:d
 0h00:03.039 2021/06/08T20:15:13z: SSID: Apollonia Students Halls
 0h00:03.044 2021/06/08T20:15:13z: AP_STAR tmr
 ets Jan  8 2013,rst cause:1, boot mode:(3,7)

load 0x4010f000, len 1384, room 16 
tail 8
chksum 0x2d
csum 0x2d
v8b899c12
~ld


6.01
 0h00:03.018 2021/06/08T20:35:10z: DS3231
 0h00:03.033 2021/06/08T20:35:10z: BME280 (0x76)
 0h00:03.047 2021/06/08T20:35:10z: 10:52:1c:42:2a:d
 0h00:03.049 2021/06/08T20:35:10z: SSID: Apollonia Students Halls
 0h00:03.054 2021/06/08T20:35:10z: AP_STAR tmr
 ets Jan  8 2013,rst cause:1, boot mode:(3,7)

load 0x4010f000, len 1384, room 16 
tail 8
chksum 0x2d
csum 0x2d
v8b899c12
~ld


6.01
 0h00:03.071 2021/06/08T20:55:06z: DS3231
 0h00:03.086 2021/06/08T20:55:06z: BME280 (0x76)
 0h00:03.100 2021/06/08T20:55:06z: 10:52:1c:42:2a:d
 0h00:03.102 2021/06/08T20:55:06z: SSID: Apollonia Students Halls
 0h00:03.107 2021/06/08T20:55:06z: AP_STAR tmr
 ets Jan  8 2013,rst cause:1, boot mode:(3,7)

load 0x4010f000, len 1384, room 16 
tail 8
chksum 0x2d
csum 0x2d
v8b899c12
~ld


6.01
 0h00:03.029 2021/06/08T21:15:02z: DS3231
 0h00:03.044 2021/06/08T21:15:02z: BME280 (0x76)
 0h00:03.059 2021/06/08T21:15:02z: 10:52:1c:42:2a:d
 0h00:03.060 2021/06/08T21:15:02z: SSID: Apollonia Students Halls
 0h00:03.065 2021/06/08T21:15:02z: AP_STAR tmr
 ets Jan  8 2013,rst cause:1, boot mode:(3,7)

load 0x4010f000, len 1384, room 16 
tail 8
chksum 0x2d
csum 0x2d
v8b899c12
~ld


6.01
 0h00:03.033 2021/06/08T21:34:58z: DS3231
 0h00:03.049 2021/06/08T21:34:58z: BME280 (0x76)
 0h00:03.063 2021/06/08T21:34:58z: 10:52:1c:42:2a:d
 0h00:03.064 2021/06/08T21:34:58z: SSID: Apollonia Students Halls
 0h00:03.070 2021/06/08T21:34:58z: AP_STAR tmr
 ets Jan  8 2013,rst cause:1, boot mode:(3,7)

load 0x4010f000, len 1384, room 16 
tail 8
chksum 0x2d
csum 0x2d
v8b899c12
~ld


6.01
 0h00:03.124 2021/06/08T21:54:55z: DS3231
 0h00:03.139 2021/06/08T21:54:55z: BME280 (0x76)
 0h00:03.154 2021/06/08T21:54:55z: 10:52:1c:42:2a:d
 0h00:03.155 2021/06/08T21:54:55z: SSID: Apollonia Students Halls
 0h00:03.160 2021/06/08T21:54:55z: AP_STAR tmr
 ets Jan  8 2013,rst cause:1, boot mode:(3,7)

load 0x4010f000, len 1384, room 16 
tail 8
chksum 0x2d
csum 0x2d
v8b899c12
~ld


6.01
 0h00:03.062 2021/06/08T22:14:52z: DS3231
 0h00:03.077 2021/06/08T22:14:52z: BME280 (0x76)
 0h00:03.092 2021/06/08T22:14:52z: 10:52:1c:42:2a:d
 0h00:03.093 2021/06/08T22:14:52z: SSID: Apollonia Students Halls
 0h00:03.098 2021/06/08T22:14:52z: AP_STAR tmr
 ets Jan  8 2013,rst cause:1, boot mode:(3,7)

load 0x4010f000, len 1384, room 16 
tail 8
chksum 0x2d
csum 0x2d
v8b899c12
~ld


6.01
 0h00:03.075 2021/06/08T22:34:48z: DS3231
 0h00:03.090 2021/06/08T22:34:48z: BME280 (0x76)
 0h00:03.104 2021/06/08T22:34:48z: 10:52:1c:42:2a:d
 0h00:03.106 2021/06/08T22:34:48z: SSID: Apollonia Students Halls
 0h00:03.111 2021/06/08T22:34:48z: AP_STAR tmr
 ets Jan  8 2013,rst cause:1, boot mode:(3,7)

load 0x4010f000, len 1384, room 16 
tail 8
chksum 0x2d
csum 0x2d
v8b899c12
~ld


6.01
 0h00:03.062 2021/06/08T22:54:44z: DS3231
 0h00:03.077 2021/06/08T22:54:44z: BME280 (0x76)
 0h00:03.091 2021/06/08T22:54:44z: 10:52:1c:42:2a:d
 0h00:03.093 2021/06/08T22:54:44z: SSID: Apollonia Students Halls
 0h00:03.098 2021/06/08T22:54:44z: AP_STAR tmr
 ets Jan  8 2013,rst cause:1, boot mode:(3,7)

load 0x4010f000, len 1384, room 16 
tail 8
chksum 0x2d
csum 0x2d
v8b899c12
~ld


6.01
 0h00:03.063 2021/06/08T23:14:39z: DS3231
 0h00:03.078 2021/06/08T23:14:39z: BME280 (0x76)
 0h00:03.092 2021/06/08T23:14:39z: 10:52:1c:42:2a:d
 0h00:03.094 2021/06/08T23:14:39z: SSID: Apollonia Students Halls
 0h00:03.099 2021/06/08T23:14:39z: AP_STAR tmr
 ets Jan  8 2013,rst cause:1, boot mode:(3,7)

load 0x4010f000, len 1384, room 16 
tail 8
chksum 0x2d
csum 0x2d
v8b899c12
~ld


6.01
 0h00:03.120 2021/06/08T23:34:35z: DS3231
 0h00:03.135 2021/06/08T23:34:36z: BME280 (0x76)
 0h00:03.149 2021/06/08T23:34:36z: 10:52:1c:42:2a:d
 0h00:03.151 2021/06/08T23:34:36z: SSID: Apollonia Students Halls
 0h00:03.156 2021/06/08T23:34:36z: AP_STAR tmr
 ets Jan  8 2013,rst cause:1, boot mode:(3,7)

load 0x4010f000, len 1384, room 16 
tail 8
chksum 0x2d
csum 0x2d
v8b899c12
~ld


6.01
 0h00:03.076 2021/06/08T23:54:32z: DS3231
 0h00:03.092 2021/06/08T23:54:32z: BME280 (0x76)
 0h00:03.106 2021/06/08T23:54:32z: 10:52:1c:42:2a:d
 0h00:03.107 2021/06/08T23:54:32z: SSID: Apollonia Students Halls
 0h00:03.113 2021/06/08T23:54:32z: AP_STA