R tmr
 ets Jan  8 2013,rst cause:1, boot mode:(3,7)

load 0x4010f000, len 1384, room 16 
tail 8
chksum 0x2d
csum 0x2d
v8b899c12
~ld


6.01
 0h00:03.014 2021/06/29T00:00:42z: DS3231
 0h00:03.029 2021/06/29T00:00:42z: BME280 (0x76)
 0h00:03.043 2021/06/29T00:00:42z: 10:52:1c:4d:af:f9
 0h00:03.045 2021/06/29T00:00:42z: SSID: Apollonia Students Halls
 0h00:03.050 2021/06/29T00:00:42z: AP_STAR tmr
 ets Jan  8 2013,rst cause:1, boot mode:(3,7)

load 0x4010f000, len 1384, room 16 
tail 8
chksum 0x2d
csum 0x2d
v8b899c12
~ld


6.01
 0h00:03.028 2021/06/29T00:20:38z: DS3231
 0h00:03.044 2021/06/29T00:20:38z: BME280 (0x76)
 0h00:03.058 2021/06/29T00:20:38z: 10:52:1c:4d:af:f9
 0h00:03.060 2021/06/29T00:20:38z: SSID: Apollonia Students Halls
 0h00:03.065 2021/06/29T00:20:38z: AP_STAR tmr
 ets Jan  8 2013,rst cause:1, boot mode:(3,7)

load 0x4010f000, len 1384, room 16 
tail 8
chksum 0x2d
csum 0x2d
v8b899c12
~ld


6.01
 0h00:02.995 2021/06/29T00:40:34z: DS3231
 0h00:03.010 2021/06/29T00:40:34z: BME280 (0x76)
 0h00:03.024 2021/06/29T00:40:34z: 10:52:1c:4d:af:f9
 0h00:03.026 2021/06/29T00:40:34z: SSID: Apollonia Students Halls
 0h00:03.031 2021/06/29T00:40:34z: AP_STAR tmr
 ets Jan  8 2013,rst cause:1, boot mode:(3,7)

load 0x4010f000, len 1384, room 16 
tail 8
chksum 0x2d
csum 0x2d
v8b899c12
~ld


6.01
 0h00:03.003 2021/06/29T01:00:30z: DS3231
 0h00:03.019 2021/06/29T01:00:30z: BME280 (0x76)
 0h00:03.033 2021/06/29T01:00:30z: 10:52:1c:4d:af:f9
 0h00:03.034 2021/06/29T01:00:30z: SSID: Apollonia Students Halls
 0h00:03.040 2021/06/29T01:00:30z: AP_STAR tmr
 ets Jan  8 2013,rst cause:1, boot mode:(3,7)

load 0x4010f000, len 1384, room 16 
tail 8
chksum 0x2d
csum 0x2d
v8b899c12
~ld


6.01
 0h00:02.999 2021/06/29T01:20:26z: DS3231
 0h00:03.015 2021/06/29T01:20:26z: BME280 (0x76)
 0h00:03.029 2021/06/29T01:20:26z: 10:52:1c:4d:af:f9
 0h00:03.031 2021/06/29T01:20:26z: SSID: Apollonia Students Halls
 0h00:03.036 2021/06/29T01:20:26z: AP_STAR tmr
 ets Jan  8 2013,rst cause:1, boot mode:(3,7)

load 0x4010f000, len 1384, room 16 
tail 8
chksum 0x2d
csum 0x2d
v8b899c12
~ld


6.01
 0h00:03.000 2021/06/29T01:40:21z: DS3231
 0h00:03.015 2021/06/29T01:40:21z: BME280 (0x76)
 0h00:03.029 2021/06/29T01:40:21z: 10:52:1c:4d:af:f9
 0h00:03.031 2021/06/29T01:40:21z: SSID: Apollonia Students Halls
 0h00:03.036 2021/06/29T01:40:21z: AP_STAR tmr
 ets Jan  8 2013,rst cause:1, boot mode:(3,7)

load 0x4010f000, len 1384, room 16 
tail 8
chksum 0x2d
csum 0x2d
v8b899c12
~ld


6.01
 0h00:03.002 2021/06/29T02:00:18z: DS3231
 0h00:03.018 2021/06/29T02:00:18z: BME280 (0x76)
 0h00:03.032 2021/06/29T02:00:18z: 10:52:1c:4d:af:f9
 0h00:03.034 2021/06/29T02:00:18z: SSID: Apollonia Students Halls
 0h00:03.039 2021/06/29T02:00:18z: AP_STAR tmr
 ets Jan  8 2013,rst cause:1, boot mode:(3,7)

load 0x4010f000, len 1384, room 16 
tail 8
chksum 0x2d
csum 0x2d
v8b899c12
~ld


6.01
 0h00:03.014 2021/06/29T02:20:14z: DS3231
 0h00:03.029 2021/06/29T02:20:14z: BME280 (0x76)
 0h00:03.043 2021/06/29T02:20:14z: 10:52:1c:4d:af:f9
 0h00:03.045 2021/06/29T02:20:14z: SSID: Apollonia Students Halls
 0h00:03.050 2021/06/29T02:20:14z: AP_STAR tmr
 ets Jan  8 2013,rst cause:1, boot mode:(3,7)

load 0x4010f000, len 1384, room 16 
tail 8
chksum 0x2d
csum 0x2d
v8b899c12
~ld


6.01
 0h00:03.013 2021/06/29T02:40:10z: DS3231
 0h00:03.028 2021/06/29T02:40:10z: BME280 (0x76)
 0h00:03.043 2021/06/29T02:40:10z: 10:52:1c:4d:af:f9
 0h00:03.044 2021/06/29T02:40:10z: SSID: Apollonia Students Halls
 0h00:03.049 2021/06/29T02:40:10z: AP_STAR tmr
 ets Jan  8 2013,rst cause:1, boot mode:(3,7)

load 0x4010f000, len 1384, room 16 
tail 8
chksum 0x2d
csum 0x2d
v8b899c12
~ld


6.01
 0h00:03.025 2021/06/29T03:00:06z: DS3231
 0h00:03.040 2021/06/29T03:00:06z: BME280 (0x76)
 0h00:03.055 2021/06/29T03:00:06z: 10:52:1c:4d:af:f9
 0h00:03.056 2021/06/29T03:00:06z: SSID: Apollonia Students Halls
 0h00:03.061 2021/06/29T03:00:06z: AP_STAR tmr
 ets Jan  8 2013,rst cause:1, boot mode:(3,7)

load 0x4010f000, len 1384, room 16 
tail 8
chksum 0x2d
csum 0x2d
v8b899c12
~ld


6.01
 0h00:03.000 2021/06/29T03:20:02z: DS3231
 0h00:03.015 2021/06/29T03:20:02z: BME280 (0x76)
 0h00:03.030 2021/06/29T03:20:02z: 10:52:1c:4d:af:f9
 0h00:03.031 2021/06/29T03:20:02z: SSID: Apollonia Students Halls
 0h00:03.036 2021/06/29T03:20:02z: AP_STAR tmr
 ets Jan  8 2013,rst cause:1, boot mode:(3,7)

load 0x4010f000, len 1384, room 16 
tail 8
chksum 0x2d
csum 0x2d
v8b899c12
~ld


6.01
 0h00:02.998 2021/06/29T03:39:57z: DS3231
 0h00:03.013 2021/06/29T03:39:57z: BME280 (0x76)
 0h00:03.028 2021/06/29T03:39:57z: 10:52:1c:4d:af:f9
 0h00:03.029 2021/06/29T03:39:57z: SSID: Apollonia Students Halls
 0h00:03.035 2021/06/29T03:39:57z: AP_STAR tmr
 ets Jan  8 2013,rst cause:1, boot mode:(3,7)

load 0x4010f000, len 1384, room 16 
tail 8
chksum 0x2d
csum 0x2d
v8b899c12
~ld


6.01
 0h00:02.995 2021/06/29T03:59:53z: DS3231
 0h00:03.010 2021/06/29T03:59:53z: BME280 (0x76)
 0h00:03.024 2021/06/29T03:59:53z: 10:52:1c:4d:af:f9
 0h00:03.026 2021/06/29T03:59:53z: SSID: Apollonia Students Halls
 0h00:03.031 2021/06/29T03:59:53z: AP_STAR tmr
 ets Jan  8 2013,rst cause:1, boot mode:(3,7)

load 0x4010f000, len 1384, room 16 
tail 8
chksum 0x2d
csum 0x2d
v8b899c12
~ld


6.01
 0h00:03.005 2021/06/29T04:19:49z: DS3231
 0h00:03.021 2021/06/29T04:19:49z: BME280 (0x76)
 0h00:03.035 2021/06/29T04:19:49z: 10:52:1c:4d:af:f9
 0h00:03.036 2021/06/29T04:19:49z: SSID: Apollonia Students Halls
 0h00:03.042 2021/06/29T04:19:49z: AP_STAR tmr
 ets Jan  8 2013,rst cause:1, boot mode:(3,7)

load 0x4010f000, len 1384, room 16 
tail 8
chksum 0x2d
csum 0x2d
v8b899c12
~ld


6.01
 0h00:03.004 2021/06/29T04:39:45z: DS3231
 0h00:03.020 2021/06/29T04:39:45z: BME280 (0x76)
 0h00:03.034 2021/06/29T04:39:45z: 10:52:1c:4d:af:f9
 0h00:03.035 2021/06/29T04:39:45z: SSID: Apollonia Students Halls
 0h00:03.041 2021/06/29T04:39:45z: AP_STAR tmr
 ets Jan  8 2013,rst cause:1, boot mode:(3,7)

load 0x4010f000, len 1384, room 16 
tail 8
chksum 0x2d
csum 0x2d
v8b899c12
~ld


6.01
 0h00:03.014 2021/06/29T04:59:41z: DS3231
 0h00:03.029 2021/06/29T04:59:41z: BME280 (0x76)
 0h00:03.043 2021/06/29T04:59:41z: 10:52:1c:4d:af:f9
 0h00:03.045 2021/06/29T04:59:41z: SSID: Apollonia Students Halls
 0h00:03.050 2021/06/29T04:59:41z: AP_STAR tmr
 ets Jan  8 2013,rst cause:1, boot mode:(3,7)

load 0x4010f000, len 1384, room 16 
tail 8
chksum 0x2d
csum 0x2d
v8b899c12
~ld


6.01
 0h00:03.021 2021/06/29T05:19:37z: DS3231
 0h00:03.036 2021/06/29T05:19:37z: BME280 (0x76)
 0h00:03.050 2021/06/29T05:19:37z: 10:52:1c:4d:af:f9
 0h00:03.052 2021/06/29T05:19:37z: SSID: Apollonia Students Halls
 0h00:03.057 2021/06/29T05:19:37z: AP_STAR tmr
 ets Jan  8 2013,rst cause:1, boot mode:(3,7)

load 0x4010f000, len 1384, room 16 
tail 8
chksum 0x2d
csum 0x2d
v8b899c12
~ld


6.01
 0h00:03.025 2021/06/29T05:39:32z: DS3231
 0h00:03.041 2021/06/29T05:39:32z: BME280 (0x76)
 0h00:03.055 2021/06/29T05:39:32z: 10:52:1c:4d:af:f9
 0h00:03.057 2021/06/29T05:39:32z: SSID: Apollonia Students Halls
 0h00:03.062 2021/06/29T05:39:32z: AP_STAR tmr
 ets Jan  8 2013,rst cause:1, boot mode:(3,7)

load 0x4010f000, len 1384, room 16 
tail 8
chksum 0x2d
csum 0x2d
v8b899c12
~ld


6.01
 0h00:02.999 2021/06/29T05:59:27z: DS3231
 0h00:03.014 2021/06/29T05:59:27z: BME280 (0x76)
 0h00:03.028 2021/06/29T05:59:27z: 10:52:1c:4d:af:f9
 0h00:03.030 2021/06/29T05:59:27z: SSID: Apollonia Students Halls
 0h00:03.035 2021/06/29T05:59:27z: AP_STAR tmr
 ets Jan  8 2013,rst cause:1, boot mode:(3,7)

load 0x4010f000, len 1384, room 16 
tail 8
chksum 0x2d
csum 0x2d
v8b899c12
~ld


6.01
 0h00:03.002 2021/06/29T06:19:23z: DS3231
 0h00:03.017 2021/06/29T06:19:23z: BME280 (0x76)
 0h00:03.031 2021/06/29T06:19:23z: 10:52:1c:4d:af:f9
 0h00:03.033 2021/06/29T06:19:23z: SSID: Apollonia Students Halls
 0h00:03.038 2021/06/29T06:19:23z: AP_STAR tmr
 ets Jan  8 2013,rst cause:1, boot mode:(3,7)

load 0x4010f000, len 1384, room 16 
tail 8
chksum 0x2d
csum 0x2d
v8b899c12
~ld


6.01
 0h00:03.001 2021/06/29T06:39:20z: DS3231
 0h00:03.016 2021/06/29T06:39:20z: BME280 (0x76)
 0h00:03.030 2021/06/29T06:39:20z: 10:52:1c:4d:af:f9
 0h00:03.032 2021/06/29T06:39:20z: SSID: Apollonia Students Halls
 0h00:03.037 2021/06/29T06:39:20z: AP_STAR tmr
 ets Jan  8 2013,rst cause:1, boot mode:(3,7)

load 0x4010f000, len 1384, room 16 
tail 8
chksum 0x2d
csum 0x2d
v8b899c12
~ld


6.01
 0h00:02.996 2021/06/29T06:59:15z: DS3231
 0h00:03.012 2021/06/29T06:59:15z: BME280 (0x76)
 0h00:03.026 2021/06/29T06:59:15z: 10:52:1c:4d:af:f9
 0h00:03.028 2021/06/29T06:59:15z: SSID: Apollonia Students Halls
 0h00:03.033 2021/06/29T06:59:15z: AP_STAR tmr
 ets Jan  8 2013,rst cause:1, boot mode:(3,7)

load 0x4010f000, len 1384, room 16 
tail 8
chksum 0x2d
csum 0x2d
v8b899c12
~ld


6.01
 0h00:03.010 2021/06/29T07:19:11z: DS3231
 0h00:03.026 2021/06/29T07:19:11z: BME280 (0x76)
 0h00:03.040 2021/06/29T07:19:11z: 10:52:1c:4d:af:f9
 0h00:03.042 2021/06/29T07:19:11z: SSID: Apollonia Students Halls
 0h00:03.047 2021/06/29T07:19:11z: AP_STAR tmr
 ets Jan  8 2013,rst cause:1, boot mode:(3,7)

load 0x4010f000, len 1384, room 16 
tail 8
chksum 0x2d
csum 0x2d
v8b899c12
~ld


6.01
 0h00:03.010 2021/06/29T07:39:07z: DS3231
 0h00:03.025 2021/06/29T07:39:07z: BME280 (0x76)
 0h00:03.039 2021/06/29T07:39:07z: 10:52:1c:4d:af:f9
 0h00:03.041 2021/06/29T07:39:07z: SSID: Apollonia Students Halls
 0h00:03.046 2021/06/29T07:39:07z: AP_STAR tmr
 ets Jan  8 2013,rst cause:1, boot mode:(3,7)

load 0x4010f000, len 1384, room 16 
tail 8
chksum 0x2d
csum 0x2d
v8b899c12
~ld


6.01
 0h00:03.016 2021/06/29T07:59:02z: DS3231
 0h00:03.031 2021/06/29T07:59:02z: BME280 (0x76)
 0h00:03.045 2021/06/29T07:59:02z: 10:52:1c:4d:af:f9
 0h00:03.047 2021/06/29T07:59:02z: SSID: Apollonia Students Halls
 0h00:03.052 2021/06/29T07:59:02z: AP_STAR tmr
 ets Jan  8 2013,rst cause:1, boot mode:(3,7)

load 0x4010f000, len 1384, room 16 
tail 8
chksum 0x2d
csum 0x2d
v8b899c12
~ld


6.01
 0h00:03.020 2021/06/29T08:18:58z: DS3231
 0h00:03.035 2021/06/29T08:18:58z: BME280 (0x76)
 0h00:03.049 2021/06/29T08:18:58z: 10:52:1c:4d:af:f9
 0h00:03.051 2021/06/29T08:18:58z: SSID: Apollonia Students Halls
 0h00:03.056 2021/06/29T08:18:58z: AP_STAR tmr
 ets Jan  8 2013,rst cause:1, boot mode:(3,7)

load 0x4010f000, len 1384, room 16 
tail 8
chksum 0x2d
csum 0x2d
v8b899c12
~ld


6.01
 0h00:02.995 2021/06/29T08:38:54z: DS3231
 0h00:03.010 2021/06/29T08:38:54z: BME280 (0x76)
 0h00:03.024 2021/06/29T08:38:54z: 10:52:1c:4d:af:f9
 0h00:03.026 2021/06/29T08:38:54z: SSID: Apollonia Students Halls
 0h00:03.031 2021/06/29T08:38:54z: AP_STAR tmr
 ets Jan  8 2013,rst cause:1, boot mode:(3,7)

load 0x4010f000, len 1384, room 16 
tail 8
chksum 0x2d
csum 0x2d
v8b899c12
~ld


6.01
 0h00:03.000 2021/06/29T08:58:50z: DS3231
 0h00:03.016 2021/06/29T08:58:50z: BME280 (0x76)
 0h00:03.030 2021/06/29T08:58:50z: 10:52:1c:4d:af:f9
 0h00:03.032 2021/06/29T08:58:50z: SSID: Apollonia Students Halls
 0h00:03.037 2021/06/29T08:58:50z: AP_STAR tmr
 ets Jan  8 2013,rst cause:1, boot mode:(3,7)

load 0x4010f000, len 1384, room 16 
tail 8
chksum 0x2d
csum 0x2d
v8b899c12
~ld


6.01
 0h00:03.003 2021/06/29T09:18:47z: DS3231
 0h00:03.018 2021/06/29T09:18:47z: BME280 (0x76)
 0h00:03.032 2021/06/29T09:18:47z: 10:52:1c:4d:af:f9
 0h00:03.034 2021/06/29T09:18:47z: SSID: Apollonia Students Halls
 0h00:03.039 2021/06/29T09:18:47z: AP_STAR tmr
 ets Jan  8 2013,rst cause:1, boot mode:(3,7)

load 0x4010f000, len 1384, room 16 
tail 8
chksum 0x2d
csum 0x2d
v8b899c12
~ld


6.01
 0h00:03.004 2021/06/29T09:38:43z: DS3231
 0h00:03.019 2021/06/29T09:38:43z: BME280 (0x76)
 0h00:03.033 2021/06/29T09:38:43z: 10:52:1c:4d:af:f9
 0h00:03.035 2021/06/29T09:38:43z: SSID: Apollonia Students Halls
 0h00:03.040 2021/06/29T09:38:43z: AP_STAR tmr
 ets Jan  8 2013,rst cause:1, boot mode:(3,7)

load 0x4010f000, len 1384, room 16 
tail 8
chksum 0x2d
csum 0x2d
v8b899c12
~ld


6.01
 0h00:03.003 2021/06/29T09:58:38z: DS3231
 0h00:03.019 2021/06/29T09:58:38z: BME280 (0x76)
 0h00:03.033 2021/06/29T09:58:38z: 10:52:1c:4d:af:f9
 0h00:03.035 2021/06/29T09:58:38z: SSID: Apollonia Students Halls
 0h00:03.040 2021/06/29T09:58:38z: AP_STAR tmr
 ets Jan  8 2013,rst cause:1, boot mode:(3,7)

load 0x4010f000, len 1384, room 16 
tail 8
chksum 0x2d
csum 0x2d
v8b899c12
~ld


6.01
 0h00:03.017 2021/06/29T10:18:34z: DS3231
 0h00:03.032 2021/06/29T10:18:34z: BME280 (0x76)
 0h00:03.046 2021/06/29T10:18:34z: 10:52:1c:4d:af:f9
 0h00:03.048 2021/06/29T10:18:34z: SSID: Apollonia Students Halls
 0h00:03.053 2021/06/29T10:18:34z: AP_STAR tmr
 ets Jan  8 2013,rst cause:1, boot mode:(3,7)

load 0x4010f000, len 1384, room 16 
tail 8
chksum 0x2d
csum 0x2d
v8b899c12
~ld


6.01
 0h00:03.016 2021/06/29T10:38:30z: DS3231
 0h00:03.031 2021/06/29T10:38:30z: BME280 (0x76)
 0h00:03.045 2021/06/29T10:38:30z: 10:52:1c:4d:af:f9
 0h00:03.047 2021/06/29T10:38:30z: SSID: Apollonia Students Halls
 0h00:03.052 2021/06/29T10:38:30z: AP_STAR tmr
 ets Jan  8 2013,rst cause:1, boot mode:(3,7)

load 0x4010f000, len 1384, room 16 
tail 8
chksum 0x2d
csum 0x2d
v8b899c12
~ld


6.01
 0h00:03.022 2021/06/29T10:58:26z: DS3231
 0h00:03.037 2021/06/29T10:58:26z: BME280 (0x76)
 0h00:03.051 2021/06/29T10:58:26z: 10:52:1c:4d:af:f9
 0h00:03.053 2021/06/29T10:58:26z: SSID: Apollonia Students Halls
 0h00:03.058 2021/06/29T10:58:26z: AP_STAR tmr
 ets Jan  8 2013,rst cause:1, boot mode:(3,7)

load 0x4010f000, len 1384, room 16 
tail 8
chksum 0x2d
csum 0x2d
v8b899c12
~ld


6.01
 0h00:02.997 2021/06/29T11:18:22z: DS3231
 0h00:03.012 2021/06/29T11:18:22z: BME280 (0x76)
 0h00:03.027 2021/06/29T11:18:22z: 10:52:1c:4d:af:f9
 0h00:03.028 2021/06/29T11:18:22z: SSID: Apollonia Students Halls
 0h00:03.034 2021/06/29T11:18:22z: AP_STAR tmr
 ets Jan  8 2013,rst cause:1, boot mode:(3,7)

load 0x4010f000, len 1384, room 16 
tail 8
chksum 0x2d
csum 0x2d
v8b899c12
~ld


6.01
 0h00:02.999 2021/06/29T11:38:19z: DS3231
 0h00:03.014 2021/06/29T11:38:19z: BME280 (0x76)
 0h00:03.028 2021/06/29T11:38:19z: 10:52:1c:4d:af:f9
 0h00:03.030 2021/06/29T11:38:19z: SSID: Apollonia Students Halls
 0h00:03.035 2021/06/29T11:38:19z: AP_STAR tmr
 ets Jan  8 2013,rst cause:1, boot mode:(3,7)

load 0x4010f000, len 1384, room 16 
tail 8
chksum 0x2d
csum 0x2d
v8b899c12
~ld


6.01
 0h00:02.999 2021/06/29T11:58:15z: DS3231
 0h00:03.014 2021/06/29T11:58:15z: BME280 (0x76)
 0h00:03.028 2021/06/29T11:58:15z: 10:52:1c:4d:af:f9
 0h00:03.030 2021/06/29T11:58:15z: SSID: Apollonia Students Halls
 0h00:03.035 2021/06/29T11:58:15z: AP_STAR tmr
 ets Jan  8 2013,rst cause:1, boot mode:(3,7)

load 0x4010f000, len 1384, room 16 
tail 8
chksum 0x2d
csum 0x2d
v8b899c12
~ld


6.01
 0h00:02.993 2021/06/29T12:18:11z: DS3231
 0h00:03.008 2021/06/29T12:18:11z: BME280 (0x76)
 0h00:03.022 2021/06/29T12:18:11z: 10:52:1c:4d:af:f9
 0h00:03.024 2021/06/29T12:18:11z: SSID: Apollonia Students Halls
 0h00:03.029 2021/06/29T12:18:11z: AP_STAR tmr
 ets Jan  8 2013,rst cause:1, boot mode:(3,7)

load 0x4010f000, len 1384, room 16 
tail 8
chksum 0x2d
csum 0x2d
v8b899c12
~ld


6.01
 0h00:03.001 2021/06/29T12:38:06z: DS3231
 0h00:03.016 2021/06/29T12:38:06z: BME280 (0x76)
 0h00:03.031 2021/06/29T12:38:06z: 10:52:1c:4d:af:f9
 0h00:03.032 2021/06/29T12:38:06z: SSID: Apollonia Students Halls
 0h00:03.037 2021/06/29T12:38:06z: AP_STAR tmr
 ets Jan  8 2013,rst cause:1, boot mode:(3,7)

load 0x4010f000, len 1384, room 16 
tail 8
chksum 0x2d
csum 0x2d
v8b899c12
~ld


6.01
 0h00:03.013 2021/06/29T12:58:02z: DS3231
 0h00:03.028 2021/06/29T12:58:03z: BME280 (0x76)
 0h00:03.043 2021/06/29T12:58:03z: 10:52:1c:4d:af:f9
 0h00:03.044 2021/06/29T12:58:03z: SSID: Apollonia Students Halls
 0h00:03.049 2021/06/29T12:58:03z: AP_STAR tmr
 ets Jan  8 2013,rst cause:1, boot mode:(3,7)

load 0x4010f000, len 1384, room 16 
tail 8
chksum 0x2d
csum 0x2d
v8b899c12
~ld


6.01
 0h00:03.014 2021/06/29T13:17:59z: DS3231
 0h00:03.029 2021/06/29T13:17:59z: BME280 (0x76)
 0h00:03.043 2021/06/29T13:17:59z: 10:52:1c:4d:af:f9
 0h00:03.045 2021/06/29T13:17:59z: SSID: Apollonia Students Halls
 0h00:03.050 2021/06/29T13:17:59z: AP_STAR tmr
 ets Jan  8 2013,rst cause:1, boot mode:(3,7)

load 0x4010f000, len 1384, room 16 
tail 8
chksum 0x2d
csum 0x2d
v8b899c12
~ld


6.01
 0h00:03.023 2021/06/29T13:37:55z: DS3231
 0h00:03.039 2021/06/29T13:37:55z: BME280 (0x76)
 0h00:03.053 2021/06/29T13:37:55z: 10:52:1c:4d:af:f9
 0h00:03.054 2021/06/29T13:37:55z: SSID: Apollonia Students Halls
 0h00:03.060 2021/06/29T13:37:55z: AP_STAR tmr
 ets Jan  8 2013,rst cause:1, boot mode:(3,7)

load 0x4010f000, len 1384, room 16 
tail 8
chksum 0x2d
csum 0x2d
v8b899c12
~ld


6.01
 0h00:03.004 2021/06/29T13:57:51z: DS3231
 0h00:03.019 2021/06/29T13:57:51z: BME280 (0x76)
 0h00:03.033 2021/06/29T13:57:52z: 10:52:1c:4d:af:f9
 0h00:03.035 2021/06/29T13:57:52z: SSID: Apollonia Students Halls
 0h00:03.040 2021/06/29T13:57:52z: AP_STAR tmr
 ets Jan  8 2013,rst cause:1, boot mode:(3,7)

load 0x4010f000, len 1384, room 16 
tail 8
chksum 0x2d
csum 0x2d
v8b899c12
~ld


6.01
 0h00:02.997 2021/06/29T14:17:48z: DS3231
 0h00:03.012 2021/06/29T14:17:48z: BME280 (0x76)
 0h00:03.026 2021/06/29T14:17:48z: 10:52:1c:4d:af:f9
 0h00:03.028 2021/06/29T14:17:48z: SSID: Apollonia Students Halls
 0h00:03.033 2021/06/29T14:17:48z: AP_STAR tmr
 ets Jan  8 2013,rst cause:1, boot mode:(3,7)

load 0x4010f000, len 1384, room 16 
tail 8
chksum 0x2d
csum 0x2d
v8b899c12
~ld


6.01
 0h00:03.003 2021/06/29T14:37:43z: DS3231
 0h00:03.018 2021/06/29T14:37:43z: BME280 (0x76)
 0h00:03.032 2021/06/29T14:37:43z: 10:52:1c:4d:af:f9
 0h00:03.034 2021/06/29T14:37:43z: SSID: Apollonia Students Halls
 0h00:03.039 2021/06/29T14:37:43z: AP_STAR tmr
 ets Jan  8 2013,rst cause:1, boot mode:(3,7)

load 0x4010f000, len 1384, room 16 
tail 8
chksum 0x2d
csum 0x2d
v8b899c12
~ld


6.01
 0h00:02.997 2021/06/29T14:57:39z: DS3231
 0h00:03.013 2021/06/29T14:57:39z: BME280 (0x76)
 0h00:03.027 2021/06/29T14:57:39z: 10:52:1c:4d:af:f9
 0h00:03.029 2021/06/29T14:57:39z: SSID: Apollonia Students Halls
 0h00:03.034 2021/06/29T14:57:39z: AP_STAR tmr
 ets Jan  8 2013,rst cause:1, boot mode:(3,7)

load 0x4010f000, len 1384, room 16 
tail 8
chksum 0x2d
csum 0x2d
v8b899c12
~ld


6.01
 0h00:03.005 2021/06/29T15:17:35z: DS3231
 0h00:03.021 2021/06/29T15:17:35z: BME280 (0x76)
 0h00:03.035 2021/06/29T15:17:35z: 10:52:1c:4d:af:f9
 0h00:03.036 2021/06/29T15:17:35z: SSID: Apollonia Students Halls
 0h00:03.042 2021/06/29T15:17:35z: AP_STAR tmr
 ets Jan  8 2013,rst cause:1, boot mode:(3,7)

load 0x4010f000, len 1384, room 16 
tail 8
chksum 0x2d
csum 0x2d
v8b899c12
~ld


6.01
 0h00:03.020 2021/06/29T15:37:31z: DS3231
 0h00:03.036 2021/06/29T15:37:31z: BME280 (0x76)
 0h00:03.050 2021/06/29T15:37:31z: 10:52:1c:4d:af:f9
 0h00:03.051 2021/06/29T15:37:31z: SSID: Apollonia Students Halls
 0h00:03.057 2021/06/29T15:37:31z: AP_STAR tmr
 ets Jan  8 2013,rst cause:1, boot mode:(3,7)

load 0x4010f000, len 1384, room 16 
tail 8
chksum 0x2d
csum 0x2d
v8b899c12
~ld


6.01
 0h00:03.015 2021/06/29T15:57:28z: DS3231
 0h00:03.030 2021/06/29T15:57:28z: BME280 (0x76)
 0h00:03.044 2021/06/29T15:57:28z: 10:52:1c:4d:af:f9
 0h00:03.046 2021/06/29T15:57:28z: SSID: Apollonia Students Halls
 0h00:03.051 2021/06/29T15:57:28z: AP_STAR tmr
 ets Jan  8 2013,rst cause:1, boot mode:(3,7)

load 0x4010f000, len 1384, room 16 
tail 8
chksum 0x2d
csum 0x2d
v8b899c12
~ld


6.01
 0h00:03.023 2021/06/29T16:17:23z: DS3231
 0h00:03.038 2021/06/29T16:17:23z: BME280 (0x76)
 0h00:03.052 2021/06/29T16:17:23z: 10:52:1c:4d:af:f9
 0h00:03.054 2021/06/29T16:17:23z: SSID: Apollonia Students Halls
 0h00:03.059 2021/06/29T16:17:23z: AP_STAR tmr
 ets Jan  8 2013,rst cause:1, boot mode:(3,7)

load 0x4010f000, len 1384, room 16 
tail 8
chksum 0x2d
csum 0x2d
v8b899c12
~ld


6.01
 0h00:03.002 2021/06/29T16:37:20z: DS3231
 0h00:03.017 2021/06/29T16:37:20z: BME280 (0x76)
 0h00:03.031 2021/06/29T16:37:20z: 10:52:1c:4d:af:f9
 0h00:03.033 2021/06/29T16:37:20z: SSID: Apollonia Students Halls
 0h00:03.038 2021/06/29T16:37:20z: AP_STAR tmr
 ets Jan  8 2013,rst cause:1, boot mode:(3,7)

load 0x4010f000, len 1384, room 16 
tail 8
chksum 0x2d
csum 0x2d
v8b899c12
~ld


6.01
 0h00:02.999 2021/06/29T16:57:16z: DS3231
 0h00:03.014 2021/06/29T16:57:16z: BME280 (0x76)
 0h00:03.028 2021/06/29T16:57:16z: 10:52:1c:4d:af:f9
 0h00:03.030 2021/06/29T16:57:16z: SSID: Apollonia Students Halls
 0h00:03.035 2021/06/29T16:57:16z: AP_STAR tmr
 ets Jan  8 2013,rst cause:1, boot mode:(3,7)

load 0x4010f000, len 1384, room 16 
tail 8
chksum 0x2d
csum 0x2d
v8b899c12
~ld


6.01
 0h00:02.998 2021/06/29T17:17:11z: DS3231
 0h00:03.013 2021/06/29T17:17:11z: BME280 (0x76)
 0h00:03.027 2021/06/29T17:17:11z: 10:52:1c:4d:af:f9
 0h00:03.029 2021/06/29T17:17:11z: SSID: Apollonia Students Halls
 0h00:03.034 2021/06/29T17:17:11z: AP_STAR tmr
 ets Jan  8 2013,rst cause:1, boot mode:(3,7)

load 0x4010f000, len 1384, room 16 
tail 8
chksum 0x2d
csum 0x2d
v8b899c12
~ld


6.01
 0h00:02.999 2021/06/29T17:37:07z: DS3231
 0h00:03.014 2021/06/29T17:37:07z: BME280 (0x76)
 0h00:03.028 2021/06/29T17:37:07z: 10:52:1c:4d:af:f9
 0h00:03.030 2021/06/29T17:37:07z: SSID: Apollonia Students Halls
 0h00:03.035 2021/06/29T17:37:07z: AP_STAR tmr
 ets Jan  8 2013,rst cause:1, boot mode:(3,7)

load 0x4010f000, len 1384, room 16 
tail 8
chksum 0x2d
csum 0x2d
v8b899c12
~ld


6.01
 0h00:03.004 2021/06/29T17:57:03z: DS3231
 0h00:03.020 2021/06/29T17:57:03z: BME280 (0x76)
 0h00:03.034 2021/06/29T17:57:03z: 10:52:1c:4d:af:f9
 0h00:03.036 2021/06/29T17:57:03z: SSID: Apollonia Students Halls
 0h00:03.041 2021/06/29T17:57:03z: AP_STAR tmr
 ets Jan  8 2013,rst cause:1, boot mode:(3,7)

load 0x4010f000, len 1384, room 16 
tail 8
chksum 0x2d
csum 0x2d
v8b899c12
~ld


6.01
 0h00:03.012 2021/06/29T18:16:59z: DS3231
 0h00:03.027 2021/06/29T18:17:00z: BME280 (0x76)
 0h00:03.042 2021/06/29T18:17:00z: 10:52:1c:4d:af:f9
 0h00:03.043 2021/06/29T18:17:00z: SSID: Apollonia Students Halls
 0h00:03.048 2021/06/29T18:17:00z: AP_STAR tmr
 ets Jan  8 2013,rst cause:1, boot mode:(3,7)

load 0x4010f000, len 1384, room 16 
tail 8
chksum 0x2d
csum 0x2d
v8b899c12
~ld


6.01
 0h00:03.013 2021/06/29T18:36:55z: DS3231
 0h00:03.028 2021/06/29T18:36:55z: BME280 (0x76)
 0h00:03.042 2021/06/29T18:36:55z: 10:52:1c:4d:af:f9
 0h00:03.044 2021/06/29T18:36:55z: SSID: Apollonia Students Halls
 0h00:03.049 2021/06/29T18:36:55z: AP_STAR tmr
 ets Jan  8 2013,rst cause:1, boot mode:(3,7)

load 0x4010f000, len 1384, room 16 
tail 8
chksum 0x2d
csum 0x2d
v8b899c12
~ld


6.01
 0h00:03.022 2021/06/29T18:56:51z: DS3231
 0h00:03.037 2021/06/29T18:56:51z: BME280 (0x76)
 0h00:03.051 2021/06/29T18:56:51z: 10:52:1c:4d:af:f9
 0h00:03.053 2021/06/29T18:56:51z: SSID: Apollonia Students Halls
 0h00:03.058 2021/06/29T18:56:51z: AP_STAR tmr
 ets Jan  8 2013,rst cause:1, boot mode:(3,7)

load 0x4010f000, len 1384, room 16 
tail 8
chksum 0x2d
csum 0x2d
v8b899c12
~ld


6.01
 0h00:02.996 2021/06/29T19:16:47z: DS3231
 0h00:03.011 2021/06/29T19:16:47z: BME280 (0x76)
 0h00:03.025 2021/06/29T19:16:47z: 10:52:1c:4d:af:f9
 0h00:03.027 2021/06/29T19:16:47z: SSID: Apollonia Students Halls
 0h00:03.032 2021/06/29T19:16:47z: AP_STAR tmr
 ets Jan  8 2013,rst cause:1, boot mode:(3,7)

load 0x4010f000, len 1384, room 16 
tail 8
chksum 0x2d
csum 0x2d
v8b899c12
~ld


6.01
 0h00:02.997 2021/06/29T19:36:43z: DS3231
 0h00:03.012 2021/06/29T19:36:43z: BME280 (0x76)
 0h00:03.026 2021/06/29T19:36:43z: 10:52:1c:4d:af:f9
 0h00:03.028 2021/06/29T19:36:43z: SSID: Apollonia Students Halls
 0h00:03.033 2021/06/29T19:36:43z: AP_STAR tmr
 ets Jan  8 2013,rst cause:1, boot mode:(3,7)

load 0x4010f000, len 1384, room 16 
tail 8
chksum 0x2d
csum 0x2d
v8b899c12
~ld


6.01
 0h00:02.994 2021/06/29T19:56:39z: DS3231
 0h00:03.009 2021/06/29T19:56:39z: BME280 (0x76)
 0h00:03.024 2021/06/29T19:56:39z: 10:52:1c:4d:af:f9
 0h00:03.025 2021/06/29T19:56:39z: SSID: Apollonia Students Halls
 0h00:03.030 2021/06/29T19:56:39z: AP_STAR tmr
 ets Jan  8 2013,rst cause:1, boot mode:(3,7)

load 0x4010f000, len 1384, room 16 
tail 8
chksum 0x2d
csum 0x2d
v8b899c12
~ld


6.01
 0h00:02.999 2021/06/29T20:16:35z: DS3231
 0h00:03.014 2021/06/29T20:16:35z: BME280 (0x76)
 0h00:03.029 2021/06/29T20:16:35z: 10:52:1c:4d:af:f9
 0h00:03.030 2021/06/29T20:16:35z: SSID: Apollonia Students Halls
 0h00:03.036 2021/06/29T20:16:35z: AP_STAR tmr
 ets Jan  8 2013,rst cause:1, boot mode:(3,7)

load 0x4010f000, len 1384, room 16 
tail 8
chksum 0x2d
csum 0x2d
v8b899c12
~ld


6.01
 0h00:03.004 2021/06/29T20:36:31z: DS3231
 0h00:03.020 2021/06/29T20:36:31z: BME280 (0x76)
 0h00:03.034 2021/06/29T20:36:31z: 10:52:1c:4d:af:f9
 0h00:03.036 2021/06/29T20:36:31z: SSID: Apollonia Students Halls
 0h00:03.041 2021/06/29T20:36:31z: AP_STAR tmr
 ets Jan  8 2013,rst cause:1, boot mode:(3,7)

load 0x4010f000, len 1384, room 16 
tail 8
chksum 0x2d
csum 0x2d
v8b899c12
~ld


6.01
 0h00:03.019 2021/06/29T20:56:27z: DS3231
 0h00:03.034 2021/06/29T20:56:27z: BME280 (0x76)
 0h00:03.048 2021/06/29T20:56:27z: 10:52:1c:4d:af:f9
 0h00:03.050 2021/06/29T20:56:27z: SSID: Apollonia Students Halls
 0h00:03.055 2021/06/29T20:56:27z: AP_STAR tmr
 ets Jan  8 2013,rst cause:1, boot mode:(3,7)

load 0x4010f000, len 1384, room 16 
tail 8
chksum 0x2d
csum 0x2d
v8b899c12
~ld


6.01
 0h00:03.019 2021/06/29T21:16:23z: DS3231
 0h00:03.034 2021/06/29T21:16:23z: BME280 (0x76)
 0h00:03.048 2021/06/29T21:16:23z: 10:52:1c:4d:af:f9
 0h00:03.050 2021/06/29T21:16:23z: SSID: Apollonia Students Halls
 0h00:03.055 2021/06/29T21:16:23z: AP_STAR tmr
 ets Jan  8 2013,rst cause:1, boot mode:(3,7)

load 0x4010f000, len 1384, room 16 
tail 8
chksum 0x2d
csum 0x2d
v8b899c12
~ld


6.01
 0h00:03.028 2021/06/29T21:36:18z: DS3231
 0h00:03.044 2021/06/29T21:36:18z: BME280 (0x76)
 0h00:03.058 2021/06/29T21:36:18z: 10:52:1c:4d:af:f9
 0h00:03.060 2021/06/29T21:36:18z: SSID: Apollonia Students Halls
 0h00:03.065 2021/06/29T21:36:18z: AP_STAR tmr
 ets Jan  8 2013,rst cause:1, boot mode:(3,7)

load 0x4010f000, len 1384, room 16 
tail 8
chksum 0x2d
csum 0x2d
v8b899c12
~ld


6.01
 0h00:03.000 2021/06/29T21:56:14z: DS3231
 0h00:03.016 2021/06/29T21:56:14z: BME280 (0x76)
 0h00:03.030 2021/06/29T21:56:15z: 10:52:1c:4d:af:f9
 0h00:03.031 2021/06/29T21:56:15z: SSID: Apollonia Students Halls
 0h00:03.037 2021/06/29T21:56:15z: AP_STAR tmr
 ets Jan  8 2013,rst cause:1, boot mode:(3,7)

load 0x4010f000, len 1384, room 16 
tail 8
chksum 0x2d
csum 0x2d
v8b899c12
~ld


6.01
 0h00:02.997 2021/06/29T22:16:11z: DS3231
 0h00:03.013 2021/06/29T22:16:11z: BME280 (0x76)
 0h00:03.027 2021/06/29T22:16:11z: 10:52:1c:4d:af:f9
 0h00:03.029 2021/06/29T22:16:11z: SSID: Apollonia Students Halls
 0h00:03.034 2021/06/29T22:16:11z: AP_STAR tmr
 ets Jan  8 2013,rst cause:1, boot mode:(3,7)

load 0x4010f000, len 1384, room 16 
tail 8
chksum 0x2d
csum 0x2d
v8b899c12
~ld


6.01
 0h00:03.002 2021/06/29T22:36:07z: DS3231
 0h00:03.018 2021/06/29T22:36:07z: BME280 (0x76)
 0h00:03.032 2021/06/29T22:36:07z: 10:52:1c:4d:af:f9
 0h00:03.033 2021/06/29T22:36:07z: SSID: Apollonia Students Halls
 0h00:03.039 2021/06/29T22:36:07z: AP_STAR tmr
 ets Jan  8 2013,rst cause:1, boot mode:(3,7)

load 0x4010f000, len 1384, room 16 
tail 8
chksum 0x2d
csum 0x2d
v8b899c12
~ld


6.01
 0h00:02.998 2021/06/29T22:56:02z: DS3231
 0h00:03.014 2021/06/29T22:56:02z: BME280 (0x76)
 0h00:03.028 2021/06/29T22:56:02z: 10:52:1c:4d:af:f9
 0h00:03.029 2021/06/29T22:56:02z: SSID: Apollonia Students Halls
 0h00:03.035 2021/06/29T22:56:02z: AP_STAR tmr
 ets Jan  8 2013,rst cause:1, boot mode:(3,7)

load 0x4010f000, len 1384, room 16 
tail 8
chksum 0x2d
csum 0x2d
v8b899c12
~ld


6.01
 0h00:03.005 2021/06/29T23:15:59z: DS3231
 0h00:03.020 2021/06/29T23:15:59z: BME280 (0x76)
 0h00:03.034 2021/06/29T23:15:59z: 10:52:1c:4d:af:f9
 0h00:03.036 2021/06/29T23:15:59z: SSID: Apollonia Students Halls
 0h00:03.041 2021/06/29T23:15:59z: AP_STAR tmr
 ets Jan  8 2013,rst cause:1, boot mode:(3,7)

load 0x4010f000, len 1384, room 16 
tail 8
chksum 0x2d
csum 0x2d
v8b899c12
~ld


6.01
 0h00:03.012 2021/06/29T23:35:55z: DS3231
 0h00:03.027 2021/06/29T23:35:55z: BME280 (0x76)
 0h00:03.041 2021/06/29T23:35:55z: 10:52:1c:4d:af:f9
 0h00:03.043 2021/06/29T23:35:55z: SSID: Apollonia Students Halls
 0h00:03.048 2021/06/29T23:35:55z: AP_STAR tmr
 ets Jan  8 2013,rst cause:1, boot mode:(3,7)

load 0x4010f000, len 1384, room 16 
tail 8
chksum 0x2d
csum 0x2d
v8b899c12
~ld


6.01
 0h00:03.019 2021/06/29T23:55:51z: DS3231
 0h00:03.034 2021/06/29T23:55:51z: BME280 (0x76)
 0h00:03.048 2021/06/29T23:55:51z: 10:52:1c:4d:af:f9
 0h00:03.050 2021/06/29T23:55:51z: SSID: Apollonia Students Halls
 0h00:03.055 2021/06/29T23:55:51z: AP_STA