R tmr
 ets Jan  8 2013,rst cause:1, boot mode:(3,7)

load 0x4010f000, len 1384, room 16 
tail 8
chksum 0x2d
csum 0x2d
v8b899c12
~ld


6.01
 0h00:03.016 2021/06/28T10:43:22z: DS3231
 0h00:03.031 2021/06/28T10:43:22z: BME280 (0x76)
 0h00:03.046 2021/06/28T10:43:22z: 10:52:1c:4d:af:f9
 0h00:03.047 2021/06/28T10:43:22z: SSID: Apollonia Students Halls
 0h00:03.052 2021/06/28T10:43:22z: AP_STAR tmr
 ets Jan  8 2013,rst cause:1, boot mode:(3,7)

load 0x4010f000, len 1384, room 16 
tail 8
chksum 0x2d
csum 0x2d
v8b899c12
~ld


6.01
 0h00:03.028 2021/06/28T11:03:18z: DS3231
 0h00:03.044 2021/06/28T11:03:18z: BME280 (0x76)
 0h00:03.058 2021/06/28T11:03:18z: 10:52:1c:4d:af:f9
 0h00:03.060 2021/06/28T11:03:18z: SSID: Apollonia Students Halls
 0h00:03.065 2021/06/28T11:03:18z: AP_STAR tmr
 ets Jan  8 2013,rst cause:1, boot mode:(3,7)

load 0x4010f000, len 1384, room 16 
tail 8
chksum 0x2d
csum 0x2d
v8b899c12
~ld


6.01
 0h00:03.002 2021/06/28T11:23:14z: DS3231
 0h00:03.017 2021/06/28T11:23:14z: BME280 (0x76)
 0h00:03.031 2021/06/28T11:23:14z: 10:52:1c:4d:af:f9
 0h00:03.033 2021/06/28T11:23:14z: SSID: Apollonia Students Halls
 0h00:03.038 2021/06/28T11:23:14z: AP_STAR tmr
 ets Jan  8 2013,rst cause:1, boot mode:(3,7)

load 0x4010f000, len 1384, room 16 
tail 8
chksum 0x2d
csum 0x2d
v8b899c12
~ld


6.01
 0h00:02.998 2021/06/28T11:43:09z: DS3231
 0h00:03.014 2021/06/28T11:43:09z: BME280 (0x76)
 0h00:03.028 2021/06/28T11:43:09z: 10:52:1c:4d:af:f9
 0h00:03.029 2021/06/28T11:43:09z: SSID: Apollonia Students Halls
 0h00:03.035 2021/06/28T11:43:09z: AP_STAR tmr
 ets Jan  8 2013,rst cause:1, boot mode:(3,7)

load 0x4010f000, len 1384, room 16 
tail 8
chksum 0x2d
csum 0x2d
v8b899c12
~ld


6.01
 0h00:02.997 2021/06/28T12:03:05z: DS3231
 0h00:03.012 2021/06/28T12:03:05z: BME280 (0x76)
 0h00:03.026 2021/06/28T12:03:05z: 10:52:1c:4d:af:f9
 0h00:03.028 2021/06/28T12:03:05z: SSID: Apollonia Students Halls
 0h00:03.033 2021/06/28T12:03:05z: AP_STAR tmr
 ets Jan  8 2013,rst cause:1, boot mode:(3,7)

load 0x4010f000, len 1384, room 16 
tail 8
chksum 0x2d
csum 0x2d
v8b899c12
~ld


6.01
 0h00:03.000 2021/06/28T12:23:00z: DS3231
 0h00:03.015 2021/06/28T12:23:01z: BME280 (0x76)
 0h00:03.029 2021/06/28T12:23:01z: 10:52:1c:4d:af:f9
 0h00:03.031 2021/06/28T12:23:01z: SSID: Apollonia Students Halls
 0h00:03.036 2021/06/28T12:23:01z: AP_STAR tmr
 ets Jan  8 2013,rst cause:1, boot mode:(3,7)

load 0x4010f000, len 1384, room 16 
tail 8
chksum 0x2d
csum 0x2d
v8b899c12
~ld


6.01
 0h00:03.003 2021/06/28T12:42:57z: DS3231
 0h00:03.018 2021/06/28T12:42:57z: BME280 (0x76)
 0h00:03.032 2021/06/28T12:42:57z: 10:52:1c:4d:af:f9
 0h00:03.034 2021/06/28T12:42:57z: SSID: Apollonia Students Halls
 0h00:03.039 2021/06/28T12:42:57z: AP_STAR tmr
 ets Jan  8 2013,rst cause:1, boot mode:(3,7)

load 0x4010f000, len 1384, room 16 
tail 8
chksum 0x2d
csum 0x2d
v8b899c12
~ld


6.01
 0h00:03.011 2021/06/28T13:02:52z: DS3231
 0h00:03.027 2021/06/28T13:02:52z: BME280 (0x76)
 0h00:03.041 2021/06/28T13:02:52z: 10:52:1c:4d:af:f9
 0h00:03.043 2021/06/28T13:02:52z: SSID: Apollonia Students Halls
 0h00:03.048 2021/06/28T13:02:52z: AP_STAR tmr
 ets Jan  8 2013,rst cause:1, boot mode:(3,7)

load 0x4010f000, len 1384, room 16 
tail 8
chksum 0x2d
csum 0x2d
v8b899c12
~ld


6.01
 0h00:03.016 2021/06/28T13:22:48z: DS3231
 0h00:03.031 2021/06/28T13:22:48z: BME280 (0x76)
 0h00:03.045 2021/06/28T13:22:48z: 10:52:1c:4d:af:f9
 0h00:03.047 2021/06/28T13:22:48z: SSID: Apollonia Students Halls
 0h00:03.052 2021/06/28T13:22:48z: AP_STAR tmr
 ets Jan  8 2013,rst cause:1, boot mode:(3,7)

load 0x4010f000, len 1384, room 16 
tail 8
chksum 0x2d
csum 0x2d
v8b899c12
~ld


6.01
 0h00:03.027 2021/06/28T13:42:44z: DS3231
 0h00:03.042 2021/06/28T13:42:44z: BME280 (0x76)
 0h00:03.056 2021/06/28T13:42:44z: 10:52:1c:4d:af:f9
 0h00:03.058 2021/06/28T13:42:44z: SSID: Apollonia Students Halls
 0h00:03.063 2021/06/28T13:42:44z: AP_STAR tmr
 ets Jan  8 2013,rst cause:1, boot mode:(3,7)

load 0x4010f000, len 1384, room 16 
tail 8
chksum 0x2d
csum 0x2d
v8b899c12
~ld


6.01
 0h00:02.998 2021/06/28T14:02:40z: DS3231
 0h00:03.013 2021/06/28T14:02:40z: BME280 (0x76)
 0h00:03.028 2021/06/28T14:02:40z: 10:52:1c:4d:af:f9
 0h00:03.029 2021/06/28T14:02:40z: SSID: Apollonia Students Halls
 0h00:03.034 2021/06/28T14:02:40z: AP_STAR tmr
 ets Jan  8 2013,rst cause:1, boot mode:(3,7)

load 0x4010f000, len 1384, room 16 
tail 8
chksum 0x2d
csum 0x2d
v8b899c12
~ld


6.01
 0h00:03.000 2021/06/28T14:22:36z: DS3231
 0h00:03.016 2021/06/28T14:22:36z: BME280 (0x76)
 0h00:03.030 2021/06/28T14:22:36z: 10:52:1c:4d:af:f9
 0h00:03.032 2021/06/28T14:22:36z: SSID: Apollonia Students Halls
 0h00:03.037 2021/06/28T14:22:36z: AP_STAR tmr
 ets Jan  8 2013,rst cause:1, boot mode:(3,7)

load 0x4010f000, len 1384, room 16 
tail 8
chksum 0x2d
csum 0x2d
v8b899c12
~ld


6.01
 0h00:03.000 2021/06/28T14:42:32z: DS3231
 0h00:03.015 2021/06/28T14:42:32z: BME280 (0x76)
 0h00:03.029 2021/06/28T14:42:32z: 10:52:1c:4d:af:f9
 0h00:03.031 2021/06/28T14:42:32z: SSID: Apollonia Students Halls
 0h00:03.036 2021/06/28T14:42:32z: AP_STAR tmr
 ets Jan  8 2013,rst cause:1, boot mode:(3,7)

load 0x4010f000, len 1384, room 16 
tail 8
chksum 0x2d
csum 0x2d
v8b899c12
~ld


6.01
 0h00:03.000 2021/06/28T15:02:28z: DS3231
 0h00:03.015 2021/06/28T15:02:28z: BME280 (0x76)
 0h00:03.029 2021/06/28T15:02:28z: 10:52:1c:4d:af:f9
 0h00:03.031 2021/06/28T15:02:28z: SSID: Apollonia Students Halls
 0h00:03.036 2021/06/28T15:02:28z: AP_STAR tmr
 ets Jan  8 2013,rst cause:1, boot mode:(3,7)

load 0x4010f000, len 1384, room 16 
tail 8
chksum 0x2d
csum 0x2d
v8b899c12
~ld


6.01
 0h00:03.000 2021/06/28T15:22:24z: DS3231
 0h00:03.015 2021/06/28T15:22:24z: BME280 (0x76)
 0h00:03.029 2021/06/28T15:22:24z: 10:52:1c:4d:af:f9
 0h00:03.031 2021/06/28T15:22:24z: SSID: Apollonia Students Halls
 0h00:03.036 2021/06/28T15:22:24z: AP_STAR tmr
 ets Jan  8 2013,rst cause:1, boot mode:(3,7)

load 0x4010f000, len 1384, room 16 
tail 8
chksum 0x2d
csum 0x2d
v8b899c12
~ld


6.01
 0h00:03.010 2021/06/28T15:42:21z: DS3231
 0h00:03.025 2021/06/28T15:42:21z: BME280 (0x76)
 0h00:03.039 2021/06/28T15:42:21z: 10:52:1c:4d:af:f9
 0h00:03.041 2021/06/28T15:42:21z: SSID: Apollonia Students Halls
 0h00:03.046 2021/06/28T15:42:21z: AP_STAR tmr
 ets Jan  8 2013,rst cause:1, boot mode:(3,7)

load 0x4010f000, len 1384, room 16 
tail 8
chksum 0x2d
csum 0x2d
v8b899c12
~ld


6.01
 0h00:03.014 2021/06/28T16:02:16z: DS3231
 0h00:03.030 2021/06/28T16:02:16z: BME280 (0x76)
 0h00:03.044 2021/06/28T16:02:16z: 10:52:1c:4d:af:f9
 0h00:03.046 2021/06/28T16:02:16z: SSID: Apollonia Students Halls
 0h00:03.051 2021/06/28T16:02:16z: AP_STAR tmr
 ets Jan  8 2013,rst cause:1, boot mode:(3,7)

load 0x4010f000, len 1384, room 16 
tail 8
chksum 0x2d
csum 0x2d
v8b899c12
~ld


6.01
 0h00:03.029 2021/06/28T16:22:12z: DS3231
 0h00:03.044 2021/06/28T16:22:12z: BME280 (0x76)
 0h00:03.059 2021/06/28T16:22:12z: 10:52:1c:4d:af:f9
 0h00:03.060 2021/06/28T16:22:12z: SSID: Apollonia Students Halls
 0h00:03.065 2021/06/28T16:22:12z: AP_STAR tmr
 ets Jan  8 2013,rst cause:1, boot mode:(3,7)

load 0x4010f000, len 1384, room 16 
tail 8
chksum 0x2d
csum 0x2d
v8b899c12
~ld


6.01
 0h00:03.001 2021/06/28T16:42:08z: DS3231
 0h00:03.016 2021/06/28T16:42:08z: BME280 (0x76)
 0h00:03.031 2021/06/28T16:42:08z: 10:52:1c:4d:af:f9
 0h00:03.032 2021/06/28T16:42:08z: SSID: Apollonia Students Halls
 0h00:03.038 2021/06/28T16:42:08z: AP_STAR tmr
 ets Jan  8 2013,rst cause:1, boot mode:(3,7)

load 0x4010f000, len 1384, room 16 
tail 8
chksum 0x2d
csum 0x2d
v8b899c12
~ld


6.01
 0h00:02.996 2021/06/28T17:02:04z: DS3231
 0h00:03.011 2021/06/28T17:02:04z: BME280 (0x76)
 0h00:03.025 2021/06/28T17:02:04z: 10:52:1c:4d:af:f9
 0h00:03.027 2021/06/28T17:02:04z: SSID: Apollonia Students Halls
 0h00:03.032 2021/06/28T17:02:04z: AP_STAR tmr
 ets Jan  8 2013,rst cause:1, boot mode:(3,7)

load 0x4010f000, len 1384, room 16 
tail 8
chksum 0x2d
csum 0x2d
v8b899c12
~ld


6.01
 0h00:02.996 2021/06/28T17:22:01z: DS3231
 0h00:03.011 2021/06/28T17:22:01z: BME280 (0x76)
 0h00:03.025 2021/06/28T17:22:01z: 10:52:1c:4d:af:f9
 0h00:03.027 2021/06/28T17:22:01z: SSID: Apollonia Students Halls
 0h00:03.032 2021/06/28T17:22:01z: AP_STAR tmr
 ets Jan  8 2013,rst cause:1, boot mode:(3,7)

load 0x4010f000, len 1384, room 16 
tail 8
chksum 0x2d
csum 0x2d
v8b899c12
~ld


6.01
 0h00:03.000 2021/06/28T17:41:56z: DS3231
 0h00:03.016 2021/06/28T17:41:56z: BME280 (0x76)
 0h00:03.030 2021/06/28T17:41:56z: 10:52:1c:4d:af:f9
 0h00:03.032 2021/06/28T17:41:56z: SSID: Apollonia Students Halls
 0h00:03.037 2021/06/28T17:41:56z: AP_STAR tmr
 ets Jan  8 2013,rst cause:1, boot mode:(3,7)

load 0x4010f000, len 1384, room 16 
tail 8
chksum 0x2d
csum 0x2d
v8b899c12
~ld


6.01
 0h00:02.996 2021/06/28T18:01:53z: DS3231
 0h00:03.011 2021/06/28T18:01:53z: BME280 (0x76)
 0h00:03.025 2021/06/28T18:01:53z: 10:52:1c:4d:af:f9
 0h00:03.027 2021/06/28T18:01:53z: SSID: Apollonia Students Halls
 0h00:03.032 2021/06/28T18:01:53z: AP_STAR tmr
 ets Jan  8 2013,rst cause:1, boot mode:(3,7)

load 0x4010f000, len 1384, room 16 
tail 8
chksum 0x2d
csum 0x2d
v8b899c12
~ld


6.01
 0h00:03.011 2021/06/28T18:21:48z: DS3231
 0h00:03.026 2021/06/28T18:21:48z: BME280 (0x76)
 0h00:03.040 2021/06/28T18:21:48z: 10:52:1c:4d:af:f9
 0h00:03.042 2021/06/28T18:21:48z: SSID: Apollonia Students Halls
 0h00:03.047 2021/06/28T18:21:48z: AP_STAR tmr
 ets Jan  8 2013,rst cause:1, boot mode:(3,7)

load 0x4010f000, len 1384, room 16 
tail 8
chksum 0x2d
csum 0x2d
v8b899c12
~ld


6.01
 0h00:03.016 2021/06/28T18:41:44z: DS3231
 0h00:03.031 2021/06/28T18:41:44z: BME280 (0x76)
 0h00:03.045 2021/06/28T18:41:44z: 10:52:1c:4d:af:f9
 0h00:03.047 2021/06/28T18:41:44z: SSID: Apollonia Students Halls
 0h00:03.052 2021/06/28T18:41:44z: AP_STAR tmr
 ets Jan  8 2013,rst cause:1, boot mode:(3,7)

load 0x4010f000, len 1384, room 16 
tail 8
chksum 0x2d
csum 0x2d
v8b899c12
~ld


6.01
 0h00:03.025 2021/06/28T19:01:40z: DS3231
 0h00:03.040 2021/06/28T19:01:40z: BME280 (0x76)
 0h00:03.054 2021/06/28T19:01:40z: 10:52:1c:4d:af:f9
 0h00:03.056 2021/06/28T19:01:40z: SSID: Apollonia Students Halls
 0h00:03.061 2021/06/28T19:01:40z: AP_STAR tmr
 ets Jan  8 2013,rst cause:1, boot mode:(3,7)

load 0x4010f000, len 1384, room 16 
tail 8
chksum 0x2d
csum 0x2d
v8b899c12
~ld


6.01
 0h00:03.004 2021/06/28T19:21:36z: DS3231
 0h00:03.019 2021/06/28T19:21:36z: BME280 (0x76)
 0h00:03.033 2021/06/28T19:21:36z: 10:52:1c:4d:af:f9
 0h00:03.035 2021/06/28T19:21:36z: SSID: Apollonia Students Halls
 0h00:03.040 2021/06/28T19:21:36z: AP_STAR tmr
 ets Jan  8 2013,rst cause:1, boot mode:(3,7)

load 0x4010f000, len 1384, room 16 
tail 8
chksum 0x2d
csum 0x2d
v8b899c12
~ld


6.01
 0h00:02.996 2021/06/28T19:41:32z: DS3231
 0h00:03.011 2021/06/28T19:41:32z: BME280 (0x76)
 0h00:03.026 2021/06/28T19:41:32z: 10:52:1c:4d:af:f9
 0h00:03.027 2021/06/28T19:41:32z: SSID: Apollonia Students Halls
 0h00:03.033 2021/06/28T19:41:32z: AP_STAR tmr
 ets Jan  8 2013,rst cause:1, boot mode:(3,7)

load 0x4010f000, len 1384, room 16 
tail 8
chksum 0x2d
csum 0x2d
v8b899c12
~ld


6.01
 0h00:03.000 2021/06/28T20:01:28z: DS3231
 0h00:03.016 2021/06/28T20:01:28z: BME280 (0x76)
 0h00:03.030 2021/06/28T20:01:28z: 10:52:1c:4d:af:f9
 0h00:03.032 2021/06/28T20:01:28z: SSID: Apollonia Students Halls
 0h00:03.037 2021/06/28T20:01:28z: AP_STAR tmr
 ets Jan  8 2013,rst cause:1, boot mode:(3,7)

load 0x4010f000, len 1384, room 16 
tail 8
chksum 0x2d
csum 0x2d
v8b899c12
~ld


6.01
 0h00:03.004 2021/06/28T20:21:24z: DS3231
 0h00:03.020 2021/06/28T20:21:24z: BME280 (0x76)
 0h00:03.034 2021/06/28T20:21:24z: 10:52:1c:4d:af:f9
 0h00:03.036 2021/06/28T20:21:24z: SSID: Apollonia Students Halls
 0h00:03.041 2021/06/28T20:21:24z: AP_STAR tmr
 ets Jan  8 2013,rst cause:1, boot mode:(3,7)

load 0x4010f000, len 1384, room 16 
tail 8
chksum 0x2d
csum 0x2d
v8b899c12
~ld


6.01
 0h00:03.005 2021/06/28T20:41:20z: DS3231
 0h00:03.020 2021/06/28T20:41:20z: BME280 (0x76)
 0h00:03.034 2021/06/28T20:41:20z: 10:52:1c:4d:af:f9
 0h00:03.036 2021/06/28T20:41:20z: SSID: Apollonia Students Halls
 0h00:03.041 2021/06/28T20:41:20z: AP_STAR tmr
 ets Jan  8 2013,rst cause:1, boot mode:(3,7)

load 0x4010f000, len 1384, room 16 
tail 8
chksum 0x2d
csum 0x2d
v8b899c12
~ld


6.01
 0h00:03.015 2021/06/28T21:01:16z: DS3231
 0h00:03.030 2021/06/28T21:01:16z: BME280 (0x76)
 0h00:03.044 2021/06/28T21:01:16z: 10:52:1c:4d:af:f9
 0h00:03.046 2021/06/28T21:01:16z: SSID: Apollonia Students Halls
 0h00:03.051 2021/06/28T21:01:16z: AP_STAR tmr
 ets Jan  8 2013,rst cause:1, boot mode:(3,7)

load 0x4010f000, len 1384, room 16 
tail 8
chksum 0x2d
csum 0x2d
v8b899c12
~ld


6.01
 0h00:03.025 2021/06/28T21:21:13z: DS3231
 0h00:03.040 2021/06/28T21:21:13z: BME280 (0x76)
 0h00:03.054 2021/06/28T21:21:13z: 10:52:1c:4d:af:f9
 0h00:03.056 2021/06/28T21:21:13z: SSID: Apollonia Students Halls
 0h00:03.061 2021/06/28T21:21:13z: AP_STAR tmr
 ets Jan  8 2013,rst cause:1, boot mode:(3,7)

load 0x4010f000, len 1384, room 16 
tail 8
chksum 0x2d
csum 0x2d
v8b899c12
~ld


6.01
 0h00:03.029 2021/06/28T21:41:09z: DS3231
 0h00:03.044 2021/06/28T21:41:09z: BME280 (0x76)
 0h00:03.058 2021/06/28T21:41:09z: 10:52:1c:4d:af:f9
 0h00:03.060 2021/06/28T21:41:09z: SSID: Apollonia Students Halls
 0h00:03.065 2021/06/28T21:41:09z: AP_STAR tmr
 ets Jan  8 2013,rst cause:1, boot mode:(3,7)

load 0x4010f000, len 1384, room 16 
tail 8
chksum 0x2d
csum 0x2d
v8b899c12
~ld


6.01
 0h00:02.998 2021/06/28T22:01:05z: DS3231
 0h00:03.014 2021/06/28T22:01:05z: BME280 (0x76)
 0h00:03.028 2021/06/28T22:01:05z: 10:52:1c:4d:af:f9
 0h00:03.029 2021/06/28T22:01:05z: SSID: Apollonia Students Halls
 0h00:03.035 2021/06/28T22:01:05z: AP_STAR tmr
 ets Jan  8 2013,rst cause:1, boot mode:(3,7)

load 0x4010f000, len 1384, room 16 
tail 8
chksum 0x2d
csum 0x2d
v8b899c12
~ld


6.01
 0h00:03.002 2021/06/28T22:21:02z: DS3231
 0h00:03.017 2021/06/28T22:21:02z: BME280 (0x76)
 0h00:03.032 2021/06/28T22:21:02z: 10:52:1c:4d:af:f9
 0h00:03.033 2021/06/28T22:21:02z: SSID: Apollonia Students Halls
 0h00:03.039 2021/06/28T22:21:02z: AP_STAR tmr
 ets Jan  8 2013,rst cause:1, boot mode:(3,7)

load 0x4010f000, len 1384, room 16 
tail 8
chksum 0x2d
csum 0x2d
v8b899c12
~ld


6.01
 0h00:03.000 2021/06/28T22:40:57z: DS3231
 0h00:03.015 2021/06/28T22:40:57z: BME280 (0x76)
 0h00:03.029 2021/06/28T22:40:57z: 10:52:1c:4d:af:f9
 0h00:03.031 2021/06/28T22:40:57z: SSID: Apollonia Students Halls
 0h00:03.036 2021/06/28T22:40:57z: AP_STAR tmr
 ets Jan  8 2013,rst cause:1, boot mode:(3,7)

load 0x4010f000, len 1384, room 16 
tail 8
chksum 0x2d
csum 0x2d
v8b899c12
~ld


6.01
 0h00:03.004 2021/06/28T23:00:54z: DS3231
 0h00:03.019 2021/06/28T23:00:54z: BME280 (0x76)
 0h00:03.033 2021/06/28T23:00:54z: 10:52:1c:4d:af:f9
 0h00:03.035 2021/06/28T23:00:54z: SSID: Apollonia Students Halls
 0h00:03.040 2021/06/28T23:00:54z: AP_STAR tmr
 ets Jan  8 2013,rst cause:1, boot mode:(3,7)

load 0x4010f000, len 1384, room 16 
tail 8
chksum 0x2d
csum 0x2d
v8b899c12
~ld


6.01
 0h00:03.001 2021/06/28T23:20:50z: DS3231
 0h00:03.016 2021/06/28T23:20:50z: BME280 (0x76)
 0h00:03.030 2021/06/28T23:20:50z: 10:52:1c:4d:af:f9
 0h00:03.032 2021/06/28T23:20:50z: SSID: Apollonia Students Halls
 0h00:03.037 2021/06/28T23:20:50z: AP_STAR tmr
 ets Jan  8 2013,rst cause:1, boot mode:(3,7)

load 0x4010f000, len 1384, room 16 
tail 8
chksum 0x2d
csum 0x2d
v8b899c12
~ld


6.01
 0h00:03.012 2021/06/28T23:40:46z: DS3231
 0h00:03.028 2021/06/28T23:40:46z: BME280 (0x76)
 0h00:03.042 2021/06/28T23:40:46z: 10:52:1c:4d:af:f9
 0h00:03.044 2021/06/28T23:40:46z: SSID: Apollonia Students Halls
 0h00:03.049 2021/06/28T23:40:46z: AP_STA