R tmr
 ets Jan  8 2013,rst cause:1, boot mode:(3,7)

load 0x4010f000, len 1384, room 16 
tail 8
chksum 0x2d
csum 0x2d
v8b899c12
~ld


6.01
 0h00:03.035 2021/05/26T00:02:26z: DS3231
 0h00:03.051 2021/05/26T00:02:26z: BME280 (0x76)
 0h00:03.065 2021/05/26T00:02:26z: 50:2:91:db:e4:21
 0h00:03.067 2021/05/26T00:02:26z: SSID: Isogeio
 0h00:03.072 2021/05/26T00:02:26z: AP_STAR tmr
 ets Jan  8 2013,rst cause:1, boot mode:(3,7)

load 0x4010f000, len 1384, room 16 
tail 8
chksum 0x2d
csum 0x2d
v8b899c12
~ld


6.01
 0h00:03.033 2021/05/26T00:22:22z: DS3231
 0h00:03.049 2021/05/26T00:22:22z: BME280 (0x76)
 0h00:03.063 2021/05/26T00:22:22z: 50:2:91:db:e4:21
 0h00:03.064 2021/05/26T00:22:22z: SSID: Isogeio
 0h00:03.070 2021/05/26T00:22:22z: AP_STAR tmr
 ets Jan  8 2013,rst cause:1, boot mode:(3,7)

load 0x4010f000, len 1384, room 16 
tail 8
chksum 0x2d
csum 0x2d
v8b899c12
~ld


6.01
 0h00:03.034 2021/05/26T00:42:18z: DS3231
 0h00:03.049 2021/05/26T00:42:18z: BME280 (0x76)
 0h00:03.063 2021/05/26T00:42:18z: 50:2:91:db:e4:21
 0h00:03.065 2021/05/26T00:42:18z: SSID: Isogeio
 0h00:03.070 2021/05/26T00:42:18z: AP_STAR tmr
 ets Jan  8 2013,rst cause:1, boot mode:(3,7)

load 0x4010f000, len 1384, room 16 
tail 8
chksum 0x2d
csum 0x2d
v8b899c12
~ld


6.01
 0h00:03.032 2021/05/26T01:02:13z: DS3231
 0h00:03.048 2021/05/26T01:02:14z: BME280 (0x76)
 0h00:03.062 2021/05/26T01:02:14z: 50:2:91:db:e4:21
 0h00:03.063 2021/05/26T01:02:14z: SSID: Isogeio
 0h00:03.069 2021/05/26T01:02:14z: AP_STAR tmr
 ets Jan  8 2013,rst cause:1, boot mode:(3,7)

load 0x4010f000, len 1384, room 16 
tail 8
chksum 0x2d
csum 0x2d
v8b899c12
~ld


6.01
 0h00:03.103 2021/05/26T01:22:09z: DS3231
 0h00:03.118 2021/05/26T01:22:09z: BME280 (0x76)
 0h00:03.132 2021/05/26T01:22:09z: 50:2:91:db:e4:21
 0h00:03.134 2021/05/26T01:22:09z: SSID: Isogeio
 0h00:03.139 2021/05/26T01:22:09z: AP_STAR tmr
 ets Jan  8 2013,rst cause:1, boot mode:(3,7)

load 0x4010f000, len 1384, room 16 
tail 8
chksum 0x2d
csum 0x2d
v8b899c12
~ld


6.01
 0h00:03.054 2021/05/26T01:42:05z: DS3231
 0h00:03.070 2021/05/26T01:42:05z: BME280 (0x76)
 0h00:03.084 2021/05/26T01:42:05z: 50:2:91:db:e4:21
 0h00:03.085 2021/05/26T01:42:05z: SSID: Isogeio
 0h00:03.091 2021/05/26T01:42:05z: AP_STAR tmr
 ets Jan  8 2013,rst cause:1, boot mode:(3,7)

load 0x4010f000, len 1384, room 16 
tail 8
chksum 0x2d
csum 0x2d
v8b899c12
~ld


6.01
 0h00:03.057 2021/05/26T02:02:02z: DS3231
 0h00:03.072 2021/05/26T02:02:02z: BME280 (0x76)
 0h00:03.087 2021/05/26T02:02:02z: 50:2:91:db:e4:21
 0h00:03.088 2021/05/26T02:02:02z: SSID: Isogeio
 0h00:03.093 2021/05/26T02:02:02z: AP_STAR tmr
 ets Jan  8 2013,rst cause:1, boot mode:(3,7)

load 0x4010f000, len 1384, room 16 
tail 8
chksum 0x2d
csum 0x2d
v8b899c12
~ld


6.01
 0h00:03.034 2021/05/26T02:21:57z: DS3231
 0h00:03.049 2021/05/26T02:21:57z: BME280 (0x76)
 0h00:03.063 2021/05/26T02:21:57z: 50:2:91:db:e4:21
 0h00:03.065 2021/05/26T02:21:57z: SSID: Isogeio
 0h00:03.070 2021/05/26T02:21:57z: AP_STAR tmr
 ets Jan  8 2013,rst cause:1, boot mode:(3,7)

load 0x4010f000, len 1384, room 16 
tail 8
chksum 0x2d
csum 0x2d
v8b899c12
~ld


6.01
 0h00:03.031 2021/05/26T02:41:54z: DS3231
 0h00:03.047 2021/05/26T02:41:54z: BME280 (0x76)
 0h00:03.061 2021/05/26T02:41:54z: 50:2:91:db:e4:21
 0h00:03.062 2021/05/26T02:41:54z: SSID: Isogeio
 0h00:03.068 2021/05/26T02:41:54z: AP_STAR tmr
 ets Jan  8 2013,rst cause:1, boot mode:(3,7)

load 0x4010f000, len 1384, room 16 
tail 8
chksum 0x2d
csum 0x2d
v8b899c12
~ld


6.01
 0h00:03.035 2021/05/26T03:01:50z: DS3231
 0h00:03.050 2021/05/26T03:01:50z: BME280 (0x76)
 0h00:03.065 2021/05/26T03:01:50z: 50:2:91:db:e4:21
 0h00:03.066 2021/05/26T03:01:50z: SSID: Isogeio
 0h00:03.071 2021/05/26T03:01:50z: AP_STAR tmr
 ets Jan  8 2013,rst cause:1, boot mode:(3,7)

load 0x4010f000, len 1384, room 16 
tail 8
chksum 0x2d
csum 0x2d
v8b899c12
~ld


6.01
 0h00:03.033 2021/05/26T03:21:46z: DS3231
 0h00:03.048 2021/05/26T03:21:46z: BME280 (0x76)
 0h00:03.063 2021/05/26T03:21:46z: 50:2:91:db:e4:21
 0h00:03.064 2021/05/26T03:21:46z: SSID: Isogeio
 0h00:03.069 2021/05/26T03:21:46z: AP_STAR tmr
 ets Jan  8 2013,rst cause:1, boot mode:(3,7)

load 0x4010f000, len 1384, room 16 
tail 8
chksum 0x2d
csum 0x2d
v8b899c12
~ld


6.01
 0h00:03.035 2021/05/26T03:41:42z: DS3231
 0h00:03.050 2021/05/26T03:41:42z: BME280 (0x76)
 0h00:03.065 2021/05/26T03:41:42z: 50:2:91:db:e4:21
 0h00:03.066 2021/05/26T03:41:42z: SSID: Isogeio
 0h00:03.071 2021/05/26T03:41:42z: AP_STAR tmr
 ets Jan  8 2013,rst cause:1, boot mode:(3,7)

load 0x4010f000, len 1384, room 16 
tail 8
chksum 0x2d
csum 0x2d
v8b899c12
~ld


6.01
 0h00:03.101 2021/05/26T04:01:38z: DS3231
 0h00:03.116 2021/05/26T04:01:38z: BME280 (0x76)
 0h00:03.130 2021/05/26T04:01:38z: 50:2:91:db:e4:21
 0h00:03.132 2021/05/26T04:01:38z: SSID: Isogeio
 0h00:03.137 2021/05/26T04:01:38z: AP_STAR tmr
 ets Jan  8 2013,rst cause:1, boot mode:(3,7)

load 0x4010f000, len 1384, room 16 
tail 8
chksum 0x2d
csum 0x2d
v8b899c12
~ld


6.01
 0h00:03.060 2021/05/26T04:21:34z: DS3231
 0h00:03.075 2021/05/26T04:21:34z: BME280 (0x76)
 0h00:03.089 2021/05/26T04:21:34z: 50:2:91:db:e4:21
 0h00:03.091 2021/05/26T04:21:34z: SSID: Isogeio
 0h00:03.096 2021/05/26T04:21:34z: AP_STAR tmr
 ets Jan  8 2013,rst cause:1, boot mode:(3,7)

load 0x4010f000, len 1384, room 16 
tail 8
chksum 0x2d
csum 0x2d
v8b899c12
~ld


6.01
 0h00:03.028 2021/05/26T04:41:29z: DS3231
 0h00:03.043 2021/05/26T04:41:29z: BME280 (0x76)
 0h00:03.058 2021/05/26T04:41:29z: 50:2:91:db:e4:21
 0h00:03.059 2021/05/26T04:41:29z: SSID: Isogeio
 0h00:03.064 2021/05/26T04:41:29z: AP_STAR tmr
 ets Jan  8 2013,rst cause:1, boot mode:(3,7)

load 0x4010f000, len 1384, room 16 
tail 8
chksum 0x2d
csum 0x2d
v8b899c12
~ld


6.01
 0h00:03.033 2021/05/26T05:01:26z: DS3231
 0h00:03.048 2021/05/26T05:01:26z: BME280 (0x76)
 0h00:03.062 2021/05/26T05:01:26z: 50:2:91:db:e4:21
 0h00:03.064 2021/05/26T05:01:26z: SSID: Isogeio
 0h00:03.069 2021/05/26T05:01:26z: AP_STAR tmr
 ets Jan  8 2013,rst cause:1, boot mode:(3,7)

load 0x4010f000, len 1384, room 16 
tail 8
chksum 0x2d
csum 0x2d
v8b899c12
~ld


6.01
 0h00:03.039 2021/05/26T05:21:22z: DS3231
 0h00:03.054 2021/05/26T05:21:22z: BME280 (0x76)
 0h00:03.068 2021/05/26T05:21:22z: 50:2:91:db:e4:21
 0h00:03.070 2021/05/26T05:21:22z: SSID: Isogeio
 0h00:03.075 2021/05/26T05:21:22z: AP_STAR tmr
 ets Jan  8 2013,rst cause:1, boot mode:(3,7)

load 0x4010f000, len 1384, room 16 
tail 8
chksum 0x2d
csum 0x2d
v8b899c12
~ld


6.01
 0h00:03.031 2021/05/26T05:41:18z: DS3231
 0h00:03.046 2021/05/26T05:41:18z: BME280 (0x76)
 0h00:03.060 2021/05/26T05:41:18z: 50:2:91:db:e4:21
 0h00:03.062 2021/05/26T05:41:18z: SSID: Isogeio
 0h00:03.067 2021/05/26T05:41:18z: AP_STAR tmr
 ets Jan  8 2013,rst cause:1, boot mode:(3,7)

load 0x4010f000, len 1384, room 16 
tail 8
chksum 0x2d
csum 0x2d
v8b899c12
~ld


6.01
 0h00:03.035 2021/05/26T06:01:14z: DS3231
 0h00:03.051 2021/05/26T06:01:14z: BME280 (0x76)
 0h00:03.065 2021/05/26T06:01:14z: 50:2:91:db:e4:21
 0h00:03.067 2021/05/26T06:01:14z: SSID: Isogeio
 0h00:03.072 2021/05/26T06:01:14z: AP_STAR tmr
 ets Jan  8 2013,rst cause:1, boot mode:(3,7)

load 0x4010f000, len 1384, room 16 
tail 8
chksum 0x2d
csum 0x2d
v8b899c12
~ld


6.01
 0h00:03.027 2021/05/26T06:21:11z: DS3231
 0h00:03.042 2021/05/26T06:21:11z: BME280 (0x76)
 0h00:03.057 2021/05/26T06:21:11z: 50:2:91:db:e4:21
 0h00:03.058 2021/05/26T06:21:11z: SSID: Isogeio
 0h00:03.063 2021/05/26T06:21:11z: AP_STAR tmr
 ets Jan  8 2013,rst cause:1, boot mode:(3,7)

load 0x4010f000, len 1384, room 16 
tail 8
chksum 0x2d
csum 0x2d
v8b899c12
~ld


6.01
 0h00:03.035 2021/05/26T06:41:06z: DS3231
 0h00:03.050 2021/05/26T06:41:06z: BME280 (0x76)
 0h00:03.064 2021/05/26T06:41:06z: 50:2:91:db:e4:21
 0h00:03.066 2021/05/26T06:41:06z: SSID: Isogeio
 0h00:03.071 2021/05/26T06:41:06z: AP_STAR tmr
 ets Jan  8 2013,rst cause:1, boot mode:(3,7)

load 0x4010f000, len 1384, room 16 
tail 8
chksum 0x2d
csum 0x2d
v8b899c12
~ld


6.01
 0h00:03.036 2021/05/26T07:01:03z: DS3231
 0h00:03.051 2021/05/26T07:01:03z: BME280 (0x76)
 0h00:03.065 2021/05/26T07:01:03z: 50:2:91:db:e4:21
 0h00:03.067 2021/05/26T07:01:03z: SSID: Isogeio
 0h00:03.072 2021/05/26T07:01:03z: AP_STAR tmr
 ets Jan  8 2013,rst cause:1, boot mode:(3,7)

load 0x4010f000, len 1384, room 16 
tail 8
chksum 0x2d
csum 0x2d
v8b899c12
~ld


6.01
 0h00:03.042 2021/05/26T07:21:00z: DS3231
 0h00:03.057 2021/05/26T07:21:00z: BME280 (0x76)
 0h00:03.071 2021/05/26T07:21:00z: 50:2:91:db:e4:21
 0h00:03.073 2021/05/26T07:21:00z: SSID: Isogeio
 0h00:03.078 2021/05/26T07:21:00z: AP_STAR tmr
 ets Jan  8 2013,rst cause:1, boot mode:(3,7)

load 0x4010f000, len 1384, room 16 
tail 8
chksum 0x2d
csum 0x2d
v8b899c12
~ld


6.01
 0h00:03.043 2021/05/26T07:40:56z: DS3231
 0h00:03.059 2021/05/26T07:40:56z: BME280 (0x76)
 0h00:03.073 2021/05/26T07:40:56z: 50:2:91:db:e4:21
 0h00:03.074 2021/05/26T07:40:56z: SSID: Isogeio
 0h00:03.080 2021/05/26T07:40:56z: AP_STAR tmr
 ets Jan  8 2013,rst cause:1, boot mode:(3,7)

load 0x4010f000, len 1384, room 16 
tail 8
chksum 0x2d
csum 0x2d
v8b899c12
~ld


6.01
 0h00:03.055 2021/05/26T08:00:53z: DS3231
 0h00:03.070 2021/05/26T08:00:53z: BME280 (0x76)
 0h00:03.085 2021/05/26T08:00:53z: 50:2:91:db:e4:21
 0h00:03.086 2021/05/26T08:00:53z: SSID: Isogeio
 0h00:03.091 2021/05/26T08:00:53z: AP_STAR tmr
 ets Jan  8 2013,rst cause:1, boot mode:(3,7)

load 0x4010f000, len 1384, room 16 
tail 8
chksum 0x2d
csum 0x2d
v8b899c12
~ld


6.01
 0h00:03.062 2021/05/26T08:20:48z: DS3231
 0h00:03.077 2021/05/26T08:20:48z: BME280 (0x76)
 0h00:03.092 2021/05/26T08:20:48z: 50:2:91:db:e4:21
 0h00:03.093 2021/05/26T08:20:48z: SSID: Isogeio
 0h00:03.098 2021/05/26T08:20:48z: AP_STAR tmr
 ets Jan  8 2013,rst cause:1, boot mode:(3,7)

load 0x4010f000, len 1384, room 16 
tail 8
chksum 0x2d
csum 0x2d
v8b899c12
~ld


6.01
 0h00:03.041 2021/05/26T08:40:45z: DS3231
 0h00:03.056 2021/05/26T08:40:45z: BME280 (0x76)
 0h00:03.070 2021/05/26T08:40:45z: 50:2:91:db:e4:21
 0h00:03.072 2021/05/26T08:40:45z: SSID: Isogeio
 0h00:03.077 2021/05/26T08:40:45z: AP_STAR tmr
 ets Jan  8 2013,rst cause:1, boot mode:(3,7)

load 0x4010f000, len 1384, room 16 
tail 8
chksum 0x2d
csum 0x2d
v8b899c12
~ld


6.01
 0h00:03.027 2021/05/26T09:00:40z: DS3231
 0h00:03.042 2021/05/26T09:00:40z: BME280 (0x76)
 0h00:03.056 2021/05/26T09:00:40z: 50:2:91:db:e4:21
 0h00:03.058 2021/05/26T09:00:40z: SSID: Isogeio
 0h00:03.063 2021/05/26T09:00:40z: AP_STAR tmr
 ets Jan  8 2013,rst cause:1, boot mode:(3,7)

load 0x4010f000, len 1384, room 16 
tail 8
chksum 0x2d
csum 0x2d
v8b899c12
~ld


6.01
 0h00:03.100 2021/05/26T09:20:37z: DS3231
 0h00:03.116 2021/05/26T09:20:37z: BME280 (0x76)
 0h00:03.130 2021/05/26T09:20:37z: 50:2:91:db:e4:21
 0h00:03.131 2021/05/26T09:20:37z: SSID: Isogeio
 0h00:03.137 2021/05/26T09:20:37z: AP_STAR tmr
 ets Jan  8 2013,rst cause:1, boot mode:(3,7)

load 0x4010f000, len 1384, room 16 
tail 8
chksum 0x2d
csum 0x2d
v8b899c12
~ld


6.01
 0h00:03.034 2021/05/26T09:40:33z: DS3231
 0h00:03.049 2021/05/26T09:40:33z: BME280 (0x76)
 0h00:03.063 2021/05/26T09:40:33z: 50:2:91:db:e4:21
 0h00:03.065 2021/05/26T09:40:33z: SSID: Isogeio
 0h00:03.070 2021/05/26T09:40:33z: AP_STAR tmr
 ets Jan  8 2013,rst cause:1, boot mode:(3,7)

load 0x4010f000, len 1384, room 16 
tail 8
chksum 0x2d
csum 0x2d
v8b899c12
~ld


6.01
 0h00:03.045 2021/05/26T10:00:29z: DS3231
 0h00:03.060 2021/05/26T10:00:29z: BME280 (0x76)
 0h00:03.074 2021/05/26T10:00:29z: 50:2:91:db:e4:21
 0h00:03.076 2021/05/26T10:00:29z: SSID: Isogeio
 0h00:03.081 2021/05/26T10:00:29z: AP_STA