R tmr
 ets Jan  8 2013,rst cause:1, boot mode:(3,7)

load 0x4010f000, len 1384, room 16 
tail 8
chksum 0x2d
csum 0x2d
v8b899c12
~ld


6.01
 0h00:02.996 2021/05/24T12:26:58z: DS3231
 0h00:03.011 2021/05/24T12:26:58z: BME280 (0x76)
 0h00:03.025 2021/05/24T12:26:58z: 10:52:1c:42:2a:d
 0h00:03.027 2021/05/24T12:26:58z: SSID: Apollonia Students Halls
 0h00:03.032 2021/05/24T12:26:58z: AP_STAR tmr
 ets Jan  8 2013,rst cause:1, boot mode:(3,7)

load 0x4010f000, len 1384, room 16 
tail 8
chksum 0x2d
csum 0x2d
v8b899c12
~ld


6.01
 0h00:03.049 2021/05/24T12:46:55z: DS3231
 0h00:03.065 2021/05/24T12:46:55z: BME280 (0x76)
 0h00:03.079 2021/05/24T12:46:55z: 10:52:1c:42:2a:d
 0h00:03.081 2021/05/24T12:46:55z: SSID: Apollonia Students Halls
 0h00:03.086 2021/05/24T12:46:55z: AP_STAR tmr
 ets Jan  8 2013,rst cause:1, boot mode:(3,7)

load 0x4010f000, len 1384, room 16 
tail 8
chksum 0x2d
csum 0x2d
v8b899c12
~ld


6.01
 0h00:03.063 2021/05/24T13:06:50z: DS3231
 0h00:03.079 2021/05/24T13:06:50z: BME280 (0x76)
 0h00:03.093 2021/05/24T13:06:51z: 10:52:1c:42:2a:d
 0h00:03.095 2021/05/24T13:06:51z: SSID: Apollonia Students Halls
 0h00:03.100 2021/05/24T13:06:51z: AP_STAR tmr
 ets Jan  8 2013,rst cause:1, boot mode:(3,7)

load 0x4010f000, len 1384, room 16 
tail 8
chksum 0x2d
csum 0x2d
v8b899c12
~ld


6.01
 0h00:03.022 2021/05/24T13:26:47z: DS3231
 0h00:03.037 2021/05/24T13:26:47z: BME280 (0x76)
 0h00:03.051 2021/05/24T13:26:47z: 10:52:1c:42:2a:d
 0h00:03.053 2021/05/24T13:26:47z: SSID: Apollonia Students Halls
 0h00:03.058 2021/05/24T13:26:47z: AP_STAR tmr
 ets Jan  8 2013,rst cause:1, boot mode:(3,7)

load 0x4010f000, len 1384, room 16 
tail 8
chksum 0x2d
csum 0x2d
v8b899c12
~ld


6.01
 0h00:03.023 2021/05/24T13:46:44z: DS3231
 0h00:03.039 2021/05/24T13:46:44z: BME280 (0x76)
 0h00:03.053 2021/05/24T13:46:44z: 10:52:1c:42:2a:d
 0h00:03.054 2021/05/24T13:46:44z: SSID: Apollonia Students Halls
 0h00:03.060 2021/05/24T13:46:44z: AP_STAR tmr
 ets Jan  8 2013,rst cause:1, boot mode:(3,7)

load 0x4010f000, len 1384, room 16 
tail 8
chksum 0x2d
csum 0x2d
v8b899c12
~ld


6.01
 0h00:03.002 2021/05/24T14:06:39z: DS3231
 0h00:03.018 2021/05/24T14:06:39z: BME280 (0x76)
 0h00:03.032 2021/05/24T14:06:39z: 10:52:1c:42:2a:d
 0h00:03.034 2021/05/24T14:06:39z: SSID: Apollonia Students Halls
 0h00:03.039 2021/05/24T14:06:39z: AP_STAR tmr
 ets Jan  8 2013,rst cause:1, boot mode:(3,7)

load 0x4010f000, len 1384, room 16 
tail 8
chksum 0x2d
csum 0x2d
v8b899c12
~ld


6.01
 0h00:03.010 2021/05/24T14:26:35z: DS3231
 0h00:03.026 2021/05/24T14:26:35z: BME280 (0x76)
 0h00:03.040 2021/05/24T14:26:35z: 10:52:1c:42:2a:d
 0h00:03.042 2021/05/24T14:26:35z: SSID: Apollonia Students Halls
 0h00:03.047 2021/05/24T14:26:35z: AP_STAR tmr
 ets Jan  8 2013,rst cause:1, boot mode:(3,7)

load 0x4010f000, len 1384, room 16 
tail 8
chksum 0x2d
csum 0x2d
v8b899c12
~ld


6.01
 0h00:03.056 2021/05/24T14:46:31z: DS3231
 0h00:03.071 2021/05/24T14:46:31z: BME280 (0x76)
 0h00:03.085 2021/05/24T14:46:31z: 10:52:1c:42:2a:d
 0h00:03.087 2021/05/24T14:46:31z: SSID: Apollonia Students Halls
 0h00:03.092 2021/05/24T14:46:31z: AP_STAR tmr
 ets Jan  8 2013,rst cause:1, boot mode:(3,7)

load 0x4010f000, len 1384, room 16 
tail 8
chksum 0x2d
csum 0x2d
v8b899c12
~ld


6.01
 0h00:03.009 2021/05/24T15:06:27z: DS3231
 0h00:03.024 2021/05/24T15:06:27z: BME280 (0x76)
 0h00:03.038 2021/05/24T15:06:27z: 10:52:1c:42:2a:d
 0h00:03.040 2021/05/24T15:06:27z: SSID: Apollonia Students Halls
 0h00:03.045 2021/05/24T15:06:27z: AP_STAR tmr
 ets Jan  8 2013,rst cause:1, boot mode:(3,7)

load 0x4010f000, len 1384, room 16 
tail 8
chksum 0x2d
csum 0x2d
v8b899c12
~ld


6.01
 0h00:03.071 2021/05/24T15:26:23z: DS3231
 0h00:03.086 2021/05/24T15:26:23z: BME280 (0x76)
 0h00:03.100 2021/05/24T15:26:23z: 10:52:1c:42:2a:d
 0h00:03.102 2021/05/24T15:26:23z: SSID: Apollonia Students Halls
 0h00:03.107 2021/05/24T15:26:23z: AP_STAR tmr
 ets Jan  8 2013,rst cause:1, boot mode:(3,7)

load 0x4010f000, len 1384, room 16 
tail 8
chksum 0x2d
csum 0x2d
v8b899c12
~ld


6.01
 0h00:03.062 2021/05/24T15:46:18z: DS3231
 0h00:03.077 2021/05/24T15:46:18z: BME280 (0x76)
 0h00:03.091 2021/05/24T15:46:18z: 10:52:1c:42:2a:d
 0h00:03.093 2021/05/24T15:46:18z: SSID: Apollonia Students Halls
 0h00:03.098 2021/05/24T15:46:18z: AP_STAR tmr
 ets Jan  8 2013,rst cause:1, boot mode:(3,7)

load 0x4010f000, len 1384, room 16 
tail 8
chksum 0x2d
csum 0x2d
v8b899c12
~ld


6.01
 0h00:03.003 2021/05/24T16:06:13z: DS3231
 0h00:03.018 2021/05/24T16:06:13z: BME280 (0x76)
 0h00:03.032 2021/05/24T16:06:13z: 10:52:1c:42:2a:d
 0h00:03.034 2021/05/24T16:06:13z: SSID: Apollonia Students Halls
 0h00:03.039 2021/05/24T16:06:13z: AP_STAR tmr
 ets Jan  8 2013,rst cause:1, boot mode:(3,7)

load 0x4010f000, len 1384, room 16 
tail 8
chksum 0x2d
csum 0x2d
v8b899c12
~ld


6.01
 0h00:03.000 2021/05/24T16:26:10z: DS3231
 0h00:03.016 2021/05/24T16:26:10z: BME280 (0x76)
 0h00:03.030 2021/05/24T16:26:10z: 10:52:1c:42:2a:d
 0h00:03.032 2021/05/24T16:26:10z: SSID: Apollonia Students Halls
 0h00:03.037 2021/05/24T16:26:10z: AP_STAR tmr
 ets Jan  8 2013,rst cause:1, boot mode:(3,7)

load 0x4010f000, len 1384, room 16 
tail 8
chksum 0x2d
csum 0x2d
v8b899c12
~ld


6.01
 0h00:03.064 2021/05/24T16:46:06z: DS3231
 0h00:03.079 2021/05/24T16:46:06z: BME280 (0x76)
 0h00:03.093 2021/05/24T16:46:06z: 10:52:1c:42:2a:d
 0h00:03.095 2021/05/24T16:46:06z: SSID: Apollonia Students Halls
 0h00:03.100 2021/05/24T16:46:06z: AP_STAR tmr
 ets Jan  8 2013,rst cause:1, boot mode:(3,7)

load 0x4010f000, len 1384, room 16 
tail 8
chksum 0x2d
csum 0x2d
v8b899c12
~ld


6.01
 0h00:03.013 2021/05/24T17:06:02z: DS3231
 0h00:03.028 2021/05/24T17:06:02z: BME280 (0x76)
 0h00:03.042 2021/05/24T17:06:02z: 10:52:1c:42:2a:d
 0h00:03.044 2021/05/24T17:06:02z: SSID: Apollonia Students Halls
 0h00:03.049 2021/05/24T17:06:02z: AP_STAR tmr
 ets Jan  8 2013,rst cause:1, boot mode:(3,7)

load 0x4010f000, len 1384, room 16 
tail 8
chksum 0x2d
csum 0x2d
v8b899c12
~ld


6.01
 0h00:03.018 2021/05/24T17:25:58z: DS3231
 0h00:03.033 2021/05/24T17:25:58z: BME280 (0x76)
 0h00:03.048 2021/05/24T17:25:58z: 10:52:1c:42:2a:d
 0h00:03.049 2021/05/24T17:25:58z: SSID: Apollonia Students Halls
 0h00:03.054 2021/05/24T17:25:58z: AP_STAR tmr
 ets Jan  8 2013,rst cause:1, boot mode:(3,7)

load 0x4010f000, len 1384, room 16 
tail 8
chksum 0x2d
csum 0x2d
v8b899c12
~ld


6.01
 0h00:03.031 2021/05/24T17:45:54z: DS3231
 0h00:03.047 2021/05/24T17:45:54z: BME280 (0x76)
 0h00:03.061 2021/05/24T17:45:54z: 10:52:1c:42:2a:d
 0h00:03.063 2021/05/24T17:45:54z: SSID: Apollonia Students Halls
 0h00:03.068 2021/05/24T17:45:54z: AP_STAR tmr
 ets Jan  8 2013,rst cause:1, boot mode:(3,7)

load 0x4010f000, len 1384, room 16 
tail 8
chksum 0x2d
csum 0x2d
v8b899c12
~ld


6.01
 0h00:03.008 2021/05/24T18:05:50z: DS3231
 0h00:03.023 2021/05/24T18:05:50z: BME280 (0x76)
 0h00:03.037 2021/05/24T18:05:50z: 10:52:1c:42:2a:d
 0h00:03.039 2021/05/24T18:05:50z: SSID: Apollonia Students Halls
 0h00:03.044 2021/05/24T18:05:50z: AP_STAR tmr
 ets Jan  8 2013,rst cause:1, boot mode:(3,7)

load 0x4010f000, len 1384, room 16 
tail 8
chksum 0x2d
csum 0x2d
v8b899c12
~ld


6.01
 0h00:03.002 2021/05/24T18:25:45z: DS3231
 0h00:03.018 2021/05/24T18:25:45z: BME280 (0x76)
 0h00:03.032 2021/05/24T18:25:45z: 10:52:1c:42:2a:d
 0h00:03.033 2021/05/24T18:25:45z: SSID: Apollonia Students Halls
 0h00:03.039 2021/05/24T18:25:45z: AP_STAR tmr
 ets Jan  8 2013,rst cause:1, boot mode:(3,7)

load 0x4010f000, len 1384, room 16 
tail 8
chksum 0x2d
csum 0x2d
v8b899c12
~ld


6.01
 0h00:03.058 2021/05/24T18:45:41z: DS3231
 0h00:03.073 2021/05/24T18:45:41z: BME280 (0x76)
 0h00:03.088 2021/05/24T18:45:41z: 10:52:1c:42:2a:d
 0h00:03.089 2021/05/24T18:45:41z: SSID: Apollonia Students Halls
 0h00:03.095 2021/05/24T18:45:41z: AP_STAR tmr
 ets Jan  8 2013,rst cause:1, boot mode:(3,7)

load 0x4010f000, len 1384, room 16 
tail 8
chksum 0x2d
csum 0x2d
v8b899c12
~ld


6.01
 0h00:03.016 2021/05/24T19:05:37z: DS3231
 0h00:03.031 2021/05/24T19:05:37z: BME280 (0x76)
 0h00:03.045 2021/05/24T19:05:37z: 10:52:1c:42:2a:d
 0h00:03.047 2021/05/24T19:05:37z: SSID: Apollonia Students Halls
 0h00:03.052 2021/05/24T19:05:37z: AP_STAR tmr
 ets Jan  8 2013,rst cause:1, boot mode:(3,7)

load 0x4010f000, len 1384, room 16 
tail 8
chksum 0x2d
csum 0x2d
v8b899c12
~ld


6.01
 0h00:03.019 2021/05/24T19:25:33z: DS3231
 0h00:03.034 2021/05/24T19:25:33z: BME280 (0x76)
 0h00:03.048 2021/05/24T19:25:33z: 10:52:1c:42:2a:d
 0h00:03.050 2021/05/24T19:25:33z: SSID: Apollonia Students Halls
 0h00:03.055 2021/05/24T19:25:33z: AP_STAR tmr
 ets Jan  8 2013,rst cause:1, boot mode:(3,7)

load 0x4010f000, len 1384, room 16 
tail 8
chksum 0x2d
csum 0x2d
v8b899c12
~ld


6.01
 0h00:03.032 2021/05/24T19:45:29z: DS3231
 0h00:03.048 2021/05/24T19:45:29z: BME280 (0x76)
 0h00:03.062 2021/05/24T19:45:29z: 10:52:1c:42:2a:d
 0h00:03.063 2021/05/24T19:45:29z: SSID: Apollonia Students Halls
 0h00:03.069 2021/05/24T19:45:29z: AP_STAR tmr
 ets Jan  8 2013,rst cause:1, boot mode:(3,7)

load 0x4010f000, len 1384, room 16 
tail 8
chksum 0x2d
csum 0x2d
v8b899c12
~ld


6.01
 0h00:03.030 2021/05/24T20:05:25z: DS3231
 0h00:03.045 2021/05/24T20:05:25z: BME280 (0x76)
 0h00:03.060 2021/05/24T20:05:25z: 10:52:1c:42:2a:d
 0h00:03.061 2021/05/24T20:05:25z: SSID: Apollonia Students Halls
 0h00:03.066 2021/05/24T20:05:25z: AP_STAR tmr
 ets Jan  8 2013,rst cause:1, boot mode:(3,7)

load 0x4010f000, len 1384, room 16 
tail 8
chksum 0x2d
csum 0x2d
v8b899c12
~ld


6.01
 0h00:03.010 2021/05/24T20:25:21z: DS3231
 0h00:03.025 2021/05/24T20:25:21z: BME280 (0x76)
 0h00:03.039 2021/05/24T20:25:21z: 10:52:1c:42:2a:d
 0h00:03.041 2021/05/24T20:25:21z: SSID: Apollonia Students Halls
 0h00:03.046 2021/05/24T20:25:21z: AP_STAR tmr
 ets Jan  8 2013,rst cause:1, boot mode:(3,7)

load 0x4010f000, len 1384, room 16 
tail 8
chksum 0x2d
csum 0x2d
v8b899c12
~ld


6.01
 0h00:03.005 2021/05/24T20:45:17z: DS3231
 0h00:03.020 2021/05/24T20:45:17z: BME280 (0x76)
 0h00:03.034 2021/05/24T20:45:17z: 10:52:1c:42:2a:d
 0h00:03.036 2021/05/24T20:45:17z: SSID: Apollonia Students Halls
 0h00:03.041 2021/05/24T20:45:17z: AP_STAR tmr
 ets Jan  8 2013,rst cause:1, boot mode:(3,7)

load 0x4010f000, len 1384, room 16 
tail 8
chksum 0x2d
csum 0x2d
v8b899c12
~ld


6.01
 0h00:03.013 2021/05/24T21:05:13z: DS3231
 0h00:03.028 2021/05/24T21:05:13z: BME280 (0x76)
 0h00:03.042 2021/05/24T21:05:13z: 10:52:1c:42:2a:d
 0h00:03.044 2021/05/24T21:05:13z: SSID: Apollonia Students Halls
 0h00:03.049 2021/05/24T21:05:13z: AP_STAR tmr
 ets Jan  8 2013,rst cause:1, boot mode:(3,7)

load 0x4010f000, len 1384, room 16 
tail 8
chksum 0x2d
csum 0x2d
v8b899c12
~ld


6.01
 0h00:03.013 2021/05/24T21:25:08z: DS3231
 0h00:03.028 2021/05/24T21:25:08z: BME280 (0x76)
 0h00:03.042 2021/05/24T21:25:08z: 10:52:1c:42:2a:d
 0h00:03.044 2021/05/24T21:25:08z: SSID: Apollonia Students Halls
 0h00:03.049 2021/05/24T21:25:08z: AP_STAR tmr
 ets Jan  8 2013,rst cause:1, boot mode:(3,7)

load 0x4010f000, len 1384, room 16 
tail 8
chksum 0x2d
csum 0x2d
v8b899c12
~ld


6.01
 0h00:03.072 2021/05/24T21:45:05z: DS3231
 0h00:03.087 2021/05/24T21:45:05z: BME280 (0x76)
 0h00:03.101 2021/05/24T21:45:05z: 10:52:1c:42:2a:d
 0h00:03.103 2021/05/24T21:45:05z: SSID: Apollonia Students Halls
 0h00:03.108 2021/05/24T21:45:05z: AP_STAR tmr
 ets Jan  8 2013,rst cause:1, boot mode:(3,7)

load 0x4010f000, len 1384, room 16 
tail 8
chksum 0x2d
csum 0x2d
v8b899c12
~ld


6.01
 0h00:03.073 2021/05/24T22:05:02z: DS3231
 0h00:03.088 2021/05/24T22:05:02z: BME280 (0x76)
 0h00:03.103 2021/05/24T22:05:02z: 10:52:1c:42:2a:d
 0h00:03.104 2021/05/24T22:05:02z: SSID: Apollonia Students Halls
 0h00:03.110 2021/05/24T22:05:02z: AP_STAR tmr
 ets Jan  8 2013,rst cause:1, boot mode:(3,7)

load 0x4010f000, len 1384, room 16 
tail 8
chksum 0x2d
csum 0x2d
v8b899c12
~ld


6.01
 0h00:03.001 2021/05/24T22:24:57z: DS3231
 0h00:03.017 2021/05/24T22:24:57z: BME280 (0x76)
 0h00:03.031 2021/05/24T22:24:57z: 10:52:1c:42:2a:d
 0h00:03.033 2021/05/24T22:24:57z: SSID: Apollonia Students Halls
 0h00:03.038 2021/05/24T22:24:57z: AP_STAR tmr
 ets Jan  8 2013,rst cause:1, boot mode:(3,7)

load 0x4010f000, len 1384, room 16 
tail 8
chksum 0x2d
csum 0x2d
v8b899c12
~ld


6.01
 0h00:03.005 2021/05/24T22:44:54z: DS3231
 0h00:03.020 2021/05/24T22:44:54z: BME280 (0x76)
 0h00:03.034 2021/05/24T22:44:54z: 10:52:1c:42:2a:d
 0h00:03.036 2021/05/24T22:44:54z: SSID: Apollonia Students Halls
 0h00:03.041 2021/05/24T22:44:54z: AP_STAR tmr
 ets Jan  8 2013,rst cause:1, boot mode:(3,7)

load 0x4010f000, len 1384, room 16 
tail 8
chksum 0x2d
csum 0x2d
v8b899c12
~ld


6.01
 0h00:03.073 2021/05/24T23:04:50z: DS3231
 0h00:03.088 2021/05/24T23:04:50z: BME280 (0x76)
 0h00:03.103 2021/05/24T23:04:50z: 10:52:1c:42:2a:d
 0h00:03.104 2021/05/24T23:04:50z: SSID: Apollonia Students Halls
 0h00:03.110 2021/05/24T23:04:50z: AP_STAR tmr
 ets Jan  8 2013,rst cause:1, boot mode:(3,7)

load 0x4010f000, len 1384, room 16 
tail 8
chksum 0x2d
csum 0x2d
v8b899c12
~ld


6.01
 0h00:03.015 2021/05/24T23:24:46z: DS3231
 0h00:03.030 2021/05/24T23:24:46z: BME280 (0x76)
 0h00:03.044 2021/05/24T23:24:46z: 10:52:1c:42:2a:d
 0h00:03.046 2021/05/24T23:24:46z: SSID: Apollonia Students Halls
 0h00:03.051 2021/05/24T23:24:46z: AP_STAR tmr
 ets Jan  8 2013,rst cause:1, boot mode:(3,7)

load 0x4010f000, len 1384, room 16 
tail 8
chksum 0x2d
csum 0x2d
v8b899c12
~ld


6.01
 0h00:03.026 2021/05/24T23:44:42z: DS3231
 0h00:03.041 2021/05/24T23:44:42z: BME280 (0x76)
 0h00:03.055 2021/05/24T23:44:42z: 10:52:1c:42:2a:d
 0h00:03.057 2021/05/24T23:44:42z: SSID: Apollonia Students Halls
 0h00:03.062 2021/05/24T23:44:42z: AP_STA