R tmr
 ets Jan  8 2013,rst cause:1, boot mode:(3,7)

load 0x4010f000, len 1384, room 16 
tail 8
chksum 0x2d
csum 0x2d
v8b899c12
~ld


6.01
 0h00:03.030 2021/05/20T00:10:25z: DS3231
 0h00:03.046 2021/05/20T00:10:25z: BME280 (0x76)
 0h00:03.060 2021/05/20T00:10:25z: 10:52:1c:41:b0:6b
 0h00:03.061 2021/05/20T00:10:25z: SSID: PurpleAir-79b5
 0h00:03.067 2021/05/20T00:10:25z: AP_STAR tmr
 ets Jan  8 2013,rst cause:1, boot mode:(3,7)

load 0x4010f000, len 1384, room 16 
tail 8
chksum 0x2d
csum 0x2d
v8b899c12
~ld


6.01
 0h00:03.037 2021/05/20T00:30:22z: DS3231
 0h00:03.053 2021/05/20T00:30:22z: BME280 (0x76)
 0h00:03.067 2021/05/20T00:30:22z: 10:52:1c:41:b0:6b
 0h00:03.068 2021/05/20T00:30:22z: SSID: PurpleAir-79b5
 0h00:03.074 2021/05/20T00:30:22z: AP_STAR tmr
 ets Jan  8 2013,rst cause:1, boot mode:(3,7)

load 0x4010f000, len 1384, room 16 
tail 8
chksum 0x2d
csum 0x2d
v8b899c12
~ld


6.01
 0h00:03.055 2021/05/20T00:50:17z: DS3231
 0h00:03.070 2021/05/20T00:50:17z: BME280 (0x76)
 0h00:03.084 2021/05/20T00:50:17z: 10:52:1c:41:b0:6b
 0h00:03.086 2021/05/20T00:50:17z: SSID: PurpleAir-79b5
 0h00:03.091 2021/05/20T00:50:17z: AP_STAR tmr
 ets Jan  8 2013,rst cause:1, boot mode:(3,7)

load 0x4010f000, len 1384, room 16 
tail 8
chksum 0x2d
csum 0x2d
v8b899c12
~ld


6.01
 0h00:03.024 2021/05/20T01:10:13z: DS3231
 0h00:03.040 2021/05/20T01:10:13z: BME280 (0x76)
 0h00:03.054 2021/05/20T01:10:13z: 10:52:1c:41:b0:6b
 0h00:03.055 2021/05/20T01:10:13z: SSID: PurpleAir-79b5
 0h00:03.061 2021/05/20T01:10:13z: AP_STAR tmr
 ets Jan  8 2013,rst cause:1, boot mode:(3,7)

load 0x4010f000, len 1384, room 16 
tail 8
chksum 0x2d
csum 0x2d
v8b899c12
~ld


6.01
 0h00:03.024 2021/05/20T01:30:09z: DS3231
 0h00:03.039 2021/05/20T01:30:09z: BME280 (0x76)
 0h00:03.053 2021/05/20T01:30:09z: 10:52:1c:41:b0:6b
 0h00:03.055 2021/05/20T01:30:09z: SSID: PurpleAir-79b5
 0h00:03.060 2021/05/20T01:30:09z: AP_STAR tmr
 ets Jan  8 2013,rst cause:1, boot mode:(3,7)

load 0x4010f000, len 1384, room 16 
tail 8
chksum 0x2d
csum 0x2d
v8b899c12
~ld


6.01
 0h00:03.025 2021/05/20T01:50:06z: DS3231
 0h00:03.040 2021/05/20T01:50:06z: BME280 (0x76)
 0h00:03.054 2021/05/20T01:50:06z: 10:52:1c:41:b0:6b
 0h00:03.056 2021/05/20T01:50:06z: SSID: PurpleAir-79b5
 0h00:03.061 2021/05/20T01:50:06z: AP_STAR tmr
 ets Jan  8 2013,rst cause:1, boot mode:(3,7)

load 0x4010f000, len 1384, room 16 
tail 8
chksum 0x2d
csum 0x2d
v8b899c12
~ld


6.01
 0h00:03.029 2021/05/20T02:10:02z: DS3231
 0h00:03.045 2021/05/20T02:10:02z: BME280 (0x76)
 0h00:03.059 2021/05/20T02:10:02z: 10:52:1c:41:b0:6b
 0h00:03.061 2021/05/20T02:10:02z: SSID: PurpleAir-79b5
 0h00:03.066 2021/05/20T02:10:02z: AP_STAR tmr
 ets Jan  8 2013,rst cause:1, boot mode:(3,7)

load 0x4010f000, len 1384, room 16 
tail 8
chksum 0x2d
csum 0x2d
v8b899c12
~ld


6.01
 0h00:03.031 2021/05/20T02:29:58z: DS3231
 0h00:03.046 2021/05/20T02:29:58z: BME280 (0x76)
 0h00:03.060 2021/05/20T02:29:58z: 10:52:1c:41:b0:6b
 0h00:03.062 2021/05/20T02:29:58z: SSID: PurpleAir-79b5
 0h00:03.067 2021/05/20T02:29:58z: AP_STAR tmr
 ets Jan  8 2013,rst cause:1, boot mode:(3,7)

load 0x4010f000, len 1384, room 16 
tail 8
chksum 0x2d
csum 0x2d
v8b899c12
~ld


6.01
 0h00:03.036 2021/05/20T02:49:54z: DS3231
 0h00:03.052 2021/05/20T02:49:54z: BME280 (0x76)
 0h00:03.066 2021/05/20T02:49:54z: 10:52:1c:41:b0:6b
 0h00:03.067 2021/05/20T02:49:54z: SSID: PurpleAir-79b5
 0h00:03.073 2021/05/20T02:49:54z: AP_STAR tmr
 ets Jan  8 2013,rst cause:1, boot mode:(3,7)

load 0x4010f000, len 1384, room 16 
tail 8
chksum 0x2d
csum 0x2d
v8b899c12
~ld


6.01
 0h00:03.046 2021/05/20T03:09:51z: DS3231
 0h00:03.061 2021/05/20T03:09:51z: BME280 (0x76)
 0h00:03.076 2021/05/20T03:09:51z: 10:52:1c:41:b0:6b
 0h00:03.077 2021/05/20T03:09:51z: SSID: PurpleAir-79b5
 0h00:03.082 2021/05/20T03:09:51z: AP_STAR tmr
 ets Jan  8 2013,rst cause:1, boot mode:(3,7)

load 0x4010f000, len 1384, room 16 
tail 8
chksum 0x2d
csum 0x2d
v8b899c12
~ld


6.01
 0h00:03.050 2021/05/20T03:29:48z: DS3231
 0h00:03.066 2021/05/20T03:29:48z: BME280 (0x76)
 0h00:03.080 2021/05/20T03:29:48z: 10:52:1c:41:b0:6b
 0h00:03.082 2021/05/20T03:29:48z: SSID: PurpleAir-79b5
 0h00:03.087 2021/05/20T03:29:48z: AP_STAR tmr
 ets Jan  8 2013,rst cause:1, boot mode:(3,7)

load 0x4010f000, len 1384, room 16 
tail 8
chksum 0x2d
csum 0x2d
v8b899c12
~ld


6.01
 0h00:03.029 2021/05/20T03:49:43z: DS3231
 0h00:03.045 2021/05/20T03:49:43z: BME280 (0x76)
 0h00:03.059 2021/05/20T03:49:43z: 10:52:1c:41:b0:6b
 0h00:03.061 2021/05/20T03:49:43z: SSID: PurpleAir-79b5
 0h00:03.066 2021/05/20T03:49:43z: AP_STAR tmr
 ets Jan  8 2013,rst cause:1, boot mode:(3,7)

load 0x4010f000, len 1384, room 16 
tail 8
chksum 0x2d
csum 0x2d
v8b899c12
~ld


6.01
 0h00:03.025 2021/05/20T04:09:40z: DS3231
 0h00:03.040 2021/05/20T04:09:40z: BME280 (0x76)
 0h00:03.054 2021/05/20T04:09:40z: 10:52:1c:41:b0:6b
 0h00:03.056 2021/05/20T04:09:40z: SSID: PurpleAir-79b5
 0h00:03.061 2021/05/20T04:09:40z: AP_STAR tmr
 ets Jan  8 2013,rst cause:1, boot mode:(3,7)

load 0x4010f000, len 1384, room 16 
tail 8
chksum 0x2d
csum 0x2d
v8b899c12
~ld


6.01
 0h00:03.024 2021/05/20T04:29:35z: DS3231
 0h00:03.040 2021/05/20T04:29:35z: BME280 (0x76)
 0h00:03.054 2021/05/20T04:29:35z: 10:52:1c:41:b0:6b
 0h00:03.056 2021/05/20T04:29:35z: SSID: PurpleAir-79b5
 0h00:03.061 2021/05/20T04:29:35z: AP_STAR tmr
 ets Jan  8 2013,rst cause:1, boot mode:(3,7)

load 0x4010f000, len 1384, room 16 
tail 8
chksum 0x2d
csum 0x2d
v8b899c12
~ld


6.01
 0h00:03.027 2021/05/20T04:49:31z: DS3231
 0h00:03.042 2021/05/20T04:49:31z: BME280 (0x76)
 0h00:03.056 2021/05/20T04:49:31z: 10:52:1c:41:b0:6b
 0h00:03.058 2021/05/20T04:49:31z: SSID: PurpleAir-79b5
 0h00:03.063 2021/05/20T04:49:31z: AP_STAR tmr
 ets Jan  8 2013,rst cause:1, boot mode:(3,7)

load 0x4010f000, len 1384, room 16 
tail 8
chksum 0x2d
csum 0x2d
v8b899c12
~ld


6.01
 0h00:03.034 2021/05/20T05:09:27z: DS3231
 0h00:03.049 2021/05/20T05:09:27z: BME280 (0x76)
 0h00:03.063 2021/05/20T05:09:27z: 10:52:1c:41:b0:6b
 0h00:03.065 2021/05/20T05:09:27z: SSID: PurpleAir-79b5
 0h00:03.070 2021/05/20T05:09:27z: AP_STAR tmr
 ets Jan  8 2013,rst cause:1, boot mode:(3,7)

load 0x4010f000, len 1384, room 16 
tail 8
chksum 0x2d
csum 0x2d
v8b899c12
~ld


6.01
 0h00:03.032 2021/05/20T05:29:23z: DS3231
 0h00:03.047 2021/05/20T05:29:23z: BME280 (0x76)
 0h00:03.061 2021/05/20T05:29:23z: 10:52:1c:41:b0:6b
 0h00:03.063 2021/05/20T05:29:23z: SSID: PurpleAir-79b5
 0h00:03.068 2021/05/20T05:29:23z: AP_STAR tmr
 ets Jan  8 2013,rst cause:1, boot mode:(3,7)

load 0x4010f000, len 1384, room 16 
tail 8
chksum 0x2d
csum 0x2d
v8b899c12
~ld


6.01
 0h00:03.043 2021/05/20T05:49:19z: DS3231
 0h00:03.059 2021/05/20T05:49:19z: BME280 (0x76)
 0h00:03.073 2021/05/20T05:49:19z: 10:52:1c:41:b0:6b
 0h00:03.075 2021/05/20T05:49:19z: SSID: PurpleAir-79b5
 0h00:03.080 2021/05/20T05:49:19z: AP_STAR tmr
 ets Jan  8 2013,rst cause:1, boot mode:(3,7)

load 0x4010f000, len 1384, room 16 
tail 8
chksum 0x2d
csum 0x2d
v8b899c12
~ld


6.01
 0h00:03.039 2021/05/20T06:09:16z: DS3231
 0h00:03.054 2021/05/20T06:09:16z: BME280 (0x76)
 0h00:03.068 2021/05/20T06:09:16z: 10:52:1c:41:b0:6b
 0h00:03.070 2021/05/20T06:09:16z: SSID: PurpleAir-79b5
 0h00:03.075 2021/05/20T06:09:16z: AP_STAR tmr
 ets Jan  8 2013,rst cause:1, boot mode:(3,7)

load 0x4010f000, len 1384, room 16 
tail 8
chksum 0x2d
csum 0x2d
v8b899c12
~ld


6.01
 0h00:03.023 2021/05/20T06:29:12z: DS3231
 0h00:03.038 2021/05/20T06:29:12z: BME280 (0x76)
 0h00:03.052 2021/05/20T06:29:12z: 10:52:1c:41:b0:6b
 0h00:03.054 2021/05/20T06:29:12z: SSID: PurpleAir-79b5
 0h00:03.059 2021/05/20T06:29:12z: AP_STAR tmr
 ets Jan  8 2013,rst cause:1, boot mode:(3,7)

load 0x4010f000, len 1384, room 16 
tail 8
chksum 0x2d
csum 0x2d
v8b899c12
~ld


6.01
 0h00:03.029 2021/05/20T06:49:08z: DS3231
 0h00:03.044 2021/05/20T06:49:08z: BME280 (0x76)
 0h00:03.058 2021/05/20T06:49:08z: 10:52:1c:41:b0:6b
 0h00:03.060 2021/05/20T06:49:08z: SSID: PurpleAir-79b5
 0h00:03.065 2021/05/20T06:49:08z: AP_STAR tmr
 ets Jan  8 2013,rst cause:1, boot mode:(3,7)

load 0x4010f000, len 1384, room 16 
tail 8
chksum 0x2d
csum 0x2d
v8b899c12
~ld


6.01
 0h00:03.018 2021/05/20T07:09:03z: DS3231
 0h00:03.033 2021/05/20T07:09:03z: BME280 (0x76)
 0h00:03.047 2021/05/20T07:09:03z: 10:52:1c:41:b0:6b
 0h00:03.049 2021/05/20T07:09:03z: SSID: PurpleAir-79b5
 0h00:03.054 2021/05/20T07:09:03z: AP_STAR tmr
 ets Jan  8 2013,rst cause:1, boot mode:(3,7)

load 0x4010f000, len 1384, room 16 
tail 8
chksum 0x2d
csum 0x2d
v8b899c12
~ld


6.01
 0h00:03.020 2021/05/20T07:29:00z: DS3231
 0h00:03.035 2021/05/20T07:29:00z: BME280 (0x76)
 0h00:03.049 2021/05/20T07:29:00z: 10:52:1c:41:b0:6b
 0h00:03.051 2021/05/20T07:29:00z: SSID: PurpleAir-79b5
 0h00:03.056 2021/05/20T07:29:00z: AP_STAR tmr
 ets Jan  8 2013,rst cause:1, boot mode:(3,7)

load 0x4010f000, len 1384, room 16 
tail 8
chksum 0x2d
csum 0x2d
v8b899c12
~ld


6.01
 0h00:03.021 2021/05/20T07:48:56z: DS3231
 0h00:03.037 2021/05/20T07:48:56z: BME280 (0x76)
 0h00:03.051 2021/05/20T07:48:56z: 10:52:1c:41:b0:6b
 0h00:03.053 2021/05/20T07:48:56z: SSID: PurpleAir-79b5
 0h00:03.058 2021/05/20T07:48:56z: AP_STAR tmr
 ets Jan  8 2013,rst cause:1, boot mode:(3,7)

load 0x4010f000, len 1384, room 16 
tail 8
chksum 0x2d
csum 0x2d
v8b899c12
~ld


6.01
 0h00:03.034 2021/05/20T08:08:53z: DS3231
 0h00:03.049 2021/05/20T08:08:53z: BME280 (0x76)
 0h00:03.063 2021/05/20T08:08:53z: 10:52:1c:41:b0:6b
 0h00:03.065 2021/05/20T08:08:53z: SSID: PurpleAir-79b5
 0h00:03.070 2021/05/20T08:08:53z: AP_STAR tmr
 ets Jan  8 2013,rst cause:1, boot mode:(3,7)

load 0x4010f000, len 1384, room 16 
tail 8
chksum 0x2d
csum 0x2d
v8b899c12
~ld


6.01
 0h00:03.035 2021/05/20T08:28:49z: DS3231
 0h00:03.051 2021/05/20T08:28:49z: BME280 (0x76)
 0h00:03.065 2021/05/20T08:28:49z: 10:52:1c:41:b0:6b
 0h00:03.067 2021/05/20T08:28:49z: SSID: PurpleAir-79b5
 0h00:03.072 2021/05/20T08:28:49z: AP_STAR tmr
 ets Jan  8 2013,rst cause:1, boot mode:(3,7)

load 0x4010f000, len 1384, room 16 
tail 8
chksum 0x2d
csum 0x2d
v8b899c12
~ld


6.01
 0h00:03.043 2021/05/20T08:48:45z: DS3231
 0h00:03.059 2021/05/20T08:48:45z: BME280 (0x76)
 0h00:03.073 2021/05/20T08:48:45z: 10:52:1c:41:b0:6b
 0h00:03.075 2021/05/20T08:48:45z: SSID: PurpleAir-79b5
 0h00:03.080 2021/05/20T08:48:45z: AP_STAR tmr
 ets Jan  8 2013,rst cause:1, boot mode:(3,7)

load 0x4010f000, len 1384, room 16 
tail 8
chksum 0x2d
csum 0x2d
v8b899c12
~ld


6.01
 0h00:03.019 2021/05/20T09:08:41z: DS3231
 0h00:03.035 2021/05/20T09:08:41z: BME280 (0x76)
 0h00:03.049 2021/05/20T09:08:41z: 10:52:1c:41:b0:6b
 0h00:03.050 2021/05/20T09:08:41z: SSID: PurpleAir-79b5
 0h00:03.056 2021/05/20T09:08:42z: AP_STAR tmr
 ets Jan  8 2013,rst cause:1, boot mode:(3,7)

load 0x4010f000, len 1384, room 16 
tail 8
chksum 0x2d
csum 0x2d
v8b899c12
~ld


6.01
 0h00:03.017 2021/05/20T09:28:38z: DS3231
 0h00:03.032 2021/05/20T09:28:38z: BME280 (0x76)
 0h00:03.047 2021/05/20T09:28:38z: 10:52:1c:41:b0:6b
 0h00:03.048 2021/05/20T09:28:38z: SSID: PurpleAir-79b5
 0h00:03.053 2021/05/20T09:28:38z: AP_STAR tmr
 ets Jan  8 2013,rst cause:1, boot mode:(3,7)

load 0x4010f000, len 1384, room 16 
tail 8
chksum 0x2d
csum 0x2d
v8b899c12
~ld


6.01
 0h00:03.012 2021/05/20T09:48:34z: DS3231
 0h00:03.027 2021/05/20T09:48:34z: BME280 (0x76)
 0h00:03.041 2021/05/20T09:48:34z: 10:52:1c:41:b0:6b
 0h00:03.043 2021/05/20T09:48:34z: SSID: PurpleAir-79b5
 0h00:03.048 2021/05/20T09:48:34z: AP_STAR tmr
 ets Jan  8 2013,rst cause:1, boot mode:(3,7)

load 0x4010f000, len 1384, room 16 
tail 8
chksum 0x2d
csum 0x2d
v8b899c12
~ld


6.01
 0h00:03.017 2021/05/20T10:08:30z: DS3231
 0h00:03.032 2021/05/20T10:08:30z: BME280 (0x76)
 0h00:03.046 2021/05/20T10:08:30z: 10:52:1c:41:b0:6b
 0h00:03.048 2021/05/20T10:08:30z: SSID: PurpleAir-79b5
 0h00:03.053 2021/05/20T10:08:30z: AP_STAR tmr
 ets Jan  8 2013,rst cause:1, boot mode:(3,7)

load 0x4010f000, len 1384, room 16 
tail 8
chksum 0x2d
csum 0x2d
v8b899c12
~ld


6.01
 0h00:03.019 2021/05/20T10:28:27z: DS3231
 0h00:03.034 2021/05/20T10:28:27z: BME280 (0x76)
 0h00:03.048 2021/05/20T10:28:27z: 10:52:1c:41:b0:6b
 0h00:03.050 2021/05/20T10:28:27z: SSID: PurpleAir-79b5
 0h00:03.055 2021/05/20T10:28:27z: AP_STAR tmr
 ets Jan  8 2013,rst cause:1, boot mode:(3,7)

load 0x4010f000, len 1384, room 16 
tail 8
chksum 0x2d
csum 0x2d
v8b899c12
~ld


6.01
 0h00:03.021 2021/05/20T10:48:23z: DS3231
 0h00:03.036 2021/05/20T10:48:23z: BME280 (0x76)
 0h00:03.051 2021/05/20T10:48:23z: 10:52:1c:41:b0:6b
 0h00:03.052 2021/05/20T10:48:23z: SSID: PurpleAir-79b5
 0h00:03.057 2021/05/20T10:48:23z: AP_STAR tmr
 ets Jan  8 2013,rst cause:1, boot mode:(3,7)

load 0x4010f000, len 1384, room 16 
tail 8
chksum 0x2d
csum 0x2d
v8b899c12
~ld


6.01
 0h00:03.015 2021/05/20T11:08:18z: DS3231
 0h00:03.031 2021/05/20T11:08:18z: BME280 (0x76)
 0h00:03.045 2021/05/20T11:08:18z: 10:52:1c:41:b0:6b
 0h00:03.046 2021/05/20T11:08:18z: SSID: PurpleAir-79b5
 0h00:03.052 2021/05/20T11:08:18z: AP_STAR tmr
 ets Jan  8 2013,rst cause:1, boot mode:(3,7)

load 0x4010f000, len 1384, room 16 
tail 8
chksum 0x2d
csum 0x2d
v8b899c12
~ld


6.01
 0h00:03.020 2021/05/20T11:28:14z: DS3231
 0h00:03.035 2021/05/20T11:28:14z: BME280 (0x76)
 0h00:03.049 2021/05/20T11:28:14z: 10:52:1c:41:b0:6b
 0h00:03.051 2021/05/20T11:28:14z: SSID: PurpleAir-79b5
 0h00:03.056 2021/05/20T11:28:14z: AP_STAR tmr
 ets Jan  8 2013,rst cause:1, boot mode:(3,7)

load 0x4010f000, len 1384, room 16 
tail 8
chksum 0x2d
csum 0x2d
v8b899c12
~ld


6.01
 0h00:03.016 2021/05/20T11:48:10z: DS3231
 0h00:03.031 2021/05/20T11:48:10z: BME280 (0x76)
 0h00:03.045 2021/05/20T11:48:10z: 10:52:1c:41:b0:6b
 0h00:03.047 2021/05/20T11:48:10z: SSID: PurpleAir-79b5
 0h00:03.052 2021/05/20T11:48:10z: AP_STAR tmr
 ets Jan  8 2013,rst cause:1, boot mode:(3,7)

load 0x4010f000, len 1384, room 16 
tail 8
chksum 0x2d
csum 0x2d
v8b899c12
~ld


6.01
 0h00:03.028 2021/05/20T12:08:07z: DS3231
 0h00:03.043 2021/05/20T12:08:07z: BME280 (0x76)
 0h00:03.058 2021/05/20T12:08:07z: 10:52:1c:41:b0:6b
 0h00:03.059 2021/05/20T12:08:07z: SSID: PurpleAir-79b5
 0h00:03.064 2021/05/20T12:08:07z: AP_STAR tmr
 ets Jan  8 2013,rst cause:1, boot mode:(3,7)

load 0x4010f000, len 1384, room 16 
tail 8
chksum 0x2d
csum 0x2d
v8b899c12
~ld


6.01
 0h00:03.031 2021/05/20T12:48:03z: DS3231
 0h00:03.046 2021/05/20T12:48:03z: BME280 (0x76)
 0h00:03.060 2021/05/20T12:48:03z: 10:52:1c:41:b0:6b
 0h00:03.062 2021/05/20T12:48:03z: SSID: purpleAir-aa9c
 0h00:03.067 2021/05/20T12:48:03z: AP_STAR tmr
 ets Jan  8 2013,rst cause:1, boot mode:(3,7)

load 0x4010f000, len 1384, room 16 
tail 8
chksum 0x2d
csum 0x2d
v8b899c12
~ld


6.01
 0h00:03.036 2021/05/20T13:07:59z: DS3231
 0h00:03.051 2021/05/20T13:07:59z: BME280 (0x76)
 0h00:03.066 2021/05/20T13:07:59z: 10:52:1c:41:b0:6b
 0h00:03.067 2021/05/20T13:07:59z: SSID: purpleAir-aa9c
 0h00:03.072 2021/05/20T13:07:59z: AP_STAR tmr
 ets Jan  8 2013,rst cause:1, boot mode:(3,7)

load 0x4010f000, len 1384, room 16 
tail 8
chksum 0x2d
csum 0x2d
v8b899c12
~ld


6.01
 0h00:03.040 2021/05/20T13:27:56z: DS3231
 0h00:03.055 2021/05/20T13:27:56z: BME280 (0x76)
 0h00:03.069 2021/05/20T13:27:56z: 10:52:1c:41:b0:6b
 0h00:03.071 2021/05/20T13:27:56z: SSID: purpleAir-aa9c
 0h00:03.076 2021/05/20T13:27:56z: AP_STAR tmr
 ets Jan  8 2013,rst cause:1, boot mode:(3,7)

load 0x4010f000, len 1384, room 16 
tail 8
chksum 0x2d
csum 0x2d
v8b899c12
~ld


6.01
 0h00:03.019 2021/05/20T13:47:51z: DS3231
 0h00:03.034 2021/05/20T13:47:51z: BME280 (0x76)
 0h00:03.048 2021/05/20T13:47:51z: 10:52:1c:41:b0:6b
 0h00:03.050 2021/05/20T13:47:51z: SSID: purpleAir-aa9c
 0h00:03.055 2021/05/20T13:47:51z: AP_STAR tmr
 ets Jan  8 2013,rst cause:1, boot mode:(3,7)

load 0x4010f000, len 1384, room 16 
tail 8
chksum 0x2d
csum 0x2d
v8b899c12
~ld


6.01
 0h00:03.010 2021/05/20T14:07:47z: DS3231
 0h00:03.025 2021/05/20T14:07:47z: BME280 (0x76)
 0h00:03.039 2021/05/20T14:07:47z: 10:52:1c:41:b0:6b
 0h00:03.041 2021/05/20T14:07:47z: SSID: purpleAir-aa9c
 0h00:03.046 2021/05/20T14:07:47z: AP_STAR tmr
 ets Jan  8 2013,rst cause:1, boot mode:(3,7)

load 0x4010f000, len 1384, room 16 
tail 8
chksum 0x2d
csum 0x2d
v8b899c12
~ld


6.01
 0h00:03.013 2021/05/20T14:27:43z: DS3231
 0h00:03.028 2021/05/20T14:27:43z: BME280 (0x76)
 0h00:03.043 2021/05/20T14:27:43z: 10:52:1c:41:b0:6b
 0h00:03.044 2021/05/20T14:27:43z: SSID: purpleAir-aa9c
 0h00:03.049 2021/05/20T14:27:43z: AP_STAR tmr
 ets Jan  8 2013,rst cause:1, boot mode:(3,7)

load 0x4010f000, len 1384, room 16 
tail 8
chksum 0x2d
csum 0x2d
v8b899c12
~ld


6.01
 0h00:03.012 2021/05/20T14:47:40z: DS3231
 0h00:03.027 2021/05/20T14:47:40z: BME280 (0x76)
 0h00:03.041 2021/05/20T14:47:40z: 10:52:1c:41:b0:6b
 0h00:03.043 2021/05/20T14:47:40z: SSID: purpleAir-aa9c
 0h00:03.048 2021/05/20T14:47:40z: AP_STAR tmr
 ets Jan  8 2013,rst cause:1, boot mode:(3,7)

load 0x4010f000, len 1384, room 16 
tail 8
chksum 0x2d
csum 0x2d
v8b899c12
~ld


6.01
 0h00:03.023 2021/05/20T15:07:36z: DS3231
 0h00:03.038 2021/05/20T15:07:36z: BME280 (0x76)
 0h00:03.052 2021/05/20T15:07:36z: 10:52:1c:41:b0:6b
 0h00:03.054 2021/05/20T15:07:36z: SSID: purpleAir-aa9c
 0h00:03.059 2021/05/20T15:07:36z: AP_STAR tmr
 ets Jan  8 2013,rst cause:1, boot mode:(3,7)

load 0x4010f000, len 1384, room 16 
tail 8
chksum 0x2d
csum 0x2d
v8b899c12
~ld


6.01
 0h00:03.030 2021/05/20T15:27:32z: DS3231
 0h00:03.045 2021/05/20T15:27:32z: BME280 (0x76)
 0h00:03.060 2021/05/20T15:27:32z: 10:52:1c:41:b0:6b
 0h00:03.061 2021/05/20T15:27:32z: SSID: purpleAir-aa9c
 0h00:03.066 2021/05/20T15:27:32z: AP_STAR tmr
 ets Jan  8 2013,rst cause:1, boot mode:(3,7)

load 0x4010f000, len 1384, room 16 
tail 8
chksum 0x2d
csum 0x2d
v8b899c12
~ld


6.01
 0h00:03.037 2021/05/20T15:47:28z: DS3231
 0h00:03.052 2021/05/20T15:47:28z: BME280 (0x76)
 0h00:03.066 2021/05/20T15:47:28z: 10:52:1c:41:b0:6b
 0h00:03.068 2021/05/20T15:47:28z: SSID: purpleAir-aa9c
 0h00:03.073 2021/05/20T15:47:28z: AP_STAR tmr
 ets Jan  8 2013,rst cause:1, boot mode:(3,7)

load 0x4010f000, len 1384, room 16 
tail 8
chksum 0x2d
csum 0x2d
v8b899c12
~ld


6.01
 0h00:03.045 2021/05/20T16:07:24z: DS3231
 0h00:03.060 2021/05/20T16:07:24z: BME280 (0x76)
 0h00:03.074 2021/05/20T16:07:24z: 10:52:1c:41:b0:6b
 0h00:03.076 2021/05/20T16:07:24z: SSID: purpleAir-aa9c
 0h00:03.081 2021/05/20T16:07:24z: AP_STAR tmr
 ets Jan  8 2013,rst cause:1, boot mode:(3,7)

load 0x4010f000, len 1384, room 16 
tail 8
chksum 0x2d
csum 0x2d
v8b899c12
~ld


6.01
 0h00:03.016 2021/05/20T16:27:20z: DS3231
 0h00:03.031 2021/05/20T16:27:20z: BME280 (0x76)
 0h00:03.046 2021/05/20T16:27:20z: 10:52:1c:41:b0:6b
 0h00:03.047 2021/05/20T16:27:21z: SSID: purpleAir-aa9c
 0h00:03.052 2021/05/20T16:27:21z: AP_STAR tmr
 ets Jan  8 2013,rst cause:1, boot mode:(3,7)

load 0x4010f000, len 1384, room 16 
tail 8
chksum 0x2d
csum 0x2d
v8b899c12
~ld


6.01
 0h00:03.013 2021/05/20T16:47:16z: DS3231
 0h00:03.029 2021/05/20T16:47:16z: BME280 (0x76)
 0h00:03.043 2021/05/20T16:47:16z: 10:52:1c:41:b0:6b
 0h00:03.045 2021/05/20T16:47:16z: SSID: purpleAir-aa9c
 0h00:03.050 2021/05/20T16:47:16z: AP_STAR tmr
 ets Jan  8 2013,rst cause:1, boot mode:(3,7)

load 0x4010f000, len 1384, room 16 
tail 8
chksum 0x2d
csum 0x2d
v8b899c12
~ld


6.01
 0h00:03.018 2021/05/20T17:07:12z: DS3231
 0h00:03.034 2021/05/20T17:07:12z: BME280 (0x76)
 0h00:03.048 2021/05/20T17:07:12z: 10:52:1c:41:b0:6b
 0h00:03.049 2021/05/20T17:07:12z: SSID: purpleAir-aa9c
 0h00:03.055 2021/05/20T17:07:12z: AP_STAR tmr
 ets Jan  8 2013,rst cause:1, boot mode:(3,7)

load 0x4010f000, len 1384, room 16 
tail 8
chksum 0x2d
csum 0x2d
v8b899c12
~ld


6.01
 0h00:03.015 2021/05/20T17:27:08z: DS3231
 0h00:03.030 2021/05/20T17:27:08z: BME280 (0x76)
 0h00:03.045 2021/05/20T17:27:08z: 10:52:1c:41:b0:6b
 0h00:03.046 2021/05/20T17:27:08z: SSID: purpleAir-aa9c
 0h00:03.051 2021/05/20T17:27:08z: AP_STAR tmr
 ets Jan  8 2013,rst cause:1, boot mode:(3,7)

load 0x4010f000, len 1384, room 16 
tail 8
chksum 0x2d
csum 0x2d
v8b899c12
~ld


6.01
 0h00:03.017 2021/05/20T17:47:04z: DS3231
 0h00:03.032 2021/05/20T17:47:04z: BME280 (0x76)
 0h00:03.046 2021/05/20T17:47:04z: 10:52:1c:41:b0:6b
 0h00:03.048 2021/05/20T17:47:04z: SSID: purpleAir-aa9c
 0h00:03.053 2021/05/20T17:47:04z: AP_STAR tmr
 ets Jan  8 2013,rst cause:1, boot mode:(3,7)

load 0x4010f000, len 1384, room 16 
tail 8
chksum 0x2d
csum 0x2d
v8b899c12
~ld


6.01
 0h00:03.027 2021/05/20T18:07:00z: DS3231
 0h00:03.042 2021/05/20T18:07:00z: BME280 (0x76)
 0h00:03.057 2021/05/20T18:07:00z: 10:52:1c:41:b0:6b
 0h00:03.058 2021/05/20T18:07:00z: SSID: purpleAir-aa9c
 0h00:03.063 2021/05/20T18:07:00z: AP_STAR tmr
 ets Jan  8 2013,rst cause:1, boot mode:(3,7)

load 0x4010f000, len 1384, room 16 
tail 8
chksum 0x2d
csum 0x2d
v8b899c12
~ld


6.01
 0h00:03.032 2021/05/20T18:26:56z: DS3231
 0h00:03.047 2021/05/20T18:26:56z: BME280 (0x76)
 0h00:03.062 2021/05/20T18:26:56z: 10:52:1c:41:b0:6b
 0h00:03.063 2021/05/20T18:26:56z: SSID: purpleAir-aa9c
 0h00:03.068 2021/05/20T18:26:56z: AP_STAR tmr
 ets Jan  8 2013,rst cause:1, boot mode:(3,7)

load 0x4010f000, len 1384, room 16 
tail 8
chksum 0x2d
csum 0x2d
v8b899c12
~ld


6.01
 0h00:03.031 2021/05/20T18:46:53z: DS3231
 0h00:03.047 2021/05/20T18:46:53z: BME280 (0x76)
 0h00:03.061 2021/05/20T18:46:53z: 10:52:1c:41:b0:6b
 0h00:03.063 2021/05/20T18:46:53z: SSID: purpleAir-aa9c
 0h00:03.068 2021/05/20T18:46:53z: AP_STAR tmr
 ets Jan  8 2013,rst cause:1, boot mode:(3,7)

load 0x4010f000, len 1384, room 16 
tail 8
chksum 0x2d
csum 0x2d
v8b899c12
~ld


6.01
 0h00:03.039 2021/05/20T19:06:49z: DS3231
 0h00:03.054 2021/05/20T19:06:49z: BME280 (0x76)
 0h00:03.068 2021/05/20T19:06:49z: 10:52:1c:41:b0:6b
 0h00:03.070 2021/05/20T19:06:49z: SSID: purpleAir-aa9c
 0h00:03.075 2021/05/20T19:06:49z: AP_STAR tmr
 ets Jan  8 2013,rst cause:1, boot mode:(3,7)

load 0x4010f000, len 1384, room 16 
tail 8
chksum 0x2d
csum 0x2d
v8b899c12
~ld


6.01
 0h00:03.043 2021/05/20T19:26:44z: DS3231
 0h00:03.059 2021/05/20T19:26:44z: BME280 (0x76)
 0h00:03.073 2021/05/20T19:26:44z: 10:52:1c:41:b0:6b
 0h00:03.075 2021/05/20T19:26:44z: SSID: purpleAir-aa9c
 0h00:03.080 2021/05/20T19:26:44z: AP_STAR tmr
 ets Jan  8 2013,rst cause:1, boot mode:(3,7)

load 0x4010f000, len 1384, room 16 
tail 8
chksum 0x2d
csum 0x2d
v8b899c12
~ld


6.01
 0h00:03.021 2021/05/20T19:46:40z: DS3231
 0h00:03.036 2021/05/20T19:46:40z: BME280 (0x76)
 0h00:03.050 2021/05/20T19:46:40z: 10:52:1c:41:b0:6b
 0h00:03.052 2021/05/20T19:46:40z: SSID: purpleAir-aa9c
 0h00:03.057 2021/05/20T19:46:40z: AP_STAR tmr
 ets Jan  8 2013,rst cause:1, boot mode:(3,7)

load 0x4010f000, len 1384, room 16 
tail 8
chksum 0x2d
csum 0x2d
v8b899c12
~ld


6.01
 0h00:03.020 2021/05/20T20:06:36z: DS3231
 0h00:03.035 2021/05/20T20:06:36z: BME280 (0x76)
 0h00:03.049 2021/05/20T20:06:36z: 10:52:1c:41:b0:6b
 0h00:03.051 2021/05/20T20:06:36z: SSID: purpleAir-aa9c
 0h00:03.056 2021/05/20T20:06:36z: AP_STAR tmr
 ets Jan  8 2013,rst cause:1, boot mode:(3,7)

load 0x4010f000, len 1384, room 16 
tail 8
chksum 0x2d
csum 0x2d
v8b899c12
~ld


6.01
 0h00:03.018 2021/05/20T20:26:32z: DS3231
 0h00:03.034 2021/05/20T20:26:32z: BME280 (0x76)
 0h00:03.048 2021/05/20T20:26:32z: 10:52:1c:41:b0:6b
 0h00:03.050 2021/05/20T20:26:32z: SSID: purpleAir-aa9c
 0h00:03.055 2021/05/20T20:26:32z: AP_STAR tmr
 ets Jan  8 2013,rst cause:1, boot mode:(3,7)

load 0x4010f000, len 1384, room 16 
tail 8
chksum 0x2d
csum 0x2d
v8b899c12
~ld


6.01
 0h00:03.012 2021/05/20T20:46:29z: DS3231
 0h00:03.028 2021/05/20T20:46:29z: BME280 (0x76)
 0h00:03.042 2021/05/20T20:46:29z: 10:52:1c:41:b0:6b
 0h00:03.044 2021/05/20T20:46:29z: SSID: purpleAir-aa9c
 0h00:03.049 2021/05/20T20:46:29z: AP_STAR tmr
 ets Jan  8 2013,rst cause:1, boot mode:(3,7)

load 0x4010f000, len 1384, room 16 
tail 8
chksum 0x2d
csum 0x2d
v8b899c12
~ld


6.01
 0h00:03.016 2021/05/20T21:06:25z: DS3231
 0h00:03.032 2021/05/20T21:06:25z: BME280 (0x76)
 0h00:03.046 2021/05/20T21:06:25z: 10:52:1c:41:b0:6b
 0h00:03.047 2021/05/20T21:06:25z: SSID: purpleAir-aa9c
 0h00:03.053 2021/05/20T21:06:25z: AP_STAR tmr
 ets Jan  8 2013,rst cause:1, boot mode:(3,7)

load 0x4010f000, len 1384, room 16 
tail 8
chksum 0x2d
csum 0x2d
v8b899c12
~ld


6.01
 0h00:03.028 2021/05/20T21:26:21z: DS3231
 0h00:03.043 2021/05/20T21:26:21z: BME280 (0x76)
 0h00:03.057 2021/05/20T21:26:21z: 10:52:1c:41:b0:6b
 0h00:03.059 2021/05/20T21:26:21z: SSID: purpleAir-aa9c
 0h00:03.064 2021/05/20T21:26:21z: AP_STAR tmr
 ets Jan  8 2013,rst cause:1, boot mode:(3,7)

load 0x4010f000, len 1384, room 16 
tail 8
chksum 0x2d
csum 0x2d
v8b899c12
~ld


6.01
 0h00:03.034 2021/05/20T21:46:17z: DS3231
 0h00:03.050 2021/05/20T21:46:17z: BME280 (0x76)
 0h00:03.064 2021/05/20T21:46:17z: 10:52:1c:41:b0:6b
 0h00:03.066 2021/05/20T21:46:17z: SSID: purpleAir-aa9c
 0h00:03.071 2021/05/20T21:46:17z: AP_STAR tmr
 ets Jan  8 2013,rst cause:1, boot mode:(3,7)

load 0x4010f000, len 1384, room 16 
tail 8
chksum 0x2d
csum 0x2d
v8b899c12
~ld


6.01
 0h00:03.042 2021/05/20T22:06:13z: DS3231
 0h00:03.058 2021/05/20T22:06:13z: BME280 (0x76)
 0h00:03.072 2021/05/20T22:06:13z: 10:52:1c:41:b0:6b
 0h00:03.073 2021/05/20T22:06:13z: SSID: purpleAir-aa9c
 0h00:03.079 2021/05/20T22:06:13z: AP_STAR tmr
 ets Jan  8 2013,rst cause:1, boot mode:(3,7)

load 0x4010f000, len 1384, room 16 
tail 8
chksum 0x2d
csum 0x2d
v8b899c12
~ld


6.01
 0h00:03.013 2021/05/20T22:26:09z: DS3231
 0h00:03.029 2021/05/20T22:26:09z: BME280 (0x76)
 0h00:03.043 2021/05/20T22:26:09z: 10:52:1c:41:b0:6b
 0h00:03.045 2021/05/20T22:26:09z: SSID: purpleAir-aa9c
 0h00:03.050 2021/05/20T22:26:09z: AP_STAR tmr
 ets Jan  8 2013,rst cause:1, boot mode:(3,7)

load 0x4010f000, len 1384, room 16 
tail 8
chksum 0x2d
csum 0x2d
v8b899c12
~ld


6.01
 0h00:03.019 2021/05/20T22:46:06z: DS3231
 0h00:03.034 2021/05/20T22:46:06z: BME280 (0x76)
 0h00:03.048 2021/05/20T22:46:06z: 10:52:1c:41:b0:6b
 0h00:03.050 2021/05/20T22:46:06z: SSID: purpleAir-aa9c
 0h00:03.055 2021/05/20T22:46:06z: AP_STAR tmr
 ets Jan  8 2013,rst cause:1, boot mode:(3,7)

load 0x4010f000, len 1384, room 16 
tail 8
chksum 0x2d
csum 0x2d
v8b899c12
~ld


6.01
 0h00:03.017 2021/05/20T23:06:02z: DS3231
 0h00:03.033 2021/05/20T23:06:02z: BME280 (0x76)
 0h00:03.047 2021/05/20T23:06:02z: 10:52:1c:41:b0:6b
 0h00:03.048 2021/05/20T23:06:02z: SSID: purpleAir-aa9c
 0h00:03.054 2021/05/20T23:06:02z: AP_STAR tmr
 ets Jan  8 2013,rst cause:1, boot mode:(3,7)

load 0x4010f000, len 1384, room 16 
tail 8
chksum 0x2d
csum 0x2d
v8b899c12
~ld


6.01
 0h00:03.019 2021/05/20T23:25:58z: DS3231
 0h00:03.034 2021/05/20T23:25:58z: BME280 (0x76)
 0h00:03.049 2021/05/20T23:25:58z: 10:52:1c:41:b0:6b
 0h00:03.050 2021/05/20T23:25:58z: SSID: purpleAir-aa9c
 0h00:03.055 2021/05/20T23:25:58z: AP_STAR tmr
 ets Jan  8 2013,rst cause:1, boot mode:(3,7)

load 0x4010f000, len 1384, room 16 
tail 8
chksum 0x2d
csum 0x2d
v8b899c12
~ld


6.01
 0h00:03.027 2021/05/20T23:45:54z: DS3231
 0h00:03.042 2021/05/20T23:45:54z: BME280 (0x76)
 0h00:03.056 2021/05/20T23:45:54z: 10:52:1c:41:b0:6b
 0h00:03.058 2021/05/20T23:45:54z: SSID: purpleAir-aa9c
 0h00:03.063 2021/05/20T23:45:54z: AP_STA