R tmr
 ets Jan  8 2013,rst cause:1, boot mode:(3,7)

load 0x4010f000, len 1384, room 16 
tail 8
chksum 0x2d
csum 0x2d
v8b899c12
~ld


6.01
 0h00:03.041 2021/05/19T00:16:23z: DS3231
 0h00:03.056 2021/05/19T00:16:23z: BME280 (0x76)
 0h00:03.070 2021/05/19T00:16:23z: 10:52:1c:41:b0:6b
 0h00:03.072 2021/05/19T00:16:23z: SSID: Apollonia Students Halls
 0h00:03.077 2021/05/19T00:16:23z: AP_STAR tmr
 ets Jan  8 2013,rst cause:1, boot mode:(3,7)

load 0x4010f000, len 1384, room 16 
tail 8
chksum 0x2d
csum 0x2d
v8b899c12
~ld


6.01
 0h00:03.038 2021/05/19T00:36:19z: DS3231
 0h00:03.053 2021/05/19T00:36:19z: BME280 (0x76)
 0h00:03.067 2021/05/19T00:36:19z: 10:52:1c:41:b0:6b
 0h00:03.069 2021/05/19T00:36:19z: SSID: Apollonia Students Halls
 0h00:03.074 2021/05/19T00:36:19z: AP_STAR tmr
 ets Jan  8 2013,rst cause:1, boot mode:(3,7)

load 0x4010f000, len 1384, room 16 
tail 8
chksum 0x2d
csum 0x2d
v8b899c12
~ld


6.01
 0h00:03.050 2021/05/19T00:56:15z: DS3231
 0h00:03.066 2021/05/19T00:56:15z: BME280 (0x76)
 0h00:03.080 2021/05/19T00:56:15z: 10:52:1c:41:b0:6b
 0h00:03.082 2021/05/19T00:56:15z: SSID: Apollonia Students Halls
 0h00:03.087 2021/05/19T00:56:15z: AP_STAR tmr
 ets Jan  8 2013,rst cause:1, boot mode:(3,7)

load 0x4010f000, len 1384, room 16 
tail 8
chksum 0x2d
csum 0x2d
v8b899c12
~ld


6.01
 0h00:03.029 2021/05/19T01:16:11z: DS3231
 0h00:03.044 2021/05/19T01:16:11z: BME280 (0x76)
 0h00:03.058 2021/05/19T01:16:11z: 10:52:1c:41:b0:6b
 0h00:03.060 2021/05/19T01:16:11z: SSID: Apollonia Students Halls
 0h00:03.065 2021/05/19T01:16:11z: AP_STAR tmr
 ets Jan  8 2013,rst cause:1, boot mode:(3,7)

load 0x4010f000, len 1384, room 16 
tail 8
chksum 0x2d
csum 0x2d
v8b899c12
~ld


6.01
 0h00:03.025 2021/05/19T01:36:07z: DS3231
 0h00:03.040 2021/05/19T01:36:07z: BME280 (0x76)
 0h00:03.055 2021/05/19T01:36:07z: 10:52:1c:41:b0:6b
 0h00:03.056 2021/05/19T01:36:07z: SSID: Apollonia Students Halls
 0h00:03.061 2021/05/19T01:36:07z: AP_STAR tmr
 ets Jan  8 2013,rst cause:1, boot mode:(3,7)

load 0x4010f000, len 1384, room 16 
tail 8
chksum 0x2d
csum 0x2d
v8b899c12
~ld


6.01
 0h00:03.022 2021/05/19T01:56:02z: DS3231
 0h00:03.037 2021/05/19T01:56:02z: BME280 (0x76)
 0h00:03.051 2021/05/19T01:56:02z: 10:52:1c:41:b0:6b
 0h00:03.053 2021/05/19T01:56:02z: SSID: Apollonia Students Halls
 0h00:03.058 2021/05/19T01:56:02z: AP_STAR tmr
 ets Jan  8 2013,rst cause:1, boot mode:(3,7)

load 0x4010f000, len 1384, room 16 
tail 8
chksum 0x2d
csum 0x2d
v8b899c12
~ld


6.01
 0h00:03.026 2021/05/19T02:15:58z: DS3231
 0h00:03.041 2021/05/19T02:15:58z: BME280 (0x76)
 0h00:03.055 2021/05/19T02:15:58z: 10:52:1c:41:b0:6b
 0h00:03.057 2021/05/19T02:15:58z: SSID: Apollonia Students Halls
 0h00:03.062 2021/05/19T02:15:58z: AP_STAR tmr
 ets Jan  8 2013,rst cause:1, boot mode:(3,7)

load 0x4010f000, len 1384, room 16 
tail 8
chksum 0x2d
csum 0x2d
v8b899c12
~ld


6.01
 0h00:03.028 2021/05/19T02:35:55z: DS3231
 0h00:03.043 2021/05/19T02:35:55z: BME280 (0x76)
 0h00:03.057 2021/05/19T02:35:55z: 10:52:1c:41:b0:6b
 0h00:03.059 2021/05/19T02:35:55z: SSID: Apollonia Students Halls
 0h00:03.064 2021/05/19T02:35:55z: AP_STAR tmr
 ets Jan  8 2013,rst cause:1, boot mode:(3,7)

load 0x4010f000, len 1384, room 16 
tail 8
chksum 0x2d
csum 0x2d
v8b899c12
~ld


6.01
 0h00:03.038 2021/05/19T02:55:51z: DS3231
 0h00:03.053 2021/05/19T02:55:51z: BME280 (0x76)
 0h00:03.067 2021/05/19T02:55:51z: 10:52:1c:41:b0:6b
 0h00:03.069 2021/05/19T02:55:51z: SSID: Apollonia Students Halls
 0h00:03.074 2021/05/19T02:55:51z: AP_STAR tmr
 ets Jan  8 2013,rst cause:1, boot mode:(3,7)

load 0x4010f000, len 1384, room 16 
tail 8
chksum 0x2d
csum 0x2d
v8b899c12
~ld


6.01
 0h00:03.048 2021/05/19T03:15:47z: DS3231
 0h00:03.063 2021/05/19T03:15:47z: BME280 (0x76)
 0h00:03.077 2021/05/19T03:15:47z: 10:52:1c:41:b0:6b
 0h00:03.079 2021/05/19T03:15:47z: SSID: Apollonia Students Halls
 0h00:03.084 2021/05/19T03:15:47z: AP_STAR tmr
 ets Jan  8 2013,rst cause:1, boot mode:(3,7)

load 0x4010f000, len 1384, room 16 
tail 8
chksum 0x2d
csum 0x2d
v8b899c12
~ld


6.01
 0h00:03.051 2021/05/19T03:35:43z: DS3231
 0h00:03.066 2021/05/19T03:35:43z: BME280 (0x76)
 0h00:03.080 2021/05/19T03:35:43z: 10:52:1c:41:b0:6b
 0h00:03.082 2021/05/19T03:35:43z: SSID: Apollonia Students Halls
 0h00:03.087 2021/05/19T03:35:43z: AP_STAR tmr
 ets Jan  8 2013,rst cause:1, boot mode:(3,7)

load 0x4010f000, len 1384, room 16 
tail 8
chksum 0x2d
csum 0x2d
v8b899c12
~ld


6.01
 0h00:03.029 2021/05/19T03:55:39z: DS3231
 0h00:03.045 2021/05/19T03:55:39z: BME280 (0x76)
 0h00:03.059 2021/05/19T03:55:39z: 10:52:1c:41:b0:6b
 0h00:03.060 2021/05/19T03:55:39z: SSID: Apollonia Students Halls
 0h00:03.066 2021/05/19T03:55:39z: AP_STAR tmr
 ets Jan  8 2013,rst cause:1, boot mode:(3,7)

load 0x4010f000, len 1384, room 16 
tail 8
chksum 0x2d
csum 0x2d
v8b899c12
~ld


6.01
 0h00:03.039 2021/05/19T04:15:35z: DS3231
 0h00:03.054 2021/05/19T04:15:35z: BME280 (0x76)
 0h00:03.068 2021/05/19T04:15:35z: 10:52:1c:41:b0:6b
 0h00:03.070 2021/05/19T04:15:35z: SSID: Apollonia Students Halls
 0h00:03.075 2021/05/19T04:15:35z: AP_STAR tmr
 ets Jan  8 2013,rst cause:1, boot mode:(3,7)

load 0x4010f000, len 1384, room 16 
tail 8
chksum 0x2d
csum 0x2d
v8b899c12
~ld


6.01
 0h00:03.024 2021/05/19T04:35:31z: DS3231
 0h00:03.039 2021/05/19T04:35:31z: BME280 (0x76)
 0h00:03.054 2021/05/19T04:35:31z: 10:52:1c:41:b0:6b
 0h00:03.055 2021/05/19T04:35:31z: SSID: Apollonia Students Halls
 0h00:03.060 2021/05/19T04:35:31z: AP_STAR tmr
 ets Jan  8 2013,rst cause:1, boot mode:(3,7)

load 0x4010f000, len 1384, room 16 
tail 8
chksum 0x2d
csum 0x2d
v8b899c12
~ld


6.01
 0h00:03.033 2021/05/19T04:55:27z: DS3231
 0h00:03.048 2021/05/19T04:55:27z: BME280 (0x76)
 0h00:03.062 2021/05/19T04:55:27z: 10:52:1c:41:b0:6b
 0h00:03.064 2021/05/19T04:55:27z: SSID: Apollonia Students Halls
 0h00:03.069 2021/05/19T04:55:27z: AP_STAR tmr
 ets Jan  8 2013,rst cause:1, boot mode:(3,7)

load 0x4010f000, len 1384, room 16 
tail 8
chksum 0x2d
csum 0x2d
v8b899c12
~ld


6.01
 0h00:03.023 2021/05/19T05:15:23z: DS3231
 0h00:03.038 2021/05/19T05:15:23z: BME280 (0x76)
 0h00:03.052 2021/05/19T05:15:23z: 10:52:1c:41:b0:6b
 0h00:03.054 2021/05/19T05:15:23z: SSID: Apollonia Students Halls
 0h00:03.059 2021/05/19T05:15:23z: AP_STAR tmr
 ets Jan  8 2013,rst cause:1, boot mode:(3,7)

load 0x4010f000, len 1384, room 16 
tail 8
chksum 0x2d
csum 0x2d
v8b899c12
~ld


6.01
 0h00:03.029 2021/05/19T05:35:19z: DS3231
 0h00:03.044 2021/05/19T05:35:19z: BME280 (0x76)
 0h00:03.058 2021/05/19T05:35:19z: 10:52:1c:41:b0:6b
 0h00:03.060 2021/05/19T05:35:19z: SSID: Apollonia Students Halls
 0h00:03.065 2021/05/19T05:35:19z: AP_STAR tmr
 ets Jan  8 2013,rst cause:1, boot mode:(3,7)

load 0x4010f000, len 1384, room 16 
tail 8
chksum 0x2d
csum 0x2d
v8b899c12
~ld


6.01
 0h00:03.030 2021/05/19T05:55:14z: DS3231
 0h00:03.045 2021/05/19T05:55:14z: BME280 (0x76)
 0h00:03.059 2021/05/19T05:55:14z: 10:52:1c:41:b0:6b
 0h00:03.061 2021/05/19T05:55:14z: SSID: Apollonia Students Halls
 0h00:03.066 2021/05/19T05:55:14z: AP_STAR tmr
 ets Jan  8 2013,rst cause:1, boot mode:(3,7)

load 0x4010f000, len 1384, room 16 
tail 8
chksum 0x2d
csum 0x2d
v8b899c12
~ld


6.01
 0h00:03.041 2021/05/19T06:15:10z: DS3231
 0h00:03.057 2021/05/19T06:15:10z: BME280 (0x76)
 0h00:03.071 2021/05/19T06:15:10z: 10:52:1c:41:b0:6b
 0h00:03.073 2021/05/19T06:15:10z: SSID: Apollonia Students Halls
 0h00:03.078 2021/05/19T06:15:10z: AP_STAR tmr
 ets Jan  8 2013,rst cause:1, boot mode:(3,7)

load 0x4010f000, len 1384, room 16 
tail 8
chksum 0x2d
csum 0x2d
v8b899c12
~ld


6.01
 0h00:03.045 2021/05/19T06:35:06z: DS3231
 0h00:03.060 2021/05/19T06:35:06z: BME280 (0x76)
 0h00:03.074 2021/05/19T06:35:06z: 10:52:1c:41:b0:6b
 0h00:03.076 2021/05/19T06:35:06z: SSID: Apollonia Students Halls
 0h00:03.081 2021/05/19T06:35:06z: AP_STAR tmr
 ets Jan  8 2013,rst cause:1, boot mode:(3,7)

load 0x4010f000, len 1384, room 16 
tail 8
chksum 0x2d
csum 0x2d
v8b899c12
~ld


6.01
 0h00:03.050 2021/05/19T06:55:02z: DS3231
 0h00:03.066 2021/05/19T06:55:02z: BME280 (0x76)
 0h00:03.080 2021/05/19T06:55:02z: 10:52:1c:41:b0:6b
 0h00:03.082 2021/05/19T06:55:02z: SSID: Apollonia Students Halls
 0h00:03.087 2021/05/19T06:55:02z: AP_STAR tmr
 ets Jan  8 2013,rst cause:1, boot mode:(3,7)

load 0x4010f000, len 1384, room 16 
tail 8
chksum 0x2d
csum 0x2d
v8b899c12
~ld


6.01
 0h00:03.029 2021/05/19T07:14:58z: DS3231
 0h00:03.044 2021/05/19T07:14:58z: BME280 (0x76)
 0h00:03.058 2021/05/19T07:14:58z: 10:52:1c:41:b0:6b
 0h00:03.060 2021/05/19T07:14:58z: SSID: Apollonia Students Halls
 0h00:03.065 2021/05/19T07:14:58z: AP_STAR tmr
 ets Jan  8 2013,rst cause:1, boot mode:(3,7)

load 0x4010f000, len 1384, room 16 
tail 8
chksum 0x2d
csum 0x2d
v8b899c12
~ld


6.01
 0h00:03.052 2021/05/19T07:34:54z: DS3231
 0h00:03.068 2021/05/19T07:34:54z: BME280 (0x76)
 0h00:03.082 2021/05/19T07:34:54z: 10:52:1c:41:b0:6b
 0h00:03.083 2021/05/19T07:34:54z: SSID: Apollonia Students Halls
 0h00:03.089 2021/05/19T07:34:54z: AP_STAR tmr
 ets Jan  8 2013,rst cause:1, boot mode:(3,7)

load 0x4010f000, len 1384, room 16 
tail 8
chksum 0x2d
csum 0x2d
v8b899c12
~ld


6.01
 0h00:03.029 2021/05/19T07:54:50z: DS3231
 0h00:03.044 2021/05/19T07:54:51z: BME280 (0x76)
 0h00:03.058 2021/05/19T07:54:51z: 10:52:1c:41:b0:6b
 0h00:03.060 2021/05/19T07:54:51z: SSID: Apollonia Students Halls
 0h00:03.065 2021/05/19T07:54:51z: AP_STAR tmr
 ets Jan  8 2013,rst cause:1, boot mode:(3,7)

load 0x4010f000, len 1384, room 16 
tail 8
chksum 0x2d
csum 0x2d
v8b899c12
~ld


6.01
 0h00:03.031 2021/05/19T08:14:47z: DS3231
 0h00:03.046 2021/05/19T08:14:47z: BME280 (0x76)
 0h00:03.061 2021/05/19T08:14:47z: 10:52:1c:41:b0:6b
 0h00:03.062 2021/05/19T08:14:47z: SSID: Apollonia Students Halls
 0h00:03.067 2021/05/19T08:14:47z: AP_STAR tmr
 ets Jan  8 2013,rst cause:1, boot mode:(3,7)

load 0x4010f000, len 1384, room 16 
tail 8
chksum 0x2d
csum 0x2d
v8b899c12
~ld


6.01
 0h00:03.026 2021/05/19T08:34:44z: DS3231
 0h00:03.041 2021/05/19T08:34:44z: BME280 (0x76)
 0h00:03.055 2021/05/19T08:34:44z: 10:52:1c:41:b0:6b
 0h00:03.057 2021/05/19T08:34:44z: SSID: Apollonia Students Halls
 0h00:03.062 2021/05/19T08:34:44z: AP_STAR tmr
 ets Jan  8 2013,rst cause:1, boot mode:(3,7)

load 0x4010f000, len 1384, room 16 
tail 8
chksum 0x2d
csum 0x2d
v8b899c12
~ld


6.01
 0h00:03.026 2021/05/19T08:54:39z: DS3231
 0h00:03.042 2021/05/19T08:54:40z: BME280 (0x76)
 0h00:03.056 2021/05/19T08:54:40z: 10:52:1c:41:b0:6b
 0h00:03.058 2021/05/19T08:54:40z: SSID: Apollonia Students Halls
 0h00:03.063 2021/05/19T08:54:40z: AP_STAR tmr
 ets Jan  8 2013,rst cause:1, boot mode:(3,7)

load 0x4010f000, len 1384, room 16 
tail 8
chksum 0x2d
csum 0x2d
v8b899c12
~ld


6.01
 0h00:03.034 2021/05/19T09:14:35z: DS3231
 0h00:03.050 2021/05/19T09:14:35z: BME280 (0x76)
 0h00:03.064 2021/05/19T09:14:35z: 10:52:1c:41:b0:6b
 0h00:03.065 2021/05/19T09:14:35z: SSID: Apollonia Students Halls
 0h00:03.071 2021/05/19T09:14:35z: AP_STAR tmr
 ets Jan  8 2013,rst cause:1, boot mode:(3,7)

load 0x4010f000, len 1384, room 16 
tail 8
chksum 0x2d
csum 0x2d
v8b899c12
~ld


6.01
 0h00:03.034 2021/05/19T09:34:32z: DS3231
 0h00:03.050 2021/05/19T09:34:32z: BME280 (0x76)
 0h00:03.064 2021/05/19T09:34:32z: 10:52:1c:41:b0:6b
 0h00:03.066 2021/05/19T09:34:32z: SSID: Apollonia Students Halls
 0h00:03.071 2021/05/19T09:34:32z: AP_STAR tmr
 ets Jan  8 2013,rst cause:1, boot mode:(3,7)

load 0x4010f000, len 1384, room 16 
tail 8
chksum 0x2d
csum 0x2d
v8b899c12
~ld


6.01
 0h00:03.051 2021/05/19T09:54:28z: DS3231
 0h00:03.066 2021/05/19T09:54:28z: BME280 (0x76)
 0h00:03.081 2021/05/19T09:54:28z: 10:52:1c:41:b0:6b
 0h00:03.082 2021/05/19T09:54:28z: SSID: Apollonia Students Halls
 0h00:03.087 2021/05/19T09:54:28z: AP_STAR tmr
 ets Jan  8 2013,rst cause:1, boot mode:(3,7)

load 0x4010f000, len 1384, room 16 
tail 8
chksum 0x2d
csum 0x2d
v8b899c12
~ld


6.01
 0h00:03.019 2021/05/19T12:18:42z: DS3231
 0h00:03.034 2021/05/19T12:18:42z: BME280 (0x76)
 0h00:03.049 2021/05/19T12:18:42z: 10:52:1c:41:b0:6b
 0h00:03.050 2021/05/19T12:18:42z: SSID: Apollonia Students Halls
 0h00:03.055 2021/05/19T12:18:42z: AP_STAR tmr
 ets Jan  8 2013,rst cause:1, boot mode:(3,7)

load 0x4010f000, len 1384, room 16 
tail 8
chksum 0x2d
csum 0x2d
v8b899c12
~ld


6.01
 0h00:03.023 2021/05/19T12:38:38z: DS3231
 0h00:03.038 2021/05/19T12:38:38z: BME280 (0x76)
 0h00:03.053 2021/05/19T12:38:38z: 10:52:1c:41:b0:6b
 0h00:03.054 2021/05/19T12:38:38z: SSID: Apollonia Students Halls
 0h00:03.059 2021/05/19T12:38:38z: AP_STAR tmr
 ets Jan  8 2013,rst cause:1, boot mode:(3,7)

load 0x4010f000, len 1384, room 16 
tail 8
chksum 0x2d
csum 0x2d
v8b899c12
~ld


6.01
 0h00:03.029 2021/05/19T12:58:34z: DS3231
 0h00:03.044 2021/05/19T12:58:34z: BME280 (0x76)
 0h00:03.058 2021/05/19T12:58:34z: 10:52:1c:41:b0:6b
 0h00:03.060 2021/05/19T12:58:34z: SSID: Apollonia Students Halls
 0h00:03.065 2021/05/19T12:58:34z: AP_STAR tmr
 ets Jan  8 2013,rst cause:1, boot mode:(3,7)

load 0x4010f000, len 1384, room 16 
tail 8
chksum 0x2d
csum 0x2d
v8b899c12
~ld


6.01
 0h00:03.038 2021/05/19T13:18:30z: DS3231
 0h00:03.054 2021/05/19T13:18:30z: BME280 (0x76)
 0h00:03.068 2021/05/19T13:18:30z: 10:52:1c:41:b0:6b
 0h00:03.069 2021/05/19T13:18:30z: SSID: Apollonia Students Halls
 0h00:03.075 2021/05/19T13:18:30z: AP_STAR tmr
 ets Jan  8 2013,rst cause:1, boot mode:(3,7)

load 0x4010f000, len 1384, room 16 
tail 8
chksum 0x2d
csum 0x2d
v8b899c12
~ld


6.01
 0h00:03.045 2021/05/19T13:38:26z: DS3231
 0h00:03.060 2021/05/19T13:38:26z: BME280 (0x76)
 0h00:03.074 2021/05/19T13:38:26z: 10:52:1c:41:b0:6b
 0h00:03.076 2021/05/19T13:38:26z: SSID: Apollonia Students Halls
 0h00:03.081 2021/05/19T13:38:27z: AP_STAR tmr
 ets Jan  8 2013,rst cause:1, boot mode:(3,7)

load 0x4010f000, len 1384, room 16 
tail 8
chksum 0x2d
csum 0x2d
v8b899c12
~ld


6.01
 0h00:03.020 2021/05/19T13:58:23z: DS3231
 0h00:03.036 2021/05/19T13:58:23z: BME280 (0x76)
 0h00:03.050 2021/05/19T13:58:23z: 10:52:1c:41:b0:6b
 0h00:03.052 2021/05/19T13:58:23z: SSID: Apollonia Students Halls
 0h00:03.057 2021/05/19T13:58:23z: AP_STAR tmr
 ets Jan  8 2013,rst cause:1, boot mode:(3,7)

load 0x4010f000, len 1384, room 16 
tail 8
chksum 0x2d
csum 0x2d
v8b899c12
~ld


6.01
 0h00:03.020 2021/05/19T14:18:19z: DS3231
 0h00:03.035 2021/05/19T14:18:19z: BME280 (0x76)
 0h00:03.050 2021/05/19T14:18:19z: 10:52:1c:41:b0:6b
 0h00:03.051 2021/05/19T14:18:19z: SSID: Apollonia Students Halls
 0h00:03.056 2021/05/19T14:18:19z: AP_STAR tmr
 ets Jan  8 2013,rst cause:1, boot mode:(3,7)

load 0x4010f000, len 1384, room 16 
tail 8
chksum 0x2d
csum 0x2d
v8b899c12
~ld


6.01
 0h00:03.019 2021/05/19T14:38:15z: DS3231
 0h00:03.034 2021/05/19T14:38:15z: BME280 (0x76)
 0h00:03.049 2021/05/19T14:38:15z: 10:52:1c:41:b0:6b
 0h00:03.050 2021/05/19T14:38:15z: SSID: Apollonia Students Halls
 0h00:03.055 2021/05/19T14:38:15z: AP_STAR tmr
 ets Jan  8 2013,rst cause:1, boot mode:(3,7)

load 0x4010f000, len 1384, room 16 
tail 8
chksum 0x2d
csum 0x2d
v8b899c12
~ld


6.01
 0h00:03.025 2021/05/19T15:12:12z: DS3231
 0h00:03.041 2021/05/19T15:12:12z: BME280 (0x76)
 0h00:03.055 2021/05/19T15:12:12z: 10:52:1c:41:b0:6b
 0h00:03.056 2021/05/19T15:12:12z: SSID: PurpleAir-79b5
 0h00:03.062 2021/05/19T15:12:12z: AP_STAR tmr
 ets Jan  8 2013,rst cause:1, boot mode:(3,7)

load 0x4010f000, len 1384, room 16 
tail 8
chksum 0x2d
csum 0x2d
v8b899c12
~ld


6.01
 0h00:03.034 2021/05/19T15:32:08z: DS3231
 0h00:03.049 2021/05/19T15:32:08z: BME280 (0x76)
 0h00:03.064 2021/05/19T15:32:08z: 10:52:1c:41:b0:6b
 0h00:03.065 2021/05/19T15:32:08z: SSID: PurpleAir-79b5
 0h00:03.070 2021/05/19T15:32:08z: AP_STAR tmr
 ets Jan  8 2013,rst cause:1, boot mode:(3,7)

load 0x4010f000, len 1384, room 16 
tail 8
chksum 0x2d
csum 0x2d
v8b899c12
~ld


6.01
 0h00:03.037 2021/05/19T15:52:03z: DS3231
 0h00:03.052 2021/05/19T15:52:04z: BME280 (0x76)
 0h00:03.066 2021/05/19T15:52:04z: 10:52:1c:41:b0:6b
 0h00:03.068 2021/05/19T15:52:04z: SSID: PurpleAir-79b5
 0h00:03.073 2021/05/19T15:52:04z: AP_STAR tmr
 ets Jan  8 2013,rst cause:1, boot mode:(3,7)

load 0x4010f000, len 1384, room 16 
tail 8
chksum 0x2d
csum 0x2d
v8b899c12
~ld


6.01
 0h00:03.034 2021/05/19T16:11:59z: DS3231
 0h00:03.049 2021/05/19T16:11:59z: BME280 (0x76)
 0h00:03.063 2021/05/19T16:12:00z: 10:52:1c:41:b0:6b
 0h00:03.065 2021/05/19T16:12:00z: SSID: PurpleAir-79b5
 0h00:03.070 2021/05/19T16:12:00z: AP_STAR tmr
 ets Jan  8 2013,rst cause:1, boot mode:(3,7)

load 0x4010f000, len 1384, room 16 
tail 8
chksum 0x2d
csum 0x2d
v8b899c12
~ld


6.01
 0h00:03.041 2021/05/19T16:31:55z: DS3231
 0h00:03.056 2021/05/19T16:31:55z: BME280 (0x76)
 0h00:03.071 2021/05/19T16:31:55z: 10:52:1c:41:b0:6b
 0h00:03.072 2021/05/19T16:31:55z: SSID: PurpleAir-79b5
 0h00:03.078 2021/05/19T16:31:55z: AP_STAR tmr
 ets Jan  8 2013,rst cause:1, boot mode:(3,7)

load 0x4010f000, len 1384, room 16 
tail 8
chksum 0x2d
csum 0x2d
v8b899c12
~ld


6.01
 0h00:03.043 2021/05/19T16:51:51z: DS3231
 0h00:03.058 2021/05/19T16:51:51z: BME280 (0x76)
 0h00:03.072 2021/05/19T16:51:51z: 10:52:1c:41:b0:6b
 0h00:03.074 2021/05/19T16:51:51z: SSID: PurpleAir-79b5
 0h00:03.079 2021/05/19T16:51:51z: AP_STAR tmr
 ets Jan  8 2013,rst cause:1, boot mode:(3,7)

load 0x4010f000, len 1384, room 16 
tail 8
chksum 0x2d
csum 0x2d
v8b899c12
~ld


6.01
 0h00:03.022 2021/05/19T17:11:47z: DS3231
 0h00:03.037 2021/05/19T17:11:47z: BME280 (0x76)
 0h00:03.052 2021/05/19T17:11:47z: 10:52:1c:41:b0:6b
 0h00:03.053 2021/05/19T17:11:47z: SSID: PurpleAir-79b5
 0h00:03.058 2021/05/19T17:11:47z: AP_STAR tmr
 ets Jan  8 2013,rst cause:1, boot mode:(3,7)

load 0x4010f000, len 1384, room 16 
tail 8
chksum 0x2d
csum 0x2d
v8b899c12
~ld


6.01
 0h00:03.025 2021/05/19T17:31:43z: DS3231
 0h00:03.041 2021/05/19T17:31:43z: BME280 (0x76)
 0h00:03.055 2021/05/19T17:31:43z: 10:52:1c:41:b0:6b
 0h00:03.056 2021/05/19T17:31:43z: SSID: PurpleAir-79b5
 0h00:03.062 2021/05/19T17:31:43z: AP_STAR tmr
 ets Jan  8 2013,rst cause:1, boot mode:(3,7)

load 0x4010f000, len 1384, room 16 
tail 8
chksum 0x2d
csum 0x2d
v8b899c12
~ld


6.01
 0h00:03.017 2021/05/19T17:51:39z: DS3231
 0h00:03.032 2021/05/19T17:51:39z: BME280 (0x76)
 0h00:03.047 2021/05/19T17:51:39z: 10:52:1c:41:b0:6b
 0h00:03.048 2021/05/19T17:51:39z: SSID: PurpleAir-79b5
 0h00:03.053 2021/05/19T17:51:39z: AP_STAR tmr
 ets Jan  8 2013,rst cause:1, boot mode:(3,7)

load 0x4010f000, len 1384, room 16 
tail 8
chksum 0x2d
csum 0x2d
v8b899c12
~ld


6.01
 0h00:03.026 2021/05/19T18:11:35z: DS3231
 0h00:03.042 2021/05/19T18:11:35z: BME280 (0x76)
 0h00:03.056 2021/05/19T18:11:35z: 10:52:1c:41:b0:6b
 0h00:03.058 2021/05/19T18:11:35z: SSID: PurpleAir-79b5
 0h00:03.063 2021/05/19T18:11:35z: AP_STAR tmr
 ets Jan  8 2013,rst cause:1, boot mode:(3,7)

load 0x4010f000, len 1384, room 16 
tail 8
chksum 0x2d
csum 0x2d
v8b899c12
~ld


6.01
 0h00:03.032 2021/05/19T18:31:31z: DS3231
 0h00:03.047 2021/05/19T18:31:31z: BME280 (0x76)
 0h00:03.061 2021/05/19T18:31:31z: 10:52:1c:41:b0:6b
 0h00:03.063 2021/05/19T18:31:31z: SSID: PurpleAir-79b5
 0h00:03.068 2021/05/19T18:31:31z: AP_STAR tmr
 ets Jan  8 2013,rst cause:1, boot mode:(3,7)

load 0x4010f000, len 1384, room 16 
tail 8
chksum 0x2d
csum 0x2d
v8b899c12
~ld


6.01
 0h00:03.042 2021/05/19T18:51:28z: DS3231
 0h00:03.057 2021/05/19T18:51:28z: BME280 (0x76)
 0h00:03.071 2021/05/19T18:51:28z: 10:52:1c:41:b0:6b
 0h00:03.073 2021/05/19T18:51:28z: SSID: PurpleAir-79b5
 0h00:03.078 2021/05/19T18:51:28z: AP_STAR tmr
 ets Jan  8 2013,rst cause:1, boot mode:(3,7)

load 0x4010f000, len 1384, room 16 
tail 8
chksum 0x2d
csum 0x2d
v8b899c12
~ld


6.01
 0h00:03.042 2021/05/19T19:11:24z: DS3231
 0h00:03.057 2021/05/19T19:11:24z: BME280 (0x76)
 0h00:03.071 2021/05/19T19:11:24z: 10:52:1c:41:b0:6b
 0h00:03.073 2021/05/19T19:11:24z: SSID: PurpleAir-79b5
 0h00:03.078 2021/05/19T19:11:24z: AP_STAR tmr
 ets Jan  8 2013,rst cause:1, boot mode:(3,7)

load 0x4010f000, len 1384, room 16 
tail 8
chksum 0x2d
csum 0x2d
v8b899c12
~ld


6.01
 0h00:03.048 2021/05/19T19:31:20z: DS3231
 0h00:03.063 2021/05/19T19:31:20z: BME280 (0x76)
 0h00:03.078 2021/05/19T19:31:20z: 10:52:1c:41:b0:6b
 0h00:03.079 2021/05/19T19:31:20z: SSID: PurpleAir-79b5
 0h00:03.084 2021/05/19T19:31:20z: AP_STAR tmr
 ets Jan  8 2013,rst cause:1, boot mode:(3,7)

load 0x4010f000, len 1384, room 16 
tail 8
chksum 0x2d
csum 0x2d
v8b899c12
~ld


6.01
 0h00:03.021 2021/05/19T19:51:16z: DS3231
 0h00:03.036 2021/05/19T19:51:16z: BME280 (0x76)
 0h00:03.051 2021/05/19T19:51:16z: 10:52:1c:41:b0:6b
 0h00:03.052 2021/05/19T19:51:16z: SSID: PurpleAir-79b5
 0h00:03.057 2021/05/19T19:51:16z: AP_STAR tmr
 ets Jan  8 2013,rst cause:1, boot mode:(3,7)

load 0x4010f000, len 1384, room 16 
tail 8
chksum 0x2d
csum 0x2d
v8b899c12
~ld


6.01
 0h00:03.026 2021/05/19T20:11:12z: DS3231
 0h00:03.041 2021/05/19T20:11:12z: BME280 (0x76)
 0h00:03.055 2021/05/19T20:11:12z: 10:52:1c:41:b0:6b
 0h00:03.057 2021/05/19T20:11:12z: SSID: PurpleAir-79b5
 0h00:03.062 2021/05/19T20:11:12z: AP_STAR tmr
 ets Jan  8 2013,rst cause:1, boot mode:(3,7)

load 0x4010f000, len 1384, room 16 
tail 8
chksum 0x2d
csum 0x2d
v8b899c12
~ld


6.01
 0h00:03.024 2021/05/19T20:31:08z: DS3231
 0h00:03.039 2021/05/19T20:31:08z: BME280 (0x76)
 0h00:03.053 2021/05/19T20:31:08z: 10:52:1c:41:b0:6b
 0h00:03.055 2021/05/19T20:31:08z: SSID: PurpleAir-79b5
 0h00:03.060 2021/05/19T20:31:08z: AP_STAR tmr
 ets Jan  8 2013,rst cause:1, boot mode:(3,7)

load 0x4010f000, len 1384, room 16 
tail 8
chksum 0x2d
csum 0x2d
v8b899c12
~ld


6.01
 0h00:03.018 2021/05/19T20:51:04z: DS3231
 0h00:03.033 2021/05/19T20:51:04z: BME280 (0x76)
 0h00:03.048 2021/05/19T20:51:04z: 10:52:1c:41:b0:6b
 0h00:03.049 2021/05/19T20:51:04z: SSID: PurpleAir-79b5
 0h00:03.054 2021/05/19T20:51:04z: AP_STAR tmr
 ets Jan  8 2013,rst cause:1, boot mode:(3,7)

load 0x4010f000, len 1384, room 16 
tail 8
chksum 0x2d
csum 0x2d
v8b899c12
~ld


6.01
 0h00:03.023 2021/05/19T21:11:00z: DS3231
 0h00:03.039 2021/05/19T21:11:00z: BME280 (0x76)
 0h00:03.053 2021/05/19T21:11:00z: 10:52:1c:41:b0:6b
 0h00:03.054 2021/05/19T21:11:00z: SSID: PurpleAir-79b5
 0h00:03.060 2021/05/19T21:11:00z: AP_STAR tmr
 ets Jan  8 2013,rst cause:1, boot mode:(3,7)

load 0x4010f000, len 1384, room 16 
tail 8
chksum 0x2d
csum 0x2d
v8b899c12
~ld


6.01
 0h00:03.041 2021/05/19T21:30:56z: DS3231
 0h00:03.056 2021/05/19T21:30:56z: BME280 (0x76)
 0h00:03.070 2021/05/19T21:30:56z: 10:52:1c:41:b0:6b
 0h00:03.072 2021/05/19T21:30:56z: SSID: PurpleAir-79b5
 0h00:03.077 2021/05/19T21:30:56z: AP_STAR tmr
 ets Jan  8 2013,rst cause:1, boot mode:(3,7)

load 0x4010f000, len 1384, room 16 
tail 8
chksum 0x2d
csum 0x2d
v8b899c12
~ld


6.01
 0h00:03.040 2021/05/19T21:50:52z: DS3231
 0h00:03.055 2021/05/19T21:50:52z: BME280 (0x76)
 0h00:03.069 2021/05/19T21:50:52z: 10:52:1c:41:b0:6b
 0h00:03.071 2021/05/19T21:50:52z: SSID: PurpleAir-79b5
 0h00:03.076 2021/05/19T21:50:52z: AP_STAR tmr
 ets Jan  8 2013,rst cause:1, boot mode:(3,7)

load 0x4010f000, len 1384, room 16 
tail 8
chksum 0x2d
csum 0x2d
v8b899c12
~ld


6.01
 0h00:03.050 2021/05/19T22:10:48z: DS3231
 0h00:03.065 2021/05/19T22:10:48z: BME280 (0x76)
 0h00:03.079 2021/05/19T22:10:48z: 10:52:1c:41:b0:6b
 0h00:03.081 2021/05/19T22:10:48z: SSID: PurpleAir-79b5
 0h00:03.086 2021/05/19T22:10:48z: AP_STAR tmr
 ets Jan  8 2013,rst cause:1, boot mode:(3,7)

load 0x4010f000, len 1384, room 16 
tail 8
chksum 0x2d
csum 0x2d
v8b899c12
~ld


6.01
 0h00:03.022 2021/05/19T22:30:44z: DS3231
 0h00:03.037 2021/05/19T22:30:44z: BME280 (0x76)
 0h00:03.051 2021/05/19T22:30:44z: 10:52:1c:41:b0:6b
 0h00:03.053 2021/05/19T22:30:44z: SSID: PurpleAir-79b5
 0h00:03.058 2021/05/19T22:30:44z: AP_STAR tmr
 ets Jan  8 2013,rst cause:1, boot mode:(3,7)

load 0x4010f000, len 1384, room 16 
tail 8
chksum 0x2d
csum 0x2d
v8b899c12
~ld


6.01
 0h00:03.021 2021/05/19T22:50:40z: DS3231
 0h00:03.036 2021/05/19T22:50:40z: BME280 (0x76)
 0h00:03.051 2021/05/19T22:50:40z: 10:52:1c:41:b0:6b
 0h00:03.052 2021/05/19T22:50:40z: SSID: PurpleAir-79b5
 0h00:03.057 2021/05/19T22:50:40z: AP_STAR tmr
 ets Jan  8 2013,rst cause:1, boot mode:(3,7)

load 0x4010f000, len 1384, room 16 
tail 8
chksum 0x2d
csum 0x2d
v8b899c12
~ld


6.01
 0h00:03.024 2021/05/19T23:10:36z: DS3231
 0h00:03.039 2021/05/19T23:10:36z: BME280 (0x76)
 0h00:03.053 2021/05/19T23:10:36z: 10:52:1c:41:b0:6b
 0h00:03.055 2021/05/19T23:10:36z: SSID: PurpleAir-79b5
 0h00:03.060 2021/05/19T23:10:36z: AP_STAR tmr
 ets Jan  8 2013,rst cause:1, boot mode:(3,7)

load 0x4010f000, len 1384, room 16 
tail 8
chksum 0x2d
csum 0x2d
v8b899c12
~ld


6.01
 0h00:03.025 2021/05/19T23:30:33z: DS3231
 0h00:03.040 2021/05/19T23:30:33z: BME280 (0x76)
 0h00:03.054 2021/05/19T23:30:33z: 10:52:1c:41:b0:6b
 0h00:03.056 2021/05/19T23:30:33z: SSID: PurpleAir-79b5
 0h00:03.061 2021/05/19T23:30:33z: AP_STAR tmr
 ets Jan  8 2013,rst cause:1, boot mode:(3,7)

load 0x4010f000, len 1384, room 16 
tail 8
chksum 0x2d
csum 0x2d
v8b899c12
~ld


6.01
 0h00:03.028 2021/05/19T23:50:29z: DS3231
 0h00:03.044 2021/05/19T23:50:29z: BME280 (0x76)
 0h00:03.058 2021/05/19T23:50:29z: 10:52:1c:41:b0:6b
 0h00:03.059 2021/05/19T23:50:29z: SSID: PurpleAir-79b5
 0h00:03.065 2021/05/19T23:50:29z: AP_STA