R tmr
 ets Jan  8 2013,rst cause:1, boot mode:(3,6)

load 0x4010f000, len 1384, room 16 
tail 8
chksum 0x2d
csum 0x2d
v8b899c12
~ld


6.01
 0h00:03.019 2021/06/08T00:11:19z: DS3231
 0h00:03.035 2021/06/08T00:11:19z: BME280 (0x76)
 0h00:03.049 2021/06/08T00:11:19z: 10:52:1c:4d:ae:9b
 0h00:03.050 2021/06/08T00:11:19z: SSID: PurpleAir-2ad
 0h00:03.056 2021/06/08T00:11:19z: AP_STAR tmr
 ets Jan  8 2013,rst cause:1, boot mode:(3,6)

load 0x4010f000, len 1384, room 16 
tail 8
chksum 0x2d
csum 0x2d
v8b899c12
~ld


6.01
 0h00:02.989 2021/06/08T00:31:14z: DS3231
 0h00:03.005 2021/06/08T00:31:14z: BME280 (0x76)
 0h00:03.019 2021/06/08T00:31:14z: 10:52:1c:4d:ae:9b
 0h00:03.021 2021/06/08T00:31:14z: SSID: PurpleAir-2ad
 0h00:03.026 2021/06/08T00:31:14z: AP_STAR tmr
 ets Jan  8 2013,rst cause:1, boot mode:(3,6)

load 0x4010f000, len 1384, room 16 
tail 8
chksum 0x2d
csum 0x2d
v8b899c12
~ld


6.01
 0h00:02.997 2021/06/08T00:51:10z: DS3231
 0h00:03.012 2021/06/08T00:51:10z: BME280 (0x76)
 0h00:03.026 2021/06/08T00:51:10z: 10:52:1c:4d:ae:9b
 0h00:03.028 2021/06/08T00:51:10z: SSID: PurpleAir-2ad
 0h00:03.033 2021/06/08T00:51:10z: AP_STAR tmr
 ets Jan  8 2013,rst cause:1, boot mode:(3,6)

load 0x4010f000, len 1384, room 16 
tail 8
chksum 0x2d
csum 0x2d
v8b899c12
~ld


6.01
 0h00:02.991 2021/06/08T01:11:06z: DS3231
 0h00:03.007 2021/06/08T01:11:06z: BME280 (0x76)
 0h00:03.021 2021/06/08T01:11:06z: 10:52:1c:4d:ae:9b
 0h00:03.023 2021/06/08T01:11:06z: SSID: PurpleAir-2ad
 0h00:03.028 2021/06/08T01:11:06z: AP_STAR tmr
 ets Jan  8 2013,rst cause:1, boot mode:(3,6)

load 0x4010f000, len 1384, room 16 
tail 8
chksum 0x2d
csum 0x2d
v8b899c12
~ld


6.01
 0h00:02.993 2021/06/08T01:31:02z: DS3231
 0h00:03.009 2021/06/08T01:31:02z: BME280 (0x76)
 0h00:03.023 2021/06/08T01:31:02z: 10:52:1c:4d:ae:9b
 0h00:03.024 2021/06/08T01:31:02z: SSID: PurpleAir-2ad
 0h00:03.030 2021/06/08T01:31:02z: AP_STAR tmr
 ets Jan  8 2013,rst cause:1, boot mode:(3,6)

load 0x4010f000, len 1384, room 16 
tail 8
chksum 0x2d
csum 0x2d
v8b899c12
~ld


6.01
 0h00:02.993 2021/06/08T01:50:59z: DS3231
 0h00:03.009 2021/06/08T01:50:59z: BME280 (0x76)
 0h00:03.023 2021/06/08T01:50:59z: 10:52:1c:4d:ae:9b
 0h00:03.025 2021/06/08T01:50:59z: SSID: PurpleAir-2ad
 0h00:03.030 2021/06/08T01:50:59z: AP_STAR tmr
 ets Jan  8 2013,rst cause:1, boot mode:(3,6)

load 0x4010f000, len 1384, room 16 
tail 8
chksum 0x2d
csum 0x2d
v8b899c12
~ld


6.01
 0h00:03.006 2021/06/08T02:10:55z: DS3231
 0h00:03.021 2021/06/08T02:10:55z: BME280 (0x76)
 0h00:03.036 2021/06/08T02:10:55z: 10:52:1c:4d:ae:9b
 0h00:03.037 2021/06/08T02:10:55z: SSID: PurpleAir-2ad
 0h00:03.042 2021/06/08T02:10:55z: AP_STAR tmr
 ets Jan  8 2013,rst cause:1, boot mode:(3,6)

load 0x4010f000, len 1384, room 16 
tail 8
chksum 0x2d
csum 0x2d
v8b899c12
~ld


6.01
 0h00:03.014 2021/06/08T02:30:51z: DS3231
 0h00:03.029 2021/06/08T02:30:51z: BME280 (0x76)
 0h00:03.043 2021/06/08T02:30:51z: 10:52:1c:4d:ae:9b
 0h00:03.045 2021/06/08T02:30:51z: SSID: PurpleAir-2ad
 0h00:03.050 2021/06/08T02:30:51z: AP_STAR tmr
 ets Jan  8 2013,rst cause:1, boot mode:(3,6)

load 0x4010f000, len 1384, room 16 
tail 8
chksum 0x2d
csum 0x2d
v8b899c12
~ld


6.01
 0h00:03.019 2021/06/08T02:50:48z: DS3231
 0h00:03.034 2021/06/08T02:50:48z: BME280 (0x76)
 0h00:03.048 2021/06/08T02:50:48z: 10:52:1c:4d:ae:9b
 0h00:03.050 2021/06/08T02:50:48z: SSID: PurpleAir-2ad
 0h00:03.055 2021/06/08T02:50:48z: AP_STAR tmr connected clients
R tmr connected clients
R tmr
 ets Jan  8 2013,rst cause:1, boot mode:(3,6)

load 0x4010f000, len 1384, room 16 
tail 8
chksum 0x2d
csum 0x2d
v8b899c12
~ld


6.01
 0h00:02.995 2021/06/08T03:14:43z: DS3231
 0h00:03.010 2021/06/08T03:14:43z: BME280 (0x76)
 0h00:03.025 2021/06/08T03:14:43z: 10:52:1c:4d:ae:9b
 0h00:03.026 2021/06/08T03:14:43z: SSID: PurpleAir-2ad
 0h00:03.031 2021/06/08T03:14:43z: AP_STAR tmr
 ets Jan  8 2013,rst cause:1, boot mode:(3,6)

load 0x4010f000, len 1384, room 16 
tail 8
chksum 0x2d
csum 0x2d
v8b899c12
~ld


6.01
 0h00:03.003 2021/06/08T03:34:39z: DS3231
 0h00:03.018 2021/06/08T03:34:39z: BME280 (0x76)
 0h00:03.032 2021/06/08T03:34:39z: 10:52:1c:4d:ae:9b
 0h00:03.034 2021/06/08T03:34:39z: SSID: PurpleAir-2ad
 0h00:03.039 2021/06/08T03:34:39z: AP_STAR tmr
 ets Jan  8 2013,rst cause:1, boot mode:(3,6)

load 0x4010f000, len 1384, room 16 
tail 8
chksum 0x2d
csum 0x2d
v8b899c12
~ld


6.01
 0h00:03.014 2021/06/08T03:54:35z: DS3231
 0h00:03.029 2021/06/08T03:54:35z: BME280 (0x76)
 0h00:03.043 2021/06/08T03:54:35z: 10:52:1c:4d:ae:9b
 0h00:03.045 2021/06/08T03:54:35z: SSID: PurpleAir-2ad
 0h00:03.050 2021/06/08T03:54:35z: AP_STAR tmr
 ets Jan  8 2013,rst cause:1, boot mode:(3,6)

load 0x4010f000, len 1384, room 16 
tail 8
chksum 0x2d
csum 0x2d
v8b899c12
~ld


6.01
 0h00:03.017 2021/06/08T04:14:31z: DS3231
 0h00:03.032 2021/06/08T04:14:31z: BME280 (0x76)
 0h00:03.046 2021/06/08T04:14:31z: 10:52:1c:4d:ae:9b
 0h00:03.048 2021/06/08T04:14:31z: SSID: PurpleAir-2ad
 0h00:03.053 2021/06/08T04:14:31z: AP_STAR tmr
 ets Jan  8 2013,rst cause:1, boot mode:(3,6)

load 0x4010f000, len 1384, room 16 
tail 8
chksum 0x2d
csum 0x2d
v8b899c12
~ld


6.01
 0h00:02.995 2021/06/08T05:00:54z: DS3231
 0h00:03.010 2021/06/08T05:00:54z: BME280 (0x76)
 0h00:03.025 2021/06/08T05:00:54z: 10:52:1c:4d:ae:9b
 0h00:03.026 2021/06/08T05:00:54z: SSID: PurpleAir-2ad
 0h00:03.031 2021/06/08T05:00:54z: AP_STAR tmr
 ets Jan  8 2013,rst cause:1, boot mode:(3,6)

load 0x4010f000, len 1384, room 16 
tail 8
chksum 0x2d
csum 0x2d
v8b899c12
~ld


6.01
 0h00:02.989 2021/06/08T05:20:50z: DS3231
 0h00:03.004 2021/06/08T05:20:50z: BME280 (0x76)
 0h00:03.019 2021/06/08T05:20:50z: 10:52:1c:4d:ae:9b
 0h00:03.020 2021/06/08T05:20:50z: SSID: PurpleAir-2ad
 0h00:03.025 2021/06/08T05:20:50z: AP_STAR tmr
 ets Jan  8 2013,rst cause:1, boot mode:(3,6)

load 0x4010f000, len 1384, room 16 
tail 8
chksum 0x2d
csum 0x2d
v8b899c12
~ld


6.01
 0h00:03.004 2021/06/08T05:40:46z: DS3231
 0h00:03.020 2021/06/08T05:40:46z: BME280 (0x76)
 0h00:03.034 2021/06/08T05:40:46z: 10:52:1c:4d:ae:9b
 0h00:03.035 2021/06/08T05:40:46z: SSID: PurpleAir-2ad
 0h00:03.041 2021/06/08T05:40:46z: AP_STAR tmr
 ets Jan  8 2013,rst cause:1, boot mode:(3,6)

load 0x4010f000, len 1384, room 16 
tail 8
chksum 0x2d
csum 0x2d
v8b899c12
~ld


6.01
 0h00:03.003 2021/06/08T06:00:42z: DS3231
 0h00:03.018 2021/06/08T06:00:42z: BME280 (0x76)
 0h00:03.032 2021/06/08T06:00:42z: 10:52:1c:4d:ae:9b
 0h00:03.034 2021/06/08T06:00:42z: SSID: PurpleAir-2ad
 0h00:03.039 2021/06/08T06:00:42z: AP_STAR tmr
 ets Jan  8 2013,rst cause:1, boot mode:(3,6)

load 0x4010f000, len 1384, room 16 
tail 8
chksum 0x2d
csum 0x2d
v8b899c12
~ld


6.01
 0h00:03.012 2021/06/08T06:20:38z: DS3231
 0h00:03.028 2021/06/08T06:20:38z: BME280 (0x76)
 0h00:03.042 2021/06/08T06:20:38z: 10:52:1c:4d:ae:9b
 0h00:03.044 2021/06/08T06:20:38z: SSID: PurpleAir-2ad
 0h00:03.049 2021/06/08T06:20:38z: AP_STAR tmr
 ets Jan  8 2013,rst cause:1, boot mode:(3,6)

load 0x4010f000, len 1384, room 16 
tail 8
chksum 0x2d
csum 0x2d
v8b899c12
~ld


6.01
 0h00:03.011 2021/06/08T06:40:34z: DS3231
 0h00:03.026 2021/06/08T06:40:34z: BME280 (0x76)
 0h00:03.041 2021/06/08T06:40:34z: 10:52:1c:4d:ae:9b
 0h00:03.042 2021/06/08T06:40:34z: SSID: PurpleAir-2ad
 0h00:03.047 2021/06/08T06:40:34z: AP_STAR tmr
 ets Jan  8 2013,rst cause:1, boot mode:(3,6)

load 0x4010f000, len 1384, room 16 
tail 8
chksum 0x2d
csum 0x2d
v8b899c12
~ld


6.01
 0h00:03.011 2021/06/08T07:00:30z: DS3231
 0h00:03.026 2021/06/08T07:00:30z: BME280 (0x76)
 0h00:03.040 2021/06/08T07:00:30z: 10:52:1c:4d:ae:9b
 0h00:03.042 2021/06/08T07:00:30z: SSID: PurpleAir-2ad
 0h00:03.047 2021/06/08T07:00:30z: AP_STAR tmr
 ets Jan  8 2013,rst cause:1, boot mode:(3,6)

load 0x4010f000, len 1384, room 16 
tail 8
chksum 0x2d
csum 0x2d
v8b899c12
~ld


6.01
 0h00:03.017 2021/06/08T07:20:26z: DS3231
 0h00:03.032 2021/06/08T07:20:26z: BME280 (0x76)
 0h00:03.047 2021/06/08T07:20:26z: 10:52:1c:4d:ae:9b
 0h00:03.048 2021/06/08T07:20:26z: SSID: PurpleAir-2ad
 0h00:03.053 2021/06/08T07:20:26z: AP_STAR tmr
 ets Jan  8 2013,rst cause:1, boot mode:(3,6)

load 0x4010f000, len 1384, room 16 
tail 8
chksum 0x2d
csum 0x2d
v8b899c12
~ld


6.01
 0h00:02.997 2021/06/08T07:40:22z: DS3231
 0h00:03.013 2021/06/08T07:40:22z: BME280 (0x76)
 0h00:03.027 2021/06/08T07:40:22z: 10:52:1c:4d:ae:9b
 0h00:03.028 2021/06/08T07:40:22z: SSID: PurpleAir-2ad
 0h00:03.034 2021/06/08T07:40:22z: AP_STAR tmr
 ets Jan  8 2013,rst cause:1, boot mode:(3,6)

load 0x4010f000, len 1384, room 16 
tail 8
chksum 0x2d
csum 0x2d
v8b899c12
~ld


6.01
 0h00:03.001 2021/06/08T08:00:18z: DS3231
 0h00:03.017 2021/06/08T08:00:18z: BME280 (0x76)
 0h00:03.031 2021/06/08T08:00:18z: 10:52:1c:4d:ae:9b
 0h00:03.032 2021/06/08T08:00:18z: SSID: PurpleAir-2ad
 0h00:03.038 2021/06/08T08:00:18z: AP_STAR tmr
 ets Jan  8 2013,rst cause:1, boot mode:(3,6)

load 0x4010f000, len 1384, room 16 
tail 8
chksum 0x2d
csum 0x2d
v8b899c12
~ld


6.01
 0h00:02.989 2021/06/08T08:20:14z: DS3231
 0h00:03.004 2021/06/08T08:20:14z: BME280 (0x76)
 0h00:03.018 2021/06/08T08:20:14z: 10:52:1c:4d:ae:9b
 0h00:03.020 2021/06/08T08:20:14z: SSID: PurpleAir-2ad
 0h00:03.025 2021/06/08T08:20:14z: AP_STAR tmr
 ets Jan  8 2013,rst cause:1, boot mode:(3,6)

load 0x4010f000, len 1384, room 16 
tail 8
chksum 0x2d
csum 0x2d
v8b899c12
~ld


6.01
 0h00:03.019 2021/06/08T08:40:10z: DS3231
 0h00:03.034 2021/06/08T08:40:10z: BME280 (0x76)
 0h00:03.049 2021/06/08T08:40:10z: 10:52:1c:4d:ae:9b
 0h00:03.050 2021/06/08T08:40:10z: SSID: PurpleAir-2ad
 0h00:03.056 2021/06/08T08:40:10z: AP_STAR tmr
 ets Jan  8 2013,rst cause:1, boot mode:(3,6)

load 0x4010f000, len 1384, room 16 
tail 8
chksum 0x2d
csum 0x2d
v8b899c12
~ld


6.01
 0h00:02.991 2021/06/08T09:00:06z: DS3231
 0h00:03.006 2021/06/08T09:00:06z: BME280 (0x76)
 0h00:03.021 2021/06/08T09:00:06z: 10:52:1c:4d:ae:9b
 0h00:03.022 2021/06/08T09:00:06z: SSID: PurpleAir-2ad
 0h00:03.027 2021/06/08T09:00:06z: AP_STAR tmr
 ets Jan  8 2013,rst cause:1, boot mode:(3,6)

load 0x4010f000, len 1384, room 16 
tail 8
chksum 0x2d
csum 0x2d
v8b899c12
~ld


6.01
 0h00:02.990 2021/06/08T09:20:02z: DS3231
 0h00:03.006 2021/06/08T09:20:02z: BME280 (0x76)
 0h00:03.020 2021/06/08T09:20:02z: 10:52:1c:4d:ae:9b
 0h00:03.022 2021/06/08T09:20:02z: SSID: PurpleAir-2ad
 0h00:03.027 2021/06/08T09:20:02z: AP_STAR tmr
 ets Jan  8 2013,rst cause:1, boot mode:(3,6)

load 0x4010f000, len 1384, room 16 
tail 8
chksum 0x2d
csum 0x2d
v8b899c12
~ld


6.01
 0h00:02.991 2021/06/08T09:39:58z: DS3231
 0h00:03.006 2021/06/08T09:39:58z: BME280 (0x76)
 0h00:03.020 2021/06/08T09:39:58z: 10:52:1c:4d:ae:9b
 0h00:03.022 2021/06/08T09:39:58z: SSID: PurpleAir-2ad
 0h00:03.027 2021/06/08T09:39:58z: AP_STAR tmr
 ets Jan  8 2013,rst cause:1, boot mode:(3,6)

load 0x4010f000, len 1384, room 16 
tail 8
chksum 0x2d
csum 0x2d
v8b899c12
~ld


6.01
 0h00:03.000 2021/06/08T09:59:54z: DS3231
 0h00:03.015 2021/06/08T09:59:54z: BME280 (0x76)
 0h00:03.030 2021/06/08T09:59:54z: 10:52:1c:4d:ae:9b
 0h00:03.031 2021/06/08T09:59:54z: SSID: PurpleAir-2ad
 0h00:03.036 2021/06/08T09:59:54z: AP_STA