R tmr
 ets Jan  8 2013,rst cause:1, boot mode:(3,7)

load 0x4010f000, len 1384, room 16 
tail 8
chksum 0x2d
csum 0x2d
v8b899c12
~ld


6.01
 0h00:03.053 2021/06/02T00:04:20z: DS3231
 0h00:03.069 2021/06/02T00:04:20z: BME280 (0x76)
 0h00:03.083 2021/06/02T00:04:20z: 10:52:1c:4c:86:4
 0h00:03.084 2021/06/02T00:04:20z: SSID: Apollonia Students Halls
 0h00:03.090 2021/06/02T00:04:20z: AP_STAR tmr
 ets Jan  8 2013,rst cause:1, boot mode:(3,7)

load 0x4010f000, len 1384, room 16 
tail 8
chksum 0x2d
csum 0x2d
v8b899c12
~ld


6.01
 0h00:03.048 2021/06/02T00:24:16z: DS3231
 0h00:03.063 2021/06/02T00:24:16z: BME280 (0x76)
 0h00:03.077 2021/06/02T00:24:16z: 10:52:1c:4c:86:4
 0h00:03.079 2021/06/02T00:24:16z: SSID: Apollonia Students Halls
 0h00:03.084 2021/06/02T00:24:16z: AP_STAR tmr
 ets Jan  8 2013,rst cause:1, boot mode:(3,7)

load 0x4010f000, len 1384, room 16 
tail 8
chksum 0x2d
csum 0x2d
v8b899c12
~ld


6.01
 0h00:03.058 2021/06/02T00:44:13z: DS3231
 0h00:03.073 2021/06/02T00:44:13z: BME280 (0x76)
 0h00:03.088 2021/06/02T00:44:13z: 10:52:1c:4c:86:4
 0h00:03.089 2021/06/02T00:44:13z: SSID: Apollonia Students Halls
 0h00:03.094 2021/06/02T00:44:13z: AP_STAR tmr
 ets Jan  8 2013,rst cause:1, boot mode:(3,7)

load 0x4010f000, len 1384, room 16 
tail 8
chksum 0x2d
csum 0x2d
v8b899c12
~ld


6.01
 0h00:03.068 2021/06/02T01:04:10z: DS3231
 0h00:03.083 2021/06/02T01:04:10z: BME280 (0x76)
 0h00:03.097 2021/06/02T01:04:10z: 10:52:1c:4c:86:4
 0h00:03.099 2021/06/02T01:04:10z: SSID: Apollonia Students Halls
 0h00:03.104 2021/06/02T01:04:10z: AP_STAR tmr
 ets Jan  8 2013,rst cause:1, boot mode:(3,7)

load 0x4010f000, len 1384, room 16 
tail 8
chksum 0x2d
csum 0x2d
v8b899c12
~ld


6.01
 0h00:03.068 2021/06/02T01:24:07z: DS3231
 0h00:03.083 2021/06/02T01:24:07z: BME280 (0x76)
 0h00:03.098 2021/06/02T01:24:07z: 10:52:1c:4c:86:4
 0h00:03.099 2021/06/02T01:24:07z: SSID: Apollonia Students Halls
 0h00:03.104 2021/06/02T01:24:07z: AP_STAR tmr
 ets Jan  8 2013,rst cause:1, boot mode:(3,7)

load 0x4010f000, len 1384, room 16 
tail 8
chksum 0x2d
csum 0x2d
v8b899c12
~ld


6.01
 0h00:03.080 2021/06/02T01:44:03z: DS3231
 0h00:03.095 2021/06/02T01:44:03z: BME280 (0x76)
 0h00:03.109 2021/06/02T01:44:03z: 10:52:1c:4c:86:4
 0h00:03.111 2021/06/02T01:44:03z: SSID: Apollonia Students Halls
 0h00:03.116 2021/06/02T01:44:03z: AP_STAR tmr
 ets Jan  8 2013,rst cause:1, boot mode:(3,7)

load 0x4010f000, len 1384, room 16 
tail 8
chksum 0x2d
csum 0x2d
v8b899c12
~ld


6.01
 0h00:03.046 2021/06/02T02:03:59z: DS3231
 0h00:03.061 2021/06/02T02:03:59z: BME280 (0x76)
 0h00:03.075 2021/06/02T02:03:59z: 10:52:1c:4c:86:4
 0h00:03.077 2021/06/02T02:03:59z: SSID: Apollonia Students Halls
 0h00:03.082 2021/06/02T02:03:59z: AP_STAR tmr
 ets Jan  8 2013,rst cause:1, boot mode:(3,7)

load 0x4010f000, len 1384, room 16 
tail 8
chksum 0x2d
csum 0x2d
v8b899c12
~ld


6.01
 0h00:03.046 2021/06/02T02:23:55z: DS3231
 0h00:03.061 2021/06/02T02:23:55z: BME280 (0x76)
 0h00:03.075 2021/06/02T02:23:55z: 10:52:1c:4c:86:4
 0h00:03.077 2021/06/02T02:23:55z: SSID: Apollonia Students Halls
 0h00:03.082 2021/06/02T02:23:55z: AP_STAR tmr
 ets Jan  8 2013,rst cause:1, boot mode:(3,7)

load 0x4010f000, len 1384, room 16 
tail 8
chksum 0x2d
csum 0x2d
v8b899c12
~ld


6.01
 0h00:03.058 2021/06/02T02:43:51z: DS3231
 0h00:03.073 2021/06/02T02:43:51z: BME280 (0x76)
 0h00:03.087 2021/06/02T02:43:51z: 10:52:1c:4c:86:4
 0h00:03.089 2021/06/02T02:43:51z: SSID: Apollonia Students Halls
 0h00:03.094 2021/06/02T02:43:51z: AP_STAR tmr
 ets Jan  8 2013,rst cause:1, boot mode:(3,7)

load 0x4010f000, len 1384, room 16 
tail 8
chksum 0x2d
csum 0x2d
v8b899c12
~ld


6.01
 0h00:03.053 2021/06/02T03:03:47z: DS3231
 0h00:03.068 2021/06/02T03:03:47z: BME280 (0x76)
 0h00:03.082 2021/06/02T03:03:47z: 10:52:1c:4c:86:4
 0h00:03.084 2021/06/02T03:03:47z: SSID: Apollonia Students Halls
 0h00:03.089 2021/06/02T03:03:47z: AP_STAR tmr
 ets Jan  8 2013,rst cause:1, boot mode:(3,7)

load 0x4010f000, len 1384, room 16 
tail 8
chksum 0x2d
csum 0x2d
v8b899c12
~ld


6.01
 0h00:03.053 2021/06/02T03:23:43z: DS3231
 0h00:03.069 2021/06/02T03:23:43z: BME280 (0x76)
 0h00:03.083 2021/06/02T03:23:43z: 10:52:1c:4c:86:4
 0h00:03.084 2021/06/02T03:23:43z: SSID: Apollonia Students Halls
 0h00:03.090 2021/06/02T03:23:43z: AP_STAR tmr
 ets Jan  8 2013,rst cause:1, boot mode:(3,7)

load 0x4010f000, len 1384, room 16 
tail 8
chksum 0x2d
csum 0x2d
v8b899c12
~ld


6.01
 0h00:03.067 2021/06/02T03:43:39z: DS3231
 0h00:03.082 2021/06/02T03:43:39z: BME280 (0x76)
 0h00:03.096 2021/06/02T03:43:39z: 10:52:1c:4c:86:4
 0h00:03.098 2021/06/02T03:43:39z: SSID: Apollonia Students Halls
 0h00:03.103 2021/06/02T03:43:39z: AP_STAR tmr
 ets Jan  8 2013,rst cause:1, boot mode:(3,7)

load 0x4010f000, len 1384, room 16 
tail 8
chksum 0x2d
csum 0x2d
v8b899c12
~ld


6.01
 0h00:03.065 2021/06/02T04:03:35z: DS3231
 0h00:03.081 2021/06/02T04:03:35z: BME280 (0x76)
 0h00:03.095 2021/06/02T04:03:35z: 10:52:1c:4c:86:4
 0h00:03.097 2021/06/02T04:03:35z: SSID: Apollonia Students Halls
 0h00:03.102 2021/06/02T04:03:35z: AP_STAR tmr
 ets Jan  8 2013,rst cause:1, boot mode:(3,7)

load 0x4010f000, len 1384, room 16 
tail 8
chksum 0x2d
csum 0x2d
v8b899c12
~ld


6.01
 0h00:03.080 2021/06/02T04:23:32z: DS3231
 0h00:03.096 2021/06/02T04:23:32z: BME280 (0x76)
 0h00:03.110 2021/06/02T04:23:32z: 10:52:1c:4c:86:4
 0h00:03.111 2021/06/02T04:23:32z: SSID: Apollonia Students Halls
 0h00:03.117 2021/06/02T04:23:32z: AP_STAR tmr
 ets Jan  8 2013,rst cause:1, boot mode:(3,7)

load 0x4010f000, len 1384, room 16 
tail 8
chksum 0x2d
csum 0x2d
v8b899c12
~ld


6.01
 0h00:03.052 2021/06/02T04:43:29z: DS3231
 0h00:03.068 2021/06/02T04:43:29z: BME280 (0x76)
 0h00:03.082 2021/06/02T04:43:29z: 10:52:1c:4c:86:4
 0h00:03.084 2021/06/02T04:43:29z: SSID: Apollonia Students Halls
 0h00:03.089 2021/06/02T04:43:29z: AP_STAR tmr
 ets Jan  8 2013,rst cause:1, boot mode:(3,7)

load 0x4010f000, len 1384, room 16 
tail 8
chksum 0x2d
csum 0x2d
v8b899c12
~ld


6.01
 0h00:03.057 2021/06/02T05:03:25z: DS3231
 0h00:03.072 2021/06/02T05:03:25z: BME280 (0x76)
 0h00:03.086 2021/06/02T05:03:25z: 10:52:1c:4c:86:4
 0h00:03.088 2021/06/02T05:03:25z: SSID: Apollonia Students Halls
 0h00:03.093 2021/06/02T05:03:25z: AP_STAR tmr
 ets Jan  8 2013,rst cause:1, boot mode:(3,7)

load 0x4010f000, len 1384, room 16 
tail 8
chksum 0x2d
csum 0x2d
v8b899c12
~ld


6.01
 0h00:03.053 2021/06/02T05:23:21z: DS3231
 0h00:03.068 2021/06/02T05:23:21z: BME280 (0x76)
 0h00:03.083 2021/06/02T05:23:22z: 10:52:1c:4c:86:4
 0h00:03.084 2021/06/02T05:23:22z: SSID: Apollonia Students Halls
 0h00:03.089 2021/06/02T05:23:22z: AP_STAR tmr
 ets Jan  8 2013,rst cause:1, boot mode:(3,7)

load 0x4010f000, len 1384, room 16 
tail 8
chksum 0x2d
csum 0x2d
v8b899c12
~ld


6.01
 0h00:03.052 2021/06/02T05:43:17z: DS3231
 0h00:03.068 2021/06/02T05:43:17z: BME280 (0x76)
 0h00:03.082 2021/06/02T05:43:17z: 10:52:1c:4c:86:4
 0h00:03.084 2021/06/02T05:43:17z: SSID: Apollonia Students Halls
 0h00:03.089 2021/06/02T05:43:17z: AP_STAR tmr
 ets Jan  8 2013,rst cause:1, boot mode:(3,7)

load 0x4010f000, len 1384, room 16 
tail 8
chksum 0x2d
csum 0x2d
v8b899c12
~ld


6.01
 0h00:03.059 2021/06/02T06:03:13z: DS3231
 0h00:03.074 2021/06/02T06:03:13z: BME280 (0x76)
 0h00:03.088 2021/06/02T06:03:13z: 10:52:1c:4c:86:4
 0h00:03.090 2021/06/02T06:03:13z: SSID: Apollonia Students Halls
 0h00:03.095 2021/06/02T06:03:13z: AP_STAR tmr
 ets Jan  8 2013,rst cause:1, boot mode:(3,7)

load 0x4010f000, len 1384, room 16 
tail 8
chksum 0x2d
csum 0x2d
v8b899c12
~ld


6.01
 0h00:03.067 2021/06/02T06:23:09z: DS3231
 0h00:03.082 2021/06/02T06:23:09z: BME280 (0x76)
 0h00:03.096 2021/06/02T06:23:09z: 10:52:1c:4c:86:4
 0h00:03.098 2021/06/02T06:23:09z: SSID: Apollonia Students Halls
 0h00:03.103 2021/06/02T06:23:09z: AP_STAR tmr
 ets Jan  8 2013,rst cause:1, boot mode:(3,7)

load 0x4010f000, len 1384, room 16 
tail 8
chksum 0x2d
csum 0x2d
v8b899c12
~ld


6.01
 0h00:03.071 2021/06/02T06:43:05z: DS3231
 0h00:03.087 2021/06/02T06:43:05z: BME280 (0x76)
 0h00:03.101 2021/06/02T06:43:05z: 10:52:1c:4c:86:4
 0h00:03.103 2021/06/02T06:43:05z: SSID: Apollonia Students Halls
 0h00:03.108 2021/06/02T06:43:05z: AP_STAR tmr
 ets Jan  8 2013,rst cause:1, boot mode:(3,7)

load 0x4010f000, len 1384, room 16 
tail 8
chksum 0x2d
csum 0x2d
v8b899c12
~ld


6.01
 0h00:03.072 2021/06/02T07:03:01z: DS3231
 0h00:03.087 2021/06/02T07:03:02z: BME280 (0x76)
 0h00:03.102 2021/06/02T07:03:02z: 10:52:1c:4c:86:4
 0h00:03.103 2021/06/02T07:03:02z: SSID: Apollonia Students Halls
 0h00:03.108 2021/06/02T07:03:02z: AP_STAR tmr
 ets Jan  8 2013,rst cause:1, boot mode:(3,7)

load 0x4010f000, len 1384, room 16 
tail 8
chksum 0x2d
csum 0x2d
v8b899c12
~ld


6.01
 0h00:03.054 2021/06/02T07:22:58z: DS3231
 0h00:03.069 2021/06/02T07:22:58z: BME280 (0x76)
 0h00:03.083 2021/06/02T07:22:58z: 10:52:1c:4c:86:4
 0h00:03.085 2021/06/02T07:22:58z: SSID: Apollonia Students Halls
 0h00:03.090 2021/06/02T07:22:58z: AP_STAR tmr
 ets Jan  8 2013,rst cause:1, boot mode:(3,7)

load 0x4010f000, len 1384, room 16 
tail 8
chksum 0x2d
csum 0x2d
v8b899c12
~ld


6.01
 0h00:03.052 2021/06/02T07:42:54z: DS3231
 0h00:03.067 2021/06/02T07:42:54z: BME280 (0x76)
 0h00:03.082 2021/06/02T07:42:54z: 10:52:1c:4c:86:4
 0h00:03.083 2021/06/02T07:42:54z: SSID: Apollonia Students Halls
 0h00:03.088 2021/06/02T07:42:54z: AP_STAR tmr
 ets Jan  8 2013,rst cause:1, boot mode:(3,7)

load 0x4010f000, len 1384, room 16 
tail 8
chksum 0x2d
csum 0x2d
v8b899c12
~ld


6.01
 0h00:03.052 2021/06/02T08:02:50z: DS3231
 0h00:03.067 2021/06/02T08:02:50z: BME280 (0x76)
 0h00:03.081 2021/06/02T08:02:50z: 10:52:1c:4c:86:4
 0h00:03.083 2021/06/02T08:02:50z: SSID: Apollonia Students Halls
 0h00:03.088 2021/06/02T08:02:50z: AP_STAR tmr
 ets Jan  8 2013,rst cause:1, boot mode:(3,7)

load 0x4010f000, len 1384, room 16 
tail 8
chksum 0x2d
csum 0x2d
v8b899c12
~ld


6.01
 0h00:03.047 2021/06/02T08:22:46z: DS3231
 0h00:03.062 2021/06/02T08:22:46z: BME280 (0x76)
 0h00:03.076 2021/06/02T08:22:46z: 10:52:1c:4c:86:4
 0h00:03.078 2021/06/02T08:22:46z: SSID: Apollonia Students Halls
 0h00:03.083 2021/06/02T08:22:46z: AP_STAR tmr
 ets Jan  8 2013,rst cause:1, boot mode:(3,7)

load 0x4010f000, len 1384, room 16 
tail 8
chksum 0x2d
csum 0x2d
v8b899c12
~ld


6.01
 0h00:03.061 2021/06/02T08:42:42z: DS3231
 0h00:03.076 2021/06/02T08:42:42z: BME280 (0x76)
 0h00:03.090 2021/06/02T08:42:42z: 10:52:1c:4c:86:4
 0h00:03.092 2021/06/02T08:42:42z: SSID: Apollonia Students Halls
 0h00:03.097 2021/06/02T08:42:42z: AP_STAR tmr
 ets Jan  8 2013,rst cause:1, boot mode:(3,7)

load 0x4010f000, len 1384, room 16 
tail 8
chksum 0x2d
csum 0x2d
v8b899c12
~ld


6.01
 0h00:03.071 2021/06/02T09:02:39z: DS3231
 0h00:03.087 2021/06/02T09:02:39z: BME280 (0x76)
 0h00:03.101 2021/06/02T09:02:39z: 10:52:1c:4c:86:4
 0h00:03.103 2021/06/02T09:02:39z: SSID: Apollonia Students Halls
 0h00:03.108 2021/06/02T09:02:39z: AP_STAR tmr
 ets Jan  8 2013,rst cause:1, boot mode:(3,7)

load 0x4010f000, len 1384, room 16 
tail 8
chksum 0x2d
csum 0x2d
v8b899c12
~ld


6.01
 0h00:03.062 2021/06/02T09:22:35z: DS3231
 0h00:03.077 2021/06/02T09:22:35z: BME280 (0x76)
 0h00:03.091 2021/06/02T09:22:35z: 10:52:1c:4c:86:4
 0h00:03.093 2021/06/02T09:22:35z: SSID: Apollonia Students Halls
 0h00:03.098 2021/06/02T09:22:35z: AP_STAR tmr
 ets Jan  8 2013,rst cause:1, boot mode:(3,7)

load 0x4010f000, len 1384, room 16 
tail 8
chksum 0x2d
csum 0x2d
v8b899c12
~ld


6.01
 0h00:03.073 2021/06/02T09:42:31z: DS3231
 0h00:03.088 2021/06/02T09:42:31z: BME280 (0x76)
 0h00:03.103 2021/06/02T09:42:31z: 10:52:1c:4c:86:4
 0h00:03.104 2021/06/02T09:42:31z: SSID: Apollonia Students Halls
 0h00:03.109 2021/06/02T09:42:31z: AP_STAR tmr
 ets Jan  8 2013,rst cause:1, boot mode:(3,7)

load 0x4010f000, len 1384, room 16 
tail 8
chksum 0x2d
csum 0x2d
v8b899c12
~ld


6.01
 0h00:03.058 2021/06/02T10:02:27z: DS3231
 0h00:03.073 2021/06/02T10:02:27z: BME280 (0x76)
 0h00:03.088 2021/06/02T10:02:27z: 10:52:1c:4c:86:4
 0h00:03.089 2021/06/02T10:02:27z: SSID: Apollonia Students Halls
 0h00:03.094 2021/06/02T10:02:27z: AP_STAR tmr
 ets Jan  8 2013,rst cause:1, boot mode:(3,7)

load 0x4010f000, len 1384, room 16 
tail 8
chksum 0x2d
csum 0x2d
v8b899c12
~ld


6.01
 0h00:03.067 2021/06/02T11:07:10z: DS3231
 0h00:03.082 2021/06/02T11:07:10z: BME280 (0x76)
 0h00:03.096 2021/06/02T11:07:10z: 10:52:1c:4c:86:4
 0h00:03.098 2021/06/02T11:07:10z: SSID: Apollonia Students Halls
 0h00:03.103 2021/06/02T11:07:10z: AP_STAR tmr
 ets Jan  8 2013,rst cause:1, boot mode:(3,7)

load 0x4010f000, len 1384, room 16 
tail 8
chksum 0x2d
csum 0x2d
v8b899c12
~ld


6.01
 0h00:03.085 2021/06/02T11:27:06z: DS3231
 0h00:03.100 2021/06/02T11:27:06z: BME280 (0x76)
 0h00:03.114 2021/06/02T11:27:06z: 10:52:1c:4c:86:4
 0h00:03.116 2021/06/02T11:27:06z: SSID: Apollonia Students Halls
 0h00:03.121 2021/06/02T11:27:06z: AP_STAR tmr
 ets Jan  8 2013,rst cause:1, boot mode:(3,7)

load 0x4010f000, len 1384, room 16 
tail 8
chksum 0x2d
csum 0x2d
v8b899c12
~ld


6.01
 0h00:03.047 2021/06/02T11:47:02z: DS3231
 0h00:03.062 2021/06/02T11:47:02z: BME280 (0x76)
 0h00:03.076 2021/06/02T11:47:02z: 10:52:1c:4c:86:4
 0h00:03.078 2021/06/02T11:47:02z: SSID: Apollonia Students Halls
 0h00:03.083 2021/06/02T11:47:02z: AP_STAR tmr
 ets Jan  8 2013,rst cause:1, boot mode:(3,7)

load 0x4010f000, len 1384, room 16 
tail 8
chksum 0x2d
csum 0x2d
v8b899c12
~ld


6.01
 0h00:03.055 2021/06/02T12:06:59z: DS3231
 0h00:03.070 2021/06/02T12:06:59z: BME280 (0x76)
 0h00:03.084 2021/06/02T12:06:59z: 10:52:1c:4c:86:4
 0h00:03.086 2021/06/02T12:06:59z: SSID: Apollonia Students Halls
 0h00:03.091 2021/06/02T12:06:59z: AP_STAR tmr
 ets Jan  8 2013,rst cause:1, boot mode:(3,7)

load 0x4010f000, len 1384, room 16 
tail 8
chksum 0x2d
csum 0x2d
v8b899c12
~ld


6.01
 0h00:03.054 2021/06/02T12:26:56z: DS3231
 0h00:03.069 2021/06/02T12:26:56z: BME280 (0x76)
 0h00:03.083 2021/06/02T12:26:56z: 10:52:1c:4c:86:4
 0h00:03.085 2021/06/02T12:26:56z: SSID: Apollonia Students Halls
 0h00:03.090 2021/06/02T12:26:56z: AP_STAR tmr
 ets Jan  8 2013,rst cause:1, boot mode:(3,7)

load 0x4010f000, len 1384, room 16 
tail 8
chksum 0x2d
csum 0x2d
v8b899c12
~ld


6.01
 0h00:03.056 2021/06/02T12:46:52z: DS3231
 0h00:03.072 2021/06/02T12:46:52z: BME280 (0x76)
 0h00:03.086 2021/06/02T12:46:52z: 10:52:1c:4c:86:4
 0h00:03.088 2021/06/02T12:46:52z: SSID: Apollonia Students Halls
 0h00:03.093 2021/06/02T12:46:52z: AP_STAR tmr
 ets Jan  8 2013,rst cause:1, boot mode:(3,7)

load 0x4010f000, len 1384, room 16 
tail 8
chksum 0x2d
csum 0x2d
v8b899c12
~ld


6.01
 0h00:03.052 2021/06/02T13:06:49z: DS3231
 0h00:03.068 2021/06/02T13:06:49z: BME280 (0x76)
 0h00:03.082 2021/06/02T13:06:49z: 10:52:1c:4c:86:4
 0h00:03.083 2021/06/02T13:06:49z: SSID: Apollonia Students Halls
 0h00:03.089 2021/06/02T13:06:49z: AP_STAR tmr
 ets Jan  8 2013,rst cause:1, boot mode:(3,7)

load 0x4010f000, len 1384, room 16 
tail 8
chksum 0x2d
csum 0x2d
v8b899c12
~ld


6.01
 0h00:03.067 2021/06/02T13:26:45z: DS3231
 0h00:03.083 2021/06/02T13:26:45z: BME280 (0x76)
 0h00:03.097 2021/06/02T13:26:45z: 10:52:1c:4c:86:4
 0h00:03.099 2021/06/02T13:26:45z: SSID: Apollonia Students Halls
 0h00:03.104 2021/06/02T13:26:45z: AP_STAR tmr
 ets Jan  8 2013,rst cause:1, boot mode:(3,7)

load 0x4010f000, len 1384, room 16 
tail 8
chksum 0x2d
csum 0x2d
v8b899c12
~ld


6.01
 0h00:03.075 2021/06/02T13:46:40z: DS3231
 0h00:03.091 2021/06/02T13:46:40z: BME280 (0x76)
 0h00:03.105 2021/06/02T13:46:40z: 10:52:1c:4c:86:4
 0h00:03.107 2021/06/02T13:46:40z: SSID: Apollonia Students Halls
 0h00:03.112 2021/06/02T13:46:40z: AP_STAR tmr
 ets Jan  8 2013,rst cause:1, boot mode:(3,7)

load 0x4010f000, len 1384, room 16 
tail 8
chksum 0x2d
csum 0x2d
v8b899c12
~ld


6.01
 0h00:03.087 2021/06/02T14:06:36z: DS3231
 0h00:03.102 2021/06/02T14:06:36z: BME280 (0x76)
 0h00:03.116 2021/06/02T14:06:36z: 10:52:1c:4c:86:4
 0h00:03.118 2021/06/02T14:06:36z: SSID: Apollonia Students Halls
 0h00:03.123 2021/06/02T14:06:36z: AP_STAR tmr
 ets Jan  8 2013,rst cause:1, boot mode:(3,7)

load 0x4010f000, len 1384, room 16 
tail 8
chksum 0x2d
csum 0x2d
v8b899c12
~ld


6.01
 0h00:03.056 2021/06/02T14:26:32z: DS3231
 0h00:03.071 2021/06/02T14:26:32z: BME280 (0x76)
 0h00:03.085 2021/06/02T14:26:32z: 10:52:1c:4c:86:4
 0h00:03.087 2021/06/02T14:26:32z: SSID: Apollonia Students Halls
 0h00:03.092 2021/06/02T14:26:32z: AP_STAR tmr
 ets Jan  8 2013,rst cause:1, boot mode:(3,7)

load 0x4010f000, len 1384, room 16 
tail 8
chksum 0x2d
csum 0x2d
v8b899c12
~ld


6.01
 0h00:03.053 2021/06/02T14:46:28z: DS3231
 0h00:03.068 2021/06/02T14:46:28z: BME280 (0x76)
 0h00:03.082 2021/06/02T14:46:28z: 10:52:1c:4c:86:4
 0h00:03.084 2021/06/02T14:46:28z: SSID: Apollonia Students Halls
 0h00:03.089 2021/06/02T14:46:28z: AP_STAR tmr
 ets Jan  8 2013,rst cause:1, boot mode:(3,7)

load 0x4010f000, len 1384, room 16 
tail 8
chksum 0x2d
csum 0x2d
v8b899c12
~ld


6.01
 0h00:03.065 2021/06/02T15:06:24z: DS3231
 0h00:03.080 2021/06/02T15:06:24z: BME280 (0x76)
 0h00:03.094 2021/06/02T15:06:24z: 10:52:1c:4c:86:4
 0h00:03.096 2021/06/02T15:06:24z: SSID: Apollonia Students Halls
 0h00:03.101 2021/06/02T15:06:24z: AP_STAR tmr
 ets Jan  8 2013,rst cause:1, boot mode:(3,7)

load 0x4010f000, len 1384, room 16 
tail 8
chksum 0x2d
csum 0x2d
v8b899c12
~ld


6.01
 0h00:03.064 2021/06/02T15:26:20z: DS3231
 0h00:03.079 2021/06/02T15:26:20z: BME280 (0x76)
 0h00:03.093 2021/06/02T15:26:20z: 10:52:1c:4c:86:4
 0h00:03.095 2021/06/02T15:26:20z: SSID: Apollonia Students Halls
 0h00:03.100 2021/06/02T15:26:20z: AP_STAR tmr
 ets Jan  8 2013,rst cause:1, boot mode:(3,7)

load 0x4010f000, len 1384, room 16 
tail 8
chksum 0x2d
csum 0x2d
v8b899c12
~ld


6.01
 0h00:03.065 2021/06/02T15:46:16z: DS3231
 0h00:03.080 2021/06/02T15:46:16z: BME280 (0x76)
 0h00:03.094 2021/06/02T15:46:16z: 10:52:1c:4c:86:4
 0h00:03.096 2021/06/02T15:46:16z: SSID: Apollonia Students Halls
 0h00:03.101 2021/06/02T15:46:16z: AP_STAR tmr
 ets Jan  8 2013,rst cause:1, boot mode:(3,7)

load 0x4010f000, len 1384, room 16 
tail 8
chksum 0x2d
csum 0x2d
v8b899c12
~ld


6.01
 0h00:03.072 2021/06/02T16:06:13z: DS3231
 0h00:03.087 2021/06/02T16:06:13z: BME280 (0x76)
 0h00:03.101 2021/06/02T16:06:13z: 10:52:1c:4c:86:4
 0h00:03.103 2021/06/02T16:06:13z: SSID: Apollonia Students Halls
 0h00:03.108 2021/06/02T16:06:13z: AP_STAR tmr
 ets Jan  8 2013,rst cause:1, boot mode:(3,7)

load 0x4010f000, len 1384, room 16 
tail 8
chksum 0x2d
csum 0x2d
v8b899c12
~ld


6.01
 0h00:03.080 2021/06/02T16:26:09z: DS3231
 0h00:03.095 2021/06/02T16:26:09z: BME280 (0x76)
 0h00:03.109 2021/06/02T16:26:09z: 10:52:1c:4c:86:4
 0h00:03.111 2021/06/02T16:26:09z: SSID: Apollonia Students Halls
 0h00:03.116 2021/06/02T16:26:09z: AP_STAR tmr
 ets Jan  8 2013,rst cause:1, boot mode:(3,7)

load 0x4010f000, len 1384, room 16 
tail 8
chksum 0x2d
csum 0x2d
v8b899c12
~ld


6.01
 0h00:03.085 2021/06/02T16:46:06z: DS3231
 0h00:03.101 2021/06/02T16:46:06z: BME280 (0x76)
 0h00:03.115 2021/06/02T16:46:06z: 10:52:1c:4c:86:4
 0h00:03.116 2021/06/02T16:46:06z: SSID: Apollonia Students Halls
 0h00:03.122 2021/06/02T16:46:06z: AP_STAR tmr
 ets Jan  8 2013,rst cause:1, boot mode:(3,7)

load 0x4010f000, len 1384, room 16 
tail 8
chksum 0x2d
csum 0x2d
v8b899c12
~ld


6.01
 0h00:03.056 2021/06/02T17:06:02z: DS3231
 0h00:03.071 2021/06/02T17:06:02z: BME280 (0x76)
 0h00:03.086 2021/06/02T17:06:02z: 10:52:1c:4c:86:4
 0h00:03.087 2021/06/02T17:06:02z: SSID: Apollonia Students Halls
 0h00:03.092 2021/06/02T17:06:02z: AP_STAR tmr
 ets Jan  8 2013,rst cause:1, boot mode:(3,7)

load 0x4010f000, len 1384, room 16 
tail 8
chksum 0x2d
csum 0x2d
v8b899c12
~ld


6.01
 0h00:03.061 2021/06/02T17:25:59z: DS3231
 0h00:03.077 2021/06/02T17:25:59z: BME280 (0x76)
 0h00:03.091 2021/06/02T17:25:59z: 10:52:1c:4c:86:4
 0h00:03.093 2021/06/02T17:25:59z: SSID: Apollonia Students Halls
 0h00:03.098 2021/06/02T17:25:59z: AP_STAR tmr
 ets Jan  8 2013,rst cause:1, boot mode:(3,7)

load 0x4010f000, len 1384, room 16 
tail 8
chksum 0x2d
csum 0x2d
v8b899c12
~ld


6.01
 0h00:03.060 2021/06/02T17:45:55z: DS3231
 0h00:03.076 2021/06/02T17:45:55z: BME280 (0x76)
 0h00:03.090 2021/06/02T17:45:55z: 10:52:1c:4c:86:4
 0h00:03.092 2021/06/02T17:45:55z: SSID: Apollonia Students Halls
 0h00:03.097 2021/06/02T17:45:55z: AP_STAR tmr
 ets Jan  8 2013,rst cause:1, boot mode:(3,7)

load 0x4010f000, len 1384, room 16 
tail 8
chksum 0x2d
csum 0x2d
v8b899c12
~ld


6.01
 0h00:03.064 2021/06/02T18:05:51z: DS3231
 0h00:03.079 2021/06/02T18:05:51z: BME280 (0x76)
 0h00:03.093 2021/06/02T18:05:51z: 10:52:1c:4c:86:4
 0h00:03.095 2021/06/02T18:05:51z: SSID: Apollonia Students Halls
 0h00:03.100 2021/06/02T18:05:51z: AP_STAR tmr
 ets Jan  8 2013,rst cause:1, boot mode:(3,7)

load 0x4010f000, len 1384, room 16 
tail 8
chksum 0x2d
csum 0x2d
v8b899c12
~ld


6.01
 0h00:03.060 2021/06/02T18:25:48z: DS3231
 0h00:03.075 2021/06/02T18:25:48z: BME280 (0x76)
 0h00:03.089 2021/06/02T18:25:48z: 10:52:1c:4c:86:4
 0h00:03.091 2021/06/02T18:25:48z: SSID: Apollonia Students Halls
 0h00:03.096 2021/06/02T18:25:48z: AP_STAR tmr
 ets Jan  8 2013,rst cause:1, boot mode:(3,7)

load 0x4010f000, len 1384, room 16 
tail 8
chksum 0x2d
csum 0x2d
v8b899c12
~ld


6.01
 0h00:03.072 2021/06/02T18:45:44z: DS3231
 0h00:03.088 2021/06/02T18:45:44z: BME280 (0x76)
 0h00:03.102 2021/06/02T18:45:44z: 10:52:1c:4c:86:4
 0h00:03.104 2021/06/02T18:45:44z: SSID: Apollonia Students Halls
 0h00:03.109 2021/06/02T18:45:44z: AP_STAR tmr
 ets Jan  8 2013,rst cause:1, boot mode:(3,7)

load 0x4010f000, len 1384, room 16 
tail 8
chksum 0x2d
csum 0x2d
v8b899c12
~ld


6.01
 0h00:03.071 2021/06/02T19:05:40z: DS3231
 0h00:03.086 2021/06/02T19:05:40z: BME280 (0x76)
 0h00:03.101 2021/06/02T19:05:40z: 10:52:1c:4c:86:4
 0h00:03.102 2021/06/02T19:05:40z: SSID: Apollonia Students Halls
 0h00:03.108 2021/06/02T19:05:40z: AP_STAR tmr
 ets Jan  8 2013,rst cause:1, boot mode:(3,7)

load 0x4010f000, len 1384, room 16 
tail 8
chksum 0x2d
csum 0x2d
v8b899c12
~ld


6.01
 0h00:03.077 2021/06/02T19:25:36z: DS3231
 0h00:03.092 2021/06/02T19:25:37z: BME280 (0x76)
 0h00:03.107 2021/06/02T19:25:37z: 10:52:1c:4c:86:4
 0h00:03.108 2021/06/02T19:25:37z: SSID: Apollonia Students Halls
 0h00:03.113 2021/06/02T19:25:37z: AP_STAR tmr
 ets Jan  8 2013,rst cause:1, boot mode:(3,7)

load 0x4010f000, len 1384, room 16 
tail 8
chksum 0x2d
csum 0x2d
v8b899c12
~ld


6.01
 0h00:03.063 2021/06/02T19:45:33z: DS3231
 0h00:03.078 2021/06/02T19:45:33z: BME280 (0x76)
 0h00:03.092 2021/06/02T19:45:33z: 10:52:1c:4c:86:4
 0h00:03.094 2021/06/02T19:45:33z: SSID: Apollonia Students Halls
 0h00:03.099 2021/06/02T19:45:33z: AP_STAR tmr
 ets Jan  8 2013,rst cause:1, boot mode:(3,7)

load 0x4010f000, len 1384, room 16 
tail 8
chksum 0x2d
csum 0x2d
v8b899c12
~ld


6.01
 0h00:03.057 2021/06/02T20:05:29z: DS3231
 0h00:03.073 2021/06/02T20:05:30z: BME280 (0x76)
 0h00:03.087 2021/06/02T20:05:30z: 10:52:1c:4c:86:4
 0h00:03.089 2021/06/02T20:05:30z: SSID: Apollonia Students Halls
 0h00:03.094 2021/06/02T20:05:30z: AP_STAR tmr
 ets Jan  8 2013,rst cause:1, boot mode:(3,7)

load 0x4010f000, len 1384, room 16 
tail 8
chksum 0x2d
csum 0x2d
v8b899c12
~ld


6.01
 0h00:03.059 2021/06/02T20:25:26z: DS3231
 0h00:03.075 2021/06/02T20:25:26z: BME280 (0x76)
 0h00:03.089 2021/06/02T20:25:26z: 10:52:1c:4c:86:4
 0h00:03.091 2021/06/02T20:25:26z: SSID: Apollonia Students Halls
 0h00:03.096 2021/06/02T20:25:26z: AP_STAR tmr
 ets Jan  8 2013,rst cause:1, boot mode:(3,7)

load 0x4010f000, len 1384, room 16 
tail 8
chksum 0x2d
csum 0x2d
v8b899c12
~ld


6.01
 0h00:03.054 2021/06/02T20:45:22z: DS3231
 0h00:03.070 2021/06/02T20:45:22z: BME280 (0x76)
 0h00:03.084 2021/06/02T20:45:22z: 10:52:1c:4c:86:4
 0h00:03.086 2021/06/02T20:45:22z: SSID: Apollonia Students Halls
 0h00:03.091 2021/06/02T20:45:22z: AP_STAR tmr
 ets Jan  8 2013,rst cause:1, boot mode:(3,7)

load 0x4010f000, len 1384, room 16 
tail 8
chksum 0x2d
csum 0x2d
v8b899c12
~ld


6.01
 0h00:03.056 2021/06/02T21:05:19z: DS3231
 0h00:03.072 2021/06/02T21:05:19z: BME280 (0x76)
 0h00:03.086 2021/06/02T21:05:19z: 10:52:1c:4c:86:4
 0h00:03.087 2021/06/02T21:05:19z: SSID: Apollonia Students Halls
 0h00:03.093 2021/06/02T21:05:19z: AP_STAR tmr
 ets Jan  8 2013,rst cause:1, boot mode:(3,7)

load 0x4010f000, len 1384, room 16 
tail 8
chksum 0x2d
csum 0x2d
v8b899c12
~ld


6.01
 0h00:03.072 2021/06/02T21:25:15z: DS3231
 0h00:03.088 2021/06/02T21:25:15z: BME280 (0x76)
 0h00:03.102 2021/06/02T21:25:15z: 10:52:1c:4c:86:4
 0h00:03.104 2021/06/02T21:25:15z: SSID: Apollonia Students Halls
 0h00:03.109 2021/06/02T21:25:15z: AP_STAR tmr
 ets Jan  8 2013,rst cause:1, boot mode:(3,7)

load 0x4010f000, len 1384, room 16 
tail 8
chksum 0x2d
csum 0x2d
v8b899c12
~ld


6.01
 0h00:03.070 2021/06/02T21:45:11z: DS3231
 0h00:03.085 2021/06/02T21:45:11z: BME280 (0x76)
 0h00:03.099 2021/06/02T21:45:11z: 10:52:1c:4c:86:4
 0h00:03.101 2021/06/02T21:45:11z: SSID: Apollonia Students Halls
 0h00:03.106 2021/06/02T21:45:11z: AP_STAR tmr
 ets Jan  8 2013,rst cause:1, boot mode:(3,7)

load 0x4010f000, len 1384, room 16 
tail 8
chksum 0x2d
csum 0x2d
v8b899c12
~ld


6.01
 0h00:03.075 2021/06/02T22:05:07z: DS3231
 0h00:03.090 2021/06/02T22:05:07z: BME280 (0x76)
 0h00:03.104 2021/06/02T22:05:07z: 10:52:1c:4c:86:4
 0h00:03.106 2021/06/02T22:05:07z: SSID: Apollonia Students Halls
 0h00:03.111 2021/06/02T22:05:07z: AP_STAR tmr
 ets Jan  8 2013,rst cause:1, boot mode:(3,7)

load 0x4010f000, len 1384, room 16 
tail 8
chksum 0x2d
csum 0x2d
v8b899c12
~ld


6.01
 0h00:03.050 2021/06/02T22:25:03z: DS3231
 0h00:03.066 2021/06/02T22:25:04z: BME280 (0x76)
 0h00:03.080 2021/06/02T22:25:04z: 10:52:1c:4c:86:4
 0h00:03.082 2021/06/02T22:25:04z: SSID: Apollonia Students Halls
 0h00:03.087 2021/06/02T22:25:04z: AP_STAR tmr
 ets Jan  8 2013,rst cause:1, boot mode:(3,7)

load 0x4010f000, len 1384, room 16 
tail 8
chksum 0x2d
csum 0x2d
v8b899c12
~ld


6.01
 0h00:03.050 2021/06/02T22:45:00z: DS3231
 0h00:03.065 2021/06/02T22:45:00z: BME280 (0x76)
 0h00:03.079 2021/06/02T22:45:00z: 10:52:1c:4c:86:4
 0h00:03.081 2021/06/02T22:45:00z: SSID: Apollonia Students Halls
 0h00:03.086 2021/06/02T22:45:00z: AP_STAR tmr
 ets Jan  8 2013,rst cause:1, boot mode:(3,7)

load 0x4010f000, len 1384, room 16 
tail 8
chksum 0x2d
csum 0x2d
v8b899c12
~ld


6.01
 0h00:03.056 2021/06/02T23:04:56z: DS3231
 0h00:03.071 2021/06/02T23:04:56z: BME280 (0x76)
 0h00:03.085 2021/06/02T23:04:56z: 10:52:1c:4c:86:4
 0h00:03.087 2021/06/02T23:04:56z: SSID: Apollonia Students Halls
 0h00:03.092 2021/06/02T23:04:56z: AP_STAR tmr
 ets Jan  8 2013,rst cause:1, boot mode:(3,7)

load 0x4010f000, len 1384, room 16 
tail 8
chksum 0x2d
csum 0x2d
v8b899c12
~ld


6.01
 0h00:03.047 2021/06/02T23:24:53z: DS3231
 0h00:03.063 2021/06/02T23:24:53z: BME280 (0x76)
 0h00:03.077 2021/06/02T23:24:53z: 10:52:1c:4c:86:4
 0h00:03.078 2021/06/02T23:24:53z: SSID: Apollonia Students Halls
 0h00:03.084 2021/06/02T23:24:53z: AP_STAR tmr
 ets Jan  8 2013,rst cause:1, boot mode:(3,7)

load 0x4010f000, len 1384, room 16 
tail 8
chksum 0x2d
csum 0x2d
v8b899c12
~ld


6.01
 0h00:03.055 2021/06/02T23:44:49z: DS3231
 0h00:03.070 2021/06/02T23:44:49z: BME280 (0x76)
 0h00:03.085 2021/06/02T23:44:49z: 10:52:1c:4c:86:4
 0h00:03.086 2021/06/02T23:44:49z: SSID: Apollonia Students Halls
 0h00:03.092 2021/06/02T23:44:49z: AP_STA