R tmr
 ets Jan  8 2013,rst cause:1, boot mode:(3,7)

load 0x4010f000, len 1384, room 16 
tail 8
chksum 0x2d
csum 0x2d
v8b899c12
~ld


6.01
 0h00:03.050 2021/06/30T00:06:23z: DS3231
 0h00:03.065 2021/06/30T00:06:23z: BME280 (0x76)
 0h00:03.079 2021/06/30T00:06:23z: 10:52:1c:4d:aa:9c
 0h00:03.081 2021/06/30T00:06:23z: SSID: Apollonia Students Halls
 0h00:03.086 2021/06/30T00:06:23z: AP_STAR tmr
 ets Jan  8 2013,rst cause:1, boot mode:(3,7)

load 0x4010f000, len 1384, room 16 
tail 8
chksum 0x2d
csum 0x2d
v8b899c12
~ld


6.01
 0h00:03.057 2021/06/30T00:26:18z: DS3231
 0h00:03.072 2021/06/30T00:26:18z: BME280 (0x76)
 0h00:03.086 2021/06/30T00:26:18z: 10:52:1c:4d:aa:9c
 0h00:03.088 2021/06/30T00:26:18z: SSID: Apollonia Students Halls
 0h00:03.093 2021/06/30T00:26:19z: AP_STAR tmr
 ets Jan  8 2013,rst cause:1, boot mode:(3,7)

load 0x4010f000, len 1384, room 16 
tail 8
chksum 0x2d
csum 0x2d
v8b899c12
~ld


6.01
 0h00:03.068 2021/06/30T00:46:15z: DS3231
 0h00:03.083 2021/06/30T00:46:15z: BME280 (0x76)
 0h00:03.097 2021/06/30T00:46:15z: 10:52:1c:4d:aa:9c
 0h00:03.099 2021/06/30T00:46:15z: SSID: Apollonia Students Halls
 0h00:03.104 2021/06/30T00:46:15z: AP_STAR tmr
 ets Jan  8 2013,rst cause:1, boot mode:(3,7)

load 0x4010f000, len 1384, room 16 
tail 8
chksum 0x2d
csum 0x2d
v8b899c12
~ld


6.01
 0h00:03.038 2021/06/30T01:06:11z: DS3231
 0h00:03.053 2021/06/30T01:06:11z: BME280 (0x76)
 0h00:03.067 2021/06/30T01:06:11z: 10:52:1c:4d:aa:9c
 0h00:03.069 2021/06/30T01:06:11z: SSID: Apollonia Students Halls
 0h00:03.074 2021/06/30T01:06:11z: AP_STAR tmr
 ets Jan  8 2013,rst cause:1, boot mode:(3,7)

load 0x4010f000, len 1384, room 16 
tail 8
chksum 0x2d
csum 0x2d
v8b899c12
~ld


6.01
 0h00:03.041 2021/06/30T01:26:07z: DS3231
 0h00:03.057 2021/06/30T01:26:07z: BME280 (0x76)
 0h00:03.071 2021/06/30T01:26:07z: 10:52:1c:4d:aa:9c
 0h00:03.073 2021/06/30T01:26:07z: SSID: Apollonia Students Halls
 0h00:03.078 2021/06/30T01:26:07z: AP_STAR tmr
 ets Jan  8 2013,rst cause:1, boot mode:(3,7)

load 0x4010f000, len 1384, room 16 
tail 8
chksum 0x2d
csum 0x2d
v8b899c12
~ld


6.01
 0h00:03.036 2021/06/30T01:46:04z: DS3231
 0h00:03.051 2021/06/30T01:46:04z: BME280 (0x76)
 0h00:03.065 2021/06/30T01:46:04z: 10:52:1c:4d:aa:9c
 0h00:03.067 2021/06/30T01:46:04z: SSID: Apollonia Students Halls
 0h00:03.072 2021/06/30T01:46:04z: AP_STAR tmr
 ets Jan  8 2013,rst cause:1, boot mode:(3,7)

load 0x4010f000, len 1384, room 16 
tail 8
chksum 0x2d
csum 0x2d
v8b899c12
~ld


6.01
 0h00:03.041 2021/06/30T02:05:59z: DS3231
 0h00:03.057 2021/06/30T02:05:59z: BME280 (0x76)
 0h00:03.071 2021/06/30T02:06:00z: 10:52:1c:4d:aa:9c
 0h00:03.073 2021/06/30T02:06:00z: SSID: Apollonia Students Halls
 0h00:03.078 2021/06/30T02:06:00z: AP_STAR tmr
 ets Jan  8 2013,rst cause:1, boot mode:(3,7)

load 0x4010f000, len 1384, room 16 
tail 8
chksum 0x2d
csum 0x2d
v8b899c12
~ld


6.01
 0h00:03.044 2021/06/30T02:25:56z: DS3231
 0h00:03.059 2021/06/30T02:25:56z: BME280 (0x76)
 0h00:03.073 2021/06/30T02:25:56z: 10:52:1c:4d:aa:9c
 0h00:03.075 2021/06/30T02:25:56z: SSID: Apollonia Students Halls
 0h00:03.080 2021/06/30T02:25:56z: AP_STAR tmr
 ets Jan  8 2013,rst cause:1, boot mode:(3,7)

load 0x4010f000, len 1384, room 16 
tail 8
chksum 0x2d
csum 0x2d
v8b899c12
~ld


6.01
 0h00:03.051 2021/06/30T02:45:52z: DS3231
 0h00:03.067 2021/06/30T02:45:52z: BME280 (0x76)
 0h00:03.081 2021/06/30T02:45:52z: 10:52:1c:4d:aa:9c
 0h00:03.083 2021/06/30T02:45:52z: SSID: Apollonia Students Halls
 0h00:03.088 2021/06/30T02:45:52z: AP_STAR tmr
 ets Jan  8 2013,rst cause:1, boot mode:(3,7)

load 0x4010f000, len 1384, room 16 
tail 8
chksum 0x2d
csum 0x2d
v8b899c12
~ld


6.01
 0h00:03.057 2021/06/30T03:05:48z: DS3231
 0h00:03.072 2021/06/30T03:05:48z: BME280 (0x76)
 0h00:03.086 2021/06/30T03:05:48z: 10:52:1c:4d:aa:9c
 0h00:03.088 2021/06/30T03:05:48z: SSID: Apollonia Students Halls
 0h00:03.093 2021/06/30T03:05:48z: AP_STAR tmr
 ets Jan  8 2013,rst cause:1, boot mode:(3,7)

load 0x4010f000, len 1384, room 16 
tail 8
chksum 0x2d
csum 0x2d
v8b899c12
~ld


6.01
 0h00:03.062 2021/06/30T03:25:44z: DS3231
 0h00:03.077 2021/06/30T03:25:44z: BME280 (0x76)
 0h00:03.091 2021/06/30T03:25:44z: 10:52:1c:4d:aa:9c
 0h00:03.093 2021/06/30T03:25:44z: SSID: Apollonia Students Halls
 0h00:03.098 2021/06/30T03:25:44z: AP_STAR tmr
 ets Jan  8 2013,rst cause:1, boot mode:(3,7)

load 0x4010f000, len 1384, room 16 
tail 8
chksum 0x2d
csum 0x2d
v8b899c12
~ld


6.01
 0h00:03.040 2021/06/30T03:45:40z: DS3231
 0h00:03.055 2021/06/30T03:45:40z: BME280 (0x76)
 0h00:03.069 2021/06/30T03:45:40z: 10:52:1c:4d:aa:9c
 0h00:03.071 2021/06/30T03:45:40z: SSID: Apollonia Students Halls
 0h00:03.076 2021/06/30T03:45:40z: AP_STAR tmr
 ets Jan  8 2013,rst cause:1, boot mode:(3,7)

load 0x4010f000, len 1384, room 16 
tail 8
chksum 0x2d
csum 0x2d
v8b899c12
~ld


6.01
 0h00:03.043 2021/06/30T04:05:36z: DS3231
 0h00:03.058 2021/06/30T04:05:36z: BME280 (0x76)
 0h00:03.072 2021/06/30T04:05:36z: 10:52:1c:4d:aa:9c
 0h00:03.074 2021/06/30T04:05:36z: SSID: Apollonia Students Halls
 0h00:03.079 2021/06/30T04:05:36z: AP_STAR tmr
 ets Jan  8 2013,rst cause:1, boot mode:(3,7)

load 0x4010f000, len 1384, room 16 
tail 8
chksum 0x2d
csum 0x2d
v8b899c12
~ld


6.01
 0h00:03.044 2021/06/30T04:25:33z: DS3231
 0h00:03.059 2021/06/30T04:25:33z: BME280 (0x76)
 0h00:03.073 2021/06/30T04:25:33z: 10:52:1c:4d:aa:9c
 0h00:03.075 2021/06/30T04:25:33z: SSID: Apollonia Students Halls
 0h00:03.080 2021/06/30T04:25:33z: AP_STAR tmr
 ets Jan  8 2013,rst cause:1, boot mode:(3,7)

load 0x4010f000, len 1384, room 16 
tail 8
chksum 0x2d
csum 0x2d
v8b899c12
~ld


6.01
 0h00:03.036 2021/06/30T04:45:28z: DS3231
 0h00:03.052 2021/06/30T04:45:28z: BME280 (0x76)
 0h00:03.066 2021/06/30T04:45:28z: 10:52:1c:4d:aa:9c
 0h00:03.068 2021/06/30T04:45:28z: SSID: Apollonia Students Halls
 0h00:03.073 2021/06/30T04:45:28z: AP_STAR tmr
 ets Jan  8 2013,rst cause:1, boot mode:(3,7)

load 0x4010f000, len 1384, room 16 
tail 8
chksum 0x2d
csum 0x2d
v8b899c12
~ld


6.01
 0h00:03.043 2021/06/30T05:05:25z: DS3231
 0h00:03.058 2021/06/30T05:05:25z: BME280 (0x76)
 0h00:03.072 2021/06/30T05:05:25z: 10:52:1c:4d:aa:9c
 0h00:03.074 2021/06/30T05:05:25z: SSID: Apollonia Students Halls
 0h00:03.079 2021/06/30T05:05:25z: AP_STAR tmr
 ets Jan  8 2013,rst cause:1, boot mode:(3,7)

load 0x4010f000, len 1384, room 16 
tail 8
chksum 0x2d
csum 0x2d
v8b899c12
~ld


6.01
 0h00:03.049 2021/06/30T05:25:21z: DS3231
 0h00:03.064 2021/06/30T05:25:21z: BME280 (0x76)
 0h00:03.078 2021/06/30T05:25:21z: 10:52:1c:4d:aa:9c
 0h00:03.080 2021/06/30T05:25:21z: SSID: Apollonia Students Halls
 0h00:03.085 2021/06/30T05:25:21z: AP_STAR tmr
 ets Jan  8 2013,rst cause:1, boot mode:(3,7)

load 0x4010f000, len 1384, room 16 
tail 8
chksum 0x2d
csum 0x2d
v8b899c12
~ld


6.01
 0h00:03.053 2021/06/30T05:45:17z: DS3231
 0h00:03.068 2021/06/30T05:45:17z: BME280 (0x76)
 0h00:03.082 2021/06/30T05:45:17z: 10:52:1c:4d:aa:9c
 0h00:03.084 2021/06/30T05:45:17z: SSID: Apollonia Students Halls
 0h00:03.089 2021/06/30T05:45:17z: AP_STAR tmr
 ets Jan  8 2013,rst cause:1, boot mode:(3,7)

load 0x4010f000, len 1384, room 16 
tail 8
chksum 0x2d
csum 0x2d
v8b899c12
~ld


6.01
 0h00:03.058 2021/06/30T06:05:13z: DS3231
 0h00:03.073 2021/06/30T06:05:13z: BME280 (0x76)
 0h00:03.087 2021/06/30T06:05:13z: 10:52:1c:4d:aa:9c
 0h00:03.089 2021/06/30T06:05:13z: SSID: Apollonia Students Halls
 0h00:03.094 2021/06/30T06:05:13z: AP_STAR tmr
 ets Jan  8 2013,rst cause:1, boot mode:(3,7)

load 0x4010f000, len 1384, room 16 
tail 8
chksum 0x2d
csum 0x2d
v8b899c12
~ld


6.01
 0h00:03.042 2021/06/30T06:25:10z: DS3231
 0h00:03.058 2021/06/30T06:25:10z: BME280 (0x76)
 0h00:03.072 2021/06/30T06:25:10z: 10:52:1c:4d:aa:9c
 0h00:03.074 2021/06/30T06:25:10z: SSID: Apollonia Students Halls
 0h00:03.079 2021/06/30T06:25:10z: AP_STAR tmr
 ets Jan  8 2013,rst cause:1, boot mode:(3,7)

load 0x4010f000, len 1384, room 16 
tail 8
chksum 0x2d
csum 0x2d
v8b899c12
~ld


6.01
 0h00:03.039 2021/06/30T06:45:07z: DS3231
 0h00:03.054 2021/06/30T06:45:07z: BME280 (0x76)
 0h00:03.068 2021/06/30T06:45:07z: 10:52:1c:4d:aa:9c
 0h00:03.070 2021/06/30T06:45:07z: SSID: Apollonia Students Halls
 0h00:03.075 2021/06/30T06:45:07z: AP_STAR tmr
 ets Jan  8 2013,rst cause:1, boot mode:(3,7)

load 0x4010f000, len 1384, room 16 
tail 8
chksum 0x2d
csum 0x2d
v8b899c12
~ld


6.01
 0h00:03.040 2021/06/30T07:05:02z: DS3231
 0h00:03.056 2021/06/30T07:05:02z: BME280 (0x76)
 0h00:03.070 2021/06/30T07:05:02z: 10:52:1c:4d:aa:9c
 0h00:03.072 2021/06/30T07:05:02z: SSID: Apollonia Students Halls
 0h00:03.077 2021/06/30T07:05:02z: AP_STAR tmr
 ets Jan  8 2013,rst cause:1, boot mode:(3,7)

load 0x4010f000, len 1384, room 16 
tail 8
chksum 0x2d
csum 0x2d
v8b899c12
~ld


6.01
 0h00:03.041 2021/06/30T07:24:59z: DS3231
 0h00:03.056 2021/06/30T07:24:59z: BME280 (0x76)
 0h00:03.070 2021/06/30T07:24:59z: 10:52:1c:4d:aa:9c
 0h00:03.072 2021/06/30T07:24:59z: SSID: Apollonia Students Halls
 0h00:03.077 2021/06/30T07:24:59z: AP_STAR tmr
 ets Jan  8 2013,rst cause:1, boot mode:(3,7)

load 0x4010f000, len 1384, room 16 
tail 8
chksum 0x2d
csum 0x2d
v8b899c12
~ld


6.01
 0h00:03.046 2021/06/30T07:44:55z: DS3231
 0h00:03.061 2021/06/30T07:44:55z: BME280 (0x76)
 0h00:03.075 2021/06/30T07:44:55z: 10:52:1c:4d:aa:9c
 0h00:03.077 2021/06/30T07:44:55z: SSID: Apollonia Students Halls
 0h00:03.082 2021/06/30T07:44:55z: AP_STAR tmr
 ets Jan  8 2013,rst cause:1, boot mode:(3,7)

load 0x4010f000, len 1384, room 16 
tail 8
chksum 0x2d
csum 0x2d
v8b899c12
~ld


6.01
 0h00:03.047 2021/06/30T08:04:51z: DS3231
 0h00:03.063 2021/06/30T08:04:51z: BME280 (0x76)
 0h00:03.077 2021/06/30T08:04:51z: 10:52:1c:4d:aa:9c
 0h00:03.078 2021/06/30T08:04:51z: SSID: Apollonia Students Halls
 0h00:03.084 2021/06/30T08:04:51z: AP_STAR tmr
 ets Jan  8 2013,rst cause:1, boot mode:(3,7)

load 0x4010f000, len 1384, room 16 
tail 8
chksum 0x2d
csum 0x2d
v8b899c12
~ld


6.01
 0h00:03.054 2021/06/30T08:24:48z: DS3231
 0h00:03.069 2021/06/30T08:24:48z: BME280 (0x76)
 0h00:03.083 2021/06/30T08:24:48z: 10:52:1c:4d:aa:9c
 0h00:03.085 2021/06/30T08:24:48z: SSID: Apollonia Students Halls
 0h00:03.090 2021/06/30T08:24:48z: AP_STAR tmr
 ets Jan  8 2013,rst cause:1, boot mode:(3,7)

load 0x4010f000, len 1384, room 16 
tail 8
chksum 0x2d
csum 0x2d
v8b899c12
~ld


6.01
 0h00:03.061 2021/06/30T08:44:44z: DS3231
 0h00:03.077 2021/06/30T08:44:44z: BME280 (0x76)
 0h00:03.091 2021/06/30T08:44:44z: 10:52:1c:4d:aa:9c
 0h00:03.092 2021/06/30T08:44:44z: SSID: Apollonia Students Halls
 0h00:03.098 2021/06/30T08:44:44z: AP_STAR tmr
 ets Jan  8 2013,rst cause:1, boot mode:(3,7)

load 0x4010f000, len 1384, room 16 
tail 8
chksum 0x2d
csum 0x2d
v8b899c12
~ld


6.01
 0h00:03.046 2021/06/30T09:04:40z: DS3231
 0h00:03.061 2021/06/30T09:04:40z: BME280 (0x76)
 0h00:03.076 2021/06/30T09:04:40z: 10:52:1c:4d:aa:9c
 0h00:03.077 2021/06/30T09:04:40z: SSID: Apollonia Students Halls
 0h00:03.082 2021/06/30T09:04:40z: AP_STAR tmr
 ets Jan  8 2013,rst cause:1, boot mode:(3,7)

load 0x4010f000, len 1384, room 16 
tail 8
chksum 0x2d
csum 0x2d
v8b899c12
~ld


6.01
 0h00:03.045 2021/06/30T09:24:36z: DS3231
 0h00:03.060 2021/06/30T09:24:36z: BME280 (0x76)
 0h00:03.074 2021/06/30T09:24:36z: 10:52:1c:4d:aa:9c
 0h00:03.076 2021/06/30T09:24:36z: SSID: Apollonia Students Halls
 0h00:03.081 2021/06/30T09:24:36z: AP_STAR tmr
 ets Jan  8 2013,rst cause:1, boot mode:(3,7)

load 0x4010f000, len 1384, room 16 
tail 8
chksum 0x2d
csum 0x2d
v8b899c12
~ld


6.01
 0h00:03.041 2021/06/30T09:44:33z: DS3231
 0h00:03.057 2021/06/30T09:44:33z: BME280 (0x76)
 0h00:03.071 2021/06/30T09:44:33z: 10:52:1c:4d:aa:9c
 0h00:03.073 2021/06/30T09:44:33z: SSID: Apollonia Students Halls
 0h00:03.078 2021/06/30T09:44:33z: AP_STAR tmr
 ets Jan  8 2013,rst cause:1, boot mode:(3,7)

load 0x4010f000, len 1384, room 16 
tail 8
chksum 0x2d
csum 0x2d
v8b899c12
~ld


6.01
 0h00:03.038 2021/06/30T10:04:30z: DS3231
 0h00:03.054 2021/06/30T10:04:30z: BME280 (0x76)
 0h00:03.068 2021/06/30T10:04:30z: 10:52:1c:4d:aa:9c
 0h00:03.070 2021/06/30T10:04:30z: SSID: Apollonia Students Halls
 0h00:03.075 2021/06/30T10:04:30z: AP_STAR tmr
 ets Jan  8 2013,rst cause:1, boot mode:(3,7)

load 0x4010f000, len 1384, room 16 
tail 8
chksum 0x2d
csum 0x2d
v8b899c12
~ld


6.01
 0h00:03.043 2021/06/30T10:24:26z: DS3231
 0h00:03.058 2021/06/30T10:24:26z: BME280 (0x76)
 0h00:03.072 2021/06/30T10:24:26z: 10:52:1c:4d:aa:9c
 0h00:03.074 2021/06/30T10:24:26z: SSID: Apollonia Students Halls
 0h00:03.079 2021/06/30T10:24:26z: AP_STAR tmr
 ets Jan  8 2013,rst cause:1, boot mode:(3,7)

load 0x4010f000, len 1384, room 16 
tail 8
chksum 0x2d
csum 0x2d
v8b899c12
~ld


6.01
 0h00:03.052 2021/06/30T10:44:23z: DS3231
 0h00:03.067 2021/06/30T10:44:23z: BME280 (0x76)
 0h00:03.082 2021/06/30T10:44:23z: 10:52:1c:4d:aa:9c
 0h00:03.083 2021/06/30T10:44:23z: SSID: Apollonia Students Halls
 0h00:03.088 2021/06/30T10:44:23z: AP_STA