R tmr
 ets Jan  8 2013,rst cause:1, boot mode:(3,7)

load 0x4010f000, len 1384, room 16 
tail 8
chksum 0x2d
csum 0x2d
v8b899c12
~ld


6.01
 0h00:03.042 2021/05/17T11:03:41z: DS3231
 0h00:03.057 2021/05/17T11:03:41z: BME280 (0x76)
 0h00:03.072 2021/05/17T11:03:41z: 10:52:1c:41:b0:6b
 0h00:03.073 2021/05/17T11:03:41z: SSID: Apollonia Students Halls
 0h00:03.078 2021/05/17T11:03:41z: AP_STAR tmr
 ets Jan  8 2013,rst cause:1, boot mode:(3,7)

load 0x4010f000, len 1384, room 16 
tail 8
chksum 0x2d
csum 0x2d
v8b899c12
~ld


6.01
 0h00:03.044 2021/05/17T11:23:37z: DS3231
 0h00:03.059 2021/05/17T11:23:37z: BME280 (0x76)
 0h00:03.073 2021/05/17T11:23:37z: 10:52:1c:41:b0:6b
 0h00:03.075 2021/05/17T11:23:37z: SSID: Apollonia Students Halls
 0h00:03.080 2021/05/17T11:23:37z: AP_STAR tmr
 ets Jan  8 2013,rst cause:1, boot mode:(3,7)

load 0x4010f000, len 1384, room 16 
tail 8
chksum 0x2d
csum 0x2d
v8b899c12
~ld


6.01
 0h00:03.048 2021/05/17T11:43:33z: DS3231
 0h00:03.063 2021/05/17T11:43:33z: BME280 (0x76)
 0h00:03.078 2021/05/17T11:43:33z: 10:52:1c:41:b0:6b
 0h00:03.079 2021/05/17T11:43:33z: SSID: Apollonia Students Halls
 0h00:03.084 2021/05/17T11:43:33z: AP_STAR tmr
 ets Jan  8 2013,rst cause:1, boot mode:(3,7)

load 0x4010f000, len 1384, room 16 
tail 8
chksum 0x2d
csum 0x2d
v8b899c12
~ld


6.01
 0h00:03.024 2021/05/17T12:03:29z: DS3231
 0h00:03.040 2021/05/17T12:03:29z: BME280 (0x76)
 0h00:03.054 2021/05/17T12:03:29z: 10:52:1c:41:b0:6b
 0h00:03.055 2021/05/17T12:03:29z: SSID: Apollonia Students Halls
 0h00:03.061 2021/05/17T12:03:29z: AP_STAR tmr
 ets Jan  8 2013,rst cause:1, boot mode:(3,7)

load 0x4010f000, len 1384, room 16 
tail 8
chksum 0x2d
csum 0x2d
v8b899c12
~ld


6.01
 0h00:03.045 2021/05/17T12:23:25z: DS3231
 0h00:03.060 2021/05/17T12:23:25z: BME280 (0x76)
 0h00:03.074 2021/05/17T12:23:25z: 10:52:1c:41:b0:6b
 0h00:03.076 2021/05/17T12:23:25z: SSID: Apollonia Students Halls
 0h00:03.081 2021/05/17T12:23:25z: AP_STAR tmr
 ets Jan  8 2013,rst cause:1, boot mode:(3,7)

load 0x4010f000, len 1384, room 16 
tail 8
chksum 0x2d
csum 0x2d
v8b899c12
~ld


6.01
 0h00:03.009 2021/05/17T12:43:22z: DS3231
 0h00:03.025 2021/05/17T12:43:22z: BME280 (0x76)
 0h00:03.039 2021/05/17T12:43:22z: 10:52:1c:41:b0:6b
 0h00:03.040 2021/05/17T12:43:22z: SSID: Apollonia Students Halls
 0h00:03.046 2021/05/17T12:43:22z: AP_STAR tmr
 ets Jan  8 2013,rst cause:1, boot mode:(3,7)

load 0x4010f000, len 1384, room 16 
tail 8
chksum 0x2d
csum 0x2d
v8b899c12
~ld


6.01
 0h00:03.014 2021/05/17T13:03:18z: DS3231
 0h00:03.030 2021/05/17T13:03:18z: BME280 (0x76)
 0h00:03.044 2021/05/17T13:03:18z: 10:52:1c:41:b0:6b
 0h00:03.045 2021/05/17T13:03:18z: SSID: Apollonia Students Halls
 0h00:03.051 2021/05/17T13:03:18z: AP_STAR tmr
 ets Jan  8 2013,rst cause:1, boot mode:(3,7)

load 0x4010f000, len 1384, room 16 
tail 8
chksum 0x2d
csum 0x2d
v8b899c12
~ld


6.01
 0h00:03.021 2021/05/17T13:23:14z: DS3231
 0h00:03.036 2021/05/17T13:23:14z: BME280 (0x76)
 0h00:03.051 2021/05/17T13:23:14z: 10:52:1c:41:b0:6b
 0h00:03.052 2021/05/17T13:23:14z: SSID: Apollonia Students Halls
 0h00:03.058 2021/05/17T13:23:14z: AP_STAR tmr
 ets Jan  8 2013,rst cause:1, boot mode:(3,7)

load 0x4010f000, len 1384, room 16 
tail 8
chksum 0x2d
csum 0x2d
v8b899c12
~ld


6.01
 0h00:03.021 2021/05/17T13:43:10z: DS3231
 0h00:03.036 2021/05/17T13:43:10z: BME280 (0x76)
 0h00:03.050 2021/05/17T13:43:10z: 10:52:1c:41:b0:6b
 0h00:03.052 2021/05/17T13:43:10z: SSID: Apollonia Students Halls
 0h00:03.057 2021/05/17T13:43:10z: AP_STAR tmr
 ets Jan  8 2013,rst cause:1, boot mode:(3,7)

load 0x4010f000, len 1384, room 16 
tail 8
chksum 0x2d
csum 0x2d
v8b899c12
~ld


6.01
 0h00:03.033 2021/05/17T14:03:05z: DS3231
 0h00:03.048 2021/05/17T14:03:05z: BME280 (0x76)
 0h00:03.063 2021/05/17T14:03:05z: 10:52:1c:41:b0:6b
 0h00:03.064 2021/05/17T14:03:05z: SSID: Apollonia Students Halls
 0h00:03.069 2021/05/17T14:03:05z: AP_STAR tmr
 ets Jan  8 2013,rst cause:1, boot mode:(3,7)

load 0x4010f000, len 1384, room 16 
tail 8
chksum 0x2d
csum 0x2d
v8b899c12
~ld


6.01
 0h00:03.045 2021/05/17T14:23:01z: DS3231
 0h00:03.060 2021/05/17T14:23:01z: BME280 (0x76)
 0h00:03.074 2021/05/17T14:23:01z: 10:52:1c:41:b0:6b
 0h00:03.076 2021/05/17T14:23:01z: SSID: Apollonia Students Halls
 0h00:03.081 2021/05/17T14:23:01z: AP_STAR tmr
 ets Jan  8 2013,rst cause:1, boot mode:(3,7)

load 0x4010f000, len 1384, room 16 
tail 8
chksum 0x2d
csum 0x2d
v8b899c12
~ld


6.01
 0h00:03.046 2021/05/17T14:42:57z: DS3231
 0h00:03.062 2021/05/17T14:42:57z: BME280 (0x76)
 0h00:03.076 2021/05/17T14:42:57z: 10:52:1c:41:b0:6b
 0h00:03.078 2021/05/17T14:42:57z: SSID: Apollonia Students Halls
 0h00:03.083 2021/05/17T14:42:57z: AP_STAR tmr
 ets Jan  8 2013,rst cause:1, boot mode:(3,7)

load 0x4010f000, len 1384, room 16 
tail 8
chksum 0x2d
csum 0x2d
v8b899c12
~ld


6.01
 0h00:03.057 2021/05/17T15:02:53z: DS3231
 0h00:03.073 2021/05/17T15:02:53z: BME280 (0x76)
 0h00:03.087 2021/05/17T15:02:53z: 10:52:1c:41:b0:6b
 0h00:03.088 2021/05/17T15:02:53z: SSID: Apollonia Students Halls
 0h00:03.094 2021/05/17T15:02:53z: AP_STAR tmr
 ets Jan  8 2013,rst cause:1, boot mode:(3,7)

load 0x4010f000, len 1384, room 16 
tail 8
chksum 0x2d
csum 0x2d
v8b899c12
~ld


6.01
 0h00:03.023 2021/05/17T15:22:50z: DS3231
 0h00:03.039 2021/05/17T15:22:50z: BME280 (0x76)
 0h00:03.053 2021/05/17T15:22:50z: 10:52:1c:41:b0:6b
 0h00:03.055 2021/05/17T15:22:50z: SSID: Apollonia Students Halls
 0h00:03.060 2021/05/17T15:22:50z: AP_STAR tmr
 ets Jan  8 2013,rst cause:1, boot mode:(3,7)

load 0x4010f000, len 1384, room 16 
tail 8
chksum 0x2d
csum 0x2d
v8b899c12
~ld


6.01
 0h00:03.030 2021/05/17T15:42:46z: DS3231
 0h00:03.045 2021/05/17T15:42:46z: BME280 (0x76)
 0h00:03.059 2021/05/17T15:42:46z: 10:52:1c:41:b0:6b
 0h00:03.061 2021/05/17T15:42:46z: SSID: Apollonia Students Halls
 0h00:03.066 2021/05/17T15:42:46z: AP_STAR tmr
 ets Jan  8 2013,rst cause:1, boot mode:(3,7)

load 0x4010f000, len 1384, room 16 
tail 8
chksum 0x2d
csum 0x2d
v8b899c12
~ld


6.01
 0h00:03.024 2021/05/17T16:02:42z: DS3231
 0h00:03.039 2021/05/17T16:02:42z: BME280 (0x76)
 0h00:03.054 2021/05/17T16:02:42z: 10:52:1c:41:b0:6b
 0h00:03.055 2021/05/17T16:02:42z: SSID: Apollonia Students Halls
 0h00:03.060 2021/05/17T16:02:42z: AP_STAR tmr
 ets Jan  8 2013,rst cause:1, boot mode:(3,7)

load 0x4010f000, len 1384, room 16 
tail 8
chksum 0x2d
csum 0x2d
v8b899c12
~ld


6.01
 0h00:03.028 2021/05/17T16:22:38z: DS3231
 0h00:03.043 2021/05/17T16:22:38z: BME280 (0x76)
 0h00:03.057 2021/05/17T16:22:38z: 10:52:1c:41:b0:6b
 0h00:03.059 2021/05/17T16:22:38z: SSID: Apollonia Students Halls
 0h00:03.064 2021/05/17T16:22:38z: AP_STAR tmr
 ets Jan  8 2013,rst cause:1, boot mode:(3,7)

load 0x4010f000, len 1384, room 16 
tail 8
chksum 0x2d
csum 0x2d
v8b899c12
~ld


6.01
 0h00:03.038 2021/05/17T16:42:34z: DS3231
 0h00:03.053 2021/05/17T16:42:34z: BME280 (0x76)
 0h00:03.067 2021/05/17T16:42:34z: 10:52:1c:41:b0:6b
 0h00:03.069 2021/05/17T16:42:34z: SSID: Apollonia Students Halls
 0h00:03.074 2021/05/17T16:42:34z: AP_STAR tmr
 ets Jan  8 2013,rst cause:1, boot mode:(3,7)

load 0x4010f000, len 1384, room 16 
tail 8
chksum 0x2d
csum 0x2d
v8b899c12
~ld


6.01
 0h00:03.036 2021/05/17T17:02:31z: DS3231
 0h00:03.051 2021/05/17T17:02:31z: BME280 (0x76)
 0h00:03.065 2021/05/17T17:02:31z: 10:52:1c:41:b0:6b
 0h00:03.067 2021/05/17T17:02:31z: SSID: Apollonia Students Halls
 0h00:03.072 2021/05/17T17:02:31z: AP_STAR tmr
 ets Jan  8 2013,rst cause:1, boot mode:(3,7)

load 0x4010f000, len 1384, room 16 
tail 8
chksum 0x2d
csum 0x2d
v8b899c12
~ld


6.01
 0h00:03.039 2021/05/17T17:22:27z: DS3231
 0h00:03.054 2021/05/17T17:22:27z: BME280 (0x76)
 0h00:03.068 2021/05/17T17:22:27z: 10:52:1c:41:b0:6b
 0h00:03.070 2021/05/17T17:22:27z: SSID: Apollonia Students Halls
 0h00:03.075 2021/05/17T17:22:27z: AP_STAR tmr
 ets Jan  8 2013,rst cause:1, boot mode:(3,7)

load 0x4010f000, len 1384, room 16 
tail 8
chksum 0x2d
csum 0x2d
v8b899c12
~ld


6.01
 0h00:03.061 2021/05/17T17:42:22z: DS3231
 0h00:03.076 2021/05/17T17:42:22z: BME280 (0x76)
 0h00:03.090 2021/05/17T17:42:22z: 10:52:1c:41:b0:6b
 0h00:03.092 2021/05/17T17:42:22z: SSID: Apollonia Students Halls
 0h00:03.097 2021/05/17T17:42:22z: AP_STAR tmr
 ets Jan  8 2013,rst cause:1, boot mode:(3,7)

load 0x4010f000, len 1384, room 16 
tail 8
chksum 0x2d
csum 0x2d
v8b899c12
~ld


6.01
 0h00:03.025 2021/05/17T18:02:18z: DS3231
 0h00:03.040 2021/05/17T18:02:18z: BME280 (0x76)
 0h00:03.054 2021/05/17T18:02:18z: 10:52:1c:41:b0:6b
 0h00:03.056 2021/05/17T18:02:18z: SSID: Apollonia Students Halls
 0h00:03.061 2021/05/17T18:02:18z: AP_STAR tmr
 ets Jan  8 2013,rst cause:1, boot mode:(3,7)

load 0x4010f000, len 1384, room 16 
tail 8
chksum 0x2d
csum 0x2d
v8b899c12
~ld


6.01
 0h00:03.026 2021/05/17T18:22:14z: DS3231
 0h00:03.041 2021/05/17T18:22:14z: BME280 (0x76)
 0h00:03.055 2021/05/17T18:22:14z: 10:52:1c:41:b0:6b
 0h00:03.057 2021/05/17T18:22:14z: SSID: Apollonia Students Halls
 0h00:03.062 2021/05/17T18:22:14z: AP_STAR tmr
 ets Jan  8 2013,rst cause:1, boot mode:(3,7)

load 0x4010f000, len 1384, room 16 
tail 8
chksum 0x2d
csum 0x2d
v8b899c12
~ld


6.01
 0h00:03.026 2021/05/17T18:42:10z: DS3231
 0h00:03.041 2021/05/17T18:42:10z: BME280 (0x76)
 0h00:03.055 2021/05/17T18:42:10z: 10:52:1c:41:b0:6b
 0h00:03.057 2021/05/17T18:42:10z: SSID: Apollonia Students Halls
 0h00:03.062 2021/05/17T18:42:10z: AP_STAR tmr
 ets Jan  8 2013,rst cause:1, boot mode:(3,7)

load 0x4010f000, len 1384, room 16 
tail 8
chksum 0x2d
csum 0x2d
v8b899c12
~ld


6.01
 0h00:03.017 2021/05/17T19:02:05z: DS3231
 0h00:03.032 2021/05/17T19:02:05z: BME280 (0x76)
 0h00:03.046 2021/05/17T19:02:05z: 10:52:1c:41:b0:6b
 0h00:03.048 2021/05/17T19:02:05z: SSID: Apollonia Students Halls
 0h00:03.053 2021/05/17T19:02:05z: AP_STAR tmr
 ets Jan  8 2013,rst cause:1, boot mode:(3,7)

load 0x4010f000, len 1384, room 16 
tail 8
chksum 0x2d
csum 0x2d
v8b899c12
~ld


6.01
 0h00:03.032 2021/05/17T19:22:01z: DS3231
 0h00:03.048 2021/05/17T19:22:01z: BME280 (0x76)
 0h00:03.062 2021/05/17T19:22:01z: 10:52:1c:41:b0:6b
 0h00:03.064 2021/05/17T19:22:01z: SSID: Apollonia Students Halls
 0h00:03.069 2021/05/17T19:22:01z: AP_STAR tmr
 ets Jan  8 2013,rst cause:1, boot mode:(3,7)

load 0x4010f000, len 1384, room 16 
tail 8
chksum 0x2d
csum 0x2d
v8b899c12
~ld


6.01
 0h00:03.031 2021/05/17T19:41:57z: DS3231
 0h00:03.046 2021/05/17T19:41:57z: BME280 (0x76)
 0h00:03.060 2021/05/17T19:41:57z: 10:52:1c:41:b0:6b
 0h00:03.062 2021/05/17T19:41:57z: SSID: Apollonia Students Halls
 0h00:03.067 2021/05/17T19:41:57z: AP_STAR tmr
 ets Jan  8 2013,rst cause:1, boot mode:(3,7)

load 0x4010f000, len 1384, room 16 
tail 8
chksum 0x2d
csum 0x2d
v8b899c12
~ld


6.01
 0h00:03.043 2021/05/17T20:01:53z: DS3231
 0h00:03.059 2021/05/17T20:01:53z: BME280 (0x76)
 0h00:03.073 2021/05/17T20:01:53z: 10:52:1c:41:b0:6b
 0h00:03.074 2021/05/17T20:01:53z: SSID: Apollonia Students Halls
 0h00:03.080 2021/05/17T20:01:53z: AP_STAR tmr
 ets Jan  8 2013,rst cause:1, boot mode:(3,7)

load 0x4010f000, len 1384, room 16 
tail 8
chksum 0x2d
csum 0x2d
v8b899c12
~ld


6.01
 0h00:03.056 2021/05/17T20:21:49z: DS3231
 0h00:03.072 2021/05/17T20:21:49z: BME280 (0x76)
 0h00:03.086 2021/05/17T20:21:49z: 10:52:1c:41:b0:6b
 0h00:03.087 2021/05/17T20:21:49z: SSID: Apollonia Students Halls
 0h00:03.093 2021/05/17T20:21:49z: AP_STAR tmr
 ets Jan  8 2013,rst cause:1, boot mode:(3,7)

load 0x4010f000, len 1384, room 16 
tail 8
chksum 0x2d
csum 0x2d
v8b899c12
~ld


6.01
 0h00:03.021 2021/05/17T20:41:45z: DS3231
 0h00:03.036 2021/05/17T20:41:45z: BME280 (0x76)
 0h00:03.050 2021/05/17T20:41:45z: 10:52:1c:41:b0:6b
 0h00:03.052 2021/05/17T20:41:45z: SSID: Apollonia Students Halls
 0h00:03.057 2021/05/17T20:41:45z: AP_STAR tmr
 ets Jan  8 2013,rst cause:1, boot mode:(3,7)

load 0x4010f000, len 1384, room 16 
tail 8
chksum 0x2d
csum 0x2d
v8b899c12
~ld


6.01
 0h00:03.024 2021/05/17T21:01:41z: DS3231
 0h00:03.039 2021/05/17T21:01:41z: BME280 (0x76)
 0h00:03.053 2021/05/17T21:01:41z: 10:52:1c:41:b0:6b
 0h00:03.055 2021/05/17T21:01:41z: SSID: Apollonia Students Halls
 0h00:03.060 2021/05/17T21:01:41z: AP_STAR tmr
 ets Jan  8 2013,rst cause:1, boot mode:(3,7)

load 0x4010f000, len 1384, room 16 
tail 8
chksum 0x2d
csum 0x2d
v8b899c12
~ld


6.01
 0h00:03.025 2021/05/17T21:21:37z: DS3231
 0h00:03.041 2021/05/17T21:21:37z: BME280 (0x76)
 0h00:03.055 2021/05/17T21:21:37z: 10:52:1c:41:b0:6b
 0h00:03.057 2021/05/17T21:21:37z: SSID: Apollonia Students Halls
 0h00:03.062 2021/05/17T21:21:37z: AP_STAR tmr
 ets Jan  8 2013,rst cause:1, boot mode:(3,7)

load 0x4010f000, len 1384, room 16 
tail 8
chksum 0x2d
csum 0x2d
v8b899c12
~ld


6.01
 0h00:03.026 2021/05/17T21:41:34z: DS3231
 0h00:03.041 2021/05/17T21:41:34z: BME280 (0x76)
 0h00:03.055 2021/05/17T21:41:34z: 10:52:1c:41:b0:6b
 0h00:03.057 2021/05/17T21:41:34z: SSID: Apollonia Students Halls
 0h00:03.062 2021/05/17T21:41:34z: AP_STAR tmr
 ets Jan  8 2013,rst cause:1, boot mode:(3,7)

load 0x4010f000, len 1384, room 16 
tail 8
chksum 0x2d
csum 0x2d
v8b899c12
~ld


6.01
 0h00:03.019 2021/05/17T22:01:30z: DS3231
 0h00:03.034 2021/05/17T22:01:30z: BME280 (0x76)
 0h00:03.048 2021/05/17T22:01:30z: 10:52:1c:41:b0:6b
 0h00:03.050 2021/05/17T22:01:30z: SSID: Apollonia Students Halls
 0h00:03.055 2021/05/17T22:01:30z: AP_STAR tmr
 ets Jan  8 2013,rst cause:1, boot mode:(3,7)

load 0x4010f000, len 1384, room 16 
tail 8
chksum 0x2d
csum 0x2d
v8b899c12
~ld


6.01
 0h00:03.039 2021/05/17T22:21:26z: DS3231
 0h00:03.054 2021/05/17T22:21:26z: BME280 (0x76)
 0h00:03.069 2021/05/17T22:21:26z: 10:52:1c:41:b0:6b
 0h00:03.070 2021/05/17T22:21:26z: SSID: Apollonia Students Halls
 0h00:03.075 2021/05/17T22:21:26z: AP_STAR tmr
 ets Jan  8 2013,rst cause:1, boot mode:(3,7)

load 0x4010f000, len 1384, room 16 
tail 8
chksum 0x2d
csum 0x2d
v8b899c12
~ld


6.01
 0h00:03.035 2021/05/17T22:41:21z: DS3231
 0h00:03.050 2021/05/17T22:41:21z: BME280 (0x76)
 0h00:03.064 2021/05/17T22:41:21z: 10:52:1c:41:b0:6b
 0h00:03.066 2021/05/17T22:41:21z: SSID: Apollonia Students Halls
 0h00:03.071 2021/05/17T22:41:21z: AP_STAR tmr
 ets Jan  8 2013,rst cause:1, boot mode:(3,7)

load 0x4010f000, len 1384, room 16 
tail 8
chksum 0x2d
csum 0x2d
v8b899c12
~ld


6.01
 0h00:03.044 2021/05/17T23:01:17z: DS3231
 0h00:03.060 2021/05/17T23:01:17z: BME280 (0x76)
 0h00:03.074 2021/05/17T23:01:17z: 10:52:1c:41:b0:6b
 0h00:03.076 2021/05/17T23:01:17z: SSID: Apollonia Students Halls
 0h00:03.081 2021/05/17T23:01:17z: AP_STAR tmr
 ets Jan  8 2013,rst cause:1, boot mode:(3,7)

load 0x4010f000, len 1384, room 16 
tail 8
chksum 0x2d
csum 0x2d
v8b899c12
~ld


6.01
 0h00:03.029 2021/05/17T23:21:12z: DS3231
 0h00:03.044 2021/05/17T23:21:12z: BME280 (0x76)
 0h00:03.058 2021/05/17T23:21:12z: 10:52:1c:41:b0:6b
 0h00:03.060 2021/05/17T23:21:12z: SSID: Apollonia Students Halls
 0h00:03.065 2021/05/17T23:21:12z: AP_STAR tmr
 ets Jan  8 2013,rst cause:1, boot mode:(3,7)

load 0x4010f000, len 1384, room 16 
tail 8
chksum 0x2d
csum 0x2d
v8b899c12
~ld


6.01
 0h00:03.028 2021/05/17T23:41:08z: DS3231
 0h00:03.043 2021/05/17T23:41:08z: BME280 (0x76)
 0h00:03.057 2021/05/17T23:41:08z: 10:52:1c:41:b0:6b
 0h00:03.059 2021/05/17T23:41:08z: SSID: Apollonia Students Halls
 0h00:03.064 2021/05/17T23:41:08z: AP_STA