R tmr
 ets Jan  8 2013,rst cause:1, boot mode:(3,6)

load 0x4010f000, len 1384, room 16 
tail 8
chksum 0x2d
csum 0x2d
v8b899c12
~ld


6.01
 0h00:03.032 2021/06/09T00:17:29z: DS3231
 0h00:03.048 2021/06/09T00:17:29z: BME280 (0x76)
 0h00:03.062 2021/06/09T00:17:29z: 10:52:1c:4d:aa:9c
 0h00:03.064 2021/06/09T00:17:29z: SSID: Apollonia Students Halls
 0h00:03.069 2021/06/09T00:17:29z: AP_STAR tmr
 ets Jan  8 2013,rst cause:1, boot mode:(3,6)

load 0x4010f000, len 1384, room 16 
tail 8
chksum 0x2d
csum 0x2d
v8b899c12
~ld


6.01
 0h00:03.033 2021/06/09T00:37:25z: DS3231
 0h00:03.048 2021/06/09T00:37:25z: BME280 (0x76)
 0h00:03.062 2021/06/09T00:37:25z: 10:52:1c:4d:aa:9c
 0h00:03.064 2021/06/09T00:37:25z: SSID: Apollonia Students Halls
 0h00:03.069 2021/06/09T00:37:25z: AP_STAR tmr
 ets Jan  8 2013,rst cause:1, boot mode:(3,6)

load 0x4010f000, len 1384, room 16 
tail 8
chksum 0x2d
csum 0x2d
v8b899c12
~ld


6.01
 0h00:03.030 2021/06/09T00:57:21z: DS3231
 0h00:03.045 2021/06/09T00:57:21z: BME280 (0x76)
 0h00:03.059 2021/06/09T00:57:21z: 10:52:1c:4d:aa:9c
 0h00:03.061 2021/06/09T00:57:21z: SSID: Apollonia Students Halls
 0h00:03.066 2021/06/09T00:57:21z: AP_STAR tmr
 ets Jan  8 2013,rst cause:1, boot mode:(3,6)

load 0x4010f000, len 1384, room 16 
tail 8
chksum 0x2d
csum 0x2d
v8b899c12
~ld


6.01
 0h00:03.039 2021/06/09T01:17:16z: DS3231
 0h00:03.055 2021/06/09T01:17:16z: BME280 (0x76)
 0h00:03.069 2021/06/09T01:17:16z: 10:52:1c:4d:aa:9c
 0h00:03.070 2021/06/09T01:17:16z: SSID: Apollonia Students Halls
 0h00:03.076 2021/06/09T01:17:16z: AP_STAR tmr
 ets Jan  8 2013,rst cause:1, boot mode:(3,6)

load 0x4010f000, len 1384, room 16 
tail 8
chksum 0x2d
csum 0x2d
v8b899c12
~ld


6.01
 0h00:03.033 2021/06/09T01:37:13z: DS3231
 0h00:03.048 2021/06/09T01:37:13z: BME280 (0x76)
 0h00:03.062 2021/06/09T01:37:13z: 10:52:1c:4d:aa:9c
 0h00:03.064 2021/06/09T01:37:13z: SSID: Apollonia Students Halls
 0h00:03.069 2021/06/09T01:37:13z: AP_STAR tmr
 ets Jan  8 2013,rst cause:1, boot mode:(3,6)

load 0x4010f000, len 1384, room 16 
tail 8
chksum 0x2d
csum 0x2d
v8b899c12
~ld


6.01
 0h00:03.050 2021/06/09T01:57:09z: DS3231
 0h00:03.066 2021/06/09T01:57:09z: BME280 (0x76)
 0h00:03.080 2021/06/09T01:57:09z: 10:52:1c:4d:aa:9c
 0h00:03.081 2021/06/09T01:57:09z: SSID: Apollonia Students Halls
 0h00:03.087 2021/06/09T01:57:09z: AP_STAR tmr
 ets Jan  8 2013,rst cause:1, boot mode:(3,6)

load 0x4010f000, len 1384, room 16 
tail 8
chksum 0x2d
csum 0x2d
v8b899c12
~ld


6.01
 0h00:03.051 2021/06/09T02:17:05z: DS3231
 0h00:03.067 2021/06/09T02:17:05z: BME280 (0x76)
 0h00:03.081 2021/06/09T02:17:05z: 10:52:1c:4d:aa:9c
 0h00:03.082 2021/06/09T02:17:05z: SSID: Apollonia Students Halls
 0h00:03.088 2021/06/09T02:17:05z: AP_STAR tmr
 ets Jan  8 2013,rst cause:1, boot mode:(3,6)

load 0x4010f000, len 1384, room 16 
tail 8
chksum 0x2d
csum 0x2d
v8b899c12
~ld


6.01
 0h00:03.057 2021/06/09T02:37:01z: DS3231
 0h00:03.073 2021/06/09T02:37:01z: BME280 (0x76)
 0h00:03.087 2021/06/09T02:37:01z: 10:52:1c:4d:aa:9c
 0h00:03.088 2021/06/09T02:37:01z: SSID: Apollonia Students Halls
 0h00:03.094 2021/06/09T02:37:01z: AP_STAR tmr
 ets Jan  8 2013,rst cause:1, boot mode:(3,6)

load 0x4010f000, len 1384, room 16 
tail 8
chksum 0x2d
csum 0x2d
v8b899c12
~ld


6.01
 0h00:03.037 2021/06/09T02:56:57z: DS3231
 0h00:03.052 2021/06/09T02:56:57z: BME280 (0x76)
 0h00:03.066 2021/06/09T02:56:57z: 10:52:1c:4d:aa:9c
 0h00:03.068 2021/06/09T02:56:57z: SSID: Apollonia Students Halls
 0h00:03.073 2021/06/09T02:56:57z: AP_STAR tmr
 ets Jan  8 2013,rst cause:1, boot mode:(3,6)

load 0x4010f000, len 1384, room 16 
tail 8
chksum 0x2d
csum 0x2d
v8b899c12
~ld


6.01
 0h00:03.038 2021/06/09T03:16:54z: DS3231
 0h00:03.053 2021/06/09T03:16:54z: BME280 (0x76)
 0h00:03.067 2021/06/09T03:16:54z: 10:52:1c:4d:aa:9c
 0h00:03.069 2021/06/09T03:16:54z: SSID: Apollonia Students Halls
 0h00:03.074 2021/06/09T03:16:54z: AP_STAR tmr
 ets Jan  8 2013,rst cause:1, boot mode:(3,6)

load 0x4010f000, len 1384, room 16 
tail 8
chksum 0x2d
csum 0x2d
v8b899c12
~ld


6.01
 0h00:03.038 2021/06/09T03:36:50z: DS3231
 0h00:03.053 2021/06/09T03:36:50z: BME280 (0x76)
 0h00:03.067 2021/06/09T03:36:50z: 10:52:1c:4d:aa:9c
 0h00:03.069 2021/06/09T03:36:50z: SSID: Apollonia Students Halls
 0h00:03.074 2021/06/09T03:36:50z: AP_STAR tmr
 ets Jan  8 2013,rst cause:1, boot mode:(3,6)

load 0x4010f000, len 1384, room 16 
tail 8
chksum 0x2d
csum 0x2d
v8b899c12
~ld


6.01
 0h00:03.038 2021/06/09T03:56:47z: DS3231
 0h00:03.053 2021/06/09T03:56:47z: BME280 (0x76)
 0h00:03.067 2021/06/09T03:56:47z: 10:52:1c:4d:aa:9c
 0h00:03.069 2021/06/09T03:56:47z: SSID: Apollonia Students Halls
 0h00:03.074 2021/06/09T03:56:47z: AP_STAR tmr
 ets Jan  8 2013,rst cause:1, boot mode:(3,6)

load 0x4010f000, len 1384, room 16 
tail 8
chksum 0x2d
csum 0x2d
v8b899c12
~ld


6.01
 0h00:03.034 2021/06/09T04:16:43z: DS3231
 0h00:03.049 2021/06/09T04:16:43z: BME280 (0x76)
 0h00:03.063 2021/06/09T04:16:43z: 10:52:1c:4d:aa:9c
 0h00:03.065 2021/06/09T04:16:43z: SSID: Apollonia Students Halls
 0h00:03.070 2021/06/09T04:16:43z: AP_STAR tmr
 ets Jan  8 2013,rst cause:1, boot mode:(3,6)

load 0x4010f000, len 1384, room 16 
tail 8
chksum 0x2d
csum 0x2d
v8b899c12
~ld


6.01
 0h00:03.045 2021/06/09T04:36:40z: DS3231
 0h00:03.060 2021/06/09T04:36:40z: BME280 (0x76)
 0h00:03.075 2021/06/09T04:36:40z: 10:52:1c:4d:aa:9c
 0h00:03.076 2021/06/09T04:36:40z: SSID: Apollonia Students Halls
 0h00:03.081 2021/06/09T04:36:40z: AP_STAR tmr
 ets Jan  8 2013,rst cause:1, boot mode:(3,6)

load 0x4010f000, len 1384, room 16 
tail 8
chksum 0x2d
csum 0x2d
v8b899c12
~ld


6.01
 0h00:03.052 2021/06/09T04:56:36z: DS3231
 0h00:03.068 2021/06/09T04:56:36z: BME280 (0x76)
 0h00:03.082 2021/06/09T04:56:36z: 10:52:1c:4d:aa:9c
 0h00:03.084 2021/06/09T04:56:36z: SSID: Apollonia Students Halls
 0h00:03.089 2021/06/09T04:56:36z: AP_STAR tmr
 ets Jan  8 2013,rst cause:1, boot mode:(3,6)

load 0x4010f000, len 1384, room 16 
tail 8
chksum 0x2d
csum 0x2d
v8b899c12
~ld


6.01
 0h00:03.060 2021/06/09T05:16:32z: DS3231
 0h00:03.076 2021/06/09T05:16:32z: BME280 (0x76)
 0h00:03.090 2021/06/09T05:16:32z: 10:52:1c:4d:aa:9c
 0h00:03.091 2021/06/09T05:16:32z: SSID: Apollonia Students Halls
 0h00:03.097 2021/06/09T05:16:32z: AP_STAR tmr
 ets Jan  8 2013,rst cause:1, boot mode:(3,6)

load 0x4010f000, len 1384, room 16 
tail 8
chksum 0x2d
csum 0x2d
v8b899c12
~ld


6.01
 0h00:03.034 2021/06/09T05:36:28z: DS3231
 0h00:03.049 2021/06/09T05:36:28z: BME280 (0x76)
 0h00:03.063 2021/06/09T05:36:28z: 10:52:1c:4d:aa:9c
 0h00:03.065 2021/06/09T05:36:28z: SSID: Apollonia Students Halls
 0h00:03.070 2021/06/09T05:36:28z: AP_STAR tmr
 ets Jan  8 2013,rst cause:1, boot mode:(3,6)

load 0x4010f000, len 1384, room 16 
tail 8
chksum 0x2d
csum 0x2d
v8b899c12
~ld


6.01
 0h00:03.033 2021/06/09T05:56:24z: DS3231
 0h00:03.049 2021/06/09T05:56:24z: BME280 (0x76)
 0h00:03.063 2021/06/09T05:56:24z: 10:52:1c:4d:aa:9c
 0h00:03.065 2021/06/09T05:56:24z: SSID: Apollonia Students Halls
 0h00:03.070 2021/06/09T05:56:24z: AP_STAR tmr
 ets Jan  8 2013,rst cause:1, boot mode:(3,6)

load 0x4010f000, len 1384, room 16 
tail 8
chksum 0x2d
csum 0x2d
v8b899c12
~ld


6.01
 0h00:03.038 2021/06/09T06:16:21z: DS3231
 0h00:03.053 2021/06/09T06:16:21z: BME280 (0x76)
 0h00:03.067 2021/06/09T06:16:21z: 10:52:1c:4d:aa:9c
 0h00:03.069 2021/06/09T06:16:21z: SSID: Apollonia Students Halls
 0h00:03.074 2021/06/09T06:16:21z: AP_STAR tmr
 ets Jan  8 2013,rst cause:1, boot mode:(3,6)

load 0x4010f000, len 1384, room 16 
tail 8
chksum 0x2d
csum 0x2d
v8b899c12
~ld


6.01
 0h00:03.035 2021/06/09T06:36:17z: DS3231
 0h00:03.050 2021/06/09T06:36:17z: BME280 (0x76)
 0h00:03.064 2021/06/09T06:36:17z: 10:52:1c:4d:aa:9c
 0h00:03.066 2021/06/09T06:36:17z: SSID: Apollonia Students Halls
 0h00:03.071 2021/06/09T06:36:17z: AP_STAR tmr
 ets Jan  8 2013,rst cause:1, boot mode:(3,6)

load 0x4010f000, len 1384, room 16 
tail 8
chksum 0x2d
csum 0x2d
v8b899c12
~ld


6.01
 0h00:03.038 2021/06/09T06:56:13z: DS3231
 0h00:03.053 2021/06/09T06:56:13z: BME280 (0x76)
 0h00:03.067 2021/06/09T06:56:13z: 10:52:1c:4d:aa:9c
 0h00:03.069 2021/06/09T06:56:13z: SSID: Apollonia Students Halls
 0h00:03.074 2021/06/09T06:56:13z: AP_STAR tmr
 ets Jan  8 2013,rst cause:1, boot mode:(3,6)

load 0x4010f000, len 1384, room 16 
tail 8
chksum 0x2d
csum 0x2d
v8b899c12
~ld


6.01
 0h00:03.055 2021/06/09T07:16:09z: DS3231
 0h00:03.070 2021/06/09T07:16:09z: BME280 (0x76)
 0h00:03.084 2021/06/09T07:16:09z: 10:52:1c:4d:aa:9c
 0h00:03.086 2021/06/09T07:16:09z: SSID: Apollonia Students Halls
 0h00:03.091 2021/06/09T07:16:09z: AP_STAR tmr
 ets Jan  8 2013,rst cause:1, boot mode:(3,6)

load 0x4010f000, len 1384, room 16 
tail 8
chksum 0x2d
csum 0x2d
v8b899c12
~ld


6.01
 0h00:03.049 2021/06/09T07:36:06z: DS3231
 0h00:03.064 2021/06/09T07:36:06z: BME280 (0x76)
 0h00:03.078 2021/06/09T07:36:06z: 10:52:1c:4d:aa:9c
 0h00:03.080 2021/06/09T07:36:06z: SSID: Apollonia Students Halls
 0h00:03.085 2021/06/09T07:36:06z: AP_STAR tmr
 ets Jan  8 2013,rst cause:1, boot mode:(3,6)

load 0x4010f000, len 1384, room 16 
tail 8
chksum 0x2d
csum 0x2d
v8b899c12
~ld


6.01
 0h00:03.057 2021/06/09T07:56:02z: DS3231
 0h00:03.072 2021/06/09T07:56:02z: BME280 (0x76)
 0h00:03.087 2021/06/09T07:56:02z: 10:52:1c:4d:aa:9c
 0h00:03.088 2021/06/09T07:56:02z: SSID: Apollonia Students Halls
 0h00:03.093 2021/06/09T07:56:02z: AP_STAR tmr
 ets Jan  8 2013,rst cause:1, boot mode:(3,6)

load 0x4010f000, len 1384, room 16 
tail 8
chksum 0x2d
csum 0x2d
v8b899c12
~ld


6.01
 0h00:03.038 2021/06/09T08:15:58z: DS3231
 0h00:03.054 2021/06/09T08:15:58z: BME280 (0x76)
 0h00:03.068 2021/06/09T08:15:58z: 10:52:1c:4d:aa:9c
 0h00:03.069 2021/06/09T08:15:58z: SSID: Apollonia Students Halls
 0h00:03.075 2021/06/09T08:15:58z: AP_STAR tmr
 ets Jan  8 2013,rst cause:1, boot mode:(3,6)

load 0x4010f000, len 1384, room 16 
tail 8
chksum 0x2d
csum 0x2d
v8b899c12
~ld


6.01
 0h00:03.033 2021/06/09T08:35:55z: DS3231
 0h00:03.048 2021/06/09T08:35:55z: BME280 (0x76)
 0h00:03.062 2021/06/09T08:35:55z: 10:52:1c:4d:aa:9c
 0h00:03.064 2021/06/09T08:35:55z: SSID: Apollonia Students Halls
 0h00:03.069 2021/06/09T08:35:55z: AP_STAR tmr
 ets Jan  8 2013,rst cause:1, boot mode:(3,6)

load 0x4010f000, len 1384, room 16 
tail 8
chksum 0x2d
csum 0x2d
v8b899c12
~ld


6.01
 0h00:03.032 2021/06/09T08:55:50z: DS3231
 0h00:03.047 2021/06/09T08:55:50z: BME280 (0x76)
 0h00:03.061 2021/06/09T08:55:50z: 10:52:1c:4d:aa:9c
 0h00:03.063 2021/06/09T08:55:50z: SSID: Apollonia Students Halls
 0h00:03.068 2021/06/09T08:55:50z: AP_STAR tmr
 ets Jan  8 2013,rst cause:1, boot mode:(3,6)

load 0x4010f000, len 1384, room 16 
tail 8
chksum 0x2d
csum 0x2d
v8b899c12
~ld


6.01
 0h00:03.038 2021/06/09T09:15:47z: DS3231
 0h00:03.053 2021/06/09T09:15:47z: BME280 (0x76)
 0h00:03.068 2021/06/09T09:15:47z: 10:52:1c:4d:aa:9c
 0h00:03.069 2021/06/09T09:15:47z: SSID: Apollonia Students Halls
 0h00:03.074 2021/06/09T09:15:47z: AP_STAR tmr
 ets Jan  8 2013,rst cause:1, boot mode:(3,6)

load 0x4010f000, len 1384, room 16 
tail 8
chksum 0x2d
csum 0x2d
v8b899c12
~ld


6.01
 0h00:03.037 2021/06/09T09:35:43z: DS3231
 0h00:03.052 2021/06/09T09:35:43z: BME280 (0x76)
 0h00:03.067 2021/06/09T09:35:43z: 10:52:1c:4d:aa:9c
 0h00:03.068 2021/06/09T09:35:43z: SSID: Apollonia Students Halls
 0h00:03.074 2021/06/09T09:35:43z: AP_STAR tmr
 ets Jan  8 2013,rst cause:1, boot mode:(3,6)

load 0x4010f000, len 1384, room 16 
tail 8
chksum 0x2d
csum 0x2d
v8b899c12
~ld


6.01
 0h00:03.050 2021/06/09T09:55:39z: DS3231
 0h00:03.065 2021/06/09T09:55:39z: BME280 (0x76)
 0h00:03.079 2021/06/09T09:55:39z: 10:52:1c:4d:aa:9c
 0h00:03.081 2021/06/09T09:55:39z: SSID: Apollonia Students Halls
 0h00:03.086 2021/06/09T09:55:39z: AP_STAR tmr
 ets Jan  8 2013,rst cause:1, boot mode:(3,6)

load 0x4010f000, len 1384, room 16 
tail 8
chksum 0x2d
csum 0x2d
v8b899c12
~ld


6.01
 0h00:03.056 2021/06/09T10:15:36z: DS3231
 0h00:03.072 2021/06/09T10:15:36z: BME280 (0x76)
 0h00:03.086 2021/06/09T10:15:36z: 10:52:1c:4d:aa:9c
 0h00:03.088 2021/06/09T10:15:36z: SSID: Apollonia Students Halls
 0h00:03.093 2021/06/09T10:15:36z: AP_STA