R tmr
 ets Jan  8 2013,rst cause:1, boot mode:(3,7)

load 0x4010f000, len 1384, room 16 
tail 8
chksum 0x2d
csum 0x2d
v8b899c12
~ld


6.01
 0h00:03.047 2021/06/28T10:35:08z: DS3231
 0h00:03.062 2021/06/28T10:35:08z: BME280 (0x76)
 0h00:03.076 2021/06/28T10:35:08z: 10:52:1c:4c:86:4
 0h00:03.078 2021/06/28T10:35:08z: SSID: Apollonia Students Halls
 0h00:03.083 2021/06/28T10:35:08z: AP_STAR tmr
 ets Jan  8 2013,rst cause:1, boot mode:(3,7)

load 0x4010f000, len 1384, room 16 
tail 8
chksum 0x2d
csum 0x2d
v8b899c12
~ld


6.01
 0h00:03.056 2021/06/28T10:55:05z: DS3231
 0h00:03.071 2021/06/28T10:55:05z: BME280 (0x76)
 0h00:03.086 2021/06/28T10:55:05z: 10:52:1c:4c:86:4
 0h00:03.087 2021/06/28T10:55:05z: SSID: Apollonia Students Halls
 0h00:03.092 2021/06/28T10:55:05z: AP_STAR tmr
 ets Jan  8 2013,rst cause:1, boot mode:(3,7)

load 0x4010f000, len 1384, room 16 
tail 8
chksum 0x2d
csum 0x2d
v8b899c12
~ld


6.01
 0h00:03.051 2021/06/28T11:15:02z: DS3231
 0h00:03.067 2021/06/28T11:15:02z: BME280 (0x76)
 0h00:03.081 2021/06/28T11:15:02z: 10:52:1c:4c:86:4
 0h00:03.083 2021/06/28T11:15:02z: SSID: Apollonia Students Halls
 0h00:03.088 2021/06/28T11:15:02z: AP_STAR tmr
 ets Jan  8 2013,rst cause:1, boot mode:(3,7)

load 0x4010f000, len 1384, room 16 
tail 8
chksum 0x2d
csum 0x2d
v8b899c12
~ld


6.01
 0h00:03.057 2021/06/28T11:34:59z: DS3231
 0h00:03.072 2021/06/28T11:34:59z: BME280 (0x76)
 0h00:03.086 2021/06/28T11:34:59z: 10:52:1c:4c:86:4
 0h00:03.088 2021/06/28T11:34:59z: SSID: Apollonia Students Halls
 0h00:03.093 2021/06/28T11:34:59z: AP_STAR tmr
 ets Jan  8 2013,rst cause:1, boot mode:(3,7)

load 0x4010f000, len 1384, room 16 
tail 8
chksum 0x2d
csum 0x2d
v8b899c12
~ld


6.01
 0h00:03.063 2021/06/28T11:54:55z: DS3231
 0h00:03.078 2021/06/28T11:54:55z: BME280 (0x76)
 0h00:03.092 2021/06/28T11:54:55z: 10:52:1c:4c:86:4
 0h00:03.094 2021/06/28T11:54:55z: SSID: Apollonia Students Halls
 0h00:03.099 2021/06/28T11:54:55z: AP_STAR tmr
 ets Jan  8 2013,rst cause:1, boot mode:(3,7)

load 0x4010f000, len 1384, room 16 
tail 8
chksum 0x2d
csum 0x2d
v8b899c12
~ld


6.01
 0h00:03.077 2021/06/28T12:14:51z: DS3231
 0h00:03.092 2021/06/28T12:14:51z: BME280 (0x76)
 0h00:03.106 2021/06/28T12:14:51z: 10:52:1c:4c:86:4
 0h00:03.108 2021/06/28T12:14:51z: SSID: Apollonia Students Halls
 0h00:03.113 2021/06/28T12:14:51z: AP_STAR tmr
 ets Jan  8 2013,rst cause:1, boot mode:(3,7)

load 0x4010f000, len 1384, room 16 
tail 8
chksum 0x2d
csum 0x2d
v8b899c12
~ld


6.01
 0h00:03.085 2021/06/28T12:34:48z: DS3231
 0h00:03.100 2021/06/28T12:34:48z: BME280 (0x76)
 0h00:03.115 2021/06/28T12:34:48z: 10:52:1c:4c:86:4
 0h00:03.116 2021/06/28T12:34:48z: SSID: Apollonia Students Halls
 0h00:03.121 2021/06/28T12:34:48z: AP_STAR tmr
 ets Jan  8 2013,rst cause:1, boot mode:(3,7)

load 0x4010f000, len 1384, room 16 
tail 8
chksum 0x2d
csum 0x2d
v8b899c12
~ld


6.01
 0h00:03.062 2021/06/28T12:54:43z: DS3231
 0h00:03.077 2021/06/28T12:54:43z: BME280 (0x76)
 0h00:03.092 2021/06/28T12:54:43z: 10:52:1c:4c:86:4
 0h00:03.093 2021/06/28T12:54:43z: SSID: Apollonia Students Halls
 0h00:03.099 2021/06/28T12:54:43z: AP_STAR tmr
 ets Jan  8 2013,rst cause:1, boot mode:(3,7)

load 0x4010f000, len 1384, room 16 
tail 8
chksum 0x2d
csum 0x2d
v8b899c12
~ld


6.01
 0h00:03.054 2021/06/28T13:14:39z: DS3231
 0h00:03.070 2021/06/28T13:14:39z: BME280 (0x76)
 0h00:03.084 2021/06/28T13:14:39z: 10:52:1c:4c:86:4
 0h00:03.085 2021/06/28T13:14:39z: SSID: Apollonia Students Halls
 0h00:03.091 2021/06/28T13:14:39z: AP_STAR tmr
 ets Jan  8 2013,rst cause:1, boot mode:(3,7)

load 0x4010f000, len 1384, room 16 
tail 8
chksum 0x2d
csum 0x2d
v8b899c12
~ld


6.01
 0h00:03.061 2021/06/28T13:34:36z: DS3231
 0h00:03.076 2021/06/28T13:34:36z: BME280 (0x76)
 0h00:03.091 2021/06/28T13:34:36z: 10:52:1c:4c:86:4
 0h00:03.092 2021/06/28T13:34:36z: SSID: Apollonia Students Halls
 0h00:03.097 2021/06/28T13:34:36z: AP_STAR tmr
 ets Jan  8 2013,rst cause:1, boot mode:(3,7)

load 0x4010f000, len 1384, room 16 
tail 8
chksum 0x2d
csum 0x2d
v8b899c12
~ld


6.01
 0h00:03.054 2021/06/28T13:54:32z: DS3231
 0h00:03.069 2021/06/28T13:54:32z: BME280 (0x76)
 0h00:03.083 2021/06/28T13:54:32z: 10:52:1c:4c:86:4
 0h00:03.085 2021/06/28T13:54:32z: SSID: Apollonia Students Halls
 0h00:03.090 2021/06/28T13:54:32z: AP_STAR tmr
 ets Jan  8 2013,rst cause:1, boot mode:(3,7)

load 0x4010f000, len 1384, room 16 
tail 8
chksum 0x2d
csum 0x2d
v8b899c12
~ld


6.01
 0h00:03.059 2021/06/28T14:14:28z: DS3231
 0h00:03.074 2021/06/28T14:14:28z: BME280 (0x76)
 0h00:03.088 2021/06/28T14:14:28z: 10:52:1c:4c:86:4
 0h00:03.090 2021/06/28T14:14:28z: SSID: Apollonia Students Halls
 0h00:03.095 2021/06/28T14:14:28z: AP_STAR tmr
 ets Jan  8 2013,rst cause:1, boot mode:(3,7)

load 0x4010f000, len 1384, room 16 
tail 8
chksum 0x2d
csum 0x2d
v8b899c12
~ld


6.01
 0h00:03.069 2021/06/28T14:34:24z: DS3231
 0h00:03.085 2021/06/28T14:34:24z: BME280 (0x76)
 0h00:03.099 2021/06/28T14:34:24z: 10:52:1c:4c:86:4
 0h00:03.101 2021/06/28T14:34:24z: SSID: Apollonia Students Halls
 0h00:03.106 2021/06/28T14:34:24z: AP_STAR tmr
 ets Jan  8 2013,rst cause:1, boot mode:(3,7)

load 0x4010f000, len 1384, room 16 
tail 8
chksum 0x2d
csum 0x2d
v8b899c12
~ld


6.01
 0h00:03.074 2021/06/28T14:54:20z: DS3231
 0h00:03.089 2021/06/28T14:54:20z: BME280 (0x76)
 0h00:03.103 2021/06/28T14:54:20z: 10:52:1c:4c:86:4
 0h00:03.105 2021/06/28T14:54:20z: SSID: Apollonia Students Halls
 0h00:03.110 2021/06/28T14:54:20z: AP_STAR tmr
 ets Jan  8 2013,rst cause:1, boot mode:(3,7)

load 0x4010f000, len 1384, room 16 
tail 8
chksum 0x2d
csum 0x2d
v8b899c12
~ld


6.01
 0h00:03.082 2021/06/28T15:14:16z: DS3231
 0h00:03.098 2021/06/28T15:14:16z: BME280 (0x76)
 0h00:03.112 2021/06/28T15:14:16z: 10:52:1c:4c:86:4
 0h00:03.113 2021/06/28T15:14:16z: SSID: Apollonia Students Halls
 0h00:03.119 2021/06/28T15:14:16z: AP_STAR tmr
 ets Jan  8 2013,rst cause:1, boot mode:(3,7)

load 0x4010f000, len 1384, room 16 
tail 8
chksum 0x2d
csum 0x2d
v8b899c12
~ld


6.01
 0h00:03.059 2021/06/28T15:34:12z: DS3231
 0h00:03.074 2021/06/28T15:34:12z: BME280 (0x76)
 0h00:03.088 2021/06/28T15:34:12z: 10:52:1c:4c:86:4
 0h00:03.090 2021/06/28T15:34:12z: SSID: Apollonia Students Halls
 0h00:03.095 2021/06/28T15:34:12z: AP_STAR tmr
 ets Jan  8 2013,rst cause:1, boot mode:(3,7)

load 0x4010f000, len 1384, room 16 
tail 8
chksum 0x2d
csum 0x2d
v8b899c12
~ld


6.01
 0h00:03.055 2021/06/28T15:54:08z: DS3231
 0h00:03.070 2021/06/28T15:54:08z: BME280 (0x76)
 0h00:03.084 2021/06/28T15:54:08z: 10:52:1c:4c:86:4
 0h00:03.086 2021/06/28T15:54:08z: SSID: Apollonia Students Halls
 0h00:03.091 2021/06/28T15:54:08z: AP_STAR tmr
 ets Jan  8 2013,rst cause:1, boot mode:(3,7)

load 0x4010f000, len 1384, room 16 
tail 8
chksum 0x2d
csum 0x2d
v8b899c12
~ld


6.01
 0h00:03.061 2021/06/28T16:14:04z: DS3231
 0h00:03.077 2021/06/28T16:14:04z: BME280 (0x76)
 0h00:03.091 2021/06/28T16:14:05z: 10:52:1c:4c:86:4
 0h00:03.093 2021/06/28T16:14:05z: SSID: Apollonia Students Halls
 0h00:03.098 2021/06/28T16:14:05z: AP_STAR tmr
 ets Jan  8 2013,rst cause:1, boot mode:(3,7)

load 0x4010f000, len 1384, room 16 
tail 8
chksum 0x2d
csum 0x2d
v8b899c12
~ld


6.01
 0h00:03.058 2021/06/28T16:34:00z: DS3231
 0h00:03.073 2021/06/28T16:34:00z: BME280 (0x76)
 0h00:03.087 2021/06/28T16:34:00z: 10:52:1c:4c:86:4
 0h00:03.089 2021/06/28T16:34:00z: SSID: Apollonia Students Halls
 0h00:03.094 2021/06/28T16:34:00z: AP_STAR tmr
 ets Jan  8 2013,rst cause:1, boot mode:(3,7)

load 0x4010f000, len 1384, room 16 
tail 8
chksum 0x2d
csum 0x2d
v8b899c12
~ld


6.01
 0h00:03.064 2021/06/28T16:53:56z: DS3231
 0h00:03.079 2021/06/28T16:53:56z: BME280 (0x76)
 0h00:03.093 2021/06/28T16:53:56z: 10:52:1c:4c:86:4
 0h00:03.095 2021/06/28T16:53:56z: SSID: Apollonia Students Halls
 0h00:03.100 2021/06/28T16:53:56z: AP_STAR tmr
 ets Jan  8 2013,rst cause:1, boot mode:(3,7)

load 0x4010f000, len 1384, room 16 
tail 8
chksum 0x2d
csum 0x2d
v8b899c12
~ld


6.01
 0h00:03.071 2021/06/28T17:13:52z: DS3231
 0h00:03.086 2021/06/28T17:13:52z: BME280 (0x76)
 0h00:03.101 2021/06/28T17:13:52z: 10:52:1c:4c:86:4
 0h00:03.102 2021/06/28T17:13:52z: SSID: Apollonia Students Halls
 0h00:03.107 2021/06/28T17:13:52z: AP_STAR tmr
 ets Jan  8 2013,rst cause:1, boot mode:(3,7)

load 0x4010f000, len 1384, room 16 
tail 8
chksum 0x2d
csum 0x2d
v8b899c12
~ld


6.01
 0h00:03.072 2021/06/28T17:33:49z: DS3231
 0h00:03.087 2021/06/28T17:33:49z: BME280 (0x76)
 0h00:03.101 2021/06/28T17:33:49z: 10:52:1c:4c:86:4
 0h00:03.103 2021/06/28T17:33:49z: SSID: Apollonia Students Halls
 0h00:03.108 2021/06/28T17:33:49z: AP_STAR tmr
 ets Jan  8 2013,rst cause:1, boot mode:(3,7)

load 0x4010f000, len 1384, room 16 
tail 8
chksum 0x2d
csum 0x2d
v8b899c12
~ld


6.01
 0h00:03.084 2021/06/28T17:53:45z: DS3231
 0h00:03.099 2021/06/28T17:53:45z: BME280 (0x76)
 0h00:03.113 2021/06/28T17:53:45z: 10:52:1c:4c:86:4
 0h00:03.115 2021/06/28T17:53:45z: SSID: Apollonia Students Halls
 0h00:03.120 2021/06/28T17:53:45z: AP_STAR tmr
 ets Jan  8 2013,rst cause:1, boot mode:(3,7)

load 0x4010f000, len 1384, room 16 
tail 8
chksum 0x2d
csum 0x2d
v8b899c12
~ld


6.01
 0h00:03.072 2021/06/28T18:13:41z: DS3231
 0h00:03.087 2021/06/28T18:13:41z: BME280 (0x76)
 0h00:03.101 2021/06/28T18:13:41z: 10:52:1c:4c:86:4
 0h00:03.103 2021/06/28T18:13:41z: SSID: Apollonia Students Halls
 0h00:03.108 2021/06/28T18:13:41z: AP_STAR tmr
 ets Jan  8 2013,rst cause:1, boot mode:(3,7)

load 0x4010f000, len 1384, room 16 
tail 8
chksum 0x2d
csum 0x2d
v8b899c12
~ld


6.01
 0h00:03.079 2021/06/28T18:33:37z: DS3231
 0h00:03.095 2021/06/28T18:33:37z: BME280 (0x76)
 0h00:03.109 2021/06/28T18:33:37z: 10:52:1c:4c:86:4
 0h00:03.110 2021/06/28T18:33:37z: SSID: Apollonia Students Halls
 0h00:03.116 2021/06/28T18:33:37z: AP_STAR tmr
 ets Jan  8 2013,rst cause:1, boot mode:(3,7)

load 0x4010f000, len 1384, room 16 
tail 8
chksum 0x2d
csum 0x2d
v8b899c12
~ld


6.01
 0h00:03.055 2021/06/28T18:53:33z: DS3231
 0h00:03.070 2021/06/28T18:53:33z: BME280 (0x76)
 0h00:03.084 2021/06/28T18:53:33z: 10:52:1c:4c:86:4
 0h00:03.086 2021/06/28T18:53:33z: SSID: Apollonia Students Halls
 0h00:03.091 2021/06/28T18:53:33z: AP_STAR tmr
 ets Jan  8 2013,rst cause:1, boot mode:(3,7)

load 0x4010f000, len 1384, room 16 
tail 8
chksum 0x2d
csum 0x2d
v8b899c12
~ld


6.01
 0h00:03.057 2021/06/28T19:13:29z: DS3231
 0h00:03.072 2021/06/28T19:13:29z: BME280 (0x76)
 0h00:03.086 2021/06/28T19:13:29z: 10:52:1c:4c:86:4
 0h00:03.088 2021/06/28T19:13:29z: SSID: Apollonia Students Halls
 0h00:03.093 2021/06/28T19:13:29z: AP_STAR tmr
 ets Jan  8 2013,rst cause:1, boot mode:(3,7)

load 0x4010f000, len 1384, room 16 
tail 8
chksum 0x2d
csum 0x2d
v8b899c12
~ld


6.01
 0h00:03.057 2021/06/28T19:33:25z: DS3231
 0h00:03.072 2021/06/28T19:33:25z: BME280 (0x76)
 0h00:03.086 2021/06/28T19:33:25z: 10:52:1c:4c:86:4
 0h00:03.088 2021/06/28T19:33:25z: SSID: Apollonia Students Halls
 0h00:03.093 2021/06/28T19:33:25z: AP_STAR tmr
 ets Jan  8 2013,rst cause:1, boot mode:(3,7)

load 0x4010f000, len 1384, room 16 
tail 8
chksum 0x2d
csum 0x2d
v8b899c12
~ld


6.01
 0h00:03.060 2021/06/28T19:53:21z: DS3231
 0h00:03.075 2021/06/28T19:53:21z: BME280 (0x76)
 0h00:03.089 2021/06/28T19:53:21z: 10:52:1c:4c:86:4
 0h00:03.091 2021/06/28T19:53:21z: SSID: Apollonia Students Halls
 0h00:03.096 2021/06/28T19:53:21z: AP_STAR tmr
 ets Jan  8 2013,rst cause:1, boot mode:(3,7)

load 0x4010f000, len 1384, room 16 
tail 8
chksum 0x2d
csum 0x2d
v8b899c12
~ld


6.01
 0h00:03.060 2021/06/28T20:13:17z: DS3231
 0h00:03.075 2021/06/28T20:13:17z: BME280 (0x76)
 0h00:03.089 2021/06/28T20:13:17z: 10:52:1c:4c:86:4
 0h00:03.091 2021/06/28T20:13:17z: SSID: Apollonia Students Halls
 0h00:03.096 2021/06/28T20:13:17z: AP_STAR tmr
 ets Jan  8 2013,rst cause:1, boot mode:(3,7)

load 0x4010f000, len 1384, room 16 
tail 8
chksum 0x2d
csum 0x2d
v8b899c12
~ld


6.01
 0h00:03.073 2021/06/28T20:33:13z: DS3231
 0h00:03.088 2021/06/28T20:33:13z: BME280 (0x76)
 0h00:03.102 2021/06/28T20:33:13z: 10:52:1c:4c:86:4
 0h00:03.104 2021/06/28T20:33:13z: SSID: Apollonia Students Halls
 0h00:03.109 2021/06/28T20:33:13z: AP_STAR tmr
 ets Jan  8 2013,rst cause:1, boot mode:(3,7)

load 0x4010f000, len 1384, room 16 
tail 8
chksum 0x2d
csum 0x2d
v8b899c12
~ld


6.01
 0h00:03.077 2021/06/28T20:53:10z: DS3231
 0h00:03.092 2021/06/28T20:53:10z: BME280 (0x76)
 0h00:03.107 2021/06/28T20:53:10z: 10:52:1c:4c:86:4
 0h00:03.108 2021/06/28T20:53:10z: SSID: Apollonia Students Halls
 0h00:03.113 2021/06/28T20:53:10z: AP_STAR tmr
 ets Jan  8 2013,rst cause:1, boot mode:(3,7)

load 0x4010f000, len 1384, room 16 
tail 8
chksum 0x2d
csum 0x2d
v8b899c12
~ld


6.01
 0h00:03.085 2021/06/28T21:13:05z: DS3231
 0h00:03.100 2021/06/28T21:13:05z: BME280 (0x76)
 0h00:03.115 2021/06/28T21:13:05z: 10:52:1c:4c:86:4
 0h00:03.116 2021/06/28T21:13:05z: SSID: Apollonia Students Halls
 0h00:03.121 2021/06/28T21:13:05z: AP_STAR tmr
 ets Jan  8 2013,rst cause:1, boot mode:(3,7)

load 0x4010f000, len 1384, room 16 
tail 8
chksum 0x2d
csum 0x2d
v8b899c12
~ld


6.01
 0h00:03.062 2021/06/28T21:33:01z: DS3231
 0h00:03.077 2021/06/28T21:33:01z: BME280 (0x76)
 0h00:03.092 2021/06/28T21:33:01z: 10:52:1c:4c:86:4
 0h00:03.093 2021/06/28T21:33:01z: SSID: Apollonia Students Halls
 0h00:03.098 2021/06/28T21:33:01z: AP_STAR tmr
 ets Jan  8 2013,rst cause:1, boot mode:(3,7)

load 0x4010f000, len 1384, room 16 
tail 8
chksum 0x2d
csum 0x2d
v8b899c12
~ld


6.01
 0h00:03.056 2021/06/28T21:52:57z: DS3231
 0h00:03.071 2021/06/28T21:52:57z: BME280 (0x76)
 0h00:03.085 2021/06/28T21:52:57z: 10:52:1c:4c:86:4
 0h00:03.087 2021/06/28T21:52:57z: SSID: Apollonia Students Halls
 0h00:03.092 2021/06/28T21:52:57z: AP_STAR tmr
 ets Jan  8 2013,rst cause:1, boot mode:(3,7)

load 0x4010f000, len 1384, room 16 
tail 8
chksum 0x2d
csum 0x2d
v8b899c12
~ld


6.01
 0h00:03.050 2021/06/28T22:12:54z: DS3231
 0h00:03.065 2021/06/28T22:12:54z: BME280 (0x76)
 0h00:03.079 2021/06/28T22:12:54z: 10:52:1c:4c:86:4
 0h00:03.081 2021/06/28T22:12:54z: SSID: Apollonia Students Halls
 0h00:03.086 2021/06/28T22:12:54z: AP_STAR tmr
 ets Jan  8 2013,rst cause:1, boot mode:(3,7)

load 0x4010f000, len 1384, room 16 
tail 8
chksum 0x2d
csum 0x2d
v8b899c12
~ld


6.01
 0h00:03.064 2021/06/28T22:32:50z: DS3231
 0h00:03.079 2021/06/28T22:32:50z: BME280 (0x76)
 0h00:03.093 2021/06/28T22:32:50z: 10:52:1c:4c:86:4
 0h00:03.095 2021/06/28T22:32:50z: SSID: Apollonia Students Halls
 0h00:03.100 2021/06/28T22:32:50z: AP_STAR tmr
 ets Jan  8 2013,rst cause:1, boot mode:(3,7)

load 0x4010f000, len 1384, room 16 
tail 8
chksum 0x2d
csum 0x2d
v8b899c12
~ld


6.01
 0h00:03.052 2021/06/28T22:52:47z: DS3231
 0h00:03.068 2021/06/28T22:52:47z: BME280 (0x76)
 0h00:03.082 2021/06/28T22:52:47z: 10:52:1c:4c:86:4
 0h00:03.084 2021/06/28T22:52:47z: SSID: Apollonia Students Halls
 0h00:03.089 2021/06/28T22:52:47z: AP_STAR tmr
 ets Jan  8 2013,rst cause:1, boot mode:(3,7)

load 0x4010f000, len 1384, room 16 
tail 8
chksum 0x2d
csum 0x2d
v8b899c12
~ld


6.01
 0h00:03.071 2021/06/28T23:12:43z: DS3231
 0h00:03.086 2021/06/28T23:12:43z: BME280 (0x76)
 0h00:03.100 2021/06/28T23:12:43z: 10:52:1c:4c:86:4
 0h00:03.102 2021/06/28T23:12:43z: SSID: Apollonia Students Halls
 0h00:03.107 2021/06/28T23:12:43z: AP_STAR tmr
 ets Jan  8 2013,rst cause:1, boot mode:(3,7)

load 0x4010f000, len 1384, room 16 
tail 8
chksum 0x2d
csum 0x2d
v8b899c12
~ld


6.01
 0h00:03.070 2021/06/28T23:32:39z: DS3231
 0h00:03.085 2021/06/28T23:32:39z: BME280 (0x76)
 0h00:03.099 2021/06/28T23:32:39z: 10:52:1c:4c:86:4
 0h00:03.101 2021/06/28T23:32:39z: SSID: Apollonia Students Halls
 0h00:03.106 2021/06/28T23:32:39z: AP_STAR tmr
 ets Jan  8 2013,rst cause:1, boot mode:(3,7)

load 0x4010f000, len 1384, room 16 
tail 8
chksum 0x2d
csum 0x2d
v8b899c12
~ld


6.01
 0h00:03.084 2021/06/28T23:52:36z: DS3231
 0h00:03.100 2021/06/28T23:52:36z: BME280 (0x76)
 0h00:03.114 2021/06/28T23:52:36z: 10:52:1c:4c:86:4
 0h00:03.115 2021/06/28T23:52:36z: SSID: Apollonia Students Halls
 0h00:03.121 2021/06/28T23:52:36z: AP_STA