R tmr
 ets Jan  8 2013,rst cause:1, boot mode:(3,7)

load 0x4010f000, len 1384, room 16 
tail 8
chksum 0x2d
csum 0x2d
v8b899c12
~ld


6.01
 0h00:03.014 2021/05/31T04:30:35z: DS3231
 0h00:03.029 2021/05/31T04:30:35z: BME280 (0x76)
 0h00:03.043 2021/05/31T04:30:35z: 10:52:1c:41:79:b5
 0h00:03.045 2021/05/31T04:30:35z: SSID: ARRIS-5A97
 0h00:03.050 2021/05/31T04:30:35z: AP_STAR tmr
 ets Jan  8 2013,rst cause:1, boot mode:(3,7)

load 0x4010f000, len 1384, room 16 
tail 8
chksum 0x2d
csum 0x2d
v8b899c12
~ld


6.01
 0h00:03.026 2021/05/31T04:50:31z: DS3231
 0h00:03.042 2021/05/31T04:50:31z: BME280 (0x76)
 0h00:03.056 2021/05/31T04:50:31z: 10:52:1c:41:79:b5
 0h00:03.058 2021/05/31T04:50:31z: SSID: ARRIS-5A97
 0h00:03.063 2021/05/31T04:50:31z: AP_STAR tmr
 ets Jan  8 2013,rst cause:1, boot mode:(3,7)

load 0x4010f000, len 1384, room 16 
tail 8
chksum 0x2d
csum 0x2d
v8b899c12
~ld


6.01
 0h00:03.001 2021/05/31T05:10:27z: DS3231
 0h00:03.016 2021/05/31T05:10:27z: BME280 (0x76)
 0h00:03.031 2021/05/31T05:10:27z: 10:52:1c:41:79:b5
 0h00:03.032 2021/05/31T05:10:27z: SSID: ARRIS-5A97
 0h00:03.037 2021/05/31T05:10:27z: AP_STAR tmr
 ets Jan  8 2013,rst cause:1, boot mode:(3,7)

load 0x4010f000, len 1384, room 16 
tail 8
chksum 0x2d
csum 0x2d
v8b899c12
~ld


6.01
 0h00:03.007 2021/05/31T05:30:23z: DS3231
 0h00:03.022 2021/05/31T05:30:23z: BME280 (0x76)
 0h00:03.036 2021/05/31T05:30:23z: 10:52:1c:41:79:b5
 0h00:03.038 2021/05/31T05:30:23z: SSID: ARRIS-5A97
 0h00:03.043 2021/05/31T05:30:23z: AP_STAR tmr
 ets Jan  8 2013,rst cause:1, boot mode:(3,7)

load 0x4010f000, len 1384, room 16 
tail 8
chksum 0x2d
csum 0x2d
v8b899c12
~ld


6.01
 0h00:03.002 2021/05/31T05:50:19z: DS3231
 0h00:03.017 2021/05/31T05:50:19z: BME280 (0x76)
 0h00:03.031 2021/05/31T05:50:19z: 10:52:1c:41:79:b5
 0h00:03.033 2021/05/31T05:50:19z: SSID: ARRIS-5A97
 0h00:03.038 2021/05/31T05:50:19z: AP_STAR tmr
 ets Jan  8 2013,rst cause:1, boot mode:(3,7)

load 0x4010f000, len 1384, room 16 
tail 8
chksum 0x2d
csum 0x2d
v8b899c12
~ld


6.01
 0h00:03.005 2021/05/31T06:10:15z: DS3231
 0h00:03.020 2021/05/31T06:10:15z: BME280 (0x76)
 0h00:03.035 2021/05/31T06:10:15z: 10:52:1c:41:79:b5
 0h00:03.036 2021/05/31T06:10:15z: SSID: ARRIS-5A97
 0h00:03.041 2021/05/31T06:10:15z: AP_STAR tmr
 ets Jan  8 2013,rst cause:1, boot mode:(3,7)

load 0x4010f000, len 1384, room 16 
tail 8
chksum 0x2d
csum 0x2d
v8b899c12
~ld


6.01
 0h00:03.007 2021/05/31T06:30:11z: DS3231
 0h00:03.022 2021/05/31T06:30:11z: BME280 (0x76)
 0h00:03.037 2021/05/31T06:30:11z: 10:52:1c:41:79:b5
 0h00:03.038 2021/05/31T06:30:11z: SSID: ARRIS-5A97
 0h00:03.043 2021/05/31T06:30:11z: AP_STAR tmr
 ets Jan  8 2013,rst cause:1, boot mode:(3,7)

load 0x4010f000, len 1384, room 16 
tail 8
chksum 0x2d
csum 0x2d
v8b899c12
~ld


6.01
 0h00:03.019 2021/05/31T06:50:07z: DS3231
 0h00:03.035 2021/05/31T06:50:08z: BME280 (0x76)
 0h00:03.049 2021/05/31T06:50:08z: 10:52:1c:41:79:b5
 0h00:03.050 2021/05/31T06:50:08z: SSID: ARRIS-5A97
 0h00:03.056 2021/05/31T06:50:08z: AP_STAR tmr
 ets Jan  8 2013,rst cause:1, boot mode:(3,7)

load 0x4010f000, len 1384, room 16 
tail 8
chksum 0x2d
csum 0x2d
v8b899c12
~ld


6.01
 0h00:03.018 2021/05/31T07:10:04z: DS3231
 0h00:03.034 2021/05/31T07:10:04z: BME280 (0x76)
 0h00:03.048 2021/05/31T07:10:04z: 10:52:1c:41:79:b5
 0h00:03.050 2021/05/31T07:10:04z: SSID: ARRIS-5A97
 0h00:03.055 2021/05/31T07:10:04z: AP_STAR tmr
 ets Jan  8 2013,rst cause:1, boot mode:(3,7)

load 0x4010f000, len 1384, room 16 
tail 8
chksum 0x2d
csum 0x2d
v8b899c12
~ld


6.01
 0h00:03.028 2021/05/31T07:30:01z: DS3231
 0h00:03.043 2021/05/31T07:30:01z: BME280 (0x76)
 0h00:03.057 2021/05/31T07:30:01z: 10:52:1c:41:79:b5
 0h00:03.059 2021/05/31T07:30:01z: SSID: ARRIS-5A97
 0h00:03.064 2021/05/31T07:30:01z: AP_STAR tmr
 ets Jan  8 2013,rst cause:1, boot mode:(3,7)

load 0x4010f000, len 1384, room 16 
tail 8
chksum 0x2d
csum 0x2d
v8b899c12
~ld


6.01
 0h00:03.005 2021/05/31T07:49:57z: DS3231
 0h00:03.020 2021/05/31T07:49:57z: BME280 (0x76)
 0h00:03.034 2021/05/31T07:49:57z: 10:52:1c:41:79:b5
 0h00:03.036 2021/05/31T07:49:57z: SSID: ARRIS-5A97
 0h00:03.041 2021/05/31T07:49:57z: AP_STAR tmr
 ets Jan  8 2013,rst cause:1, boot mode:(3,7)

load 0x4010f000, len 1384, room 16 
tail 8
chksum 0x2d
csum 0x2d
v8b899c12
~ld


6.01
 0h00:02.999 2021/05/31T08:09:54z: DS3231
 0h00:03.015 2021/05/31T08:09:54z: BME280 (0x76)
 0h00:03.029 2021/05/31T08:09:54z: 10:52:1c:41:79:b5
 0h00:03.031 2021/05/31T08:09:54z: SSID: ARRIS-5A97
 0h00:03.036 2021/05/31T08:09:54z: AP_STAR tmr
 ets Jan  8 2013,rst cause:1, boot mode:(3,7)

load 0x4010f000, len 1384, room 16 
tail 8
chksum 0x2d
csum 0x2d
v8b899c12
~ld


6.01
 0h00:02.999 2021/05/31T08:29:49z: DS3231
 0h00:03.014 2021/05/31T08:29:49z: BME280 (0x76)
 0h00:03.028 2021/05/31T08:29:49z: 10:52:1c:41:79:b5
 0h00:03.030 2021/05/31T08:29:49z: SSID: ARRIS-5A97
 0h00:03.035 2021/05/31T08:29:49z: AP_STAR tmr
 ets Jan  8 2013,rst cause:1, boot mode:(3,7)

load 0x4010f000, len 1384, room 16 
tail 8
chksum 0x2d
csum 0x2d
v8b899c12
~ld


6.01
 0h00:02.997 2021/05/31T08:49:45z: DS3231
 0h00:03.013 2021/05/31T08:49:45z: BME280 (0x76)
 0h00:03.027 2021/05/31T08:49:45z: 10:52:1c:41:79:b5
 0h00:03.029 2021/05/31T08:49:45z: SSID: ARRIS-5A97
 0h00:03.034 2021/05/31T08:49:45z: AP_STAR tmr
 ets Jan  8 2013,rst cause:1, boot mode:(3,7)

load 0x4010f000, len 1384, room 16 
tail 8
chksum 0x2d
csum 0x2d
v8b899c12
~ld


6.01
 0h00:03.005 2021/05/31T09:09:40z: DS3231
 0h00:03.020 2021/05/31T09:09:40z: BME280 (0x76)
 0h00:03.034 2021/05/31T09:09:40z: 10:52:1c:41:79:b5
 0h00:03.036 2021/05/31T09:09:40z: SSID: ARRIS-5A97
 0h00:03.041 2021/05/31T09:09:40z: AP_STAR tmr
 ets Jan  8 2013,rst cause:1, boot mode:(3,7)

load 0x4010f000, len 1384, room 16 
tail 8
chksum 0x2d
csum 0x2d
v8b899c12
~ld


6.01
 0h00:03.016 2021/05/31T09:29:36z: DS3231
 0h00:03.031 2021/05/31T09:29:36z: BME280 (0x76)
 0h00:03.045 2021/05/31T09:29:36z: 10:52:1c:41:79:b5
 0h00:03.047 2021/05/31T09:29:36z: SSID: ARRIS-5A97
 0h00:03.052 2021/05/31T09:29:36z: AP_STAR tmr
 ets Jan  8 2013,rst cause:1, boot mode:(3,7)

load 0x4010f000, len 1384, room 16 
tail 8
chksum 0x2d
csum 0x2d
v8b899c12
~ld


6.01
 0h00:03.020 2021/05/31T09:49:31z: DS3231
 0h00:03.036 2021/05/31T09:49:31z: BME280 (0x76)
 0h00:03.050 2021/05/31T09:49:31z: 10:52:1c:41:79:b5
 0h00:03.052 2021/05/31T09:49:31z: SSID: ARRIS-5A97
 0h00:03.057 2021/05/31T09:49:31z: AP_STAR tmr
 ets Jan  8 2013,rst cause:1, boot mode:(3,7)

load 0x4010f000, len 1384, room 16 
tail 8
chksum 0x2d
csum 0x2d
v8b899c12
~ld


6.01
 0h00:03.025 2021/05/31T10:09:28z: DS3231
 0h00:03.040 2021/05/31T10:09:28z: BME280 (0x76)
 0h00:03.054 2021/05/31T10:09:28z: 10:52:1c:41:79:b5
 0h00:03.056 2021/05/31T10:09:28z: SSID: ARRIS-5A97
 0h00:03.061 2021/05/31T10:09:28z: AP_STAR tmr
 ets Jan  8 2013,rst cause:1, boot mode:(3,7)

load 0x4010f000, len 1384, room 16 
tail 8
chksum 0x2d
csum 0x2d
v8b899c12
~ld


6.01
 0h00:03.003 2021/05/31T10:29:23z: DS3231
 0h00:03.019 2021/05/31T10:29:23z: BME280 (0x76)
 0h00:03.033 2021/05/31T10:29:23z: 10:52:1c:41:79:b5
 0h00:03.035 2021/05/31T10:29:23z: SSID: ARRIS-5A97
 0h00:03.040 2021/05/31T10:29:23z: AP_STAR tmr
 ets Jan  8 2013,rst cause:1, boot mode:(3,7)

load 0x4010f000, len 1384, room 16 
tail 8
chksum 0x2d
csum 0x2d
v8b899c12
~ld


6.01
 0h00:03.000 2021/05/31T10:49:20z: DS3231
 0h00:03.016 2021/05/31T10:49:20z: BME280 (0x76)
 0h00:03.030 2021/05/31T10:49:20z: 10:52:1c:41:79:b5
 0h00:03.032 2021/05/31T10:49:20z: SSID: ARRIS-5A97
 0h00:03.037 2021/05/31T10:49:20z: AP_STAR tmr
 ets Jan  8 2013,rst cause:1, boot mode:(3,7)

load 0x4010f000, len 1384, room 16 
tail 8
chksum 0x2d
csum 0x2d
v8b899c12
~ld


6.01
 0h00:02.995 2021/05/31T11:09:15z: DS3231
 0h00:03.010 2021/05/31T11:09:15z: BME280 (0x76)
 0h00:03.024 2021/05/31T11:09:15z: 10:52:1c:41:79:b5
 0h00:03.026 2021/05/31T11:09:15z: SSID: ARRIS-5A97
 0h00:03.031 2021/05/31T11:09:15z: AP_STAR tmr
 ets Jan  8 2013,rst cause:1, boot mode:(3,7)

load 0x4010f000, len 1384, room 16 
tail 8
chksum 0x2d
csum 0x2d
v8b899c12
~ld


6.01
 0h00:03.001 2021/05/31T11:29:11z: DS3231
 0h00:03.016 2021/05/31T11:29:11z: BME280 (0x76)
 0h00:03.031 2021/05/31T11:29:11z: 10:52:1c:41:79:b5
 0h00:03.032 2021/05/31T11:29:11z: SSID: ARRIS-5A97
 0h00:03.037 2021/05/31T11:29:11z: AP_STAR tmr
 ets Jan  8 2013,rst cause:1, boot mode:(3,7)

load 0x4010f000, len 1384, room 16 
tail 8
chksum 0x2d
csum 0x2d
v8b899c12
~ld


6.01
 0h00:02.998 2021/05/31T11:49:07z: DS3231
 0h00:03.013 2021/05/31T11:49:07z: BME280 (0x76)
 0h00:03.027 2021/05/31T11:49:07z: 10:52:1c:41:79:b5
 0h00:03.029 2021/05/31T11:49:07z: SSID: ARRIS-5A97
 0h00:03.034 2021/05/31T11:49:07z: AP_STAR tmr
 ets Jan  8 2013,rst cause:1, boot mode:(3,7)

load 0x4010f000, len 1384, room 16 
tail 8
chksum 0x2d
csum 0x2d
v8b899c12
~ld


6.01
 0h00:03.011 2021/05/31T12:09:02z: DS3231
 0h00:03.026 2021/05/31T12:09:02z: BME280 (0x76)
 0h00:03.040 2021/05/31T12:09:02z: 10:52:1c:41:79:b5
 0h00:03.042 2021/05/31T12:09:02z: SSID: ARRIS-5A97
 0h00:03.047 2021/05/31T12:09:02z: AP_STAR tmr
 ets Jan  8 2013,rst cause:1, boot mode:(3,7)

load 0x4010f000, len 1384, room 16 
tail 8
chksum 0x2d
csum 0x2d
v8b899c12
~ld


6.01
 0h00:03.019 2021/05/31T12:28:59z: DS3231
 0h00:03.034 2021/05/31T12:28:59z: BME280 (0x76)
 0h00:03.048 2021/05/31T12:28:59z: 10:52:1c:41:79:b5
 0h00:03.050 2021/05/31T12:28:59z: SSID: ARRIS-5A97
 0h00:03.055 2021/05/31T12:28:59z: AP_STAR tmr
 ets Jan  8 2013,rst cause:1, boot mode:(3,7)

load 0x4010f000, len 1384, room 16 
tail 8
chksum 0x2d
csum 0x2d
v8b899c12
~ld


6.01
 0h00:03.030 2021/05/31T12:48:55z: DS3231
 0h00:03.046 2021/05/31T12:48:55z: BME280 (0x76)
 0h00:03.060 2021/05/31T12:48:55z: 10:52:1c:41:79:b5
 0h00:03.062 2021/05/31T12:48:55z: SSID: ARRIS-5A97
 0h00:03.067 2021/05/31T12:48:55z: AP_STAR tmr
 ets Jan  8 2013,rst cause:1, boot mode:(3,7)

load 0x4010f000, len 1384, room 16 
tail 8
chksum 0x2d
csum 0x2d
v8b899c12
~ld


6.01
 0h00:03.002 2021/05/31T13:08:51z: DS3231
 0h00:03.018 2021/05/31T13:08:51z: BME280 (0x76)
 0h00:03.032 2021/05/31T13:08:51z: 10:52:1c:41:79:b5
 0h00:03.034 2021/05/31T13:08:51z: SSID: ARRIS-5A97
 0h00:03.039 2021/05/31T13:08:51z: AP_STAR tmr
 ets Jan  8 2013,rst cause:1, boot mode:(3,7)

load 0x4010f000, len 1384, room 16 
tail 8
chksum 0x2d
csum 0x2d
v8b899c12
~ld


6.01
 0h00:03.001 2021/05/31T13:28:47z: DS3231
 0h00:03.016 2021/05/31T13:28:47z: BME280 (0x76)
 0h00:03.031 2021/05/31T13:28:47z: 10:52:1c:41:79:b5
 0h00:03.032 2021/05/31T13:28:47z: SSID: ARRIS-5A97
 0h00:03.037 2021/05/31T13:28:47z: AP_STAR tmr
 ets Jan  8 2013,rst cause:1, boot mode:(3,7)

load 0x4010f000, len 1384, room 16 
tail 8
chksum 0x2d
csum 0x2d
v8b899c12
~ld


6.01
 0h00:03.002 2021/05/31T13:48:43z: DS3231
 0h00:03.017 2021/05/31T13:48:43z: BME280 (0x76)
 0h00:03.031 2021/05/31T13:48:43z: 10:52:1c:41:79:b5
 0h00:03.033 2021/05/31T13:48:43z: SSID: ARRIS-5A97
 0h00:03.038 2021/05/31T13:48:43z: AP_STAR tmr
 ets Jan  8 2013,rst cause:1, boot mode:(3,7)

load 0x4010f000, len 1384, room 16 
tail 8
chksum 0x2d
csum 0x2d
v8b899c12
~ld


6.01
 0h00:03.004 2021/05/31T14:08:39z: DS3231
 0h00:03.020 2021/05/31T14:08:39z: BME280 (0x76)
 0h00:03.034 2021/05/31T14:08:39z: 10:52:1c:41:79:b5
 0h00:03.035 2021/05/31T14:08:39z: SSID: ARRIS-5A97
 0h00:03.041 2021/05/31T14:08:39z: AP_STAR tmr
 ets Jan  8 2013,rst cause:1, boot mode:(3,7)

load 0x4010f000, len 1384, room 16 
tail 8
chksum 0x2d
csum 0x2d
v8b899c12
~ld


6.01
 0h00:03.005 2021/05/31T14:28:36z: DS3231
 0h00:03.021 2021/05/31T14:28:36z: BME280 (0x76)
 0h00:03.035 2021/05/31T14:28:36z: 10:52:1c:41:79:b5
 0h00:03.037 2021/05/31T14:28:36z: SSID: ARRIS-5A97
 0h00:03.042 2021/05/31T14:28:36z: AP_STAR tmr
 ets Jan  8 2013,rst cause:1, boot mode:(3,7)

load 0x4010f000, len 1384, room 16 
tail 8
chksum 0x2d
csum 0x2d
v8b899c12
~ld


6.01
 0h00:03.015 2021/05/31T14:48:32z: DS3231
 0h00:03.030 2021/05/31T14:48:32z: BME280 (0x76)
 0h00:03.045 2021/05/31T14:48:33z: 10:52:1c:41:79:b5
 0h00:03.046 2021/05/31T14:48:33z: SSID: ARRIS-5A97
 0h00:03.051 2021/05/31T14:48:33z: AP_STAR tmr
 ets Jan  8 2013,rst cause:1, boot mode:(3,7)

load 0x4010f000, len 1384, room 16 
tail 8
chksum 0x2d
csum 0x2d
v8b899c12
~ld


6.01
 0h00:03.017 2021/05/31T15:08:28z: DS3231
 0h00:03.033 2021/05/31T15:08:28z: BME280 (0x76)
 0h00:03.047 2021/05/31T15:08:29z: 10:52:1c:41:79:b5
 0h00:03.048 2021/05/31T15:08:29z: SSID: ARRIS-5A97
 0h00:03.054 2021/05/31T15:08:29z: AP_STAR tmr
 ets Jan  8 2013,rst cause:1, boot mode:(3,7)

load 0x4010f000, len 1384, room 16 
tail 8
chksum 0x2d
csum 0x2d
v8b899c12
~ld


6.01
 0h00:03.025 2021/05/31T15:28:24z: DS3231
 0h00:03.040 2021/05/31T15:28:24z: BME280 (0x76)
 0h00:03.055 2021/05/31T15:28:24z: 10:52:1c:41:79:b5
 0h00:03.056 2021/05/31T15:28:24z: SSID: ARRIS-5A97
 0h00:03.061 2021/05/31T15:28:24z: AP_STAR tmr
 ets Jan  8 2013,rst cause:1, boot mode:(3,7)

load 0x4010f000, len 1384, room 16 
tail 8
chksum 0x2d
csum 0x2d
v8b899c12
~ld


6.01
 0h00:03.005 2021/05/31T15:48:20z: DS3231
 0h00:03.020 2021/05/31T15:48:20z: BME280 (0x76)
 0h00:03.034 2021/05/31T15:48:20z: 10:52:1c:41:79:b5
 0h00:03.036 2021/05/31T15:48:20z: SSID: ARRIS-5A97
 0h00:03.041 2021/05/31T15:48:20z: AP_STAR tmr
 ets Jan  8 2013,rst cause:1, boot mode:(3,7)

load 0x4010f000, len 1384, room 16 
tail 8
chksum 0x2d
csum 0x2d
v8b899c12
~ld


6.01
 0h00:03.000 2021/05/31T16:08:17z: DS3231
 0h00:03.016 2021/05/31T16:08:17z: BME280 (0x76)
 0h00:03.030 2021/05/31T16:08:17z: 10:52:1c:41:79:b5
 0h00:03.032 2021/05/31T16:08:17z: SSID: ARRIS-5A97
 0h00:03.037 2021/05/31T16:08:17z: AP_STAR tmr
 ets Jan  8 2013,rst cause:1, boot mode:(3,7)

load 0x4010f000, len 1384, room 16 
tail 8
chksum 0x2d
csum 0x2d
v8b899c12
~ld


6.01
 0h00:03.001 2021/05/31T16:28:13z: DS3231
 0h00:03.016 2021/05/31T16:28:13z: BME280 (0x76)
 0h00:03.030 2021/05/31T16:28:13z: 10:52:1c:41:79:b5
 0h00:03.032 2021/05/31T16:28:13z: SSID: ARRIS-5A97
 0h00:03.037 2021/05/31T16:28:13z: AP_STAR tmr
 ets Jan  8 2013,rst cause:1, boot mode:(3,7)

load 0x4010f000, len 1384, room 16 
tail 8
chksum 0x2d
csum 0x2d
v8b899c12
~ld


6.01
 0h00:02.999 2021/05/31T16:48:09z: DS3231
 0h00:03.014 2021/05/31T16:48:09z: BME280 (0x76)
 0h00:03.029 2021/05/31T16:48:09z: 10:52:1c:41:79:b5
 0h00:03.030 2021/05/31T16:48:09z: SSID: ARRIS-5A97
 0h00:03.035 2021/05/31T16:48:09z: AP_STAR tmr
 ets Jan  8 2013,rst cause:1, boot mode:(3,7)

load 0x4010f000, len 1384, room 16 
tail 8
chksum 0x2d
csum 0x2d
v8b899c12
~ld


6.01
 0h00:03.001 2021/05/31T17:08:05z: DS3231
 0h00:03.016 2021/05/31T17:08:05z: BME280 (0x76)
 0h00:03.030 2021/05/31T17:08:05z: 10:52:1c:41:79:b5
 0h00:03.032 2021/05/31T17:08:05z: SSID: ARRIS-5A97
 0h00:03.037 2021/05/31T17:08:05z: AP_STAR tmr
 ets Jan  8 2013,rst cause:1, boot mode:(3,7)

load 0x4010f000, len 1384, room 16 
tail 8
chksum 0x2d
csum 0x2d
v8b899c12
~ld


6.01
 0h00:03.012 2021/05/31T17:28:01z: DS3231
 0h00:03.027 2021/05/31T17:28:01z: BME280 (0x76)
 0h00:03.042 2021/05/31T17:28:01z: 10:52:1c:41:79:b5
 0h00:03.043 2021/05/31T17:28:01z: SSID: ARRIS-5A97
 0h00:03.048 2021/05/31T17:28:01z: AP_STAR tmr
 ets Jan  8 2013,rst cause:1, boot mode:(3,7)

load 0x4010f000, len 1384, room 16 
tail 8
chksum 0x2d
csum 0x2d
v8b899c12
~ld


6.01
 0h00:03.019 2021/05/31T17:47:57z: DS3231
 0h00:03.035 2021/05/31T17:47:57z: BME280 (0x76)
 0h00:03.049 2021/05/31T17:47:57z: 10:52:1c:41:79:b5
 0h00:03.051 2021/05/31T17:47:57z: SSID: ARRIS-5A97
 0h00:03.056 2021/05/31T17:47:57z: AP_STAR tmr
 ets Jan  8 2013,rst cause:1, boot mode:(3,7)

load 0x4010f000, len 1384, room 16 
tail 8
chksum 0x2d
csum 0x2d
v8b899c12
~ld


6.01
 0h00:03.024 2021/05/31T18:07:53z: DS3231
 0h00:03.039 2021/05/31T18:07:53z: BME280 (0x76)
 0h00:03.053 2021/05/31T18:07:53z: 10:52:1c:41:79:b5
 0h00:03.055 2021/05/31T18:07:53z: SSID: ARRIS-5A97
 0h00:03.060 2021/05/31T18:07:53z: AP_STAR tmr
 ets Jan  8 2013,rst cause:1, boot mode:(3,7)

load 0x4010f000, len 1384, room 16 
tail 8
chksum 0x2d
csum 0x2d
v8b899c12
~ld


6.01
 0h00:03.001 2021/05/31T18:27:49z: DS3231
 0h00:03.016 2021/05/31T18:27:49z: BME280 (0x76)
 0h00:03.030 2021/05/31T18:27:49z: 10:52:1c:41:79:b5
 0h00:03.032 2021/05/31T18:27:49z: SSID: ARRIS-5A97
 0h00:03.037 2021/05/31T18:27:49z: AP_STAR tmr
 ets Jan  8 2013,rst cause:1, boot mode:(3,7)

load 0x4010f000, len 1384, room 16 
tail 8
chksum 0x2d
csum 0x2d
v8b899c12
~ld


6.01
 0h00:02.995 2021/05/31T18:47:45z: DS3231
 0h00:03.011 2021/05/31T18:47:45z: BME280 (0x76)
 0h00:03.025 2021/05/31T18:47:45z: 10:52:1c:41:79:b5
 0h00:03.027 2021/05/31T18:47:45z: SSID: ARRIS-5A97
 0h00:03.032 2021/05/31T18:47:45z: AP_STAR tmr
 ets Jan  8 2013,rst cause:1, boot mode:(3,7)

load 0x4010f000, len 1384, room 16 
tail 8
chksum 0x2d
csum 0x2d
v8b899c12
~ld


6.01
 0h00:02.997 2021/05/31T19:07:41z: DS3231
 0h00:03.013 2021/05/31T19:07:41z: BME280 (0x76)
 0h00:03.027 2021/05/31T19:07:41z: 10:52:1c:41:79:b5
 0h00:03.028 2021/05/31T19:07:41z: SSID: ARRIS-5A97
 0h00:03.034 2021/05/31T19:07:41z: AP_STAR tmr
 ets Jan  8 2013,rst cause:1, boot mode:(3,7)

load 0x4010f000, len 1384, room 16 
tail 8
chksum 0x2d
csum 0x2d
v8b899c12
~ld


6.01
 0h00:03.002 2021/05/31T19:27:38z: DS3231
 0h00:03.017 2021/05/31T19:27:38z: BME280 (0x76)
 0h00:03.031 2021/05/31T19:27:38z: 10:52:1c:41:79:b5
 0h00:03.033 2021/05/31T19:27:38z: SSID: ARRIS-5A97
 0h00:03.038 2021/05/31T19:27:38z: AP_STAR tmr
 ets Jan  8 2013,rst cause:1, boot mode:(3,7)

load 0x4010f000, len 1384, room 16 
tail 8
chksum 0x2d
csum 0x2d
v8b899c12
~ld


6.01
 0h00:03.000 2021/05/31T19:47:34z: DS3231
 0h00:03.015 2021/05/31T19:47:34z: BME280 (0x76)
 0h00:03.030 2021/05/31T19:47:34z: 10:52:1c:41:79:b5
 0h00:03.031 2021/05/31T19:47:34z: SSID: ARRIS-5A97
 0h00:03.036 2021/05/31T19:47:34z: AP_STAR tmr
 ets Jan  8 2013,rst cause:1, boot mode:(3,7)

load 0x4010f000, len 1384, room 16 
tail 8
chksum 0x2d
csum 0x2d
v8b899c12
~ld


6.01
 0h00:03.012 2021/05/31T20:07:31z: DS3231
 0h00:03.027 2021/05/31T20:07:31z: BME280 (0x76)
 0h00:03.041 2021/05/31T20:07:31z: 10:52:1c:41:79:b5
 0h00:03.043 2021/05/31T20:07:31z: SSID: ARRIS-5A97
 0h00:03.048 2021/05/31T20:07:31z: AP_STAR tmr
 ets Jan  8 2013,rst cause:1, boot mode:(3,7)

load 0x4010f000, len 1384, room 16 
tail 8
chksum 0x2d
csum 0x2d
v8b899c12
~ld


6.01
 0h00:03.015 2021/05/31T20:27:26z: DS3231
 0h00:03.030 2021/05/31T20:27:26z: BME280 (0x76)
 0h00:03.044 2021/05/31T20:27:26z: 10:52:1c:41:79:b5
 0h00:03.046 2021/05/31T20:27:26z: SSID: ARRIS-5A97
 0h00:03.051 2021/05/31T20:27:26z: AP_STAR tmr
 ets Jan  8 2013,rst cause:1, boot mode:(3,7)

load 0x4010f000, len 1384, room 16 
tail 8
chksum 0x2d
csum 0x2d
v8b899c12
~ld


6.01
 0h00:03.030 2021/05/31T20:47:23z: DS3231
 0h00:03.045 2021/05/31T20:47:23z: BME280 (0x76)
 0h00:03.060 2021/05/31T20:47:23z: 10:52:1c:41:79:b5
 0h00:03.061 2021/05/31T20:47:23z: SSID: ARRIS-5A97
 0h00:03.066 2021/05/31T20:47:23z: AP_STAR tmr
 ets Jan  8 2013,rst cause:1, boot mode:(3,7)

load 0x4010f000, len 1384, room 16 
tail 8
chksum 0x2d
csum 0x2d
v8b899c12
~ld


6.01
 0h00:03.000 2021/05/31T21:07:18z: DS3231
 0h00:03.016 2021/05/31T21:07:18z: BME280 (0x76)
 0h00:03.030 2021/05/31T21:07:18z: 10:52:1c:41:79:b5
 0h00:03.031 2021/05/31T21:07:18z: SSID: ARRIS-5A97
 0h00:03.037 2021/05/31T21:07:18z: AP_STAR tmr
 ets Jan  8 2013,rst cause:1, boot mode:(3,7)

load 0x4010f000, len 1384, room 16 
tail 8
chksum 0x2d
csum 0x2d
v8b899c12
~ld


6.01
 0h00:02.997 2021/05/31T21:27:13z: DS3231
 0h00:03.012 2021/05/31T21:27:13z: BME280 (0x76)
 0h00:03.026 2021/05/31T21:27:14z: 10:52:1c:41:79:b5
 0h00:03.028 2021/05/31T21:27:14z: SSID: ARRIS-5A97
 0h00:03.033 2021/05/31T21:27:14z: AP_STAR tmr
 ets Jan  8 2013,rst cause:1, boot mode:(3,7)

load 0x4010f000, len 1384, room 16 
tail 8
chksum 0x2d
csum 0x2d
v8b899c12
~ld


6.01
 0h00:02.997 2021/05/31T21:47:09z: DS3231
 0h00:03.012 2021/05/31T21:47:09z: BME280 (0x76)
 0h00:03.027 2021/05/31T21:47:09z: 10:52:1c:41:79:b5
 0h00:03.028 2021/05/31T21:47:09z: SSID: ARRIS-5A97
 0h00:03.033 2021/05/31T21:47:09z: AP_STAR tmr
 ets Jan  8 2013,rst cause:1, boot mode:(3,7)

load 0x4010f000, len 1384, room 16 
tail 8
chksum 0x2d
csum 0x2d
v8b899c12
~ld


6.01
 0h00:03.000 2021/05/31T22:07:05z: DS3231
 0h00:03.015 2021/05/31T22:07:05z: BME280 (0x76)
 0h00:03.030 2021/05/31T22:07:05z: 10:52:1c:41:79:b5
 0h00:03.031 2021/05/31T22:07:05z: SSID: ARRIS-5A97
 0h00:03.036 2021/05/31T22:07:05z: AP_STAR tmr
 ets Jan  8 2013,rst cause:1, boot mode:(3,7)

load 0x4010f000, len 1384, room 16 
tail 8
chksum 0x2d
csum 0x2d
v8b899c12
~ld


6.01
 0h00:03.006 2021/05/31T22:27:01z: DS3231
 0h00:03.021 2021/05/31T22:27:01z: BME280 (0x76)
 0h00:03.035 2021/05/31T22:27:01z: 10:52:1c:41:79:b5
 0h00:03.037 2021/05/31T22:27:01z: SSID: ARRIS-5A97
 0h00:03.042 2021/05/31T22:27:01z: AP_STAR tmr
 ets Jan  8 2013,rst cause:1, boot mode:(3,7)

load 0x4010f000, len 1384, room 16 
tail 8
chksum 0x2d
csum 0x2d
v8b899c12
~ld


6.01
 0h00:03.014 2021/05/31T22:46:57z: DS3231
 0h00:03.029 2021/05/31T22:46:57z: BME280 (0x76)
 0h00:03.043 2021/05/31T22:46:57z: 10:52:1c:41:79:b5
 0h00:03.045 2021/05/31T22:46:57z: SSID: ARRIS-5A97
 0h00:03.050 2021/05/31T22:46:57z: AP_STAR tmr
 ets Jan  8 2013,rst cause:1, boot mode:(3,7)

load 0x4010f000, len 1384, room 16 
tail 8
chksum 0x2d
csum 0x2d
v8b899c12
~ld


6.01
 0h00:03.015 2021/05/31T23:06:53z: DS3231
 0h00:03.030 2021/05/31T23:06:53z: BME280 (0x76)
 0h00:03.044 2021/05/31T23:06:53z: 10:52:1c:41:79:b5
 0h00:03.046 2021/05/31T23:06:53z: SSID: ARRIS-5A97
 0h00:03.051 2021/05/31T23:06:53z: AP_STAR tmr
 ets Jan  8 2013,rst cause:1, boot mode:(3,7)

load 0x4010f000, len 1384, room 16 
tail 8
chksum 0x2d
csum 0x2d
v8b899c12
~ld


6.01
 0h00:03.022 2021/05/31T23:26:48z: DS3231
 0h00:03.038 2021/05/31T23:26:48z: BME280 (0x76)
 0h00:03.052 2021/05/31T23:26:48z: 10:52:1c:41:79:b5
 0h00:03.053 2021/05/31T23:26:48z: SSID: ARRIS-5A97
 0h00:03.059 2021/05/31T23:26:48z: AP_STAR tmr
 ets Jan  8 2013,rst cause:1, boot mode:(3,7)

load 0x4010f000, len 1384, room 16 
tail 8
chksum 0x2d
csum 0x2d
v8b899c12
~ld


6.01
 0h00:02.999 2021/05/31T23:46:44z: DS3231
 0h00:03.015 2021/05/31T23:46:44z: BME280 (0x76)
 0h00:03.029 2021/05/31T23:46:44z: 10:52:1c:41:79:b5
 0h00:03.031 2021/05/31T23:46:44z: SSID: ARRIS-5A97
 0h00:03.036 2021/05/31T23:46:44z: AP_STA