R tmr
 ets Jan  8 2013,rst cause:4, boot mode:(3,6)

wdt reset
load 0x4010f000, len 1384, room 16 
tail 8
chksum 0x2d
csum 0x2d
v8b899c12
~ld


6.01
 0h00:03.010 2021/05/21T00:04:56z: DS3231
 0h00:03.025 2021/05/21T00:04:56z: BME280 (0x76)
 0h00:03.039 2021/05/21T00:04:56z: 50:2:91:e5:36:6e
 0h00:03.041 2021/05/21T00:04:56z: SSID: ARRIS-A013
 0h00:03.046 2021/05/21T00:04:56z: AP_STAR tmr
 ets Jan  8 2013,rst cause:4, boot mode:(3,6)

wdt reset
load 0x4010f000, len 1384, room 16 
tail 8
chksum 0x2d
csum 0x2d
v8b899c12
~ld


6.01
 0h00:03.014 2021/05/21T00:24:52z: DS3231
 0h00:03.029 2021/05/21T00:24:52z: BME280 (0x76)
 0h00:03.044 2021/05/21T00:24:52z: 50:2:91:e5:36:6e
 0h00:03.045 2021/05/21T00:24:52z: SSID: ARRIS-A013
 0h00:03.050 2021/05/21T00:24:52z: AP_STAR tmr
 ets Jan  8 2013,rst cause:4, boot mode:(3,6)

wdt reset
load 0x4010f000, len 1384, room 16 
tail 8
chksum 0x2d
csum 0x2d
v8b899c12
~ld


6.01
 0h00:03.018 2021/05/21T00:44:48z: DS3231
 0h00:03.033 2021/05/21T00:44:48z: BME280 (0x76)
 0h00:03.047 2021/05/21T00:44:48z: 50:2:91:e5:36:6e
 0h00:03.049 2021/05/21T00:44:48z: SSID: ARRIS-A013
 0h00:03.054 2021/05/21T00:44:48z: AP_STAR tmr
 ets Jan  8 2013,rst cause:4, boot mode:(3,6)

wdt reset
load 0x4010f000, len 1384, room 16 
tail 8
chksum 0x2d
csum 0x2d
v8b899c12
~ld


6.01
 0h00:03.023 2021/05/21T01:04:45z: DS3231
 0h00:03.038 2021/05/21T01:04:45z: BME280 (0x76)
 0h00:03.052 2021/05/21T01:04:45z: 50:2:91:e5:36:6e
 0h00:03.054 2021/05/21T01:04:45z: SSID: ARRIS-A013
 0h00:03.059 2021/05/21T01:04:45z: AP_STAR tmr
 ets Jan  8 2013,rst cause:4, boot mode:(3,6)

wdt reset
load 0x4010f000, len 1384, room 16 
tail 8
chksum 0x2d
csum 0x2d
v8b899c12
~ld


6.01
 0h00:03.017 2021/05/21T01:24:41z: DS3231
 0h00:03.033 2021/05/21T01:24:41z: BME280 (0x76)
 0h00:03.047 2021/05/21T01:24:41z: 50:2:91:e5:36:6e
 0h00:03.048 2021/05/21T01:24:41z: SSID: ARRIS-A013
 0h00:03.054 2021/05/21T01:24:41z: AP_STAR tmr
 ets Jan  8 2013,rst cause:4, boot mode:(3,6)

wdt reset
load 0x4010f000, len 1384, room 16 
tail 8
chksum 0x2d
csum 0x2d
v8b899c12
~ld


6.01
 0h00:03.019 2021/05/21T01:44:37z: DS3231
 0h00:03.034 2021/05/21T01:44:38z: BME280 (0x76)
 0h00:03.048 2021/05/21T01:44:38z: 50:2:91:e5:36:6e
 0h00:03.050 2021/05/21T01:44:38z: SSID: ARRIS-A013
 0h00:03.055 2021/05/21T01:44:38z: AP_STAR tmr
 ets Jan  8 2013,rst cause:4, boot mode:(3,6)

wdt reset
load 0x4010f000, len 1384, room 16 
tail 8
chksum 0x2d
csum 0x2d
v8b899c12
~ld


6.01
 0h00:03.024 2021/05/21T02:04:34z: DS3231
 0h00:03.039 2021/05/21T02:04:34z: BME280 (0x76)
 0h00:03.054 2021/05/21T02:04:34z: 50:2:91:e5:36:6e
 0h00:03.055 2021/05/21T02:04:34z: SSID: ARRIS-A013
 0h00:03.060 2021/05/21T02:04:34z: AP_STAR tmr
 ets Jan  8 2013,rst cause:4, boot mode:(3,6)

wdt reset
load 0x4010f000, len 1384, room 16 
tail 8
chksum 0x2d
csum 0x2d
v8b899c12
~ld


6.01
 0h00:03.021 2021/05/21T02:24:31z: DS3231
 0h00:03.036 2021/05/21T02:24:31z: BME280 (0x76)
 0h00:03.051 2021/05/21T02:24:31z: 50:2:91:e5:36:6e
 0h00:03.052 2021/05/21T02:24:31z: SSID: ARRIS-A013
 0h00:03.057 2021/05/21T02:24:31z: AP_STAR tmr
 ets Jan  8 2013,rst cause:4, boot mode:(3,6)

wdt reset
load 0x4010f000, len 1384, room 16 
tail 8
chksum 0x2d
csum 0x2d
v8b899c12
~ld


6.01
 0h00:03.020 2021/05/21T02:44:27z: DS3231
 0h00:03.035 2021/05/21T02:44:27z: BME280 (0x76)
 0h00:03.049 2021/05/21T02:44:27z: 50:2:91:e5:36:6e
 0h00:03.051 2021/05/21T02:44:27z: SSID: ARRIS-A013
 0h00:03.056 2021/05/21T02:44:27z: AP_STAR tmr
 ets Jan  8 2013,rst cause:4, boot mode:(3,6)

wdt reset
load 0x4010f000, len 1384, room 16 
tail 8
chksum 0x2d
csum 0x2d
v8b899c12
~ld


6.01
 0h00:03.016 2021/05/21T03:04:23z: DS3231
 0h00:03.032 2021/05/21T03:04:23z: BME280 (0x76)
 0h00:03.046 2021/05/21T03:04:23z: 50:2:91:e5:36:6e
 0h00:03.048 2021/05/21T03:04:23z: SSID: ARRIS-A013
 0h00:03.053 2021/05/21T03:04:23z: AP_STAR tmr
 ets Jan  8 2013,rst cause:4, boot mode:(3,6)

wdt reset
load 0x4010f000, len 1384, room 16 
tail 8
chksum 0x2d
csum 0x2d
v8b899c12
~ld


6.01
 0h00:03.015 2021/05/21T03:24:19z: DS3231
 0h00:03.031 2021/05/21T03:24:19z: BME280 (0x76)
 0h00:03.045 2021/05/21T03:24:19z: 50:2:91:e5:36:6e
 0h00:03.046 2021/05/21T03:24:19z: SSID: ARRIS-A013
 0h00:03.052 2021/05/21T03:24:19z: AP_STAR tmr
 ets Jan  8 2013,rst cause:4, boot mode:(3,6)

wdt reset
load 0x4010f000, len 1384, room 16 
tail 8
chksum 0x2d
csum 0x2d
v8b899c12
~ld


6.01
 0h00:03.020 2021/05/21T03:44:16z: DS3231
 0h00:03.036 2021/05/21T03:44:16z: BME280 (0x76)
 0h00:03.050 2021/05/21T03:44:16z: 50:2:91:e5:36:6e
 0h00:03.052 2021/05/21T03:44:16z: SSID: ARRIS-A013
 0h00:03.057 2021/05/21T03:44:16z: AP_STAR tmr
 ets Jan  8 2013,rst cause:4, boot mode:(3,6)

wdt reset
load 0x4010f000, len 1384, room 16 
tail 8
chksum 0x2d
csum 0x2d
v8b899c12
~ld


6.01
 0h00:03.014 2021/05/21T04:04:13z: DS3231
 0h00:03.029 2021/05/21T04:04:13z: BME280 (0x76)
 0h00:03.043 2021/05/21T04:04:13z: 50:2:91:e5:36:6e
 0h00:03.045 2021/05/21T04:04:13z: SSID: ARRIS-A013
 0h00:03.050 2021/05/21T04:04:13z: AP_STAR tmr
 ets Jan  8 2013,rst cause:4, boot mode:(3,6)

wdt reset
load 0x4010f000, len 1384, room 16 
tail 8
chksum 0x2d
csum 0x2d
v8b899c12
~ld


6.01
 0h00:03.018 2021/05/21T04:24:09z: DS3231
 0h00:03.033 2021/05/21T04:24:09z: BME280 (0x76)
 0h00:03.047 2021/05/21T04:24:09z: 50:2:91:e5:36:6e
 0h00:03.049 2021/05/21T04:24:09z: SSID: ARRIS-A013
 0h00:03.054 2021/05/21T04:24:09z: AP_STAR tmr
 ets Jan  8 2013,rst cause:4, boot mode:(3,6)

wdt reset
load 0x4010f000, len 1384, room 16 
tail 8
chksum 0x2d
csum 0x2d
v8b899c12
~ld


6.01
 0h00:03.008 2021/05/21T04:44:05z: DS3231
 0h00:03.023 2021/05/21T04:44:05z: BME280 (0x76)
 0h00:03.037 2021/05/21T04:44:05z: 50:2:91:e5:36:6e
 0h00:03.039 2021/05/21T04:44:05z: SSID: ARRIS-A013
 0h00:03.044 2021/05/21T04:44:05z: AP_STAR tmr
 ets Jan  8 2013,rst cause:4, boot mode:(3,6)

wdt reset
load 0x4010f000, len 1384, room 16 
tail 8
chksum 0x2d
csum 0x2d
v8b899c12
~ld


6.01
 0h00:03.004 2021/05/21T05:04:01z: DS3231
 0h00:03.020 2021/05/21T05:04:01z: BME280 (0x76)
 0h00:03.034 2021/05/21T05:04:01z: 50:2:91:e5:36:6e
 0h00:03.036 2021/05/21T05:04:01z: SSID: ARRIS-A013
 0h00:03.041 2021/05/21T05:04:01z: AP_STAR tmr
 ets Jan  8 2013,rst cause:4, boot mode:(3,6)

wdt reset
load 0x4010f000, len 1384, room 16 
tail 8
chksum 0x2d
csum 0x2d
v8b899c12
~ld


6.01
 0h00:03.010 2021/05/21T05:23:57z: DS3231
 0h00:03.025 2021/05/21T05:23:57z: BME280 (0x76)
 0h00:03.039 2021/05/21T05:23:57z: 50:2:91:e5:36:6e
 0h00:03.041 2021/05/21T05:23:57z: SSID: ARRIS-A013
 0h00:03.046 2021/05/21T05:23:57z: AP_STAR tmr
 ets Jan  8 2013,rst cause:4, boot mode:(3,6)

wdt reset
load 0x4010f000, len 1384, room 16 
tail 8
chksum 0x2d
csum 0x2d
v8b899c12
~ld


6.01
 0h00:03.007 2021/05/21T05:43:53z: DS3231
 0h00:03.023 2021/05/21T05:43:53z: BME280 (0x76)
 0h00:03.037 2021/05/21T05:43:53z: 50:2:91:e5:36:6e
 0h00:03.039 2021/05/21T05:43:53z: SSID: ARRIS-A013
 0h00:03.044 2021/05/21T05:43:53z: AP_STAR tmr
 ets Jan  8 2013,rst cause:4, boot mode:(3,6)

wdt reset
load 0x4010f000, len 1384, room 16 
tail 8
chksum 0x2d
csum 0x2d
v8b899c12
~ld


6.01
 0h00:03.011 2021/05/21T06:03:49z: DS3231
 0h00:03.026 2021/05/21T06:03:49z: BME280 (0x76)
 0h00:03.040 2021/05/21T06:03:49z: 50:2:91:e5:36:6e
 0h00:03.042 2021/05/21T06:03:49z: SSID: ARRIS-A013
 0h00:03.047 2021/05/21T06:03:49z: AP_STAR tmr
 ets Jan  8 2013,rst cause:4, boot mode:(3,6)

wdt reset
load 0x4010f000, len 1384, room 16 
tail 8
chksum 0x2d
csum 0x2d
v8b899c12
~ld


6.01
 0h00:02.992 2021/05/21T06:23:46z: DS3231
 0h00:03.007 2021/05/21T06:23:46z: BME280 (0x76)
 0h00:03.021 2021/05/21T06:23:46z: 50:2:91:e5:36:6e
 0h00:03.023 2021/05/21T06:23:46z: SSID: ARRIS-A013
 0h00:03.028 2021/05/21T06:23:46z: AP_STAR tmr
 ets Jan  8 2013,rst cause:4, boot mode:(3,6)

wdt reset
load 0x4010f000, len 1384, room 16 
tail 8
chksum 0x2d
csum 0x2d
v8b899c12
~ld


6.01
 0h00:02.998 2021/05/21T06:43:42z: DS3231
 0h00:03.013 2021/05/21T06:43:42z: BME280 (0x76)
 0h00:03.027 2021/05/21T06:43:42z: 50:2:91:e5:36:6e
 0h00:03.029 2021/05/21T06:43:42z: SSID: ARRIS-A013
 0h00:03.034 2021/05/21T06:43:42z: AP_STAR tmr
 ets Jan  8 2013,rst cause:4, boot mode:(3,6)

wdt reset
load 0x4010f000, len 1384, room 16 
tail 8
chksum 0x2d
csum 0x2d
v8b899c12
~ld


6.01
 0h00:02.991 2021/05/21T07:03:38z: DS3231
 0h00:03.007 2021/05/21T07:03:38z: BME280 (0x76)
 0h00:03.021 2021/05/21T07:03:38z: 50:2:91:e5:36:6e
 0h00:03.023 2021/05/21T07:03:38z: SSID: ARRIS-A013
 0h00:03.028 2021/05/21T07:03:38z: AP_STAR tmr
 ets Jan  8 2013,rst cause:4, boot mode:(3,6)

wdt reset
load 0x4010f000, len 1384, room 16 
tail 8
chksum 0x2d
csum 0x2d
v8b899c12
~ld


6.01
 0h00:03.000 2021/05/21T07:23:34z: DS3231
 0h00:03.015 2021/05/21T07:23:34z: BME280 (0x76)
 0h00:03.029 2021/05/21T07:23:34z: 50:2:91:e5:36:6e
 0h00:03.031 2021/05/21T07:23:34z: SSID: ARRIS-A013
 0h00:03.036 2021/05/21T07:23:34z: AP_STAR tmr
 ets Jan  8 2013,rst cause:4, boot mode:(3,6)

wdt reset
load 0x4010f000, len 1384, room 16 
tail 8
chksum 0x2d
csum 0x2d
v8b899c12
~ld


6.01
 0h00:02.996 2021/05/21T07:43:31z: DS3231
 0h00:03.011 2021/05/21T07:43:31z: BME280 (0x76)
 0h00:03.025 2021/05/21T07:43:31z: 50:2:91:e5:36:6e
 0h00:03.027 2021/05/21T07:43:31z: SSID: ARRIS-A013
 0h00:03.032 2021/05/21T07:43:31z: AP_STAR tmr
 ets Jan  8 2013,rst cause:4, boot mode:(3,6)

wdt reset
load 0x4010f000, len 1384, room 16 
tail 8
chksum 0x2d
csum 0x2d
v8b899c12
~ld


6.01
 0h00:02.998 2021/05/21T08:03:27z: DS3231
 0h00:03.013 2021/05/21T08:03:27z: BME280 (0x76)
 0h00:03.027 2021/05/21T08:03:27z: 50:2:91:e5:36:6e
 0h00:03.029 2021/05/21T08:03:27z: SSID: ARRIS-A013
 0h00:03.034 2021/05/21T08:03:27z: AP_STAR tmr
 ets Jan  8 2013,rst cause:4, boot mode:(3,6)

wdt reset
load 0x4010f000, len 1384, room 16 
tail 8
chksum 0x2d
csum 0x2d
v8b899c12
~ld


6.01
 0h00:02.998 2021/05/21T08:23:24z: DS3231
 0h00:03.013 2021/05/21T08:23:24z: BME280 (0x76)
 0h00:03.027 2021/05/21T08:23:24z: 50:2:91:e5:36:6e
 0h00:03.029 2021/05/21T08:23:24z: SSID: ARRIS-A013
 0h00:03.034 2021/05/21T08:23:24z: AP_STAR tmr
 ets Jan  8 2013,rst cause:4, boot mode:(3,6)

wdt reset
load 0x4010f000, len 1384, room 16 
tail 8
chksum 0x2d
csum 0x2d
v8b899c12
~ld


6.01
 0h00:02.995 2021/05/21T08:43:20z: DS3231
 0h00:03.011 2021/05/21T08:43:20z: BME280 (0x76)
 0h00:03.025 2021/05/21T08:43:20z: 50:2:91:e5:36:6e
 0h00:03.027 2021/05/21T08:43:20z: SSID: ARRIS-A013
 0h00:03.032 2021/05/21T08:43:20z: AP_STAR tmr
 ets Jan  8 2013,rst cause:4, boot mode:(3,6)

wdt reset
load 0x4010f000, len 1384, room 16 
tail 8
chksum 0x2d
csum 0x2d
v8b899c12
~ld


6.01
 0h00:02.996 2021/05/21T09:03:17z: DS3231
 0h00:03.011 2021/05/21T09:03:17z: BME280 (0x76)
 0h00:03.026 2021/05/21T09:03:17z: 50:2:91:e5:36:6e
 0h00:03.027 2021/05/21T09:03:17z: SSID: ARRIS-A013
 0h00:03.032 2021/05/21T09:03:17z: AP_STAR tmr
 ets Jan  8 2013,rst cause:4, boot mode:(3,6)

wdt reset
load 0x4010f000, len 1384, room 16 
tail 8
chksum 0x2d
csum 0x2d
v8b899c12
~ld


6.01
 0h00:02.994 2021/05/21T09:23:14z: DS3231
 0h00:03.009 2021/05/21T09:23:14z: BME280 (0x76)
 0h00:03.023 2021/05/21T09:23:14z: 50:2:91:e5:36:6e
 0h00:03.025 2021/05/21T09:23:14z: SSID: ARRIS-A013
 0h00:03.030 2021/05/21T09:23:14z: AP_STAR tmr
 ets Jan  8 2013,rst cause:4, boot mode:(3,6)

wdt reset
load 0x4010f000, len 1384, room 16 
tail 8
chksum 0x2d
csum 0x2d
v8b899c12
~ld


6.01
 0h00:03.002 2021/05/21T09:43:10z: DS3231
 0h00:03.018 2021/05/21T09:43:10z: BME280 (0x76)
 0h00:03.032 2021/05/21T09:43:10z: 50:2:91:e5:36:6e
 0h00:03.034 2021/05/21T09:43:10z: SSID: ARRIS-A013
 0h00:03.039 2021/05/21T09:43:10z: AP_STAR tmr
 ets Jan  8 2013,rst cause:4, boot mode:(3,6)

wdt reset
load 0x4010f000, len 1384, room 16 
tail 8
chksum 0x2d
csum 0x2d
v8b899c12
~ld


6.01
 0h00:03.001 2021/05/21T10:03:06z: DS3231
 0h00:03.017 2021/05/21T10:03:06z: BME280 (0x76)
 0h00:03.031 2021/05/21T10:03:06z: 50:2:91:e5:36:6e
 0h00:03.032 2021/05/21T10:03:06z: SSID: ARRIS-A013
 0h00:03.038 2021/05/21T10:03:06z: AP_STA