R tmr
 ets Jan  8 2013,rst cause:1, boot mode:(3,6)

load 0x4010f000, len 1384, room 16 
tail 8
chksum 0x2d
csum 0x2d
v8b899c12
~ld


6.01
 0h00:02.991 2021/05/21T00:06:51z: DS3231
 0h00:03.007 2021/05/21T00:06:51z: BME280 (0x76)
 0h00:03.021 2021/05/21T00:06:51z: 10:52:1c:4d:ae:9b
 0h00:03.023 2021/05/21T00:06:51z: SSID: Apollonia Students Halls
 0h00:03.028 2021/05/21T00:06:51z: AP_STAR tmr
 ets Jan  8 2013,rst cause:1, boot mode:(3,6)

load 0x4010f000, len 1384, room 16 
tail 8
chksum 0x2d
csum 0x2d
v8b899c12
~ld


6.01
 0h00:02.996 2021/05/21T00:26:47z: DS3231
 0h00:03.012 2021/05/21T00:26:47z: BME280 (0x76)
 0h00:03.026 2021/05/21T00:26:47z: 10:52:1c:4d:ae:9b
 0h00:03.028 2021/05/21T00:26:47z: SSID: Apollonia Students Halls
 0h00:03.033 2021/05/21T00:26:47z: AP_STA