R tmr
 ets Jan  8 2013,rst cause:1, boot mode:(3,7)

load 0x4010f000, len 1384, room 16 
tail 8
chksum 0x2d
csum 0x2d
v8b899c12
~ld


6.01
 0h00:02.995 2021/05/27T00:09:51z: DS3231
 0h00:03.010 2021/05/27T00:09:51z: BME280 (0x76)
 0h00:03.024 2021/05/27T00:09:51z: 10:52:1c:41:79:b5
 0h00:03.026 2021/05/27T00:09:51z: SSID: ARRIS-5A97
 0h00:03.031 2021/05/27T00:09:51z: AP_STAR tmr
 ets Jan  8 2013,rst cause:1, boot mode:(3,7)

load 0x4010f000, len 1384, room 16 
tail 8
chksum 0x2d
csum 0x2d
v8b899c12
~ld


6.01
 0h00:02.998 2021/05/27T00:29:47z: DS3231
 0h00:03.013 2021/05/27T00:29:47z: BME280 (0x76)
 0h00:03.028 2021/05/27T00:29:47z: 10:52:1c:41:79:b5
 0h00:03.029 2021/05/27T00:29:47z: SSID: ARRIS-5A97
 0h00:03.034 2021/05/27T00:29:47z: AP_STAR tmr
 ets Jan  8 2013,rst cause:1, boot mode:(3,7)

load 0x4010f000, len 1384, room 16 
tail 8
chksum 0x2d
csum 0x2d
v8b899c12
~ld


6.01
 0h00:02.999 2021/05/27T00:49:43z: DS3231
 0h00:03.015 2021/05/27T00:49:43z: BME280 (0x76)
 0h00:03.029 2021/05/27T00:49:43z: 10:52:1c:41:79:b5
 0h00:03.031 2021/05/27T00:49:43z: SSID: ARRIS-5A97
 0h00:03.036 2021/05/27T00:49:43z: AP_STAR tmr
 ets Jan  8 2013,rst cause:1, boot mode:(3,7)

load 0x4010f000, len 1384, room 16 
tail 8
chksum 0x2d
csum 0x2d
v8b899c12
~ld


6.01
 0h00:03.000 2021/05/27T01:09:40z: DS3231
 0h00:03.015 2021/05/27T01:09:40z: BME280 (0x76)
 0h00:03.030 2021/05/27T01:09:40z: 10:52:1c:41:79:b5
 0h00:03.031 2021/05/27T01:09:40z: SSID: ARRIS-5A97
 0h00:03.036 2021/05/27T01:09:40z: AP_STAR tmr
 ets Jan  8 2013,rst cause:1, boot mode:(3,7)

load 0x4010f000, len 1384, room 16 
tail 8
chksum 0x2d
csum 0x2d
v8b899c12
~ld


6.01
 0h00:03.005 2021/05/27T01:29:35z: DS3231
 0h00:03.020 2021/05/27T01:29:35z: BME280 (0x76)
 0h00:03.034 2021/05/27T01:29:35z: 10:52:1c:41:79:b5
 0h00:03.036 2021/05/27T01:29:35z: SSID: ARRIS-5A97
 0h00:03.041 2021/05/27T01:29:35z: AP_STAR tmr
 ets Jan  8 2013,rst cause:1, boot mode:(3,7)

load 0x4010f000, len 1384, room 16 
tail 8
chksum 0x2d
csum 0x2d
v8b899c12
~ld


6.01
 0h00:03.010 2021/05/27T01:49:31z: DS3231
 0h00:03.026 2021/05/27T01:49:31z: BME280 (0x76)
 0h00:03.040 2021/05/27T01:49:31z: 10:52:1c:41:79:b5
 0h00:03.042 2021/05/27T01:49:31z: SSID: ARRIS-5A97
 0h00:03.047 2021/05/27T01:49:31z: AP_STAR tmr
 ets Jan  8 2013,rst cause:1, boot mode:(3,7)

load 0x4010f000, len 1384, room 16 
tail 8
chksum 0x2d
csum 0x2d
v8b899c12
~ld


6.01
 0h00:03.018 2021/05/27T02:09:27z: DS3231
 0h00:03.033 2021/05/27T02:09:27z: BME280 (0x76)
 0h00:03.047 2021/05/27T02:09:27z: 10:52:1c:41:79:b5
 0h00:03.049 2021/05/27T02:09:27z: SSID: ARRIS-5A97
 0h00:03.054 2021/05/27T02:09:27z: AP_STAR tmr
 ets Jan  8 2013,rst cause:1, boot mode:(3,7)

load 0x4010f000, len 1384, room 16 
tail 8
chksum 0x2d
csum 0x2d
v8b899c12
~ld


6.01
 0h00:02.994 2021/05/27T02:29:23z: DS3231
 0h00:03.010 2021/05/27T02:29:23z: BME280 (0x76)
 0h00:03.024 2021/05/27T02:29:23z: 10:52:1c:41:79:b5
 0h00:03.025 2021/05/27T02:29:23z: SSID: ARRIS-5A97
 0h00:03.031 2021/05/27T02:29:23z: AP_STAR tmr
 ets Jan  8 2013,rst cause:1, boot mode:(3,7)

load 0x4010f000, len 1384, room 16 
tail 8
chksum 0x2d
csum 0x2d
v8b899c12
~ld


6.01
 0h00:02.994 2021/05/27T02:49:19z: DS3231
 0h00:03.009 2021/05/27T02:49:19z: BME280 (0x76)
 0h00:03.023 2021/05/27T02:49:19z: 10:52:1c:41:79:b5
 0h00:03.025 2021/05/27T02:49:19z: SSID: ARRIS-5A97
 0h00:03.030 2021/05/27T02:49:19z: AP_STAR tmr
 ets Jan  8 2013,rst cause:1, boot mode:(3,7)

load 0x4010f000, len 1384, room 16 
tail 8
chksum 0x2d
csum 0x2d
v8b899c12
~ld


6.01
 0h00:02.998 2021/05/27T03:09:16z: DS3231
 0h00:03.013 2021/05/27T03:09:16z: BME280 (0x76)
 0h00:03.028 2021/05/27T03:09:16z: 10:52:1c:41:79:b5
 0h00:03.029 2021/05/27T03:09:16z: SSID: ARRIS-5A97
 0h00:03.034 2021/05/27T03:09:16z: AP_STAR tmr
 ets Jan  8 2013,rst cause:1, boot mode:(3,7)

load 0x4010f000, len 1384, room 16 
tail 8
chksum 0x2d
csum 0x2d
v8b899c12
~ld


6.01
 0h00:03.000 2021/05/27T03:29:12z: DS3231
 0h00:03.016 2021/05/27T03:29:12z: BME280 (0x76)
 0h00:03.030 2021/05/27T03:29:12z: 10:52:1c:41:79:b5
 0h00:03.032 2021/05/27T03:29:12z: SSID: ARRIS-5A97
 0h00:03.037 2021/05/27T03:29:12z: AP_STAR tmr
 ets Jan  8 2013,rst cause:1, boot mode:(3,7)

load 0x4010f000, len 1384, room 16 
tail 8
chksum 0x2d
csum 0x2d
v8b899c12
~ld


6.01
 0h00:02.999 2021/05/27T03:49:08z: DS3231
 0h00:03.014 2021/05/27T03:49:08z: BME280 (0x76)
 0h00:03.029 2021/05/27T03:49:08z: 10:52:1c:41:79:b5
 0h00:03.030 2021/05/27T03:49:08z: SSID: ARRIS-5A97
 0h00:03.035 2021/05/27T03:49:08z: AP_STAR tmr
 ets Jan  8 2013,rst cause:1, boot mode:(3,7)

load 0x4010f000, len 1384, room 16 
tail 8
chksum 0x2d
csum 0x2d
v8b899c12
~ld


6.01
 0h00:03.008 2021/05/27T04:09:04z: DS3231
 0h00:03.023 2021/05/27T04:09:04z: BME280 (0x76)
 0h00:03.037 2021/05/27T04:09:04z: 10:52:1c:41:79:b5
 0h00:03.039 2021/05/27T04:09:04z: SSID: ARRIS-5A97
 0h00:03.044 2021/05/27T04:09:04z: AP_STAR tmr
 ets Jan  8 2013,rst cause:1, boot mode:(3,7)

load 0x4010f000, len 1384, room 16 
tail 8
chksum 0x2d
csum 0x2d
v8b899c12
~ld


6.01
 0h00:03.018 2021/05/27T04:29:01z: DS3231
 0h00:03.033 2021/05/27T04:29:01z: BME280 (0x76)
 0h00:03.047 2021/05/27T04:29:01z: 10:52:1c:41:79:b5
 0h00:03.049 2021/05/27T04:29:01z: SSID: ARRIS-5A97
 0h00:03.054 2021/05/27T04:29:01z: AP_STAR tmr
 ets Jan  8 2013,rst cause:1, boot mode:(3,7)

load 0x4010f000, len 1384, room 16 
tail 8
chksum 0x2d
csum 0x2d
v8b899c12
~ld


6.01
 0h00:03.006 2021/05/27T04:48:57z: DS3231
 0h00:03.021 2021/05/27T04:48:57z: BME280 (0x76)
 0h00:03.035 2021/05/27T04:48:57z: 10:52:1c:41:79:b5
 0h00:03.037 2021/05/27T04:48:57z: SSID: ARRIS-5A97
 0h00:03.042 2021/05/27T04:48:57z: AP_STAR tmr
 ets Jan  8 2013,rst cause:1, boot mode:(3,7)

load 0x4010f000, len 1384, room 16 
tail 8
chksum 0x2d
csum 0x2d
v8b899c12
~ld


6.01
 0h00:03.013 2021/05/27T05:08:53z: DS3231
 0h00:03.029 2021/05/27T05:08:53z: BME280 (0x76)
 0h00:03.043 2021/05/27T05:08:53z: 10:52:1c:41:79:b5
 0h00:03.044 2021/05/27T05:08:53z: SSID: ARRIS-5A97
 0h00:03.050 2021/05/27T05:08:53z: AP_STAR tmr
 ets Jan  8 2013,rst cause:1, boot mode:(3,7)

load 0x4010f000, len 1384, room 16 
tail 8
chksum 0x2d
csum 0x2d
v8b899c12
~ld


6.01
 0h00:03.019 2021/05/27T05:28:49z: DS3231
 0h00:03.035 2021/05/27T05:28:49z: BME280 (0x76)
 0h00:03.049 2021/05/27T05:28:49z: 10:52:1c:41:79:b5
 0h00:03.050 2021/05/27T05:28:49z: SSID: ARRIS-5A97
 0h00:03.056 2021/05/27T05:28:49z: AP_STAR tmr
 ets Jan  8 2013,rst cause:1, boot mode:(3,7)

load 0x4010f000, len 1384, room 16 
tail 8
chksum 0x2d
csum 0x2d
v8b899c12
~ld


6.01
 0h00:02.995 2021/05/27T05:48:45z: DS3231
 0h00:03.010 2021/05/27T05:48:45z: BME280 (0x76)
 0h00:03.025 2021/05/27T05:48:45z: 10:52:1c:41:79:b5
 0h00:03.026 2021/05/27T05:48:45z: SSID: ARRIS-5A97
 0h00:03.032 2021/05/27T05:48:45z: AP_STAR tmr
 ets Jan  8 2013,rst cause:1, boot mode:(3,7)

load 0x4010f000, len 1384, room 16 
tail 8
chksum 0x2d
csum 0x2d
v8b899c12
~ld


6.01
 0h00:03.000 2021/05/27T06:08:41z: DS3231
 0h00:03.015 2021/05/27T06:08:41z: BME280 (0x76)
 0h00:03.029 2021/05/27T06:08:41z: 10:52:1c:41:79:b5
 0h00:03.031 2021/05/27T06:08:41z: SSID: ARRIS-5A97
 0h00:03.036 2021/05/27T06:08:41z: AP_STAR tmr
 ets Jan  8 2013,rst cause:1, boot mode:(3,7)

load 0x4010f000, len 1384, room 16 
tail 8
chksum 0x2d
csum 0x2d
v8b899c12
~ld


6.01
 0h00:03.002 2021/05/27T06:28:37z: DS3231
 0h00:03.017 2021/05/27T06:28:37z: BME280 (0x76)
 0h00:03.031 2021/05/27T06:28:37z: 10:52:1c:41:79:b5
 0h00:03.033 2021/05/27T06:28:37z: SSID: ARRIS-5A97
 0h00:03.038 2021/05/27T06:28:37z: AP_STAR tmr connected clients
R tmr connected clients
R tmr connected clients
R tmr connected clients
R tmr connected clients
R tmr connected clients
R tmr connected clients
R tmr connected clients
R tmr connected clients
R tmr connected clients
R tmr connected clients
R tmr connected clients
R tmr connected clients
R tmr connected clients
R tmr connected clients
R tmr
 ets Jan  8 2013,rst cause:1, boot mode:(3,7)

load 0x4010f000, len 1384, room 16 
tail 8
chksum 0x2d
csum 0x2d
v8b899c12
~ld


6.01
 0h00:03.000 2021/05/27T07:18:33z: DS3231
 0h00:03.015 2021/05/27T07:18:33z: BME280 (0x76)
 0h00:03.029 2021/05/27T07:18:33z: 10:52:1c:41:79:b5
 0h00:03.031 2021/05/27T07:18:33z: SSID: ARRIS-5A97
 0h00:03.036 2021/05/27T07:18:33z: AP_STAR tmr
 ets Jan  8 2013,rst cause:1, boot mode:(3,7)

load 0x4010f000, len 1384, room 16 
tail 8
chksum 0x2d
csum 0x2d
v8b899c12
~ld


6.01
 0h00:03.004 2021/05/27T07:38:29z: DS3231
 0h00:03.019 2021/05/27T07:38:29z: BME280 (0x76)
 0h00:03.034 2021/05/27T07:38:29z: 10:52:1c:41:79:b5
 0h00:03.035 2021/05/27T07:38:29z: SSID: ARRIS-5A97
 0h00:03.040 2021/05/27T07:38:29z: AP_STAR tmr
 ets Jan  8 2013,rst cause:1, boot mode:(3,7)

load 0x4010f000, len 1384, room 16 
tail 8
chksum 0x2d
csum 0x2d
v8b899c12
~ld


6.01
 0h00:02.995 2021/05/27T07:58:25z: DS3231
 0h00:03.010 2021/05/27T07:58:25z: BME280 (0x76)
 0h00:03.025 2021/05/27T07:58:25z: 10:52:1c:41:79:b5
 0h00:03.026 2021/05/27T07:58:25z: SSID: ARRIS-5A97
 0h00:03.031 2021/05/27T07:58:25z: AP_STAR tmr
 ets Jan  8 2013,rst cause:1, boot mode:(3,7)

load 0x4010f000, len 1384, room 16 
tail 8
chksum 0x2d
csum 0x2d
v8b899c12
~ld


6.01
 0h00:03.010 2021/05/27T08:18:21z: DS3231
 0h00:03.025 2021/05/27T08:18:21z: BME280 (0x76)
 0h00:03.039 2021/05/27T08:18:21z: 10:52:1c:41:79:b5
 0h00:03.041 2021/05/27T08:18:21z: SSID: ARRIS-5A97
 0h00:03.046 2021/05/27T08:18:21z: AP_STAR tmr
 ets Jan  8 2013,rst cause:1, boot mode:(3,7)

load 0x4010f000, len 1384, room 16 
tail 8
chksum 0x2d
csum 0x2d
v8b899c12
~ld


6.01
 0h00:03.010 2021/05/27T08:38:17z: DS3231
 0h00:03.025 2021/05/27T08:38:17z: BME280 (0x76)
 0h00:03.039 2021/05/27T08:38:17z: 10:52:1c:41:79:b5
 0h00:03.041 2021/05/27T08:38:17z: SSID: ARRIS-5A97
 0h00:03.046 2021/05/27T08:38:17z: AP_STAR tmr
 ets Jan  8 2013,rst cause:1, boot mode:(3,7)

load 0x4010f000, len 1384, room 16 
tail 8
chksum 0x2d
csum 0x2d
v8b899c12
~ld


6.01
 0h00:03.019 2021/05/27T08:58:13z: DS3231
 0h00:03.034 2021/05/27T08:58:13z: BME280 (0x76)
 0h00:03.048 2021/05/27T08:58:13z: 10:52:1c:41:79:b5
 0h00:03.050 2021/05/27T08:58:13z: SSID: ARRIS-5A97
 0h00:03.055 2021/05/27T08:58:13z: AP_STAR tmr
 ets Jan  8 2013,rst cause:1, boot mode:(3,7)

load 0x4010f000, len 1384, room 16 
tail 8
chksum 0x2d
csum 0x2d
v8b899c12
~ld


6.01
 0h00:03.028 2021/05/27T09:18:09z: DS3231
 0h00:03.043 2021/05/27T09:18:09z: BME280 (0x76)
 0h00:03.058 2021/05/27T09:18:09z: 10:52:1c:41:79:b5
 0h00:03.059 2021/05/27T09:18:09z: SSID: ARRIS-5A97
 0h00:03.064 2021/05/27T09:18:09z: AP_STAR tmr
 ets Jan  8 2013,rst cause:1, boot mode:(3,7)

load 0x4010f000, len 1384, room 16 
tail 8
chksum 0x2d
csum 0x2d
v8b899c12
~ld


6.01
 0h00:03.000 2021/05/27T09:38:05z: DS3231
 0h00:03.016 2021/05/27T09:38:05z: BME280 (0x76)
 0h00:03.030 2021/05/27T09:38:05z: 10:52:1c:41:79:b5
 0h00:03.031 2021/05/27T09:38:05z: SSID: ARRIS-5A97
 0h00:03.037 2021/05/27T09:38:05z: AP_STAR tmr
 ets Jan  8 2013,rst cause:1, boot mode:(3,7)

load 0x4010f000, len 1384, room 16 
tail 8
chksum 0x2d
csum 0x2d
v8b899c12
~ld


6.01
 0h00:03.002 2021/05/27T09:58:01z: DS3231
 0h00:03.017 2021/05/27T09:58:01z: BME280 (0x76)
 0h00:03.031 2021/05/27T09:58:01z: 10:52:1c:41:79:b5
 0h00:03.033 2021/05/27T09:58:01z: SSID: ARRIS-5A97
 0h00:03.038 2021/05/27T09:58:01z: AP_STAR tmr
 ets Jan  8 2013,rst cause:1, boot mode:(3,7)

load 0x4010f000, len 1384, room 16 
tail 8
chksum 0x2d
csum 0x2d
v8b899c12
~ld


6.01
 0h00:02.996 2021/05/27T10:17:57z: DS3231
 0h00:03.011 2021/05/27T10:17:57z: BME280 (0x76)
 0h00:03.025 2021/05/27T10:17:57z: 10:52:1c:41:79:b5
 0h00:03.027 2021/05/27T10:17:57z: SSID: ARRIS-5A97
 0h00:03.032 2021/05/27T10:17:57z: AP_STA