R tmr
 ets Jan  8 2013,rst cause:1, boot mode:(3,7)

load 0x4010f000, len 1384, room 16 
tail 8
chksum 0x2d
csum 0x2d
v8b899c12
~ld


6.01
 0h00:02.999 2021/05/26T11:52:17z: DS3231
 0h00:03.015 2021/05/26T11:52:17z: BME280 (0x76)
 0h00:03.029 2021/05/26T11:52:17z: 10:52:1c:41:79:b5
 0h00:03.031 2021/05/26T11:52:17z: SSID: ARRIS-5A97
 0h00:03.036 2021/05/26T11:52:17z: AP_STAR tmr
 ets Jan  8 2013,rst cause:1, boot mode:(3,7)

load 0x4010f000, len 1384, room 16 
tail 8
chksum 0x2d
csum 0x2d
v8b899c12
~ld


6.01
 0h00:03.009 2021/05/26T12:12:14z: DS3231
 0h00:03.024 2021/05/26T12:12:14z: BME280 (0x76)
 0h00:03.038 2021/05/26T12:12:14z: 10:52:1c:41:79:b5
 0h00:03.040 2021/05/26T12:12:14z: SSID: ARRIS-5A97
 0h00:03.045 2021/05/26T12:12:14z: AP_STAR tmr
 ets Jan  8 2013,rst cause:1, boot mode:(3,7)

load 0x4010f000, len 1384, room 16 
tail 8
chksum 0x2d
csum 0x2d
v8b899c12
~ld


6.01
 0h00:03.014 2021/05/26T12:32:10z: DS3231
 0h00:03.029 2021/05/26T12:32:10z: BME280 (0x76)
 0h00:03.043 2021/05/26T12:32:10z: 10:52:1c:41:79:b5
 0h00:03.045 2021/05/26T12:32:10z: SSID: ARRIS-5A97
 0h00:03.050 2021/05/26T12:32:10z: AP_STAR tmr
 ets Jan  8 2013,rst cause:1, boot mode:(3,7)

load 0x4010f000, len 1384, room 16 
tail 8
chksum 0x2d
csum 0x2d
v8b899c12
~ld


6.01
 0h00:03.021 2021/05/26T12:52:06z: DS3231
 0h00:03.036 2021/05/26T12:52:06z: BME280 (0x76)
 0h00:03.050 2021/05/26T12:52:06z: 10:52:1c:41:79:b5
 0h00:03.052 2021/05/26T12:52:06z: SSID: ARRIS-5A97
 0h00:03.057 2021/05/26T12:52:06z: AP_STAR tmr
 ets Jan  8 2013,rst cause:1, boot mode:(3,7)

load 0x4010f000, len 1384, room 16 
tail 8
chksum 0x2d
csum 0x2d
v8b899c12
~ld


6.01
 0h00:02.995 2021/05/26T13:12:02z: DS3231
 0h00:03.010 2021/05/26T13:12:02z: BME280 (0x76)
 0h00:03.024 2021/05/26T13:12:02z: 10:52:1c:41:79:b5
 0h00:03.026 2021/05/26T13:12:02z: SSID: ARRIS-5A97
 0h00:03.031 2021/05/26T13:12:02z: AP_STAR tmr
 ets Jan  8 2013,rst cause:1, boot mode:(3,7)

load 0x4010f000, len 1384, room 16 
tail 8
chksum 0x2d
csum 0x2d
v8b899c12
~ld


6.01
 0h00:02.998 2021/05/26T13:31:58z: DS3231
 0h00:03.013 2021/05/26T13:31:58z: BME280 (0x76)
 0h00:03.027 2021/05/26T13:31:58z: 10:52:1c:41:79:b5
 0h00:03.029 2021/05/26T13:31:58z: SSID: ARRIS-5A97
 0h00:03.034 2021/05/26T13:31:58z: AP_STAR tmr
 ets Jan  8 2013,rst cause:1, boot mode:(3,7)

load 0x4010f000, len 1384, room 16 
tail 8
chksum 0x2d
csum 0x2d
v8b899c12
~ld


6.01
 0h00:02.999 2021/05/26T13:51:54z: DS3231
 0h00:03.015 2021/05/26T13:51:54z: BME280 (0x76)
 0h00:03.029 2021/05/26T13:51:54z: 10:52:1c:41:79:b5
 0h00:03.030 2021/05/26T13:51:54z: SSID: ARRIS-5A97
 0h00:03.036 2021/05/26T13:51:54z: AP_STAR tmr
 ets Jan  8 2013,rst cause:1, boot mode:(3,7)

load 0x4010f000, len 1384, room 16 
tail 8
chksum 0x2d
csum 0x2d
v8b899c12
~ld


6.01
 0h00:02.994 2021/05/26T14:11:50z: DS3231
 0h00:03.009 2021/05/26T14:11:51z: BME280 (0x76)
 0h00:03.023 2021/05/26T14:11:51z: 10:52:1c:41:79:b5
 0h00:03.025 2021/05/26T14:11:51z: SSID: ARRIS-5A97
 0h00:03.030 2021/05/26T14:11:51z: AP_STAR tmr
 ets Jan  8 2013,rst cause:1, boot mode:(3,7)

load 0x4010f000, len 1384, room 16 
tail 8
chksum 0x2d
csum 0x2d
v8b899c12
~ld


6.01
 0h00:02.996 2021/05/26T14:31:47z: DS3231
 0h00:03.011 2021/05/26T14:31:47z: BME280 (0x76)
 0h00:03.026 2021/05/26T14:31:47z: 10:52:1c:41:79:b5
 0h00:03.027 2021/05/26T14:31:47z: SSID: ARRIS-5A97
 0h00:03.032 2021/05/26T14:31:47z: AP_STAR tmr
 ets Jan  8 2013,rst cause:1, boot mode:(3,7)

load 0x4010f000, len 1384, room 16 
tail 8
chksum 0x2d
csum 0x2d
v8b899c12
~ld


6.01
 0h00:03.010 2021/05/26T14:51:44z: DS3231
 0h00:03.025 2021/05/26T14:51:44z: BME280 (0x76)
 0h00:03.039 2021/05/26T14:51:44z: 10:52:1c:41:79:b5
 0h00:03.041 2021/05/26T14:51:44z: SSID: ARRIS-5A97
 0h00:03.046 2021/05/26T14:51:44z: AP_STAR tmr
 ets Jan  8 2013,rst cause:1, boot mode:(3,7)

load 0x4010f000, len 1384, room 16 
tail 8
chksum 0x2d
csum 0x2d
v8b899c12
~ld


6.01
 0h00:03.009 2021/05/26T15:11:40z: DS3231
 0h00:03.024 2021/05/26T15:11:40z: BME280 (0x76)
 0h00:03.038 2021/05/26T15:11:40z: 10:52:1c:41:79:b5
 0h00:03.040 2021/05/26T15:11:40z: SSID: ARRIS-5A97
 0h00:03.045 2021/05/26T15:11:40z: AP_STAR tmr
 ets Jan  8 2013,rst cause:1, boot mode:(3,7)

load 0x4010f000, len 1384, room 16 
tail 8
chksum 0x2d
csum 0x2d
v8b899c12
~ld


6.01
 0h00:03.019 2021/05/26T15:31:36z: DS3231
 0h00:03.034 2021/05/26T15:31:36z: BME280 (0x76)
 0h00:03.049 2021/05/26T15:31:36z: 10:52:1c:41:79:b5
 0h00:03.050 2021/05/26T15:31:36z: SSID: ARRIS-5A97
 0h00:03.055 2021/05/26T15:31:36z: AP_STAR tmr
 ets Jan  8 2013,rst cause:1, boot mode:(3,7)

load 0x4010f000, len 1384, room 16 
tail 8
chksum 0x2d
csum 0x2d
v8b899c12
~ld


6.01
 0h00:02.993 2021/05/26T15:51:32z: DS3231
 0h00:03.008 2021/05/26T15:51:32z: BME280 (0x76)
 0h00:03.022 2021/05/26T15:51:32z: 10:52:1c:41:79:b5
 0h00:03.024 2021/05/26T15:51:32z: SSID: ARRIS-5A97
 0h00:03.029 2021/05/26T15:51:32z: AP_STAR tmr
 ets Jan  8 2013,rst cause:1, boot mode:(3,7)

load 0x4010f000, len 1384, room 16 
tail 8
chksum 0x2d
csum 0x2d
v8b899c12
~ld


6.01
 0h00:02.997 2021/05/26T16:11:28z: DS3231
 0h00:03.013 2021/05/26T16:11:28z: BME280 (0x76)
 0h00:03.027 2021/05/26T16:11:28z: 10:52:1c:41:79:b5
 0h00:03.028 2021/05/26T16:11:28z: SSID: ARRIS-5A97
 0h00:03.034 2021/05/26T16:11:28z: AP_STAR tmr
 ets Jan  8 2013,rst cause:1, boot mode:(3,7)

load 0x4010f000, len 1384, room 16 
tail 8
chksum 0x2d
csum 0x2d
v8b899c12
~ld


6.01
 0h00:02.998 2021/05/26T16:31:24z: DS3231
 0h00:03.014 2021/05/26T16:31:24z: BME280 (0x76)
 0h00:03.028 2021/05/26T16:31:24z: 10:52:1c:41:79:b5
 0h00:03.029 2021/05/26T16:31:24z: SSID: ARRIS-5A97
 0h00:03.035 2021/05/26T16:31:24z: AP_STAR tmr
 ets Jan  8 2013,rst cause:1, boot mode:(3,7)

load 0x4010f000, len 1384, room 16 
tail 8
chksum 0x2d
csum 0x2d
v8b899c12
~ld


6.01
 0h00:03.000 2021/05/26T16:51:20z: DS3231
 0h00:03.016 2021/05/26T16:51:20z: BME280 (0x76)
 0h00:03.030 2021/05/26T16:51:20z: 10:52:1c:41:79:b5
 0h00:03.032 2021/05/26T16:51:20z: SSID: ARRIS-5A97
 0h00:03.037 2021/05/26T16:51:20z: AP_STAR tmr
 ets Jan  8 2013,rst cause:1, boot mode:(3,7)

load 0x4010f000, len 1384, room 16 
tail 8
chksum 0x2d
csum 0x2d
v8b899c12
~ld


6.01
 0h00:02.996 2021/05/26T17:11:16z: DS3231
 0h00:03.011 2021/05/26T17:11:16z: BME280 (0x76)
 0h00:03.025 2021/05/26T17:11:16z: 10:52:1c:41:79:b5
 0h00:03.027 2021/05/26T17:11:16z: SSID: ARRIS-5A97
 0h00:03.032 2021/05/26T17:11:16z: AP_STAR tmr
 ets Jan  8 2013,rst cause:1, boot mode:(3,7)

load 0x4010f000, len 1384, room 16 
tail 8
chksum 0x2d
csum 0x2d
v8b899c12
~ld


6.01
 0h00:03.007 2021/05/26T17:31:12z: DS3231
 0h00:03.022 2021/05/26T17:31:12z: BME280 (0x76)
 0h00:03.036 2021/05/26T17:31:12z: 10:52:1c:41:79:b5
 0h00:03.038 2021/05/26T17:31:12z: SSID: ARRIS-5A97
 0h00:03.043 2021/05/26T17:31:12z: AP_STAR tmr
 ets Jan  8 2013,rst cause:1, boot mode:(3,7)

load 0x4010f000, len 1384, room 16 
tail 8
chksum 0x2d
csum 0x2d
v8b899c12
~ld


6.01
 0h00:03.013 2021/05/26T17:51:09z: DS3231
 0h00:03.028 2021/05/26T17:51:09z: BME280 (0x76)
 0h00:03.042 2021/05/26T17:51:09z: 10:52:1c:41:79:b5
 0h00:03.044 2021/05/26T17:51:09z: SSID: ARRIS-5A97
 0h00:03.049 2021/05/26T17:51:09z: AP_STAR tmr
 ets Jan  8 2013,rst cause:1, boot mode:(3,7)

load 0x4010f000, len 1384, room 16 
tail 8
chksum 0x2d
csum 0x2d
v8b899c12
~ld


6.01
 0h00:03.018 2021/05/26T18:11:05z: DS3231
 0h00:03.033 2021/05/26T18:11:05z: BME280 (0x76)
 0h00:03.047 2021/05/26T18:11:05z: 10:52:1c:41:79:b5
 0h00:03.049 2021/05/26T18:11:05z: SSID: ARRIS-5A97
 0h00:03.054 2021/05/26T18:11:05z: AP_STAR tmr
 ets Jan  8 2013,rst cause:1, boot mode:(3,7)

load 0x4010f000, len 1384, room 16 
tail 8
chksum 0x2d
csum 0x2d
v8b899c12
~ld


6.01
 0h00:02.988 2021/05/26T18:31:01z: DS3231
 0h00:03.003 2021/05/26T18:31:01z: BME280 (0x76)
 0h00:03.017 2021/05/26T18:31:01z: 10:52:1c:41:79:b5
 0h00:03.019 2021/05/26T18:31:01z: SSID: ARRIS-5A97
 0h00:03.024 2021/05/26T18:31:01z: AP_STAR tmr
 ets Jan  8 2013,rst cause:1, boot mode:(3,7)

load 0x4010f000, len 1384, room 16 
tail 8
chksum 0x2d
csum 0x2d
v8b899c12
~ld


6.01
 0h00:02.992 2021/05/26T18:50:57z: DS3231
 0h00:03.007 2021/05/26T18:50:57z: BME280 (0x76)
 0h00:03.022 2021/05/26T18:50:57z: 10:52:1c:41:79:b5
 0h00:03.023 2021/05/26T18:50:57z: SSID: ARRIS-5A97
 0h00:03.028 2021/05/26T18:50:57z: AP_STAR tmr
 ets Jan  8 2013,rst cause:1, boot mode:(3,7)

load 0x4010f000, len 1384, room 16 
tail 8
chksum 0x2d
csum 0x2d
v8b899c12
~ld


6.01
 0h00:02.992 2021/05/26T19:10:53z: DS3231
 0h00:03.007 2021/05/26T19:10:53z: BME280 (0x76)
 0h00:03.021 2021/05/26T19:10:53z: 10:52:1c:41:79:b5
 0h00:03.023 2021/05/26T19:10:53z: SSID: ARRIS-5A97
 0h00:03.028 2021/05/26T19:10:53z: AP_STAR tmr
 ets Jan  8 2013,rst cause:1, boot mode:(3,7)

load 0x4010f000, len 1384, room 16 
tail 8
chksum 0x2d
csum 0x2d
v8b899c12
~ld


6.01
 0h00:02.994 2021/05/26T19:30:49z: DS3231
 0h00:03.009 2021/05/26T19:30:49z: BME280 (0x76)
 0h00:03.023 2021/05/26T19:30:49z: 10:52:1c:41:79:b5
 0h00:03.025 2021/05/26T19:30:49z: SSID: ARRIS-5A97
 0h00:03.030 2021/05/26T19:30:49z: AP_STAR tmr
 ets Jan  8 2013,rst cause:1, boot mode:(3,7)

load 0x4010f000, len 1384, room 16 
tail 8
chksum 0x2d
csum 0x2d
v8b899c12
~ld


6.01
 0h00:02.996 2021/05/26T19:50:45z: DS3231
 0h00:03.012 2021/05/26T19:50:45z: BME280 (0x76)
 0h00:03.026 2021/05/26T19:50:45z: 10:52:1c:41:79:b5
 0h00:03.028 2021/05/26T19:50:45z: SSID: ARRIS-5A97
 0h00:03.033 2021/05/26T19:50:45z: AP_STAR tmr
 ets Jan  8 2013,rst cause:1, boot mode:(3,7)

load 0x4010f000, len 1384, room 16 
tail 8
chksum 0x2d
csum 0x2d
v8b899c12
~ld


6.01
 0h00:03.007 2021/05/26T20:10:41z: DS3231
 0h00:03.023 2021/05/26T20:10:41z: BME280 (0x76)
 0h00:03.037 2021/05/26T20:10:41z: 10:52:1c:41:79:b5
 0h00:03.039 2021/05/26T20:10:41z: SSID: ARRIS-5A97
 0h00:03.044 2021/05/26T20:10:41z: AP_STAR tmr
 ets Jan  8 2013,rst cause:1, boot mode:(3,7)

load 0x4010f000, len 1384, room 16 
tail 8
chksum 0x2d
csum 0x2d
v8b899c12
~ld


6.01
 0h00:03.012 2021/05/26T20:30:37z: DS3231
 0h00:03.027 2021/05/26T20:30:37z: BME280 (0x76)
 0h00:03.041 2021/05/26T20:30:37z: 10:52:1c:41:79:b5
 0h00:03.043 2021/05/26T20:30:37z: SSID: ARRIS-5A97
 0h00:03.048 2021/05/26T20:30:37z: AP_STAR tmr
 ets Jan  8 2013,rst cause:1, boot mode:(3,7)

load 0x4010f000, len 1384, room 16 
tail 8
chksum 0x2d
csum 0x2d
v8b899c12
~ld


6.01
 0h00:03.021 2021/05/26T20:50:33z: DS3231
 0h00:03.037 2021/05/26T20:50:33z: BME280 (0x76)
 0h00:03.051 2021/05/26T20:50:33z: 10:52:1c:41:79:b5
 0h00:03.053 2021/05/26T20:50:33z: SSID: ARRIS-5A97
 0h00:03.058 2021/05/26T20:50:33z: AP_STAR tmr
 ets Jan  8 2013,rst cause:1, boot mode:(3,7)

load 0x4010f000, len 1384, room 16 
tail 8
chksum 0x2d
csum 0x2d
v8b899c12
~ld


6.01
 0h00:02.992 2021/05/26T21:10:29z: DS3231
 0h00:03.007 2021/05/26T21:10:29z: BME280 (0x76)
 0h00:03.022 2021/05/26T21:10:29z: 10:52:1c:41:79:b5
 0h00:03.023 2021/05/26T21:10:29z: SSID: ARRIS-5A97
 0h00:03.028 2021/05/26T21:10:29z: AP_STAR tmr
 ets Jan  8 2013,rst cause:1, boot mode:(3,7)

load 0x4010f000, len 1384, room 16 
tail 8
chksum 0x2d
csum 0x2d
v8b899c12
~ld


6.01
 0h00:02.995 2021/05/26T21:30:25z: DS3231
 0h00:03.010 2021/05/26T21:30:25z: BME280 (0x76)
 0h00:03.024 2021/05/26T21:30:25z: 10:52:1c:41:79:b5
 0h00:03.026 2021/05/26T21:30:25z: SSID: ARRIS-5A97
 0h00:03.031 2021/05/26T21:30:25z: AP_STAR tmr
 ets Jan  8 2013,rst cause:1, boot mode:(3,7)

load 0x4010f000, len 1384, room 16 
tail 8
chksum 0x2d
csum 0x2d
v8b899c12
~ld


6.01
 0h00:02.998 2021/05/26T21:50:21z: DS3231
 0h00:03.013 2021/05/26T21:50:21z: BME280 (0x76)
 0h00:03.027 2021/05/26T21:50:21z: 10:52:1c:41:79:b5
 0h00:03.029 2021/05/26T21:50:21z: SSID: ARRIS-5A97
 0h00:03.034 2021/05/26T21:50:21z: AP_STAR tmr
 ets Jan  8 2013,rst cause:1, boot mode:(3,7)

load 0x4010f000, len 1384, room 16 
tail 8
chksum 0x2d
csum 0x2d
v8b899c12
~ld


6.01
 0h00:02.991 2021/05/26T22:10:16z: DS3231
 0h00:03.006 2021/05/26T22:10:16z: BME280 (0x76)
 0h00:03.020 2021/05/26T22:10:16z: 10:52:1c:41:79:b5
 0h00:03.022 2021/05/26T22:10:16z: SSID: ARRIS-5A97
 0h00:03.027 2021/05/26T22:10:16z: AP_STAR tmr
 ets Jan  8 2013,rst cause:1, boot mode:(3,7)

load 0x4010f000, len 1384, room 16 
tail 8
chksum 0x2d
csum 0x2d
v8b899c12
~ld


6.01
 0h00:02.994 2021/05/26T22:30:12z: DS3231
 0h00:03.010 2021/05/26T22:30:12z: BME280 (0x76)
 0h00:03.024 2021/05/26T22:30:12z: 10:52:1c:41:79:b5
 0h00:03.026 2021/05/26T22:30:12z: SSID: ARRIS-5A97
 0h00:03.031 2021/05/26T22:30:12z: AP_STAR tmr
 ets Jan  8 2013,rst cause:1, boot mode:(3,7)

load 0x4010f000, len 1384, room 16 
tail 8
chksum 0x2d
csum 0x2d
v8b899c12
~ld


6.01
 0h00:03.009 2021/05/26T22:50:08z: DS3231
 0h00:03.024 2021/05/26T22:50:08z: BME280 (0x76)
 0h00:03.038 2021/05/26T22:50:08z: 10:52:1c:41:79:b5
 0h00:03.040 2021/05/26T22:50:08z: SSID: ARRIS-5A97
 0h00:03.045 2021/05/26T22:50:08z: AP_STAR tmr
 ets Jan  8 2013,rst cause:1, boot mode:(3,7)

load 0x4010f000, len 1384, room 16 
tail 8
chksum 0x2d
csum 0x2d
v8b899c12
~ld


6.01
 0h00:03.011 2021/05/26T23:10:03z: DS3231
 0h00:03.026 2021/05/26T23:10:03z: BME280 (0x76)
 0h00:03.040 2021/05/26T23:10:03z: 10:52:1c:41:79:b5
 0h00:03.042 2021/05/26T23:10:03z: SSID: ARRIS-5A97
 0h00:03.047 2021/05/26T23:10:03z: AP_STAR tmr
 ets Jan  8 2013,rst cause:1, boot mode:(3,7)

load 0x4010f000, len 1384, room 16 
tail 8
chksum 0x2d
csum 0x2d
v8b899c12
~ld


6.01
 0h00:03.021 2021/05/26T23:29:59z: DS3231
 0h00:03.036 2021/05/26T23:29:59z: BME280 (0x76)
 0h00:03.050 2021/05/26T23:29:59z: 10:52:1c:41:79:b5
 0h00:03.052 2021/05/26T23:29:59z: SSID: ARRIS-5A97
 0h00:03.057 2021/05/26T23:29:59z: AP_STAR tmr
 ets Jan  8 2013,rst cause:1, boot mode:(3,7)

load 0x4010f000, len 1384, room 16 
tail 8
chksum 0x2d
csum 0x2d
v8b899c12
~ld


6.01
 0h00:02.998 2021/05/26T23:49:55z: DS3231
 0h00:03.013 2021/05/26T23:49:55z: BME280 (0x76)
 0h00:03.027 2021/05/26T23:49:55z: 10:52:1c:41:79:b5
 0h00:03.029 2021/05/26T23:49:55z: SSID: ARRIS-5A97
 0h00:03.034 2021/05/26T23:49:55z: AP_STA