R tmr
 ets Jan  8 2013,rst cause:1, boot mode:(3,6)

load 0x4010f000, len 1384, room 16 
tail 8
chksum 0x2d
csum 0x2d
v8b899c12
~ld


6.01
 0h00:03.047 2021/06/08T00:18:22z: DS3231
 0h00:03.063 2021/06/08T00:18:22z: BME280 (0x76)
 0h00:03.077 2021/06/08T00:18:22z: 10:52:1c:4d:aa:9c
 0h00:03.078 2021/06/08T00:18:22z: SSID: Apollonia Students Halls
 0h00:03.084 2021/06/08T00:18:22z: AP_STAR tmr
 ets Jan  8 2013,rst cause:1, boot mode:(3,6)

load 0x4010f000, len 1384, room 16 
tail 8
chksum 0x2d
csum 0x2d
v8b899c12
~ld


6.01
 0h00:03.050 2021/06/08T00:38:18z: DS3231
 0h00:03.065 2021/06/08T00:38:18z: BME280 (0x76)
 0h00:03.079 2021/06/08T00:38:18z: 10:52:1c:4d:aa:9c
 0h00:03.081 2021/06/08T00:38:18z: SSID: Apollonia Students Halls
 0h00:03.086 2021/06/08T00:38:18z: AP_STAR tmr
 ets Jan  8 2013,rst cause:1, boot mode:(3,6)

load 0x4010f000, len 1384, room 16 
tail 8
chksum 0x2d
csum 0x2d
v8b899c12
~ld


6.01
 0h00:03.055 2021/06/08T00:58:15z: DS3231
 0h00:03.070 2021/06/08T00:58:15z: BME280 (0x76)
 0h00:03.084 2021/06/08T00:58:15z: 10:52:1c:4d:aa:9c
 0h00:03.086 2021/06/08T00:58:15z: SSID: Apollonia Students Halls
 0h00:03.091 2021/06/08T00:58:15z: AP_STAR tmr
 ets Jan  8 2013,rst cause:1, boot mode:(3,6)

load 0x4010f000, len 1384, room 16 
tail 8
chksum 0x2d
csum 0x2d
v8b899c12
~ld


6.01
 0h00:03.065 2021/06/08T01:18:11z: DS3231
 0h00:03.080 2021/06/08T01:18:11z: BME280 (0x76)
 0h00:03.094 2021/06/08T01:18:11z: 10:52:1c:4d:aa:9c
 0h00:03.096 2021/06/08T01:18:11z: SSID: Apollonia Students Halls
 0h00:03.101 2021/06/08T01:18:11z: AP_STAR tmr
 ets Jan  8 2013,rst cause:1, boot mode:(3,6)

load 0x4010f000, len 1384, room 16 
tail 8
chksum 0x2d
csum 0x2d
v8b899c12
~ld


6.01
 0h00:03.038 2021/06/08T01:38:07z: DS3231
 0h00:03.053 2021/06/08T01:38:07z: BME280 (0x76)
 0h00:03.067 2021/06/08T01:38:07z: 10:52:1c:4d:aa:9c
 0h00:03.069 2021/06/08T01:38:07z: SSID: Apollonia Students Halls
 0h00:03.074 2021/06/08T01:38:07z: AP_STAR tmr
 ets Jan  8 2013,rst cause:1, boot mode:(3,6)

load 0x4010f000, len 1384, room 16 
tail 8
chksum 0x2d
csum 0x2d
v8b899c12
~ld


6.01
 0h00:03.042 2021/06/08T01:58:03z: DS3231
 0h00:03.057 2021/06/08T01:58:04z: BME280 (0x76)
 0h00:03.071 2021/06/08T01:58:04z: 10:52:1c:4d:aa:9c
 0h00:03.073 2021/06/08T01:58:04z: SSID: Apollonia Students Halls
 0h00:03.078 2021/06/08T01:58:04z: AP_STAR tmr
 ets Jan  8 2013,rst cause:1, boot mode:(3,6)

load 0x4010f000, len 1384, room 16 
tail 8
chksum 0x2d
csum 0x2d
v8b899c12
~ld


6.01
 0h00:03.043 2021/06/08T02:18:00z: DS3231
 0h00:03.058 2021/06/08T02:18:00z: BME280 (0x76)
 0h00:03.072 2021/06/08T02:18:00z: 10:52:1c:4d:aa:9c
 0h00:03.074 2021/06/08T02:18:00z: SSID: Apollonia Students Halls
 0h00:03.079 2021/06/08T02:18:00z: AP_STAR tmr
 ets Jan  8 2013,rst cause:1, boot mode:(3,6)

load 0x4010f000, len 1384, room 16 
tail 8
chksum 0x2d
csum 0x2d
v8b899c12
~ld


6.01
 0h00:03.046 2021/06/08T02:37:56z: DS3231
 0h00:03.061 2021/06/08T02:37:56z: BME280 (0x76)
 0h00:03.075 2021/06/08T02:37:56z: 10:52:1c:4d:aa:9c
 0h00:03.077 2021/06/08T02:37:56z: SSID: Apollonia Students Halls
 0h00:03.082 2021/06/08T02:37:56z: AP_STAR tmr
 ets Jan  8 2013,rst cause:1, boot mode:(3,6)

load 0x4010f000, len 1384, room 16 
tail 8
chksum 0x2d
csum 0x2d
v8b899c12
~ld


6.01
 0h00:03.046 2021/06/08T02:57:53z: DS3231
 0h00:03.061 2021/06/08T02:57:53z: BME280 (0x76)
 0h00:03.076 2021/06/08T02:57:53z: 10:52:1c:4d:aa:9c
 0h00:03.077 2021/06/08T02:57:53z: SSID: Apollonia Students Halls
 0h00:03.082 2021/06/08T02:57:53z: AP_STAR tmr
 ets Jan  8 2013,rst cause:1, boot mode:(3,6)

load 0x4010f000, len 1384, room 16 
tail 8
chksum 0x2d
csum 0x2d
v8b899c12
~ld


6.01
 0h00:03.056 2021/06/08T03:17:49z: DS3231
 0h00:03.071 2021/06/08T03:17:49z: BME280 (0x76)
 0h00:03.085 2021/06/08T03:17:49z: 10:52:1c:4d:aa:9c
 0h00:03.087 2021/06/08T03:17:49z: SSID: Apollonia Students Halls
 0h00:03.092 2021/06/08T03:17:49z: AP_STAR tmr
 ets Jan  8 2013,rst cause:1, boot mode:(3,6)

load 0x4010f000, len 1384, room 16 
tail 8
chksum 0x2d
csum 0x2d
v8b899c12
~ld


6.01
 0h00:03.054 2021/06/08T03:37:45z: DS3231
 0h00:03.069 2021/06/08T03:37:45z: BME280 (0x76)
 0h00:03.083 2021/06/08T03:37:45z: 10:52:1c:4d:aa:9c
 0h00:03.085 2021/06/08T03:37:45z: SSID: Apollonia Students Halls
 0h00:03.090 2021/06/08T03:37:45z: AP_STAR tmr
 ets Jan  8 2013,rst cause:1, boot mode:(3,6)

load 0x4010f000, len 1384, room 16 
tail 8
chksum 0x2d
csum 0x2d
v8b899c12
~ld


6.01
 0h00:03.069 2021/06/08T03:57:42z: DS3231
 0h00:03.084 2021/06/08T03:57:42z: BME280 (0x76)
 0h00:03.098 2021/06/08T03:57:42z: 10:52:1c:4d:aa:9c
 0h00:03.100 2021/06/08T03:57:42z: SSID: Apollonia Students Halls
 0h00:03.105 2021/06/08T03:57:42z: AP_STAR tmr
 ets Jan  8 2013,rst cause:1, boot mode:(3,6)

load 0x4010f000, len 1384, room 16 
tail 8
chksum 0x2d
csum 0x2d
v8b899c12
~ld


6.01
 0h00:03.036 2021/06/08T04:17:38z: DS3231
 0h00:03.052 2021/06/08T04:17:38z: BME280 (0x76)
 0h00:03.066 2021/06/08T04:17:38z: 10:52:1c:4d:aa:9c
 0h00:03.068 2021/06/08T04:17:38z: SSID: Apollonia Students Halls
 0h00:03.073 2021/06/08T04:17:38z: AP_STAR tmr
 ets Jan  8 2013,rst cause:1, boot mode:(3,6)

load 0x4010f000, len 1384, room 16 
tail 8
chksum 0x2d
csum 0x2d
v8b899c12
~ld


6.01
 0h00:03.032 2021/06/08T04:37:35z: DS3231
 0h00:03.047 2021/06/08T04:37:35z: BME280 (0x76)
 0h00:03.061 2021/06/08T04:37:35z: 10:52:1c:4d:aa:9c
 0h00:03.063 2021/06/08T04:37:35z: SSID: Apollonia Students Halls
 0h00:03.068 2021/06/08T04:37:35z: AP_STAR tmr
 ets Jan  8 2013,rst cause:1, boot mode:(3,6)

load 0x4010f000, len 1384, room 16 
tail 8
chksum 0x2d
csum 0x2d
v8b899c12
~ld


6.01
 0h00:03.031 2021/06/08T04:57:31z: DS3231
 0h00:03.046 2021/06/08T04:57:31z: BME280 (0x76)
 0h00:03.060 2021/06/08T04:57:31z: 10:52:1c:4d:aa:9c
 0h00:03.062 2021/06/08T04:57:31z: SSID: Apollonia Students Halls
 0h00:03.067 2021/06/08T04:57:31z: AP_STAR tmr
 ets Jan  8 2013,rst cause:1, boot mode:(3,6)

load 0x4010f000, len 1384, room 16 
tail 8
chksum 0x2d
csum 0x2d
v8b899c12
~ld


6.01
 0h00:03.041 2021/06/08T05:17:28z: DS3231
 0h00:03.056 2021/06/08T05:17:28z: BME280 (0x76)
 0h00:03.070 2021/06/08T05:17:28z: 10:52:1c:4d:aa:9c
 0h00:03.072 2021/06/08T05:17:28z: SSID: Apollonia Students Halls
 0h00:03.077 2021/06/08T05:17:28z: AP_STAR tmr
 ets Jan  8 2013,rst cause:1, boot mode:(3,6)

load 0x4010f000, len 1384, room 16 
tail 8
chksum 0x2d
csum 0x2d
v8b899c12
~ld


6.01
 0h00:03.038 2021/06/08T05:37:24z: DS3231
 0h00:03.054 2021/06/08T05:37:24z: BME280 (0x76)
 0h00:03.068 2021/06/08T05:37:24z: 10:52:1c:4d:aa:9c
 0h00:03.069 2021/06/08T05:37:24z: SSID: Apollonia Students Halls
 0h00:03.075 2021/06/08T05:37:24z: AP_STAR tmr
 ets Jan  8 2013,rst cause:1, boot mode:(3,6)

load 0x4010f000, len 1384, room 16 
tail 8
chksum 0x2d
csum 0x2d
v8b899c12
~ld


6.01
 0h00:03.046 2021/06/08T05:57:20z: DS3231
 0h00:03.062 2021/06/08T05:57:20z: BME280 (0x76)
 0h00:03.076 2021/06/08T05:57:20z: 10:52:1c:4d:aa:9c
 0h00:03.078 2021/06/08T05:57:20z: SSID: Apollonia Students Halls
 0h00:03.083 2021/06/08T05:57:20z: AP_STAR tmr
 ets Jan  8 2013,rst cause:1, boot mode:(3,6)

load 0x4010f000, len 1384, room 16 
tail 8
chksum 0x2d
csum 0x2d
v8b899c12
~ld


6.01
 0h00:03.051 2021/06/08T06:17:16z: DS3231
 0h00:03.066 2021/06/08T06:17:16z: BME280 (0x76)
 0h00:03.080 2021/06/08T06:17:17z: 10:52:1c:4d:aa:9c
 0h00:03.082 2021/06/08T06:17:17z: SSID: Apollonia Students Halls
 0h00:03.087 2021/06/08T06:17:17z: AP_STAR tmr
 ets Jan  8 2013,rst cause:1, boot mode:(3,6)

load 0x4010f000, len 1384, room 16 
tail 8
chksum 0x2d
csum 0x2d
v8b899c12
~ld


6.01
 0h00:03.063 2021/06/08T06:37:13z: DS3231
 0h00:03.079 2021/06/08T06:37:13z: BME280 (0x76)
 0h00:03.093 2021/06/08T06:37:13z: 10:52:1c:4d:aa:9c
 0h00:03.094 2021/06/08T06:37:13z: SSID: Apollonia Students Halls
 0h00:03.100 2021/06/08T06:37:13z: AP_STAR tmr
 ets Jan  8 2013,rst cause:1, boot mode:(3,6)

load 0x4010f000, len 1384, room 16 
tail 8
chksum 0x2d
csum 0x2d
v8b899c12
~ld


6.01
 0h00:03.039 2021/06/08T06:57:09z: DS3231
 0h00:03.054 2021/06/08T06:57:09z: BME280 (0x76)
 0h00:03.068 2021/06/08T06:57:09z: 10:52:1c:4d:aa:9c
 0h00:03.070 2021/06/08T06:57:09z: SSID: Apollonia Students Halls
 0h00:03.075 2021/06/08T06:57:09z: AP_STAR tmr
 ets Jan  8 2013,rst cause:1, boot mode:(3,6)

load 0x4010f000, len 1384, room 16 
tail 8
chksum 0x2d
csum 0x2d
v8b899c12
~ld


6.01
 0h00:03.040 2021/06/08T07:17:05z: DS3231
 0h00:03.056 2021/06/08T07:17:05z: BME280 (0x76)
 0h00:03.070 2021/06/08T07:17:05z: 10:52:1c:4d:aa:9c
 0h00:03.071 2021/06/08T07:17:05z: SSID: Apollonia Students Halls
 0h00:03.077 2021/06/08T07:17:05z: AP_STAR tmr
 ets Jan  8 2013,rst cause:1, boot mode:(3,6)

load 0x4010f000, len 1384, room 16 
tail 8
chksum 0x2d
csum 0x2d
v8b899c12
~ld


6.01
 0h00:03.044 2021/06/08T07:37:01z: DS3231
 0h00:03.060 2021/06/08T07:37:01z: BME280 (0x76)
 0h00:03.074 2021/06/08T07:37:01z: 10:52:1c:4d:aa:9c
 0h00:03.075 2021/06/08T07:37:01z: SSID: Apollonia Students Halls
 0h00:03.081 2021/06/08T07:37:01z: AP_STAR tmr
 ets Jan  8 2013,rst cause:1, boot mode:(3,6)

load 0x4010f000, len 1384, room 16 
tail 8
chksum 0x2d
csum 0x2d
v8b899c12
~ld


6.01
 0h00:03.036 2021/06/08T07:56:58z: DS3231
 0h00:03.051 2021/06/08T07:56:58z: BME280 (0x76)
 0h00:03.066 2021/06/08T07:56:58z: 10:52:1c:4d:aa:9c
 0h00:03.067 2021/06/08T07:56:58z: SSID: Apollonia Students Halls
 0h00:03.072 2021/06/08T07:56:58z: AP_STAR tmr
 ets Jan  8 2013,rst cause:1, boot mode:(3,6)

load 0x4010f000, len 1384, room 16 
tail 8
chksum 0x2d
csum 0x2d
v8b899c12
~ld


6.01
 0h00:03.036 2021/06/08T08:16:54z: DS3231
 0h00:03.051 2021/06/08T08:16:54z: BME280 (0x76)
 0h00:03.065 2021/06/08T08:16:54z: 10:52:1c:4d:aa:9c
 0h00:03.067 2021/06/08T08:16:54z: SSID: Apollonia Students Halls
 0h00:03.072 2021/06/08T08:16:54z: AP_STAR tmr
 ets Jan  8 2013,rst cause:1, boot mode:(3,6)

load 0x4010f000, len 1384, room 16 
tail 8
chksum 0x2d
csum 0x2d
v8b899c12
~ld


6.01
 0h00:03.050 2021/06/08T08:36:51z: DS3231
 0h00:03.065 2021/06/08T08:36:51z: BME280 (0x76)
 0h00:03.079 2021/06/08T08:36:51z: 10:52:1c:4d:aa:9c
 0h00:03.081 2021/06/08T08:36:51z: SSID: Apollonia Students Halls
 0h00:03.086 2021/06/08T08:36:51z: AP_STAR tmr
 ets Jan  8 2013,rst cause:1, boot mode:(3,6)

load 0x4010f000, len 1384, room 16 
tail 8
chksum 0x2d
csum 0x2d
v8b899c12
~ld


6.01
 0h00:03.058 2021/06/08T08:56:47z: DS3231
 0h00:03.073 2021/06/08T08:56:47z: BME280 (0x76)
 0h00:03.087 2021/06/08T08:56:47z: 10:52:1c:4d:aa:9c
 0h00:03.089 2021/06/08T08:56:47z: SSID: Apollonia Students Halls
 0h00:03.094 2021/06/08T08:56:47z: AP_STAR tmr
 ets Jan  8 2013,rst cause:1, boot mode:(3,6)

load 0x4010f000, len 1384, room 16 
tail 8
chksum 0x2d
csum 0x2d
v8b899c12
~ld


6.01
 0h00:03.061 2021/06/08T09:16:43z: DS3231
 0h00:03.077 2021/06/08T09:16:43z: BME280 (0x76)
 0h00:03.091 2021/06/08T09:16:43z: 10:52:1c:4d:aa:9c
 0h00:03.093 2021/06/08T09:16:43z: SSID: Apollonia Students Halls
 0h00:03.098 2021/06/08T09:16:43z: AP_STAR tmr
 ets Jan  8 2013,rst cause:1, boot mode:(3,6)

load 0x4010f000, len 1384, room 16 
tail 8
chksum 0x2d
csum 0x2d
v8b899c12
~ld


6.01
 0h00:03.033 2021/06/08T09:36:39z: DS3231
 0h00:03.049 2021/06/08T09:36:39z: BME280 (0x76)
 0h00:03.063 2021/06/08T09:36:39z: 10:52:1c:4d:aa:9c
 0h00:03.065 2021/06/08T09:36:39z: SSID: Apollonia Students Halls
 0h00:03.070 2021/06/08T09:36:39z: AP_STAR tmr
 ets Jan  8 2013,rst cause:1, boot mode:(3,6)

load 0x4010f000, len 1384, room 16 
tail 8
chksum 0x2d
csum 0x2d
v8b899c12
~ld


6.01
 0h00:03.034 2021/06/08T09:56:35z: DS3231
 0h00:03.049 2021/06/08T09:56:35z: BME280 (0x76)
 0h00:03.064 2021/06/08T09:56:35z: 10:52:1c:4d:aa:9c
 0h00:03.065 2021/06/08T09:56:35z: SSID: Apollonia Students Halls
 0h00:03.070 2021/06/08T09:56:35z: AP_STAR tmr
 ets Jan  8 2013,rst cause:1, boot mode:(3,6)

load 0x4010f000, len 1384, room 16 
tail 8
chksum 0x2d
csum 0x2d
v8b899c12
~ld


6.01
 0h00:03.041 2021/06/08T10:16:31z: DS3231
 0h00:03.056 2021/06/08T10:16:31z: BME280 (0x76)
 0h00:03.070 2021/06/08T10:16:31z: 10:52:1c:4d:aa:9c
 0h00:03.072 2021/06/08T10:16:31z: SSID: Apollonia Students Halls
 0h00:03.077 2021/06/08T10:16:31z: AP_STA