R tmr
 ets Jan  8 2013,rst cause:1, boot mode:(3,7)

load 0x4010f000, len 1384, room 16 
tail 8
chksum 0x2d
csum 0x2d
v8b899c12
~ld


6.01
 0h00:03.014 2021/05/13T00:00:04z: DS3231
 0h00:03.029 2021/05/13T00:00:04z: BME280 (0x76)
 0h00:03.043 2021/05/13T00:00:04z: 10:52:1c:41:b0:6b
 0h00:03.045 2021/05/13T00:00:04z: SSID: Apollonia Students Halls
 0h00:03.050 2021/05/13T00:00:04z: AP_STAR tmr
 ets Jan  8 2013,rst cause:1, boot mode:(3,7)

load 0x4010f000, len 1384, room 16 
tail 8
chksum 0x2d
csum 0x2d
v8b899c12
~ld


6.01
 0h00:03.016 2021/05/13T00:20:00z: DS3231
 0h00:03.031 2021/05/13T00:20:00z: BME280 (0x76)
 0h00:03.046 2021/05/13T00:20:00z: 10:52:1c:41:b0:6b
 0h00:03.047 2021/05/13T00:20:00z: SSID: Apollonia Students Halls
 0h00:03.052 2021/05/13T00:20:00z: AP_STAR tmr
 ets Jan  8 2013,rst cause:1, boot mode:(3,7)

load 0x4010f000, len 1384, room 16 
tail 8
chksum 0x2d
csum 0x2d
v8b899c12
~ld


6.01
 0h00:03.024 2021/05/13T00:39:56z: DS3231
 0h00:03.040 2021/05/13T00:39:56z: BME280 (0x76)
 0h00:03.054 2021/05/13T00:39:56z: 10:52:1c:41:b0:6b
 0h00:03.055 2021/05/13T00:39:56z: SSID: Apollonia Students Halls
 0h00:03.061 2021/05/13T00:39:56z: AP_STAR tmr
 ets Jan  8 2013,rst cause:1, boot mode:(3,7)

load 0x4010f000, len 1384, room 16 
tail 8
chksum 0x2d
csum 0x2d
v8b899c12
~ld


6.01
 0h00:03.024 2021/05/13T00:59:52z: DS3231
 0h00:03.039 2021/05/13T00:59:52z: BME280 (0x76)
 0h00:03.054 2021/05/13T00:59:52z: 10:52:1c:41:b0:6b
 0h00:03.055 2021/05/13T00:59:52z: SSID: Apollonia Students Halls
 0h00:03.060 2021/05/13T00:59:52z: AP_STAR tmr
 ets Jan  8 2013,rst cause:1, boot mode:(3,7)

load 0x4010f000, len 1384, room 16 
tail 8
chksum 0x2d
csum 0x2d
v8b899c12
~ld


6.01
 0h00:03.034 2021/05/13T01:19:48z: DS3231
 0h00:03.050 2021/05/13T01:19:48z: BME280 (0x76)
 0h00:03.064 2021/05/13T01:19:48z: 10:52:1c:41:b0:6b
 0h00:03.065 2021/05/13T01:19:48z: SSID: Apollonia Students Halls
 0h00:03.071 2021/05/13T01:19:48z: AP_STAR tmr
 ets Jan  8 2013,rst cause:1, boot mode:(3,7)

load 0x4010f000, len 1384, room 16 
tail 8
chksum 0x2d
csum 0x2d
v8b899c12
~ld


6.01
 0h00:03.007 2021/05/13T01:39:44z: DS3231
 0h00:03.023 2021/05/13T01:39:44z: BME280 (0x76)
 0h00:03.037 2021/05/13T01:39:44z: 10:52:1c:41:b0:6b
 0h00:03.038 2021/05/13T01:39:44z: SSID: Apollonia Students Halls
 0h00:03.044 2021/05/13T01:39:44z: AP_STAR tmr
 ets Jan  8 2013,rst cause:1, boot mode:(3,7)

load 0x4010f000, len 1384, room 16 
tail 8
chksum 0x2d
csum 0x2d
v8b899c12
~ld


6.01
 0h00:03.014 2021/05/13T01:59:40z: DS3231
 0h00:03.029 2021/05/13T01:59:40z: BME280 (0x76)
 0h00:03.043 2021/05/13T01:59:40z: 10:52:1c:41:b0:6b
 0h00:03.045 2021/05/13T01:59:40z: SSID: Apollonia Students Halls
 0h00:03.050 2021/05/13T01:59:40z: AP_STAR tmr
 ets Jan  8 2013,rst cause:1, boot mode:(3,7)

load 0x4010f000, len 1384, room 16 
tail 8
chksum 0x2d
csum 0x2d
v8b899c12
~ld


6.01
 0h00:03.010 2021/05/13T02:19:36z: DS3231
 0h00:03.025 2021/05/13T02:19:36z: BME280 (0x76)
 0h00:03.039 2021/05/13T02:19:36z: 10:52:1c:41:b0:6b
 0h00:03.041 2021/05/13T02:19:36z: SSID: Apollonia Students Halls
 0h00:03.046 2021/05/13T02:19:36z: AP_STAR tmr
 ets Jan  8 2013,rst cause:1, boot mode:(3,7)

load 0x4010f000, len 1384, room 16 
tail 8
chksum 0x2d
csum 0x2d
v8b899c12
~ld


6.01
 0h00:03.009 2021/05/13T02:39:32z: DS3231
 0h00:03.024 2021/05/13T02:39:32z: BME280 (0x76)
 0h00:03.039 2021/05/13T02:39:32z: 10:52:1c:41:b0:6b
 0h00:03.040 2021/05/13T02:39:32z: SSID: Apollonia Students Halls
 0h00:03.045 2021/05/13T02:39:32z: AP_STAR tmr
 ets Jan  8 2013,rst cause:1, boot mode:(3,7)

load 0x4010f000, len 1384, room 16 
tail 8
chksum 0x2d
csum 0x2d
v8b899c12
~ld


6.01
 0h00:03.009 2021/05/13T02:59:28z: DS3231
 0h00:03.024 2021/05/13T02:59:28z: BME280 (0x76)
 0h00:03.038 2021/05/13T02:59:28z: 10:52:1c:41:b0:6b
 0h00:03.040 2021/05/13T02:59:28z: SSID: Apollonia Students Halls
 0h00:03.045 2021/05/13T02:59:28z: AP_STAR tmr
 ets Jan  8 2013,rst cause:1, boot mode:(3,7)

load 0x4010f000, len 1384, room 16 
tail 8
chksum 0x2d
csum 0x2d
v8b899c12
~ld


6.01
 0h00:03.020 2021/05/13T03:19:24z: DS3231
 0h00:03.035 2021/05/13T03:19:25z: BME280 (0x76)
 0h00:03.050 2021/05/13T03:19:25z: 10:52:1c:41:b0:6b
 0h00:03.051 2021/05/13T03:19:25z: SSID: Apollonia Students Halls
 0h00:03.056 2021/05/13T03:19:25z: AP_STAR tmr
 ets Jan  8 2013,rst cause:1, boot mode:(3,7)

load 0x4010f000, len 1384, room 16 
tail 8
chksum 0x2d
csum 0x2d
v8b899c12
~ld


6.01
 0h00:03.026 2021/05/13T03:39:21z: DS3231
 0h00:03.041 2021/05/13T03:39:21z: BME280 (0x76)
 0h00:03.055 2021/05/13T03:39:21z: 10:52:1c:41:b0:6b
 0h00:03.057 2021/05/13T03:39:21z: SSID: Apollonia Students Halls
 0h00:03.062 2021/05/13T03:39:21z: AP_STAR tmr
 ets Jan  8 2013,rst cause:1, boot mode:(3,7)

load 0x4010f000, len 1384, room 16 
tail 8
chksum 0x2d
csum 0x2d
v8b899c12
~ld


6.01
 0h00:03.034 2021/05/13T03:59:17z: DS3231
 0h00:03.049 2021/05/13T03:59:17z: BME280 (0x76)
 0h00:03.063 2021/05/13T03:59:17z: 10:52:1c:41:b0:6b
 0h00:03.065 2021/05/13T03:59:17z: SSID: Apollonia Students Halls
 0h00:03.070 2021/05/13T03:59:17z: AP_STAR tmr
 ets Jan  8 2013,rst cause:1, boot mode:(3,7)

load 0x4010f000, len 1384, room 16 
tail 8
chksum 0x2d
csum 0x2d
v8b899c12
~ld


6.01
 0h00:03.007 2021/05/13T04:19:14z: DS3231
 0h00:03.022 2021/05/13T04:19:14z: BME280 (0x76)
 0h00:03.037 2021/05/13T04:19:14z: 10:52:1c:41:b0:6b
 0h00:03.038 2021/05/13T04:19:14z: SSID: Apollonia Students Halls
 0h00:03.043 2021/05/13T04:19:14z: AP_STAR tmr
 ets Jan  8 2013,rst cause:1, boot mode:(3,7)

load 0x4010f000, len 1384, room 16 
tail 8
chksum 0x2d
csum 0x2d
v8b899c12
~ld


6.01
 0h00:03.010 2021/05/13T04:39:11z: DS3231
 0h00:03.026 2021/05/13T04:39:11z: BME280 (0x76)
 0h00:03.040 2021/05/13T04:39:11z: 10:52:1c:41:b0:6b
 0h00:03.041 2021/05/13T04:39:11z: SSID: Apollonia Students Halls
 0h00:03.047 2021/05/13T04:39:11z: AP_STAR tmr
 ets Jan  8 2013,rst cause:1, boot mode:(3,7)

load 0x4010f000, len 1384, room 16 
tail 8
chksum 0x2d
csum 0x2d
v8b899c12
~ld


6.01
 0h00:03.012 2021/05/13T04:59:07z: DS3231
 0h00:03.027 2021/05/13T04:59:07z: BME280 (0x76)
 0h00:03.042 2021/05/13T04:59:07z: 10:52:1c:41:b0:6b
 0h00:03.043 2021/05/13T04:59:07z: SSID: Apollonia Students Halls
 0h00:03.048 2021/05/13T04:59:07z: AP_STAR tmr
 ets Jan  8 2013,rst cause:1, boot mode:(3,7)

load 0x4010f000, len 1384, room 16 
tail 8
chksum 0x2d
csum 0x2d
v8b899c12
~ld


6.01
 0h00:03.006 2021/05/13T05:19:03z: DS3231
 0h00:03.021 2021/05/13T05:19:03z: BME280 (0x76)
 0h00:03.035 2021/05/13T05:19:03z: 10:52:1c:41:b0:6b
 0h00:03.037 2021/05/13T05:19:03z: SSID: Apollonia Students Halls
 0h00:03.042 2021/05/13T05:19:03z: AP_STAR tmr
 ets Jan  8 2013,rst cause:1, boot mode:(3,7)

load 0x4010f000, len 1384, room 16 
tail 8
chksum 0x2d
csum 0x2d
v8b899c12
~ld


6.01
 0h00:03.011 2021/05/13T05:39:00z: DS3231
 0h00:03.026 2021/05/13T05:39:00z: BME280 (0x76)
 0h00:03.040 2021/05/13T05:39:00z: 10:52:1c:41:b0:6b
 0h00:03.042 2021/05/13T05:39:00z: SSID: Apollonia Students Halls
 0h00:03.047 2021/05/13T05:39:00z: AP_STAR tmr
 ets Jan  8 2013,rst cause:1, boot mode:(3,7)

load 0x4010f000, len 1384, room 16 
tail 8
chksum 0x2d
csum 0x2d
v8b899c12
~ld


6.01
 0h00:03.022 2021/05/13T05:58:56z: DS3231
 0h00:03.037 2021/05/13T05:58:56z: BME280 (0x76)
 0h00:03.051 2021/05/13T05:58:56z: 10:52:1c:41:b0:6b
 0h00:03.053 2021/05/13T05:58:56z: SSID: Apollonia Students Halls
 0h00:03.058 2021/05/13T05:58:56z: AP_STAR tmr
 ets Jan  8 2013,rst cause:1, boot mode:(3,7)

load 0x4010f000, len 1384, room 16 
tail 8
chksum 0x2d
csum 0x2d
v8b899c12
~ld


6.01
 0h00:03.027 2021/05/13T06:18:52z: DS3231
 0h00:03.043 2021/05/13T06:18:52z: BME280 (0x76)
 0h00:03.057 2021/05/13T06:18:52z: 10:52:1c:41:b0:6b
 0h00:03.059 2021/05/13T06:18:52z: SSID: Apollonia Students Halls
 0h00:03.064 2021/05/13T06:18:52z: AP_STAR tmr
 ets Jan  8 2013,rst cause:1, boot mode:(3,7)

load 0x4010f000, len 1384, room 16 
tail 8
chksum 0x2d
csum 0x2d
v8b899c12
~ld


6.01
 0h00:03.032 2021/05/13T06:38:48z: DS3231
 0h00:03.048 2021/05/13T06:38:48z: BME280 (0x76)
 0h00:03.062 2021/05/13T06:38:48z: 10:52:1c:41:b0:6b
 0h00:03.064 2021/05/13T06:38:48z: SSID: Apollonia Students Halls
 0h00:03.069 2021/05/13T06:38:48z: AP_STAR tmr
 ets Jan  8 2013,rst cause:1, boot mode:(3,7)

load 0x4010f000, len 1384, room 16 
tail 8
chksum 0x2d
csum 0x2d
v8b899c12
~ld


6.01
 0h00:03.009 2021/05/13T06:58:45z: DS3231
 0h00:03.025 2021/05/13T06:58:45z: BME280 (0x76)
 0h00:03.039 2021/05/13T06:58:45z: 10:52:1c:41:b0:6b
 0h00:03.040 2021/05/13T06:58:45z: SSID: Apollonia Students Halls
 0h00:03.046 2021/05/13T06:58:45z: AP_STAR tmr
 ets Jan  8 2013,rst cause:1, boot mode:(3,7)

load 0x4010f000, len 1384, room 16 
tail 8
chksum 0x2d
csum 0x2d
v8b899c12
~ld


6.01
 0h00:03.008 2021/05/13T07:18:42z: DS3231
 0h00:03.024 2021/05/13T07:18:42z: BME280 (0x76)
 0h00:03.038 2021/05/13T07:18:42z: 10:52:1c:41:b0:6b
 0h00:03.040 2021/05/13T07:18:42z: SSID: Apollonia Students Halls
 0h00:03.045 2021/05/13T07:18:42z: AP_STAR tmr
 ets Jan  8 2013,rst cause:1, boot mode:(3,7)

load 0x4010f000, len 1384, room 16 
tail 8
chksum 0x2d
csum 0x2d
v8b899c12
~ld


6.01
 0h00:03.009 2021/05/13T07:38:38z: DS3231
 0h00:03.025 2021/05/13T07:38:38z: BME280 (0x76)
 0h00:03.039 2021/05/13T07:38:38z: 10:52:1c:41:b0:6b
 0h00:03.041 2021/05/13T07:38:38z: SSID: Apollonia Students Halls
 0h00:03.046 2021/05/13T07:38:38z: AP_STAR tmr
 ets Jan  8 2013,rst cause:1, boot mode:(3,7)

load 0x4010f000, len 1384, room 16 
tail 8
chksum 0x2d
csum 0x2d
v8b899c12
~ld


6.01
 0h00:03.015 2021/05/13T07:58:34z: DS3231
 0h00:03.030 2021/05/13T07:58:34z: BME280 (0x76)
 0h00:03.044 2021/05/13T07:58:34z: 10:52:1c:41:b0:6b
 0h00:03.046 2021/05/13T07:58:34z: SSID: Apollonia Students Halls
 0h00:03.051 2021/05/13T07:58:34z: AP_STAR tmr
 ets Jan  8 2013,rst cause:1, boot mode:(3,7)

load 0x4010f000, len 1384, room 16 
tail 8
chksum 0x2d
csum 0x2d
v8b899c12
~ld


6.01
 0h00:03.010 2021/05/13T08:18:31z: DS3231
 0h00:03.025 2021/05/13T08:18:31z: BME280 (0x76)
 0h00:03.040 2021/05/13T08:18:31z: 10:52:1c:41:b0:6b
 0h00:03.041 2021/05/13T08:18:31z: SSID: Apollonia Students Halls
 0h00:03.047 2021/05/13T08:18:31z: AP_STAR tmr
 ets Jan  8 2013,rst cause:1, boot mode:(3,7)

load 0x4010f000, len 1384, room 16 
tail 8
chksum 0x2d
csum 0x2d
v8b899c12
~ld


6.01
 0h00:03.025 2021/05/13T08:38:27z: DS3231
 0h00:03.040 2021/05/13T08:38:27z: BME280 (0x76)
 0h00:03.054 2021/05/13T08:38:27z: 10:52:1c:41:b0:6b
 0h00:03.056 2021/05/13T08:38:27z: SSID: Apollonia Students Halls
 0h00:03.061 2021/05/13T08:38:27z: AP_STAR tmr
 ets Jan  8 2013,rst cause:1, boot mode:(3,7)

load 0x4010f000, len 1384, room 16 
tail 8
chksum 0x2d
csum 0x2d
v8b899c12
~ld


6.01
 0h00:03.027 2021/05/13T08:58:24z: DS3231
 0h00:03.042 2021/05/13T08:58:24z: BME280 (0x76)
 0h00:03.056 2021/05/13T08:58:24z: 10:52:1c:41:b0:6b
 0h00:03.058 2021/05/13T08:58:24z: SSID: Apollonia Students Halls
 0h00:03.063 2021/05/13T08:58:24z: AP_STAR tmr
 ets Jan  8 2013,rst cause:1, boot mode:(3,7)

load 0x4010f000, len 1384, room 16 
tail 8
chksum 0x2d
csum 0x2d
v8b899c12
~ld


6.01
 0h00:03.034 2021/05/13T09:18:20z: DS3231
 0h00:03.050 2021/05/13T09:18:20z: BME280 (0x76)
 0h00:03.064 2021/05/13T09:18:20z: 10:52:1c:41:b0:6b
 0h00:03.066 2021/05/13T09:18:20z: SSID: Apollonia Students Halls
 0h00:03.071 2021/05/13T09:18:20z: AP_STAR tmr
 ets Jan  8 2013,rst cause:1, boot mode:(3,7)

load 0x4010f000, len 1384, room 16 
tail 8
chksum 0x2d
csum 0x2d
v8b899c12
~ld


6.01
 0h00:03.009 2021/05/13T09:38:16z: DS3231
 0h00:03.024 2021/05/13T09:38:16z: BME280 (0x76)
 0h00:03.038 2021/05/13T09:38:16z: 10:52:1c:41:b0:6b
 0h00:03.040 2021/05/13T09:38:16z: SSID: Apollonia Students Halls
 0h00:03.045 2021/05/13T09:38:16z: AP_STAR tmr
 ets Jan  8 2013,rst cause:1, boot mode:(3,7)

load 0x4010f000, len 1384, room 16 
tail 8
chksum 0x2d
csum 0x2d
v8b899c12
~ld


6.01
 0h00:03.015 2021/05/13T09:58:12z: DS3231
 0h00:03.030 2021/05/13T09:58:12z: BME280 (0x76)
 0h00:03.045 2021/05/13T09:58:12z: 10:52:1c:41:b0:6b
 0h00:03.046 2021/05/13T09:58:12z: SSID: Apollonia Students Halls
 0h00:03.051 2021/05/13T09:58:12z: AP_STAR tmr
 ets Jan  8 2013,rst cause:1, boot mode:(3,7)

load 0x4010f000, len 1384, room 16 
tail 8
chksum 0x2d
csum 0x2d
v8b899c12
~ld


6.01
 0h00:03.005 2021/05/13T10:18:08z: DS3231
 0h00:03.021 2021/05/13T10:18:08z: BME280 (0x76)
 0h00:03.035 2021/05/13T10:18:08z: 10:52:1c:41:b0:6b
 0h00:03.037 2021/05/13T10:18:08z: SSID: Apollonia Students Halls
 0h00:03.042 2021/05/13T10:18:08z: AP_STAR tmr
 ets Jan  8 2013,rst cause:1, boot mode:(3,7)

load 0x4010f000, len 1384, room 16 
tail 8
chksum 0x2d
csum 0x2d
v8b899c12
~ld


6.01
 0h00:03.013 2021/05/13T10:38:04z: DS3231
 0h00:03.028 2021/05/13T10:38:04z: BME280 (0x76)
 0h00:03.042 2021/05/13T10:38:04z: 10:52:1c:41:b0:6b
 0h00:03.044 2021/05/13T10:38:04z: SSID: Apollonia Students Halls
 0h00:03.049 2021/05/13T10:38:04z: AP_STAR tmr
 ets Jan  8 2013,rst cause:1, boot mode:(3,7)

load 0x4010f000, len 1384, room 16 
tail 8
chksum 0x2d
csum 0x2d
v8b899c12
~ld


6.01
 0h00:03.016 2021/05/13T10:58:00z: DS3231
 0h00:03.032 2021/05/13T10:58:00z: BME280 (0x76)
 0h00:03.046 2021/05/13T10:58:00z: 10:52:1c:41:b0:6b
 0h00:03.047 2021/05/13T10:58:00z: SSID: Apollonia Students Halls
 0h00:03.053 2021/05/13T10:58:00z: AP_STAR tmr
 ets Jan  8 2013,rst cause:1, boot mode:(3,7)

load 0x4010f000, len 1384, room 16 
tail 8
chksum 0x2d
csum 0x2d
v8b899c12
~ld


6.01
 0h00:03.025 2021/05/13T11:17:57z: DS3231
 0h00:03.040 2021/05/13T11:17:57z: BME280 (0x76)
 0h00:03.054 2021/05/13T11:17:57z: 10:52:1c:41:b0:6b
 0h00:03.056 2021/05/13T11:17:57z: SSID: Apollonia Students Halls
 0h00:03.061 2021/05/13T11:17:57z: AP_STAR tmr
 ets Jan  8 2013,rst cause:1, boot mode:(3,7)

load 0x4010f000, len 1384, room 16 
tail 8
chksum 0x2d
csum 0x2d
v8b899c12
~ld


6.01
 0h00:03.023 2021/05/13T11:37:54z: DS3231
 0h00:03.038 2021/05/13T11:37:54z: BME280 (0x76)
 0h00:03.052 2021/05/13T11:37:54z: 10:52:1c:41:b0:6b
 0h00:03.054 2021/05/13T11:37:54z: SSID: Apollonia Students Halls
 0h00:03.059 2021/05/13T11:37:54z: AP_STAR tmr
 ets Jan  8 2013,rst cause:1, boot mode:(3,7)

load 0x4010f000, len 1384, room 16 
tail 8
chksum 0x2d
csum 0x2d
v8b899c12
~ld


6.01
 0h00:03.032 2021/05/13T11:57:50z: DS3231
 0h00:03.047 2021/05/13T11:57:50z: BME280 (0x76)
 0h00:03.061 2021/05/13T11:57:50z: 10:52:1c:41:b0:6b
 0h00:03.063 2021/05/13T11:57:50z: SSID: Apollonia Students Halls
 0h00:03.068 2021/05/13T11:57:50z: AP_STAR tmr
 ets Jan  8 2013,rst cause:1, boot mode:(3,7)

load 0x4010f000, len 1384, room 16 
tail 8
chksum 0x2d
csum 0x2d
v8b899c12
~ld


6.01
 0h00:03.009 2021/05/13T12:17:46z: DS3231
 0h00:03.024 2021/05/13T12:17:46z: BME280 (0x76)
 0h00:03.039 2021/05/13T12:17:46z: 10:52:1c:41:b0:6b
 0h00:03.040 2021/05/13T12:17:46z: SSID: Apollonia Students Halls
 0h00:03.046 2021/05/13T12:17:46z: AP_STAR tmr
 ets Jan  8 2013,rst cause:1, boot mode:(3,7)

load 0x4010f000, len 1384, room 16 
tail 8
chksum 0x2d
csum 0x2d
v8b899c12
~ld


6.01
 0h00:03.011 2021/05/13T12:37:43z: DS3231
 0h00:03.026 2021/05/13T12:37:43z: BME280 (0x76)
 0h00:03.041 2021/05/13T12:37:43z: 10:52:1c:41:b0:6b
 0h00:03.042 2021/05/13T12:37:43z: SSID: Apollonia Students Halls
 0h00:03.047 2021/05/13T12:37:43z: AP_STAR tmr
 ets Jan  8 2013,rst cause:1, boot mode:(3,7)

load 0x4010f000, len 1384, room 16 
tail 8
chksum 0x2d
csum 0x2d
v8b899c12
~ld


6.01
 0h00:03.010 2021/05/13T12:57:39z: DS3231
 0h00:03.025 2021/05/13T12:57:39z: BME280 (0x76)
 0h00:03.039 2021/05/13T12:57:39z: 10:52:1c:41:b0:6b
 0h00:03.041 2021/05/13T12:57:39z: SSID: Apollonia Students Halls
 0h00:03.046 2021/05/13T12:57:39z: AP_STAR tmr
 ets Jan  8 2013,rst cause:1, boot mode:(3,7)

load 0x4010f000, len 1384, room 16 
tail 8
chksum 0x2d
csum 0x2d
v8b899c12
~ld


6.01
 0h00:03.017 2021/05/13T13:17:35z: DS3231
 0h00:03.032 2021/05/13T13:17:35z: BME280 (0x76)
 0h00:03.046 2021/05/13T13:17:35z: 10:52:1c:41:b0:6b
 0h00:03.048 2021/05/13T13:17:35z: SSID: Apollonia Students Halls
 0h00:03.053 2021/05/13T13:17:35z: AP_STAR tmr
 ets Jan  8 2013,rst cause:1, boot mode:(3,7)

load 0x4010f000, len 1384, room 16 
tail 8
chksum 0x2d
csum 0x2d
v8b899c12
~ld


6.01
 0h00:03.017 2021/05/13T13:37:31z: DS3231
 0h00:03.032 2021/05/13T13:37:31z: BME280 (0x76)
 0h00:03.046 2021/05/13T13:37:31z: 10:52:1c:41:b0:6b
 0h00:03.048 2021/05/13T13:37:31z: SSID: Apollonia Students Halls
 0h00:03.053 2021/05/13T13:37:31z: AP_STAR tmr
 ets Jan  8 2013,rst cause:1, boot mode:(3,7)

load 0x4010f000, len 1384, room 16 
tail 8
chksum 0x2d
csum 0x2d
v8b899c12
~ld


6.01
 0h00:03.030 2021/05/13T13:57:27z: DS3231
 0h00:03.045 2021/05/13T13:57:27z: BME280 (0x76)
 0h00:03.059 2021/05/13T13:57:27z: 10:52:1c:41:b0:6b
 0h00:03.061 2021/05/13T13:57:27z: SSID: Apollonia Students Halls
 0h00:03.066 2021/05/13T13:57:27z: AP_STAR tmr
 ets Jan  8 2013,rst cause:1, boot mode:(3,7)

load 0x4010f000, len 1384, room 16 
tail 8
chksum 0x2d
csum 0x2d
v8b899c12
~ld


6.01
 0h00:03.033 2021/05/13T14:17:24z: DS3231
 0h00:03.048 2021/05/13T14:17:24z: BME280 (0x76)
 0h00:03.062 2021/05/13T14:17:24z: 10:52:1c:41:b0:6b
 0h00:03.064 2021/05/13T14:17:24z: SSID: Apollonia Students Halls
 0h00:03.069 2021/05/13T14:17:24z: AP_STAR tmr
 ets Jan  8 2013,rst cause:1, boot mode:(3,7)

load 0x4010f000, len 1384, room 16 
tail 8
chksum 0x2d
csum 0x2d
v8b899c12
~ld


6.01
 0h00:03.040 2021/05/13T14:37:20z: DS3231
 0h00:03.055 2021/05/13T14:37:20z: BME280 (0x76)
 0h00:03.069 2021/05/13T14:37:20z: 10:52:1c:41:b0:6b
 0h00:03.071 2021/05/13T14:37:20z: SSID: Apollonia Students Halls
 0h00:03.076 2021/05/13T14:37:20z: AP_STAR tmr
 ets Jan  8 2013,rst cause:1, boot mode:(3,7)

load 0x4010f000, len 1384, room 16 
tail 8
chksum 0x2d
csum 0x2d
v8b899c12
~ld


6.01
 0h00:03.016 2021/05/13T14:57:16z: DS3231
 0h00:03.031 2021/05/13T14:57:16z: BME280 (0x76)
 0h00:03.045 2021/05/13T14:57:16z: 10:52:1c:41:b0:6b
 0h00:03.047 2021/05/13T14:57:16z: SSID: Apollonia Students Halls
 0h00:03.052 2021/05/13T14:57:16z: AP_STAR tmr
 ets Jan  8 2013,rst cause:1, boot mode:(3,7)

load 0x4010f000, len 1384, room 16 
tail 8
chksum 0x2d
csum 0x2d
v8b899c12
~ld


6.01
 0h00:03.014 2021/05/13T15:17:12z: DS3231
 0h00:03.030 2021/05/13T15:17:12z: BME280 (0x76)
 0h00:03.044 2021/05/13T15:17:12z: 10:52:1c:41:b0:6b
 0h00:03.045 2021/05/13T15:17:12z: SSID: Apollonia Students Halls
 0h00:03.051 2021/05/13T15:17:12z: AP_STAR tmr
 ets Jan  8 2013,rst cause:1, boot mode:(3,7)

load 0x4010f000, len 1384, room 16 
tail 8
chksum 0x2d
csum 0x2d
v8b899c12
~ld


6.01
 0h00:03.013 2021/05/13T15:37:08z: DS3231
 0h00:03.029 2021/05/13T15:37:08z: BME280 (0x76)
 0h00:03.043 2021/05/13T15:37:08z: 10:52:1c:41:b0:6b
 0h00:03.044 2021/05/13T15:37:08z: SSID: Apollonia Students Halls
 0h00:03.050 2021/05/13T15:37:08z: AP_STAR tmr
 ets Jan  8 2013,rst cause:1, boot mode:(3,7)

load 0x4010f000, len 1384, room 16 
tail 8
chksum 0x2d
csum 0x2d
v8b899c12
~ld


6.01
 0h00:03.015 2021/05/13T15:57:04z: DS3231
 0h00:03.031 2021/05/13T15:57:04z: BME280 (0x76)
 0h00:03.045 2021/05/13T15:57:04z: 10:52:1c:41:b0:6b
 0h00:03.046 2021/05/13T15:57:04z: SSID: Apollonia Students Halls
 0h00:03.052 2021/05/13T15:57:04z: AP_STAR tmr
 ets Jan  8 2013,rst cause:1, boot mode:(3,7)

load 0x4010f000, len 1384, room 16 
tail 8
chksum 0x2d
csum 0x2d
v8b899c12
~ld


6.01
 0h00:03.016 2021/05/13T16:17:00z: DS3231
 0h00:03.032 2021/05/13T16:17:00z: BME280 (0x76)
 0h00:03.046 2021/05/13T16:17:00z: 10:52:1c:41:b0:6b
 0h00:03.047 2021/05/13T16:17:00z: SSID: Apollonia Students Halls
 0h00:03.053 2021/05/13T16:17:00z: AP_STAR tmr
 ets Jan  8 2013,rst cause:1, boot mode:(3,7)

load 0x4010f000, len 1384, room 16 
tail 8
chksum 0x2d
csum 0x2d
v8b899c12
~ld


6.01
 0h00:03.024 2021/05/13T16:36:57z: DS3231
 0h00:03.040 2021/05/13T16:36:57z: BME280 (0x76)
 0h00:03.054 2021/05/13T16:36:57z: 10:52:1c:41:b0:6b
 0h00:03.055 2021/05/13T16:36:57z: SSID: Apollonia Students Halls
 0h00:03.061 2021/05/13T16:36:57z: AP_STAR tmr
 ets Jan  8 2013,rst cause:1, boot mode:(3,7)

load 0x4010f000, len 1384, room 16 
tail 8
chksum 0x2d
csum 0x2d
v8b899c12
~ld


6.01
 0h00:03.032 2021/05/13T16:56:54z: DS3231
 0h00:03.047 2021/05/13T16:56:54z: BME280 (0x76)
 0h00:03.062 2021/05/13T16:56:54z: 10:52:1c:41:b0:6b
 0h00:03.063 2021/05/13T16:56:54z: SSID: Apollonia Students Halls
 0h00:03.068 2021/05/13T16:56:54z: AP_STAR tmr
 ets Jan  8 2013,rst cause:1, boot mode:(3,7)

load 0x4010f000, len 1384, room 16 
tail 8
chksum 0x2d
csum 0x2d
v8b899c12
~ld


6.01
 0h00:03.050 2021/05/13T17:16:50z: DS3231
 0h00:03.065 2021/05/13T17:16:50z: BME280 (0x76)
 0h00:03.079 2021/05/13T17:16:50z: 10:52:1c:41:b0:6b
 0h00:03.081 2021/05/13T17:16:50z: SSID: Apollonia Students Halls
 0h00:03.086 2021/05/13T17:16:50z: AP_STAR tmr
 ets Jan  8 2013,rst cause:1, boot mode:(3,7)

load 0x4010f000, len 1384, room 16 
tail 8
chksum 0x2d
csum 0x2d
v8b899c12
~ld


6.01
 0h00:03.018 2021/05/13T17:36:46z: DS3231
 0h00:03.034 2021/05/13T17:36:46z: BME280 (0x76)
 0h00:03.048 2021/05/13T17:36:46z: 10:52:1c:41:b0:6b
 0h00:03.050 2021/05/13T17:36:46z: SSID: Apollonia Students Halls
 0h00:03.055 2021/05/13T17:36:46z: AP_STAR tmr
 ets Jan  8 2013,rst cause:1, boot mode:(3,7)

load 0x4010f000, len 1384, room 16 
tail 8
chksum 0x2d
csum 0x2d
v8b899c12
~ld


6.01
 0h00:03.024 2021/05/13T17:56:42z: DS3231
 0h00:03.039 2021/05/13T17:56:42z: BME280 (0x76)
 0h00:03.054 2021/05/13T17:56:42z: 10:52:1c:41:b0:6b
 0h00:03.055 2021/05/13T17:56:42z: SSID: Apollonia Students Halls
 0h00:03.061 2021/05/13T17:56:42z: AP_STAR tmr
 ets Jan  8 2013,rst cause:1, boot mode:(3,7)

load 0x4010f000, len 1384, room 16 
tail 8
chksum 0x2d
csum 0x2d
v8b899c12
~ld


6.01
 0h00:03.013 2021/05/13T18:16:38z: DS3231
 0h00:03.029 2021/05/13T18:16:38z: BME280 (0x76)
 0h00:03.043 2021/05/13T18:16:38z: 10:52:1c:41:b0:6b
 0h00:03.044 2021/05/13T18:16:38z: SSID: Apollonia Students Halls
 0h00:03.050 2021/05/13T18:16:38z: AP_STAR tmr
 ets Jan  8 2013,rst cause:1, boot mode:(3,7)

load 0x4010f000, len 1384, room 16 
tail 8
chksum 0x2d
csum 0x2d
v8b899c12
~ld


6.01
 0h00:03.015 2021/05/13T18:36:35z: DS3231
 0h00:03.030 2021/05/13T18:36:35z: BME280 (0x76)
 0h00:03.044 2021/05/13T18:36:35z: 10:52:1c:41:b0:6b
 0h00:03.046 2021/05/13T18:36:35z: SSID: Apollonia Students Halls
 0h00:03.051 2021/05/13T18:36:35z: AP_STAR tmr
 ets Jan  8 2013,rst cause:1, boot mode:(3,7)

load 0x4010f000, len 1384, room 16 
tail 8
chksum 0x2d
csum 0x2d
v8b899c12
~ld


6.01
 0h00:03.026 2021/05/13T18:56:31z: DS3231
 0h00:03.041 2021/05/13T18:56:31z: BME280 (0x76)
 0h00:03.055 2021/05/13T18:56:31z: 10:52:1c:41:b0:6b
 0h00:03.057 2021/05/13T18:56:31z: SSID: Apollonia Students Halls
 0h00:03.062 2021/05/13T18:56:31z: AP_STAR tmr
 ets Jan  8 2013,rst cause:1, boot mode:(3,7)

load 0x4010f000, len 1384, room 16 
tail 8
chksum 0x2d
csum 0x2d
v8b899c12
~ld


6.01
 0h00:03.023 2021/05/13T19:16:27z: DS3231
 0h00:03.039 2021/05/13T19:16:27z: BME280 (0x76)
 0h00:03.053 2021/05/13T19:16:27z: 10:52:1c:41:b0:6b
 0h00:03.054 2021/05/13T19:16:27z: SSID: Apollonia Students Halls
 0h00:03.060 2021/05/13T19:16:27z: AP_STAR tmr
 ets Jan  8 2013,rst cause:1, boot mode:(3,7)

load 0x4010f000, len 1384, room 16 
tail 8
chksum 0x2d
csum 0x2d
v8b899c12
~ld


6.01
 0h00:03.038 2021/05/13T19:36:24z: DS3231
 0h00:03.053 2021/05/13T19:36:24z: BME280 (0x76)
 0h00:03.068 2021/05/13T19:36:24z: 10:52:1c:41:b0:6b
 0h00:03.069 2021/05/13T19:36:24z: SSID: Apollonia Students Halls
 0h00:03.074 2021/05/13T19:36:24z: AP_STAR tmr
 ets Jan  8 2013,rst cause:1, boot mode:(3,7)

load 0x4010f000, len 1384, room 16 
tail 8
chksum 0x2d
csum 0x2d
v8b899c12
~ld


6.01
 0h00:03.042 2021/05/13T19:56:20z: DS3231
 0h00:03.058 2021/05/13T19:56:20z: BME280 (0x76)
 0h00:03.072 2021/05/13T19:56:20z: 10:52:1c:41:b0:6b
 0h00:03.073 2021/05/13T19:56:20z: SSID: Apollonia Students Halls
 0h00:03.079 2021/05/13T19:56:20z: AP_STAR tmr
 ets Jan  8 2013,rst cause:1, boot mode:(3,7)

load 0x4010f000, len 1384, room 16 
tail 8
chksum 0x2d
csum 0x2d
v8b899c12
~ld


6.01
 0h00:03.016 2021/05/13T20:16:16z: DS3231
 0h00:03.032 2021/05/13T20:16:16z: BME280 (0x76)
 0h00:03.046 2021/05/13T20:16:16z: 10:52:1c:41:b0:6b
 0h00:03.047 2021/05/13T20:16:16z: SSID: Apollonia Students Halls
 0h00:03.053 2021/05/13T20:16:16z: AP_STAR tmr
 ets Jan  8 2013,rst cause:1, boot mode:(3,7)

load 0x4010f000, len 1384, room 16 
tail 8
chksum 0x2d
csum 0x2d
v8b899c12
~ld


6.01
 0h00:03.016 2021/05/13T20:36:12z: DS3231
 0h00:03.031 2021/05/13T20:36:12z: BME280 (0x76)
 0h00:03.045 2021/05/13T20:36:12z: 10:52:1c:41:b0:6b
 0h00:03.047 2021/05/13T20:36:12z: SSID: Apollonia Students Halls
 0h00:03.052 2021/05/13T20:36:12z: AP_STAR tmr
 ets Jan  8 2013,rst cause:1, boot mode:(3,7)

load 0x4010f000, len 1384, room 16 
tail 8
chksum 0x2d
csum 0x2d
v8b899c12
~ld


6.01
 0h00:03.017 2021/05/13T20:56:09z: DS3231
 0h00:03.033 2021/05/13T20:56:09z: BME280 (0x76)
 0h00:03.047 2021/05/13T20:56:09z: 10:52:1c:41:b0:6b
 0h00:03.048 2021/05/13T20:56:09z: SSID: Apollonia Students Halls
 0h00:03.054 2021/05/13T20:56:09z: AP_STAR tmr
 ets Jan  8 2013,rst cause:1, boot mode:(3,7)

load 0x4010f000, len 1384, room 16 
tail 8
chksum 0x2d
csum 0x2d
v8b899c12
~ld


6.01
 0h00:03.017 2021/05/13T21:16:05z: DS3231
 0h00:03.032 2021/05/13T21:16:05z: BME280 (0x76)
 0h00:03.046 2021/05/13T21:16:05z: 10:52:1c:41:b0:6b
 0h00:03.048 2021/05/13T21:16:05z: SSID: Apollonia Students Halls
 0h00:03.053 2021/05/13T21:16:05z: AP_STAR tmr
 ets Jan  8 2013,rst cause:1, boot mode:(3,7)

load 0x4010f000, len 1384, room 16 
tail 8
chksum 0x2d
csum 0x2d
v8b899c12
~ld


6.01
 0h00:03.012 2021/05/13T21:36:02z: DS3231
 0h00:03.027 2021/05/13T21:36:02z: BME280 (0x76)
 0h00:03.041 2021/05/13T21:36:02z: 10:52:1c:41:b0:6b
 0h00:03.043 2021/05/13T21:36:02z: SSID: Apollonia Students Halls
 0h00:03.048 2021/05/13T21:36:02z: AP_STAR tmr
 ets Jan  8 2013,rst cause:1, boot mode:(3,7)

load 0x4010f000, len 1384, room 16 
tail 8
chksum 0x2d
csum 0x2d
v8b899c12
~ld


6.01
 0h00:03.029 2021/05/13T21:55:58z: DS3231
 0h00:03.044 2021/05/13T21:55:58z: BME280 (0x76)
 0h00:03.059 2021/05/13T21:55:58z: 10:52:1c:41:b0:6b
 0h00:03.060 2021/05/13T21:55:58z: SSID: Apollonia Students Halls
 0h00:03.066 2021/05/13T21:55:58z: AP_STAR tmr
 ets Jan  8 2013,rst cause:1, boot mode:(3,7)

load 0x4010f000, len 1384, room 16 
tail 8
chksum 0x2d
csum 0x2d
v8b899c12
~ld


6.01
 0h00:03.034 2021/05/13T22:15:54z: DS3231
 0h00:03.049 2021/05/13T22:15:54z: BME280 (0x76)
 0h00:03.063 2021/05/13T22:15:54z: 10:52:1c:41:b0:6b
 0h00:03.065 2021/05/13T22:15:54z: SSID: Apollonia Students Halls
 0h00:03.070 2021/05/13T22:15:54z: AP_STAR tmr
 ets Jan  8 2013,rst cause:1, boot mode:(3,7)

load 0x4010f000, len 1384, room 16 
tail 8
chksum 0x2d
csum 0x2d
v8b899c12
~ld


6.01
 0h00:03.040 2021/05/13T22:35:50z: DS3231
 0h00:03.056 2021/05/13T22:35:50z: BME280 (0x76)
 0h00:03.070 2021/05/13T22:35:50z: 10:52:1c:41:b0:6b
 0h00:03.071 2021/05/13T22:35:50z: SSID: Apollonia Students Halls
 0h00:03.077 2021/05/13T22:35:50z: AP_STAR tmr
 ets Jan  8 2013,rst cause:1, boot mode:(3,7)

load 0x4010f000, len 1384, room 16 
tail 8
chksum 0x2d
csum 0x2d
v8b899c12
~ld


6.01
 0h00:03.014 2021/05/13T22:55:46z: DS3231
 0h00:03.029 2021/05/13T22:55:46z: BME280 (0x76)
 0h00:03.044 2021/05/13T22:55:46z: 10:52:1c:41:b0:6b
 0h00:03.045 2021/05/13T22:55:46z: SSID: Apollonia Students Halls
 0h00:03.050 2021/05/13T22:55:46z: AP_STAR tmr
 ets Jan  8 2013,rst cause:1, boot mode:(3,7)

load 0x4010f000, len 1384, room 16 
tail 8
chksum 0x2d
csum 0x2d
v8b899c12
~ld


6.01
 0h00:03.012 2021/05/13T23:15:42z: DS3231
 0h00:03.027 2021/05/13T23:15:42z: BME280 (0x76)
 0h00:03.041 2021/05/13T23:15:42z: 10:52:1c:41:b0:6b
 0h00:03.043 2021/05/13T23:15:42z: SSID: Apollonia Students Halls
 0h00:03.048 2021/05/13T23:15:42z: AP_STAR tmr
 ets Jan  8 2013,rst cause:1, boot mode:(3,7)

load 0x4010f000, len 1384, room 16 
tail 8
chksum 0x2d
csum 0x2d
v8b899c12
~ld


6.01
 0h00:03.014 2021/05/13T23:35:38z: DS3231
 0h00:03.030 2021/05/13T23:35:38z: BME280 (0x76)
 0h00:03.044 2021/05/13T23:35:38z: 10:52:1c:41:b0:6b
 0h00:03.045 2021/05/13T23:35:38z: SSID: Apollonia Students Halls
 0h00:03.051 2021/05/13T23:35:38z: AP_STAR tmr
 ets Jan  8 2013,rst cause:1, boot mode:(3,7)

load 0x4010f000, len 1384, room 16 
tail 8
chksum 0x2d
csum 0x2d
v8b899c12
~ld


6.01
 0h00:03.008 2021/05/13T23:55:34z: DS3231
 0h00:03.024 2021/05/13T23:55:34z: BME280 (0x76)
 0h00:03.038 2021/05/13T23:55:34z: 10:52:1c:41:b0:6b
 0h00:03.040 2021/05/13T23:55:34z: SSID: Apollonia Students Halls
 0h00:03.045 2021/05/13T23:55:34z: AP_STA