R tmr
 ets Jan  8 2013,rst cause:1, boot mode:(3,6)

load 0x4010f000, len 1384, room 16 
tail 8
chksum 0x2d
csum 0x2d
v8b899c12
~ld


6.01
 0h00:03.049 2021/06/08T11:53:56z: DS3231
 0h00:03.064 2021/06/08T11:53:56z: BME280 (0x76)
 0h00:03.078 2021/06/08T11:53:56z: 50:2:91:e5:36:6e
 0h00:03.080 2021/06/08T11:53:56z: SSID: ARRIS-A013
 0h00:03.085 2021/06/08T11:53:56z: AP_STAR tmr
 ets Jan  8 2013,rst cause:1, boot mode:(3,6)

load 0x4010f000, len 1384, room 16 
tail 8
chksum 0x2d
csum 0x2d
v8b899c12
~ld


6.01
 0h00:03.055 2021/06/08T12:13:52z: DS3231
 0h00:03.070 2021/06/08T12:13:52z: BME280 (0x76)
 0h00:03.084 2021/06/08T12:13:52z: 50:2:91:e5:36:6e
 0h00:03.086 2021/06/08T12:13:52z: SSID: ARRIS-A013
 0h00:03.091 2021/06/08T12:13:52z: AP_STAR tmr
 ets Jan  8 2013,rst cause:1, boot mode:(3,6)

load 0x4010f000, len 1384, room 16 
tail 8
chksum 0x2d
csum 0x2d
v8b899c12
~ld


6.01
 0h00:03.051 2021/06/08T12:33:48z: DS3231
 0h00:03.067 2021/06/08T12:33:48z: BME280 (0x76)
 0h00:03.081 2021/06/08T12:33:48z: 50:2:91:e5:36:6e
 0h00:03.082 2021/06/08T12:33:48z: SSID: ARRIS-A013
 0h00:03.088 2021/06/08T12:33:48z: AP_STAR tmr
 ets Jan  8 2013,rst cause:1, boot mode:(3,6)

load 0x4010f000, len 1384, room 16 
tail 8
chksum 0x2d
csum 0x2d
v8b899c12
~ld


6.01
 0h00:03.062 2021/06/08T12:53:45z: DS3231
 0h00:03.077 2021/06/08T12:53:45z: BME280 (0x76)
 0h00:03.091 2021/06/08T12:53:45z: 50:2:91:e5:36:6e
 0h00:03.093 2021/06/08T12:53:45z: SSID: ARRIS-A013
 0h00:03.098 2021/06/08T12:53:45z: AP_STAR tmr
 ets Jan  8 2013,rst cause:1, boot mode:(3,6)

load 0x4010f000, len 1384, room 16 
tail 8
chksum 0x2d
csum 0x2d
v8b899c12
~ld


6.01
 0h00:03.065 2021/06/08T13:13:41z: DS3231
 0h00:03.081 2021/06/08T13:13:41z: BME280 (0x76)
 0h00:03.095 2021/06/08T13:13:41z: 50:2:91:e5:36:6e
 0h00:03.097 2021/06/08T13:13:41z: SSID: ARRIS-A013
 0h00:03.102 2021/06/08T13:13:41z: AP_STAR tmr
 ets Jan  8 2013,rst cause:1, boot mode:(3,6)

load 0x4010f000, len 1384, room 16 
tail 8
chksum 0x2d
csum 0x2d
v8b899c12
~ld


6.01
 0h00:03.073 2021/06/08T13:33:37z: DS3231
 0h00:03.088 2021/06/08T13:33:37z: BME280 (0x76)
 0h00:03.102 2021/06/08T13:33:37z: 50:2:91:e5:36:6e
 0h00:03.104 2021/06/08T13:33:37z: SSID: ARRIS-A013
 0h00:03.109 2021/06/08T13:33:37z: AP_STAR tmr
 ets Jan  8 2013,rst cause:1, boot mode:(3,6)

load 0x4010f000, len 1384, room 16 
tail 8
chksum 0x2d
csum 0x2d
v8b899c12
~ld


6.01
 0h00:03.077 2021/06/08T13:53:33z: DS3231
 0h00:03.092 2021/06/08T13:53:33z: BME280 (0x76)
 0h00:03.106 2021/06/08T13:53:33z: 50:2:91:e5:36:6e
 0h00:03.108 2021/06/08T13:53:33z: SSID: ARRIS-A013
 0h00:03.113 2021/06/08T13:53:33z: AP_STAR tmr
 ets Jan  8 2013,rst cause:1, boot mode:(3,6)

load 0x4010f000, len 1384, room 16 
tail 8
chksum 0x2d
csum 0x2d
v8b899c12
~ld


6.01
 0h00:03.095 2021/06/08T14:13:29z: DS3231
 0h00:03.110 2021/06/08T14:13:29z: BME280 (0x76)
 0h00:03.125 2021/06/08T14:13:29z: 50:2:91:e5:36:6e
 0h00:03.126 2021/06/08T14:13:29z: SSID: ARRIS-A013
 0h00:03.131 2021/06/08T14:13:29z: AP_STAR tmr
 ets Jan  8 2013,rst cause:1, boot mode:(3,6)

load 0x4010f000, len 1384, room 16 
tail 8
chksum 0x2d
csum 0x2d
v8b899c12
~ld


6.01
 0h00:03.066 2021/06/08T14:33:26z: DS3231
 0h00:03.081 2021/06/08T14:33:26z: BME280 (0x76)
 0h00:03.095 2021/06/08T14:33:26z: 50:2:91:e5:36:6e
 0h00:03.097 2021/06/08T14:33:26z: SSID: ARRIS-A013
 0h00:03.102 2021/06/08T14:33:26z: AP_STAR tmr
 ets Jan  8 2013,rst cause:1, boot mode:(3,6)

load 0x4010f000, len 1384, room 16 
tail 8
chksum 0x2d
csum 0x2d
v8b899c12
~ld


6.01
 0h00:03.056 2021/06/08T14:53:22z: DS3231
 0h00:03.071 2021/06/08T14:53:22z: BME280 (0x76)
 0h00:03.086 2021/06/08T14:53:22z: 50:2:91:e5:36:6e
 0h00:03.087 2021/06/08T14:53:22z: SSID: ARRIS-A013
 0h00:03.092 2021/06/08T14:53:22z: AP_STAR tmr
 ets Jan  8 2013,rst cause:1, boot mode:(3,6)

load 0x4010f000, len 1384, room 16 
tail 8
chksum 0x2d
csum 0x2d
v8b899c12
~ld


6.01
 0h00:03.057 2021/06/08T15:13:19z: DS3231
 0h00:03.072 2021/06/08T15:13:19z: BME280 (0x76)
 0h00:03.086 2021/06/08T15:13:19z: 50:2:91:e5:36:6e
 0h00:03.088 2021/06/08T15:13:19z: SSID: ARRIS-A013
 0h00:03.093 2021/06/08T15:13:19z: AP_STAR tmr
 ets Jan  8 2013,rst cause:1, boot mode:(3,6)

load 0x4010f000, len 1384, room 16 
tail 8
chksum 0x2d
csum 0x2d
v8b899c12
~ld


6.01
 0h00:03.056 2021/06/08T15:33:15z: DS3231
 0h00:03.071 2021/06/08T15:33:15z: BME280 (0x76)
 0h00:03.085 2021/06/08T15:33:15z: 50:2:91:e5:36:6e
 0h00:03.087 2021/06/08T15:33:15z: SSID: ARRIS-A013
 0h00:03.092 2021/06/08T15:33:15z: AP_STAR tmr
 ets Jan  8 2013,rst cause:1, boot mode:(3,6)

load 0x4010f000, len 1384, room 16 
tail 8
chksum 0x2d
csum 0x2d
v8b899c12
~ld


6.01
 0h00:03.061 2021/06/08T15:53:12z: DS3231
 0h00:03.076 2021/06/08T15:53:12z: BME280 (0x76)
 0h00:03.091 2021/06/08T15:53:12z: 50:2:91:e5:36:6e
 0h00:03.092 2021/06/08T15:53:12z: SSID: ARRIS-A013
 0h00:03.097 2021/06/08T15:53:12z: AP_STAR tmr
 ets Jan  8 2013,rst cause:1, boot mode:(3,6)

load 0x4010f000, len 1384, room 16 
tail 8
chksum 0x2d
csum 0x2d
v8b899c12
~ld


6.01
 0h00:03.068 2021/06/08T16:13:07z: DS3231
 0h00:03.083 2021/06/08T16:13:07z: BME280 (0x76)
 0h00:03.098 2021/06/08T16:13:07z: 50:2:91:e5:36:6e
 0h00:03.099 2021/06/08T16:13:07z: SSID: ARRIS-A013
 0h00:03.104 2021/06/08T16:13:07z: AP_STAR tmr
 ets Jan  8 2013,rst cause:1, boot mode:(3,6)

load 0x4010f000, len 1384, room 16 
tail 8
chksum 0x2d
csum 0x2d
v8b899c12
~ld


6.01
 0h00:03.077 2021/06/08T16:33:03z: DS3231
 0h00:03.092 2021/06/08T16:33:03z: BME280 (0x76)
 0h00:03.106 2021/06/08T16:33:03z: 50:2:91:e5:36:6e
 0h00:03.108 2021/06/08T16:33:03z: SSID: ARRIS-A013
 0h00:03.113 2021/06/08T16:33:03z: AP_STAR tmr
 ets Jan  8 2013,rst cause:1, boot mode:(3,6)

load 0x4010f000, len 1384, room 16 
tail 8
chksum 0x2d
csum 0x2d
v8b899c12
~ld


6.01
 0h00:03.083 2021/06/08T16:52:59z: DS3231
 0h00:03.098 2021/06/08T16:53:00z: BME280 (0x76)
 0h00:03.112 2021/06/08T16:53:00z: 50:2:91:e5:36:6e
 0h00:03.114 2021/06/08T16:53:00z: SSID: ARRIS-A013
 0h00:03.119 2021/06/08T16:53:00z: AP_STAR tmr
 ets Jan  8 2013,rst cause:1, boot mode:(3,6)

load 0x4010f000, len 1384, room 16 
tail 8
chksum 0x2d
csum 0x2d
v8b899c12
~ld


6.01
 0h00:03.067 2021/06/08T17:12:56z: DS3231
 0h00:03.082 2021/06/08T17:12:56z: BME280 (0x76)
 0h00:03.096 2021/06/08T17:12:56z: 50:2:91:e5:36:6e
 0h00:03.098 2021/06/08T17:12:56z: SSID: ARRIS-A013
 0h00:03.103 2021/06/08T17:12:56z: AP_STAR tmr
 ets Jan  8 2013,rst cause:1, boot mode:(3,6)

load 0x4010f000, len 1384, room 16 
tail 8
chksum 0x2d
csum 0x2d
v8b899c12
~ld


6.01
 0h00:03.055 2021/06/08T17:32:52z: DS3231
 0h00:03.070 2021/06/08T17:32:52z: BME280 (0x76)
 0h00:03.084 2021/06/08T17:32:52z: 50:2:91:e5:36:6e
 0h00:03.086 2021/06/08T17:32:52z: SSID: ARRIS-A013
 0h00:03.091 2021/06/08T17:32:52z: AP_STAR tmr
 ets Jan  8 2013,rst cause:1, boot mode:(3,6)

load 0x4010f000, len 1384, room 16 
tail 8
chksum 0x2d
csum 0x2d
v8b899c12
~ld


6.01
 0h00:03.066 2021/06/08T17:52:48z: DS3231
 0h00:03.081 2021/06/08T17:52:48z: BME280 (0x76)
 0h00:03.096 2021/06/08T17:52:48z: 50:2:91:e5:36:6e
 0h00:03.097 2021/06/08T17:52:48z: SSID: ARRIS-A013
 0h00:03.103 2021/06/08T17:52:48z: AP_STAR tmr
 ets Jan  8 2013,rst cause:1, boot mode:(3,6)

load 0x4010f000, len 1384, room 16 
tail 8
chksum 0x2d
csum 0x2d
v8b899c12
~ld


6.01
 0h00:03.059 2021/06/08T18:12:44z: DS3231
 0h00:03.074 2021/06/08T18:12:44z: BME280 (0x76)
 0h00:03.089 2021/06/08T18:12:44z: 50:2:91:e5:36:6e
 0h00:03.090 2021/06/08T18:12:44z: SSID: ARRIS-A013
 0h00:03.095 2021/06/08T18:12:44z: AP_STAR tmr
 ets Jan  8 2013,rst cause:1, boot mode:(3,6)

load 0x4010f000, len 1384, room 16 
tail 8
chksum 0x2d
csum 0x2d
v8b899c12
~ld


6.01
 0h00:03.058 2021/06/08T18:32:40z: DS3231
 0h00:03.073 2021/06/08T18:32:40z: BME280 (0x76)
 0h00:03.087 2021/06/08T18:32:40z: 50:2:91:e5:36:6e
 0h00:03.089 2021/06/08T18:32:40z: SSID: ARRIS-A013
 0h00:03.094 2021/06/08T18:32:40z: AP_STAR tmr
 ets Jan  8 2013,rst cause:1, boot mode:(3,6)

load 0x4010f000, len 1384, room 16 
tail 8
chksum 0x2d
csum 0x2d
v8b899c12
~ld


6.01
 0h00:03.075 2021/06/08T18:52:36z: DS3231
 0h00:03.090 2021/06/08T18:52:36z: BME280 (0x76)
 0h00:03.104 2021/06/08T18:52:36z: 50:2:91:e5:36:6e
 0h00:03.106 2021/06/08T18:52:36z: SSID: ARRIS-A013
 0h00:03.111 2021/06/08T18:52:36z: AP_STAR tmr
 ets Jan  8 2013,rst cause:1, boot mode:(3,6)

load 0x4010f000, len 1384, room 16 
tail 8
chksum 0x2d
csum 0x2d
v8b899c12
~ld


6.01
 0h00:03.080 2021/06/08T19:12:33z: DS3231
 0h00:03.095 2021/06/08T19:12:33z: BME280 (0x76)
 0h00:03.110 2021/06/08T19:12:33z: 50:2:91:e5:36:6e
 0h00:03.111 2021/06/08T19:12:33z: SSID: ARRIS-A013
 0h00:03.116 2021/06/08T19:12:33z: AP_STAR tmr
 ets Jan  8 2013,rst cause:1, boot mode:(3,6)

load 0x4010f000, len 1384, room 16 
tail 8
chksum 0x2d
csum 0x2d
v8b899c12
~ld


6.01
 0h00:03.083 2021/06/08T19:32:29z: DS3231
 0h00:03.099 2021/06/08T19:32:29z: BME280 (0x76)
 0h00:03.113 2021/06/08T19:32:29z: 50:2:91:e5:36:6e
 0h00:03.114 2021/06/08T19:32:29z: SSID: ARRIS-A013
 0h00:03.120 2021/06/08T19:32:29z: AP_STAR tmr
 ets Jan  8 2013,rst cause:1, boot mode:(3,6)

load 0x4010f000, len 1384, room 16 
tail 8
chksum 0x2d
csum 0x2d
v8b899c12
~ld


6.01
 0h00:03.058 2021/06/08T19:52:26z: DS3231
 0h00:03.073 2021/06/08T19:52:26z: BME280 (0x76)
 0h00:03.087 2021/06/08T19:52:26z: 50:2:91:e5:36:6e
 0h00:03.089 2021/06/08T19:52:26z: SSID: ARRIS-A013
 0h00:03.094 2021/06/08T19:52:26z: AP_STAR tmr
 ets Jan  8 2013,rst cause:1, boot mode:(3,6)

load 0x4010f000, len 1384, room 16 
tail 8
chksum 0x2d
csum 0x2d
v8b899c12
~ld


6.01
 0h00:03.065 2021/06/08T20:12:23z: DS3231
 0h00:03.080 2021/06/08T20:12:23z: BME280 (0x76)
 0h00:03.094 2021/06/08T20:12:23z: 50:2:91:e5:36:6e
 0h00:03.096 2021/06/08T20:12:23z: SSID: ARRIS-A013
 0h00:03.101 2021/06/08T20:12:23z: AP_STAR tmr
 ets Jan  8 2013,rst cause:1, boot mode:(3,6)

load 0x4010f000, len 1384, room 16 
tail 8
chksum 0x2d
csum 0x2d
v8b899c12
~ld


6.01
 0h00:03.055 2021/06/08T20:32:20z: DS3231
 0h00:03.071 2021/06/08T20:32:20z: BME280 (0x76)
 0h00:03.085 2021/06/08T20:32:20z: 50:2:91:e5:36:6e
 0h00:03.086 2021/06/08T20:32:20z: SSID: ARRIS-A013
 0h00:03.092 2021/06/08T20:32:20z: AP_STAR tmr
 ets Jan  8 2013,rst cause:1, boot mode:(3,6)

load 0x4010f000, len 1384, room 16 
tail 8
chksum 0x2d
csum 0x2d
v8b899c12
~ld


6.01
 0h00:03.060 2021/06/08T20:52:16z: DS3231
 0h00:03.076 2021/06/08T20:52:16z: BME280 (0x76)
 0h00:03.090 2021/06/08T20:52:16z: 50:2:91:e5:36:6e
 0h00:03.091 2021/06/08T20:52:16z: SSID: ARRIS-A013
 0h00:03.097 2021/06/08T20:52:16z: AP_STAR tmr
 ets Jan  8 2013,rst cause:1, boot mode:(3,6)

load 0x4010f000, len 1384, room 16 
tail 8
chksum 0x2d
csum 0x2d
v8b899c12
~ld


6.01
 0h00:03.059 2021/06/08T21:12:12z: DS3231
 0h00:03.074 2021/06/08T21:12:12z: BME280 (0x76)
 0h00:03.088 2021/06/08T21:12:12z: 50:2:91:e5:36:6e
 0h00:03.090 2021/06/08T21:12:12z: SSID: ARRIS-A013
 0h00:03.095 2021/06/08T21:12:12z: AP_STAR tmr
 ets Jan  8 2013,rst cause:1, boot mode:(3,6)

load 0x4010f000, len 1384, room 16 
tail 8
chksum 0x2d
csum 0x2d
v8b899c12
~ld


6.01
 0h00:03.076 2021/06/08T21:32:08z: DS3231
 0h00:03.091 2021/06/08T21:32:08z: BME280 (0x76)
 0h00:03.105 2021/06/08T21:32:08z: 50:2:91:e5:36:6e
 0h00:03.107 2021/06/08T21:32:08z: SSID: ARRIS-A013
 0h00:03.112 2021/06/08T21:32:08z: AP_STAR tmr
 ets Jan  8 2013,rst cause:1, boot mode:(3,6)

load 0x4010f000, len 1384, room 16 
tail 8
chksum 0x2d
csum 0x2d
v8b899c12
~ld


6.01
 0h00:03.076 2021/06/08T21:52:05z: DS3231
 0h00:03.091 2021/06/08T21:52:05z: BME280 (0x76)
 0h00:03.105 2021/06/08T21:52:05z: 50:2:91:e5:36:6e
 0h00:03.107 2021/06/08T21:52:05z: SSID: ARRIS-A013
 0h00:03.112 2021/06/08T21:52:05z: AP_STAR tmr
 ets Jan  8 2013,rst cause:1, boot mode:(3,6)

load 0x4010f000, len 1384, room 16 
tail 8
chksum 0x2d
csum 0x2d
v8b899c12
~ld


6.01
 0h00:03.085 2021/06/08T22:12:01z: DS3231
 0h00:03.100 2021/06/08T22:12:01z: BME280 (0x76)
 0h00:03.115 2021/06/08T22:12:01z: 50:2:91:e5:36:6e
 0h00:03.116 2021/06/08T22:12:01z: SSID: ARRIS-A013
 0h00:03.121 2021/06/08T22:12:01z: AP_STAR tmr
 ets Jan  8 2013,rst cause:1, boot mode:(3,6)

load 0x4010f000, len 1384, room 16 
tail 8
chksum 0x2d
csum 0x2d
v8b899c12
~ld


6.01
 0h00:03.057 2021/06/08T22:31:57z: DS3231
 0h00:03.072 2021/06/08T22:31:57z: BME280 (0x76)
 0h00:03.087 2021/06/08T22:31:57z: 50:2:91:e5:36:6e
 0h00:03.088 2021/06/08T22:31:57z: SSID: ARRIS-A013
 0h00:03.093 2021/06/08T22:31:57z: AP_STAR tmr
 ets Jan  8 2013,rst cause:1, boot mode:(3,6)

load 0x4010f000, len 1384, room 16 
tail 8
chksum 0x2d
csum 0x2d
v8b899c12
~ld


6.01
 0h00:03.059 2021/06/08T22:51:53z: DS3231
 0h00:03.074 2021/06/08T22:51:53z: BME280 (0x76)
 0h00:03.088 2021/06/08T22:51:53z: 50:2:91:e5:36:6e
 0h00:03.090 2021/06/08T22:51:53z: SSID: ARRIS-A013
 0h00:03.095 2021/06/08T22:51:53z: AP_STAR tmr
 ets Jan  8 2013,rst cause:1, boot mode:(3,6)

load 0x4010f000, len 1384, room 16 
tail 8
chksum 0x2d
csum 0x2d
v8b899c12
~ld


6.01
 0h00:03.060 2021/06/08T23:11:49z: DS3231
 0h00:03.075 2021/06/08T23:11:49z: BME280 (0x76)
 0h00:03.089 2021/06/08T23:11:49z: 50:2:91:e5:36:6e
 0h00:03.091 2021/06/08T23:11:49z: SSID: ARRIS-A013
 0h00:03.096 2021/06/08T23:11:49z: AP_STAR tmr
 ets Jan  8 2013,rst cause:1, boot mode:(3,6)

load 0x4010f000, len 1384, room 16 
tail 8
chksum 0x2d
csum 0x2d
v8b899c12
~ld


6.01
 0h00:03.062 2021/06/08T23:31:46z: DS3231
 0h00:03.077 2021/06/08T23:31:46z: BME280 (0x76)
 0h00:03.091 2021/06/08T23:31:46z: 50:2:91:e5:36:6e
 0h00:03.093 2021/06/08T23:31:46z: SSID: ARRIS-A013
 0h00:03.098 2021/06/08T23:31:46z: AP_STAR tmr
 ets Jan  8 2013,rst cause:1, boot mode:(3,6)

load 0x4010f000, len 1384, room 16 
tail 8
chksum 0x2d
csum 0x2d
v8b899c12
~ld


6.01
 0h00:03.064 2021/06/08T23:51:42z: DS3231
 0h00:03.080 2021/06/08T23:51:42z: BME280 (0x76)
 0h00:03.094 2021/06/08T23:51:42z: 50:2:91:e5:36:6e
 0h00:03.096 2021/06/08T23:51:42z: SSID: ARRIS-A013
 0h00:03.101 2021/06/08T23:51:42z: AP_STA