R tmr
 ets Jan  8 2013,rst cause:1, boot mode:(3,6)

load 0x4010f000, len 1384, room 16 
tail 8
chksum 0x2d
csum 0x2d
v8b899c12
~ld


6.01
 0h00:03.073 2021/06/09T00:11:38z: DS3231
 0h00:03.089 2021/06/09T00:11:38z: BME280 (0x76)
 0h00:03.103 2021/06/09T00:11:38z: 50:2:91:e5:36:6e
 0h00:03.105 2021/06/09T00:11:38z: SSID: ARRIS-A013
 0h00:03.110 2021/06/09T00:11:38z: AP_STAR tmr
 ets Jan  8 2013,rst cause:1, boot mode:(3,6)

load 0x4010f000, len 1384, room 16 
tail 8
chksum 0x2d
csum 0x2d
v8b899c12
~ld


6.01
 0h00:03.082 2021/06/09T00:31:35z: DS3231
 0h00:03.097 2021/06/09T00:31:35z: BME280 (0x76)
 0h00:03.111 2021/06/09T00:31:35z: 50:2:91:e5:36:6e
 0h00:03.113 2021/06/09T00:31:35z: SSID: ARRIS-A013
 0h00:03.118 2021/06/09T00:31:35z: AP_STAR tmr
 ets Jan  8 2013,rst cause:1, boot mode:(3,6)

load 0x4010f000, len 1384, room 16 
tail 8
chksum 0x2d
csum 0x2d
v8b899c12
~ld


6.01
 0h00:03.085 2021/06/09T00:51:31z: DS3231
 0h00:03.100 2021/06/09T00:51:31z: BME280 (0x76)
 0h00:03.114 2021/06/09T00:51:31z: 50:2:91:e5:36:6e
 0h00:03.116 2021/06/09T00:51:31z: SSID: ARRIS-A013
 0h00:03.121 2021/06/09T00:51:31z: AP_STAR tmr
 ets Jan  8 2013,rst cause:1, boot mode:(3,6)

load 0x4010f000, len 1384, room 16 
tail 8
chksum 0x2d
csum 0x2d
v8b899c12
~ld


6.01
 0h00:03.060 2021/06/09T01:11:27z: DS3231
 0h00:03.075 2021/06/09T01:11:27z: BME280 (0x76)
 0h00:03.089 2021/06/09T01:11:27z: 50:2:91:e5:36:6e
 0h00:03.091 2021/06/09T01:11:27z: SSID: ARRIS-A013
 0h00:03.096 2021/06/09T01:11:27z: AP_STAR tmr
 ets Jan  8 2013,rst cause:1, boot mode:(3,6)

load 0x4010f000, len 1384, room 16 
tail 8
chksum 0x2d
csum 0x2d
v8b899c12
~ld


6.01
 0h00:03.060 2021/06/09T01:31:22z: DS3231
 0h00:03.075 2021/06/09T01:31:22z: BME280 (0x76)
 0h00:03.089 2021/06/09T01:31:22z: 50:2:91:e5:36:6e
 0h00:03.091 2021/06/09T01:31:22z: SSID: ARRIS-A013
 0h00:03.096 2021/06/09T01:31:22z: AP_STAR tmr
 ets Jan  8 2013,rst cause:1, boot mode:(3,6)

load 0x4010f000, len 1384, room 16 
tail 8
chksum 0x2d
csum 0x2d
v8b899c12
~ld


6.01
 0h00:03.063 2021/06/09T01:51:19z: DS3231
 0h00:03.079 2021/06/09T01:51:19z: BME280 (0x76)
 0h00:03.093 2021/06/09T01:51:19z: 50:2:91:e5:36:6e
 0h00:03.094 2021/06/09T01:51:19z: SSID: ARRIS-A013
 0h00:03.100 2021/06/09T01:51:19z: AP_STAR tmr
 ets Jan  8 2013,rst cause:1, boot mode:(3,6)

load 0x4010f000, len 1384, room 16 
tail 8
chksum 0x2d
csum 0x2d
v8b899c12
~ld


6.01
 0h00:03.062 2021/06/09T02:11:15z: DS3231
 0h00:03.077 2021/06/09T02:11:15z: BME280 (0x76)
 0h00:03.092 2021/06/09T02:11:15z: 50:2:91:e5:36:6e
 0h00:03.093 2021/06/09T02:11:15z: SSID: ARRIS-A013
 0h00:03.098 2021/06/09T02:11:15z: AP_STAR tmr
 ets Jan  8 2013,rst cause:1, boot mode:(3,6)

load 0x4010f000, len 1384, room 16 
tail 8
chksum 0x2d
csum 0x2d
v8b899c12
~ld


6.01
 0h00:03.065 2021/06/09T02:31:11z: DS3231
 0h00:03.080 2021/06/09T02:31:11z: BME280 (0x76)
 0h00:03.094 2021/06/09T02:31:11z: 50:2:91:e5:36:6e
 0h00:03.096 2021/06/09T02:31:11z: SSID: ARRIS-A013
 0h00:03.101 2021/06/09T02:31:11z: AP_STAR tmr
 ets Jan  8 2013,rst cause:1, boot mode:(3,6)

load 0x4010f000, len 1384, room 16 
tail 8
chksum 0x2d
csum 0x2d
v8b899c12
~ld


6.01
 0h00:03.068 2021/06/09T02:51:07z: DS3231
 0h00:03.084 2021/06/09T02:51:07z: BME280 (0x76)
 0h00:03.098 2021/06/09T02:51:07z: 50:2:91:e5:36:6e
 0h00:03.100 2021/06/09T02:51:07z: SSID: ARRIS-A013
 0h00:03.105 2021/06/09T02:51:07z: AP_STAR tmr
 ets Jan  8 2013,rst cause:1, boot mode:(3,6)

load 0x4010f000, len 1384, room 16 
tail 8
chksum 0x2d
csum 0x2d
v8b899c12
~ld


6.01
 0h00:03.078 2021/06/09T03:11:03z: DS3231
 0h00:03.093 2021/06/09T03:11:03z: BME280 (0x76)
 0h00:03.107 2021/06/09T03:11:03z: 50:2:91:e5:36:6e
 0h00:03.109 2021/06/09T03:11:03z: SSID: ARRIS-A013
 0h00:03.114 2021/06/09T03:11:03z: AP_STAR tmr
 ets Jan  8 2013,rst cause:1, boot mode:(3,6)

load 0x4010f000, len 1384, room 16 
tail 8
chksum 0x2d
csum 0x2d
v8b899c12
~ld


6.01
 0h00:03.087 2021/06/09T03:31:00z: DS3231
 0h00:03.102 2021/06/09T03:31:00z: BME280 (0x76)
 0h00:03.116 2021/06/09T03:31:00z: 50:2:91:e5:36:6e
 0h00:03.118 2021/06/09T03:31:00z: SSID: ARRIS-A013
 0h00:03.123 2021/06/09T03:31:00z: AP_STAR tmr
 ets Jan  8 2013,rst cause:1, boot mode:(3,6)

load 0x4010f000, len 1384, room 16 
tail 8
chksum 0x2d
csum 0x2d
v8b899c12
~ld


6.01
 0h00:03.059 2021/06/09T03:50:57z: DS3231
 0h00:03.074 2021/06/09T03:50:57z: BME280 (0x76)
 0h00:03.088 2021/06/09T03:50:57z: 50:2:91:e5:36:6e
 0h00:03.090 2021/06/09T03:50:57z: SSID: ARRIS-A013
 0h00:03.095 2021/06/09T03:50:57z: AP_STAR tmr
 ets Jan  8 2013,rst cause:1, boot mode:(3,6)

load 0x4010f000, len 1384, room 16 
tail 8
chksum 0x2d
csum 0x2d
v8b899c12
~ld


6.01
 0h00:03.066 2021/06/09T04:10:52z: DS3231
 0h00:03.081 2021/06/09T04:10:52z: BME280 (0x76)
 0h00:03.095 2021/06/09T04:10:52z: 50:2:91:e5:36:6e
 0h00:03.097 2021/06/09T04:10:52z: SSID: ARRIS-A013
 0h00:03.102 2021/06/09T04:10:52z: AP_STAR tmr
 ets Jan  8 2013,rst cause:1, boot mode:(3,6)

load 0x4010f000, len 1384, room 16 
tail 8
chksum 0x2d
csum 0x2d
v8b899c12
~ld


6.01
 0h00:03.062 2021/06/09T04:30:50z: DS3231
 0h00:03.077 2021/06/09T04:30:50z: BME280 (0x76)
 0h00:03.091 2021/06/09T04:30:50z: 50:2:91:e5:36:6e
 0h00:03.093 2021/06/09T04:30:50z: SSID: ARRIS-A013
 0h00:03.098 2021/06/09T04:30:50z: AP_STAR tmr
 ets Jan  8 2013,rst cause:1, boot mode:(3,6)

load 0x4010f000, len 1384, room 16 
tail 8
chksum 0x2d
csum 0x2d
v8b899c12
~ld


6.01
 0h00:03.061 2021/06/09T04:50:46z: DS3231
 0h00:03.076 2021/06/09T04:50:46z: BME280 (0x76)
 0h00:03.091 2021/06/09T04:50:46z: 50:2:91:e5:36:6e
 0h00:03.092 2021/06/09T04:50:46z: SSID: ARRIS-A013
 0h00:03.097 2021/06/09T04:50:46z: AP_STAR tmr
 ets Jan  8 2013,rst cause:1, boot mode:(3,6)

load 0x4010f000, len 1384, room 16 
tail 8
chksum 0x2d
csum 0x2d
v8b899c12
~ld


6.01
 0h00:03.064 2021/06/09T05:10:42z: DS3231
 0h00:03.080 2021/06/09T05:10:42z: BME280 (0x76)
 0h00:03.094 2021/06/09T05:10:42z: 50:2:91:e5:36:6e
 0h00:03.095 2021/06/09T05:10:42z: SSID: ARRIS-A013
 0h00:03.101 2021/06/09T05:10:42z: AP_STAR tmr
 ets Jan  8 2013,rst cause:1, boot mode:(3,6)

load 0x4010f000, len 1384, room 16 
tail 8
chksum 0x2d
csum 0x2d
v8b899c12
~ld


6.01
 0h00:03.061 2021/06/09T05:30:39z: DS3231
 0h00:03.077 2021/06/09T05:30:39z: BME280 (0x76)
 0h00:03.091 2021/06/09T05:30:39z: 50:2:91:e5:36:6e
 0h00:03.093 2021/06/09T05:30:39z: SSID: ARRIS-A013
 0h00:03.098 2021/06/09T05:30:39z: AP_STAR tmr
 ets Jan  8 2013,rst cause:1, boot mode:(3,6)

load 0x4010f000, len 1384, room 16 
tail 8
chksum 0x2d
csum 0x2d
v8b899c12
~ld


6.01
 0h00:03.074 2021/06/09T05:50:35z: DS3231
 0h00:03.089 2021/06/09T05:50:35z: BME280 (0x76)
 0h00:03.104 2021/06/09T05:50:35z: 50:2:91:e5:36:6e
 0h00:03.105 2021/06/09T05:50:35z: SSID: ARRIS-A013
 0h00:03.110 2021/06/09T05:50:35z: AP_STAR tmr
 ets Jan  8 2013,rst cause:1, boot mode:(3,6)

load 0x4010f000, len 1384, room 16 
tail 8
chksum 0x2d
csum 0x2d
v8b899c12
~ld


6.01
 0h00:03.070 2021/06/09T06:10:32z: DS3231
 0h00:03.085 2021/06/09T06:10:32z: BME280 (0x76)
 0h00:03.099 2021/06/09T06:10:32z: 50:2:91:e5:36:6e
 0h00:03.101 2021/06/09T06:10:32z: SSID: ARRIS-A013
 0h00:03.106 2021/06/09T06:10:32z: AP_STAR tmr
 ets Jan  8 2013,rst cause:1, boot mode:(3,6)

load 0x4010f000, len 1384, room 16 
tail 8
chksum 0x2d
csum 0x2d
v8b899c12
~ld


6.01
 0h00:03.075 2021/06/09T06:30:28z: DS3231
 0h00:03.091 2021/06/09T06:30:28z: BME280 (0x76)
 0h00:03.105 2021/06/09T06:30:28z: 50:2:91:e5:36:6e
 0h00:03.107 2021/06/09T06:30:28z: SSID: ARRIS-A013
 0h00:03.112 2021/06/09T06:30:28z: AP_STAR tmr
 ets Jan  8 2013,rst cause:1, boot mode:(3,6)

load 0x4010f000, len 1384, room 16 
tail 8
chksum 0x2d
csum 0x2d
v8b899c12
~ld


6.01
 0h00:03.087 2021/06/09T06:50:24z: DS3231
 0h00:03.102 2021/06/09T06:50:24z: BME280 (0x76)
 0h00:03.116 2021/06/09T06:50:24z: 50:2:91:e5:36:6e
 0h00:03.118 2021/06/09T06:50:24z: SSID: ARRIS-A013
 0h00:03.123 2021/06/09T06:50:24z: AP_STAR tmr
 ets Jan  8 2013,rst cause:1, boot mode:(3,6)

load 0x4010f000, len 1384, room 16 
tail 8
chksum 0x2d
csum 0x2d
v8b899c12
~ld


6.01
 0h00:03.066 2021/06/09T07:10:20z: DS3231
 0h00:03.082 2021/06/09T07:10:20z: BME280 (0x76)
 0h00:03.096 2021/06/09T07:10:20z: 50:2:91:e5:36:6e
 0h00:03.098 2021/06/09T07:10:20z: SSID: ARRIS-A013
 0h00:03.103 2021/06/09T07:10:20z: AP_STAR tmr
 ets Jan  8 2013,rst cause:1, boot mode:(3,6)

load 0x4010f000, len 1384, room 16 
tail 8
chksum 0x2d
csum 0x2d
v8b899c12
~ld


6.01
 0h00:03.058 2021/06/09T07:30:16z: DS3231
 0h00:03.074 2021/06/09T07:30:16z: BME280 (0x76)
 0h00:03.088 2021/06/09T07:30:16z: 50:2:91:e5:36:6e
 0h00:03.089 2021/06/09T07:30:16z: SSID: ARRIS-A013
 0h00:03.095 2021/06/09T07:30:16z: AP_STAR tmr
 ets Jan  8 2013,rst cause:1, boot mode:(3,6)

load 0x4010f000, len 1384, room 16 
tail 8
chksum 0x2d
csum 0x2d
v8b899c12
~ld


6.01
 0h00:03.055 2021/06/09T07:50:13z: DS3231
 0h00:03.071 2021/06/09T07:50:13z: BME280 (0x76)
 0h00:03.085 2021/06/09T07:50:13z: 50:2:91:e5:36:6e
 0h00:03.087 2021/06/09T07:50:13z: SSID: ARRIS-A013
 0h00:03.092 2021/06/09T07:50:13z: AP_STAR tmr
 ets Jan  8 2013,rst cause:1, boot mode:(3,6)

load 0x4010f000, len 1384, room 16 
tail 8
chksum 0x2d
csum 0x2d
v8b899c12
~ld


6.01
 0h00:03.060 2021/06/09T08:10:08z: DS3231
 0h00:03.075 2021/06/09T08:10:08z: BME280 (0x76)
 0h00:03.089 2021/06/09T08:10:08z: 50:2:91:e5:36:6e
 0h00:03.091 2021/06/09T08:10:08z: SSID: ARRIS-A013
 0h00:03.096 2021/06/09T08:10:08z: AP_STAR tmr
 ets Jan  8 2013,rst cause:1, boot mode:(3,6)

load 0x4010f000, len 1384, room 16 
tail 8
chksum 0x2d
csum 0x2d
v8b899c12
~ld


6.01
 0h00:03.060 2021/06/09T08:30:05z: DS3231
 0h00:03.076 2021/06/09T08:30:05z: BME280 (0x76)
 0h00:03.090 2021/06/09T08:30:05z: 50:2:91:e5:36:6e
 0h00:03.092 2021/06/09T08:30:05z: SSID: ARRIS-A013
 0h00:03.097 2021/06/09T08:30:05z: AP_STAR tmr
 ets Jan  8 2013,rst cause:1, boot mode:(3,6)

load 0x4010f000, len 1384, room 16 
tail 8
chksum 0x2d
csum 0x2d
v8b899c12
~ld


6.01
 0h00:03.069 2021/06/09T08:50:02z: DS3231
 0h00:03.084 2021/06/09T08:50:02z: BME280 (0x76)
 0h00:03.098 2021/06/09T08:50:02z: 50:2:91:e5:36:6e
 0h00:03.100 2021/06/09T08:50:02z: SSID: ARRIS-A013
 0h00:03.105 2021/06/09T08:50:02z: AP_STAR tmr
 ets Jan  8 2013,rst cause:1, boot mode:(3,6)

load 0x4010f000, len 1384, room 16 
tail 8
chksum 0x2d
csum 0x2d
v8b899c12
~ld


6.01
 0h00:03.073 2021/06/09T09:09:59z: DS3231
 0h00:03.088 2021/06/09T09:09:59z: BME280 (0x76)
 0h00:03.102 2021/06/09T09:09:59z: 50:2:91:e5:36:6e
 0h00:03.104 2021/06/09T09:09:59z: SSID: ARRIS-A013
 0h00:03.109 2021/06/09T09:09:59z: AP_STAR tmr
 ets Jan  8 2013,rst cause:1, boot mode:(3,6)

load 0x4010f000, len 1384, room 16 
tail 8
chksum 0x2d
csum 0x2d
v8b899c12
~ld


6.01
 0h00:03.084 2021/06/09T09:29:56z: DS3231
 0h00:03.100 2021/06/09T09:29:56z: BME280 (0x76)
 0h00:03.114 2021/06/09T09:29:56z: 50:2:91:e5:36:6e
 0h00:03.116 2021/06/09T09:29:56z: SSID: ARRIS-A013
 0h00:03.121 2021/06/09T09:29:56z: AP_STAR tmr
 ets Jan  8 2013,rst cause:1, boot mode:(3,6)

load 0x4010f000, len 1384, room 16 
tail 8
chksum 0x2d
csum 0x2d
v8b899c12
~ld


6.01
 0h00:03.055 2021/06/09T09:49:52z: DS3231
 0h00:03.070 2021/06/09T09:49:52z: BME280 (0x76)
 0h00:03.085 2021/06/09T09:49:52z: 50:2:91:e5:36:6e
 0h00:03.086 2021/06/09T09:49:52z: SSID: ARRIS-A013
 0h00:03.091 2021/06/09T09:49:52z: AP_STAR tmr
 ets Jan  8 2013,rst cause:1, boot mode:(3,6)

load 0x4010f000, len 1384, room 16 
tail 8
chksum 0x2d
csum 0x2d
v8b899c12
~ld


6.01
 0h00:03.057 2021/06/09T10:09:48z: DS3231
 0h00:03.072 2021/06/09T10:09:48z: BME280 (0x76)
 0h00:03.086 2021/06/09T10:09:48z: 50:2:91:e5:36:6e
 0h00:03.088 2021/06/09T10:09:48z: SSID: ARRIS-A013
 0h00:03.093 2021/06/09T10:09:48z: AP_STA