R tmr
 ets Jan  8 2013,rst cause:1, boot mode:(3,6)

load 0x4010f000, len 1384, room 16 
tail 8
chksum 0x2d
csum 0x2d
v8b899c12
~ld


6.01
 0h00:03.019 2021/05/13T00:15:56z: DS3231
 0h00:03.034 2021/05/13T00:15:56z: BME280 (0x76)
 0h00:03.048 2021/05/13T00:15:56z: 10:52:1c:41:79:b5
 0h00:03.050 2021/05/13T00:15:56z: SSID: ARRIS-5A97
 0h00:03.055 2021/05/13T00:15:56z: AP_STAR tmr
 ets Jan  8 2013,rst cause:1, boot mode:(3,6)

load 0x4010f000, len 1384, room 16 
tail 8
chksum 0x2d
csum 0x2d
v8b899c12
~ld


6.01
 0h00:02.995 2021/05/13T00:35:52z: DS3231
 0h00:03.010 2021/05/13T00:35:52z: BME280 (0x76)
 0h00:03.024 2021/05/13T00:35:52z: 10:52:1c:41:79:b5
 0h00:03.026 2021/05/13T00:35:52z: SSID: ARRIS-5A97
 0h00:03.031 2021/05/13T00:35:52z: AP_STAR tmr
 ets Jan  8 2013,rst cause:1, boot mode:(3,6)

load 0x4010f000, len 1384, room 16 
tail 8
chksum 0x2d
csum 0x2d
v8b899c12
~ld


6.01
 0h00:02.999 2021/05/13T00:55:48z: DS3231
 0h00:03.014 2021/05/13T00:55:48z: BME280 (0x76)
 0h00:03.028 2021/05/13T00:55:48z: 10:52:1c:41:79:b5
 0h00:03.030 2021/05/13T00:55:48z: SSID: ARRIS-5A97
 0h00:03.035 2021/05/13T00:55:48z: AP_STAR tmr
 ets Jan  8 2013,rst cause:1, boot mode:(3,6)

load 0x4010f000, len 1384, room 16 
tail 8
chksum 0x2d
csum 0x2d
v8b899c12
~ld


6.01
 0h00:02.999 2021/05/13T01:15:44z: DS3231
 0h00:03.014 2021/05/13T01:15:44z: BME280 (0x76)
 0h00:03.029 2021/05/13T01:15:44z: 10:52:1c:41:79:b5
 0h00:03.030 2021/05/13T01:15:44z: SSID: ARRIS-5A97
 0h00:03.035 2021/05/13T01:15:44z: AP_STAR tmr
 ets Jan  8 2013,rst cause:1, boot mode:(3,6)

load 0x4010f000, len 1384, room 16 
tail 8
chksum 0x2d
csum 0x2d
v8b899c12
~ld


6.01
 0h00:02.992 2021/05/13T01:35:40z: DS3231
 0h00:03.008 2021/05/13T01:35:40z: BME280 (0x76)
 0h00:03.022 2021/05/13T01:35:40z: 10:52:1c:41:79:b5
 0h00:03.024 2021/05/13T01:35:40z: SSID: ARRIS-5A97
 0h00:03.029 2021/05/13T01:35:40z: AP_STAR tmr
 ets Jan  8 2013,rst cause:1, boot mode:(3,6)

load 0x4010f000, len 1384, room 16 
tail 8
chksum 0x2d
csum 0x2d
v8b899c12
~ld


6.01
 0h00:03.001 2021/05/13T01:55:36z: DS3231
 0h00:03.016 2021/05/13T01:55:36z: BME280 (0x76)
 0h00:03.031 2021/05/13T01:55:36z: 10:52:1c:41:79:b5
 0h00:03.032 2021/05/13T01:55:36z: SSID: ARRIS-5A97
 0h00:03.037 2021/05/13T01:55:36z: AP_STAR tmr
 ets Jan  8 2013,rst cause:1, boot mode:(3,6)

load 0x4010f000, len 1384, room 16 
tail 8
chksum 0x2d
csum 0x2d
v8b899c12
~ld


6.01
 0h00:03.006 2021/05/13T02:15:32z: DS3231
 0h00:03.021 2021/05/13T02:15:32z: BME280 (0x76)
 0h00:03.036 2021/05/13T02:15:32z: 10:52:1c:41:79:b5
 0h00:03.037 2021/05/13T02:15:32z: SSID: ARRIS-5A97
 0h00:03.042 2021/05/13T02:15:32z: AP_STAR tmr
 ets Jan  8 2013,rst cause:1, boot mode:(3,6)

load 0x4010f000, len 1384, room 16 
tail 8
chksum 0x2d
csum 0x2d
v8b899c12
~ld


6.01
 0h00:03.016 2021/05/13T02:35:28z: DS3231
 0h00:03.032 2021/05/13T02:35:28z: BME280 (0x76)
 0h00:03.046 2021/05/13T02:35:28z: 10:52:1c:41:79:b5
 0h00:03.048 2021/05/13T02:35:28z: SSID: ARRIS-5A97
 0h00:03.053 2021/05/13T02:35:28z: AP_STAR tmr
 ets Jan  8 2013,rst cause:1, boot mode:(3,6)

load 0x4010f000, len 1384, room 16 
tail 8
chksum 0x2d
csum 0x2d
v8b899c12
~ld


6.01
 0h00:03.020 2021/05/13T02:55:25z: DS3231
 0h00:03.036 2021/05/13T02:55:25z: BME280 (0x76)
 0h00:03.050 2021/05/13T02:55:25z: 10:52:1c:41:79:b5
 0h00:03.052 2021/05/13T02:55:25z: SSID: ARRIS-5A97
 0h00:03.057 2021/05/13T02:55:25z: AP_STAR tmr
 ets Jan  8 2013,rst cause:1, boot mode:(3,6)

load 0x4010f000, len 1384, room 16 
tail 8
chksum 0x2d
csum 0x2d
v8b899c12
~ld


6.01
 0h00:02.999 2021/05/13T03:15:20z: DS3231
 0h00:03.014 2021/05/13T03:15:20z: BME280 (0x76)
 0h00:03.028 2021/05/13T03:15:20z: 10:52:1c:41:79:b5
 0h00:03.030 2021/05/13T03:15:20z: SSID: ARRIS-5A97
 0h00:03.035 2021/05/13T03:15:20z: AP_STAR tmr
 ets Jan  8 2013,rst cause:1, boot mode:(3,6)

load 0x4010f000, len 1384, room 16 
tail 8
chksum 0x2d
csum 0x2d
v8b899c12
~ld


6.01
 0h00:02.999 2021/05/13T03:35:17z: DS3231
 0h00:03.015 2021/05/13T03:35:17z: BME280 (0x76)
 0h00:03.029 2021/05/13T03:35:17z: 10:52:1c:41:79:b5
 0h00:03.031 2021/05/13T03:35:17z: SSID: ARRIS-5A97
 0h00:03.036 2021/05/13T03:35:17z: AP_STAR tmr
 ets Jan  8 2013,rst cause:1, boot mode:(3,6)

load 0x4010f000, len 1384, room 16 
tail 8
chksum 0x2d
csum 0x2d
v8b899c12
~ld


6.01
 0h00:02.998 2021/05/13T03:55:13z: DS3231
 0h00:03.014 2021/05/13T03:55:13z: BME280 (0x76)
 0h00:03.028 2021/05/13T03:55:13z: 10:52:1c:41:79:b5
 0h00:03.029 2021/05/13T03:55:13z: SSID: ARRIS-5A97
 0h00:03.035 2021/05/13T03:55:13z: AP_STAR tmr
 ets Jan  8 2013,rst cause:1, boot mode:(3,6)

load 0x4010f000, len 1384, room 16 
tail 8
chksum 0x2d
csum 0x2d
v8b899c12
~ld


6.01
 0h00:02.997 2021/05/13T04:15:09z: DS3231
 0h00:03.012 2021/05/13T04:15:09z: BME280 (0x76)
 0h00:03.026 2021/05/13T04:15:09z: 10:52:1c:41:79:b5
 0h00:03.028 2021/05/13T04:15:09z: SSID: ARRIS-5A97
 0h00:03.033 2021/05/13T04:15:09z: AP_STAR tmr
 ets Jan  8 2013,rst cause:1, boot mode:(3,6)

load 0x4010f000, len 1384, room 16 
tail 8
chksum 0x2d
csum 0x2d
v8b899c12
~ld


6.01
 0h00:03.002 2021/05/13T04:35:05z: DS3231
 0h00:03.017 2021/05/13T04:35:05z: BME280 (0x76)
 0h00:03.031 2021/05/13T04:35:05z: 10:52:1c:41:79:b5
 0h00:03.033 2021/05/13T04:35:05z: SSID: ARRIS-5A97
 0h00:03.038 2021/05/13T04:35:05z: AP_STAR tmr
 ets Jan  8 2013,rst cause:1, boot mode:(3,6)

load 0x4010f000, len 1384, room 16 
tail 8
chksum 0x2d
csum 0x2d
v8b899c12
~ld


6.01
 0h00:03.005 2021/05/13T04:55:01z: DS3231
 0h00:03.020 2021/05/13T04:55:01z: BME280 (0x76)
 0h00:03.034 2021/05/13T04:55:01z: 10:52:1c:41:79:b5
 0h00:03.036 2021/05/13T04:55:01z: SSID: ARRIS-5A97
 0h00:03.041 2021/05/13T04:55:01z: AP_STAR tmr
 ets Jan  8 2013,rst cause:1, boot mode:(3,6)

load 0x4010f000, len 1384, room 16 
tail 8
chksum 0x2d
csum 0x2d
v8b899c12
~ld


6.01
 0h00:03.005 2021/05/13T05:14:57z: DS3231
 0h00:03.020 2021/05/13T05:14:57z: BME280 (0x76)
 0h00:03.034 2021/05/13T05:14:57z: 10:52:1c:41:79:b5
 0h00:03.036 2021/05/13T05:14:57z: SSID: ARRIS-5A97
 0h00:03.041 2021/05/13T05:14:57z: AP_STAR tmr
 ets Jan  8 2013,rst cause:1, boot mode:(3,6)

load 0x4010f000, len 1384, room 16 
tail 8
chksum 0x2d
csum 0x2d
v8b899c12
~ld


6.01
 0h00:03.024 2021/05/13T05:34:53z: DS3231
 0h00:03.039 2021/05/13T05:34:53z: BME280 (0x76)
 0h00:03.053 2021/05/13T05:34:53z: 10:52:1c:41:79:b5
 0h00:03.055 2021/05/13T05:34:53z: SSID: ARRIS-5A97
 0h00:03.060 2021/05/13T05:34:53z: AP_STAR tmr
 ets Jan  8 2013,rst cause:1, boot mode:(3,6)

load 0x4010f000, len 1384, room 16 
tail 8
chksum 0x2d
csum 0x2d
v8b899c12
~ld


6.01
 0h00:02.997 2021/05/13T05:54:49z: DS3231
 0h00:03.012 2021/05/13T05:54:49z: BME280 (0x76)
 0h00:03.026 2021/05/13T05:54:49z: 10:52:1c:41:79:b5
 0h00:03.028 2021/05/13T05:54:49z: SSID: ARRIS-5A97
 0h00:03.033 2021/05/13T05:54:49z: AP_STAR tmr
 ets Jan  8 2013,rst cause:1, boot mode:(3,6)

load 0x4010f000, len 1384, room 16 
tail 8
chksum 0x2d
csum 0x2d
v8b899c12
~ld


6.01
 0h00:03.004 2021/05/13T06:14:45z: DS3231
 0h00:03.019 2021/05/13T06:14:45z: BME280 (0x76)
 0h00:03.033 2021/05/13T06:14:45z: 10:52:1c:41:79:b5
 0h00:03.035 2021/05/13T06:14:45z: SSID: ARRIS-5A97
 0h00:03.040 2021/05/13T06:14:46z: AP_STAR tmr
 ets Jan  8 2013,rst cause:1, boot mode:(3,6)

load 0x4010f000, len 1384, room 16 
tail 8
chksum 0x2d
csum 0x2d
v8b899c12
~ld


6.01
 0h00:02.993 2021/05/13T06:34:42z: DS3231
 0h00:03.008 2021/05/13T06:34:42z: BME280 (0x76)
 0h00:03.023 2021/05/13T06:34:42z: 10:52:1c:41:79:b5
 0h00:03.024 2021/05/13T06:34:42z: SSID: ARRIS-5A97
 0h00:03.029 2021/05/13T06:34:42z: AP_STAR tmr
 ets Jan  8 2013,rst cause:1, boot mode:(3,6)

load 0x4010f000, len 1384, room 16 
tail 8
chksum 0x2d
csum 0x2d
v8b899c12
~ld


6.01
 0h00:03.001 2021/05/13T06:54:38z: DS3231
 0h00:03.016 2021/05/13T06:54:38z: BME280 (0x76)
 0h00:03.030 2021/05/13T06:54:38z: 10:52:1c:41:79:b5
 0h00:03.032 2021/05/13T06:54:38z: SSID: ARRIS-5A97
 0h00:03.037 2021/05/13T06:54:38z: AP_STAR tmr
 ets Jan  8 2013,rst cause:1, boot mode:(3,6)

load 0x4010f000, len 1384, room 16 
tail 8
chksum 0x2d
csum 0x2d
v8b899c12
~ld


6.01
 0h00:03.003 2021/05/13T07:14:34z: DS3231
 0h00:03.018 2021/05/13T07:14:34z: BME280 (0x76)
 0h00:03.032 2021/05/13T07:14:34z: 10:52:1c:41:79:b5
 0h00:03.034 2021/05/13T07:14:34z: SSID: ARRIS-5A97
 0h00:03.039 2021/05/13T07:14:34z: AP_STAR tmr
 ets Jan  8 2013,rst cause:1, boot mode:(3,6)

load 0x4010f000, len 1384, room 16 
tail 8
chksum 0x2d
csum 0x2d
v8b899c12
~ld


6.01
 0h00:03.012 2021/05/13T07:34:30z: DS3231
 0h00:03.027 2021/05/13T07:34:30z: BME280 (0x76)
 0h00:03.042 2021/05/13T07:34:30z: 10:52:1c:41:79:b5
 0h00:03.043 2021/05/13T07:34:30z: SSID: ARRIS-5A97
 0h00:03.048 2021/05/13T07:34:30z: AP_STAR tmr
 ets Jan  8 2013,rst cause:1, boot mode:(3,6)

load 0x4010f000, len 1384, room 16 
tail 8
chksum 0x2d
csum 0x2d
v8b899c12
~ld


6.01
 0h00:03.011 2021/05/13T07:54:27z: DS3231
 0h00:03.026 2021/05/13T07:54:27z: BME280 (0x76)
 0h00:03.041 2021/05/13T07:54:27z: 10:52:1c:41:79:b5
 0h00:03.042 2021/05/13T07:54:27z: SSID: ARRIS-5A97
 0h00:03.047 2021/05/13T07:54:27z: AP_STAR tmr
 ets Jan  8 2013,rst cause:1, boot mode:(3,6)

load 0x4010f000, len 1384, room 16 
tail 8
chksum 0x2d
csum 0x2d
v8b899c12
~ld


6.01
 0h00:03.015 2021/05/13T08:14:23z: DS3231
 0h00:03.030 2021/05/13T08:14:23z: BME280 (0x76)
 0h00:03.045 2021/05/13T08:14:23z: 10:52:1c:41:79:b5
 0h00:03.046 2021/05/13T08:14:23z: SSID: ARRIS-5A97
 0h00:03.051 2021/05/13T08:14:23z: AP_STAR tmr
 ets Jan  8 2013,rst cause:1, boot mode:(3,6)

load 0x4010f000, len 1384, room 16 
tail 8
chksum 0x2d
csum 0x2d
v8b899c12
~ld


6.01
 0h00:03.003 2021/05/13T08:34:18z: DS3231
 0h00:03.018 2021/05/13T08:34:18z: BME280 (0x76)
 0h00:03.032 2021/05/13T08:34:18z: 10:52:1c:41:79:b5
 0h00:03.034 2021/05/13T08:34:18z: SSID: ARRIS-5A97
 0h00:03.039 2021/05/13T08:34:18z: AP_STAR tmr
 ets Jan  8 2013,rst cause:1, boot mode:(3,6)

load 0x4010f000, len 1384, room 16 
tail 8
chksum 0x2d
csum 0x2d
v8b899c12
~ld


6.01
 0h00:02.996 2021/05/13T08:54:15z: DS3231
 0h00:03.011 2021/05/13T08:54:15z: BME280 (0x76)
 0h00:03.025 2021/05/13T08:54:15z: 10:52:1c:41:79:b5
 0h00:03.027 2021/05/13T08:54:15z: SSID: ARRIS-5A97
 0h00:03.032 2021/05/13T08:54:15z: AP_STAR tmr
 ets Jan  8 2013,rst cause:1, boot mode:(3,6)

load 0x4010f000, len 1384, room 16 
tail 8
chksum 0x2d
csum 0x2d
v8b899c12
~ld


6.01
 0h00:03.001 2021/05/13T09:14:11z: DS3231
 0h00:03.016 2021/05/13T09:14:11z: BME280 (0x76)
 0h00:03.030 2021/05/13T09:14:11z: 10:52:1c:41:79:b5
 0h00:03.032 2021/05/13T09:14:11z: SSID: ARRIS-5A97
 0h00:03.037 2021/05/13T09:14:11z: AP_STAR tmr
 ets Jan  8 2013,rst cause:1, boot mode:(3,6)

load 0x4010f000, len 1384, room 16 
tail 8
chksum 0x2d
csum 0x2d
v8b899c12
~ld


6.01
 0h00:02.996 2021/05/13T09:34:07z: DS3231
 0h00:03.011 2021/05/13T09:34:07z: BME280 (0x76)
 0h00:03.026 2021/05/13T09:34:07z: 10:52:1c:41:79:b5
 0h00:03.027 2021/05/13T09:34:07z: SSID: ARRIS-5A97
 0h00:03.032 2021/05/13T09:34:07z: AP_STAR tmr
 ets Jan  8 2013,rst cause:1, boot mode:(3,6)

load 0x4010f000, len 1384, room 16 
tail 8
chksum 0x2d
csum 0x2d
v8b899c12
~ld


6.01
 0h00:03.005 2021/05/13T09:54:02z: DS3231
 0h00:03.020 2021/05/13T09:54:02z: BME280 (0x76)
 0h00:03.034 2021/05/13T09:54:02z: 10:52:1c:41:79:b5
 0h00:03.036 2021/05/13T09:54:02z: SSID: ARRIS-5A97
 0h00:03.041 2021/05/13T09:54:02z: AP_STAR tmr
 ets Jan  8 2013,rst cause:1, boot mode:(3,6)

load 0x4010f000, len 1384, room 16 
tail 8
chksum 0x2d
csum 0x2d
v8b899c12
~ld


6.01
 0h00:02.993 2021/05/13T10:13:58z: DS3231
 0h00:03.009 2021/05/13T10:13:58z: BME280 (0x76)
 0h00:03.023 2021/05/13T10:13:58z: 10:52:1c:41:79:b5
 0h00:03.024 2021/05/13T10:13:58z: SSID: ARRIS-5A97
 0h00:03.030 2021/05/13T10:13:58z: AP_STAR tmr
 ets Jan  8 2013,rst cause:1, boot mode:(3,6)

load 0x4010f000, len 1384, room 16 
tail 8
chksum 0x2d
csum 0x2d
v8b899c12
~ld


6.01
 0h00:02.996 2021/05/13T10:33:54z: DS3231
 0h00:03.011 2021/05/13T10:33:54z: BME280 (0x76)
 0h00:03.025 2021/05/13T10:33:54z: 10:52:1c:41:79:b5
 0h00:03.027 2021/05/13T10:33:54z: SSID: ARRIS-5A97
 0h00:03.032 2021/05/13T10:33:54z: AP_STAR tmr
 ets Jan  8 2013,rst cause:1, boot mode:(3,6)

load 0x4010f000, len 1384, room 16 
tail 8
chksum 0x2d
csum 0x2d
v8b899c12
~ld


6.01
 0h00:03.006 2021/05/13T10:53:51z: DS3231
 0h00:03.021 2021/05/13T10:53:51z: BME280 (0x76)
 0h00:03.035 2021/05/13T10:53:51z: 10:52:1c:41:79:b5
 0h00:03.037 2021/05/13T10:53:51z: SSID: ARRIS-5A97
 0h00:03.042 2021/05/13T10:53:51z: AP_STAR tmr
 ets Jan  8 2013,rst cause:1, boot mode:(3,6)

load 0x4010f000, len 1384, room 16 
tail 8
chksum 0x2d
csum 0x2d
v8b899c12
~ld


6.01
 0h00:03.008 2021/05/13T11:13:47z: DS3231
 0h00:03.023 2021/05/13T11:13:47z: BME280 (0x76)
 0h00:03.038 2021/05/13T11:13:47z: 10:52:1c:41:79:b5
 0h00:03.039 2021/05/13T11:13:47z: SSID: ARRIS-5A97
 0h00:03.044 2021/05/13T11:13:47z: AP_STAR tmr
 ets Jan  8 2013,rst cause:1, boot mode:(3,6)

load 0x4010f000, len 1384, room 16 
tail 8
chksum 0x2d
csum 0x2d
v8b899c12
~ld


6.01
 0h00:03.019 2021/05/13T11:33:43z: DS3231
 0h00:03.034 2021/05/13T11:33:43z: BME280 (0x76)
 0h00:03.048 2021/05/13T11:33:43z: 10:52:1c:41:79:b5
 0h00:03.050 2021/05/13T11:33:43z: SSID: ARRIS-5A97
 0h00:03.055 2021/05/13T11:33:43z: AP_STAR tmr
 ets Jan  8 2013,rst cause:1, boot mode:(3,6)

load 0x4010f000, len 1384, room 16 
tail 8
chksum 0x2d
csum 0x2d
v8b899c12
~ld


6.01
 0h00:03.003 2021/05/13T11:53:39z: DS3231
 0h00:03.018 2021/05/13T11:53:39z: BME280 (0x76)
 0h00:03.032 2021/05/13T11:53:39z: 10:52:1c:41:79:b5
 0h00:03.034 2021/05/13T11:53:39z: SSID: ARRIS-5A97
 0h00:03.039 2021/05/13T11:53:39z: AP_STAR tmr
 ets Jan  8 2013,rst cause:1, boot mode:(3,6)

load 0x4010f000, len 1384, room 16 
tail 8
chksum 0x2d
csum 0x2d
v8b899c12
~ld


6.01
 0h00:02.997 2021/05/13T12:13:35z: DS3231
 0h00:03.012 2021/05/13T12:13:36z: BME280 (0x76)
 0h00:03.027 2021/05/13T12:13:36z: 10:52:1c:41:79:b5
 0h00:03.028 2021/05/13T12:13:36z: SSID: ARRIS-5A97
 0h00:03.033 2021/05/13T12:13:36z: AP_STAR tmr
 ets Jan  8 2013,rst cause:1, boot mode:(3,6)

load 0x4010f000, len 1384, room 16 
tail 8
chksum 0x2d
csum 0x2d
v8b899c12
~ld


6.01
 0h00:03.003 2021/05/13T12:33:32z: DS3231
 0h00:03.018 2021/05/13T12:33:32z: BME280 (0x76)
 0h00:03.032 2021/05/13T12:33:32z: 10:52:1c:41:79:b5
 0h00:03.034 2021/05/13T12:33:32z: SSID: ARRIS-5A97
 0h00:03.039 2021/05/13T12:33:32z: AP_STAR tmr
 ets Jan  8 2013,rst cause:1, boot mode:(3,6)

load 0x4010f000, len 1384, room 16 
tail 8
chksum 0x2d
csum 0x2d
v8b899c12
~ld


6.01
 0h00:02.996 2021/05/13T12:53:27z: DS3231
 0h00:03.012 2021/05/13T12:53:27z: BME280 (0x76)
 0h00:03.026 2021/05/13T12:53:27z: 10:52:1c:41:79:b5
 0h00:03.028 2021/05/13T12:53:27z: SSID: ARRIS-5A97
 0h00:03.033 2021/05/13T12:53:27z: AP_STAR tmr
 ets Jan  8 2013,rst cause:1, boot mode:(3,6)

load 0x4010f000, len 1384, room 16 
tail 8
chksum 0x2d
csum 0x2d
v8b899c12
~ld


6.01
 0h00:03.008 2021/05/13T13:13:24z: DS3231
 0h00:03.023 2021/05/13T13:13:24z: BME280 (0x76)
 0h00:03.037 2021/05/13T13:13:24z: 10:52:1c:41:79:b5
 0h00:03.039 2021/05/13T13:13:24z: SSID: ARRIS-5A97
 0h00:03.044 2021/05/13T13:13:24z: AP_STAR tmr
 ets Jan  8 2013,rst cause:1, boot mode:(3,6)

load 0x4010f000, len 1384, room 16 
tail 8
chksum 0x2d
csum 0x2d
v8b899c12
~ld


6.01
 0h00:03.018 2021/05/13T13:33:19z: DS3231
 0h00:03.034 2021/05/13T13:33:19z: BME280 (0x76)
 0h00:03.048 2021/05/13T13:33:19z: 10:52:1c:41:79:b5
 0h00:03.050 2021/05/13T13:33:19z: SSID: ARRIS-5A97
 0h00:03.055 2021/05/13T13:33:19z: AP_STAR tmr
 ets Jan  8 2013,rst cause:1, boot mode:(3,6)

load 0x4010f000, len 1384, room 16 
tail 8
chksum 0x2d
csum 0x2d
v8b899c12
~ld


6.01
 0h00:03.020 2021/05/13T13:53:16z: DS3231
 0h00:03.035 2021/05/13T13:53:16z: BME280 (0x76)
 0h00:03.049 2021/05/13T13:53:16z: 10:52:1c:41:79:b5
 0h00:03.051 2021/05/13T13:53:16z: SSID: ARRIS-5A97
 0h00:03.056 2021/05/13T13:53:16z: AP_STAR tmr
 ets Jan  8 2013,rst cause:1, boot mode:(3,6)

load 0x4010f000, len 1384, room 16 
tail 8
chksum 0x2d
csum 0x2d
v8b899c12
~ld


6.01
 0h00:03.021 2021/05/13T14:13:12z: DS3231
 0h00:03.036 2021/05/13T14:13:12z: BME280 (0x76)
 0h00:03.050 2021/05/13T14:13:12z: 10:52:1c:41:79:b5
 0h00:03.052 2021/05/13T14:13:12z: SSID: ARRIS-5A97
 0h00:03.057 2021/05/13T14:13:12z: AP_STAR tmr
 ets Jan  8 2013,rst cause:1, boot mode:(3,6)

load 0x4010f000, len 1384, room 16 
tail 8
chksum 0x2d
csum 0x2d
v8b899c12
~ld


6.01
 0h00:02.997 2021/05/13T14:33:07z: DS3231
 0h00:03.012 2021/05/13T14:33:07z: BME280 (0x76)
 0h00:03.026 2021/05/13T14:33:07z: 10:52:1c:41:79:b5
 0h00:03.028 2021/05/13T14:33:07z: SSID: ARRIS-5A97
 0h00:03.033 2021/05/13T14:33:07z: AP_STAR tmr
 ets Jan  8 2013,rst cause:1, boot mode:(3,6)

load 0x4010f000, len 1384, room 16 
tail 8
chksum 0x2d
csum 0x2d
v8b899c12
~ld


6.01
 0h00:03.001 2021/05/13T14:53:04z: DS3231
 0h00:03.016 2021/05/13T14:53:04z: BME280 (0x76)
 0h00:03.031 2021/05/13T14:53:04z: 10:52:1c:41:79:b5
 0h00:03.032 2021/05/13T14:53:04z: SSID: ARRIS-5A97
 0h00:03.037 2021/05/13T14:53:04z: AP_STAR tmr
 ets Jan  8 2013,rst cause:1, boot mode:(3,6)

load 0x4010f000, len 1384, room 16 
tail 8
chksum 0x2d
csum 0x2d
v8b899c12
~ld


6.01
 0h00:02.997 2021/05/13T15:12:59z: DS3231
 0h00:03.012 2021/05/13T15:12:59z: BME280 (0x76)
 0h00:03.026 2021/05/13T15:12:59z: 10:52:1c:41:79:b5
 0h00:03.028 2021/05/13T15:12:59z: SSID: ARRIS-5A97
 0h00:03.033 2021/05/13T15:12:59z: AP_STAR tmr
 ets Jan  8 2013,rst cause:1, boot mode:(3,6)

load 0x4010f000, len 1384, room 16 
tail 8
chksum 0x2d
csum 0x2d
v8b899c12
~ld


6.01
 0h00:03.000 2021/05/13T15:32:56z: DS3231
 0h00:03.015 2021/05/13T15:32:56z: BME280 (0x76)
 0h00:03.029 2021/05/13T15:32:56z: 10:52:1c:41:79:b5
 0h00:03.031 2021/05/13T15:32:56z: SSID: ARRIS-5A97
 0h00:03.036 2021/05/13T15:32:56z: AP_STAR tmr
 ets Jan  8 2013,rst cause:1, boot mode:(3,6)

load 0x4010f000, len 1384, room 16 
tail 8
chksum 0x2d
csum 0x2d
v8b899c12
~ld


6.01
 0h00:02.994 2021/05/13T15:52:52z: DS3231
 0h00:03.010 2021/05/13T15:52:52z: BME280 (0x76)
 0h00:03.024 2021/05/13T15:52:52z: 10:52:1c:41:79:b5
 0h00:03.026 2021/05/13T15:52:52z: SSID: ARRIS-5A97
 0h00:03.031 2021/05/13T15:52:52z: AP_STAR tmr
 ets Jan  8 2013,rst cause:1, boot mode:(3,6)

load 0x4010f000, len 1384, room 16 
tail 8
chksum 0x2d
csum 0x2d
v8b899c12
~ld


6.01
 0h00:03.006 2021/05/13T16:12:48z: DS3231
 0h00:03.022 2021/05/13T16:12:48z: BME280 (0x76)
 0h00:03.036 2021/05/13T16:12:48z: 10:52:1c:41:79:b5
 0h00:03.038 2021/05/13T16:12:48z: SSID: ARRIS-5A97
 0h00:03.043 2021/05/13T16:12:48z: AP_STAR tmr
 ets Jan  8 2013,rst cause:1, boot mode:(3,6)

load 0x4010f000, len 1384, room 16 
tail 8
chksum 0x2d
csum 0x2d
v8b899c12
~ld


6.01
 0h00:03.013 2021/05/13T16:32:44z: DS3231
 0h00:03.028 2021/05/13T16:32:44z: BME280 (0x76)
 0h00:03.042 2021/05/13T16:32:44z: 10:52:1c:41:79:b5
 0h00:03.044 2021/05/13T16:32:44z: SSID: ARRIS-5A97
 0h00:03.049 2021/05/13T16:32:44z: AP_STAR tmr
 ets Jan  8 2013,rst cause:1, boot mode:(3,6)

load 0x4010f000, len 1384, room 16 
tail 8
chksum 0x2d
csum 0x2d
v8b899c12
~ld


6.01
 0h00:03.024 2021/05/13T16:52:40z: DS3231
 0h00:03.039 2021/05/13T16:52:40z: BME280 (0x76)
 0h00:03.053 2021/05/13T16:52:40z: 10:52:1c:41:79:b5
 0h00:03.055 2021/05/13T16:52:40z: SSID: ARRIS-5A97
 0h00:03.060 2021/05/13T16:52:40z: AP_STAR tmr
 ets Jan  8 2013,rst cause:1, boot mode:(3,6)

load 0x4010f000, len 1384, room 16 
tail 8
chksum 0x2d
csum 0x2d
v8b899c12
~ld


6.01
 0h00:02.996 2021/05/13T17:12:35z: DS3231
 0h00:03.011 2021/05/13T17:12:35z: BME280 (0x76)
 0h00:03.026 2021/05/13T17:12:35z: 10:52:1c:41:79:b5
 0h00:03.027 2021/05/13T17:12:35z: SSID: ARRIS-5A97
 0h00:03.032 2021/05/13T17:12:35z: AP_STAR tmr
 ets Jan  8 2013,rst cause:1, boot mode:(3,6)

load 0x4010f000, len 1384, room 16 
tail 8
chksum 0x2d
csum 0x2d
v8b899c12
~ld


6.01
 0h00:02.994 2021/05/13T17:32:31z: DS3231
 0h00:03.009 2021/05/13T17:32:31z: BME280 (0x76)
 0h00:03.023 2021/05/13T17:32:31z: 10:52:1c:41:79:b5
 0h00:03.025 2021/05/13T17:32:31z: SSID: ARRIS-5A97
 0h00:03.030 2021/05/13T17:32:31z: AP_STAR tmr
 ets Jan  8 2013,rst cause:1, boot mode:(3,6)

load 0x4010f000, len 1384, room 16 
tail 8
chksum 0x2d
csum 0x2d
v8b899c12
~ld


6.01
 0h00:02.996 2021/05/13T17:52:27z: DS3231
 0h00:03.011 2021/05/13T17:52:27z: BME280 (0x76)
 0h00:03.026 2021/05/13T17:52:27z: 10:52:1c:41:79:b5
 0h00:03.027 2021/05/13T17:52:27z: SSID: ARRIS-5A97
 0h00:03.032 2021/05/13T17:52:27z: AP_STAR tmr
 ets Jan  8 2013,rst cause:1, boot mode:(3,6)

load 0x4010f000, len 1384, room 16 
tail 8
chksum 0x2d
csum 0x2d
v8b899c12
~ld


6.01
 0h00:03.002 2021/05/13T18:12:23z: DS3231
 0h00:03.017 2021/05/13T18:12:23z: BME280 (0x76)
 0h00:03.031 2021/05/13T18:12:23z: 10:52:1c:41:79:b5
 0h00:03.033 2021/05/13T18:12:23z: SSID: ARRIS-5A97
 0h00:03.038 2021/05/13T18:12:23z: AP_STAR tmr
 ets Jan  8 2013,rst cause:1, boot mode:(3,6)

load 0x4010f000, len 1384, room 16 
tail 8
chksum 0x2d
csum 0x2d
v8b899c12
~ld


6.01
 0h00:03.005 2021/05/13T18:32:18z: DS3231
 0h00:03.020 2021/05/13T18:32:19z: BME280 (0x76)
 0h00:03.034 2021/05/13T18:32:19z: 10:52:1c:41:79:b5
 0h00:03.036 2021/05/13T18:32:19z: SSID: ARRIS-5A97
 0h00:03.041 2021/05/13T18:32:19z: AP_STAR tmr
 ets Jan  8 2013,rst cause:1, boot mode:(3,6)

load 0x4010f000, len 1384, room 16 
tail 8
chksum 0x2d
csum 0x2d
v8b899c12
~ld


6.01
 0h00:03.013 2021/05/13T18:52:15z: DS3231
 0h00:03.028 2021/05/13T18:52:15z: BME280 (0x76)
 0h00:03.042 2021/05/13T18:52:15z: 10:52:1c:41:79:b5
 0h00:03.044 2021/05/13T18:52:15z: SSID: ARRIS-5A97
 0h00:03.049 2021/05/13T18:52:15z: AP_STAR tmr
 ets Jan  8 2013,rst cause:1, boot mode:(3,6)

load 0x4010f000, len 1384, room 16 
tail 8
chksum 0x2d
csum 0x2d
v8b899c12
~ld


6.01
 0h00:03.014 2021/05/13T19:12:11z: DS3231
 0h00:03.029 2021/05/13T19:12:11z: BME280 (0x76)
 0h00:03.044 2021/05/13T19:12:11z: 10:52:1c:41:79:b5
 0h00:03.045 2021/05/13T19:12:11z: SSID: ARRIS-5A97
 0h00:03.050 2021/05/13T19:12:11z: AP_STAR tmr
 ets Jan  8 2013,rst cause:1, boot mode:(3,6)

load 0x4010f000, len 1384, room 16 
tail 8
chksum 0x2d
csum 0x2d
v8b899c12
~ld


6.01
 0h00:03.022 2021/05/13T19:32:06z: DS3231
 0h00:03.037 2021/05/13T19:32:06z: BME280 (0x76)
 0h00:03.052 2021/05/13T19:32:06z: 10:52:1c:41:79:b5
 0h00:03.053 2021/05/13T19:32:06z: SSID: ARRIS-5A97
 0h00:03.058 2021/05/13T19:32:06z: AP_STAR tmr
 ets Jan  8 2013,rst cause:1, boot mode:(3,6)

load 0x4010f000, len 1384, room 16 
tail 8
chksum 0x2d
csum 0x2d
v8b899c12
~ld


6.01
 0h00:02.998 2021/05/13T19:52:03z: DS3231
 0h00:03.014 2021/05/13T19:52:03z: BME280 (0x76)
 0h00:03.028 2021/05/13T19:52:03z: 10:52:1c:41:79:b5
 0h00:03.029 2021/05/13T19:52:03z: SSID: ARRIS-5A97
 0h00:03.035 2021/05/13T19:52:03z: AP_STAR tmr
 ets Jan  8 2013,rst cause:1, boot mode:(3,6)

load 0x4010f000, len 1384, room 16 
tail 8
chksum 0x2d
csum 0x2d
v8b899c12
~ld


6.01
 0h00:03.006 2021/05/13T20:11:59z: DS3231
 0h00:03.021 2021/05/13T20:11:59z: BME280 (0x76)
 0h00:03.035 2021/05/13T20:11:59z: 10:52:1c:41:79:b5
 0h00:03.037 2021/05/13T20:11:59z: SSID: ARRIS-5A97
 0h00:03.042 2021/05/13T20:11:59z: AP_STAR tmr
 ets Jan  8 2013,rst cause:1, boot mode:(3,6)

load 0x4010f000, len 1384, room 16 
tail 8
chksum 0x2d
csum 0x2d
v8b899c12
~ld


6.01
 0h00:02.992 2021/05/13T20:31:55z: DS3231
 0h00:03.007 2021/05/13T20:31:55z: BME280 (0x76)
 0h00:03.021 2021/05/13T20:31:56z: 10:52:1c:41:79:b5
 0h00:03.023 2021/05/13T20:31:56z: SSID: ARRIS-5A97
 0h00:03.028 2021/05/13T20:31:56z: AP_STAR tmr
 ets Jan  8 2013,rst cause:1, boot mode:(3,6)

load 0x4010f000, len 1384, room 16 
tail 8
chksum 0x2d
csum 0x2d
v8b899c12
~ld


6.01
 0h00:02.993 2021/05/13T20:51:52z: DS3231
 0h00:03.008 2021/05/13T20:51:52z: BME280 (0x76)
 0h00:03.023 2021/05/13T20:51:52z: 10:52:1c:41:79:b5
 0h00:03.024 2021/05/13T20:51:52z: SSID: ARRIS-5A97
 0h00:03.029 2021/05/13T20:51:52z: AP_STAR tmr
 ets Jan  8 2013,rst cause:1, boot mode:(3,6)

load 0x4010f000, len 1384, room 16 
tail 8
chksum 0x2d
csum 0x2d
v8b899c12
~ld


6.01
 0h00:02.996 2021/05/13T21:11:48z: DS3231
 0h00:03.011 2021/05/13T21:11:48z: BME280 (0x76)
 0h00:03.026 2021/05/13T21:11:48z: 10:52:1c:41:79:b5
 0h00:03.027 2021/05/13T21:11:48z: SSID: ARRIS-5A97
 0h00:03.032 2021/05/13T21:11:48z: AP_STAR tmr
 ets Jan  8 2013,rst cause:1, boot mode:(3,6)

load 0x4010f000, len 1384, room 16 
tail 8
chksum 0x2d
csum 0x2d
v8b899c12
~ld


6.01
 0h00:03.008 2021/05/13T21:31:45z: DS3231
 0h00:03.023 2021/05/13T21:31:45z: BME280 (0x76)
 0h00:03.037 2021/05/13T21:31:45z: 10:52:1c:41:79:b5
 0h00:03.039 2021/05/13T21:31:45z: SSID: ARRIS-5A97
 0h00:03.044 2021/05/13T21:31:45z: AP_STAR tmr
 ets Jan  8 2013,rst cause:1, boot mode:(3,6)

load 0x4010f000, len 1384, room 16 
tail 8
chksum 0x2d
csum 0x2d
v8b899c12
~ld


6.01
 0h00:03.009 2021/05/13T21:51:41z: DS3231
 0h00:03.025 2021/05/13T21:51:41z: BME280 (0x76)
 0h00:03.039 2021/05/13T21:51:42z: 10:52:1c:41:79:b5
 0h00:03.041 2021/05/13T21:51:42z: SSID: ARRIS-5A97
 0h00:03.046 2021/05/13T21:51:42z: AP_STAR tmr
 ets Jan  8 2013,rst cause:1, boot mode:(3,6)

load 0x4010f000, len 1384, room 16 
tail 8
chksum 0x2d
csum 0x2d
v8b899c12
~ld


6.01
 0h00:03.039 2021/05/13T22:11:38z: DS3231
 0h00:03.054 2021/05/13T22:11:38z: BME280 (0x76)
 0h00:03.068 2021/05/13T22:11:38z: 10:52:1c:41:79:b5
 0h00:03.070 2021/05/13T22:11:38z: SSID: ARRIS-5A97
 0h00:03.075 2021/05/13T22:11:38z: AP_STAR tmr
 ets Jan  8 2013,rst cause:1, boot mode:(3,6)

load 0x4010f000, len 1384, room 16 
tail 8
chksum 0x2d
csum 0x2d
v8b899c12
~ld


6.01
 0h00:02.992 2021/05/13T22:31:34z: DS3231
 0h00:03.007 2021/05/13T22:31:34z: BME280 (0x76)
 0h00:03.021 2021/05/13T22:31:34z: 10:52:1c:41:79:b5
 0h00:03.023 2021/05/13T22:31:34z: SSID: ARRIS-5A97
 0h00:03.028 2021/05/13T22:31:34z: AP_STAR tmr
 ets Jan  8 2013,rst cause:1, boot mode:(3,6)

load 0x4010f000, len 1384, room 16 
tail 8
chksum 0x2d
csum 0x2d
v8b899c12
~ld


6.01
 0h00:03.000 2021/05/13T22:51:31z: DS3231
 0h00:03.015 2021/05/13T22:51:31z: BME280 (0x76)
 0h00:03.029 2021/05/13T22:51:31z: 10:52:1c:41:79:b5
 0h00:03.031 2021/05/13T22:51:31z: SSID: ARRIS-5A97
 0h00:03.036 2021/05/13T22:51:31z: AP_STAR tmr
 ets Jan  8 2013,rst cause:1, boot mode:(3,6)

load 0x4010f000, len 1384, room 16 
tail 8
chksum 0x2d
csum 0x2d
v8b899c12
~ld


6.01
 0h00:02.998 2021/05/13T23:11:27z: DS3231
 0h00:03.013 2021/05/13T23:11:27z: BME280 (0x76)
 0h00:03.027 2021/05/13T23:11:27z: 10:52:1c:41:79:b5
 0h00:03.029 2021/05/13T23:11:27z: SSID: ARRIS-5A97
 0h00:03.034 2021/05/13T23:11:27z: AP_STAR tmr
 ets Jan  8 2013,rst cause:1, boot mode:(3,6)

load 0x4010f000, len 1384, room 16 
tail 8
chksum 0x2d
csum 0x2d
v8b899c12
~ld


6.01
 0h00:02.999 2021/05/13T23:31:23z: DS3231
 0h00:03.014 2021/05/13T23:31:23z: BME280 (0x76)
 0h00:03.028 2021/05/13T23:31:23z: 10:52:1c:41:79:b5
 0h00:03.030 2021/05/13T23:31:23z: SSID: ARRIS-5A97
 0h00:03.035 2021/05/13T23:31:23z: AP_STAR tmr
 ets Jan  8 2013,rst cause:1, boot mode:(3,6)

load 0x4010f000, len 1384, room 16 
tail 8
chksum 0x2d
csum 0x2d
v8b899c12
~ld


6.01
 0h00:03.004 2021/05/13T23:51:20z: DS3231
 0h00:03.019 2021/05/13T23:51:20z: BME280 (0x76)
 0h00:03.033 2021/05/13T23:51:20z: 10:52:1c:41:79:b5
 0h00:03.035 2021/05/13T23:51:20z: SSID: ARRIS-5A97
 0h00:03.040 2021/05/13T23:51:20z: AP_STA