R tmr
 ets Jan  8 2013,rst cause:1, boot mode:(3,6)

load 0x4010f000, len 1384, room 16 
tail 8
chksum 0x2d
csum 0x2d
v8b899c12
~ld


6.01
 0h00:03.010 2021/05/14T00:11:16z: DS3231
 0h00:03.026 2021/05/14T00:11:16z: BME280 (0x76)
 0h00:03.040 2021/05/14T00:11:16z: 10:52:1c:41:79:b5
 0h00:03.042 2021/05/14T00:11:16z: SSID: ARRIS-5A97
 0h00:03.047 2021/05/14T00:11:16z: AP_STAR tmr
 ets Jan  8 2013,rst cause:1, boot mode:(3,6)

load 0x4010f000, len 1384, room 16 
tail 8
chksum 0x2d
csum 0x2d
v8b899c12
~ld


6.01
 0h00:03.019 2021/05/14T00:31:12z: DS3231
 0h00:03.034 2021/05/14T00:31:12z: BME280 (0x76)
 0h00:03.048 2021/05/14T00:31:12z: 10:52:1c:41:79:b5
 0h00:03.050 2021/05/14T00:31:12z: SSID: ARRIS-5A97
 0h00:03.055 2021/05/14T00:31:12z: AP_STAR tmr
 ets Jan  8 2013,rst cause:1, boot mode:(3,6)

load 0x4010f000, len 1384, room 16 
tail 8
chksum 0x2d
csum 0x2d
v8b899c12
~ld


6.01
 0h00:03.024 2021/05/14T00:51:09z: DS3231
 0h00:03.039 2021/05/14T00:51:09z: BME280 (0x76)
 0h00:03.053 2021/05/14T00:51:09z: 10:52:1c:41:79:b5
 0h00:03.055 2021/05/14T00:51:09z: SSID: ARRIS-5A97
 0h00:03.060 2021/05/14T00:51:09z: AP_STAR tmr
 ets Jan  8 2013,rst cause:1, boot mode:(3,6)

load 0x4010f000, len 1384, room 16 
tail 8
chksum 0x2d
csum 0x2d
v8b899c12
~ld


6.01
 0h00:02.992 2021/05/14T01:11:05z: DS3231
 0h00:03.008 2021/05/14T01:11:05z: BME280 (0x76)
 0h00:03.022 2021/05/14T01:11:05z: 10:52:1c:41:79:b5
 0h00:03.023 2021/05/14T01:11:05z: SSID: ARRIS-5A97
 0h00:03.029 2021/05/14T01:11:05z: AP_STAR tmr
 ets Jan  8 2013,rst cause:1, boot mode:(3,6)

load 0x4010f000, len 1384, room 16 
tail 8
chksum 0x2d
csum 0x2d
v8b899c12
~ld


6.01
 0h00:02.995 2021/05/14T01:31:01z: DS3231
 0h00:03.010 2021/05/14T01:31:01z: BME280 (0x76)
 0h00:03.024 2021/05/14T01:31:01z: 10:52:1c:41:79:b5
 0h00:03.026 2021/05/14T01:31:01z: SSID: ARRIS-5A97
 0h00:03.031 2021/05/14T01:31:01z: AP_STAR tmr
 ets Jan  8 2013,rst cause:1, boot mode:(3,6)

load 0x4010f000, len 1384, room 16 
tail 8
chksum 0x2d
csum 0x2d
v8b899c12
~ld


6.01
 0h00:03.001 2021/05/14T01:50:57z: DS3231
 0h00:03.016 2021/05/14T01:50:57z: BME280 (0x76)
 0h00:03.030 2021/05/14T01:50:57z: 10:52:1c:41:79:b5
 0h00:03.032 2021/05/14T01:50:57z: SSID: ARRIS-5A97
 0h00:03.037 2021/05/14T01:50:57z: AP_STAR tmr
 ets Jan  8 2013,rst cause:1, boot mode:(3,6)

load 0x4010f000, len 1384, room 16 
tail 8
chksum 0x2d
csum 0x2d
v8b899c12
~ld


6.01
 0h00:02.999 2021/05/14T02:10:53z: DS3231
 0h00:03.014 2021/05/14T02:10:53z: BME280 (0x76)
 0h00:03.028 2021/05/14T02:10:53z: 10:52:1c:41:79:b5
 0h00:03.030 2021/05/14T02:10:53z: SSID: ARRIS-5A97
 0h00:03.035 2021/05/14T02:10:53z: AP_STAR tmr
 ets Jan  8 2013,rst cause:1, boot mode:(3,6)

load 0x4010f000, len 1384, room 16 
tail 8
chksum 0x2d
csum 0x2d
v8b899c12
~ld


6.01
 0h00:02.999 2021/05/14T02:30:49z: DS3231
 0h00:03.014 2021/05/14T02:30:49z: BME280 (0x76)
 0h00:03.029 2021/05/14T02:30:49z: 10:52:1c:41:79:b5
 0h00:03.030 2021/05/14T02:30:49z: SSID: ARRIS-5A97
 0h00:03.035 2021/05/14T02:30:49z: AP_STAR tmr
 ets Jan  8 2013,rst cause:1, boot mode:(3,6)

load 0x4010f000, len 1384, room 16 
tail 8
chksum 0x2d
csum 0x2d
v8b899c12
~ld


6.01
 0h00:03.010 2021/05/14T02:50:45z: DS3231
 0h00:03.025 2021/05/14T02:50:45z: BME280 (0x76)
 0h00:03.039 2021/05/14T02:50:45z: 10:52:1c:41:79:b5
 0h00:03.041 2021/05/14T02:50:45z: SSID: ARRIS-5A97
 0h00:03.046 2021/05/14T02:50:46z: AP_STAR tmr
 ets Jan  8 2013,rst cause:1, boot mode:(3,6)

load 0x4010f000, len 1384, room 16 
tail 8
chksum 0x2d
csum 0x2d
v8b899c12
~ld


6.01
 0h00:03.008 2021/05/14T03:10:41z: DS3231
 0h00:03.023 2021/05/14T03:10:41z: BME280 (0x76)
 0h00:03.037 2021/05/14T03:10:41z: 10:52:1c:41:79:b5
 0h00:03.039 2021/05/14T03:10:41z: SSID: ARRIS-5A97
 0h00:03.044 2021/05/14T03:10:41z: AP_STAR tmr
 ets Jan  8 2013,rst cause:1, boot mode:(3,6)

load 0x4010f000, len 1384, room 16 
tail 8
chksum 0x2d
csum 0x2d
v8b899c12
~ld


6.01
 0h00:03.022 2021/05/14T03:30:38z: DS3231
 0h00:03.037 2021/05/14T03:30:38z: BME280 (0x76)
 0h00:03.052 2021/05/14T03:30:38z: 10:52:1c:41:79:b5
 0h00:03.053 2021/05/14T03:30:38z: SSID: ARRIS-5A97
 0h00:03.058 2021/05/14T03:30:38z: AP_STAR tmr
 ets Jan  8 2013,rst cause:1, boot mode:(3,6)

load 0x4010f000, len 1384, room 16 
tail 8
chksum 0x2d
csum 0x2d
v8b899c12
~ld


6.01
 0h00:02.998 2021/05/14T03:50:34z: DS3231
 0h00:03.014 2021/05/14T03:50:34z: BME280 (0x76)
 0h00:03.028 2021/05/14T03:50:34z: 10:52:1c:41:79:b5
 0h00:03.029 2021/05/14T03:50:34z: SSID: ARRIS-5A97
 0h00:03.035 2021/05/14T03:50:34z: AP_STAR tmr
 ets Jan  8 2013,rst cause:1, boot mode:(3,6)

load 0x4010f000, len 1384, room 16 
tail 8
chksum 0x2d
csum 0x2d
v8b899c12
~ld


6.01
 0h00:02.999 2021/05/14T04:10:30z: DS3231
 0h00:03.014 2021/05/14T04:10:30z: BME280 (0x76)
 0h00:03.028 2021/05/14T04:10:31z: 10:52:1c:41:79:b5
 0h00:03.030 2021/05/14T04:10:31z: SSID: ARRIS-5A97
 0h00:03.035 2021/05/14T04:10:31z: AP_STAR tmr
 ets Jan  8 2013,rst cause:1, boot mode:(3,6)

load 0x4010f000, len 1384, room 16 
tail 8
chksum 0x2d
csum 0x2d
v8b899c12
~ld


6.01
 0h00:03.001 2021/05/14T04:30:27z: DS3231
 0h00:03.016 2021/05/14T04:30:27z: BME280 (0x76)
 0h00:03.030 2021/05/14T04:30:27z: 10:52:1c:41:79:b5
 0h00:03.032 2021/05/14T04:30:27z: SSID: ARRIS-5A97
 0h00:03.037 2021/05/14T04:30:27z: AP_STAR tmr
 ets Jan  8 2013,rst cause:1, boot mode:(3,6)

load 0x4010f000, len 1384, room 16 
tail 8
chksum 0x2d
csum 0x2d
v8b899c12
~ld


6.01
 0h00:03.003 2021/05/14T04:50:23z: DS3231
 0h00:03.018 2021/05/14T04:50:23z: BME280 (0x76)
 0h00:03.032 2021/05/14T04:50:23z: 10:52:1c:41:79:b5
 0h00:03.034 2021/05/14T04:50:23z: SSID: ARRIS-5A97
 0h00:03.039 2021/05/14T04:50:23z: AP_STAR tmr
 ets Jan  8 2013,rst cause:1, boot mode:(3,6)

load 0x4010f000, len 1384, room 16 
tail 8
chksum 0x2d
csum 0x2d
v8b899c12
~ld


6.01
 0h00:03.002 2021/05/14T05:10:20z: DS3231
 0h00:03.018 2021/05/14T05:10:20z: BME280 (0x76)
 0h00:03.032 2021/05/14T05:10:20z: 10:52:1c:41:79:b5
 0h00:03.033 2021/05/14T05:10:20z: SSID: ARRIS-5A97
 0h00:03.039 2021/05/14T05:10:20z: AP_STAR tmr
 ets Jan  8 2013,rst cause:1, boot mode:(3,6)

load 0x4010f000, len 1384, room 16 
tail 8
chksum 0x2d
csum 0x2d
v8b899c12
~ld


6.01
 0h00:02.997 2021/05/14T05:30:15z: DS3231
 0h00:03.012 2021/05/14T05:30:16z: BME280 (0x76)
 0h00:03.026 2021/05/14T05:30:16z: 10:52:1c:41:79:b5
 0h00:03.028 2021/05/14T05:30:16z: SSID: ARRIS-5A97
 0h00:03.033 2021/05/14T05:30:16z: AP_STAR tmr
 ets Jan  8 2013,rst cause:1, boot mode:(3,6)

load 0x4010f000, len 1384, room 16 
tail 8
chksum 0x2d
csum 0x2d
v8b899c12
~ld


6.01
 0h00:03.002 2021/05/14T05:50:11z: DS3231
 0h00:03.017 2021/05/14T05:50:11z: BME280 (0x76)
 0h00:03.031 2021/05/14T05:50:11z: 10:52:1c:41:79:b5
 0h00:03.033 2021/05/14T05:50:11z: SSID: ARRIS-5A97
 0h00:03.038 2021/05/14T05:50:11z: AP_STAR tmr
 ets Jan  8 2013,rst cause:1, boot mode:(3,6)

load 0x4010f000, len 1384, room 16 
tail 8
chksum 0x2d
csum 0x2d
v8b899c12
~ld


6.01
 0h00:03.014 2021/05/14T06:10:08z: DS3231
 0h00:03.029 2021/05/14T06:10:08z: BME280 (0x76)
 0h00:03.043 2021/05/14T06:10:08z: 10:52:1c:41:79:b5
 0h00:03.045 2021/05/14T06:10:08z: SSID: ARRIS-5A97
 0h00:03.050 2021/05/14T06:10:08z: AP_STAR tmr
 ets Jan  8 2013,rst cause:1, boot mode:(3,6)

load 0x4010f000, len 1384, room 16 
tail 8
chksum 0x2d
csum 0x2d
v8b899c12
~ld


6.01
 0h00:03.018 2021/05/14T06:30:04z: DS3231
 0h00:03.033 2021/05/14T06:30:04z: BME280 (0x76)
 0h00:03.047 2021/05/14T06:30:04z: 10:52:1c:41:79:b5
 0h00:03.049 2021/05/14T06:30:04z: SSID: ARRIS-5A97
 0h00:03.054 2021/05/14T06:30:04z: AP_STAR tmr
 ets Jan  8 2013,rst cause:1, boot mode:(3,6)

load 0x4010f000, len 1384, room 16 
tail 8
chksum 0x2d
csum 0x2d
v8b899c12
~ld


6.01
 0h00:03.024 2021/05/14T06:50:01z: DS3231
 0h00:03.039 2021/05/14T06:50:01z: BME280 (0x76)
 0h00:03.053 2021/05/14T06:50:01z: 10:52:1c:41:79:b5
 0h00:03.055 2021/05/14T06:50:01z: SSID: ARRIS-5A97
 0h00:03.060 2021/05/14T06:50:01z: AP_STAR tmr
 ets Jan  8 2013,rst cause:1, boot mode:(3,6)

load 0x4010f000, len 1384, room 16 
tail 8
chksum 0x2d
csum 0x2d
v8b899c12
~ld


6.01
 0h00:02.991 2021/05/14T07:09:57z: DS3231
 0h00:03.007 2021/05/14T07:09:58z: BME280 (0x76)
 0h00:03.021 2021/05/14T07:09:58z: 10:52:1c:41:79:b5
 0h00:03.023 2021/05/14T07:09:58z: SSID: ARRIS-5A97
 0h00:03.028 2021/05/14T07:09:58z: AP_STAR tmr
 ets Jan  8 2013,rst cause:1, boot mode:(3,6)

load 0x4010f000, len 1384, room 16 
tail 8
chksum 0x2d
csum 0x2d
v8b899c12
~ld


6.01
 0h00:02.994 2021/05/14T07:29:53z: DS3231
 0h00:03.010 2021/05/14T07:29:53z: BME280 (0x76)
 0h00:03.024 2021/05/14T07:29:53z: 10:52:1c:41:79:b5
 0h00:03.025 2021/05/14T07:29:53z: SSID: ARRIS-5A97
 0h00:03.031 2021/05/14T07:29:53z: AP_STAR tmr
 ets Jan  8 2013,rst cause:1, boot mode:(3,6)

load 0x4010f000, len 1384, room 16 
tail 8
chksum 0x2d
csum 0x2d
v8b899c12
~ld


6.01
 0h00:03.000 2021/05/14T07:49:49z: DS3231
 0h00:03.015 2021/05/14T07:49:49z: BME280 (0x76)
 0h00:03.029 2021/05/14T07:49:49z: 10:52:1c:41:79:b5
 0h00:03.031 2021/05/14T07:49:49z: SSID: ARRIS-5A97
 0h00:03.036 2021/05/14T07:49:49z: AP_STAR tmr
 ets Jan  8 2013,rst cause:1, boot mode:(3,6)

load 0x4010f000, len 1384, room 16 
tail 8
chksum 0x2d
csum 0x2d
v8b899c12
~ld


6.01
 0h00:02.996 2021/05/14T08:09:45z: DS3231
 0h00:03.012 2021/05/14T08:09:45z: BME280 (0x76)
 0h00:03.026 2021/05/14T08:09:45z: 10:52:1c:41:79:b5
 0h00:03.027 2021/05/14T08:09:45z: SSID: ARRIS-5A97
 0h00:03.033 2021/05/14T08:09:45z: AP_STAR tmr
 ets Jan  8 2013,rst cause:1, boot mode:(3,6)

load 0x4010f000, len 1384, room 16 
tail 8
chksum 0x2d
csum 0x2d
v8b899c12
~ld


6.01
 0h00:02.995 2021/05/14T08:29:40z: DS3231
 0h00:03.010 2021/05/14T08:29:40z: BME280 (0x76)
 0h00:03.024 2021/05/14T08:29:40z: 10:52:1c:41:79:b5
 0h00:03.026 2021/05/14T08:29:40z: SSID: ARRIS-5A97
 0h00:03.031 2021/05/14T08:29:40z: AP_STAR tmr
 ets Jan  8 2013,rst cause:1, boot mode:(3,6)

load 0x4010f000, len 1384, room 16 
tail 8
chksum 0x2d
csum 0x2d
v8b899c12
~ld


6.01
 0h00:03.011 2021/05/14T08:49:36z: DS3231
 0h00:03.026 2021/05/14T08:49:36z: BME280 (0x76)
 0h00:03.040 2021/05/14T08:49:36z: 10:52:1c:41:79:b5
 0h00:03.042 2021/05/14T08:49:36z: SSID: ARRIS-5A97
 0h00:03.047 2021/05/14T08:49:36z: AP_STAR tmr
 ets Jan  8 2013,rst cause:1, boot mode:(3,6)

load 0x4010f000, len 1384, room 16 
tail 8
chksum 0x2d
csum 0x2d
v8b899c12
~ld


6.01
 0h00:03.017 2021/05/14T09:09:32z: DS3231
 0h00:03.032 2021/05/14T09:09:32z: BME280 (0x76)
 0h00:03.046 2021/05/14T09:09:32z: 10:52:1c:41:79:b5
 0h00:03.048 2021/05/14T09:09:32z: SSID: ARRIS-5A97
 0h00:03.053 2021/05/14T09:09:32z: AP_STAR tmr
 ets Jan  8 2013,rst cause:1, boot mode:(3,6)

load 0x4010f000, len 1384, room 16 
tail 8
chksum 0x2d
csum 0x2d
v8b899c12
~ld


6.01
 0h00:03.026 2021/05/14T09:29:29z: DS3231
 0h00:03.041 2021/05/14T09:29:29z: BME280 (0x76)
 0h00:03.055 2021/05/14T09:29:29z: 10:52:1c:41:79:b5
 0h00:03.057 2021/05/14T09:29:29z: SSID: ARRIS-5A97
 0h00:03.062 2021/05/14T09:29:29z: AP_STAR tmr
 ets Jan  8 2013,rst cause:1, boot mode:(3,6)

load 0x4010f000, len 1384, room 16 
tail 8
chksum 0x2d
csum 0x2d
v8b899c12
~ld


6.01
 0h00:02.996 2021/05/14T09:49:25z: DS3231
 0h00:03.011 2021/05/14T09:49:25z: BME280 (0x76)
 0h00:03.025 2021/05/14T09:49:25z: 10:52:1c:41:79:b5
 0h00:03.027 2021/05/14T09:49:25z: SSID: ARRIS-5A97
 0h00:03.032 2021/05/14T09:49:25z: AP_STAR tmr
 ets Jan  8 2013,rst cause:1, boot mode:(3,6)

load 0x4010f000, len 1384, room 16 
tail 8
chksum 0x2d
csum 0x2d
v8b899c12
~ld


6.01
 0h00:02.990 2021/05/14T10:09:22z: DS3231
 0h00:03.006 2021/05/14T10:09:22z: BME280 (0x76)
 0h00:03.020 2021/05/14T10:09:22z: 10:52:1c:41:79:b5
 0h00:03.022 2021/05/14T10:09:22z: SSID: ARRIS-5A97
 0h00:03.027 2021/05/14T10:09:22z: AP_STAR tmr
 ets Jan  8 2013,rst cause:1, boot mode:(3,6)

load 0x4010f000, len 1384, room 16 
tail 8
chksum 0x2d
csum 0x2d
v8b899c12
~ld


6.01
 0h00:02.994 2021/05/14T10:29:18z: DS3231
 0h00:03.009 2021/05/14T10:29:18z: BME280 (0x76)
 0h00:03.023 2021/05/14T10:29:18z: 10:52:1c:41:79:b5
 0h00:03.025 2021/05/14T10:29:18z: SSID: ARRIS-5A97
 0h00:03.030 2021/05/14T10:29:18z: AP_STAR tmr
 ets Jan  8 2013,rst cause:1, boot mode:(3,6)

load 0x4010f000, len 1384, room 16 
tail 8
chksum 0x2d
csum 0x2d
v8b899c12
~ld


6.01
 0h00:02.994 2021/05/14T10:49:15z: DS3231
 0h00:03.009 2021/05/14T10:49:15z: BME280 (0x76)
 0h00:03.024 2021/05/14T10:49:15z: 10:52:1c:41:79:b5
 0h00:03.025 2021/05/14T10:49:15z: SSID: ARRIS-5A97
 0h00:03.030 2021/05/14T10:49:15z: AP_STAR tmr
 ets Jan  8 2013,rst cause:1, boot mode:(3,6)

load 0x4010f000, len 1384, room 16 
tail 8
chksum 0x2d
csum 0x2d
v8b899c12
~ld


6.01
 0h00:02.999 2021/05/14T11:09:11z: DS3231
 0h00:03.014 2021/05/14T11:09:11z: BME280 (0x76)
 0h00:03.028 2021/05/14T11:09:12z: 10:52:1c:41:79:b5
 0h00:03.030 2021/05/14T11:09:12z: SSID: ARRIS-5A97
 0h00:03.035 2021/05/14T11:09:12z: AP_STAR tmr
 ets Jan  8 2013,rst cause:1, boot mode:(3,6)

load 0x4010f000, len 1384, room 16 
tail 8
chksum 0x2d
csum 0x2d
v8b899c12
~ld


6.01
 0h00:03.013 2021/05/14T11:29:08z: DS3231
 0h00:03.028 2021/05/14T11:29:08z: BME280 (0x76)
 0h00:03.043 2021/05/14T11:29:08z: 10:52:1c:41:79:b5
 0h00:03.044 2021/05/14T11:29:08z: SSID: ARRIS-5A97
 0h00:03.049 2021/05/14T11:29:08z: AP_STA