R tmr
 ets Jan  8 2013,rst cause:1, boot mode:(3,6)

load 0x4010f000, len 1384, room 16 
tail 8
chksum 0x2d
csum 0x2d
v8b899c12
~ld


6.01
 0h00:02.998 2021/05/12T11:58:19z: DS3231
 0h00:03.013 2021/05/12T11:58:19z: BME280 (0x76)
 0h00:03.027 2021/05/12T11:58:19z: 10:52:1c:41:79:b5
 0h00:03.029 2021/05/12T11:58:19z: SSID: ARRIS-5A97
 0h00:03.034 2021/05/12T11:58:19z: AP_STAR tmr
 ets Jan  8 2013,rst cause:1, boot mode:(3,6)

load 0x4010f000, len 1384, room 16 
tail 8
chksum 0x2d
csum 0x2d
v8b899c12
~ld


6.01
 0h00:02.997 2021/05/12T12:18:16z: DS3231
 0h00:03.012 2021/05/12T12:18:16z: BME280 (0x76)
 0h00:03.026 2021/05/12T12:18:16z: 10:52:1c:41:79:b5
 0h00:03.028 2021/05/12T12:18:16z: SSID: ARRIS-5A97
 0h00:03.033 2021/05/12T12:18:16z: AP_STAR tmr
 ets Jan  8 2013,rst cause:1, boot mode:(3,6)

load 0x4010f000, len 1384, room 16 
tail 8
chksum 0x2d
csum 0x2d
v8b899c12
~ld


6.01
 0h00:03.005 2021/05/12T12:38:12z: DS3231
 0h00:03.020 2021/05/12T12:38:12z: BME280 (0x76)
 0h00:03.034 2021/05/12T12:38:12z: 10:52:1c:41:79:b5
 0h00:03.036 2021/05/12T12:38:12z: SSID: ARRIS-5A97
 0h00:03.041 2021/05/12T12:38:12z: AP_STAR tmr
 ets Jan  8 2013,rst cause:1, boot mode:(3,6)

load 0x4010f000, len 1384, room 16 
tail 8
chksum 0x2d
csum 0x2d
v8b899c12
~ld


6.01
 0h00:03.008 2021/05/12T12:58:08z: DS3231
 0h00:03.023 2021/05/12T12:58:08z: BME280 (0x76)
 0h00:03.038 2021/05/12T12:58:08z: 10:52:1c:41:79:b5
 0h00:03.039 2021/05/12T12:58:08z: SSID: ARRIS-5A97
 0h00:03.044 2021/05/12T12:58:08z: AP_STAR tmr
 ets Jan  8 2013,rst cause:1, boot mode:(3,6)

load 0x4010f000, len 1384, room 16 
tail 8
chksum 0x2d
csum 0x2d
v8b899c12
~ld


6.01
 0h00:03.017 2021/05/12T13:18:05z: DS3231
 0h00:03.032 2021/05/12T13:18:05z: BME280 (0x76)
 0h00:03.046 2021/05/12T13:18:05z: 10:52:1c:41:79:b5
 0h00:03.048 2021/05/12T13:18:05z: SSID: ARRIS-5A97
 0h00:03.053 2021/05/12T13:18:05z: AP_STAR tmr
 ets Jan  8 2013,rst cause:1, boot mode:(3,6)

load 0x4010f000, len 1384, room 16 
tail 8
chksum 0x2d
csum 0x2d
v8b899c12
~ld


6.01
 0h00:03.026 2021/05/12T13:38:00z: DS3231
 0h00:03.042 2021/05/12T13:38:00z: BME280 (0x76)
 0h00:03.056 2021/05/12T13:38:00z: 10:52:1c:41:79:b5
 0h00:03.057 2021/05/12T13:38:00z: SSID: ARRIS-5A97
 0h00:03.063 2021/05/12T13:38:00z: AP_STAR tmr
 ets Jan  8 2013,rst cause:1, boot mode:(3,6)

load 0x4010f000, len 1384, room 16 
tail 8
chksum 0x2d
csum 0x2d
v8b899c12
~ld


6.01
 0h00:03.004 2021/05/12T13:57:57z: DS3231
 0h00:03.019 2021/05/12T13:57:57z: BME280 (0x76)
 0h00:03.033 2021/05/12T13:57:57z: 10:52:1c:41:79:b5
 0h00:03.035 2021/05/12T13:57:57z: SSID: ARRIS-5A97
 0h00:03.040 2021/05/12T13:57:57z: AP_STAR tmr
 ets Jan  8 2013,rst cause:1, boot mode:(3,6)

load 0x4010f000, len 1384, room 16 
tail 8
chksum 0x2d
csum 0x2d
v8b899c12
~ld


6.01
 0h00:02.996 2021/05/12T14:17:53z: DS3231
 0h00:03.011 2021/05/12T14:17:53z: BME280 (0x76)
 0h00:03.025 2021/05/12T14:17:53z: 10:52:1c:41:79:b5
 0h00:03.027 2021/05/12T14:17:53z: SSID: ARRIS-5A97
 0h00:03.032 2021/05/12T14:17:53z: AP_STAR tmr
 ets Jan  8 2013,rst cause:1, boot mode:(3,6)

load 0x4010f000, len 1384, room 16 
tail 8
chksum 0x2d
csum 0x2d
v8b899c12
~ld


6.01
 0h00:02.999 2021/05/12T14:37:49z: DS3231
 0h00:03.015 2021/05/12T14:37:49z: BME280 (0x76)
 0h00:03.029 2021/05/12T14:37:49z: 10:52:1c:41:79:b5
 0h00:03.030 2021/05/12T14:37:49z: SSID: ARRIS-5A97
 0h00:03.036 2021/05/12T14:37:49z: AP_STAR tmr
 ets Jan  8 2013,rst cause:1, boot mode:(3,6)

load 0x4010f000, len 1384, room 16 
tail 8
chksum 0x2d
csum 0x2d
v8b899c12
~ld


6.01
 0h00:02.999 2021/05/12T14:57:45z: DS3231
 0h00:03.015 2021/05/12T14:57:45z: BME280 (0x76)
 0h00:03.029 2021/05/12T14:57:45z: 10:52:1c:41:79:b5
 0h00:03.031 2021/05/12T14:57:45z: SSID: ARRIS-5A97
 0h00:03.036 2021/05/12T14:57:45z: AP_STAR tmr
 ets Jan  8 2013,rst cause:1, boot mode:(3,6)

load 0x4010f000, len 1384, room 16 
tail 8
chksum 0x2d
csum 0x2d
v8b899c12
~ld


6.01
 0h00:02.992 2021/05/12T15:17:42z: DS3231
 0h00:03.007 2021/05/12T15:17:42z: BME280 (0x76)
 0h00:03.021 2021/05/12T15:17:42z: 10:52:1c:41:79:b5
 0h00:03.023 2021/05/12T15:17:42z: SSID: ARRIS-5A97
 0h00:03.028 2021/05/12T15:17:42z: AP_STAR tmr
 ets Jan  8 2013,rst cause:1, boot mode:(3,6)

load 0x4010f000, len 1384, room 16 
tail 8
chksum 0x2d
csum 0x2d
v8b899c12
~ld


6.01
 0h00:03.001 2021/05/12T15:37:38z: DS3231
 0h00:03.016 2021/05/12T15:37:38z: BME280 (0x76)
 0h00:03.030 2021/05/12T15:37:38z: 10:52:1c:41:79:b5
 0h00:03.032 2021/05/12T15:37:38z: SSID: ARRIS-5A97
 0h00:03.037 2021/05/12T15:37:38z: AP_STAR tmr
 ets Jan  8 2013,rst cause:1, boot mode:(3,6)

load 0x4010f000, len 1384, room 16 
tail 8
chksum 0x2d
csum 0x2d
v8b899c12
~ld


6.01
 0h00:03.018 2021/05/12T15:57:34z: DS3231
 0h00:03.034 2021/05/12T15:57:34z: BME280 (0x76)
 0h00:03.048 2021/05/12T15:57:34z: 10:52:1c:41:79:b5
 0h00:03.050 2021/05/12T15:57:34z: SSID: ARRIS-5A97
 0h00:03.055 2021/05/12T15:57:34z: AP_STAR tmr
 ets Jan  8 2013,rst cause:1, boot mode:(3,6)

load 0x4010f000, len 1384, room 16 
tail 8
chksum 0x2d
csum 0x2d
v8b899c12
~ld


6.01
 0h00:03.029 2021/05/12T16:17:30z: DS3231
 0h00:03.044 2021/05/12T16:17:30z: BME280 (0x76)
 0h00:03.058 2021/05/12T16:17:30z: 10:52:1c:41:79:b5
 0h00:03.060 2021/05/12T16:17:30z: SSID: ARRIS-5A97
 0h00:03.065 2021/05/12T16:17:30z: AP_STAR tmr
 ets Jan  8 2013,rst cause:1, boot mode:(3,6)

load 0x4010f000, len 1384, room 16 
tail 8
chksum 0x2d
csum 0x2d
v8b899c12
~ld


6.01
 0h00:03.001 2021/05/12T16:37:27z: DS3231
 0h00:03.016 2021/05/12T16:37:27z: BME280 (0x76)
 0h00:03.030 2021/05/12T16:37:27z: 10:52:1c:41:79:b5
 0h00:03.032 2021/05/12T16:37:27z: SSID: ARRIS-5A97
 0h00:03.037 2021/05/12T16:37:27z: AP_STAR tmr
 ets Jan  8 2013,rst cause:1, boot mode:(3,6)

load 0x4010f000, len 1384, room 16 
tail 8
chksum 0x2d
csum 0x2d
v8b899c12
~ld


6.01
 0h00:02.998 2021/05/12T16:57:23z: DS3231
 0h00:03.014 2021/05/12T16:57:23z: BME280 (0x76)
 0h00:03.028 2021/05/12T16:57:23z: 10:52:1c:41:79:b5
 0h00:03.029 2021/05/12T16:57:23z: SSID: ARRIS-5A97
 0h00:03.035 2021/05/12T16:57:23z: AP_STAR tmr
 ets Jan  8 2013,rst cause:1, boot mode:(3,6)

load 0x4010f000, len 1384, room 16 
tail 8
chksum 0x2d
csum 0x2d
v8b899c12
~ld


6.01
 0h00:02.999 2021/05/12T17:17:19z: DS3231
 0h00:03.015 2021/05/12T17:17:19z: BME280 (0x76)
 0h00:03.029 2021/05/12T17:17:19z: 10:52:1c:41:79:b5
 0h00:03.030 2021/05/12T17:17:19z: SSID: ARRIS-5A97
 0h00:03.036 2021/05/12T17:17:19z: AP_STAR tmr
 ets Jan  8 2013,rst cause:1, boot mode:(3,6)

load 0x4010f000, len 1384, room 16 
tail 8
chksum 0x2d
csum 0x2d
v8b899c12
~ld


6.01
 0h00:02.993 2021/05/12T17:37:15z: DS3231
 0h00:03.008 2021/05/12T17:37:15z: BME280 (0x76)
 0h00:03.022 2021/05/12T17:37:15z: 10:52:1c:41:79:b5
 0h00:03.024 2021/05/12T17:37:15z: SSID: ARRIS-5A97
 0h00:03.029 2021/05/12T17:37:15z: AP_STAR tmr
 ets Jan  8 2013,rst cause:1, boot mode:(3,6)

load 0x4010f000, len 1384, room 16 
tail 8
chksum 0x2d
csum 0x2d
v8b899c12
~ld


6.01
 0h00:03.002 2021/05/12T17:57:12z: DS3231
 0h00:03.017 2021/05/12T17:57:12z: BME280 (0x76)
 0h00:03.031 2021/05/12T17:57:12z: 10:52:1c:41:79:b5
 0h00:03.033 2021/05/12T17:57:12z: SSID: ARRIS-5A97
 0h00:03.038 2021/05/12T17:57:12z: AP_STAR tmr
 ets Jan  8 2013,rst cause:1, boot mode:(3,6)

load 0x4010f000, len 1384, room 16 
tail 8
chksum 0x2d
csum 0x2d
v8b899c12
~ld


6.01
 0h00:03.007 2021/05/12T18:17:09z: DS3231
 0h00:03.023 2021/05/12T18:17:09z: BME280 (0x76)
 0h00:03.037 2021/05/12T18:17:09z: 10:52:1c:41:79:b5
 0h00:03.038 2021/05/12T18:17:09z: SSID: ARRIS-5A97
 0h00:03.044 2021/05/12T18:17:09z: AP_STAR tmr
 ets Jan  8 2013,rst cause:1, boot mode:(3,6)

load 0x4010f000, len 1384, room 16 
tail 8
chksum 0x2d
csum 0x2d
v8b899c12
~ld


6.01
 0h00:03.017 2021/05/12T18:37:04z: DS3231
 0h00:03.032 2021/05/12T18:37:04z: BME280 (0x76)
 0h00:03.046 2021/05/12T18:37:04z: 10:52:1c:41:79:b5
 0h00:03.048 2021/05/12T18:37:04z: SSID: ARRIS-5A97
 0h00:03.053 2021/05/12T18:37:04z: AP_STAR tmr
 ets Jan  8 2013,rst cause:1, boot mode:(3,6)

load 0x4010f000, len 1384, room 16 
tail 8
chksum 0x2d
csum 0x2d
v8b899c12
~ld


6.01
 0h00:03.023 2021/05/12T18:57:00z: DS3231
 0h00:03.039 2021/05/12T18:57:00z: BME280 (0x76)
 0h00:03.053 2021/05/12T18:57:00z: 10:52:1c:41:79:b5
 0h00:03.054 2021/05/12T18:57:00z: SSID: ARRIS-5A97
 0h00:03.060 2021/05/12T18:57:00z: AP_STAR tmr
 ets Jan  8 2013,rst cause:1, boot mode:(3,6)

load 0x4010f000, len 1384, room 16 
tail 8
chksum 0x2d
csum 0x2d
v8b899c12
~ld


6.01
 0h00:02.992 2021/05/12T19:16:56z: DS3231
 0h00:03.007 2021/05/12T19:16:56z: BME280 (0x76)
 0h00:03.022 2021/05/12T19:16:56z: 10:52:1c:41:79:b5
 0h00:03.023 2021/05/12T19:16:56z: SSID: ARRIS-5A97
 0h00:03.028 2021/05/12T19:16:56z: AP_STAR tmr
 ets Jan  8 2013,rst cause:1, boot mode:(3,6)

load 0x4010f000, len 1384, room 16 
tail 8
chksum 0x2d
csum 0x2d
v8b899c12
~ld


6.01
 0h00:02.995 2021/05/12T19:36:52z: DS3231
 0h00:03.010 2021/05/12T19:36:52z: BME280 (0x76)
 0h00:03.025 2021/05/12T19:36:52z: 10:52:1c:41:79:b5
 0h00:03.026 2021/05/12T19:36:52z: SSID: ARRIS-5A97
 0h00:03.031 2021/05/12T19:36:52z: AP_STAR tmr
 ets Jan  8 2013,rst cause:1, boot mode:(3,6)

load 0x4010f000, len 1384, room 16 
tail 8
chksum 0x2d
csum 0x2d
v8b899c12
~ld


6.01
 0h00:02.991 2021/05/12T19:56:48z: DS3231
 0h00:03.006 2021/05/12T19:56:48z: BME280 (0x76)
 0h00:03.020 2021/05/12T19:56:48z: 10:52:1c:41:79:b5
 0h00:03.022 2021/05/12T19:56:48z: SSID: ARRIS-5A97
 0h00:03.027 2021/05/12T19:56:48z: AP_STAR tmr
 ets Jan  8 2013,rst cause:1, boot mode:(3,6)

load 0x4010f000, len 1384, room 16 
tail 8
chksum 0x2d
csum 0x2d
v8b899c12
~ld


6.01
 0h00:02.990 2021/05/12T20:16:44z: DS3231
 0h00:03.005 2021/05/12T20:16:44z: BME280 (0x76)
 0h00:03.019 2021/05/12T20:16:44z: 10:52:1c:41:79:b5
 0h00:03.021 2021/05/12T20:16:44z: SSID: ARRIS-5A97
 0h00:03.026 2021/05/12T20:16:44z: AP_STAR tmr
 ets Jan  8 2013,rst cause:1, boot mode:(3,6)

load 0x4010f000, len 1384, room 16 
tail 8
chksum 0x2d
csum 0x2d
v8b899c12
~ld


6.01
 0h00:02.997 2021/05/12T20:36:40z: DS3231
 0h00:03.013 2021/05/12T20:36:40z: BME280 (0x76)
 0h00:03.027 2021/05/12T20:36:40z: 10:52:1c:41:79:b5
 0h00:03.029 2021/05/12T20:36:40z: SSID: ARRIS-5A97
 0h00:03.034 2021/05/12T20:36:40z: AP_STAR tmr
 ets Jan  8 2013,rst cause:1, boot mode:(3,6)

load 0x4010f000, len 1384, room 16 
tail 8
chksum 0x2d
csum 0x2d
v8b899c12
~ld


6.01
 0h00:03.006 2021/05/12T20:56:37z: DS3231
 0h00:03.021 2021/05/12T20:56:37z: BME280 (0x76)
 0h00:03.035 2021/05/12T20:56:37z: 10:52:1c:41:79:b5
 0h00:03.037 2021/05/12T20:56:37z: SSID: ARRIS-5A97
 0h00:03.042 2021/05/12T20:56:37z: AP_STAR tmr
 ets Jan  8 2013,rst cause:1, boot mode:(3,6)

load 0x4010f000, len 1384, room 16 
tail 8
chksum 0x2d
csum 0x2d
v8b899c12
~ld


6.01
 0h00:03.008 2021/05/12T21:16:32z: DS3231
 0h00:03.023 2021/05/12T21:16:32z: BME280 (0x76)
 0h00:03.037 2021/05/12T21:16:32z: 10:52:1c:41:79:b5
 0h00:03.039 2021/05/12T21:16:32z: SSID: ARRIS-5A97
 0h00:03.044 2021/05/12T21:16:32z: AP_STAR tmr
 ets Jan  8 2013,rst cause:1, boot mode:(3,6)

load 0x4010f000, len 1384, room 16 
tail 8
chksum 0x2d
csum 0x2d
v8b899c12
~ld


6.01
 0h00:03.016 2021/05/12T21:36:28z: DS3231
 0h00:03.031 2021/05/12T21:36:28z: BME280 (0x76)
 0h00:03.045 2021/05/12T21:36:28z: 10:52:1c:41:79:b5
 0h00:03.047 2021/05/12T21:36:28z: SSID: ARRIS-5A97
 0h00:03.052 2021/05/12T21:36:28z: AP_STAR tmr
 ets Jan  8 2013,rst cause:1, boot mode:(3,6)

load 0x4010f000, len 1384, room 16 
tail 8
chksum 0x2d
csum 0x2d
v8b899c12
~ld


6.01
 0h00:02.992 2021/05/12T21:56:23z: DS3231
 0h00:03.008 2021/05/12T21:56:23z: BME280 (0x76)
 0h00:03.022 2021/05/12T21:56:23z: 10:52:1c:41:79:b5
 0h00:03.023 2021/05/12T21:56:23z: SSID: ARRIS-5A97
 0h00:03.029 2021/05/12T21:56:23z: AP_STAR tmr
 ets Jan  8 2013,rst cause:1, boot mode:(3,6)

load 0x4010f000, len 1384, room 16 
tail 8
chksum 0x2d
csum 0x2d
v8b899c12
~ld


6.01
 0h00:03.003 2021/05/12T22:16:20z: DS3231
 0h00:03.019 2021/05/12T22:16:20z: BME280 (0x76)
 0h00:03.033 2021/05/12T22:16:20z: 10:52:1c:41:79:b5
 0h00:03.034 2021/05/12T22:16:20z: SSID: ARRIS-5A97
 0h00:03.040 2021/05/12T22:16:20z: AP_STAR tmr
 ets Jan  8 2013,rst cause:1, boot mode:(3,6)

load 0x4010f000, len 1384, room 16 
tail 8
chksum 0x2d
csum 0x2d
v8b899c12
~ld


6.01
 0h00:02.994 2021/05/12T22:36:15z: DS3231
 0h00:03.010 2021/05/12T22:36:16z: BME280 (0x76)
 0h00:03.024 2021/05/12T22:36:16z: 10:52:1c:41:79:b5
 0h00:03.026 2021/05/12T22:36:16z: SSID: ARRIS-5A97
 0h00:03.031 2021/05/12T22:36:16z: AP_STAR tmr
 ets Jan  8 2013,rst cause:1, boot mode:(3,6)

load 0x4010f000, len 1384, room 16 
tail 8
chksum 0x2d
csum 0x2d
v8b899c12
~ld


6.01
 0h00:02.997 2021/05/12T22:56:11z: DS3231
 0h00:03.012 2021/05/12T22:56:12z: BME280 (0x76)
 0h00:03.026 2021/05/12T22:56:12z: 10:52:1c:41:79:b5
 0h00:03.028 2021/05/12T22:56:12z: SSID: ARRIS-5A97
 0h00:03.033 2021/05/12T22:56:12z: AP_STAR tmr
 ets Jan  8 2013,rst cause:1, boot mode:(3,6)

load 0x4010f000, len 1384, room 16 
tail 8
chksum 0x2d
csum 0x2d
v8b899c12
~ld


6.01
 0h00:03.000 2021/05/12T23:16:08z: DS3231
 0h00:03.016 2021/05/12T23:16:08z: BME280 (0x76)
 0h00:03.030 2021/05/12T23:16:08z: 10:52:1c:41:79:b5
 0h00:03.031 2021/05/12T23:16:08z: SSID: ARRIS-5A97
 0h00:03.037 2021/05/12T23:16:08z: AP_STAR tmr
 ets Jan  8 2013,rst cause:1, boot mode:(3,6)

load 0x4010f000, len 1384, room 16 
tail 8
chksum 0x2d
csum 0x2d
v8b899c12
~ld


6.01
 0h00:03.010 2021/05/12T23:36:04z: DS3231
 0h00:03.025 2021/05/12T23:36:04z: BME280 (0x76)
 0h00:03.039 2021/05/12T23:36:04z: 10:52:1c:41:79:b5
 0h00:03.041 2021/05/12T23:36:04z: SSID: ARRIS-5A97
 0h00:03.046 2021/05/12T23:36:04z: AP_STAR tmr
 ets Jan  8 2013,rst cause:1, boot mode:(3,6)

load 0x4010f000, len 1384, room 16 
tail 8
chksum 0x2d
csum 0x2d
v8b899c12
~ld


6.01
 0h00:03.015 2021/05/12T23:56:00z: DS3231
 0h00:03.030 2021/05/12T23:56:00z: BME280 (0x76)
 0h00:03.044 2021/05/12T23:56:00z: 10:52:1c:41:79:b5
 0h00:03.046 2021/05/12T23:56:00z: SSID: ARRIS-5A97
 0h00:03.051 2021/05/12T23:56:00z: AP_STA