R tmr
 ets Jan  8 2013,rst cause:1, boot mode:(3,7)

load 0x4010f000, len 1384, room 16 
tail 8
chksum 0x2d
csum 0x2d
v8b899c12
~ld


6.01
 0h00:03.060 2021/06/08T00:02:19z: DS3231
 0h00:03.075 2021/06/08T00:02:19z: BME280 (0x76)
 0h00:03.090 2021/06/08T00:02:19z: 10:52:1c:4c:86:4
 0h00:03.091 2021/06/08T00:02:19z: SSID: Apollonia Students Halls
 0h00:03.096 2021/06/08T00:02:19z: AP_STAR tmr
 ets Jan  8 2013,rst cause:1, boot mode:(3,7)

load 0x4010f000, len 1384, room 16 
tail 8
chksum 0x2d
csum 0x2d
v8b899c12
~ld


6.01
 0h00:03.071 2021/06/08T00:22:15z: DS3231
 0h00:03.086 2021/06/08T00:22:15z: BME280 (0x76)
 0h00:03.100 2021/06/08T00:22:15z: 10:52:1c:4c:86:4
 0h00:03.102 2021/06/08T00:22:15z: SSID: Apollonia Students Halls
 0h00:03.107 2021/06/08T00:22:15z: AP_STAR tmr
 ets Jan  8 2013,rst cause:1, boot mode:(3,7)

load 0x4010f000, len 1384, room 16 
tail 8
chksum 0x2d
csum 0x2d
v8b899c12
~ld


6.01
 0h00:03.055 2021/06/08T00:42:11z: DS3231
 0h00:03.071 2021/06/08T00:42:11z: BME280 (0x76)
 0h00:03.085 2021/06/08T00:42:11z: 10:52:1c:4c:86:4
 0h00:03.087 2021/06/08T00:42:11z: SSID: Apollonia Students Halls
 0h00:03.092 2021/06/08T00:42:11z: AP_STAR tmr
 ets Jan  8 2013,rst cause:1, boot mode:(3,7)

load 0x4010f000, len 1384, room 16 
tail 8
chksum 0x2d
csum 0x2d
v8b899c12
~ld


6.01
 0h00:03.050 2021/06/08T01:02:07z: DS3231
 0h00:03.065 2021/06/08T01:02:07z: BME280 (0x76)
 0h00:03.079 2021/06/08T01:02:07z: 10:52:1c:4c:86:4
 0h00:03.081 2021/06/08T01:02:07z: SSID: Apollonia Students Halls
 0h00:03.086 2021/06/08T01:02:07z: AP_STAR tmr
 ets Jan  8 2013,rst cause:1, boot mode:(3,7)

load 0x4010f000, len 1384, room 16 
tail 8
chksum 0x2d
csum 0x2d
v8b899c12
~ld


6.01
 0h00:03.052 2021/06/08T01:22:04z: DS3231
 0h00:03.067 2021/06/08T01:22:04z: BME280 (0x76)
 0h00:03.082 2021/06/08T01:22:04z: 10:52:1c:4c:86:4
 0h00:03.083 2021/06/08T01:22:04z: SSID: Apollonia Students Halls
 0h00:03.088 2021/06/08T01:22:04z: AP_STAR tmr
 ets Jan  8 2013,rst cause:1, boot mode:(3,7)

load 0x4010f000, len 1384, room 16 
tail 8
chksum 0x2d
csum 0x2d
v8b899c12
~ld


6.01
 0h00:03.054 2021/06/08T01:42:00z: DS3231
 0h00:03.070 2021/06/08T01:42:00z: BME280 (0x76)
 0h00:03.084 2021/06/08T01:42:00z: 10:52:1c:4c:86:4
 0h00:03.086 2021/06/08T01:42:00z: SSID: Apollonia Students Halls
 0h00:03.091 2021/06/08T01:42:00z: AP_STAR tmr
 ets Jan  8 2013,rst cause:1, boot mode:(3,7)

load 0x4010f000, len 1384, room 16 
tail 8
chksum 0x2d
csum 0x2d
v8b899c12
~ld


6.01
 0h00:03.059 2021/06/08T02:01:56z: DS3231
 0h00:03.074 2021/06/08T02:01:56z: BME280 (0x76)
 0h00:03.088 2021/06/08T02:01:56z: 10:52:1c:4c:86:4
 0h00:03.090 2021/06/08T02:01:56z: SSID: Apollonia Students Halls
 0h00:03.095 2021/06/08T02:01:56z: AP_STAR tmr
 ets Jan  8 2013,rst cause:1, boot mode:(3,7)

load 0x4010f000, len 1384, room 16 
tail 8
chksum 0x2d
csum 0x2d
v8b899c12
~ld


6.01
 0h00:03.066 2021/06/08T02:21:53z: DS3231
 0h00:03.082 2021/06/08T02:21:53z: BME280 (0x76)
 0h00:03.096 2021/06/08T02:21:53z: 10:52:1c:4c:86:4
 0h00:03.098 2021/06/08T02:21:53z: SSID: Apollonia Students Halls
 0h00:03.103 2021/06/08T02:21:53z: AP_STAR tmr
 ets Jan  8 2013,rst cause:1, boot mode:(3,7)

load 0x4010f000, len 1384, room 16 
tail 8
chksum 0x2d
csum 0x2d
v8b899c12
~ld


6.01
 0h00:03.074 2021/06/08T02:41:49z: DS3231
 0h00:03.090 2021/06/08T02:41:49z: BME280 (0x76)
 0h00:03.104 2021/06/08T02:41:49z: 10:52:1c:4c:86:4
 0h00:03.105 2021/06/08T02:41:49z: SSID: Apollonia Students Halls
 0h00:03.111 2021/06/08T02:41:49z: AP_STAR tmr
 ets Jan  8 2013,rst cause:1, boot mode:(3,7)

load 0x4010f000, len 1384, room 16 
tail 8
chksum 0x2d
csum 0x2d
v8b899c12
~ld


6.01
 0h00:03.081 2021/06/08T03:01:45z: DS3231
 0h00:03.096 2021/06/08T03:01:45z: BME280 (0x76)
 0h00:03.110 2021/06/08T03:01:45z: 10:52:1c:4c:86:4
 0h00:03.112 2021/06/08T03:01:45z: SSID: Apollonia Students Halls
 0h00:03.117 2021/06/08T03:01:45z: AP_STAR tmr
 ets Jan  8 2013,rst cause:1, boot mode:(3,7)

load 0x4010f000, len 1384, room 16 
tail 8
chksum 0x2d
csum 0x2d
v8b899c12
~ld


6.01
 0h00:03.057 2021/06/08T03:21:42z: DS3231
 0h00:03.072 2021/06/08T03:21:42z: BME280 (0x76)
 0h00:03.086 2021/06/08T03:21:42z: 10:52:1c:4c:86:4
 0h00:03.088 2021/06/08T03:21:42z: SSID: Apollonia Students Halls
 0h00:03.093 2021/06/08T03:21:42z: AP_STAR tmr
 ets Jan  8 2013,rst cause:1, boot mode:(3,7)

load 0x4010f000, len 1384, room 16 
tail 8
chksum 0x2d
csum 0x2d
v8b899c12
~ld


6.01
 0h00:03.057 2021/06/08T03:41:37z: DS3231
 0h00:03.072 2021/06/08T03:41:37z: BME280 (0x76)
 0h00:03.086 2021/06/08T03:41:37z: 10:52:1c:4c:86:4
 0h00:03.088 2021/06/08T03:41:37z: SSID: Apollonia Students Halls
 0h00:03.093 2021/06/08T03:41:37z: AP_STAR tmr
 ets Jan  8 2013,rst cause:1, boot mode:(3,7)

load 0x4010f000, len 1384, room 16 
tail 8
chksum 0x2d
csum 0x2d
v8b899c12
~ld


6.01
 0h00:03.047 2021/06/08T04:01:33z: DS3231
 0h00:03.063 2021/06/08T04:01:33z: BME280 (0x76)
 0h00:03.077 2021/06/08T04:01:33z: 10:52:1c:4c:86:4
 0h00:03.078 2021/06/08T04:01:33z: SSID: Apollonia Students Halls
 0h00:03.084 2021/06/08T04:01:33z: AP_STAR tmr
 ets Jan  8 2013,rst cause:1, boot mode:(3,7)

load 0x4010f000, len 1384, room 16 
tail 8
chksum 0x2d
csum 0x2d
v8b899c12
~ld


6.01
 0h00:03.054 2021/06/08T04:21:29z: DS3231
 0h00:03.070 2021/06/08T04:21:29z: BME280 (0x76)
 0h00:03.084 2021/06/08T04:21:29z: 10:52:1c:4c:86:4
 0h00:03.085 2021/06/08T04:21:29z: SSID: Apollonia Students Halls
 0h00:03.091 2021/06/08T04:21:29z: AP_STAR tmr
 ets Jan  8 2013,rst cause:1, boot mode:(3,7)

load 0x4010f000, len 1384, room 16 
tail 8
chksum 0x2d
csum 0x2d
v8b899c12
~ld


6.01
 0h00:03.064 2021/06/08T04:41:25z: DS3231
 0h00:03.079 2021/06/08T04:41:25z: BME280 (0x76)
 0h00:03.094 2021/06/08T04:41:25z: 10:52:1c:4c:86:4
 0h00:03.095 2021/06/08T04:41:25z: SSID: Apollonia Students Halls
 0h00:03.100 2021/06/08T04:41:25z: AP_STAR tmr
 ets Jan  8 2013,rst cause:1, boot mode:(3,7)

load 0x4010f000, len 1384, room 16 
tail 8
chksum 0x2d
csum 0x2d
v8b899c12
~ld


6.01
 0h00:03.052 2021/06/08T05:01:21z: DS3231
 0h00:03.068 2021/06/08T05:01:21z: BME280 (0x76)
 0h00:03.082 2021/06/08T05:01:21z: 10:52:1c:4c:86:4
 0h00:03.083 2021/06/08T05:01:21z: SSID: Apollonia Students Halls
 0h00:03.089 2021/06/08T05:01:21z: AP_STAR tmr
 ets Jan  8 2013,rst cause:1, boot mode:(3,7)

load 0x4010f000, len 1384, room 16 
tail 8
chksum 0x2d
csum 0x2d
v8b899c12
~ld


6.01
 0h00:03.059 2021/06/08T05:21:17z: DS3231
 0h00:03.075 2021/06/08T05:21:17z: BME280 (0x76)
 0h00:03.089 2021/06/08T05:21:17z: 10:52:1c:4c:86:4
 0h00:03.091 2021/06/08T05:21:17z: SSID: Apollonia Students Halls
 0h00:03.096 2021/06/08T05:21:17z: AP_STAR tmr
 ets Jan  8 2013,rst cause:1, boot mode:(3,7)

load 0x4010f000, len 1384, room 16 
tail 8
chksum 0x2d
csum 0x2d
v8b899c12
~ld


6.01
 0h00:03.068 2021/06/08T05:41:14z: DS3231
 0h00:03.083 2021/06/08T05:41:14z: BME280 (0x76)
 0h00:03.097 2021/06/08T05:41:14z: 10:52:1c:4c:86:4
 0h00:03.099 2021/06/08T05:41:14z: SSID: Apollonia Students Halls
 0h00:03.104 2021/06/08T05:41:14z: AP_STAR tmr
 ets Jan  8 2013,rst cause:1, boot mode:(3,7)

load 0x4010f000, len 1384, room 16 
tail 8
chksum 0x2d
csum 0x2d
v8b899c12
~ld


6.01
 0h00:03.066 2021/06/08T06:01:10z: DS3231
 0h00:03.082 2021/06/08T06:01:10z: BME280 (0x76)
 0h00:03.096 2021/06/08T06:01:10z: 10:52:1c:4c:86:4
 0h00:03.098 2021/06/08T06:01:10z: SSID: Apollonia Students Halls
 0h00:03.103 2021/06/08T06:01:10z: AP_STAR tmr
 ets Jan  8 2013,rst cause:1, boot mode:(3,7)

load 0x4010f000, len 1384, room 16 
tail 8
chksum 0x2d
csum 0x2d
v8b899c12
~ld


6.01
 0h00:03.071 2021/06/08T06:21:06z: DS3231
 0h00:03.086 2021/06/08T06:21:06z: BME280 (0x76)
 0h00:03.100 2021/06/08T06:21:06z: 10:52:1c:4c:86:4
 0h00:03.102 2021/06/08T06:21:06z: SSID: Apollonia Students Halls
 0h00:03.107 2021/06/08T06:21:06z: AP_STAR tmr
 ets Jan  8 2013,rst cause:1, boot mode:(3,7)

load 0x4010f000, len 1384, room 16 
tail 8
chksum 0x2d
csum 0x2d
v8b899c12
~ld


6.01
 0h00:03.053 2021/06/08T06:41:03z: DS3231
 0h00:03.069 2021/06/08T06:41:03z: BME280 (0x76)
 0h00:03.083 2021/06/08T06:41:03z: 10:52:1c:4c:86:4
 0h00:03.085 2021/06/08T06:41:03z: SSID: Apollonia Students Halls
 0h00:03.090 2021/06/08T06:41:03z: AP_STAR tmr
 ets Jan  8 2013,rst cause:1, boot mode:(3,7)

load 0x4010f000, len 1384, room 16 
tail 8
chksum 0x2d
csum 0x2d
v8b899c12
~ld


6.01
 0h00:03.053 2021/06/08T07:00:59z: DS3231
 0h00:03.068 2021/06/08T07:00:59z: BME280 (0x76)
 0h00:03.082 2021/06/08T07:00:59z: 10:52:1c:4c:86:4
 0h00:03.084 2021/06/08T07:00:59z: SSID: Apollonia Students Halls
 0h00:03.089 2021/06/08T07:00:59z: AP_STAR tmr
 ets Jan  8 2013,rst cause:1, boot mode:(3,7)

load 0x4010f000, len 1384, room 16 
tail 8
chksum 0x2d
csum 0x2d
v8b899c12
~ld


6.01
 0h00:03.051 2021/06/08T07:20:55z: DS3231
 0h00:03.066 2021/06/08T07:20:55z: BME280 (0x76)
 0h00:03.080 2021/06/08T07:20:55z: 10:52:1c:4c:86:4
 0h00:03.082 2021/06/08T07:20:55z: SSID: Apollonia Students Halls
 0h00:03.087 2021/06/08T07:20:55z: AP_STAR tmr
 ets Jan  8 2013,rst cause:1, boot mode:(3,7)

load 0x4010f000, len 1384, room 16 
tail 8
chksum 0x2d
csum 0x2d
v8b899c12
~ld


6.01
 0h00:03.051 2021/06/08T07:40:51z: DS3231
 0h00:03.066 2021/06/08T07:40:51z: BME280 (0x76)
 0h00:03.080 2021/06/08T07:40:51z: 10:52:1c:4c:86:4
 0h00:03.082 2021/06/08T07:40:51z: SSID: Apollonia Students Halls
 0h00:03.087 2021/06/08T07:40:51z: AP_STAR tmr
 ets Jan  8 2013,rst cause:1, boot mode:(3,7)

load 0x4010f000, len 1384, room 16 
tail 8
chksum 0x2d
csum 0x2d
v8b899c12
~ld


6.01
 0h00:03.051 2021/06/08T08:00:47z: DS3231
 0h00:03.066 2021/06/08T08:00:47z: BME280 (0x76)
 0h00:03.080 2021/06/08T08:00:47z: 10:52:1c:4c:86:4
 0h00:03.082 2021/06/08T08:00:47z: SSID: Apollonia Students Halls
 0h00:03.087 2021/06/08T08:00:47z: AP_STAR tmr
 ets Jan  8 2013,rst cause:1, boot mode:(3,7)

load 0x4010f000, len 1384, room 16 
tail 8
chksum 0x2d
csum 0x2d
v8b899c12
~ld


6.01
 0h00:03.066 2021/06/08T08:20:43z: DS3231
 0h00:03.082 2021/06/08T08:20:43z: BME280 (0x76)
 0h00:03.096 2021/06/08T08:20:43z: 10:52:1c:4c:86:4
 0h00:03.097 2021/06/08T08:20:43z: SSID: Apollonia Students Halls
 0h00:03.103 2021/06/08T08:20:43z: AP_STAR tmr
 ets Jan  8 2013,rst cause:1, boot mode:(3,7)

load 0x4010f000, len 1384, room 16 
tail 8
chksum 0x2d
csum 0x2d
v8b899c12
~ld


6.01
 0h00:03.075 2021/06/08T08:40:39z: DS3231
 0h00:03.090 2021/06/08T08:40:39z: BME280 (0x76)
 0h00:03.104 2021/06/08T08:40:39z: 10:52:1c:4c:86:4
 0h00:03.106 2021/06/08T08:40:39z: SSID: Apollonia Students Halls
 0h00:03.111 2021/06/08T08:40:39z: AP_STAR tmr
 ets Jan  8 2013,rst cause:1, boot mode:(3,7)

load 0x4010f000, len 1384, room 16 
tail 8
chksum 0x2d
csum 0x2d
v8b899c12
~ld


6.01
 0h00:03.082 2021/06/08T09:00:36z: DS3231
 0h00:03.097 2021/06/08T09:00:36z: BME280 (0x76)
 0h00:03.111 2021/06/08T09:00:36z: 10:52:1c:4c:86:4
 0h00:03.113 2021/06/08T09:00:36z: SSID: Apollonia Students Halls
 0h00:03.118 2021/06/08T09:00:36z: AP_STAR tmr
 ets Jan  8 2013,rst cause:1, boot mode:(3,7)

load 0x4010f000, len 1384, room 16 
tail 8
chksum 0x2d
csum 0x2d
v8b899c12
~ld


6.01
 0h00:03.057 2021/06/08T09:20:32z: DS3231
 0h00:03.072 2021/06/08T09:20:32z: BME280 (0x76)
 0h00:03.086 2021/06/08T09:20:32z: 10:52:1c:4c:86:4
 0h00:03.088 2021/06/08T09:20:32z: SSID: Apollonia Students Halls
 0h00:03.093 2021/06/08T09:20:32z: AP_STAR tmr
 ets Jan  8 2013,rst cause:1, boot mode:(3,7)

load 0x4010f000, len 1384, room 16 
tail 8
chksum 0x2d
csum 0x2d
v8b899c12
~ld


6.01
 0h00:03.047 2021/06/08T09:40:28z: DS3231
 0h00:03.062 2021/06/08T09:40:28z: BME280 (0x76)
 0h00:03.076 2021/06/08T09:40:28z: 10:52:1c:4c:86:4
 0h00:03.078 2021/06/08T09:40:28z: SSID: Apollonia Students Halls
 0h00:03.083 2021/06/08T09:40:28z: AP_STAR tmr
 ets Jan  8 2013,rst cause:1, boot mode:(3,7)

load 0x4010f000, len 1384, room 16 
tail 8
chksum 0x2d
csum 0x2d
v8b899c12
~ld


6.01
 0h00:03.053 2021/06/08T10:00:24z: DS3231
 0h00:03.068 2021/06/08T10:00:24z: BME280 (0x76)
 0h00:03.083 2021/06/08T10:00:24z: 10:52:1c:4c:86:4
 0h00:03.084 2021/06/08T10:00:24z: SSID: Apollonia Students Halls
 0h00:03.089 2021/06/08T10:00:24z: AP_STA