R tmr
 ets Jan  8 2013,rst cause:1, boot mode:(3,7)

load 0x4010f000, len 1384, room 16 
tail 8
chksum 0x2d
csum 0x2d
v8b899c12
~ld


6.01
 0h00:03.051 2021/06/07T04:46:03z: DS3231
 0h00:03.067 2021/06/07T04:46:03z: BME280 (0x76)
 0h00:03.081 2021/06/07T04:46:03z: 10:52:1c:4c:86:4
 0h00:03.082 2021/06/07T04:46:03z: SSID: Apollonia Students Halls
 0h00:03.088 2021/06/07T04:46:03z: AP_STAR tmr
 ets Jan  8 2013,rst cause:1, boot mode:(3,7)

load 0x4010f000, len 1384, room 16 
tail 8
chksum 0x2d
csum 0x2d
v8b899c12
~ld


6.01
 0h00:03.063 2021/06/07T05:05:58z: DS3231
 0h00:03.078 2021/06/07T05:05:58z: BME280 (0x76)
 0h00:03.092 2021/06/07T05:05:58z: 10:52:1c:4c:86:4
 0h00:03.094 2021/06/07T05:05:58z: SSID: Apollonia Students Halls
 0h00:03.099 2021/06/07T05:05:58z: AP_STAR tmr
 ets Jan  8 2013,rst cause:1, boot mode:(3,7)

load 0x4010f000, len 1384, room 16 
tail 8
chksum 0x2d
csum 0x2d
v8b899c12
~ld


6.01
 0h00:03.052 2021/06/07T05:25:54z: DS3231
 0h00:03.067 2021/06/07T05:25:54z: BME280 (0x76)
 0h00:03.081 2021/06/07T05:25:54z: 10:52:1c:4c:86:4
 0h00:03.083 2021/06/07T05:25:54z: SSID: Apollonia Students Halls
 0h00:03.088 2021/06/07T05:25:54z: AP_STAR tmr
 ets Jan  8 2013,rst cause:1, boot mode:(3,7)

load 0x4010f000, len 1384, room 16 
tail 8
chksum 0x2d
csum 0x2d
v8b899c12
~ld


6.01
 0h00:03.057 2021/06/07T05:45:50z: DS3231
 0h00:03.072 2021/06/07T05:45:50z: BME280 (0x76)
 0h00:03.086 2021/06/07T05:45:50z: 10:52:1c:4c:86:4
 0h00:03.088 2021/06/07T05:45:50z: SSID: Apollonia Students Halls
 0h00:03.093 2021/06/07T05:45:50z: AP_STAR tmr
 ets Jan  8 2013,rst cause:1, boot mode:(3,7)

load 0x4010f000, len 1384, room 16 
tail 8
chksum 0x2d
csum 0x2d
v8b899c12
~ld


6.01
 0h00:03.067 2021/06/07T06:05:46z: DS3231
 0h00:03.082 2021/06/07T06:05:46z: BME280 (0x76)
 0h00:03.097 2021/06/07T06:05:46z: 10:52:1c:4c:86:4
 0h00:03.098 2021/06/07T06:05:46z: SSID: Apollonia Students Halls
 0h00:03.103 2021/06/07T06:05:46z: AP_STAR tmr
 ets Jan  8 2013,rst cause:1, boot mode:(3,7)

load 0x4010f000, len 1384, room 16 
tail 8
chksum 0x2d
csum 0x2d
v8b899c12
~ld


6.01
 0h00:03.077 2021/06/07T06:25:42z: DS3231
 0h00:03.092 2021/06/07T06:25:42z: BME280 (0x76)
 0h00:03.106 2021/06/07T06:25:42z: 10:52:1c:4c:86:4
 0h00:03.108 2021/06/07T06:25:42z: SSID: Apollonia Students Halls
 0h00:03.113 2021/06/07T06:25:42z: AP_STAR tmr
 ets Jan  8 2013,rst cause:1, boot mode:(3,7)

load 0x4010f000, len 1384, room 16 
tail 8
chksum 0x2d
csum 0x2d
v8b899c12
~ld


6.01
 0h00:03.041 2021/06/07T06:45:38z: DS3231
 0h00:03.056 2021/06/07T06:45:38z: BME280 (0x76)
 0h00:03.071 2021/06/07T06:45:38z: 10:52:1c:4c:86:4
 0h00:03.072 2021/06/07T06:45:38z: SSID: Apollonia Students Halls
 0h00:03.077 2021/06/07T06:45:38z: AP_STAR tmr
 ets Jan  8 2013,rst cause:1, boot mode:(3,7)

load 0x4010f000, len 1384, room 16 
tail 8
chksum 0x2d
csum 0x2d
v8b899c12
~ld


6.01
 0h00:03.049 2021/06/07T07:05:34z: DS3231
 0h00:03.064 2021/06/07T07:05:34z: BME280 (0x76)
 0h00:03.079 2021/06/07T07:05:34z: 10:52:1c:4c:86:4
 0h00:03.080 2021/06/07T07:05:34z: SSID: Apollonia Students Halls
 0h00:03.085 2021/06/07T07:05:34z: AP_STAR tmr
 ets Jan  8 2013,rst cause:1, boot mode:(3,7)

load 0x4010f000, len 1384, room 16 
tail 8
chksum 0x2d
csum 0x2d
v8b899c12
~ld


6.01
 0h00:03.047 2021/06/07T07:25:30z: DS3231
 0h00:03.062 2021/06/07T07:25:30z: BME280 (0x76)
 0h00:03.076 2021/06/07T07:25:30z: 10:52:1c:4c:86:4
 0h00:03.078 2021/06/07T07:25:30z: SSID: Apollonia Students Halls
 0h00:03.083 2021/06/07T07:25:30z: AP_STAR tmr
 ets Jan  8 2013,rst cause:1, boot mode:(3,7)

load 0x4010f000, len 1384, room 16 
tail 8
chksum 0x2d
csum 0x2d
v8b899c12
~ld


6.01
 0h00:03.046 2021/06/07T07:45:27z: DS3231
 0h00:03.061 2021/06/07T07:45:27z: BME280 (0x76)
 0h00:03.075 2021/06/07T07:45:27z: 10:52:1c:4c:86:4
 0h00:03.077 2021/06/07T07:45:27z: SSID: Apollonia Students Halls
 0h00:03.082 2021/06/07T07:45:27z: AP_STAR tmr
 ets Jan  8 2013,rst cause:1, boot mode:(3,7)

load 0x4010f000, len 1384, room 16 
tail 8
chksum 0x2d
csum 0x2d
v8b899c12
~ld


6.01
 0h00:03.047 2021/06/07T08:05:23z: DS3231
 0h00:03.062 2021/06/07T08:05:23z: BME280 (0x76)
 0h00:03.077 2021/06/07T08:05:23z: 10:52:1c:4c:86:4
 0h00:03.078 2021/06/07T08:05:23z: SSID: Apollonia Students Halls
 0h00:03.083 2021/06/07T08:05:23z: AP_STAR tmr
 ets Jan  8 2013,rst cause:1, boot mode:(3,7)

load 0x4010f000, len 1384, room 16 
tail 8
chksum 0x2d
csum 0x2d
v8b899c12
~ld


6.01
 0h00:03.060 2021/06/07T08:25:20z: DS3231
 0h00:03.076 2021/06/07T08:25:20z: BME280 (0x76)
 0h00:03.090 2021/06/07T08:25:20z: 10:52:1c:4c:86:4
 0h00:03.092 2021/06/07T08:25:20z: SSID: Apollonia Students Halls
 0h00:03.097 2021/06/07T08:25:20z: AP_STAR tmr
 ets Jan  8 2013,rst cause:1, boot mode:(3,7)

load 0x4010f000, len 1384, room 16 
tail 8
chksum 0x2d
csum 0x2d
v8b899c12
~ld


6.01
 0h00:03.060 2021/06/07T08:45:16z: DS3231
 0h00:03.075 2021/06/07T08:45:16z: BME280 (0x76)
 0h00:03.089 2021/06/07T08:45:16z: 10:52:1c:4c:86:4
 0h00:03.091 2021/06/07T08:45:16z: SSID: Apollonia Students Halls
 0h00:03.096 2021/06/07T08:45:16z: AP_STAR tmr
 ets Jan  8 2013,rst cause:1, boot mode:(3,7)

load 0x4010f000, len 1384, room 16 
tail 8
chksum 0x2d
csum 0x2d
v8b899c12
~ld


6.01
 0h00:03.081 2021/06/07T09:05:12z: DS3231
 0h00:03.097 2021/06/07T09:05:12z: BME280 (0x76)
 0h00:03.111 2021/06/07T09:05:12z: 10:52:1c:4c:86:4
 0h00:03.112 2021/06/07T09:05:12z: SSID: Apollonia Students Halls
 0h00:03.118 2021/06/07T09:05:12z: AP_STAR tmr
 ets Jan  8 2013,rst cause:1, boot mode:(3,7)

load 0x4010f000, len 1384, room 16 
tail 8
chksum 0x2d
csum 0x2d
v8b899c12
~ld


6.01
 0h00:03.051 2021/06/07T09:25:09z: DS3231
 0h00:03.067 2021/06/07T09:25:09z: BME280 (0x76)
 0h00:03.081 2021/06/07T09:25:09z: 10:52:1c:4c:86:4
 0h00:03.083 2021/06/07T09:25:09z: SSID: Apollonia Students Halls
 0h00:03.088 2021/06/07T09:25:09z: AP_STAR tmr
 ets Jan  8 2013,rst cause:1, boot mode:(3,7)

load 0x4010f000, len 1384, room 16 
tail 8
chksum 0x2d
csum 0x2d
v8b899c12
~ld


6.01
 0h00:03.058 2021/06/07T09:45:05z: DS3231
 0h00:03.073 2021/06/07T09:45:05z: BME280 (0x76)
 0h00:03.087 2021/06/07T09:45:05z: 10:52:1c:4c:86:4
 0h00:03.089 2021/06/07T09:45:05z: SSID: Apollonia Students Halls
 0h00:03.094 2021/06/07T09:45:05z: AP_STAR tmr
 ets Jan  8 2013,rst cause:1, boot mode:(3,7)

load 0x4010f000, len 1384, room 16 
tail 8
chksum 0x2d
csum 0x2d
v8b899c12
~ld


6.01
 0h00:03.059 2021/06/07T10:05:01z: DS3231
 0h00:03.074 2021/06/07T10:05:01z: BME280 (0x76)
 0h00:03.088 2021/06/07T10:05:01z: 10:52:1c:4c:86:4
 0h00:03.090 2021/06/07T10:05:01z: SSID: Apollonia Students Halls
 0h00:03.095 2021/06/07T10:05:01z: AP_STAR tmr
 ets Jan  8 2013,rst cause:1, boot mode:(3,7)

load 0x4010f000, len 1384, room 16 
tail 8
chksum 0x2d
csum 0x2d
v8b899c12
~ld


6.01
 0h00:03.049 2021/06/07T10:24:57z: DS3231
 0h00:03.064 2021/06/07T10:24:57z: BME280 (0x76)
 0h00:03.078 2021/06/07T10:24:57z: 10:52:1c:4c:86:4
 0h00:03.080 2021/06/07T10:24:57z: SSID: Apollonia Students Halls
 0h00:03.085 2021/06/07T10:24:57z: AP_STAR tmr
 ets Jan  8 2013,rst cause:1, boot mode:(3,7)

load 0x4010f000, len 1384, room 16 
tail 8
chksum 0x2d
csum 0x2d
v8b899c12
~ld


6.01
 0h00:03.053 2021/06/07T10:44:53z: DS3231
 0h00:03.068 2021/06/07T10:44:53z: BME280 (0x76)
 0h00:03.083 2021/06/07T10:44:53z: 10:52:1c:4c:86:4
 0h00:03.084 2021/06/07T10:44:53z: SSID: Apollonia Students Halls
 0h00:03.089 2021/06/07T10:44:53z: AP_STAR tmr
 ets Jan  8 2013,rst cause:1, boot mode:(3,7)

load 0x4010f000, len 1384, room 16 
tail 8
chksum 0x2d
csum 0x2d
v8b899c12
~ld


6.01
 0h00:03.051 2021/06/07T11:04:49z: DS3231
 0h00:03.066 2021/06/07T11:04:49z: BME280 (0x76)
 0h00:03.080 2021/06/07T11:04:49z: 10:52:1c:4c:86:4
 0h00:03.082 2021/06/07T11:04:49z: SSID: Apollonia Students Halls
 0h00:03.087 2021/06/07T11:04:49z: AP_STAR tmr
 ets Jan  8 2013,rst cause:1, boot mode:(3,7)

load 0x4010f000, len 1384, room 16 
tail 8
chksum 0x2d
csum 0x2d
v8b899c12
~ld


6.01
 0h00:03.040 2021/06/07T11:24:46z: DS3231
 0h00:03.055 2021/06/07T11:24:46z: BME280 (0x76)
 0h00:03.070 2021/06/07T11:24:46z: 10:52:1c:4c:86:4
 0h00:03.071 2021/06/07T11:24:46z: SSID: Apollonia Students Halls
 0h00:03.076 2021/06/07T11:24:46z: AP_STAR tmr
 ets Jan  8 2013,rst cause:1, boot mode:(3,7)

load 0x4010f000, len 1384, room 16 
tail 8
chksum 0x2d
csum 0x2d
v8b899c12
~ld


6.01
 0h00:03.046 2021/06/07T11:44:41z: DS3231
 0h00:03.061 2021/06/07T11:44:41z: BME280 (0x76)
 0h00:03.075 2021/06/07T11:44:41z: 10:52:1c:4c:86:4
 0h00:03.077 2021/06/07T11:44:41z: SSID: Apollonia Students Halls
 0h00:03.082 2021/06/07T11:44:41z: AP_STAR tmr
 ets Jan  8 2013,rst cause:1, boot mode:(3,7)

load 0x4010f000, len 1384, room 16 
tail 8
chksum 0x2d
csum 0x2d
v8b899c12
~ld


6.01
 0h00:03.052 2021/06/07T12:04:37z: DS3231
 0h00:03.067 2021/06/07T12:04:37z: BME280 (0x76)
 0h00:03.082 2021/06/07T12:04:37z: 10:52:1c:4c:86:4
 0h00:03.083 2021/06/07T12:04:37z: SSID: Apollonia Students Halls
 0h00:03.088 2021/06/07T12:04:37z: AP_STAR tmr
 ets Jan  8 2013,rst cause:1, boot mode:(3,7)

load 0x4010f000, len 1384, room 16 
tail 8
chksum 0x2d
csum 0x2d
v8b899c12
~ld


6.01
 0h00:03.046 2021/06/07T12:24:34z: DS3231
 0h00:03.061 2021/06/07T12:24:34z: BME280 (0x76)
 0h00:03.075 2021/06/07T12:24:34z: 10:52:1c:4c:86:4
 0h00:03.077 2021/06/07T12:24:34z: SSID: Apollonia Students Halls
 0h00:03.082 2021/06/07T12:24:34z: AP_STAR tmr
 ets Jan  8 2013,rst cause:1, boot mode:(3,7)

load 0x4010f000, len 1384, room 16 
tail 8
chksum 0x2d
csum 0x2d
v8b899c12
~ld


6.01
 0h00:03.062 2021/06/07T12:44:30z: DS3231
 0h00:03.077 2021/06/07T12:44:30z: BME280 (0x76)
 0h00:03.091 2021/06/07T12:44:30z: 10:52:1c:4c:86:4
 0h00:03.093 2021/06/07T12:44:30z: SSID: Apollonia Students Halls
 0h00:03.098 2021/06/07T12:44:30z: AP_STAR tmr
 ets Jan  8 2013,rst cause:1, boot mode:(3,7)

load 0x4010f000, len 1384, room 16 
tail 8
chksum 0x2d
csum 0x2d
v8b899c12
~ld


6.01
 0h00:03.065 2021/06/07T13:04:26z: DS3231
 0h00:03.081 2021/06/07T13:04:26z: BME280 (0x76)
 0h00:03.095 2021/06/07T13:04:26z: 10:52:1c:4c:86:4
 0h00:03.096 2021/06/07T13:04:26z: SSID: Apollonia Students Halls
 0h00:03.102 2021/06/07T13:04:26z: AP_STAR tmr
 ets Jan  8 2013,rst cause:1, boot mode:(3,7)

load 0x4010f000, len 1384, room 16 
tail 8
chksum 0x2d
csum 0x2d
v8b899c12
~ld


6.01
 0h00:03.065 2021/06/07T13:24:22z: DS3231
 0h00:03.080 2021/06/07T13:24:22z: BME280 (0x76)
 0h00:03.094 2021/06/07T13:24:22z: 10:52:1c:4c:86:4
 0h00:03.096 2021/06/07T13:24:22z: SSID: Apollonia Students Halls
 0h00:03.101 2021/06/07T13:24:22z: AP_STAR tmr
 ets Jan  8 2013,rst cause:1, boot mode:(3,7)

load 0x4010f000, len 1384, room 16 
tail 8
chksum 0x2d
csum 0x2d
v8b899c12
~ld


6.01
 0h00:03.077 2021/06/07T13:44:18z: DS3231
 0h00:03.092 2021/06/07T13:44:18z: BME280 (0x76)
 0h00:03.106 2021/06/07T13:44:18z: 10:52:1c:4c:86:4
 0h00:03.108 2021/06/07T13:44:18z: SSID: Apollonia Students Halls
 0h00:03.113 2021/06/07T13:44:18z: AP_STAR tmr
 ets Jan  8 2013,rst cause:1, boot mode:(3,7)

load 0x4010f000, len 1384, room 16 
tail 8
chksum 0x2d
csum 0x2d
v8b899c12
~ld


6.01
 0h00:03.045 2021/06/07T14:04:14z: DS3231
 0h00:03.060 2021/06/07T14:04:14z: BME280 (0x76)
 0h00:03.075 2021/06/07T14:04:14z: 10:52:1c:4c:86:4
 0h00:03.076 2021/06/07T14:04:14z: SSID: Apollonia Students Halls
 0h00:03.081 2021/06/07T14:04:14z: AP_STAR tmr
 ets Jan  8 2013,rst cause:1, boot mode:(3,7)

load 0x4010f000, len 1384, room 16 
tail 8
chksum 0x2d
csum 0x2d
v8b899c12
~ld


6.01
 0h00:03.048 2021/06/07T14:24:10z: DS3231
 0h00:03.064 2021/06/07T14:24:10z: BME280 (0x76)
 0h00:03.078 2021/06/07T14:24:10z: 10:52:1c:4c:86:4
 0h00:03.079 2021/06/07T14:24:10z: SSID: Apollonia Students Halls
 0h00:03.085 2021/06/07T14:24:10z: AP_STAR tmr
 ets Jan  8 2013,rst cause:1, boot mode:(3,7)

load 0x4010f000, len 1384, room 16 
tail 8
chksum 0x2d
csum 0x2d
v8b899c12
~ld


6.01
 0h00:03.053 2021/06/07T14:44:06z: DS3231
 0h00:03.068 2021/06/07T14:44:06z: BME280 (0x76)
 0h00:03.082 2021/06/07T14:44:06z: 10:52:1c:4c:86:4
 0h00:03.084 2021/06/07T14:44:06z: SSID: Apollonia Students Halls
 0h00:03.089 2021/06/07T14:44:06z: AP_STAR tmr
 ets Jan  8 2013,rst cause:1, boot mode:(3,7)

load 0x4010f000, len 1384, room 16 
tail 8
chksum 0x2d
csum 0x2d
v8b899c12
~ld


6.01
 0h00:03.052 2021/06/07T15:04:02z: DS3231
 0h00:03.068 2021/06/07T15:04:02z: BME280 (0x76)
 0h00:03.082 2021/06/07T15:04:02z: 10:52:1c:4c:86:4
 0h00:03.084 2021/06/07T15:04:02z: SSID: Apollonia Students Halls
 0h00:03.089 2021/06/07T15:04:02z: AP_STAR tmr
 ets Jan  8 2013,rst cause:1, boot mode:(3,7)

load 0x4010f000, len 1384, room 16 
tail 8
chksum 0x2d
csum 0x2d
v8b899c12
~ld


6.01
 0h00:03.055 2021/06/07T15:23:58z: DS3231
 0h00:03.070 2021/06/07T15:23:58z: BME280 (0x76)
 0h00:03.084 2021/06/07T15:23:58z: 10:52:1c:4c:86:4
 0h00:03.086 2021/06/07T15:23:58z: SSID: Apollonia Students Halls
 0h00:03.091 2021/06/07T15:23:58z: AP_STAR tmr
 ets Jan  8 2013,rst cause:1, boot mode:(3,7)

load 0x4010f000, len 1384, room 16 
tail 8
chksum 0x2d
csum 0x2d
v8b899c12
~ld


6.01
 0h00:03.069 2021/06/07T15:43:55z: DS3231
 0h00:03.084 2021/06/07T15:43:55z: BME280 (0x76)
 0h00:03.099 2021/06/07T15:43:55z: 10:52:1c:4c:86:4
 0h00:03.100 2021/06/07T15:43:55z: SSID: Apollonia Students Halls
 0h00:03.105 2021/06/07T15:43:55z: AP_STAR tmr
 ets Jan  8 2013,rst cause:1, boot mode:(3,7)

load 0x4010f000, len 1384, room 16 
tail 8
chksum 0x2d
csum 0x2d
v8b899c12
~ld


6.01
 0h00:03.070 2021/06/07T16:03:51z: DS3231
 0h00:03.085 2021/06/07T16:03:51z: BME280 (0x76)
 0h00:03.099 2021/06/07T16:03:51z: 10:52:1c:4c:86:4
 0h00:03.101 2021/06/07T16:03:51z: SSID: Apollonia Students Halls
 0h00:03.106 2021/06/07T16:03:51z: AP_STAR tmr
 ets Jan  8 2013,rst cause:1, boot mode:(3,7)

load 0x4010f000, len 1384, room 16 
tail 8
chksum 0x2d
csum 0x2d
v8b899c12
~ld


6.01
 0h00:03.084 2021/06/07T16:23:47z: DS3231
 0h00:03.099 2021/06/07T16:23:47z: BME280 (0x76)
 0h00:03.113 2021/06/07T16:23:47z: 10:52:1c:4c:86:4
 0h00:03.115 2021/06/07T16:23:47z: SSID: Apollonia Students Halls
 0h00:03.120 2021/06/07T16:23:47z: AP_STAR tmr
 ets Jan  8 2013,rst cause:1, boot mode:(3,7)

load 0x4010f000, len 1384, room 16 
tail 8
chksum 0x2d
csum 0x2d
v8b899c12
~ld


6.01
 0h00:03.054 2021/06/07T16:43:43z: DS3231
 0h00:03.069 2021/06/07T16:43:43z: BME280 (0x76)
 0h00:03.083 2021/06/07T16:43:43z: 10:52:1c:4c:86:4
 0h00:03.085 2021/06/07T16:43:43z: SSID: Apollonia Students Halls
 0h00:03.090 2021/06/07T16:43:43z: AP_STAR tmr
 ets Jan  8 2013,rst cause:1, boot mode:(3,7)

load 0x4010f000, len 1384, room 16 
tail 8
chksum 0x2d
csum 0x2d
v8b899c12
~ld


6.01
 0h00:03.052 2021/06/07T17:03:39z: DS3231
 0h00:03.068 2021/06/07T17:03:39z: BME280 (0x76)
 0h00:03.082 2021/06/07T17:03:39z: 10:52:1c:4c:86:4
 0h00:03.084 2021/06/07T17:03:39z: SSID: Apollonia Students Halls
 0h00:03.089 2021/06/07T17:03:39z: AP_STAR tmr
 ets Jan  8 2013,rst cause:1, boot mode:(3,7)

load 0x4010f000, len 1384, room 16 
tail 8
chksum 0x2d
csum 0x2d
v8b899c12
~ld


6.01
 0h00:03.060 2021/06/07T17:23:36z: DS3231
 0h00:03.076 2021/06/07T17:23:36z: BME280 (0x76)
 0h00:03.090 2021/06/07T17:23:36z: 10:52:1c:4c:86:4
 0h00:03.092 2021/06/07T17:23:36z: SSID: Apollonia Students Halls
 0h00:03.097 2021/06/07T17:23:36z: AP_STAR tmr
 ets Jan  8 2013,rst cause:1, boot mode:(3,7)

load 0x4010f000, len 1384, room 16 
tail 8
chksum 0x2d
csum 0x2d
v8b899c12
~ld


6.01
 0h00:03.059 2021/06/07T17:43:33z: DS3231
 0h00:03.074 2021/06/07T17:43:33z: BME280 (0x76)
 0h00:03.088 2021/06/07T17:43:33z: 10:52:1c:4c:86:4
 0h00:03.090 2021/06/07T17:43:33z: SSID: Apollonia Students Halls
 0h00:03.095 2021/06/07T17:43:33z: AP_STAR tmr
 ets Jan  8 2013,rst cause:1, boot mode:(3,7)

load 0x4010f000, len 1384, room 16 
tail 8
chksum 0x2d
csum 0x2d
v8b899c12
~ld


6.01
 0h00:03.056 2021/06/07T18:03:29z: DS3231
 0h00:03.071 2021/06/07T18:03:29z: BME280 (0x76)
 0h00:03.086 2021/06/07T18:03:29z: 10:52:1c:4c:86:4
 0h00:03.087 2021/06/07T18:03:29z: SSID: Apollonia Students Halls
 0h00:03.092 2021/06/07T18:03:29z: AP_STAR tmr
 ets Jan  8 2013,rst cause:1, boot mode:(3,7)

load 0x4010f000, len 1384, room 16 
tail 8
chksum 0x2d
csum 0x2d
v8b899c12
~ld


6.01
 0h00:03.064 2021/06/07T18:23:25z: DS3231
 0h00:03.079 2021/06/07T18:23:25z: BME280 (0x76)
 0h00:03.094 2021/06/07T18:23:25z: 10:52:1c:4c:86:4
 0h00:03.095 2021/06/07T18:23:25z: SSID: Apollonia Students Halls
 0h00:03.100 2021/06/07T18:23:25z: AP_STAR tmr
 ets Jan  8 2013,rst cause:1, boot mode:(3,7)

load 0x4010f000, len 1384, room 16 
tail 8
chksum 0x2d
csum 0x2d
v8b899c12
~ld


6.01
 0h00:03.068 2021/06/07T18:43:21z: DS3231
 0h00:03.083 2021/06/07T18:43:21z: BME280 (0x76)
 0h00:03.097 2021/06/07T18:43:21z: 10:52:1c:4c:86:4
 0h00:03.099 2021/06/07T18:43:21z: SSID: Apollonia Students Halls
 0h00:03.104 2021/06/07T18:43:21z: AP_STAR tmr
 ets Jan  8 2013,rst cause:1, boot mode:(3,7)

load 0x4010f000, len 1384, room 16 
tail 8
chksum 0x2d
csum 0x2d
v8b899c12
~ld


6.01
 0h00:03.079 2021/06/07T19:03:17z: DS3231
 0h00:03.094 2021/06/07T19:03:17z: BME280 (0x76)
 0h00:03.109 2021/06/07T19:03:17z: 10:52:1c:4c:86:4
 0h00:03.110 2021/06/07T19:03:17z: SSID: Apollonia Students Halls
 0h00:03.115 2021/06/07T19:03:17z: AP_STAR tmr
 ets Jan  8 2013,rst cause:1, boot mode:(3,7)

load 0x4010f000, len 1384, room 16 
tail 8
chksum 0x2d
csum 0x2d
v8b899c12
~ld


6.01
 0h00:03.055 2021/06/07T19:23:14z: DS3231
 0h00:03.071 2021/06/07T19:23:14z: BME280 (0x76)
 0h00:03.085 2021/06/07T19:23:14z: 10:52:1c:4c:86:4
 0h00:03.087 2021/06/07T19:23:14z: SSID: Apollonia Students Halls
 0h00:03.092 2021/06/07T19:23:14z: AP_STAR tmr
 ets Jan  8 2013,rst cause:1, boot mode:(3,7)

load 0x4010f000, len 1384, room 16 
tail 8
chksum 0x2d
csum 0x2d
v8b899c12
~ld


6.01
 0h00:03.048 2021/06/07T19:43:10z: DS3231
 0h00:03.064 2021/06/07T19:43:10z: BME280 (0x76)
 0h00:03.078 2021/06/07T19:43:10z: 10:52:1c:4c:86:4
 0h00:03.080 2021/06/07T19:43:10z: SSID: Apollonia Students Halls
 0h00:03.085 2021/06/07T19:43:10z: AP_STAR tmr
 ets Jan  8 2013,rst cause:1, boot mode:(3,7)

load 0x4010f000, len 1384, room 16 
tail 8
chksum 0x2d
csum 0x2d
v8b899c12
~ld


6.01
 0h00:03.048 2021/06/07T20:03:06z: DS3231
 0h00:03.063 2021/06/07T20:03:06z: BME280 (0x76)
 0h00:03.077 2021/06/07T20:03:06z: 10:52:1c:4c:86:4
 0h00:03.079 2021/06/07T20:03:06z: SSID: Apollonia Students Halls
 0h00:03.084 2021/06/07T20:03:06z: AP_STAR tmr
 ets Jan  8 2013,rst cause:1, boot mode:(3,7)

load 0x4010f000, len 1384, room 16 
tail 8
chksum 0x2d
csum 0x2d
v8b899c12
~ld


6.01
 0h00:03.051 2021/06/07T20:23:02z: DS3231
 0h00:03.066 2021/06/07T20:23:02z: BME280 (0x76)
 0h00:03.080 2021/06/07T20:23:02z: 10:52:1c:4c:86:4
 0h00:03.082 2021/06/07T20:23:02z: SSID: Apollonia Students Halls
 0h00:03.087 2021/06/07T20:23:02z: AP_STAR tmr
 ets Jan  8 2013,rst cause:1, boot mode:(3,7)

load 0x4010f000, len 1384, room 16 
tail 8
chksum 0x2d
csum 0x2d
v8b899c12
~ld


6.01
 0h00:03.051 2021/06/07T20:42:58z: DS3231
 0h00:03.066 2021/06/07T20:42:58z: BME280 (0x76)
 0h00:03.080 2021/06/07T20:42:58z: 10:52:1c:4c:86:4
 0h00:03.082 2021/06/07T20:42:58z: SSID: Apollonia Students Halls
 0h00:03.087 2021/06/07T20:42:58z: AP_STAR tmr
 ets Jan  8 2013,rst cause:1, boot mode:(3,7)

load 0x4010f000, len 1384, room 16 
tail 8
chksum 0x2d
csum 0x2d
v8b899c12
~ld


6.01
 0h00:03.062 2021/06/07T21:02:54z: DS3231
 0h00:03.077 2021/06/07T21:02:54z: BME280 (0x76)
 0h00:03.091 2021/06/07T21:02:54z: 10:52:1c:4c:86:4
 0h00:03.093 2021/06/07T21:02:54z: SSID: Apollonia Students Halls
 0h00:03.098 2021/06/07T21:02:54z: AP_STAR tmr
 ets Jan  8 2013,rst cause:1, boot mode:(3,7)

load 0x4010f000, len 1384, room 16 
tail 8
chksum 0x2d
csum 0x2d
v8b899c12
~ld


6.01
 0h00:03.064 2021/06/07T21:22:50z: DS3231
 0h00:03.079 2021/06/07T21:22:50z: BME280 (0x76)
 0h00:03.094 2021/06/07T21:22:50z: 10:52:1c:4c:86:4
 0h00:03.095 2021/06/07T21:22:50z: SSID: Apollonia Students Halls
 0h00:03.100 2021/06/07T21:22:50z: AP_STAR tmr
 ets Jan  8 2013,rst cause:1, boot mode:(3,7)

load 0x4010f000, len 1384, room 16 
tail 8
chksum 0x2d
csum 0x2d
v8b899c12
~ld


6.01
 0h00:03.069 2021/06/07T21:42:46z: DS3231
 0h00:03.085 2021/06/07T21:42:46z: BME280 (0x76)
 0h00:03.099 2021/06/07T21:42:46z: 10:52:1c:4c:86:4
 0h00:03.101 2021/06/07T21:42:46z: SSID: Apollonia Students Halls
 0h00:03.106 2021/06/07T21:42:46z: AP_STAR tmr
 ets Jan  8 2013,rst cause:1, boot mode:(3,7)

load 0x4010f000, len 1384, room 16 
tail 8
chksum 0x2d
csum 0x2d
v8b899c12
~ld


6.01
 0h00:03.042 2021/06/07T22:02:42z: DS3231
 0h00:03.058 2021/06/07T22:02:42z: BME280 (0x76)
 0h00:03.072 2021/06/07T22:02:42z: 10:52:1c:4c:86:4
 0h00:03.074 2021/06/07T22:02:42z: SSID: Apollonia Students Halls
 0h00:03.079 2021/06/07T22:02:42z: AP_STAR tmr
 ets Jan  8 2013,rst cause:1, boot mode:(3,7)

load 0x4010f000, len 1384, room 16 
tail 8
chksum 0x2d
csum 0x2d
v8b899c12
~ld


6.01
 0h00:03.047 2021/06/07T22:22:38z: DS3231
 0h00:03.062 2021/06/07T22:22:38z: BME280 (0x76)
 0h00:03.076 2021/06/07T22:22:38z: 10:52:1c:4c:86:4
 0h00:03.078 2021/06/07T22:22:38z: SSID: Apollonia Students Halls
 0h00:03.083 2021/06/07T22:22:38z: AP_STAR tmr
 ets Jan  8 2013,rst cause:1, boot mode:(3,7)

load 0x4010f000, len 1384, room 16 
tail 8
chksum 0x2d
csum 0x2d
v8b899c12
~ld


6.01
 0h00:03.059 2021/06/07T22:42:35z: DS3231
 0h00:03.074 2021/06/07T22:42:35z: BME280 (0x76)
 0h00:03.088 2021/06/07T22:42:35z: 10:52:1c:4c:86:4
 0h00:03.090 2021/06/07T22:42:35z: SSID: Apollonia Students Halls
 0h00:03.095 2021/06/07T22:42:35z: AP_STAR tmr
 ets Jan  8 2013,rst cause:1, boot mode:(3,7)

load 0x4010f000, len 1384, room 16 
tail 8
chksum 0x2d
csum 0x2d
v8b899c12
~ld


6.01
 0h00:03.054 2021/06/07T23:02:31z: DS3231
 0h00:03.069 2021/06/07T23:02:31z: BME280 (0x76)
 0h00:03.083 2021/06/07T23:02:31z: 10:52:1c:4c:86:4
 0h00:03.085 2021/06/07T23:02:31z: SSID: Apollonia Students Halls
 0h00:03.090 2021/06/07T23:02:31z: AP_STAR tmr
 ets Jan  8 2013,rst cause:1, boot mode:(3,7)

load 0x4010f000, len 1384, room 16 
tail 8
chksum 0x2d
csum 0x2d
v8b899c12
~ld


6.01
 0h00:03.057 2021/06/07T23:22:27z: DS3231
 0h00:03.072 2021/06/07T23:22:27z: BME280 (0x76)
 0h00:03.086 2021/06/07T23:22:27z: 10:52:1c:4c:86:4
 0h00:03.088 2021/06/07T23:22:27z: SSID: Apollonia Students Halls
 0h00:03.093 2021/06/07T23:22:27z: AP_STAR tmr
 ets Jan  8 2013,rst cause:1, boot mode:(3,7)

load 0x4010f000, len 1384, room 16 
tail 8
chksum 0x2d
csum 0x2d
v8b899c12
~ld


6.01
 0h00:03.062 2021/06/07T23:42:23z: DS3231
 0h00:03.077 2021/06/07T23:42:24z: BME280 (0x76)
 0h00:03.091 2021/06/07T23:42:24z: 10:52:1c:4c:86:4
 0h00:03.093 2021/06/07T23:42:24z: SSID: Apollonia Students Halls
 0h00:03.098 2021/06/07T23:42:24z: AP_STA