R tmr
 ets Jan  8 2013,rst cause:1, boot mode:(3,7)

load 0x4010f000, len 1384, room 16 
tail 8
chksum 0x2d
csum 0x2d
v8b899c12
~ld


6.01
 0h00:03.028 2021/05/13T00:19:06z: DS3231
 0h00:03.043 2021/05/13T00:19:06z: BME280 (0x76)
 0h00:03.057 2021/05/13T00:19:06z: 10:52:1c:4c:86:4
 0h00:03.059 2021/05/13T00:19:06z: SSID: Apollonia Students Halls
 0h00:03.064 2021/05/13T00:19:06z: AP_STAR tmr
 ets Jan  8 2013,rst cause:1, boot mode:(3,7)

load 0x4010f000, len 1384, room 16 
tail 8
chksum 0x2d
csum 0x2d
v8b899c12
~ld


6.01
 0h00:03.031 2021/05/13T00:39:02z: DS3231
 0h00:03.047 2021/05/13T00:39:02z: BME280 (0x76)
 0h00:03.061 2021/05/13T00:39:02z: 10:52:1c:4c:86:4
 0h00:03.062 2021/05/13T00:39:02z: SSID: Apollonia Students Halls
 0h00:03.068 2021/05/13T00:39:02z: AP_STAR tmr
 ets Jan  8 2013,rst cause:1, boot mode:(3,7)

load 0x4010f000, len 1384, room 16 
tail 8
chksum 0x2d
csum 0x2d
v8b899c12
~ld


6.01
 0h00:03.029 2021/05/13T00:58:58z: DS3231
 0h00:03.044 2021/05/13T00:58:58z: BME280 (0x76)
 0h00:03.058 2021/05/13T00:58:58z: 10:52:1c:4c:86:4
 0h00:03.060 2021/05/13T00:58:58z: SSID: Apollonia Students Halls
 0h00:03.065 2021/05/13T00:58:58z: AP_STAR tmr
 ets Jan  8 2013,rst cause:1, boot mode:(3,7)

load 0x4010f000, len 1384, room 16 
tail 8
chksum 0x2d
csum 0x2d
v8b899c12
~ld


6.01
 0h00:03.036 2021/05/13T01:18:55z: DS3231
 0h00:03.051 2021/05/13T01:18:55z: BME280 (0x76)
 0h00:03.066 2021/05/13T01:18:55z: 10:52:1c:4c:86:4
 0h00:03.067 2021/05/13T01:18:55z: SSID: Apollonia Students Halls
 0h00:03.072 2021/05/13T01:18:55z: AP_STAR tmr
 ets Jan  8 2013,rst cause:1, boot mode:(3,7)

load 0x4010f000, len 1384, room 16 
tail 8
chksum 0x2d
csum 0x2d
v8b899c12
~ld


6.01
 0h00:03.042 2021/05/13T01:38:52z: DS3231
 0h00:03.058 2021/05/13T01:38:52z: BME280 (0x76)
 0h00:03.072 2021/05/13T01:38:52z: 10:52:1c:4c:86:4
 0h00:03.074 2021/05/13T01:38:52z: SSID: Apollonia Students Halls
 0h00:03.079 2021/05/13T01:38:52z: AP_STAR tmr
 ets Jan  8 2013,rst cause:1, boot mode:(3,7)

load 0x4010f000, len 1384, room 16 
tail 8
chksum 0x2d
csum 0x2d
v8b899c12
~ld


6.01
 0h00:03.040 2021/05/13T01:58:49z: DS3231
 0h00:03.056 2021/05/13T01:58:49z: BME280 (0x76)
 0h00:03.070 2021/05/13T01:58:49z: 10:52:1c:4c:86:4
 0h00:03.072 2021/05/13T01:58:49z: SSID: Apollonia Students Halls
 0h00:03.077 2021/05/13T01:58:49z: AP_STAR tmr
 ets Jan  8 2013,rst cause:1, boot mode:(3,7)

load 0x4010f000, len 1384, room 16 
tail 8
chksum 0x2d
csum 0x2d
v8b899c12
~ld


6.01
 0h00:03.055 2021/05/13T02:18:45z: DS3231
 0h00:03.070 2021/05/13T02:18:45z: BME280 (0x76)
 0h00:03.085 2021/05/13T02:18:45z: 10:52:1c:4c:86:4
 0h00:03.086 2021/05/13T02:18:45z: SSID: Apollonia Students Halls
 0h00:03.091 2021/05/13T02:18:45z: AP_STAR tmr
 ets Jan  8 2013,rst cause:1, boot mode:(3,7)

load 0x4010f000, len 1384, room 16 
tail 8
chksum 0x2d
csum 0x2d
v8b899c12
~ld


6.01
 0h00:03.029 2021/05/13T02:38:41z: DS3231
 0h00:03.044 2021/05/13T02:38:41z: BME280 (0x76)
 0h00:03.058 2021/05/13T02:38:41z: 10:52:1c:4c:86:4
 0h00:03.060 2021/05/13T02:38:41z: SSID: Apollonia Students Halls
 0h00:03.065 2021/05/13T02:38:41z: AP_STAR tmr
 ets Jan  8 2013,rst cause:1, boot mode:(3,7)

load 0x4010f000, len 1384, room 16 
tail 8
chksum 0x2d
csum 0x2d
v8b899c12
~ld


6.01
 0h00:03.030 2021/05/13T02:58:37z: DS3231
 0h00:03.045 2021/05/13T02:58:37z: BME280 (0x76)
 0h00:03.060 2021/05/13T02:58:37z: 10:52:1c:4c:86:4
 0h00:03.061 2021/05/13T02:58:37z: SSID: Apollonia Students Halls
 0h00:03.067 2021/05/13T02:58:37z: AP_STAR tmr
 ets Jan  8 2013,rst cause:1, boot mode:(3,7)

load 0x4010f000, len 1384, room 16 
tail 8
chksum 0x2d
csum 0x2d
v8b899c12
~ld


6.01
 0h00:03.027 2021/05/13T03:18:33z: DS3231
 0h00:03.043 2021/05/13T03:18:33z: BME280 (0x76)
 0h00:03.057 2021/05/13T03:18:33z: 10:52:1c:4c:86:4
 0h00:03.058 2021/05/13T03:18:33z: SSID: Apollonia Students Halls
 0h00:03.064 2021/05/13T03:18:33z: AP_STAR tmr
 ets Jan  8 2013,rst cause:1, boot mode:(3,7)

load 0x4010f000, len 1384, room 16 
tail 8
chksum 0x2d
csum 0x2d
v8b899c12
~ld


6.01
 0h00:03.029 2021/05/13T03:38:29z: DS3231
 0h00:03.044 2021/05/13T03:38:29z: BME280 (0x76)
 0h00:03.058 2021/05/13T03:38:29z: 10:52:1c:4c:86:4
 0h00:03.060 2021/05/13T03:38:29z: SSID: Apollonia Students Halls
 0h00:03.065 2021/05/13T03:38:29z: AP_STAR tmr
 ets Jan  8 2013,rst cause:1, boot mode:(3,7)

load 0x4010f000, len 1384, room 16 
tail 8
chksum 0x2d
csum 0x2d
v8b899c12
~ld


6.01
 0h00:03.032 2021/05/13T03:58:25z: DS3231
 0h00:03.047 2021/05/13T03:58:25z: BME280 (0x76)
 0h00:03.061 2021/05/13T03:58:25z: 10:52:1c:4c:86:4
 0h00:03.063 2021/05/13T03:58:25z: SSID: Apollonia Students Halls
 0h00:03.068 2021/05/13T03:58:25z: AP_STAR tmr
 ets Jan  8 2013,rst cause:1, boot mode:(3,7)

load 0x4010f000, len 1384, room 16 
tail 8
chksum 0x2d
csum 0x2d
v8b899c12
~ld


6.01
 0h00:03.049 2021/05/13T04:18:22z: DS3231
 0h00:03.064 2021/05/13T04:18:22z: BME280 (0x76)
 0h00:03.079 2021/05/13T04:18:22z: 10:52:1c:4c:86:4
 0h00:03.080 2021/05/13T04:18:22z: SSID: Apollonia Students Halls
 0h00:03.085 2021/05/13T04:18:22z: AP_STAR tmr
 ets Jan  8 2013,rst cause:1, boot mode:(3,7)

load 0x4010f000, len 1384, room 16 
tail 8
chksum 0x2d
csum 0x2d
v8b899c12
~ld


6.01
 0h00:03.055 2021/05/13T04:38:18z: DS3231
 0h00:03.070 2021/05/13T04:38:18z: BME280 (0x76)
 0h00:03.084 2021/05/13T04:38:18z: 10:52:1c:4c:86:4
 0h00:03.086 2021/05/13T04:38:18z: SSID: Apollonia Students Halls
 0h00:03.091 2021/05/13T04:38:18z: AP_STAR tmr
 ets Jan  8 2013,rst cause:1, boot mode:(3,7)

load 0x4010f000, len 1384, room 16 
tail 8
chksum 0x2d
csum 0x2d
v8b899c12
~ld


6.01
 0h00:03.060 2021/05/13T04:58:14z: DS3231
 0h00:03.075 2021/05/13T04:58:14z: BME280 (0x76)
 0h00:03.089 2021/05/13T04:58:14z: 10:52:1c:4c:86:4
 0h00:03.091 2021/05/13T04:58:14z: SSID: Apollonia Students Halls
 0h00:03.096 2021/05/13T04:58:14z: AP_STAR tmr
 ets Jan  8 2013,rst cause:1, boot mode:(3,7)

load 0x4010f000, len 1384, room 16 
tail 8
chksum 0x2d
csum 0x2d
v8b899c12
~ld


6.01
 0h00:03.033 2021/05/13T05:18:10z: DS3231
 0h00:03.049 2021/05/13T05:18:10z: BME280 (0x76)
 0h00:03.063 2021/05/13T05:18:10z: 10:52:1c:4c:86:4
 0h00:03.065 2021/05/13T05:18:10z: SSID: Apollonia Students Halls
 0h00:03.070 2021/05/13T05:18:10z: AP_STAR tmr
 ets Jan  8 2013,rst cause:1, boot mode:(3,7)

load 0x4010f000, len 1384, room 16 
tail 8
chksum 0x2d
csum 0x2d
v8b899c12
~ld


6.01
 0h00:03.033 2021/05/13T05:38:07z: DS3231
 0h00:03.048 2021/05/13T05:38:07z: BME280 (0x76)
 0h00:03.063 2021/05/13T05:38:07z: 10:52:1c:4c:86:4
 0h00:03.064 2021/05/13T05:38:07z: SSID: Apollonia Students Halls
 0h00:03.069 2021/05/13T05:38:07z: AP_STAR tmr
 ets Jan  8 2013,rst cause:1, boot mode:(3,7)

load 0x4010f000, len 1384, room 16 
tail 8
chksum 0x2d
csum 0x2d
v8b899c12
~ld


6.01
 0h00:03.039 2021/05/13T05:58:03z: DS3231
 0h00:03.054 2021/05/13T05:58:03z: BME280 (0x76)
 0h00:03.068 2021/05/13T05:58:03z: 10:52:1c:4c:86:4
 0h00:03.070 2021/05/13T05:58:03z: SSID: Apollonia Students Halls
 0h00:03.075 2021/05/13T05:58:03z: AP_STAR tmr
 ets Jan  8 2013,rst cause:1, boot mode:(3,7)

load 0x4010f000, len 1384, room 16 
tail 8
chksum 0x2d
csum 0x2d
v8b899c12
~ld


6.01
 0h00:03.025 2021/05/13T06:17:59z: DS3231
 0h00:03.041 2021/05/13T06:17:59z: BME280 (0x76)
 0h00:03.055 2021/05/13T06:17:59z: 10:52:1c:4c:86:4
 0h00:03.057 2021/05/13T06:17:59z: SSID: Apollonia Students Halls
 0h00:03.062 2021/05/13T06:17:59z: AP_STAR tmr
 ets Jan  8 2013,rst cause:1, boot mode:(3,7)

load 0x4010f000, len 1384, room 16 
tail 8
chksum 0x2d
csum 0x2d
v8b899c12
~ld


6.01
 0h00:03.035 2021/05/13T06:37:55z: DS3231
 0h00:03.050 2021/05/13T06:37:55z: BME280 (0x76)
 0h00:03.065 2021/05/13T06:37:55z: 10:52:1c:4c:86:4
 0h00:03.066 2021/05/13T06:37:55z: SSID: Apollonia Students Halls
 0h00:03.071 2021/05/13T06:37:55z: AP_STAR tmr
 ets Jan  8 2013,rst cause:1, boot mode:(3,7)

load 0x4010f000, len 1384, room 16 
tail 8
chksum 0x2d
csum 0x2d
v8b899c12
~ld


6.01
 0h00:03.050 2021/05/13T06:57:52z: DS3231
 0h00:03.066 2021/05/13T06:57:52z: BME280 (0x76)
 0h00:03.080 2021/05/13T06:57:52z: 10:52:1c:4c:86:4
 0h00:03.082 2021/05/13T06:57:52z: SSID: Apollonia Students Halls
 0h00:03.087 2021/05/13T06:57:52z: AP_STAR tmr
 ets Jan  8 2013,rst cause:1, boot mode:(3,7)

load 0x4010f000, len 1384, room 16 
tail 8
chksum 0x2d
csum 0x2d
v8b899c12
~ld


6.01
 0h00:03.050 2021/05/13T07:17:47z: DS3231
 0h00:03.066 2021/05/13T07:17:47z: BME280 (0x76)
 0h00:03.080 2021/05/13T07:17:47z: 10:52:1c:4c:86:4
 0h00:03.081 2021/05/13T07:17:47z: SSID: Apollonia Students Halls
 0h00:03.087 2021/05/13T07:17:47z: AP_STAR tmr
 ets Jan  8 2013,rst cause:1, boot mode:(3,7)

load 0x4010f000, len 1384, room 16 
tail 8
chksum 0x2d
csum 0x2d
v8b899c12
~ld


6.01
 0h00:03.064 2021/05/13T07:37:44z: DS3231
 0h00:03.079 2021/05/13T07:37:44z: BME280 (0x76)
 0h00:03.093 2021/05/13T07:37:44z: 10:52:1c:4c:86:4
 0h00:03.095 2021/05/13T07:37:44z: SSID: Apollonia Students Halls
 0h00:03.100 2021/05/13T07:37:44z: AP_STAR tmr
 ets Jan  8 2013,rst cause:1, boot mode:(3,7)

load 0x4010f000, len 1384, room 16 
tail 8
chksum 0x2d
csum 0x2d
v8b899c12
~ld


6.01
 0h00:03.035 2021/05/13T07:57:41z: DS3231
 0h00:03.051 2021/05/13T07:57:41z: BME280 (0x76)
 0h00:03.065 2021/05/13T07:57:41z: 10:52:1c:4c:86:4
 0h00:03.067 2021/05/13T07:57:41z: SSID: Apollonia Students Halls
 0h00:03.072 2021/05/13T07:57:41z: AP_STAR tmr
 ets Jan  8 2013,rst cause:1, boot mode:(3,7)

load 0x4010f000, len 1384, room 16 
tail 8
chksum 0x2d
csum 0x2d
v8b899c12
~ld


6.01
 0h00:03.031 2021/05/13T08:17:36z: DS3231
 0h00:03.046 2021/05/13T08:17:36z: BME280 (0x76)
 0h00:03.060 2021/05/13T08:17:37z: 10:52:1c:4c:86:4
 0h00:03.062 2021/05/13T08:17:37z: SSID: Apollonia Students Halls
 0h00:03.067 2021/05/13T08:17:37z: AP_STAR tmr
 ets Jan  8 2013,rst cause:1, boot mode:(3,7)

load 0x4010f000, len 1384, room 16 
tail 8
chksum 0x2d
csum 0x2d
v8b899c12
~ld


6.01
 0h00:03.036 2021/05/13T08:37:33z: DS3231
 0h00:03.051 2021/05/13T08:37:33z: BME280 (0x76)
 0h00:03.066 2021/05/13T08:37:33z: 10:52:1c:4c:86:4
 0h00:03.067 2021/05/13T08:37:33z: SSID: Apollonia Students Halls
 0h00:03.072 2021/05/13T08:37:33z: AP_STAR tmr
 ets Jan  8 2013,rst cause:1, boot mode:(3,7)

load 0x4010f000, len 1384, room 16 
tail 8
chksum 0x2d
csum 0x2d
v8b899c12
~ld


6.01
 0h00:03.035 2021/05/13T08:57:29z: DS3231
 0h00:03.050 2021/05/13T08:57:29z: BME280 (0x76)
 0h00:03.065 2021/05/13T08:57:29z: 10:52:1c:4c:86:4
 0h00:03.066 2021/05/13T08:57:29z: SSID: Apollonia Students Halls
 0h00:03.071 2021/05/13T08:57:29z: AP_STAR tmr
 ets Jan  8 2013,rst cause:1, boot mode:(3,7)

load 0x4010f000, len 1384, room 16 
tail 8
chksum 0x2d
csum 0x2d
v8b899c12
~ld


6.01
 0h00:03.049 2021/05/13T09:17:25z: DS3231
 0h00:03.064 2021/05/13T09:17:25z: BME280 (0x76)
 0h00:03.078 2021/05/13T09:17:25z: 10:52:1c:4c:86:4
 0h00:03.080 2021/05/13T09:17:25z: SSID: Apollonia Students Halls
 0h00:03.085 2021/05/13T09:17:25z: AP_STAR tmr
 ets Jan  8 2013,rst cause:1, boot mode:(3,7)

load 0x4010f000, len 1384, room 16 
tail 8
chksum 0x2d
csum 0x2d
v8b899c12
~ld


6.01
 0h00:03.045 2021/05/13T09:37:21z: DS3231
 0h00:03.060 2021/05/13T09:37:21z: BME280 (0x76)
 0h00:03.074 2021/05/13T09:37:21z: 10:52:1c:4c:86:4
 0h00:03.076 2021/05/13T09:37:21z: SSID: Apollonia Students Halls
 0h00:03.081 2021/05/13T09:37:21z: AP_STAR tmr
 ets Jan  8 2013,rst cause:1, boot mode:(3,7)

load 0x4010f000, len 1384, room 16 
tail 8
chksum 0x2d
csum 0x2d
v8b899c12
~ld


6.01
 0h00:03.055 2021/05/13T09:57:17z: DS3231
 0h00:03.071 2021/05/13T09:57:17z: BME280 (0x76)
 0h00:03.085 2021/05/13T09:57:17z: 10:52:1c:4c:86:4
 0h00:03.086 2021/05/13T09:57:17z: SSID: Apollonia Students Halls
 0h00:03.092 2021/05/13T09:57:17z: AP_STAR tmr
 ets Jan  8 2013,rst cause:1, boot mode:(3,7)

load 0x4010f000, len 1384, room 16 
tail 8
chksum 0x2d
csum 0x2d
v8b899c12
~ld


6.01
 0h00:03.062 2021/05/13T10:17:13z: DS3231
 0h00:03.077 2021/05/13T10:17:13z: BME280 (0x76)
 0h00:03.091 2021/05/13T10:17:13z: 10:52:1c:4c:86:4
 0h00:03.093 2021/05/13T10:17:13z: SSID: Apollonia Students Halls
 0h00:03.098 2021/05/13T10:17:13z: AP_STAR tmr
 ets Jan  8 2013,rst cause:1, boot mode:(3,7)

load 0x4010f000, len 1384, room 16 
tail 8
chksum 0x2d
csum 0x2d
v8b899c12
~ld


6.01
 0h00:03.034 2021/05/13T10:37:10z: DS3231
 0h00:03.049 2021/05/13T10:37:10z: BME280 (0x76)
 0h00:03.063 2021/05/13T10:37:10z: 10:52:1c:4c:86:4
 0h00:03.065 2021/05/13T10:37:10z: SSID: Apollonia Students Halls
 0h00:03.070 2021/05/13T10:37:10z: AP_STAR tmr
 ets Jan  8 2013,rst cause:1, boot mode:(3,7)

load 0x4010f000, len 1384, room 16 
tail 8
chksum 0x2d
csum 0x2d
v8b899c12
~ld


6.01
 0h00:03.036 2021/05/13T10:57:06z: DS3231
 0h00:03.051 2021/05/13T10:57:06z: BME280 (0x76)
 0h00:03.065 2021/05/13T10:57:06z: 10:52:1c:4c:86:4
 0h00:03.067 2021/05/13T10:57:06z: SSID: Apollonia Students Halls
 0h00:03.072 2021/05/13T10:57:06z: AP_STAR tmr
 ets Jan  8 2013,rst cause:1, boot mode:(3,7)

load 0x4010f000, len 1384, room 16 
tail 8
chksum 0x2d
csum 0x2d
v8b899c12
~ld


6.01
 0h00:03.031 2021/05/13T11:17:03z: DS3231
 0h00:03.046 2021/05/13T11:17:03z: BME280 (0x76)
 0h00:03.060 2021/05/13T11:17:03z: 10:52:1c:4c:86:4
 0h00:03.062 2021/05/13T11:17:03z: SSID: Apollonia Students Halls
 0h00:03.067 2021/05/13T11:17:03z: AP_STAR tmr
 ets Jan  8 2013,rst cause:1, boot mode:(3,7)

load 0x4010f000, len 1384, room 16 
tail 8
chksum 0x2d
csum 0x2d
v8b899c12
~ld


6.01
 0h00:03.035 2021/05/13T11:37:00z: DS3231
 0h00:03.050 2021/05/13T11:37:00z: BME280 (0x76)
 0h00:03.064 2021/05/13T11:37:00z: 10:52:1c:4c:86:4
 0h00:03.066 2021/05/13T11:37:00z: SSID: Apollonia Students Halls
 0h00:03.071 2021/05/13T11:37:00z: AP_STAR tmr
 ets Jan  8 2013,rst cause:1, boot mode:(3,7)

load 0x4010f000, len 1384, room 16 
tail 8
chksum 0x2d
csum 0x2d
v8b899c12
~ld


6.01
 0h00:03.043 2021/05/13T11:56:56z: DS3231
 0h00:03.058 2021/05/13T11:56:56z: BME280 (0x76)
 0h00:03.073 2021/05/13T11:56:56z: 10:52:1c:4c:86:4
 0h00:03.074 2021/05/13T11:56:56z: SSID: Apollonia Students Halls
 0h00:03.079 2021/05/13T11:56:56z: AP_STAR tmr
 ets Jan  8 2013,rst cause:1, boot mode:(3,7)

load 0x4010f000, len 1384, room 16 
tail 8
chksum 0x2d
csum 0x2d
v8b899c12
~ld


6.01
 0h00:03.048 2021/05/13T12:16:52z: DS3231
 0h00:03.064 2021/05/13T12:16:52z: BME280 (0x76)
 0h00:03.078 2021/05/13T12:16:52z: 10:52:1c:4c:86:4
 0h00:03.079 2021/05/13T12:16:52z: SSID: Apollonia Students Halls
 0h00:03.085 2021/05/13T12:16:52z: AP_STAR tmr
 ets Jan  8 2013,rst cause:1, boot mode:(3,7)

load 0x4010f000, len 1384, room 16 
tail 8
chksum 0x2d
csum 0x2d
v8b899c12
~ld


6.01
 0h00:03.052 2021/05/13T12:36:48z: DS3231
 0h00:03.068 2021/05/13T12:36:48z: BME280 (0x76)
 0h00:03.082 2021/05/13T12:36:48z: 10:52:1c:4c:86:4
 0h00:03.084 2021/05/13T12:36:48z: SSID: Apollonia Students Halls
 0h00:03.089 2021/05/13T12:36:48z: AP_STAR tmr
 ets Jan  8 2013,rst cause:1, boot mode:(3,7)

load 0x4010f000, len 1384, room 16 
tail 8
chksum 0x2d
csum 0x2d
v8b899c12
~ld


6.01
 0h00:03.058 2021/05/13T12:56:45z: DS3231
 0h00:03.073 2021/05/13T12:56:45z: BME280 (0x76)
 0h00:03.087 2021/05/13T12:56:45z: 10:52:1c:4c:86:4
 0h00:03.089 2021/05/13T12:56:45z: SSID: Apollonia Students Halls
 0h00:03.094 2021/05/13T12:56:45z: AP_STAR tmr
 ets Jan  8 2013,rst cause:1, boot mode:(3,7)

load 0x4010f000, len 1384, room 16 
tail 8
chksum 0x2d
csum 0x2d
v8b899c12
~ld


6.01
 0h00:03.036 2021/05/13T13:16:41z: DS3231
 0h00:03.051 2021/05/13T13:16:41z: BME280 (0x76)
 0h00:03.065 2021/05/13T13:16:41z: 10:52:1c:4c:86:4
 0h00:03.067 2021/05/13T13:16:41z: SSID: Apollonia Students Halls
 0h00:03.072 2021/05/13T13:16:41z: AP_STAR tmr
 ets Jan  8 2013,rst cause:1, boot mode:(3,7)

load 0x4010f000, len 1384, room 16 
tail 8
chksum 0x2d
csum 0x2d
v8b899c12
~ld


6.01
 0h00:03.027 2021/05/13T13:36:37z: DS3231
 0h00:03.043 2021/05/13T13:36:37z: BME280 (0x76)
 0h00:03.057 2021/05/13T13:36:37z: 10:52:1c:4c:86:4
 0h00:03.059 2021/05/13T13:36:37z: SSID: Apollonia Students Halls
 0h00:03.064 2021/05/13T13:36:37z: AP_STAR tmr
 ets Jan  8 2013,rst cause:1, boot mode:(3,7)

load 0x4010f000, len 1384, room 16 
tail 8
chksum 0x2d
csum 0x2d
v8b899c12
~ld


6.01
 0h00:03.035 2021/05/13T13:56:34z: DS3231
 0h00:03.050 2021/05/13T13:56:34z: BME280 (0x76)
 0h00:03.064 2021/05/13T13:56:34z: 10:52:1c:4c:86:4
 0h00:03.066 2021/05/13T13:56:34z: SSID: Apollonia Students Halls
 0h00:03.071 2021/05/13T13:56:34z: AP_STAR tmr
 ets Jan  8 2013,rst cause:1, boot mode:(3,7)

load 0x4010f000, len 1384, room 16 
tail 8
chksum 0x2d
csum 0x2d
v8b899c12
~ld


6.01
 0h00:03.029 2021/05/13T14:16:30z: DS3231
 0h00:03.044 2021/05/13T14:16:30z: BME280 (0x76)
 0h00:03.058 2021/05/13T14:16:30z: 10:52:1c:4c:86:4
 0h00:03.060 2021/05/13T14:16:30z: SSID: Apollonia Students Halls
 0h00:03.065 2021/05/13T14:16:30z: AP_STAR tmr
 ets Jan  8 2013,rst cause:1, boot mode:(3,7)

load 0x4010f000, len 1384, room 16 
tail 8
chksum 0x2d
csum 0x2d
v8b899c12
~ld


6.01
 0h00:03.038 2021/05/13T14:36:27z: DS3231
 0h00:03.053 2021/05/13T14:36:27z: BME280 (0x76)
 0h00:03.068 2021/05/13T14:36:27z: 10:52:1c:4c:86:4
 0h00:03.069 2021/05/13T14:36:27z: SSID: Apollonia Students Halls
 0h00:03.074 2021/05/13T14:36:27z: AP_STAR tmr
 ets Jan  8 2013,rst cause:1, boot mode:(3,7)

load 0x4010f000, len 1384, room 16 
tail 8
chksum 0x2d
csum 0x2d
v8b899c12
~ld


6.01
 0h00:03.046 2021/05/13T14:56:23z: DS3231
 0h00:03.061 2021/05/13T14:56:23z: BME280 (0x76)
 0h00:03.075 2021/05/13T14:56:23z: 10:52:1c:4c:86:4
 0h00:03.077 2021/05/13T14:56:23z: SSID: Apollonia Students Halls
 0h00:03.082 2021/05/13T14:56:23z: AP_STAR tmr
 ets Jan  8 2013,rst cause:1, boot mode:(3,7)

load 0x4010f000, len 1384, room 16 
tail 8
chksum 0x2d
csum 0x2d
v8b899c12
~ld


6.01
 0h00:03.046 2021/05/13T15:16:19z: DS3231
 0h00:03.061 2021/05/13T15:16:19z: BME280 (0x76)
 0h00:03.075 2021/05/13T15:16:19z: 10:52:1c:4c:86:4
 0h00:03.077 2021/05/13T15:16:19z: SSID: Apollonia Students Halls
 0h00:03.082 2021/05/13T15:16:19z: AP_STAR tmr
 ets Jan  8 2013,rst cause:1, boot mode:(3,7)

load 0x4010f000, len 1384, room 16 
tail 8
chksum 0x2d
csum 0x2d
v8b899c12
~ld


6.01
 0h00:03.063 2021/05/13T15:36:15z: DS3231
 0h00:03.079 2021/05/13T15:36:15z: BME280 (0x76)
 0h00:03.093 2021/05/13T15:36:15z: 10:52:1c:4c:86:4
 0h00:03.095 2021/05/13T15:36:15z: SSID: Apollonia Students Halls
 0h00:03.100 2021/05/13T15:36:15z: AP_STAR tmr
 ets Jan  8 2013,rst cause:1, boot mode:(3,7)

load 0x4010f000, len 1384, room 16 
tail 8
chksum 0x2d
csum 0x2d
v8b899c12
~ld


6.01
 0h00:03.035 2021/05/13T15:56:11z: DS3231
 0h00:03.050 2021/05/13T15:56:11z: BME280 (0x76)
 0h00:03.064 2021/05/13T15:56:11z: 10:52:1c:4c:86:4
 0h00:03.066 2021/05/13T15:56:11z: SSID: Apollonia Students Halls
 0h00:03.071 2021/05/13T15:56:11z: AP_STAR tmr
 ets Jan  8 2013,rst cause:1, boot mode:(3,7)

load 0x4010f000, len 1384, room 16 
tail 8
chksum 0x2d
csum 0x2d
v8b899c12
~ld


6.01
 0h00:03.034 2021/05/13T16:16:07z: DS3231
 0h00:03.050 2021/05/13T16:16:07z: BME280 (0x76)
 0h00:03.064 2021/05/13T16:16:07z: 10:52:1c:4c:86:4
 0h00:03.066 2021/05/13T16:16:07z: SSID: Apollonia Students Halls
 0h00:03.071 2021/05/13T16:16:07z: AP_STAR tmr
 ets Jan  8 2013,rst cause:1, boot mode:(3,7)

load 0x4010f000, len 1384, room 16 
tail 8
chksum 0x2d
csum 0x2d
v8b899c12
~ld


6.01
 0h00:03.030 2021/05/13T16:36:03z: DS3231
 0h00:03.046 2021/05/13T16:36:03z: BME280 (0x76)
 0h00:03.060 2021/05/13T16:36:03z: 10:52:1c:4c:86:4
 0h00:03.062 2021/05/13T16:36:03z: SSID: Apollonia Students Halls
 0h00:03.067 2021/05/13T16:36:03z: AP_STAR tmr
 ets Jan  8 2013,rst cause:1, boot mode:(3,7)

load 0x4010f000, len 1384, room 16 
tail 8
chksum 0x2d
csum 0x2d
v8b899c12
~ld


6.01
 0h00:03.036 2021/05/13T16:56:00z: DS3231
 0h00:03.052 2021/05/13T16:56:00z: BME280 (0x76)
 0h00:03.066 2021/05/13T16:56:00z: 10:52:1c:4c:86:4
 0h00:03.067 2021/05/13T16:56:00z: SSID: Apollonia Students Halls
 0h00:03.073 2021/05/13T16:56:00z: AP_STAR tmr
 ets Jan  8 2013,rst cause:1, boot mode:(3,7)

load 0x4010f000, len 1384, room 16 
tail 8
chksum 0x2d
csum 0x2d
v8b899c12
~ld


6.01
 0h00:03.042 2021/05/13T17:15:56z: DS3231
 0h00:03.057 2021/05/13T17:15:56z: BME280 (0x76)
 0h00:03.071 2021/05/13T17:15:56z: 10:52:1c:4c:86:4
 0h00:03.073 2021/05/13T17:15:56z: SSID: Apollonia Students Halls
 0h00:03.078 2021/05/13T17:15:56z: AP_STAR tmr
 ets Jan  8 2013,rst cause:1, boot mode:(3,7)

load 0x4010f000, len 1384, room 16 
tail 8
chksum 0x2d
csum 0x2d
v8b899c12
~ld


6.01
 0h00:03.046 2021/05/13T17:35:52z: DS3231
 0h00:03.061 2021/05/13T17:35:52z: BME280 (0x76)
 0h00:03.075 2021/05/13T17:35:52z: 10:52:1c:4c:86:4
 0h00:03.077 2021/05/13T17:35:52z: SSID: Apollonia Students Halls
 0h00:03.082 2021/05/13T17:35:52z: AP_STAR tmr
 ets Jan  8 2013,rst cause:1, boot mode:(3,7)

load 0x4010f000, len 1384, room 16 
tail 8
chksum 0x2d
csum 0x2d
v8b899c12
~ld


6.01
 0h00:03.054 2021/05/13T17:55:49z: DS3231
 0h00:03.069 2021/05/13T17:55:49z: BME280 (0x76)
 0h00:03.083 2021/05/13T17:55:49z: 10:52:1c:4c:86:4
 0h00:03.085 2021/05/13T17:55:49z: SSID: Apollonia Students Halls
 0h00:03.090 2021/05/13T17:55:49z: AP_STAR tmr
 ets Jan  8 2013,rst cause:1, boot mode:(3,7)

load 0x4010f000, len 1384, room 16 
tail 8
chksum 0x2d
csum 0x2d
v8b899c12
~ld


6.01
 0h00:03.061 2021/05/13T18:15:45z: DS3231
 0h00:03.076 2021/05/13T18:15:45z: BME280 (0x76)
 0h00:03.091 2021/05/13T18:15:45z: 10:52:1c:4c:86:4
 0h00:03.092 2021/05/13T18:15:45z: SSID: Apollonia Students Halls
 0h00:03.097 2021/05/13T18:15:45z: AP_STAR tmr
 ets Jan  8 2013,rst cause:1, boot mode:(3,7)

load 0x4010f000, len 1384, room 16 
tail 8
chksum 0x2d
csum 0x2d
v8b899c12
~ld


6.01
 0h00:03.031 2021/05/13T18:35:41z: DS3231
 0h00:03.046 2021/05/13T18:35:41z: BME280 (0x76)
 0h00:03.060 2021/05/13T18:35:41z: 10:52:1c:4c:86:4
 0h00:03.062 2021/05/13T18:35:41z: SSID: Apollonia Students Halls
 0h00:03.067 2021/05/13T18:35:41z: AP_STAR tmr
 ets Jan  8 2013,rst cause:1, boot mode:(3,7)

load 0x4010f000, len 1384, room 16 
tail 8
chksum 0x2d
csum 0x2d
v8b899c12
~ld


6.01
 0h00:03.033 2021/05/13T18:55:37z: DS3231
 0h00:03.048 2021/05/13T18:55:37z: BME280 (0x76)
 0h00:03.063 2021/05/13T18:55:37z: 10:52:1c:4c:86:4
 0h00:03.064 2021/05/13T18:55:37z: SSID: Apollonia Students Halls
 0h00:03.069 2021/05/13T18:55:37z: AP_STAR tmr
 ets Jan  8 2013,rst cause:1, boot mode:(3,7)

load 0x4010f000, len 1384, room 16 
tail 8
chksum 0x2d
csum 0x2d
v8b899c12
~ld


6.01
 0h00:03.029 2021/05/13T19:15:33z: DS3231
 0h00:03.045 2021/05/13T19:15:33z: BME280 (0x76)
 0h00:03.059 2021/05/13T19:15:33z: 10:52:1c:4c:86:4
 0h00:03.061 2021/05/13T19:15:33z: SSID: Apollonia Students Halls
 0h00:03.066 2021/05/13T19:15:33z: AP_STAR tmr
 ets Jan  8 2013,rst cause:1, boot mode:(3,7)

load 0x4010f000, len 1384, room 16 
tail 8
chksum 0x2d
csum 0x2d
v8b899c12
~ld


6.01
 0h00:03.032 2021/05/13T19:35:29z: DS3231
 0h00:03.048 2021/05/13T19:35:29z: BME280 (0x76)
 0h00:03.062 2021/05/13T19:35:29z: 10:52:1c:4c:86:4
 0h00:03.063 2021/05/13T19:35:29z: SSID: Apollonia Students Halls
 0h00:03.069 2021/05/13T19:35:29z: AP_STAR tmr
 ets Jan  8 2013,rst cause:1, boot mode:(3,7)

load 0x4010f000, len 1384, room 16 
tail 8
chksum 0x2d
csum 0x2d
v8b899c12
~ld


6.01
 0h00:03.039 2021/05/13T19:55:26z: DS3231
 0h00:03.054 2021/05/13T19:55:26z: BME280 (0x76)
 0h00:03.068 2021/05/13T19:55:26z: 10:52:1c:4c:86:4
 0h00:03.070 2021/05/13T19:55:26z: SSID: Apollonia Students Halls
 0h00:03.075 2021/05/13T19:55:26z: AP_STAR tmr
 ets Jan  8 2013,rst cause:1, boot mode:(3,7)

load 0x4010f000, len 1384, room 16 
tail 8
chksum 0x2d
csum 0x2d
v8b899c12
~ld


6.01
 0h00:03.040 2021/05/13T20:15:22z: DS3231
 0h00:03.056 2021/05/13T20:15:22z: BME280 (0x76)
 0h00:03.070 2021/05/13T20:15:22z: 10:52:1c:4c:86:4
 0h00:03.072 2021/05/13T20:15:22z: SSID: Apollonia Students Halls
 0h00:03.077 2021/05/13T20:15:22z: AP_STAR tmr
 ets Jan  8 2013,rst cause:1, boot mode:(3,7)

load 0x4010f000, len 1384, room 16 
tail 8
chksum 0x2d
csum 0x2d
v8b899c12
~ld


6.01
 0h00:03.049 2021/05/13T20:35:18z: DS3231
 0h00:03.065 2021/05/13T20:35:18z: BME280 (0x76)
 0h00:03.079 2021/05/13T20:35:18z: 10:52:1c:4c:86:4
 0h00:03.081 2021/05/13T20:35:18z: SSID: Apollonia Students Halls
 0h00:03.086 2021/05/13T20:35:18z: AP_STAR tmr
 ets Jan  8 2013,rst cause:1, boot mode:(3,7)

load 0x4010f000, len 1384, room 16 
tail 8
chksum 0x2d
csum 0x2d
v8b899c12
~ld


6.01
 0h00:03.064 2021/05/13T20:55:15z: DS3231
 0h00:03.080 2021/05/13T20:55:15z: BME280 (0x76)
 0h00:03.094 2021/05/13T20:55:15z: 10:52:1c:4c:86:4
 0h00:03.096 2021/05/13T20:55:15z: SSID: Apollonia Students Halls
 0h00:03.101 2021/05/13T20:55:15z: AP_STAR tmr
 ets Jan  8 2013,rst cause:1, boot mode:(3,7)

load 0x4010f000, len 1384, room 16 
tail 8
chksum 0x2d
csum 0x2d
v8b899c12
~ld


6.01
 0h00:03.030 2021/05/13T21:15:11z: DS3231
 0h00:03.045 2021/05/13T21:15:11z: BME280 (0x76)
 0h00:03.059 2021/05/13T21:15:11z: 10:52:1c:4c:86:4
 0h00:03.061 2021/05/13T21:15:11z: SSID: Apollonia Students Halls
 0h00:03.066 2021/05/13T21:15:11z: AP_STAR tmr
 ets Jan  8 2013,rst cause:1, boot mode:(3,7)

load 0x4010f000, len 1384, room 16 
tail 8
chksum 0x2d
csum 0x2d
v8b899c12
~ld


6.01
 0h00:03.038 2021/05/13T21:35:06z: DS3231
 0h00:03.053 2021/05/13T21:35:06z: BME280 (0x76)
 0h00:03.067 2021/05/13T21:35:06z: 10:52:1c:4c:86:4
 0h00:03.069 2021/05/13T21:35:06z: SSID: Apollonia Students Halls
 0h00:03.074 2021/05/13T21:35:06z: AP_STAR tmr
 ets Jan  8 2013,rst cause:1, boot mode:(3,7)

load 0x4010f000, len 1384, room 16 
tail 8
chksum 0x2d
csum 0x2d
v8b899c12
~ld


6.01
 0h00:03.034 2021/05/13T21:55:02z: DS3231
 0h00:03.049 2021/05/13T21:55:02z: BME280 (0x76)
 0h00:03.063 2021/05/13T21:55:02z: 10:52:1c:4c:86:4
 0h00:03.065 2021/05/13T21:55:02z: SSID: Apollonia Students Halls
 0h00:03.070 2021/05/13T21:55:02z: AP_STAR tmr
 ets Jan  8 2013,rst cause:1, boot mode:(3,7)

load 0x4010f000, len 1384, room 16 
tail 8
chksum 0x2d
csum 0x2d
v8b899c12
~ld


6.01
 0h00:03.035 2021/05/13T22:14:58z: DS3231
 0h00:03.050 2021/05/13T22:14:58z: BME280 (0x76)
 0h00:03.064 2021/05/13T22:14:58z: 10:52:1c:4c:86:4
 0h00:03.066 2021/05/13T22:14:58z: SSID: Apollonia Students Halls
 0h00:03.071 2021/05/13T22:14:58z: AP_STAR tmr
 ets Jan  8 2013,rst cause:1, boot mode:(3,7)

load 0x4010f000, len 1384, room 16 
tail 8
chksum 0x2d
csum 0x2d
v8b899c12
~ld


6.01
 0h00:03.036 2021/05/13T22:34:54z: DS3231
 0h00:03.051 2021/05/13T22:34:54z: BME280 (0x76)
 0h00:03.066 2021/05/13T22:34:54z: 10:52:1c:4c:86:4
 0h00:03.067 2021/05/13T22:34:54z: SSID: Apollonia Students Halls
 0h00:03.072 2021/05/13T22:34:54z: AP_STAR tmr
 ets Jan  8 2013,rst cause:1, boot mode:(3,7)

load 0x4010f000, len 1384, room 16 
tail 8
chksum 0x2d
csum 0x2d
v8b899c12
~ld


6.01
 0h00:03.051 2021/05/13T22:54:50z: DS3231
 0h00:03.066 2021/05/13T22:54:50z: BME280 (0x76)
 0h00:03.080 2021/05/13T22:54:50z: 10:52:1c:4c:86:4
 0h00:03.082 2021/05/13T22:54:50z: SSID: Apollonia Students Halls
 0h00:03.087 2021/05/13T22:54:50z: AP_STAR tmr
 ets Jan  8 2013,rst cause:1, boot mode:(3,7)

load 0x4010f000, len 1384, room 16 
tail 8
chksum 0x2d
csum 0x2d
v8b899c12
~ld


6.01
 0h00:03.051 2021/05/13T23:14:47z: DS3231
 0h00:03.066 2021/05/13T23:14:47z: BME280 (0x76)
 0h00:03.080 2021/05/13T23:14:47z: 10:52:1c:4c:86:4
 0h00:03.082 2021/05/13T23:14:47z: SSID: Apollonia Students Halls
 0h00:03.087 2021/05/13T23:14:47z: AP_STAR tmr
 ets Jan  8 2013,rst cause:1, boot mode:(3,7)

load 0x4010f000, len 1384, room 16 
tail 8
chksum 0x2d
csum 0x2d
v8b899c12
~ld


6.01
 0h00:03.063 2021/05/13T23:34:43z: DS3231
 0h00:03.079 2021/05/13T23:34:43z: BME280 (0x76)
 0h00:03.093 2021/05/13T23:34:43z: 10:52:1c:4c:86:4
 0h00:03.094 2021/05/13T23:34:43z: SSID: Apollonia Students Halls
 0h00:03.100 2021/05/13T23:34:43z: AP_STAR tmr
 ets Jan  8 2013,rst cause:1, boot mode:(3,7)

load 0x4010f000, len 1384, room 16 
tail 8
chksum 0x2d
csum 0x2d
v8b899c12
~ld


6.01
 0h00:03.032 2021/05/13T23:54:39z: DS3231
 0h00:03.047 2021/05/13T23:54:39z: BME280 (0x76)
 0h00:03.061 2021/05/13T23:54:39z: 10:52:1c:4c:86:4
 0h00:03.063 2021/05/13T23:54:39z: SSID: Apollonia Students Halls
 0h00:03.068 2021/05/13T23:54:39z: AP_STA