R tmr
 ets Jan  8 2013,rst cause:1, boot mode:(3,7)

load 0x4010f000, len 1384, room 16 
tail 8
chksum 0x2d
csum 0x2d
v8b899c12
~ld


6.01
 0h00:03.059 2021/06/15T00:15:18z: DS3231
 0h00:03.074 2021/06/15T00:15:18z: BME280 (0x76)
 0h00:03.088 2021/06/15T00:15:19z: 50:2:91:e5:36:6e
 0h00:03.090 2021/06/15T00:15:19z: SSID: ARRIS-A013
 0h00:03.095 2021/06/15T00:15:19z: AP_STAR tmr
 ets Jan  8 2013,rst cause:1, boot mode:(3,7)

load 0x4010f000, len 1384, room 16 
tail 8
chksum 0x2d
csum 0x2d
v8b899c12
~ld


6.01
 0h00:03.058 2021/06/15T00:35:15z: DS3231
 0h00:03.073 2021/06/15T00:35:15z: BME280 (0x76)
 0h00:03.088 2021/06/15T00:35:15z: 50:2:91:e5:36:6e
 0h00:03.089 2021/06/15T00:35:15z: SSID: ARRIS-A013
 0h00:03.094 2021/06/15T00:35:15z: AP_STAR tmr
 ets Jan  8 2013,rst cause:1, boot mode:(3,7)

load 0x4010f000, len 1384, room 16 
tail 8
chksum 0x2d
csum 0x2d
v8b899c12
~ld


6.01
 0h00:03.063 2021/06/15T00:55:11z: DS3231
 0h00:03.078 2021/06/15T00:55:11z: BME280 (0x76)
 0h00:03.092 2021/06/15T00:55:11z: 50:2:91:e5:36:6e
 0h00:03.094 2021/06/15T00:55:11z: SSID: ARRIS-A013
 0h00:03.099 2021/06/15T00:55:11z: AP_STAR tmr
 ets Jan  8 2013,rst cause:1, boot mode:(3,7)

load 0x4010f000, len 1384, room 16 
tail 8
chksum 0x2d
csum 0x2d
v8b899c12
~ld


6.01
 0h00:03.076 2021/06/15T01:15:08z: DS3231
 0h00:03.091 2021/06/15T01:15:08z: BME280 (0x76)
 0h00:03.105 2021/06/15T01:15:08z: 50:2:91:e5:36:6e
 0h00:03.107 2021/06/15T01:15:08z: SSID: ARRIS-A013
 0h00:03.112 2021/06/15T01:15:08z: AP_STAR tmr
 ets Jan  8 2013,rst cause:1, boot mode:(3,7)

load 0x4010f000, len 1384, room 16 
tail 8
chksum 0x2d
csum 0x2d
v8b899c12
~ld


6.01
 0h00:03.085 2021/06/15T01:35:04z: DS3231
 0h00:03.101 2021/06/15T01:35:04z: BME280 (0x76)
 0h00:03.115 2021/06/15T01:35:04z: 50:2:91:e5:36:6e
 0h00:03.117 2021/06/15T01:35:04z: SSID: ARRIS-A013
 0h00:03.122 2021/06/15T01:35:04z: AP_STAR tmr
 ets Jan  8 2013,rst cause:1, boot mode:(3,7)

load 0x4010f000, len 1384, room 16 
tail 8
chksum 0x2d
csum 0x2d
v8b899c12
~ld


6.01
 0h00:03.091 2021/06/15T01:55:00z: DS3231
 0h00:03.106 2021/06/15T01:55:00z: BME280 (0x76)
 0h00:03.120 2021/06/15T01:55:00z: 50:2:91:e5:36:6e
 0h00:03.122 2021/06/15T01:55:00z: SSID: ARRIS-A013
 0h00:03.127 2021/06/15T01:55:00z: AP_STAR tmr
 ets Jan  8 2013,rst cause:1, boot mode:(3,7)

load 0x4010f000, len 1384, room 16 
tail 8
chksum 0x2d
csum 0x2d
v8b899c12
~ld


6.01
 0h00:03.065 2021/06/15T02:14:56z: DS3231
 0h00:03.080 2021/06/15T02:14:56z: BME280 (0x76)
 0h00:03.094 2021/06/15T02:14:56z: 50:2:91:e5:36:6e
 0h00:03.096 2021/06/15T02:14:56z: SSID: ARRIS-A013
 0h00:03.101 2021/06/15T02:14:56z: AP_STAR tmr
 ets Jan  8 2013,rst cause:1, boot mode:(3,7)

load 0x4010f000, len 1384, room 16 
tail 8
chksum 0x2d
csum 0x2d
v8b899c12
~ld


6.01
 0h00:03.057 2021/06/15T02:34:53z: DS3231
 0h00:03.073 2021/06/15T02:34:53z: BME280 (0x76)
 0h00:03.087 2021/06/15T02:34:53z: 50:2:91:e5:36:6e
 0h00:03.089 2021/06/15T02:34:53z: SSID: ARRIS-A013
 0h00:03.094 2021/06/15T02:34:53z: AP_STAR tmr
 ets Jan  8 2013,rst cause:1, boot mode:(3,7)

load 0x4010f000, len 1384, room 16 
tail 8
chksum 0x2d
csum 0x2d
v8b899c12
~ld


6.01
 0h00:03.064 2021/06/15T02:54:49z: DS3231
 0h00:03.079 2021/06/15T02:54:49z: BME280 (0x76)
 0h00:03.093 2021/06/15T02:54:49z: 50:2:91:e5:36:6e
 0h00:03.095 2021/06/15T02:54:49z: SSID: ARRIS-A013
 0h00:03.100 2021/06/15T02:54:49z: AP_STAR tmr
 ets Jan  8 2013,rst cause:1, boot mode:(3,7)

load 0x4010f000, len 1384, room 16 
tail 8
chksum 0x2d
csum 0x2d
v8b899c12
~ld


6.01
 0h00:03.057 2021/06/15T03:14:46z: DS3231
 0h00:03.072 2021/06/15T03:14:46z: BME280 (0x76)
 0h00:03.086 2021/06/15T03:14:46z: 50:2:91:e5:36:6e
 0h00:03.088 2021/06/15T03:14:46z: SSID: ARRIS-A013
 0h00:03.093 2021/06/15T03:14:46z: AP_STAR tmr
 ets Jan  8 2013,rst cause:1, boot mode:(3,7)

load 0x4010f000, len 1384, room 16 
tail 8
chksum 0x2d
csum 0x2d
v8b899c12
~ld


6.01
 0h00:03.067 2021/06/15T03:34:42z: DS3231
 0h00:03.082 2021/06/15T03:34:42z: BME280 (0x76)
 0h00:03.096 2021/06/15T03:34:42z: 50:2:91:e5:36:6e
 0h00:03.098 2021/06/15T03:34:42z: SSID: ARRIS-A013
 0h00:03.103 2021/06/15T03:34:42z: AP_STAR tmr
 ets Jan  8 2013,rst cause:1, boot mode:(3,7)

load 0x4010f000, len 1384, room 16 
tail 8
chksum 0x2d
csum 0x2d
v8b899c12
~ld


6.01
 0h00:03.078 2021/06/15T03:54:38z: DS3231
 0h00:03.093 2021/06/15T03:54:38z: BME280 (0x76)
 0h00:03.107 2021/06/15T03:54:38z: 50:2:91:e5:36:6e
 0h00:03.109 2021/06/15T03:54:38z: SSID: ARRIS-A013
 0h00:03.114 2021/06/15T03:54:38z: AP_STAR tmr
 ets Jan  8 2013,rst cause:1, boot mode:(3,7)

load 0x4010f000, len 1384, room 16 
tail 8
chksum 0x2d
csum 0x2d
v8b899c12
~ld


6.01
 0h00:03.082 2021/06/15T04:14:35z: DS3231
 0h00:03.098 2021/06/15T04:14:35z: BME280 (0x76)
 0h00:03.112 2021/06/15T04:14:35z: 50:2:91:e5:36:6e
 0h00:03.114 2021/06/15T04:14:35z: SSID: ARRIS-A013
 0h00:03.119 2021/06/15T04:14:35z: AP_STAR tmr
 ets Jan  8 2013,rst cause:1, boot mode:(3,7)

load 0x4010f000, len 1384, room 16 
tail 8
chksum 0x2d
csum 0x2d
v8b899c12
~ld


6.01
 0h00:03.097 2021/06/15T04:34:30z: DS3231
 0h00:03.112 2021/06/15T04:34:30z: BME280 (0x76)
 0h00:03.127 2021/06/15T04:34:30z: 50:2:91:e5:36:6e
 0h00:03.128 2021/06/15T04:34:30z: SSID: ARRIS-A013
 0h00:03.133 2021/06/15T04:34:30z: AP_STAR tmr
 ets Jan  8 2013,rst cause:1, boot mode:(3,7)

load 0x4010f000, len 1384, room 16 
tail 8
chksum 0x2d
csum 0x2d
v8b899c12
~ld


6.01
 0h00:03.066 2021/06/15T04:54:27z: DS3231
 0h00:03.081 2021/06/15T04:54:27z: BME280 (0x76)
 0h00:03.095 2021/06/15T04:54:27z: 50:2:91:e5:36:6e
 0h00:03.097 2021/06/15T04:54:27z: SSID: ARRIS-A013
 0h00:03.102 2021/06/15T04:54:27z: AP_STAR tmr
 ets Jan  8 2013,rst cause:1, boot mode:(3,7)

load 0x4010f000, len 1384, room 16 
tail 8
chksum 0x2d
csum 0x2d
v8b899c12
~ld


6.01
 0h00:03.069 2021/06/15T05:14:23z: DS3231
 0h00:03.084 2021/06/15T05:14:23z: BME280 (0x76)
 0h00:03.098 2021/06/15T05:14:23z: 50:2:91:e5:36:6e
 0h00:03.100 2021/06/15T05:14:23z: SSID: ARRIS-A013
 0h00:03.105 2021/06/15T05:14:23z: AP_STAR tmr
 ets Jan  8 2013,rst cause:1, boot mode:(3,7)

load 0x4010f000, len 1384, room 16 
tail 8
chksum 0x2d
csum 0x2d
v8b899c12
~ld


6.01
 0h00:03.065 2021/06/15T05:34:19z: DS3231
 0h00:03.080 2021/06/15T05:34:19z: BME280 (0x76)
 0h00:03.094 2021/06/15T05:34:19z: 50:2:91:e5:36:6e
 0h00:03.096 2021/06/15T05:34:19z: SSID: ARRIS-A013
 0h00:03.101 2021/06/15T05:34:19z: AP_STAR tmr
 ets Jan  8 2013,rst cause:1, boot mode:(3,7)

load 0x4010f000, len 1384, room 16 
tail 8
chksum 0x2d
csum 0x2d
v8b899c12
~ld


6.01
 0h00:03.074 2021/06/15T05:54:16z: DS3231
 0h00:03.090 2021/06/15T05:54:16z: BME280 (0x76)
 0h00:03.104 2021/06/15T05:54:16z: 50:2:91:e5:36:6e
 0h00:03.106 2021/06/15T05:54:16z: SSID: ARRIS-A013
 0h00:03.111 2021/06/15T05:54:16z: AP_STAR tmr
 ets Jan  8 2013,rst cause:1, boot mode:(3,7)

load 0x4010f000, len 1384, room 16 
tail 8
chksum 0x2d
csum 0x2d
v8b899c12
~ld


6.01
 0h00:03.062 2021/06/15T06:14:12z: DS3231
 0h00:03.077 2021/06/15T06:14:12z: BME280 (0x76)
 0h00:03.091 2021/06/15T06:14:12z: 50:2:91:e5:36:6e
 0h00:03.093 2021/06/15T06:14:12z: SSID: ARRIS-A013
 0h00:03.098 2021/06/15T06:14:12z: AP_STAR tmr
 ets Jan  8 2013,rst cause:1, boot mode:(3,7)

load 0x4010f000, len 1384, room 16 
tail 8
chksum 0x2d
csum 0x2d
v8b899c12
~ld


6.01
 0h00:03.079 2021/06/15T06:34:08z: DS3231
 0h00:03.094 2021/06/15T06:34:08z: BME280 (0x76)
 0h00:03.109 2021/06/15T06:34:08z: 50:2:91:e5:36:6e
 0h00:03.110 2021/06/15T06:34:08z: SSID: ARRIS-A013
 0h00:03.115 2021/06/15T06:34:08z: AP_STAR tmr
 ets Jan  8 2013,rst cause:1, boot mode:(3,7)

load 0x4010f000, len 1384, room 16 
tail 8
chksum 0x2d
csum 0x2d
v8b899c12
~ld


6.01
 0h00:03.081 2021/06/15T06:54:04z: DS3231
 0h00:03.096 2021/06/15T06:54:04z: BME280 (0x76)
 0h00:03.111 2021/06/15T06:54:04z: 50:2:91:e5:36:6e
 0h00:03.112 2021/06/15T06:54:04z: SSID: ARRIS-A013
 0h00:03.117 2021/06/15T06:54:04z: AP_STAR tmr
 ets Jan  8 2013,rst cause:1, boot mode:(3,7)

load 0x4010f000, len 1384, room 16 
tail 8
chksum 0x2d
csum 0x2d
v8b899c12
~ld


6.01
 0h00:03.094 2021/06/15T07:14:01z: DS3231
 0h00:03.109 2021/06/15T07:14:01z: BME280 (0x76)
 0h00:03.123 2021/06/15T07:14:01z: 50:2:91:e5:36:6e
 0h00:03.125 2021/06/15T07:14:01z: SSID: ARRIS-A013
 0h00:03.130 2021/06/15T07:14:01z: AP_STAR tmr
 ets Jan  8 2013,rst cause:1, boot mode:(3,7)

load 0x4010f000, len 1384, room 16 
tail 8
chksum 0x2d
csum 0x2d
v8b899c12
~ld


6.01
 0h00:03.070 2021/06/15T07:33:56z: DS3231
 0h00:03.085 2021/06/15T07:33:56z: BME280 (0x76)
 0h00:03.099 2021/06/15T07:33:56z: 50:2:91:e5:36:6e
 0h00:03.101 2021/06/15T07:33:56z: SSID: ARRIS-A013
 0h00:03.106 2021/06/15T07:33:56z: AP_STAR tmr
 ets Jan  8 2013,rst cause:1, boot mode:(3,7)

load 0x4010f000, len 1384, room 16 
tail 8
chksum 0x2d
csum 0x2d
v8b899c12
~ld


6.01
 0h00:03.064 2021/06/15T07:53:52z: DS3231
 0h00:03.080 2021/06/15T07:53:52z: BME280 (0x76)
 0h00:03.094 2021/06/15T07:53:52z: 50:2:91:e5:36:6e
 0h00:03.095 2021/06/15T07:53:52z: SSID: ARRIS-A013
 0h00:03.101 2021/06/15T07:53:52z: AP_STAR tmr
 ets Jan  8 2013,rst cause:1, boot mode:(3,7)

load 0x4010f000, len 1384, room 16 
tail 8
chksum 0x2d
csum 0x2d
v8b899c12
~ld


6.01
 0h00:03.059 2021/06/15T08:13:48z: DS3231
 0h00:03.075 2021/06/15T08:13:48z: BME280 (0x76)
 0h00:03.089 2021/06/15T08:13:48z: 50:2:91:e5:36:6e
 0h00:03.091 2021/06/15T08:13:48z: SSID: ARRIS-A013
 0h00:03.096 2021/06/15T08:13:48z: AP_STAR tmr
 ets Jan  8 2013,rst cause:1, boot mode:(3,7)

load 0x4010f000, len 1384, room 16 
tail 8
chksum 0x2d
csum 0x2d
v8b899c12
~ld


6.01
 0h00:03.068 2021/06/15T08:33:44z: DS3231
 0h00:03.083 2021/06/15T08:33:44z: BME280 (0x76)
 0h00:03.098 2021/06/15T08:33:44z: 50:2:91:e5:36:6e
 0h00:03.099 2021/06/15T08:33:44z: SSID: ARRIS-A013
 0h00:03.104 2021/06/15T08:33:44z: AP_STAR tmr
 ets Jan  8 2013,rst cause:1, boot mode:(3,7)

load 0x4010f000, len 1384, room 16 
tail 8
chksum 0x2d
csum 0x2d
v8b899c12
~ld


6.01
 0h00:03.064 2021/06/15T08:53:40z: DS3231
 0h00:03.079 2021/06/15T08:53:40z: BME280 (0x76)
 0h00:03.094 2021/06/15T08:53:40z: 50:2:91:e5:36:6e
 0h00:03.095 2021/06/15T08:53:40z: SSID: ARRIS-A013
 0h00:03.100 2021/06/15T08:53:40z: AP_STAR tmr
 ets Jan  8 2013,rst cause:1, boot mode:(3,7)

load 0x4010f000, len 1384, room 16 
tail 8
chksum 0x2d
csum 0x2d
v8b899c12
~ld


6.01
 0h00:03.078 2021/06/15T09:13:37z: DS3231
 0h00:03.093 2021/06/15T09:13:37z: BME280 (0x76)
 0h00:03.107 2021/06/15T09:13:37z: 50:2:91:e5:36:6e
 0h00:03.109 2021/06/15T09:13:37z: SSID: ARRIS-A013
 0h00:03.114 2021/06/15T09:13:37z: AP_STAR tmr
 ets Jan  8 2013,rst cause:1, boot mode:(3,7)

load 0x4010f000, len 1384, room 16 
tail 8
chksum 0x2d
csum 0x2d
v8b899c12
~ld


6.01
 0h00:03.089 2021/06/15T09:33:34z: DS3231
 0h00:03.105 2021/06/15T09:33:34z: BME280 (0x76)
 0h00:03.119 2021/06/15T09:33:34z: 50:2:91:e5:36:6e
 0h00:03.121 2021/06/15T09:33:34z: SSID: ARRIS-A013
 0h00:03.126 2021/06/15T09:33:34z: AP_STAR tmr
 ets Jan  8 2013,rst cause:1, boot mode:(3,7)

load 0x4010f000, len 1384, room 16 
tail 8
chksum 0x2d
csum 0x2d
v8b899c12
~ld


6.01
 0h00:03.092 2021/06/15T09:53:29z: DS3231
 0h00:03.107 2021/06/15T09:53:29z: BME280 (0x76)
 0h00:03.121 2021/06/15T09:53:29z: 50:2:91:e5:36:6e
 0h00:03.123 2021/06/15T09:53:29z: SSID: ARRIS-A013
 0h00:03.128 2021/06/15T09:53:29z: AP_STAR tmr
 ets Jan  8 2013,rst cause:1, boot mode:(3,7)

load 0x4010f000, len 1384, room 16 
tail 8
chksum 0x2d
csum 0x2d
v8b899c12
~ld


6.01
 0h00:03.070 2021/06/15T10:13:26z: DS3231
 0h00:03.086 2021/06/15T10:13:26z: BME280 (0x76)
 0h00:03.100 2021/06/15T10:13:26z: 50:2:91:e5:36:6e
 0h00:03.101 2021/06/15T10:13:26z: SSID: ARRIS-A013
 0h00:03.107 2021/06/15T10:13:26z: AP_STA