R tmr
 ets Jan  8 2013,rst cause:1, boot mode:(3,7)

load 0x4010f000, len 1384, room 16 
tail 8
chksum 0x2d
csum 0x2d
v8b899c12
~ld


6.01
 0h00:03.077 2021/06/14T11:17:46z: DS3231
 0h00:03.092 2021/06/14T11:17:46z: BME280 (0x76)
 0h00:03.106 2021/06/14T11:17:46z: 50:2:91:e5:36:6e
 0h00:03.108 2021/06/14T11:17:46z: SSID: ARRIS-A013
 0h00:03.113 2021/06/14T11:17:46z: AP_STAR tmr
 ets Jan  8 2013,rst cause:1, boot mode:(3,7)

load 0x4010f000, len 1384, room 16 
tail 8
chksum 0x2d
csum 0x2d
v8b899c12
~ld


6.01
 0h00:03.081 2021/06/14T11:37:43z: DS3231
 0h00:03.096 2021/06/14T11:37:43z: BME280 (0x76)
 0h00:03.110 2021/06/14T11:37:43z: 50:2:91:e5:36:6e
 0h00:03.112 2021/06/14T11:37:43z: SSID: ARRIS-A013
 0h00:03.117 2021/06/14T11:37:43z: AP_STAR tmr
 ets Jan  8 2013,rst cause:1, boot mode:(3,7)

load 0x4010f000, len 1384, room 16 
tail 8
chksum 0x2d
csum 0x2d
v8b899c12
~ld


6.01
 0h00:03.091 2021/06/14T11:57:39z: DS3231
 0h00:03.107 2021/06/14T11:57:39z: BME280 (0x76)
 0h00:03.121 2021/06/14T11:57:39z: 50:2:91:e5:36:6e
 0h00:03.123 2021/06/14T11:57:39z: SSID: ARRIS-A013
 0h00:03.128 2021/06/14T11:57:39z: AP_STAR tmr
 ets Jan  8 2013,rst cause:1, boot mode:(3,7)

load 0x4010f000, len 1384, room 16 
tail 8
chksum 0x2d
csum 0x2d
v8b899c12
~ld


6.01
 0h00:03.066 2021/06/14T12:17:35z: DS3231
 0h00:03.081 2021/06/14T12:17:35z: BME280 (0x76)
 0h00:03.095 2021/06/14T12:17:35z: 50:2:91:e5:36:6e
 0h00:03.097 2021/06/14T12:17:35z: SSID: ARRIS-A013
 0h00:03.102 2021/06/14T12:17:35z: AP_STAR tmr
 ets Jan  8 2013,rst cause:1, boot mode:(3,7)

load 0x4010f000, len 1384, room 16 
tail 8
chksum 0x2d
csum 0x2d
v8b899c12
~ld


6.01
 0h00:03.057 2021/06/14T12:37:31z: DS3231
 0h00:03.073 2021/06/14T12:37:31z: BME280 (0x76)
 0h00:03.087 2021/06/14T12:37:31z: 50:2:91:e5:36:6e
 0h00:03.088 2021/06/14T12:37:31z: SSID: ARRIS-A013
 0h00:03.094 2021/06/14T12:37:31z: AP_STAR tmr
 ets Jan  8 2013,rst cause:1, boot mode:(3,7)

load 0x4010f000, len 1384, room 16 
tail 8
chksum 0x2d
csum 0x2d
v8b899c12
~ld


6.01
 0h00:03.062 2021/06/14T12:57:28z: DS3231
 0h00:03.077 2021/06/14T12:57:28z: BME280 (0x76)
 0h00:03.091 2021/06/14T12:57:28z: 50:2:91:e5:36:6e
 0h00:03.093 2021/06/14T12:57:28z: SSID: ARRIS-A013
 0h00:03.098 2021/06/14T12:57:28z: AP_STAR tmr
 ets Jan  8 2013,rst cause:1, boot mode:(3,7)

load 0x4010f000, len 1384, room 16 
tail 8
chksum 0x2d
csum 0x2d
v8b899c12
~ld


6.01
 0h00:03.062 2021/06/14T13:17:24z: DS3231
 0h00:03.077 2021/06/14T13:17:24z: BME280 (0x76)
 0h00:03.091 2021/06/14T13:17:24z: 50:2:91:e5:36:6e
 0h00:03.093 2021/06/14T13:17:24z: SSID: ARRIS-A013
 0h00:03.098 2021/06/14T13:17:24z: AP_STAR tmr
 ets Jan  8 2013,rst cause:1, boot mode:(3,7)

load 0x4010f000, len 1384, room 16 
tail 8
chksum 0x2d
csum 0x2d
v8b899c12
~ld


6.01
 0h00:03.069 2021/06/14T13:37:19z: DS3231
 0h00:03.084 2021/06/14T13:37:19z: BME280 (0x76)
 0h00:03.098 2021/06/14T13:37:19z: 50:2:91:e5:36:6e
 0h00:03.100 2021/06/14T13:37:19z: SSID: ARRIS-A013
 0h00:03.105 2021/06/14T13:37:19z: AP_STAR tmr
 ets Jan  8 2013,rst cause:1, boot mode:(3,7)

load 0x4010f000, len 1384, room 16 
tail 8
chksum 0x2d
csum 0x2d
v8b899c12
~ld


6.01
 0h00:03.065 2021/06/14T13:57:16z: DS3231
 0h00:03.081 2021/06/14T13:57:16z: BME280 (0x76)
 0h00:03.095 2021/06/14T13:57:16z: 50:2:91:e5:36:6e
 0h00:03.096 2021/06/14T13:57:16z: SSID: ARRIS-A013
 0h00:03.102 2021/06/14T13:57:16z: AP_STAR tmr
 ets Jan  8 2013,rst cause:1, boot mode:(3,7)

load 0x4010f000, len 1384, room 16 
tail 8
chksum 0x2d
csum 0x2d
v8b899c12
~ld


6.01
 0h00:03.064 2021/06/14T14:17:13z: DS3231
 0h00:03.079 2021/06/14T14:17:13z: BME280 (0x76)
 0h00:03.093 2021/06/14T14:17:13z: 50:2:91:e5:36:6e
 0h00:03.095 2021/06/14T14:17:13z: SSID: ARRIS-A013
 0h00:03.100 2021/06/14T14:17:13z: AP_STAR tmr
 ets Jan  8 2013,rst cause:1, boot mode:(3,7)

load 0x4010f000, len 1384, room 16 
tail 8
chksum 0x2d
csum 0x2d
v8b899c12
~ld


6.01
 0h00:03.070 2021/06/14T14:37:09z: DS3231
 0h00:03.085 2021/06/14T14:37:10z: BME280 (0x76)
 0h00:03.099 2021/06/14T14:37:10z: 50:2:91:e5:36:6e
 0h00:03.101 2021/06/14T14:37:10z: SSID: ARRIS-A013
 0h00:03.106 2021/06/14T14:37:10z: AP_STAR tmr
 ets Jan  8 2013,rst cause:1, boot mode:(3,7)

load 0x4010f000, len 1384, room 16 
tail 8
chksum 0x2d
csum 0x2d
v8b899c12
~ld


6.01
 0h00:03.076 2021/06/14T14:57:05z: DS3231
 0h00:03.091 2021/06/14T14:57:05z: BME280 (0x76)
 0h00:03.105 2021/06/14T14:57:05z: 50:2:91:e5:36:6e
 0h00:03.107 2021/06/14T14:57:05z: SSID: ARRIS-A013
 0h00:03.112 2021/06/14T14:57:05z: AP_STAR tmr
 ets Jan  8 2013,rst cause:1, boot mode:(3,7)

load 0x4010f000, len 1384, room 16 
tail 8
chksum 0x2d
csum 0x2d
v8b899c12
~ld


6.01
 0h00:03.089 2021/06/14T15:17:01z: DS3231
 0h00:03.104 2021/06/14T15:17:01z: BME280 (0x76)
 0h00:03.118 2021/06/14T15:17:01z: 50:2:91:e5:36:6e
 0h00:03.120 2021/06/14T15:17:01z: SSID: ARRIS-A013
 0h00:03.125 2021/06/14T15:17:01z: AP_STAR tmr
 ets Jan  8 2013,rst cause:1, boot mode:(3,7)

load 0x4010f000, len 1384, room 16 
tail 8
chksum 0x2d
csum 0x2d
v8b899c12
~ld


6.01
 0h00:03.061 2021/06/14T15:36:57z: DS3231
 0h00:03.077 2021/06/14T15:36:57z: BME280 (0x76)
 0h00:03.091 2021/06/14T15:36:57z: 50:2:91:e5:36:6e
 0h00:03.093 2021/06/14T15:36:57z: SSID: ARRIS-A013
 0h00:03.098 2021/06/14T15:36:57z: AP_STAR tmr
 ets Jan  8 2013,rst cause:1, boot mode:(3,7)

load 0x4010f000, len 1384, room 16 
tail 8
chksum 0x2d
csum 0x2d
v8b899c12
~ld


6.01
 0h00:03.057 2021/06/14T15:56:53z: DS3231
 0h00:03.073 2021/06/14T15:56:53z: BME280 (0x76)
 0h00:03.087 2021/06/14T15:56:53z: 50:2:91:e5:36:6e
 0h00:03.089 2021/06/14T15:56:53z: SSID: ARRIS-A013
 0h00:03.094 2021/06/14T15:56:53z: AP_STAR tmr
 ets Jan  8 2013,rst cause:1, boot mode:(3,7)

load 0x4010f000, len 1384, room 16 
tail 8
chksum 0x2d
csum 0x2d
v8b899c12
~ld


6.01
 0h00:03.067 2021/06/14T16:16:50z: DS3231
 0h00:03.082 2021/06/14T16:16:50z: BME280 (0x76)
 0h00:03.096 2021/06/14T16:16:50z: 50:2:91:e5:36:6e
 0h00:03.098 2021/06/14T16:16:50z: SSID: ARRIS-A013
 0h00:03.103 2021/06/14T16:16:50z: AP_STAR tmr
 ets Jan  8 2013,rst cause:1, boot mode:(3,7)

load 0x4010f000, len 1384, room 16 
tail 8
chksum 0x2d
csum 0x2d
v8b899c12
~ld


6.01
 0h00:03.059 2021/06/14T16:36:47z: DS3231
 0h00:03.074 2021/06/14T16:36:47z: BME280 (0x76)
 0h00:03.089 2021/06/14T16:36:47z: 50:2:91:e5:36:6e
 0h00:03.090 2021/06/14T16:36:47z: SSID: ARRIS-A013
 0h00:03.095 2021/06/14T16:36:47z: AP_STAR tmr
 ets Jan  8 2013,rst cause:1, boot mode:(3,7)

load 0x4010f000, len 1384, room 16 
tail 8
chksum 0x2d
csum 0x2d
v8b899c12
~ld


6.01
 0h00:03.065 2021/06/14T16:56:43z: DS3231
 0h00:03.081 2021/06/14T16:56:43z: BME280 (0x76)
 0h00:03.095 2021/06/14T16:56:43z: 50:2:91:e5:36:6e
 0h00:03.097 2021/06/14T16:56:43z: SSID: ARRIS-A013
 0h00:03.102 2021/06/14T16:56:43z: AP_STAR tmr
 ets Jan  8 2013,rst cause:1, boot mode:(3,7)

load 0x4010f000, len 1384, room 16 
tail 8
chksum 0x2d
csum 0x2d
v8b899c12
~ld


6.01
 0h00:03.070 2021/06/14T17:16:40z: DS3231
 0h00:03.086 2021/06/14T17:16:40z: BME280 (0x76)
 0h00:03.100 2021/06/14T17:16:40z: 50:2:91:e5:36:6e
 0h00:03.101 2021/06/14T17:16:40z: SSID: ARRIS-A013
 0h00:03.107 2021/06/14T17:16:40z: AP_STAR tmr
 ets Jan  8 2013,rst cause:1, boot mode:(3,7)

load 0x4010f000, len 1384, room 16 
tail 8
chksum 0x2d
csum 0x2d
v8b899c12
~ld


6.01
 0h00:03.080 2021/06/14T17:36:36z: DS3231
 0h00:03.096 2021/06/14T17:36:36z: BME280 (0x76)
 0h00:03.110 2021/06/14T17:36:36z: 50:2:91:e5:36:6e
 0h00:03.112 2021/06/14T17:36:36z: SSID: ARRIS-A013
 0h00:03.117 2021/06/14T17:36:36z: AP_STAR tmr
 ets Jan  8 2013,rst cause:1, boot mode:(3,7)

load 0x4010f000, len 1384, room 16 
tail 8
chksum 0x2d
csum 0x2d
v8b899c12
~ld


6.01
 0h00:03.084 2021/06/14T17:56:33z: DS3231
 0h00:03.099 2021/06/14T17:56:33z: BME280 (0x76)
 0h00:03.113 2021/06/14T17:56:33z: 50:2:91:e5:36:6e
 0h00:03.115 2021/06/14T17:56:33z: SSID: ARRIS-A013
 0h00:03.120 2021/06/14T17:56:33z: AP_STAR tmr
 ets Jan  8 2013,rst cause:1, boot mode:(3,7)

load 0x4010f000, len 1384, room 16 
tail 8
chksum 0x2d
csum 0x2d
v8b899c12
~ld


6.01
 0h00:03.058 2021/06/14T18:16:28z: DS3231
 0h00:03.073 2021/06/14T18:16:28z: BME280 (0x76)
 0h00:03.087 2021/06/14T18:16:28z: 50:2:91:e5:36:6e
 0h00:03.089 2021/06/14T18:16:28z: SSID: ARRIS-A013
 0h00:03.094 2021/06/14T18:16:28z: AP_STAR tmr
 ets Jan  8 2013,rst cause:1, boot mode:(3,7)

load 0x4010f000, len 1384, room 16 
tail 8
chksum 0x2d
csum 0x2d
v8b899c12
~ld


6.01
 0h00:03.063 2021/06/14T18:36:24z: DS3231
 0h00:03.078 2021/06/14T18:36:24z: BME280 (0x76)
 0h00:03.092 2021/06/14T18:36:24z: 50:2:91:e5:36:6e
 0h00:03.094 2021/06/14T18:36:24z: SSID: ARRIS-A013
 0h00:03.099 2021/06/14T18:36:24z: AP_STAR tmr
 ets Jan  8 2013,rst cause:1, boot mode:(3,7)

load 0x4010f000, len 1384, room 16 
tail 8
chksum 0x2d
csum 0x2d
v8b899c12
~ld


6.01
 0h00:03.070 2021/06/14T18:56:20z: DS3231
 0h00:03.086 2021/06/14T18:56:20z: BME280 (0x76)
 0h00:03.100 2021/06/14T18:56:20z: 50:2:91:e5:36:6e
 0h00:03.101 2021/06/14T18:56:20z: SSID: ARRIS-A013
 0h00:03.107 2021/06/14T18:56:20z: AP_STAR tmr
 ets Jan  8 2013,rst cause:1, boot mode:(3,7)

load 0x4010f000, len 1384, room 16 
tail 8
chksum 0x2d
csum 0x2d
v8b899c12
~ld


6.01
 0h00:03.058 2021/06/14T19:16:16z: DS3231
 0h00:03.073 2021/06/14T19:16:16z: BME280 (0x76)
 0h00:03.087 2021/06/14T19:16:16z: 50:2:91:e5:36:6e
 0h00:03.089 2021/06/14T19:16:16z: SSID: ARRIS-A013
 0h00:03.094 2021/06/14T19:16:16z: AP_STAR tmr
 ets Jan  8 2013,rst cause:1, boot mode:(3,7)

load 0x4010f000, len 1384, room 16 
tail 8
chksum 0x2d
csum 0x2d
v8b899c12
~ld


6.01
 0h00:03.064 2021/06/14T19:36:12z: DS3231
 0h00:03.080 2021/06/14T19:36:12z: BME280 (0x76)
 0h00:03.094 2021/06/14T19:36:12z: 50:2:91:e5:36:6e
 0h00:03.096 2021/06/14T19:36:12z: SSID: ARRIS-A013
 0h00:03.101 2021/06/14T19:36:12z: AP_STAR tmr
 ets Jan  8 2013,rst cause:1, boot mode:(3,7)

load 0x4010f000, len 1384, room 16 
tail 8
chksum 0x2d
csum 0x2d
v8b899c12
~ld


6.01
 0h00:03.074 2021/06/14T19:56:08z: DS3231
 0h00:03.089 2021/06/14T19:56:08z: BME280 (0x76)
 0h00:03.103 2021/06/14T19:56:08z: 50:2:91:e5:36:6e
 0h00:03.105 2021/06/14T19:56:08z: SSID: ARRIS-A013
 0h00:03.110 2021/06/14T19:56:08z: AP_STAR tmr
 ets Jan  8 2013,rst cause:1, boot mode:(3,7)

load 0x4010f000, len 1384, room 16 
tail 8
chksum 0x2d
csum 0x2d
v8b899c12
~ld


6.01
 0h00:03.080 2021/06/14T20:16:04z: DS3231
 0h00:03.096 2021/06/14T20:16:05z: BME280 (0x76)
 0h00:03.110 2021/06/14T20:16:05z: 50:2:91:e5:36:6e
 0h00:03.112 2021/06/14T20:16:05z: SSID: ARRIS-A013
 0h00:03.117 2021/06/14T20:16:05z: AP_STAR tmr
 ets Jan  8 2013,rst cause:1, boot mode:(3,7)

load 0x4010f000, len 1384, room 16 
tail 8
chksum 0x2d
csum 0x2d
v8b899c12
~ld


6.01
 0h00:03.098 2021/06/14T20:36:01z: DS3231
 0h00:03.113 2021/06/14T20:36:01z: BME280 (0x76)
 0h00:03.127 2021/06/14T20:36:01z: 50:2:91:e5:36:6e
 0h00:03.129 2021/06/14T20:36:01z: SSID: ARRIS-A013
 0h00:03.134 2021/06/14T20:36:01z: AP_STAR tmr
 ets Jan  8 2013,rst cause:1, boot mode:(3,7)

load 0x4010f000, len 1384, room 16 
tail 8
chksum 0x2d
csum 0x2d
v8b899c12
~ld


6.01
 0h00:03.059 2021/06/14T20:55:57z: DS3231
 0h00:03.075 2021/06/14T20:55:57z: BME280 (0x76)
 0h00:03.089 2021/06/14T20:55:57z: 50:2:91:e5:36:6e
 0h00:03.091 2021/06/14T20:55:57z: SSID: ARRIS-A013
 0h00:03.096 2021/06/14T20:55:57z: AP_STAR tmr
 ets Jan  8 2013,rst cause:1, boot mode:(3,7)

load 0x4010f000, len 1384, room 16 
tail 8
chksum 0x2d
csum 0x2d
v8b899c12
~ld


6.01
 0h00:03.068 2021/06/14T21:15:53z: DS3231
 0h00:03.083 2021/06/14T21:15:53z: BME280 (0x76)
 0h00:03.097 2021/06/14T21:15:53z: 50:2:91:e5:36:6e
 0h00:03.099 2021/06/14T21:15:53z: SSID: ARRIS-A013
 0h00:03.104 2021/06/14T21:15:53z: AP_STAR tmr
 ets Jan  8 2013,rst cause:1, boot mode:(3,7)

load 0x4010f000, len 1384, room 16 
tail 8
chksum 0x2d
csum 0x2d
v8b899c12
~ld


6.01
 0h00:03.063 2021/06/14T21:35:50z: DS3231
 0h00:03.079 2021/06/14T21:35:50z: BME280 (0x76)
 0h00:03.093 2021/06/14T21:35:50z: 50:2:91:e5:36:6e
 0h00:03.095 2021/06/14T21:35:50z: SSID: ARRIS-A013
 0h00:03.100 2021/06/14T21:35:50z: AP_STAR tmr
 ets Jan  8 2013,rst cause:1, boot mode:(3,7)

load 0x4010f000, len 1384, room 16 
tail 8
chksum 0x2d
csum 0x2d
v8b899c12
~ld


6.01
 0h00:03.062 2021/06/14T21:55:46z: DS3231
 0h00:03.077 2021/06/14T21:55:46z: BME280 (0x76)
 0h00:03.091 2021/06/14T21:55:46z: 50:2:91:e5:36:6e
 0h00:03.093 2021/06/14T21:55:46z: SSID: ARRIS-A013
 0h00:03.098 2021/06/14T21:55:46z: AP_STAR tmr
 ets Jan  8 2013,rst cause:1, boot mode:(3,7)

load 0x4010f000, len 1384, room 16 
tail 8
chksum 0x2d
csum 0x2d
v8b899c12
~ld


6.01
 0h00:03.064 2021/06/14T22:15:42z: DS3231
 0h00:03.080 2021/06/14T22:15:42z: BME280 (0x76)
 0h00:03.094 2021/06/14T22:15:42z: 50:2:91:e5:36:6e
 0h00:03.095 2021/06/14T22:15:42z: SSID: ARRIS-A013
 0h00:03.101 2021/06/14T22:15:42z: AP_STAR tmr
 ets Jan  8 2013,rst cause:1, boot mode:(3,7)

load 0x4010f000, len 1384, room 16 
tail 8
chksum 0x2d
csum 0x2d
v8b899c12
~ld


6.01
 0h00:03.069 2021/06/14T22:35:38z: DS3231
 0h00:03.085 2021/06/14T22:35:38z: BME280 (0x76)
 0h00:03.099 2021/06/14T22:35:38z: 50:2:91:e5:36:6e
 0h00:03.101 2021/06/14T22:35:38z: SSID: ARRIS-A013
 0h00:03.106 2021/06/14T22:35:38z: AP_STAR tmr
 ets Jan  8 2013,rst cause:1, boot mode:(3,7)

load 0x4010f000, len 1384, room 16 
tail 8
chksum 0x2d
csum 0x2d
v8b899c12
~ld


6.01
 0h00:03.075 2021/06/14T22:55:34z: DS3231
 0h00:03.090 2021/06/14T22:55:34z: BME280 (0x76)
 0h00:03.105 2021/06/14T22:55:34z: 50:2:91:e5:36:6e
 0h00:03.106 2021/06/14T22:55:34z: SSID: ARRIS-A013
 0h00:03.111 2021/06/14T22:55:34z: AP_STAR tmr
 ets Jan  8 2013,rst cause:1, boot mode:(3,7)

load 0x4010f000, len 1384, room 16 
tail 8
chksum 0x2d
csum 0x2d
v8b899c12
~ld


6.01
 0h00:03.084 2021/06/14T23:15:30z: DS3231
 0h00:03.099 2021/06/14T23:15:30z: BME280 (0x76)
 0h00:03.113 2021/06/14T23:15:30z: 50:2:91:e5:36:6e
 0h00:03.115 2021/06/14T23:15:30z: SSID: ARRIS-A013
 0h00:03.120 2021/06/14T23:15:30z: AP_STAR tmr
 ets Jan  8 2013,rst cause:1, boot mode:(3,7)

load 0x4010f000, len 1384, room 16 
tail 8
chksum 0x2d
csum 0x2d
v8b899c12
~ld


6.01
 0h00:03.065 2021/06/14T23:35:26z: DS3231
 0h00:03.081 2021/06/14T23:35:26z: BME280 (0x76)
 0h00:03.095 2021/06/14T23:35:26z: 50:2:91:e5:36:6e
 0h00:03.096 2021/06/14T23:35:26z: SSID: ARRIS-A013
 0h00:03.102 2021/06/14T23:35:26z: AP_STAR tmr
 ets Jan  8 2013,rst cause:1, boot mode:(3,7)

load 0x4010f000, len 1384, room 16 
tail 8
chksum 0x2d
csum 0x2d
v8b899c12
~ld


6.01
 0h00:03.059 2021/06/14T23:55:22z: DS3231
 0h00:03.074 2021/06/14T23:55:22z: BME280 (0x76)
 0h00:03.088 2021/06/14T23:55:22z: 50:2:91:e5:36:6e
 0h00:03.090 2021/06/14T23:55:22z: SSID: ARRIS-A013
 0h00:03.095 2021/06/14T23:55:22z: AP_STA