R tmr
 ets Jan  8 2013,rst cause:1, boot mode:(3,6)

load 0x4010f000, len 1384, room 16 
tail 8
chksum 0x2d
csum 0x2d
v8b899c12
~ld


6.01
 0h00:03.030 2021/07/07T00:17:24z: DS3231
 0h00:03.045 2021/07/07T00:17:24z: BME280 (0x76)
 0h00:03.059 2021/07/07T00:17:24z: 10:52:1c:4d:aa:9c
 0h00:03.061 2021/07/07T00:17:24z: SSID: Apollonia Students Halls
 0h00:03.066 2021/07/07T00:17:24z: AP_STAR tmr
 ets Jan  8 2013,rst cause:1, boot mode:(3,6)

load 0x4010f000, len 1384, room 16 
tail 8
chksum 0x2d
csum 0x2d
v8b899c12
~ld


6.01
 0h00:03.038 2021/07/07T00:37:21z: DS3231
 0h00:03.054 2021/07/07T00:37:21z: BME280 (0x76)
 0h00:03.068 2021/07/07T00:37:21z: 10:52:1c:4d:aa:9c
 0h00:03.070 2021/07/07T00:37:21z: SSID: Apollonia Students Halls
 0h00:03.075 2021/07/07T00:37:21z: AP_STAR tmr
 ets Jan  8 2013,rst cause:1, boot mode:(3,6)

load 0x4010f000, len 1384, room 16 
tail 8
chksum 0x2d
csum 0x2d
v8b899c12
~ld


6.01
 0h00:03.037 2021/07/07T00:57:17z: DS3231
 0h00:03.052 2021/07/07T00:57:17z: BME280 (0x76)
 0h00:03.066 2021/07/07T00:57:17z: 10:52:1c:4d:aa:9c
 0h00:03.068 2021/07/07T00:57:17z: SSID: Apollonia Students Halls
 0h00:03.073 2021/07/07T00:57:17z: AP_STAR tmr
 ets Jan  8 2013,rst cause:1, boot mode:(3,6)

load 0x4010f000, len 1384, room 16 
tail 8
chksum 0x2d
csum 0x2d
v8b899c12
~ld


6.01
 0h00:03.044 2021/07/07T01:17:13z: DS3231
 0h00:03.060 2021/07/07T01:17:13z: BME280 (0x76)
 0h00:03.074 2021/07/07T01:17:13z: 10:52:1c:4d:aa:9c
 0h00:03.075 2021/07/07T01:17:13z: SSID: Apollonia Students Halls
 0h00:03.081 2021/07/07T01:17:13z: AP_STAR tmr
 ets Jan  8 2013,rst cause:1, boot mode:(3,6)

load 0x4010f000, len 1384, room 16 
tail 8
chksum 0x2d
csum 0x2d
v8b899c12
~ld


6.01
 0h00:03.047 2021/07/07T01:37:09z: DS3231
 0h00:03.062 2021/07/07T01:37:09z: BME280 (0x76)
 0h00:03.076 2021/07/07T01:37:09z: 10:52:1c:4d:aa:9c
 0h00:03.078 2021/07/07T01:37:09z: SSID: Apollonia Students Halls
 0h00:03.083 2021/07/07T01:37:09z: AP_STAR tmr
 ets Jan  8 2013,rst cause:1, boot mode:(3,6)

load 0x4010f000, len 1384, room 16 
tail 8
chksum 0x2d
csum 0x2d
v8b899c12
~ld


6.01
 0h00:03.053 2021/07/07T01:57:05z: DS3231
 0h00:03.068 2021/07/07T01:57:05z: BME280 (0x76)
 0h00:03.082 2021/07/07T01:57:05z: 10:52:1c:4d:aa:9c
 0h00:03.084 2021/07/07T01:57:05z: SSID: Apollonia Students Halls
 0h00:03.089 2021/07/07T01:57:05z: AP_STAR tmr
 ets Jan  8 2013,rst cause:1, boot mode:(3,6)

load 0x4010f000, len 1384, room 16 
tail 8
chksum 0x2d
csum 0x2d
v8b899c12
~ld


6.01
 0h00:03.065 2021/07/07T02:17:02z: DS3231
 0h00:03.081 2021/07/07T02:17:02z: BME280 (0x76)
 0h00:03.095 2021/07/07T02:17:02z: 10:52:1c:4d:aa:9c
 0h00:03.096 2021/07/07T02:17:02z: SSID: Apollonia Students Halls
 0h00:03.102 2021/07/07T02:17:02z: AP_STAR tmr
 ets Jan  8 2013,rst cause:1, boot mode:(3,6)

load 0x4010f000, len 1384, room 16 
tail 8
chksum 0x2d
csum 0x2d
v8b899c12
~ld


6.01
 0h00:03.038 2021/07/07T02:36:59z: DS3231
 0h00:03.054 2021/07/07T02:36:59z: BME280 (0x76)
 0h00:03.068 2021/07/07T02:36:59z: 10:52:1c:4d:aa:9c
 0h00:03.069 2021/07/07T02:36:59z: SSID: Apollonia Students Halls
 0h00:03.075 2021/07/07T02:36:59z: AP_STAR tmr
 ets Jan  8 2013,rst cause:1, boot mode:(3,6)

load 0x4010f000, len 1384, room 16 
tail 8
chksum 0x2d
csum 0x2d
v8b899c12
~ld


6.01
 0h00:03.027 2021/07/07T02:56:55z: DS3231
 0h00:03.042 2021/07/07T02:56:56z: BME280 (0x76)
 0h00:03.056 2021/07/07T02:56:56z: 10:52:1c:4d:aa:9c
 0h00:03.058 2021/07/07T02:56:56z: SSID: Apollonia Students Halls
 0h00:03.063 2021/07/07T02:56:56z: AP_STAR tmr
 ets Jan  8 2013,rst cause:1, boot mode:(3,6)

load 0x4010f000, len 1384, room 16 
tail 8
chksum 0x2d
csum 0x2d
v8b899c12
~ld


6.01
 0h00:03.034 2021/07/07T03:16:52z: DS3231
 0h00:03.050 2021/07/07T03:16:52z: BME280 (0x76)
 0h00:03.064 2021/07/07T03:16:52z: 10:52:1c:4d:aa:9c
 0h00:03.066 2021/07/07T03:16:52z: SSID: Apollonia Students Halls
 0h00:03.071 2021/07/07T03:16:52z: AP_STAR tmr
 ets Jan  8 2013,rst cause:1, boot mode:(3,6)

load 0x4010f000, len 1384, room 16 
tail 8
chksum 0x2d
csum 0x2d
v8b899c12
~ld


6.01
 0h00:03.031 2021/07/07T03:36:48z: DS3231
 0h00:03.047 2021/07/07T03:36:48z: BME280 (0x76)
 0h00:03.061 2021/07/07T03:36:48z: 10:52:1c:4d:aa:9c
 0h00:03.062 2021/07/07T03:36:48z: SSID: Apollonia Students Halls
 0h00:03.068 2021/07/07T03:36:48z: AP_STAR tmr
 ets Jan  8 2013,rst cause:1, boot mode:(3,6)

load 0x4010f000, len 1384, room 16 
tail 8
chksum 0x2d
csum 0x2d
v8b899c12
~ld


6.01
 0h00:03.039 2021/07/07T03:56:44z: DS3231
 0h00:03.054 2021/07/07T03:56:44z: BME280 (0x76)
 0h00:03.068 2021/07/07T03:56:44z: 10:52:1c:4d:aa:9c
 0h00:03.070 2021/07/07T03:56:44z: SSID: Apollonia Students Halls
 0h00:03.075 2021/07/07T03:56:44z: AP_STAR tmr
 ets Jan  8 2013,rst cause:1, boot mode:(3,6)

load 0x4010f000, len 1384, room 16 
tail 8
chksum 0x2d
csum 0x2d
v8b899c12
~ld


6.01
 0h00:03.043 2021/07/07T04:16:40z: DS3231
 0h00:03.058 2021/07/07T04:16:40z: BME280 (0x76)
 0h00:03.072 2021/07/07T04:16:40z: 10:52:1c:4d:aa:9c
 0h00:03.074 2021/07/07T04:16:40z: SSID: Apollonia Students Halls
 0h00:03.079 2021/07/07T04:16:40z: AP_STAR tmr
 ets Jan  8 2013,rst cause:1, boot mode:(3,6)

load 0x4010f000, len 1384, room 16 
tail 8
chksum 0x2d
csum 0x2d
v8b899c12
~ld


6.01
 0h00:03.033 2021/07/07T04:36:37z: DS3231
 0h00:03.048 2021/07/07T04:36:37z: BME280 (0x76)
 0h00:03.063 2021/07/07T04:36:37z: 10:52:1c:4d:aa:9c
 0h00:03.064 2021/07/07T04:36:37z: SSID: Apollonia Students Halls
 0h00:03.069 2021/07/07T04:36:37z: AP_STAR tmr
 ets Jan  8 2013,rst cause:1, boot mode:(3,6)

load 0x4010f000, len 1384, room 16 
tail 8
chksum 0x2d
csum 0x2d
v8b899c12
~ld


6.01
 0h00:03.044 2021/07/07T04:56:33z: DS3231
 0h00:03.060 2021/07/07T04:56:33z: BME280 (0x76)
 0h00:03.074 2021/07/07T04:56:33z: 10:52:1c:4d:aa:9c
 0h00:03.075 2021/07/07T04:56:33z: SSID: Apollonia Students Halls
 0h00:03.081 2021/07/07T04:56:33z: AP_STAR tmr
 ets Jan  8 2013,rst cause:1, boot mode:(3,6)

load 0x4010f000, len 1384, room 16 
tail 8
chksum 0x2d
csum 0x2d
v8b899c12
~ld


6.01
 0h00:03.052 2021/07/07T05:16:29z: DS3231
 0h00:03.067 2021/07/07T05:16:29z: BME280 (0x76)
 0h00:03.081 2021/07/07T05:16:29z: 10:52:1c:4d:aa:9c
 0h00:03.083 2021/07/07T05:16:29z: SSID: Apollonia Students Halls
 0h00:03.088 2021/07/07T05:16:29z: AP_STAR tmr
 ets Jan  8 2013,rst cause:1, boot mode:(3,6)

load 0x4010f000, len 1384, room 16 
tail 8
chksum 0x2d
csum 0x2d
v8b899c12
~ld


6.01
 0h00:03.057 2021/07/07T05:36:25z: DS3231
 0h00:03.072 2021/07/07T05:36:25z: BME280 (0x76)
 0h00:03.086 2021/07/07T05:36:25z: 10:52:1c:4d:aa:9c
 0h00:03.088 2021/07/07T05:36:25z: SSID: Apollonia Students Halls
 0h00:03.093 2021/07/07T05:36:25z: AP_STAR tmr
 ets Jan  8 2013,rst cause:1, boot mode:(3,6)

load 0x4010f000, len 1384, room 16 
tail 8
chksum 0x2d
csum 0x2d
v8b899c12
~ld


6.01
 0h00:03.032 2021/07/07T05:56:22z: DS3231
 0h00:03.047 2021/07/07T05:56:22z: BME280 (0x76)
 0h00:03.061 2021/07/07T05:56:22z: 10:52:1c:4d:aa:9c
 0h00:03.063 2021/07/07T05:56:22z: SSID: Apollonia Students Halls
 0h00:03.068 2021/07/07T05:56:22z: AP_STAR tmr
 ets Jan  8 2013,rst cause:1, boot mode:(3,6)

load 0x4010f000, len 1384, room 16 
tail 8
chksum 0x2d
csum 0x2d
v8b899c12
~ld


6.01
 0h00:03.057 2021/07/07T06:16:18z: DS3231
 0h00:03.073 2021/07/07T06:16:18z: BME280 (0x76)
 0h00:03.087 2021/07/07T06:16:18z: 10:52:1c:4d:aa:9c
 0h00:03.088 2021/07/07T06:16:18z: SSID: Apollonia Students Halls
 0h00:03.094 2021/07/07T06:16:18z: AP_STAR tmr
 ets Jan  8 2013,rst cause:1, boot mode:(3,6)

load 0x4010f000, len 1384, room 16 
tail 8
chksum 0x2d
csum 0x2d
v8b899c12
~ld


6.01
 0h00:03.032 2021/07/07T06:36:14z: DS3231
 0h00:03.048 2021/07/07T06:36:14z: BME280 (0x76)
 0h00:03.062 2021/07/07T06:36:14z: 10:52:1c:4d:aa:9c
 0h00:03.064 2021/07/07T06:36:14z: SSID: Apollonia Students Halls
 0h00:03.069 2021/07/07T06:36:14z: AP_STAR tmr
 ets Jan  8 2013,rst cause:1, boot mode:(3,6)

load 0x4010f000, len 1384, room 16 
tail 8
chksum 0x2d
csum 0x2d
v8b899c12
~ld


6.01
 0h00:03.033 2021/07/07T06:56:10z: DS3231
 0h00:03.049 2021/07/07T06:56:10z: BME280 (0x76)
 0h00:03.063 2021/07/07T06:56:10z: 10:52:1c:4d:aa:9c
 0h00:03.065 2021/07/07T06:56:10z: SSID: Apollonia Students Halls
 0h00:03.070 2021/07/07T06:56:10z: AP_STAR tmr
 ets Jan  8 2013,rst cause:1, boot mode:(3,6)

load 0x4010f000, len 1384, room 16 
tail 8
chksum 0x2d
csum 0x2d
v8b899c12
~ld


6.01
 0h00:03.032 2021/07/07T07:16:07z: DS3231
 0h00:03.048 2021/07/07T07:16:07z: BME280 (0x76)
 0h00:03.062 2021/07/07T07:16:07z: 10:52:1c:4d:aa:9c
 0h00:03.064 2021/07/07T07:16:07z: SSID: Apollonia Students Halls
 0h00:03.069 2021/07/07T07:16:07z: AP_STAR tmr
 ets Jan  8 2013,rst cause:1, boot mode:(3,6)

load 0x4010f000, len 1384, room 16 
tail 8
chksum 0x2d
csum 0x2d
v8b899c12
~ld


6.01
 0h00:03.035 2021/07/07T07:36:04z: DS3231
 0h00:03.050 2021/07/07T07:36:04z: BME280 (0x76)
 0h00:03.065 2021/07/07T07:36:04z: 10:52:1c:4d:aa:9c
 0h00:03.066 2021/07/07T07:36:04z: SSID: Apollonia Students Halls
 0h00:03.071 2021/07/07T07:36:04z: AP_STAR tmr
 ets Jan  8 2013,rst cause:1, boot mode:(3,6)

load 0x4010f000, len 1384, room 16 
tail 8
chksum 0x2d
csum 0x2d
v8b899c12
~ld


6.01
 0h00:03.040 2021/07/07T07:56:00z: DS3231
 0h00:03.055 2021/07/07T07:56:00z: BME280 (0x76)
 0h00:03.069 2021/07/07T07:56:00z: 10:52:1c:4d:aa:9c
 0h00:03.071 2021/07/07T07:56:00z: SSID: Apollonia Students Halls
 0h00:03.076 2021/07/07T07:56:00z: AP_STAR tmr
 ets Jan  8 2013,rst cause:1, boot mode:(3,6)

load 0x4010f000, len 1384, room 16 
tail 8
chksum 0x2d
csum 0x2d
v8b899c12
~ld


6.01
 0h00:03.053 2021/07/07T08:15:57z: DS3231
 0h00:03.068 2021/07/07T08:15:57z: BME280 (0x76)
 0h00:03.082 2021/07/07T08:15:57z: 10:52:1c:4d:aa:9c
 0h00:03.084 2021/07/07T08:15:57z: SSID: Apollonia Students Halls
 0h00:03.089 2021/07/07T08:15:57z: AP_STAR tmr
 ets Jan  8 2013,rst cause:1, boot mode:(3,6)

load 0x4010f000, len 1384, room 16 
tail 8
chksum 0x2d
csum 0x2d
v8b899c12
~ld


6.01
 0h00:03.054 2021/07/07T08:35:53z: DS3231
 0h00:03.069 2021/07/07T08:35:53z: BME280 (0x76)
 0h00:03.084 2021/07/07T08:35:53z: 10:52:1c:4d:aa:9c
 0h00:03.085 2021/07/07T08:35:53z: SSID: Apollonia Students Halls
 0h00:03.090 2021/07/07T08:35:53z: AP_STAR tmr
 ets Jan  8 2013,rst cause:1, boot mode:(3,6)

load 0x4010f000, len 1384, room 16 
tail 8
chksum 0x2d
csum 0x2d
v8b899c12
~ld


6.01
 0h00:03.058 2021/07/07T08:55:49z: DS3231
 0h00:03.073 2021/07/07T08:55:49z: BME280 (0x76)
 0h00:03.087 2021/07/07T08:55:49z: 10:52:1c:4d:aa:9c
 0h00:03.089 2021/07/07T08:55:49z: SSID: Apollonia Students Halls
 0h00:03.094 2021/07/07T08:55:49z: AP_STAR tmr
 ets Jan  8 2013,rst cause:1, boot mode:(3,6)

load 0x4010f000, len 1384, room 16 
tail 8
chksum 0x2d
csum 0x2d
v8b899c12
~ld


6.01
 0h00:03.039 2021/07/07T09:15:45z: DS3231
 0h00:03.055 2021/07/07T09:15:45z: BME280 (0x76)
 0h00:03.069 2021/07/07T09:15:45z: 10:52:1c:4d:aa:9c
 0h00:03.071 2021/07/07T09:15:45z: SSID: Apollonia Students Halls
 0h00:03.076 2021/07/07T09:15:45z: AP_STAR tmr
 ets Jan  8 2013,rst cause:1, boot mode:(3,6)

load 0x4010f000, len 1384, room 16 
tail 8
chksum 0x2d
csum 0x2d
v8b899c12
~ld


6.01
 0h00:03.037 2021/07/07T09:35:41z: DS3231
 0h00:03.052 2021/07/07T09:35:41z: BME280 (0x76)
 0h00:03.067 2021/07/07T09:35:41z: 10:52:1c:4d:aa:9c
 0h00:03.068 2021/07/07T09:35:41z: SSID: Apollonia Students Halls
 0h00:03.074 2021/07/07T09:35:41z: AP_STA