R tmr
 ets Jan  8 2013,rst cause:1, boot mode:(3,7)

load 0x4010f000, len 1384, room 16 
tail 8
chksum 0x2d
csum 0x2d
v8b899c12
~ld


6.01
 0h00:03.031 2021/06/15T11:21:24z: DS3231
 0h00:03.046 2021/06/15T11:21:24z: BME280 (0x76)
 0h00:03.060 2021/06/15T11:21:24z: 10:52:1c:4d:aa:9c
 0h00:03.062 2021/06/15T11:21:24z: SSID: Apollonia Students Halls
 0h00:03.067 2021/06/15T11:21:24z: AP_STAR tmr
 ets Jan  8 2013,rst cause:1, boot mode:(3,7)

load 0x4010f000, len 1384, room 16 
tail 8
chksum 0x2d
csum 0x2d
v8b899c12
~ld


6.01
 0h00:03.037 2021/06/15T11:41:20z: DS3231
 0h00:03.052 2021/06/15T11:41:20z: BME280 (0x76)
 0h00:03.066 2021/06/15T11:41:20z: 10:52:1c:4d:aa:9c
 0h00:03.068 2021/06/15T11:41:20z: SSID: Apollonia Students Halls
 0h00:03.073 2021/06/15T11:41:20z: AP_STAR tmr
 ets Jan  8 2013,rst cause:1, boot mode:(3,7)

load 0x4010f000, len 1384, room 16 
tail 8
chksum 0x2d
csum 0x2d
v8b899c12
~ld


6.01
 0h00:03.035 2021/06/15T12:01:16z: DS3231
 0h00:03.050 2021/06/15T12:01:16z: BME280 (0x76)
 0h00:03.064 2021/06/15T12:01:16z: 10:52:1c:4d:aa:9c
 0h00:03.066 2021/06/15T12:01:16z: SSID: Apollonia Students Halls
 0h00:03.071 2021/06/15T12:01:16z: AP_STAR tmr
 ets Jan  8 2013,rst cause:1, boot mode:(3,7)

load 0x4010f000, len 1384, room 16 
tail 8
chksum 0x2d
csum 0x2d
v8b899c12
~ld


6.01
 0h00:03.042 2021/06/15T12:21:11z: DS3231
 0h00:03.057 2021/06/15T12:21:11z: BME280 (0x76)
 0h00:03.071 2021/06/15T12:21:11z: 10:52:1c:4d:aa:9c
 0h00:03.073 2021/06/15T12:21:11z: SSID: Apollonia Students Halls
 0h00:03.078 2021/06/15T12:21:11z: AP_STAR tmr
 ets Jan  8 2013,rst cause:1, boot mode:(3,7)

load 0x4010f000, len 1384, room 16 
tail 8
chksum 0x2d
csum 0x2d
v8b899c12
~ld


6.01
 0h00:03.048 2021/06/15T12:41:08z: DS3231
 0h00:03.063 2021/06/15T12:41:08z: BME280 (0x76)
 0h00:03.077 2021/06/15T12:41:08z: 10:52:1c:4d:aa:9c
 0h00:03.079 2021/06/15T12:41:08z: SSID: Apollonia Students Halls
 0h00:03.084 2021/06/15T12:41:08z: AP_STAR tmr
 ets Jan  8 2013,rst cause:1, boot mode:(3,7)

load 0x4010f000, len 1384, room 16 
tail 8
chksum 0x2d
csum 0x2d
v8b899c12
~ld


6.01
 0h00:03.054 2021/06/15T13:01:04z: DS3231
 0h00:03.069 2021/06/15T13:01:04z: BME280 (0x76)
 0h00:03.083 2021/06/15T13:01:04z: 10:52:1c:4d:aa:9c
 0h00:03.085 2021/06/15T13:01:04z: SSID: Apollonia Students Halls
 0h00:03.090 2021/06/15T13:01:04z: AP_STAR tmr
 ets Jan  8 2013,rst cause:1, boot mode:(3,7)

load 0x4010f000, len 1384, room 16 
tail 8
chksum 0x2d
csum 0x2d
v8b899c12
~ld


6.01
 0h00:03.063 2021/06/15T13:21:00z: DS3231
 0h00:03.079 2021/06/15T13:21:00z: BME280 (0x76)
 0h00:03.093 2021/06/15T13:21:00z: 10:52:1c:4d:aa:9c
 0h00:03.095 2021/06/15T13:21:00z: SSID: Apollonia Students Halls
 0h00:03.100 2021/06/15T13:21:00z: AP_STAR tmr
 ets Jan  8 2013,rst cause:1, boot mode:(3,7)

load 0x4010f000, len 1384, room 16 
tail 8
chksum 0x2d
csum 0x2d
v8b899c12
~ld


6.01
 0h00:03.036 2021/06/15T13:40:56z: DS3231
 0h00:03.051 2021/06/15T13:40:56z: BME280 (0x76)
 0h00:03.065 2021/06/15T13:40:56z: 10:52:1c:4d:aa:9c
 0h00:03.067 2021/06/15T13:40:56z: SSID: Apollonia Students Halls
 0h00:03.072 2021/06/15T13:40:56z: AP_STAR tmr
 ets Jan  8 2013,rst cause:1, boot mode:(3,7)

load 0x4010f000, len 1384, room 16 
tail 8
chksum 0x2d
csum 0x2d
v8b899c12
~ld


6.01
 0h00:03.039 2021/06/15T14:00:52z: DS3231
 0h00:03.055 2021/06/15T14:00:52z: BME280 (0x76)
 0h00:03.069 2021/06/15T14:00:52z: 10:52:1c:4d:aa:9c
 0h00:03.071 2021/06/15T14:00:52z: SSID: Apollonia Students Halls
 0h00:03.076 2021/06/15T14:00:52z: AP_STAR tmr
 ets Jan  8 2013,rst cause:1, boot mode:(3,7)

load 0x4010f000, len 1384, room 16 
tail 8
chksum 0x2d
csum 0x2d
v8b899c12
~ld


6.01
 0h00:03.040 2021/06/15T14:20:48z: DS3231
 0h00:03.055 2021/06/15T14:20:48z: BME280 (0x76)
 0h00:03.069 2021/06/15T14:20:48z: 10:52:1c:4d:aa:9c
 0h00:03.071 2021/06/15T14:20:48z: SSID: Apollonia Students Halls
 0h00:03.076 2021/06/15T14:20:48z: AP_STAR tmr
 ets Jan  8 2013,rst cause:1, boot mode:(3,7)

load 0x4010f000, len 1384, room 16 
tail 8
chksum 0x2d
csum 0x2d
v8b899c12
~ld


6.01
 0h00:03.035 2021/06/15T14:40:45z: DS3231
 0h00:03.050 2021/06/15T14:40:45z: BME280 (0x76)
 0h00:03.065 2021/06/15T14:40:45z: 10:52:1c:4d:aa:9c
 0h00:03.066 2021/06/15T14:40:45z: SSID: Apollonia Students Halls
 0h00:03.072 2021/06/15T14:40:45z: AP_STAR tmr
 ets Jan  8 2013,rst cause:1, boot mode:(3,7)

load 0x4010f000, len 1384, room 16 
tail 8
chksum 0x2d
csum 0x2d
v8b899c12
~ld


6.01
 0h00:03.041 2021/06/15T15:00:41z: DS3231
 0h00:03.056 2021/06/15T15:00:41z: BME280 (0x76)
 0h00:03.071 2021/06/15T15:00:41z: 10:52:1c:4d:aa:9c
 0h00:03.072 2021/06/15T15:00:41z: SSID: Apollonia Students Halls
 0h00:03.078 2021/06/15T15:00:41z: AP_STAR tmr
 ets Jan  8 2013,rst cause:1, boot mode:(3,7)

load 0x4010f000, len 1384, room 16 
tail 8
chksum 0x2d
csum 0x2d
v8b899c12
~ld


6.01
 0h00:03.050 2021/06/15T15:20:36z: DS3231
 0h00:03.065 2021/06/15T15:20:36z: BME280 (0x76)
 0h00:03.079 2021/06/15T15:20:36z: 10:52:1c:4d:aa:9c
 0h00:03.081 2021/06/15T15:20:36z: SSID: Apollonia Students Halls
 0h00:03.086 2021/06/15T15:20:36z: AP_STAR tmr
 ets Jan  8 2013,rst cause:1, boot mode:(3,7)

load 0x4010f000, len 1384, room 16 
tail 8
chksum 0x2d
csum 0x2d
v8b899c12
~ld


6.01
 0h00:03.052 2021/06/15T15:40:32z: DS3231
 0h00:03.068 2021/06/15T15:40:32z: BME280 (0x76)
 0h00:03.082 2021/06/15T15:40:32z: 10:52:1c:4d:aa:9c
 0h00:03.084 2021/06/15T15:40:32z: SSID: Apollonia Students Halls
 0h00:03.089 2021/06/15T15:40:32z: AP_STAR tmr
 ets Jan  8 2013,rst cause:1, boot mode:(3,7)

load 0x4010f000, len 1384, room 16 
tail 8
chksum 0x2d
csum 0x2d
v8b899c12
~ld


6.01
 0h00:03.066 2021/06/15T16:00:28z: DS3231
 0h00:03.081 2021/06/15T16:00:28z: BME280 (0x76)
 0h00:03.095 2021/06/15T16:00:28z: 10:52:1c:4d:aa:9c
 0h00:03.097 2021/06/15T16:00:28z: SSID: Apollonia Students Halls
 0h00:03.102 2021/06/15T16:00:28z: AP_STAR tmr
 ets Jan  8 2013,rst cause:1, boot mode:(3,7)

load 0x4010f000, len 1384, room 16 
tail 8
chksum 0x2d
csum 0x2d
v8b899c12
~ld


6.01
 0h00:03.050 2021/06/15T16:20:24z: DS3231
 0h00:03.065 2021/06/15T16:20:24z: BME280 (0x76)
 0h00:03.080 2021/06/15T16:20:24z: 10:52:1c:4d:aa:9c
 0h00:03.081 2021/06/15T16:20:24z: SSID: Apollonia Students Halls
 0h00:03.086 2021/06/15T16:20:25z: AP_STAR tmr
 ets Jan  8 2013,rst cause:1, boot mode:(3,7)

load 0x4010f000, len 1384, room 16 
tail 8
chksum 0x2d
csum 0x2d
v8b899c12
~ld


6.01
 0h00:03.037 2021/06/15T16:40:21z: DS3231
 0h00:03.052 2021/06/15T16:40:21z: BME280 (0x76)
 0h00:03.066 2021/06/15T16:40:21z: 10:52:1c:4d:aa:9c
 0h00:03.068 2021/06/15T16:40:21z: SSID: Apollonia Students Halls
 0h00:03.073 2021/06/15T16:40:21z: AP_STAR tmr
 ets Jan  8 2013,rst cause:1, boot mode:(3,7)

load 0x4010f000, len 1384, room 16 
tail 8
chksum 0x2d
csum 0x2d
v8b899c12
~ld


6.01
 0h00:03.045 2021/06/15T17:00:18z: DS3231
 0h00:03.060 2021/06/15T17:00:18z: BME280 (0x76)
 0h00:03.075 2021/06/15T17:00:18z: 10:52:1c:4d:aa:9c
 0h00:03.076 2021/06/15T17:00:18z: SSID: Apollonia Students Halls
 0h00:03.081 2021/06/15T17:00:18z: AP_STAR tmr
 ets Jan  8 2013,rst cause:1, boot mode:(3,7)

load 0x4010f000, len 1384, room 16 
tail 8
chksum 0x2d
csum 0x2d
v8b899c12
~ld


6.01
 0h00:03.042 2021/06/15T17:20:14z: DS3231
 0h00:03.057 2021/06/15T17:20:14z: BME280 (0x76)
 0h00:03.071 2021/06/15T17:20:14z: 10:52:1c:4d:aa:9c
 0h00:03.073 2021/06/15T17:20:14z: SSID: Apollonia Students Halls
 0h00:03.078 2021/06/15T17:20:14z: AP_STAR tmr
 ets Jan  8 2013,rst cause:1, boot mode:(3,7)

load 0x4010f000, len 1384, room 16 
tail 8
chksum 0x2d
csum 0x2d
v8b899c12
~ld


6.01
 0h00:03.040 2021/06/15T17:40:11z: DS3231
 0h00:03.055 2021/06/15T17:40:11z: BME280 (0x76)
 0h00:03.069 2021/06/15T17:40:11z: 10:52:1c:4d:aa:9c
 0h00:03.071 2021/06/15T17:40:11z: SSID: Apollonia Students Halls
 0h00:03.076 2021/06/15T17:40:11z: AP_STAR tmr
 ets Jan  8 2013,rst cause:1, boot mode:(3,7)

load 0x4010f000, len 1384, room 16 
tail 8
chksum 0x2d
csum 0x2d
v8b899c12
~ld


6.01
 0h00:03.040 2021/06/15T18:00:07z: DS3231
 0h00:03.055 2021/06/15T18:00:07z: BME280 (0x76)
 0h00:03.069 2021/06/15T18:00:07z: 10:52:1c:4d:aa:9c
 0h00:03.071 2021/06/15T18:00:07z: SSID: Apollonia Students Halls
 0h00:03.076 2021/06/15T18:00:07z: AP_STAR tmr
 ets Jan  8 2013,rst cause:1, boot mode:(3,7)

load 0x4010f000, len 1384, room 16 
tail 8
chksum 0x2d
csum 0x2d
v8b899c12
~ld


6.01
 0h00:03.036 2021/06/15T18:20:02z: DS3231
 0h00:03.052 2021/06/15T18:20:02z: BME280 (0x76)
 0h00:03.066 2021/06/15T18:20:02z: 10:52:1c:4d:aa:9c
 0h00:03.068 2021/06/15T18:20:02z: SSID: Apollonia Students Halls
 0h00:03.073 2021/06/15T18:20:02z: AP_STAR tmr
 ets Jan  8 2013,rst cause:1, boot mode:(3,7)

load 0x4010f000, len 1384, room 16 
tail 8
chksum 0x2d
csum 0x2d
v8b899c12
~ld


6.01
 0h00:03.060 2021/06/15T18:39:58z: DS3231
 0h00:03.075 2021/06/15T18:39:58z: BME280 (0x76)
 0h00:03.090 2021/06/15T18:39:59z: 10:52:1c:4d:aa:9c
 0h00:03.091 2021/06/15T18:39:59z: SSID: Apollonia Students Halls
 0h00:03.096 2021/06/15T18:39:59z: AP_STAR tmr
 ets Jan  8 2013,rst cause:1, boot mode:(3,7)

load 0x4010f000, len 1384, room 16 
tail 8
chksum 0x2d
csum 0x2d
v8b899c12
~ld


6.01
 0h00:03.058 2021/06/15T18:59:55z: DS3231
 0h00:03.073 2021/06/15T18:59:55z: BME280 (0x76)
 0h00:03.087 2021/06/15T18:59:55z: 10:52:1c:4d:aa:9c
 0h00:03.089 2021/06/15T18:59:55z: SSID: Apollonia Students Halls
 0h00:03.094 2021/06/15T18:59:55z: AP_STAR tmr
 ets Jan  8 2013,rst cause:1, boot mode:(3,7)

load 0x4010f000, len 1384, room 16 
tail 8
chksum 0x2d
csum 0x2d
v8b899c12
~ld


6.01
 0h00:03.070 2021/06/15T19:19:51z: DS3231
 0h00:03.085 2021/06/15T19:19:51z: BME280 (0x76)
 0h00:03.099 2021/06/15T19:19:51z: 10:52:1c:4d:aa:9c
 0h00:03.101 2021/06/15T19:19:51z: SSID: Apollonia Students Halls
 0h00:03.106 2021/06/15T19:19:51z: AP_STAR tmr
 ets Jan  8 2013,rst cause:1, boot mode:(3,7)

load 0x4010f000, len 1384, room 16 
tail 8
chksum 0x2d
csum 0x2d
v8b899c12
~ld


6.01
 0h00:03.046 2021/06/15T19:39:47z: DS3231
 0h00:03.061 2021/06/15T19:39:48z: BME280 (0x76)
 0h00:03.075 2021/06/15T19:39:48z: 10:52:1c:4d:aa:9c
 0h00:03.077 2021/06/15T19:39:48z: SSID: Apollonia Students Halls
 0h00:03.082 2021/06/15T19:39:48z: AP_STAR tmr
 ets Jan  8 2013,rst cause:1, boot mode:(3,7)

load 0x4010f000, len 1384, room 16 
tail 8
chksum 0x2d
csum 0x2d
v8b899c12
~ld


6.01
 0h00:03.046 2021/06/15T19:59:44z: DS3231
 0h00:03.062 2021/06/15T19:59:44z: BME280 (0x76)
 0h00:03.076 2021/06/15T19:59:44z: 10:52:1c:4d:aa:9c
 0h00:03.078 2021/06/15T19:59:44z: SSID: Apollonia Students Halls
 0h00:03.083 2021/06/15T19:59:44z: AP_STAR tmr
 ets Jan  8 2013,rst cause:1, boot mode:(3,7)

load 0x4010f000, len 1384, room 16 
tail 8
chksum 0x2d
csum 0x2d
v8b899c12
~ld


6.01
 0h00:03.039 2021/06/15T20:19:40z: DS3231
 0h00:03.055 2021/06/15T20:19:40z: BME280 (0x76)
 0h00:03.069 2021/06/15T20:19:40z: 10:52:1c:4d:aa:9c
 0h00:03.070 2021/06/15T20:19:40z: SSID: Apollonia Students Halls
 0h00:03.076 2021/06/15T20:19:40z: AP_STAR tmr
 ets Jan  8 2013,rst cause:1, boot mode:(3,7)

load 0x4010f000, len 1384, room 16 
tail 8
chksum 0x2d
csum 0x2d
v8b899c12
~ld


6.01
 0h00:03.039 2021/06/15T20:39:36z: DS3231
 0h00:03.054 2021/06/15T20:39:36z: BME280 (0x76)
 0h00:03.068 2021/06/15T20:39:36z: 10:52:1c:4d:aa:9c
 0h00:03.070 2021/06/15T20:39:36z: SSID: Apollonia Students Halls
 0h00:03.075 2021/06/15T20:39:36z: AP_STAR tmr
 ets Jan  8 2013,rst cause:1, boot mode:(3,7)

load 0x4010f000, len 1384, room 16 
tail 8
chksum 0x2d
csum 0x2d
v8b899c12
~ld


6.01
 0h00:03.044 2021/06/15T20:59:32z: DS3231
 0h00:03.059 2021/06/15T20:59:32z: BME280 (0x76)
 0h00:03.073 2021/06/15T20:59:32z: 10:52:1c:4d:aa:9c
 0h00:03.075 2021/06/15T20:59:32z: SSID: Apollonia Students Halls
 0h00:03.080 2021/06/15T20:59:32z: AP_STAR tmr
 ets Jan  8 2013,rst cause:1, boot mode:(3,7)

load 0x4010f000, len 1384, room 16 
tail 8
chksum 0x2d
csum 0x2d
v8b899c12
~ld


6.01
 0h00:03.050 2021/06/15T21:19:28z: DS3231
 0h00:03.065 2021/06/15T21:19:29z: BME280 (0x76)
 0h00:03.080 2021/06/15T21:19:29z: 10:52:1c:4d:aa:9c
 0h00:03.081 2021/06/15T21:19:29z: SSID: Apollonia Students Halls
 0h00:03.086 2021/06/15T21:19:29z: AP_STAR tmr
 ets Jan  8 2013,rst cause:1, boot mode:(3,7)

load 0x4010f000, len 1384, room 16 
tail 8
chksum 0x2d
csum 0x2d
v8b899c12
~ld


6.01
 0h00:03.056 2021/06/15T21:39:25z: DS3231
 0h00:03.072 2021/06/15T21:39:25z: BME280 (0x76)
 0h00:03.086 2021/06/15T21:39:25z: 10:52:1c:4d:aa:9c
 0h00:03.088 2021/06/15T21:39:25z: SSID: Apollonia Students Halls
 0h00:03.093 2021/06/15T21:39:25z: AP_STAR tmr
 ets Jan  8 2013,rst cause:1, boot mode:(3,7)

load 0x4010f000, len 1384, room 16 
tail 8
chksum 0x2d
csum 0x2d
v8b899c12
~ld


6.01
 0h00:03.066 2021/06/15T21:59:22z: DS3231
 0h00:03.082 2021/06/15T21:59:22z: BME280 (0x76)
 0h00:03.096 2021/06/15T21:59:22z: 10:52:1c:4d:aa:9c
 0h00:03.098 2021/06/15T21:59:22z: SSID: Apollonia Students Halls
 0h00:03.103 2021/06/15T21:59:22z: AP_STAR tmr
 ets Jan  8 2013,rst cause:1, boot mode:(3,7)

load 0x4010f000, len 1384, room 16 
tail 8
chksum 0x2d
csum 0x2d
v8b899c12
~ld


6.01
 0h00:03.033 2021/06/15T22:19:17z: DS3231
 0h00:03.048 2021/06/15T22:19:17z: BME280 (0x76)
 0h00:03.062 2021/06/15T22:19:17z: 10:52:1c:4d:aa:9c
 0h00:03.064 2021/06/15T22:19:17z: SSID: Apollonia Students Halls
 0h00:03.069 2021/06/15T22:19:17z: AP_STAR tmr
 ets Jan  8 2013,rst cause:1, boot mode:(3,7)

load 0x4010f000, len 1384, room 16 
tail 8
chksum 0x2d
csum 0x2d
v8b899c12
~ld


6.01
 0h00:03.037 2021/06/15T22:39:13z: DS3231
 0h00:03.052 2021/06/15T22:39:13z: BME280 (0x76)
 0h00:03.066 2021/06/15T22:39:13z: 10:52:1c:4d:aa:9c
 0h00:03.068 2021/06/15T22:39:13z: SSID: Apollonia Students Halls
 0h00:03.073 2021/06/15T22:39:13z: AP_STAR tmr
 ets Jan  8 2013,rst cause:1, boot mode:(3,7)

load 0x4010f000, len 1384, room 16 
tail 8
chksum 0x2d
csum 0x2d
v8b899c12
~ld


6.01
 0h00:03.037 2021/06/15T22:59:09z: DS3231
 0h00:03.052 2021/06/15T22:59:09z: BME280 (0x76)
 0h00:03.066 2021/06/15T22:59:09z: 10:52:1c:4d:aa:9c
 0h00:03.068 2021/06/15T22:59:09z: SSID: Apollonia Students Halls
 0h00:03.073 2021/06/15T22:59:09z: AP_STAR tmr
 ets Jan  8 2013,rst cause:1, boot mode:(3,7)

load 0x4010f000, len 1384, room 16 
tail 8
chksum 0x2d
csum 0x2d
v8b899c12
~ld


6.01
 0h00:03.048 2021/06/15T23:19:05z: DS3231
 0h00:03.063 2021/06/15T23:19:05z: BME280 (0x76)
 0h00:03.077 2021/06/15T23:19:05z: 10:52:1c:4d:aa:9c
 0h00:03.079 2021/06/15T23:19:05z: SSID: Apollonia Students Halls
 0h00:03.084 2021/06/15T23:19:05z: AP_STAR tmr
 ets Jan  8 2013,rst cause:1, boot mode:(3,7)

load 0x4010f000, len 1384, room 16 
tail 8
chksum 0x2d
csum 0x2d
v8b899c12
~ld


6.01
 0h00:03.049 2021/06/15T23:39:02z: DS3231
 0h00:03.065 2021/06/15T23:39:02z: BME280 (0x76)
 0h00:03.079 2021/06/15T23:39:02z: 10:52:1c:4d:aa:9c
 0h00:03.081 2021/06/15T23:39:02z: SSID: Apollonia Students Halls
 0h00:03.086 2021/06/15T23:39:02z: AP_STAR tmr
 ets Jan  8 2013,rst cause:1, boot mode:(3,7)

load 0x4010f000, len 1384, room 16 
tail 8
chksum 0x2d
csum 0x2d
v8b899c12
~ld


6.01
 0h00:03.057 2021/06/15T23:58:59z: DS3231
 0h00:03.072 2021/06/15T23:58:59z: BME280 (0x76)
 0h00:03.086 2021/06/15T23:58:59z: 10:52:1c:4d:aa:9c
 0h00:03.088 2021/06/15T23:58:59z: SSID: Apollonia Students Halls
 0h00:03.093 2021/06/15T23:58:59z: AP_STA