R tmr
 ets Jan  8 2013,rst cause:1, boot mode:(3,6)

load 0x4010f000, len 1384, room 16 
tail 8
chksum 0x2d
csum 0x2d
v8b899c12
~ld


6.01
 0h00:02.991 2021/05/18T00:10:48z: DS3231
 0h00:03.006 2021/05/18T00:10:48z: BME280 (0x76)
 0h00:03.020 2021/05/18T00:10:48z: 10:52:1c:41:79:b5
 0h00:03.022 2021/05/18T00:10:48z: SSID: ARRIS-5A97
 0h00:03.027 2021/05/18T00:10:48z: AP_STAR tmr
 ets Jan  8 2013,rst cause:1, boot mode:(3,6)

load 0x4010f000, len 1384, room 16 
tail 8
chksum 0x2d
csum 0x2d
v8b899c12
~ld


6.01
 0h00:02.993 2021/05/18T00:30:44z: DS3231
 0h00:03.009 2021/05/18T00:30:44z: BME280 (0x76)
 0h00:03.023 2021/05/18T00:30:44z: 10:52:1c:41:79:b5
 0h00:03.025 2021/05/18T00:30:44z: SSID: ARRIS-5A97
 0h00:03.030 2021/05/18T00:30:44z: AP_STAR tmr
 ets Jan  8 2013,rst cause:1, boot mode:(3,6)

load 0x4010f000, len 1384, room 16 
tail 8
chksum 0x2d
csum 0x2d
v8b899c12
~ld


6.01
 0h00:03.017 2021/05/18T00:50:40z: DS3231
 0h00:03.032 2021/05/18T00:50:40z: BME280 (0x76)
 0h00:03.047 2021/05/18T00:50:40z: 10:52:1c:41:79:b5
 0h00:03.048 2021/05/18T00:50:40z: SSID: ARRIS-5A97
 0h00:03.053 2021/05/18T00:50:40z: AP_STAR tmr
 ets Jan  8 2013,rst cause:1, boot mode:(3,6)

load 0x4010f000, len 1384, room 16 
tail 8
chksum 0x2d
csum 0x2d
v8b899c12
~ld


6.01
 0h00:03.020 2021/05/18T01:10:36z: DS3231
 0h00:03.036 2021/05/18T01:10:36z: BME280 (0x76)
 0h00:03.050 2021/05/18T01:10:36z: 10:52:1c:41:79:b5
 0h00:03.051 2021/05/18T01:10:36z: SSID: ARRIS-5A97
 0h00:03.057 2021/05/18T01:10:36z: AP_STAR tmr
 ets Jan  8 2013,rst cause:1, boot mode:(3,6)

load 0x4010f000, len 1384, room 16 
tail 8
chksum 0x2d
csum 0x2d
v8b899c12
~ld


6.01
 0h00:03.023 2021/05/18T01:30:32z: DS3231
 0h00:03.039 2021/05/18T01:30:32z: BME280 (0x76)
 0h00:03.053 2021/05/18T01:30:32z: 10:52:1c:41:79:b5
 0h00:03.054 2021/05/18T01:30:32z: SSID: ARRIS-5A97
 0h00:03.060 2021/05/18T01:30:32z: AP_STAR tmr
 ets Jan  8 2013,rst cause:1, boot mode:(3,6)

load 0x4010f000, len 1384, room 16 
tail 8
chksum 0x2d
csum 0x2d
v8b899c12
~ld


6.01
 0h00:02.999 2021/05/18T01:50:28z: DS3231
 0h00:03.014 2021/05/18T01:50:28z: BME280 (0x76)
 0h00:03.029 2021/05/18T01:50:28z: 10:52:1c:41:79:b5
 0h00:03.030 2021/05/18T01:50:28z: SSID: ARRIS-5A97
 0h00:03.035 2021/05/18T01:50:28z: AP_STAR tmr
 ets Jan  8 2013,rst cause:1, boot mode:(3,6)

load 0x4010f000, len 1384, room 16 
tail 8
chksum 0x2d
csum 0x2d
v8b899c12
~ld


6.01
 0h00:03.000 2021/05/18T02:10:25z: DS3231
 0h00:03.015 2021/05/18T02:10:25z: BME280 (0x76)
 0h00:03.029 2021/05/18T02:10:25z: 10:52:1c:41:79:b5
 0h00:03.031 2021/05/18T02:10:25z: SSID: ARRIS-5A97
 0h00:03.036 2021/05/18T02:10:25z: AP_STAR tmr
 ets Jan  8 2013,rst cause:1, boot mode:(3,6)

load 0x4010f000, len 1384, room 16 
tail 8
chksum 0x2d
csum 0x2d
v8b899c12
~ld


6.01
 0h00:03.002 2021/05/18T02:30:21z: DS3231
 0h00:03.018 2021/05/18T02:30:21z: BME280 (0x76)
 0h00:03.032 2021/05/18T02:30:21z: 10:52:1c:41:79:b5
 0h00:03.033 2021/05/18T02:30:21z: SSID: ARRIS-5A97
 0h00:03.039 2021/05/18T02:30:21z: AP_STAR tmr
 ets Jan  8 2013,rst cause:1, boot mode:(3,6)

load 0x4010f000, len 1384, room 16 
tail 8
chksum 0x2d
csum 0x2d
v8b899c12
~ld


6.01
 0h00:03.001 2021/05/18T02:50:17z: DS3231
 0h00:03.016 2021/05/18T02:50:17z: BME280 (0x76)
 0h00:03.030 2021/05/18T02:50:17z: 10:52:1c:41:79:b5
 0h00:03.032 2021/05/18T02:50:17z: SSID: ARRIS-5A97
 0h00:03.037 2021/05/18T02:50:17z: AP_STAR tmr
 ets Jan  8 2013,rst cause:1, boot mode:(3,6)

load 0x4010f000, len 1384, room 16 
tail 8
chksum 0x2d
csum 0x2d
v8b899c12
~ld


6.01
 0h00:03.001 2021/05/18T03:10:13z: DS3231
 0h00:03.017 2021/05/18T03:10:13z: BME280 (0x76)
 0h00:03.031 2021/05/18T03:10:13z: 10:52:1c:41:79:b5
 0h00:03.032 2021/05/18T03:10:13z: SSID: ARRIS-5A97
 0h00:03.038 2021/05/18T03:10:13z: AP_STAR tmr
 ets Jan  8 2013,rst cause:1, boot mode:(3,6)

load 0x4010f000, len 1384, room 16 
tail 8
chksum 0x2d
csum 0x2d
v8b899c12
~ld


6.01
 0h00:03.008 2021/05/18T03:30:09z: DS3231
 0h00:03.023 2021/05/18T03:30:09z: BME280 (0x76)
 0h00:03.038 2021/05/18T03:30:09z: 10:52:1c:41:79:b5
 0h00:03.039 2021/05/18T03:30:09z: SSID: ARRIS-5A97
 0h00:03.044 2021/05/18T03:30:09z: AP_STAR tmr
 ets Jan  8 2013,rst cause:1, boot mode:(3,6)

load 0x4010f000, len 1384, room 16 
tail 8
chksum 0x2d
csum 0x2d
v8b899c12
~ld


6.01
 0h00:03.015 2021/05/18T03:50:05z: DS3231
 0h00:03.030 2021/05/18T03:50:05z: BME280 (0x76)
 0h00:03.044 2021/05/18T03:50:05z: 10:52:1c:41:79:b5
 0h00:03.046 2021/05/18T03:50:05z: SSID: ARRIS-5A97
 0h00:03.051 2021/05/18T03:50:05z: AP_STAR tmr
 ets Jan  8 2013,rst cause:1, boot mode:(3,6)

load 0x4010f000, len 1384, room 16 
tail 8
chksum 0x2d
csum 0x2d
v8b899c12
~ld


6.01
 0h00:03.025 2021/05/18T04:10:01z: DS3231
 0h00:03.040 2021/05/18T04:10:01z: BME280 (0x76)
 0h00:03.054 2021/05/18T04:10:01z: 10:52:1c:41:79:b5
 0h00:03.056 2021/05/18T04:10:01z: SSID: ARRIS-5A97
 0h00:03.061 2021/05/18T04:10:01z: AP_STAR tmr
 ets Jan  8 2013,rst cause:1, boot mode:(3,6)

load 0x4010f000, len 1384, room 16 
tail 8
chksum 0x2d
csum 0x2d
v8b899c12
~ld


6.01
 0h00:02.997 2021/05/18T04:29:57z: DS3231
 0h00:03.013 2021/05/18T04:29:57z: BME280 (0x76)
 0h00:03.027 2021/05/18T04:29:57z: 10:52:1c:41:79:b5
 0h00:03.028 2021/05/18T04:29:57z: SSID: ARRIS-5A97
 0h00:03.034 2021/05/18T04:29:57z: AP_STAR tmr
 ets Jan  8 2013,rst cause:1, boot mode:(3,6)

load 0x4010f000, len 1384, room 16 
tail 8
chksum 0x2d
csum 0x2d
v8b899c12
~ld


6.01
 0h00:03.003 2021/05/18T04:49:53z: DS3231
 0h00:03.018 2021/05/18T04:49:53z: BME280 (0x76)
 0h00:03.032 2021/05/18T04:49:53z: 10:52:1c:41:79:b5
 0h00:03.034 2021/05/18T04:49:53z: SSID: ARRIS-5A97
 0h00:03.039 2021/05/18T04:49:53z: AP_STAR tmr
 ets Jan  8 2013,rst cause:1, boot mode:(3,6)

load 0x4010f000, len 1384, room 16 
tail 8
chksum 0x2d
csum 0x2d
v8b899c12
~ld


6.01
 0h00:02.999 2021/05/18T05:09:49z: DS3231
 0h00:03.014 2021/05/18T05:09:49z: BME280 (0x76)
 0h00:03.028 2021/05/18T05:09:49z: 10:52:1c:41:79:b5
 0h00:03.030 2021/05/18T05:09:49z: SSID: ARRIS-5A97
 0h00:03.035 2021/05/18T05:09:49z: AP_STAR tmr
 ets Jan  8 2013,rst cause:1, boot mode:(3,6)

load 0x4010f000, len 1384, room 16 
tail 8
chksum 0x2d
csum 0x2d
v8b899c12
~ld


6.01
 0h00:03.008 2021/05/18T05:29:45z: DS3231
 0h00:03.023 2021/05/18T05:29:45z: BME280 (0x76)
 0h00:03.037 2021/05/18T05:29:45z: 10:52:1c:41:79:b5
 0h00:03.039 2021/05/18T05:29:45z: SSID: ARRIS-5A97
 0h00:03.044 2021/05/18T05:29:45z: AP_STAR tmr
 ets Jan  8 2013,rst cause:1, boot mode:(3,6)

load 0x4010f000, len 1384, room 16 
tail 8
chksum 0x2d
csum 0x2d
v8b899c12
~ld


6.01
 0h00:03.005 2021/05/18T05:49:42z: DS3231
 0h00:03.020 2021/05/18T05:49:42z: BME280 (0x76)
 0h00:03.034 2021/05/18T05:49:42z: 10:52:1c:41:79:b5
 0h00:03.036 2021/05/18T05:49:42z: SSID: ARRIS-5A97
 0h00:03.041 2021/05/18T05:49:42z: AP_STAR tmr
 ets Jan  8 2013,rst cause:1, boot mode:(3,6)

load 0x4010f000, len 1384, room 16 
tail 8
chksum 0x2d
csum 0x2d
v8b899c12
~ld


6.01
 0h00:03.016 2021/05/18T06:09:38z: DS3231
 0h00:03.031 2021/05/18T06:09:38z: BME280 (0x76)
 0h00:03.046 2021/05/18T06:09:38z: 10:52:1c:41:79:b5
 0h00:03.047 2021/05/18T06:09:38z: SSID: ARRIS-5A97
 0h00:03.052 2021/05/18T06:09:38z: AP_STAR tmr
 ets Jan  8 2013,rst cause:1, boot mode:(3,6)

load 0x4010f000, len 1384, room 16 
tail 8
chksum 0x2d
csum 0x2d
v8b899c12
~ld


6.01
 0h00:03.026 2021/05/18T06:29:35z: DS3231
 0h00:03.041 2021/05/18T06:29:35z: BME280 (0x76)
 0h00:03.055 2021/05/18T06:29:35z: 10:52:1c:41:79:b5
 0h00:03.057 2021/05/18T06:29:35z: SSID: ARRIS-5A97
 0h00:03.062 2021/05/18T06:29:35z: AP_STAR tmr
 ets Jan  8 2013,rst cause:1, boot mode:(3,6)

load 0x4010f000, len 1384, room 16 
tail 8
chksum 0x2d
csum 0x2d
v8b899c12
~ld


6.01
 0h00:03.002 2021/05/18T06:49:30z: DS3231
 0h00:03.017 2021/05/18T06:49:30z: BME280 (0x76)
 0h00:03.031 2021/05/18T06:49:30z: 10:52:1c:41:79:b5
 0h00:03.033 2021/05/18T06:49:30z: SSID: ARRIS-5A97
 0h00:03.038 2021/05/18T06:49:30z: AP_STAR tmr
 ets Jan  8 2013,rst cause:1, boot mode:(3,6)

load 0x4010f000, len 1384, room 16 
tail 8
chksum 0x2d
csum 0x2d
v8b899c12
~ld


6.01
 0h00:03.021 2021/05/18T07:09:26z: DS3231
 0h00:03.036 2021/05/18T07:09:26z: BME280 (0x76)
 0h00:03.050 2021/05/18T07:09:26z: 10:52:1c:41:79:b5
 0h00:03.052 2021/05/18T07:09:26z: SSID: ARRIS-5A97
 0h00:03.057 2021/05/18T07:09:26z: AP_STAR tmr
 ets Jan  8 2013,rst cause:1, boot mode:(3,6)

load 0x4010f000, len 1384, room 16 
tail 8
chksum 0x2d
csum 0x2d
v8b899c12
~ld


6.01
 0h00:03.027 2021/05/18T07:29:23z: DS3231
 0h00:03.042 2021/05/18T07:29:23z: BME280 (0x76)
 0h00:03.056 2021/05/18T07:29:23z: 10:52:1c:41:79:b5
 0h00:03.058 2021/05/18T07:29:23z: SSID: ARRIS-5A97
 0h00:03.063 2021/05/18T07:29:23z: AP_STAR tmr
 ets Jan  8 2013,rst cause:1, boot mode:(3,6)

load 0x4010f000, len 1384, room 16 
tail 8
chksum 0x2d
csum 0x2d
v8b899c12
~ld


6.01
 0h00:03.002 2021/05/18T07:49:19z: DS3231
 0h00:03.017 2021/05/18T07:49:19z: BME280 (0x76)
 0h00:03.031 2021/05/18T07:49:19z: 10:52:1c:41:79:b5
 0h00:03.033 2021/05/18T07:49:19z: SSID: ARRIS-5A97
 0h00:03.038 2021/05/18T07:49:19z: AP_STAR tmr
 ets Jan  8 2013,rst cause:1, boot mode:(3,6)

load 0x4010f000, len 1384, room 16 
tail 8
chksum 0x2d
csum 0x2d
v8b899c12
~ld


6.01
 0h00:03.002 2021/05/18T08:09:15z: DS3231
 0h00:03.017 2021/05/18T08:09:15z: BME280 (0x76)
 0h00:03.031 2021/05/18T08:09:15z: 10:52:1c:41:79:b5
 0h00:03.033 2021/05/18T08:09:15z: SSID: ARRIS-5A97
 0h00:03.038 2021/05/18T08:09:15z: AP_STAR tmr
 ets Jan  8 2013,rst cause:1, boot mode:(3,6)

load 0x4010f000, len 1384, room 16 
tail 8
chksum 0x2d
csum 0x2d
v8b899c12
~ld


6.01
 0h00:03.007 2021/05/18T08:29:10z: DS3231
 0h00:03.022 2021/05/18T08:29:10z: BME280 (0x76)
 0h00:03.036 2021/05/18T08:29:10z: 10:52:1c:41:79:b5
 0h00:03.038 2021/05/18T08:29:10z: SSID: ARRIS-5A97
 0h00:03.043 2021/05/18T08:29:10z: AP_STAR tmr
 ets Jan  8 2013,rst cause:1, boot mode:(3,6)

load 0x4010f000, len 1384, room 16 
tail 8
chksum 0x2d
csum 0x2d
v8b899c12
~ld


6.01
 0h00:02.999 2021/05/18T08:49:05z: DS3231
 0h00:03.014 2021/05/18T08:49:06z: BME280 (0x76)
 0h00:03.028 2021/05/18T08:49:06z: 10:52:1c:41:79:b5
 0h00:03.030 2021/05/18T08:49:06z: SSID: ARRIS-5A97
 0h00:03.035 2021/05/18T08:49:06z: AP_STAR tmr
 ets Jan  8 2013,rst cause:1, boot mode:(3,6)

load 0x4010f000, len 1384, room 16 
tail 8
chksum 0x2d
csum 0x2d
v8b899c12
~ld


6.01
 0h00:03.009 2021/05/18T09:09:01z: DS3231
 0h00:03.024 2021/05/18T09:09:01z: BME280 (0x76)
 0h00:03.038 2021/05/18T09:09:01z: 10:52:1c:41:79:b5
 0h00:03.040 2021/05/18T09:09:01z: SSID: ARRIS-5A97
 0h00:03.045 2021/05/18T09:09:01z: AP_STAR tmr
 ets Jan  8 2013,rst cause:1, boot mode:(3,6)

load 0x4010f000, len 1384, room 16 
tail 8
chksum 0x2d
csum 0x2d
v8b899c12
~ld


6.01
 0h00:03.009 2021/05/18T09:28:57z: DS3231
 0h00:03.025 2021/05/18T09:28:57z: BME280 (0x76)
 0h00:03.039 2021/05/18T09:28:57z: 10:52:1c:41:79:b5
 0h00:03.040 2021/05/18T09:28:57z: SSID: ARRIS-5A97
 0h00:03.046 2021/05/18T09:28:58z: AP_STAR tmr
 ets Jan  8 2013,rst cause:1, boot mode:(3,6)

load 0x4010f000, len 1384, room 16 
tail 8
chksum 0x2d
csum 0x2d
v8b899c12
~ld


6.01
 0h00:03.018 2021/05/18T09:48:54z: DS3231
 0h00:03.033 2021/05/18T09:48:54z: BME280 (0x76)
 0h00:03.048 2021/05/18T09:48:54z: 10:52:1c:41:79:b5
 0h00:03.049 2021/05/18T09:48:54z: SSID: ARRIS-5A97
 0h00:03.055 2021/05/18T09:48:54z: AP_STAR tmr
 ets Jan  8 2013,rst cause:1, boot mode:(3,6)

load 0x4010f000, len 1384, room 16 
tail 8
chksum 0x2d
csum 0x2d
v8b899c12
~ld


6.01
 0h00:03.026 2021/05/18T10:08:50z: DS3231
 0h00:03.041 2021/05/18T10:08:50z: BME280 (0x76)
 0h00:03.055 2021/05/18T10:08:50z: 10:52:1c:41:79:b5
 0h00:03.057 2021/05/18T10:08:50z: SSID: ARRIS-5A97
 0h00:03.062 2021/05/18T10:08:50z: AP_STAR tmr
 ets Jan  8 2013,rst cause:1, boot mode:(3,6)

load 0x4010f000, len 1384, room 16 
tail 8
chksum 0x2d
csum 0x2d
v8b899c12
~ld


6.01
 0h00:02.999 2021/05/18T10:28:46z: DS3231
 0h00:03.014 2021/05/18T10:28:46z: BME280 (0x76)
 0h00:03.028 2021/05/18T10:28:46z: 10:52:1c:41:79:b5
 0h00:03.030 2021/05/18T10:28:46z: SSID: ARRIS-5A97
 0h00:03.035 2021/05/18T10:28:46z: AP_STAR tmr
 ets Jan  8 2013,rst cause:1, boot mode:(3,6)

load 0x4010f000, len 1384, room 16 
tail 8
chksum 0x2d
csum 0x2d
v8b899c12
~ld


6.01
 0h00:03.001 2021/05/18T10:48:42z: DS3231
 0h00:03.016 2021/05/18T10:48:42z: BME280 (0x76)
 0h00:03.030 2021/05/18T10:48:42z: 10:52:1c:41:79:b5
 0h00:03.032 2021/05/18T10:48:42z: SSID: ARRIS-5A97
 0h00:03.037 2021/05/18T10:48:42z: AP_STAR tmr
 ets Jan  8 2013,rst cause:1, boot mode:(3,6)

load 0x4010f000, len 1384, room 16 
tail 8
chksum 0x2d
csum 0x2d
v8b899c12
~ld


6.01
 0h00:02.995 2021/05/18T11:08:39z: DS3231
 0h00:03.011 2021/05/18T11:08:39z: BME280 (0x76)
 0h00:03.025 2021/05/18T11:08:39z: 10:52:1c:41:79:b5
 0h00:03.027 2021/05/18T11:08:39z: SSID: ARRIS-5A97
 0h00:03.032 2021/05/18T11:08:39z: AP_STAR tmr
 ets Jan  8 2013,rst cause:1, boot mode:(3,6)

load 0x4010f000, len 1384, room 16 
tail 8
chksum 0x2d
csum 0x2d
v8b899c12
~ld


6.01
 0h00:03.000 2021/05/18T11:28:34z: DS3231
 0h00:03.015 2021/05/18T11:28:34z: BME280 (0x76)
 0h00:03.029 2021/05/18T11:28:34z: 10:52:1c:41:79:b5
 0h00:03.031 2021/05/18T11:28:34z: SSID: ARRIS-5A97
 0h00:03.036 2021/05/18T11:28:34z: AP_STAR tmr
 ets Jan  8 2013,rst cause:1, boot mode:(3,6)

load 0x4010f000, len 1384, room 16 
tail 8
chksum 0x2d
csum 0x2d
v8b899c12
~ld


6.01
 0h00:02.998 2021/05/18T11:48:30z: DS3231
 0h00:03.013 2021/05/18T11:48:30z: BME280 (0x76)
 0h00:03.028 2021/05/18T11:48:30z: 10:52:1c:41:79:b5
 0h00:03.029 2021/05/18T11:48:30z: SSID: ARRIS-5A97
 0h00:03.035 2021/05/18T11:48:30z: AP_STAR tmr
 ets Jan  8 2013,rst cause:1, boot mode:(3,6)

load 0x4010f000, len 1384, room 16 
tail 8
chksum 0x2d
csum 0x2d
v8b899c12
~ld


6.01
 0h00:03.008 2021/05/18T12:08:26z: DS3231
 0h00:03.023 2021/05/18T12:08:26z: BME280 (0x76)
 0h00:03.037 2021/05/18T12:08:26z: 10:52:1c:41:79:b5
 0h00:03.039 2021/05/18T12:08:26z: SSID: ARRIS-5A97
 0h00:03.044 2021/05/18T12:08:26z: AP_STAR tmr
 ets Jan  8 2013,rst cause:1, boot mode:(3,6)

load 0x4010f000, len 1384, room 16 
tail 8
chksum 0x2d
csum 0x2d
v8b899c12
~ld


6.01
 0h00:03.015 2021/05/18T12:28:22z: DS3231
 0h00:03.030 2021/05/18T12:28:22z: BME280 (0x76)
 0h00:03.044 2021/05/18T12:28:22z: 10:52:1c:41:79:b5
 0h00:03.046 2021/05/18T12:28:22z: SSID: ARRIS-5A97
 0h00:03.051 2021/05/18T12:28:22z: AP_STAR tmr
 ets Jan  8 2013,rst cause:1, boot mode:(3,6)

load 0x4010f000, len 1384, room 16 
tail 8
chksum 0x2d
csum 0x2d
v8b899c12
~ld


6.01
 0h00:03.019 2021/05/18T12:48:18z: DS3231
 0h00:03.034 2021/05/18T12:48:18z: BME280 (0x76)
 0h00:03.049 2021/05/18T12:48:18z: 10:52:1c:41:79:b5
 0h00:03.050 2021/05/18T12:48:18z: SSID: ARRIS-5A97
 0h00:03.055 2021/05/18T12:48:18z: AP_STAR tmr
 ets Jan  8 2013,rst cause:1, boot mode:(3,6)

load 0x4010f000, len 1384, room 16 
tail 8
chksum 0x2d
csum 0x2d
v8b899c12
~ld


6.01
 0h00:03.004 2021/05/18T13:08:13z: DS3231
 0h00:03.020 2021/05/18T13:08:13z: BME280 (0x76)
 0h00:03.034 2021/05/18T13:08:13z: 10:52:1c:41:79:b5
 0h00:03.035 2021/05/18T13:08:13z: SSID: ARRIS-5A97
 0h00:03.041 2021/05/18T13:08:13z: AP_STAR tmr
 ets Jan  8 2013,rst cause:1, boot mode:(3,6)

load 0x4010f000, len 1384, room 16 
tail 8
chksum 0x2d
csum 0x2d
v8b899c12
~ld


6.01
 0h00:03.003 2021/05/18T13:28:09z: DS3231
 0h00:03.018 2021/05/18T13:28:09z: BME280 (0x76)
 0h00:03.033 2021/05/18T13:28:09z: 10:52:1c:41:79:b5
 0h00:03.034 2021/05/18T13:28:09z: SSID: ARRIS-5A97
 0h00:03.039 2021/05/18T13:28:09z: AP_STAR tmr
 ets Jan  8 2013,rst cause:1, boot mode:(3,6)

load 0x4010f000, len 1384, room 16 
tail 8
chksum 0x2d
csum 0x2d
v8b899c12
~ld


6.01
 0h00:02.998 2021/05/18T13:48:05z: DS3231
 0h00:03.013 2021/05/18T13:48:05z: BME280 (0x76)
 0h00:03.027 2021/05/18T13:48:05z: 10:52:1c:41:79:b5
 0h00:03.029 2021/05/18T13:48:05z: SSID: ARRIS-5A97
 0h00:03.034 2021/05/18T13:48:05z: AP_STAR tmr
 ets Jan  8 2013,rst cause:1, boot mode:(3,6)

load 0x4010f000, len 1384, room 16 
tail 8
chksum 0x2d
csum 0x2d
v8b899c12
~ld


6.01
 0h00:02.996 2021/05/18T14:08:01z: DS3231
 0h00:03.011 2021/05/18T14:08:01z: BME280 (0x76)
 0h00:03.026 2021/05/18T14:08:01z: 10:52:1c:41:79:b5
 0h00:03.027 2021/05/18T14:08:01z: SSID: ARRIS-5A97
 0h00:03.032 2021/05/18T14:08:01z: AP_STAR tmr
 ets Jan  8 2013,rst cause:1, boot mode:(3,6)

load 0x4010f000, len 1384, room 16 
tail 8
chksum 0x2d
csum 0x2d
v8b899c12
~ld


6.01
 0h00:02.996 2021/05/18T14:27:58z: DS3231
 0h00:03.011 2021/05/18T14:27:58z: BME280 (0x76)
 0h00:03.025 2021/05/18T14:27:58z: 10:52:1c:41:79:b5
 0h00:03.027 2021/05/18T14:27:58z: SSID: ARRIS-5A97
 0h00:03.032 2021/05/18T14:27:58z: AP_STAR tmr
 ets Jan  8 2013,rst cause:1, boot mode:(3,6)

load 0x4010f000, len 1384, room 16 
tail 8
chksum 0x2d
csum 0x2d
v8b899c12
~ld


6.01
 0h00:03.016 2021/05/18T14:47:54z: DS3231
 0h00:03.032 2021/05/18T14:47:54z: BME280 (0x76)
 0h00:03.046 2021/05/18T14:47:54z: 10:52:1c:41:79:b5
 0h00:03.048 2021/05/18T14:47:54z: SSID: ARRIS-5A97
 0h00:03.053 2021/05/18T14:47:54z: AP_STAR tmr
 ets Jan  8 2013,rst cause:1, boot mode:(3,6)

load 0x4010f000, len 1384, room 16 
tail 8
chksum 0x2d
csum 0x2d
v8b899c12
~ld


6.01
 0h00:03.018 2021/05/18T15:07:51z: DS3231
 0h00:03.033 2021/05/18T15:07:51z: BME280 (0x76)
 0h00:03.047 2021/05/18T15:07:51z: 10:52:1c:41:79:b5
 0h00:03.049 2021/05/18T15:07:51z: SSID: ARRIS-5A97
 0h00:03.054 2021/05/18T15:07:51z: AP_STAR tmr
 ets Jan  8 2013,rst cause:1, boot mode:(3,6)

load 0x4010f000, len 1384, room 16 
tail 8
chksum 0x2d
csum 0x2d
v8b899c12
~ld


6.01
 0h00:03.024 2021/05/18T15:27:46z: DS3231
 0h00:03.039 2021/05/18T15:27:46z: BME280 (0x76)
 0h00:03.053 2021/05/18T15:27:46z: 10:52:1c:41:79:b5
 0h00:03.055 2021/05/18T15:27:46z: SSID: ARRIS-5A97
 0h00:03.060 2021/05/18T15:27:46z: AP_STAR tmr
 ets Jan  8 2013,rst cause:1, boot mode:(3,6)

load 0x4010f000, len 1384, room 16 
tail 8
chksum 0x2d
csum 0x2d
v8b899c12
~ld


6.01
 0h00:02.998 2021/05/18T15:47:42z: DS3231
 0h00:03.013 2021/05/18T15:47:42z: BME280 (0x76)
 0h00:03.027 2021/05/18T15:47:42z: 10:52:1c:41:79:b5
 0h00:03.029 2021/05/18T15:47:42z: SSID: ARRIS-5A97
 0h00:03.034 2021/05/18T15:47:42z: AP_STAR tmr
 ets Jan  8 2013,rst cause:1, boot mode:(3,6)

load 0x4010f000, len 1384, room 16 
tail 8
chksum 0x2d
csum 0x2d
v8b899c12
~ld


6.01
 0h00:02.999 2021/05/18T16:07:38z: DS3231
 0h00:03.014 2021/05/18T16:07:38z: BME280 (0x76)
 0h00:03.029 2021/05/18T16:07:38z: 10:52:1c:41:79:b5
 0h00:03.030 2021/05/18T16:07:38z: SSID: ARRIS-5A97
 0h00:03.035 2021/05/18T16:07:38z: AP_STAR tmr
 ets Jan  8 2013,rst cause:1, boot mode:(3,6)

load 0x4010f000, len 1384, room 16 
tail 8
chksum 0x2d
csum 0x2d
v8b899c12
~ld


6.01
 0h00:02.995 2021/05/18T16:27:34z: DS3231
 0h00:03.010 2021/05/18T16:27:34z: BME280 (0x76)
 0h00:03.024 2021/05/18T16:27:34z: 10:52:1c:41:79:b5
 0h00:03.026 2021/05/18T16:27:34z: SSID: ARRIS-5A97
 0h00:03.031 2021/05/18T16:27:34z: AP_STAR tmr
 ets Jan  8 2013,rst cause:1, boot mode:(3,6)

load 0x4010f000, len 1384, room 16 
tail 8
chksum 0x2d
csum 0x2d
v8b899c12
~ld


6.01
 0h00:02.997 2021/05/18T16:47:30z: DS3231
 0h00:03.012 2021/05/18T16:47:30z: BME280 (0x76)
 0h00:03.026 2021/05/18T16:47:30z: 10:52:1c:41:79:b5
 0h00:03.028 2021/05/18T16:47:30z: SSID: ARRIS-5A97
 0h00:03.033 2021/05/18T16:47:30z: AP_STAR tmr
 ets Jan  8 2013,rst cause:1, boot mode:(3,6)

load 0x4010f000, len 1384, room 16 
tail 8
chksum 0x2d
csum 0x2d
v8b899c12
~ld


6.01
 0h00:02.997 2021/05/18T17:07:26z: DS3231
 0h00:03.012 2021/05/18T17:07:26z: BME280 (0x76)
 0h00:03.026 2021/05/18T17:07:26z: 10:52:1c:41:79:b5
 0h00:03.028 2021/05/18T17:07:26z: SSID: ARRIS-5A97
 0h00:03.033 2021/05/18T17:07:26z: AP_STAR tmr
 ets Jan  8 2013,rst cause:1, boot mode:(3,6)

load 0x4010f000, len 1384, room 16 
tail 8
chksum 0x2d
csum 0x2d
v8b899c12
~ld


6.01
 0h00:03.013 2021/05/18T17:27:23z: DS3231
 0h00:03.028 2021/05/18T17:27:23z: BME280 (0x76)
 0h00:03.043 2021/05/18T17:27:23z: 10:52:1c:41:79:b5
 0h00:03.044 2021/05/18T17:27:23z: SSID: ARRIS-5A97
 0h00:03.049 2021/05/18T17:27:23z: AP_STAR tmr
 ets Jan  8 2013,rst cause:1, boot mode:(3,6)

load 0x4010f000, len 1384, room 16 
tail 8
chksum 0x2d
csum 0x2d
v8b899c12
~ld


6.01
 0h00:03.013 2021/05/18T17:47:19z: DS3231
 0h00:03.028 2021/05/18T17:47:19z: BME280 (0x76)
 0h00:03.042 2021/05/18T17:47:19z: 10:52:1c:41:79:b5
 0h00:03.044 2021/05/18T17:47:19z: SSID: ARRIS-5A97
 0h00:03.049 2021/05/18T17:47:19z: AP_STAR tmr
 ets Jan  8 2013,rst cause:1, boot mode:(3,6)

load 0x4010f000, len 1384, room 16 
tail 8
chksum 0x2d
csum 0x2d
v8b899c12
~ld


6.01
 0h00:03.022 2021/05/18T18:07:15z: DS3231
 0h00:03.037 2021/05/18T18:07:15z: BME280 (0x76)
 0h00:03.052 2021/05/18T18:07:15z: 10:52:1c:41:79:b5
 0h00:03.053 2021/05/18T18:07:15z: SSID: ARRIS-5A97
 0h00:03.058 2021/05/18T18:07:15z: AP_STAR tmr
 ets Jan  8 2013,rst cause:1, boot mode:(3,6)

load 0x4010f000, len 1384, room 16 
tail 8
chksum 0x2d
csum 0x2d
v8b899c12
~ld


6.01
 0h00:03.000 2021/05/18T18:27:11z: DS3231
 0h00:03.015 2021/05/18T18:27:11z: BME280 (0x76)
 0h00:03.029 2021/05/18T18:27:11z: 10:52:1c:41:79:b5
 0h00:03.031 2021/05/18T18:27:11z: SSID: ARRIS-5A97
 0h00:03.036 2021/05/18T18:27:11z: AP_STAR tmr
 ets Jan  8 2013,rst cause:1, boot mode:(3,6)

load 0x4010f000, len 1384, room 16 
tail 8
chksum 0x2d
csum 0x2d
v8b899c12
~ld


6.01
 0h00:02.995 2021/05/18T18:47:07z: DS3231
 0h00:03.010 2021/05/18T18:47:07z: BME280 (0x76)
 0h00:03.024 2021/05/18T18:47:07z: 10:52:1c:41:79:b5
 0h00:03.026 2021/05/18T18:47:07z: SSID: ARRIS-5A97
 0h00:03.031 2021/05/18T18:47:07z: AP_STAR tmr
 ets Jan  8 2013,rst cause:1, boot mode:(3,6)

load 0x4010f000, len 1384, room 16 
tail 8
chksum 0x2d
csum 0x2d
v8b899c12
~ld


6.01
 0h00:02.994 2021/05/18T19:07:03z: DS3231
 0h00:03.009 2021/05/18T19:07:03z: BME280 (0x76)
 0h00:03.024 2021/05/18T19:07:03z: 10:52:1c:41:79:b5
 0h00:03.025 2021/05/18T19:07:03z: SSID: ARRIS-5A97
 0h00:03.030 2021/05/18T19:07:03z: AP_STAR tmr
 ets Jan  8 2013,rst cause:1, boot mode:(3,6)

load 0x4010f000, len 1384, room 16 
tail 8
chksum 0x2d
csum 0x2d
v8b899c12
~ld


6.01
 0h00:03.000 2021/05/18T19:26:59z: DS3231
 0h00:03.015 2021/05/18T19:26:59z: BME280 (0x76)
 0h00:03.030 2021/05/18T19:26:59z: 10:52:1c:41:79:b5
 0h00:03.031 2021/05/18T19:26:59z: SSID: ARRIS-5A97
 0h00:03.036 2021/05/18T19:26:59z: AP_STAR tmr
 ets Jan  8 2013,rst cause:1, boot mode:(3,6)

load 0x4010f000, len 1384, room 16 
tail 8
chksum 0x2d
csum 0x2d
v8b899c12
~ld


6.01
 0h00:02.998 2021/05/18T19:46:55z: DS3231
 0h00:03.013 2021/05/18T19:46:55z: BME280 (0x76)
 0h00:03.027 2021/05/18T19:46:55z: 10:52:1c:41:79:b5
 0h00:03.029 2021/05/18T19:46:55z: SSID: ARRIS-5A97
 0h00:03.034 2021/05/18T19:46:55z: AP_STAR tmr
 ets Jan  8 2013,rst cause:1, boot mode:(3,6)

load 0x4010f000, len 1384, room 16 
tail 8
chksum 0x2d
csum 0x2d
v8b899c12
~ld


6.01
 0h00:03.008 2021/05/18T20:06:51z: DS3231
 0h00:03.024 2021/05/18T20:06:51z: BME280 (0x76)
 0h00:03.038 2021/05/18T20:06:51z: 10:52:1c:41:79:b5
 0h00:03.040 2021/05/18T20:06:51z: SSID: ARRIS-5A97
 0h00:03.045 2021/05/18T20:06:51z: AP_STAR tmr
 ets Jan  8 2013,rst cause:1, boot mode:(3,6)

load 0x4010f000, len 1384, room 16 
tail 8
chksum 0x2d
csum 0x2d
v8b899c12
~ld


6.01
 0h00:03.008 2021/05/18T20:26:46z: DS3231
 0h00:03.024 2021/05/18T20:26:46z: BME280 (0x76)
 0h00:03.038 2021/05/18T20:26:46z: 10:52:1c:41:79:b5
 0h00:03.039 2021/05/18T20:26:46z: SSID: ARRIS-5A97
 0h00:03.045 2021/05/18T20:26:46z: AP_STAR tmr
 ets Jan  8 2013,rst cause:1, boot mode:(3,6)

load 0x4010f000, len 1384, room 16 
tail 8
chksum 0x2d
csum 0x2d
v8b899c12
~ld


6.01
 0h00:03.028 2021/05/18T20:46:42z: DS3231
 0h00:03.044 2021/05/18T20:46:42z: BME280 (0x76)
 0h00:03.058 2021/05/18T20:46:42z: 10:52:1c:41:79:b5
 0h00:03.060 2021/05/18T20:46:42z: SSID: ARRIS-5A97
 0h00:03.065 2021/05/18T20:46:42z: AP_STAR tmr
 ets Jan  8 2013,rst cause:1, boot mode:(3,6)

load 0x4010f000, len 1384, room 16 
tail 8
chksum 0x2d
csum 0x2d
v8b899c12
~ld


6.01
 0h00:02.995 2021/05/18T21:06:38z: DS3231
 0h00:03.011 2021/05/18T21:06:38z: BME280 (0x76)
 0h00:03.025 2021/05/18T21:06:38z: 10:52:1c:41:79:b5
 0h00:03.026 2021/05/18T21:06:38z: SSID: ARRIS-5A97
 0h00:03.032 2021/05/18T21:06:38z: AP_STAR tmr
 ets Jan  8 2013,rst cause:1, boot mode:(3,6)

load 0x4010f000, len 1384, room 16 
tail 8
chksum 0x2d
csum 0x2d
v8b899c12
~ld


6.01
 0h00:02.997 2021/05/18T21:26:34z: DS3231
 0h00:03.013 2021/05/18T21:26:34z: BME280 (0x76)
 0h00:03.027 2021/05/18T21:26:34z: 10:52:1c:41:79:b5
 0h00:03.029 2021/05/18T21:26:34z: SSID: ARRIS-5A97
 0h00:03.034 2021/05/18T21:26:34z: AP_STAR tmr
 ets Jan  8 2013,rst cause:1, boot mode:(3,6)

load 0x4010f000, len 1384, room 16 
tail 8
chksum 0x2d
csum 0x2d
v8b899c12
~ld


6.01
 0h00:02.995 2021/05/18T21:46:29z: DS3231
 0h00:03.011 2021/05/18T21:46:29z: BME280 (0x76)
 0h00:03.025 2021/05/18T21:46:29z: 10:52:1c:41:79:b5
 0h00:03.026 2021/05/18T21:46:30z: SSID: ARRIS-5A97
 0h00:03.032 2021/05/18T21:46:30z: AP_STAR tmr
 ets Jan  8 2013,rst cause:1, boot mode:(3,6)

load 0x4010f000, len 1384, room 16 
tail 8
chksum 0x2d
csum 0x2d
v8b899c12
~ld


6.01
 0h00:02.990 2021/05/18T22:06:25z: DS3231
 0h00:03.005 2021/05/18T22:06:26z: BME280 (0x76)
 0h00:03.019 2021/05/18T22:06:26z: 10:52:1c:41:79:b5
 0h00:03.021 2021/05/18T22:06:26z: SSID: ARRIS-5A97
 0h00:03.026 2021/05/18T22:06:26z: AP_STAR tmr
 ets Jan  8 2013,rst cause:1, boot mode:(3,6)

load 0x4010f000, len 1384, room 16 
tail 8
chksum 0x2d
csum 0x2d
v8b899c12
~ld


6.01
 0h00:02.999 2021/05/18T22:26:21z: DS3231
 0h00:03.014 2021/05/18T22:26:21z: BME280 (0x76)
 0h00:03.029 2021/05/18T22:26:21z: 10:52:1c:41:79:b5
 0h00:03.030 2021/05/18T22:26:21z: SSID: ARRIS-5A97
 0h00:03.035 2021/05/18T22:26:21z: AP_STAR tmr
 ets Jan  8 2013,rst cause:1, boot mode:(3,6)

load 0x4010f000, len 1384, room 16 
tail 8
chksum 0x2d
csum 0x2d
v8b899c12
~ld


6.01
 0h00:03.006 2021/05/18T22:46:16z: DS3231
 0h00:03.021 2021/05/18T22:46:16z: BME280 (0x76)
 0h00:03.036 2021/05/18T22:46:16z: 10:52:1c:41:79:b5
 0h00:03.037 2021/05/18T22:46:16z: SSID: ARRIS-5A97
 0h00:03.042 2021/05/18T22:46:16z: AP_STAR tmr
 ets Jan  8 2013,rst cause:1, boot mode:(3,6)

load 0x4010f000, len 1384, room 16 
tail 8
chksum 0x2d
csum 0x2d
v8b899c12
~ld


6.01
 0h00:03.011 2021/05/18T23:06:13z: DS3231
 0h00:03.026 2021/05/18T23:06:13z: BME280 (0x76)
 0h00:03.040 2021/05/18T23:06:13z: 10:52:1c:41:79:b5
 0h00:03.042 2021/05/18T23:06:13z: SSID: ARRIS-5A97
 0h00:03.047 2021/05/18T23:06:13z: AP_STAR tmr
 ets Jan  8 2013,rst cause:1, boot mode:(3,6)

load 0x4010f000, len 1384, room 16 
tail 8
chksum 0x2d
csum 0x2d
v8b899c12
~ld


6.01
 0h00:03.021 2021/05/18T23:26:09z: DS3231
 0h00:03.036 2021/05/18T23:26:09z: BME280 (0x76)
 0h00:03.050 2021/05/18T23:26:09z: 10:52:1c:41:79:b5
 0h00:03.052 2021/05/18T23:26:09z: SSID: ARRIS-5A97
 0h00:03.057 2021/05/18T23:26:09z: AP_STAR tmr
 ets Jan  8 2013,rst cause:1, boot mode:(3,6)

load 0x4010f000, len 1384, room 16 
tail 8
chksum 0x2d
csum 0x2d
v8b899c12
~ld


6.01
 0h00:02.991 2021/05/18T23:46:04z: DS3231
 0h00:03.006 2021/05/18T23:46:04z: BME280 (0x76)
 0h00:03.021 2021/05/18T23:46:04z: 10:52:1c:41:79:b5
 0h00:03.022 2021/05/18T23:46:04z: SSID: ARRIS-5A97
 0h00:03.027 2021/05/18T23:46:04z: AP_STA