R tmr
 ets Jan  8 2013,rst cause:1, boot mode:(3,6)

load 0x4010f000, len 1384, room 16 
tail 8
chksum 0x2d
csum 0x2d
v8b899c12
~ld


6.01
 0h00:02.989 2021/05/19T00:06:00z: DS3231
 0h00:03.005 2021/05/19T00:06:00z: BME280 (0x76)
 0h00:03.019 2021/05/19T00:06:00z: 10:52:1c:41:79:b5
 0h00:03.021 2021/05/19T00:06:00z: SSID: ARRIS-5A97
 0h00:03.026 2021/05/19T00:06:00z: AP_STAR tmr
 ets Jan  8 2013,rst cause:1, boot mode:(3,6)

load 0x4010f000, len 1384, room 16 
tail 8
chksum 0x2d
csum 0x2d
v8b899c12
~ld


6.01
 0h00:02.993 2021/05/19T00:25:56z: DS3231
 0h00:03.008 2021/05/19T00:25:56z: BME280 (0x76)
 0h00:03.022 2021/05/19T00:25:56z: 10:52:1c:41:79:b5
 0h00:03.024 2021/05/19T00:25:56z: SSID: ARRIS-5A97
 0h00:03.029 2021/05/19T00:25:56z: AP_STAR tmr
 ets Jan  8 2013,rst cause:1, boot mode:(3,6)

load 0x4010f000, len 1384, room 16 
tail 8
chksum 0x2d
csum 0x2d
v8b899c12
~ld


6.01
 0h00:02.992 2021/05/19T00:45:52z: DS3231
 0h00:03.007 2021/05/19T00:45:52z: BME280 (0x76)
 0h00:03.021 2021/05/19T00:45:52z: 10:52:1c:41:79:b5
 0h00:03.023 2021/05/19T00:45:52z: SSID: ARRIS-5A97
 0h00:03.028 2021/05/19T00:45:52z: AP_STAR tmr
 ets Jan  8 2013,rst cause:1, boot mode:(3,6)

load 0x4010f000, len 1384, room 16 
tail 8
chksum 0x2d
csum 0x2d
v8b899c12
~ld


6.01
 0h00:02.998 2021/05/19T01:05:48z: DS3231
 0h00:03.013 2021/05/19T01:05:48z: BME280 (0x76)
 0h00:03.027 2021/05/19T01:05:48z: 10:52:1c:41:79:b5
 0h00:03.029 2021/05/19T01:05:48z: SSID: ARRIS-5A97
 0h00:03.034 2021/05/19T01:05:48z: AP_STAR tmr
 ets Jan  8 2013,rst cause:1, boot mode:(3,6)

load 0x4010f000, len 1384, room 16 
tail 8
chksum 0x2d
csum 0x2d
v8b899c12
~ld


6.01
 0h00:03.010 2021/05/19T01:25:43z: DS3231
 0h00:03.026 2021/05/19T01:25:43z: BME280 (0x76)
 0h00:03.040 2021/05/19T01:25:43z: 10:52:1c:41:79:b5
 0h00:03.042 2021/05/19T01:25:43z: SSID: ARRIS-5A97
 0h00:03.047 2021/05/19T01:25:43z: AP_STAR tmr
 ets Jan  8 2013,rst cause:1, boot mode:(3,6)

load 0x4010f000, len 1384, room 16 
tail 8
chksum 0x2d
csum 0x2d
v8b899c12
~ld


6.01
 0h00:03.012 2021/05/19T01:45:38z: DS3231
 0h00:03.027 2021/05/19T01:45:39z: BME280 (0x76)
 0h00:03.041 2021/05/19T01:45:39z: 10:52:1c:41:79:b5
 0h00:03.043 2021/05/19T01:45:39z: SSID: ARRIS-5A97
 0h00:03.048 2021/05/19T01:45:39z: AP_STAR tmr
 ets Jan  8 2013,rst cause:1, boot mode:(3,6)

load 0x4010f000, len 1384, room 16 
tail 8
chksum 0x2d
csum 0x2d
v8b899c12
~ld


6.01
 0h00:03.024 2021/05/19T02:05:35z: DS3231
 0h00:03.039 2021/05/19T02:05:35z: BME280 (0x76)
 0h00:03.053 2021/05/19T02:05:35z: 10:52:1c:41:79:b5
 0h00:03.055 2021/05/19T02:05:35z: SSID: ARRIS-5A97
 0h00:03.060 2021/05/19T02:05:35z: AP_STAR tmr
 ets Jan  8 2013,rst cause:1, boot mode:(3,6)

load 0x4010f000, len 1384, room 16 
tail 8
chksum 0x2d
csum 0x2d
v8b899c12
~ld


6.01
 0h00:03.000 2021/05/19T02:25:31z: DS3231
 0h00:03.015 2021/05/19T02:25:31z: BME280 (0x76)
 0h00:03.030 2021/05/19T02:25:31z: 10:52:1c:41:79:b5
 0h00:03.031 2021/05/19T02:25:31z: SSID: ARRIS-5A97
 0h00:03.036 2021/05/19T02:25:31z: AP_STAR tmr
 ets Jan  8 2013,rst cause:1, boot mode:(3,6)

load 0x4010f000, len 1384, room 16 
tail 8
chksum 0x2d
csum 0x2d
v8b899c12
~ld


6.01
 0h00:02.998 2021/05/19T02:45:26z: DS3231
 0h00:03.013 2021/05/19T02:45:26z: BME280 (0x76)
 0h00:03.027 2021/05/19T02:45:26z: 10:52:1c:41:79:b5
 0h00:03.029 2021/05/19T02:45:26z: SSID: ARRIS-5A97
 0h00:03.034 2021/05/19T02:45:26z: AP_STAR tmr
 ets Jan  8 2013,rst cause:1, boot mode:(3,6)

load 0x4010f000, len 1384, room 16 
tail 8
chksum 0x2d
csum 0x2d
v8b899c12
~ld


6.01
 0h00:03.002 2021/05/19T03:05:22z: DS3231
 0h00:03.017 2021/05/19T03:05:22z: BME280 (0x76)
 0h00:03.032 2021/05/19T03:05:22z: 10:52:1c:41:79:b5
 0h00:03.033 2021/05/19T03:05:22z: SSID: ARRIS-5A97
 0h00:03.038 2021/05/19T03:05:22z: AP_STAR tmr
 ets Jan  8 2013,rst cause:1, boot mode:(3,6)

load 0x4010f000, len 1384, room 16 
tail 8
chksum 0x2d
csum 0x2d
v8b899c12
~ld


6.01
 0h00:02.994 2021/05/19T03:25:18z: DS3231
 0h00:03.009 2021/05/19T03:25:18z: BME280 (0x76)
 0h00:03.024 2021/05/19T03:25:18z: 10:52:1c:41:79:b5
 0h00:03.025 2021/05/19T03:25:18z: SSID: ARRIS-5A97
 0h00:03.030 2021/05/19T03:25:18z: AP_STAR tmr
 ets Jan  8 2013,rst cause:1, boot mode:(3,6)

load 0x4010f000, len 1384, room 16 
tail 8
chksum 0x2d
csum 0x2d
v8b899c12
~ld


6.01
 0h00:02.996 2021/05/19T03:45:13z: DS3231
 0h00:03.011 2021/05/19T03:45:14z: BME280 (0x76)
 0h00:03.025 2021/05/19T03:45:14z: 10:52:1c:41:79:b5
 0h00:03.027 2021/05/19T03:45:14z: SSID: ARRIS-5A97
 0h00:03.032 2021/05/19T03:45:14z: AP_STAR tmr
 ets Jan  8 2013,rst cause:1, boot mode:(3,6)

load 0x4010f000, len 1384, room 16 
tail 8
chksum 0x2d
csum 0x2d
v8b899c12
~ld


6.01
 0h00:03.020 2021/05/19T04:05:09z: DS3231
 0h00:03.036 2021/05/19T04:05:09z: BME280 (0x76)
 0h00:03.050 2021/05/19T04:05:09z: 10:52:1c:41:79:b5
 0h00:03.051 2021/05/19T04:05:09z: SSID: ARRIS-5A97
 0h00:03.057 2021/05/19T04:05:09z: AP_STAR tmr
 ets Jan  8 2013,rst cause:1, boot mode:(3,6)

load 0x4010f000, len 1384, room 16 
tail 8
chksum 0x2d
csum 0x2d
v8b899c12
~ld


6.01
 0h00:03.020 2021/05/19T04:25:05z: DS3231
 0h00:03.035 2021/05/19T04:25:05z: BME280 (0x76)
 0h00:03.049 2021/05/19T04:25:05z: 10:52:1c:41:79:b5
 0h00:03.051 2021/05/19T04:25:05z: SSID: ARRIS-5A97
 0h00:03.056 2021/05/19T04:25:05z: AP_STAR tmr
 ets Jan  8 2013,rst cause:1, boot mode:(3,6)

load 0x4010f000, len 1384, room 16 
tail 8
chksum 0x2d
csum 0x2d
v8b899c12
~ld


6.01
 0h00:03.028 2021/05/19T04:45:01z: DS3231
 0h00:03.043 2021/05/19T04:45:01z: BME280 (0x76)
 0h00:03.057 2021/05/19T04:45:01z: 10:52:1c:41:79:b5
 0h00:03.059 2021/05/19T04:45:01z: SSID: ARRIS-5A97
 0h00:03.064 2021/05/19T04:45:01z: AP_STAR tmr
 ets Jan  8 2013,rst cause:1, boot mode:(3,6)

load 0x4010f000, len 1384, room 16 
tail 8
chksum 0x2d
csum 0x2d
v8b899c12
~ld


6.01
 0h00:03.002 2021/05/19T05:04:57z: DS3231
 0h00:03.017 2021/05/19T05:04:57z: BME280 (0x76)
 0h00:03.031 2021/05/19T05:04:57z: 10:52:1c:41:79:b5
 0h00:03.033 2021/05/19T05:04:57z: SSID: ARRIS-5A97
 0h00:03.038 2021/05/19T05:04:57z: AP_STAR tmr
 ets Jan  8 2013,rst cause:1, boot mode:(3,6)

load 0x4010f000, len 1384, room 16 
tail 8
chksum 0x2d
csum 0x2d
v8b899c12
~ld


6.01
 0h00:03.006 2021/05/19T05:24:52z: DS3231
 0h00:03.021 2021/05/19T05:24:52z: BME280 (0x76)
 0h00:03.035 2021/05/19T05:24:52z: 10:52:1c:41:79:b5
 0h00:03.037 2021/05/19T05:24:52z: SSID: ARRIS-5A97
 0h00:03.042 2021/05/19T05:24:52z: AP_STAR tmr
 ets Jan  8 2013,rst cause:1, boot mode:(3,6)

load 0x4010f000, len 1384, room 16 
tail 8
chksum 0x2d
csum 0x2d
v8b899c12
~ld


6.01
 0h00:03.006 2021/05/19T05:44:48z: DS3231
 0h00:03.021 2021/05/19T05:44:48z: BME280 (0x76)
 0h00:03.035 2021/05/19T05:44:48z: 10:52:1c:41:79:b5
 0h00:03.037 2021/05/19T05:44:48z: SSID: ARRIS-5A97
 0h00:03.042 2021/05/19T05:44:48z: AP_STAR tmr
 ets Jan  8 2013,rst cause:1, boot mode:(3,6)

load 0x4010f000, len 1384, room 16 
tail 8
chksum 0x2d
csum 0x2d
v8b899c12
~ld


6.01
 0h00:03.011 2021/05/19T06:04:45z: DS3231
 0h00:03.026 2021/05/19T06:04:45z: BME280 (0x76)
 0h00:03.040 2021/05/19T06:04:45z: 10:52:1c:41:79:b5
 0h00:03.042 2021/05/19T06:04:45z: SSID: ARRIS-5A97
 0h00:03.047 2021/05/19T06:04:45z: AP_STAR tmr
 ets Jan  8 2013,rst cause:1, boot mode:(3,6)

load 0x4010f000, len 1384, room 16 
tail 8
chksum 0x2d
csum 0x2d
v8b899c12
~ld


6.01
 0h00:03.006 2021/05/19T06:24:41z: DS3231
 0h00:03.021 2021/05/19T06:24:41z: BME280 (0x76)
 0h00:03.035 2021/05/19T06:24:41z: 10:52:1c:41:79:b5
 0h00:03.037 2021/05/19T06:24:41z: SSID: ARRIS-5A97
 0h00:03.042 2021/05/19T06:24:41z: AP_STAR tmr
 ets Jan  8 2013,rst cause:1, boot mode:(3,6)

load 0x4010f000, len 1384, room 16 
tail 8
chksum 0x2d
csum 0x2d
v8b899c12
~ld


6.01
 0h00:03.007 2021/05/19T06:44:37z: DS3231
 0h00:03.023 2021/05/19T06:44:37z: BME280 (0x76)
 0h00:03.037 2021/05/19T06:44:37z: 10:52:1c:41:79:b5
 0h00:03.038 2021/05/19T06:44:37z: SSID: ARRIS-5A97
 0h00:03.044 2021/05/19T06:44:37z: AP_STAR tmr
 ets Jan  8 2013,rst cause:1, boot mode:(3,6)

load 0x4010f000, len 1384, room 16 
tail 8
chksum 0x2d
csum 0x2d
v8b899c12
~ld


6.01
 0h00:03.018 2021/05/19T07:04:33z: DS3231
 0h00:03.034 2021/05/19T07:04:33z: BME280 (0x76)
 0h00:03.048 2021/05/19T07:04:33z: 10:52:1c:41:79:b5
 0h00:03.049 2021/05/19T07:04:33z: SSID: ARRIS-5A97
 0h00:03.055 2021/05/19T07:04:33z: AP_STAR tmr
 ets Jan  8 2013,rst cause:1, boot mode:(3,6)

load 0x4010f000, len 1384, room 16 
tail 8
chksum 0x2d
csum 0x2d
v8b899c12
~ld


6.01
 0h00:03.030 2021/05/19T07:24:29z: DS3231
 0h00:03.045 2021/05/19T07:24:29z: BME280 (0x76)
 0h00:03.059 2021/05/19T07:24:29z: 10:52:1c:41:79:b5
 0h00:03.061 2021/05/19T07:24:29z: SSID: ARRIS-5A97
 0h00:03.066 2021/05/19T07:24:29z: AP_STAR tmr
 ets Jan  8 2013,rst cause:1, boot mode:(3,6)

load 0x4010f000, len 1384, room 16 
tail 8
chksum 0x2d
csum 0x2d
v8b899c12
~ld


6.01
 0h00:03.002 2021/05/19T07:44:25z: DS3231
 0h00:03.018 2021/05/19T07:44:25z: BME280 (0x76)
 0h00:03.032 2021/05/19T07:44:25z: 10:52:1c:41:79:b5
 0h00:03.033 2021/05/19T07:44:25z: SSID: ARRIS-5A97
 0h00:03.039 2021/05/19T07:44:25z: AP_STAR tmr
 ets Jan  8 2013,rst cause:1, boot mode:(3,6)

load 0x4010f000, len 1384, room 16 
tail 8
chksum 0x2d
csum 0x2d
v8b899c12
~ld


6.01
 0h00:02.999 2021/05/19T08:04:21z: DS3231
 0h00:03.014 2021/05/19T08:04:21z: BME280 (0x76)
 0h00:03.028 2021/05/19T08:04:21z: 10:52:1c:41:79:b5
 0h00:03.030 2021/05/19T08:04:21z: SSID: ARRIS-5A97
 0h00:03.035 2021/05/19T08:04:21z: AP_STAR tmr
 ets Jan  8 2013,rst cause:1, boot mode:(3,6)

load 0x4010f000, len 1384, room 16 
tail 8
chksum 0x2d
csum 0x2d
v8b899c12
~ld


6.01
 0h00:03.005 2021/05/19T08:24:17z: DS3231
 0h00:03.020 2021/05/19T08:24:17z: BME280 (0x76)
 0h00:03.034 2021/05/19T08:24:17z: 10:52:1c:41:79:b5
 0h00:03.036 2021/05/19T08:24:17z: SSID: ARRIS-5A97
 0h00:03.041 2021/05/19T08:24:17z: AP_STAR tmr
 ets Jan  8 2013,rst cause:1, boot mode:(3,6)

load 0x4010f000, len 1384, room 16 
tail 8
chksum 0x2d
csum 0x2d
v8b899c12
~ld


6.01
 0h00:03.002 2021/05/19T08:44:14z: DS3231
 0h00:03.018 2021/05/19T08:44:14z: BME280 (0x76)
 0h00:03.032 2021/05/19T08:44:14z: 10:52:1c:41:79:b5
 0h00:03.033 2021/05/19T08:44:14z: SSID: ARRIS-5A97
 0h00:03.039 2021/05/19T08:44:14z: AP_STAR tmr
 ets Jan  8 2013,rst cause:1, boot mode:(3,6)

load 0x4010f000, len 1384, room 16 
tail 8
chksum 0x2d
csum 0x2d
v8b899c12
~ld


6.01
 0h00:03.004 2021/05/19T09:04:10z: DS3231
 0h00:03.019 2021/05/19T09:04:10z: BME280 (0x76)
 0h00:03.033 2021/05/19T09:04:10z: 10:52:1c:41:79:b5
 0h00:03.035 2021/05/19T09:04:10z: SSID: ARRIS-5A97
 0h00:03.040 2021/05/19T09:04:10z: AP_STAR tmr
 ets Jan  8 2013,rst cause:1, boot mode:(3,6)

load 0x4010f000, len 1384, room 16 
tail 8
chksum 0x2d
csum 0x2d
v8b899c12
~ld


6.01
 0h00:03.015 2021/05/19T09:24:06z: DS3231
 0h00:03.030 2021/05/19T09:24:06z: BME280 (0x76)
 0h00:03.044 2021/05/19T09:24:06z: 10:52:1c:41:79:b5
 0h00:03.046 2021/05/19T09:24:06z: SSID: ARRIS-5A97
 0h00:03.051 2021/05/19T09:24:06z: AP_STAR tmr
 ets Jan  8 2013,rst cause:1, boot mode:(3,6)

load 0x4010f000, len 1384, room 16 
tail 8
chksum 0x2d
csum 0x2d
v8b899c12
~ld


6.01
 0h00:03.007 2021/05/19T09:44:01z: DS3231
 0h00:03.022 2021/05/19T09:44:01z: BME280 (0x76)
 0h00:03.036 2021/05/19T09:44:01z: 10:52:1c:41:79:b5
 0h00:03.038 2021/05/19T09:44:01z: SSID: ARRIS-5A97
 0h00:03.043 2021/05/19T09:44:01z: AP_STAR tmr
 ets Jan  8 2013,rst cause:1, boot mode:(3,6)

load 0x4010f000, len 1384, room 16 
tail 8
chksum 0x2d
csum 0x2d
v8b899c12
~ld


6.01
 0h00:03.015 2021/05/19T10:03:58z: DS3231
 0h00:03.030 2021/05/19T10:03:58z: BME280 (0x76)
 0h00:03.044 2021/05/19T10:03:58z: 10:52:1c:41:79:b5
 0h00:03.046 2021/05/19T10:03:58z: SSID: ARRIS-5A97
 0h00:03.051 2021/05/19T10:03:58z: AP_STAR tmr
 ets Jan  8 2013,rst cause:1, boot mode:(3,6)

load 0x4010f000, len 1384, room 16 
tail 8
chksum 0x2d
csum 0x2d
v8b899c12
~ld


6.01
 0h00:03.023 2021/05/19T10:23:53z: DS3231
 0h00:03.039 2021/05/19T10:23:53z: BME280 (0x76)
 0h00:03.053 2021/05/19T10:23:53z: 10:52:1c:41:79:b5
 0h00:03.055 2021/05/19T10:23:53z: SSID: ARRIS-5A97
 0h00:03.060 2021/05/19T10:23:53z: AP_STA