R tmr
 ets Jan  8 2013,rst cause:1, boot mode:(3,6)

load 0x4010f000, len 1384, room 16 
tail 8
chksum 0x2d
csum 0x2d
v8b899c12
~ld


6.01
 0h00:02.994 2021/05/17T10:53:28z: DS3231
 0h00:03.010 2021/05/17T10:53:28z: BME280 (0x76)
 0h00:03.024 2021/05/17T10:53:28z: 10:52:1c:41:79:b5
 0h00:03.026 2021/05/17T10:53:28z: SSID: ARRIS-5A97
 0h00:03.031 2021/05/17T10:53:28z: AP_STAR tmr
 ets Jan  8 2013,rst cause:1, boot mode:(3,6)

load 0x4010f000, len 1384, room 16 
tail 8
chksum 0x2d
csum 0x2d
v8b899c12
~ld


6.01
 0h00:02.994 2021/05/17T11:13:24z: DS3231
 0h00:03.009 2021/05/17T11:13:24z: BME280 (0x76)
 0h00:03.023 2021/05/17T11:13:24z: 10:52:1c:41:79:b5
 0h00:03.025 2021/05/17T11:13:24z: SSID: ARRIS-5A97
 0h00:03.030 2021/05/17T11:13:24z: AP_STAR tmr
 ets Jan  8 2013,rst cause:1, boot mode:(3,6)

load 0x4010f000, len 1384, room 16 
tail 8
chksum 0x2d
csum 0x2d
v8b899c12
~ld


6.01
 0h00:03.012 2021/05/17T11:33:21z: DS3231
 0h00:03.027 2021/05/17T11:33:21z: BME280 (0x76)
 0h00:03.041 2021/05/17T11:33:21z: 10:52:1c:41:79:b5
 0h00:03.043 2021/05/17T11:33:21z: SSID: ARRIS-5A97
 0h00:03.048 2021/05/17T11:33:21z: AP_STAR tmr
 ets Jan  8 2013,rst cause:1, boot mode:(3,6)

load 0x4010f000, len 1384, room 16 
tail 8
chksum 0x2d
csum 0x2d
v8b899c12
~ld


6.01
 0h00:03.017 2021/05/17T11:53:17z: DS3231
 0h00:03.033 2021/05/17T11:53:17z: BME280 (0x76)
 0h00:03.047 2021/05/17T11:53:17z: 10:52:1c:41:79:b5
 0h00:03.049 2021/05/17T11:53:17z: SSID: ARRIS-5A97
 0h00:03.054 2021/05/17T11:53:17z: AP_STAR tmr
 ets Jan  8 2013,rst cause:1, boot mode:(3,6)

load 0x4010f000, len 1384, room 16 
tail 8
chksum 0x2d
csum 0x2d
v8b899c12
~ld


6.01
 0h00:03.041 2021/05/17T12:13:13z: DS3231
 0h00:03.056 2021/05/17T12:13:13z: BME280 (0x76)
 0h00:03.070 2021/05/17T12:13:13z: 10:52:1c:41:79:b5
 0h00:03.072 2021/05/17T12:13:13z: SSID: ARRIS-5A97
 0h00:03.077 2021/05/17T12:13:13z: AP_STAR tmr
 ets Jan  8 2013,rst cause:1, boot mode:(3,6)

load 0x4010f000, len 1384, room 16 
tail 8
chksum 0x2d
csum 0x2d
v8b899c12
~ld


6.01
 0h00:02.995 2021/05/17T12:33:09z: DS3231
 0h00:03.010 2021/05/17T12:33:09z: BME280 (0x76)
 0h00:03.024 2021/05/17T12:33:09z: 10:52:1c:41:79:b5
 0h00:03.026 2021/05/17T12:33:09z: SSID: ARRIS-5A97
 0h00:03.031 2021/05/17T12:33:09z: AP_STAR tmr
 ets Jan  8 2013,rst cause:1, boot mode:(3,6)

load 0x4010f000, len 1384, room 16 
tail 8
chksum 0x2d
csum 0x2d
v8b899c12
~ld


6.01
 0h00:03.012 2021/05/17T12:53:05z: DS3231
 0h00:03.028 2021/05/17T12:53:05z: BME280 (0x76)
 0h00:03.042 2021/05/17T12:53:05z: 10:52:1c:41:79:b5
 0h00:03.043 2021/05/17T12:53:05z: SSID: ARRIS-5A97
 0h00:03.049 2021/05/17T12:53:05z: AP_STAR tmr
 ets Jan  8 2013,rst cause:1, boot mode:(3,6)

load 0x4010f000, len 1384, room 16 
tail 8
chksum 0x2d
csum 0x2d
v8b899c12
~ld


6.01
 0h00:03.008 2021/05/17T13:13:01z: DS3231
 0h00:03.024 2021/05/17T13:13:01z: BME280 (0x76)
 0h00:03.038 2021/05/17T13:13:01z: 10:52:1c:41:79:b5
 0h00:03.039 2021/05/17T13:13:01z: SSID: ARRIS-5A97
 0h00:03.045 2021/05/17T13:13:01z: AP_STAR tmr
 ets Jan  8 2013,rst cause:1, boot mode:(3,6)

load 0x4010f000, len 1384, room 16 
tail 8
chksum 0x2d
csum 0x2d
v8b899c12
~ld


6.01
 0h00:03.013 2021/05/17T13:32:57z: DS3231
 0h00:03.028 2021/05/17T13:32:57z: BME280 (0x76)
 0h00:03.042 2021/05/17T13:32:57z: 10:52:1c:41:79:b5
 0h00:03.044 2021/05/17T13:32:57z: SSID: ARRIS-5A97
 0h00:03.049 2021/05/17T13:32:57z: AP_STAR tmr
 ets Jan  8 2013,rst cause:1, boot mode:(3,6)

load 0x4010f000, len 1384, room 16 
tail 8
chksum 0x2d
csum 0x2d
v8b899c12
~ld


6.01
 0h00:03.003 2021/05/17T13:52:53z: DS3231
 0h00:03.019 2021/05/17T13:52:53z: BME280 (0x76)
 0h00:03.033 2021/05/17T13:52:53z: 10:52:1c:41:79:b5
 0h00:03.035 2021/05/17T13:52:53z: SSID: ARRIS-5A97
 0h00:03.040 2021/05/17T13:52:53z: AP_STAR tmr
 ets Jan  8 2013,rst cause:1, boot mode:(3,6)

load 0x4010f000, len 1384, room 16 
tail 8
chksum 0x2d
csum 0x2d
v8b899c12
~ld


6.01
 0h00:03.017 2021/05/17T14:12:49z: DS3231
 0h00:03.032 2021/05/17T14:12:49z: BME280 (0x76)
 0h00:03.046 2021/05/17T14:12:49z: 10:52:1c:41:79:b5
 0h00:03.048 2021/05/17T14:12:49z: SSID: ARRIS-5A97
 0h00:03.053 2021/05/17T14:12:49z: AP_STAR tmr
 ets Jan  8 2013,rst cause:1, boot mode:(3,6)

load 0x4010f000, len 1384, room 16 
tail 8
chksum 0x2d
csum 0x2d
v8b899c12
~ld


6.01
 0h00:03.020 2021/05/17T14:32:44z: DS3231
 0h00:03.036 2021/05/17T14:32:44z: BME280 (0x76)
 0h00:03.050 2021/05/17T14:32:44z: 10:52:1c:41:79:b5
 0h00:03.052 2021/05/17T14:32:44z: SSID: ARRIS-5A97
 0h00:03.057 2021/05/17T14:32:44z: AP_STAR tmr
 ets Jan  8 2013,rst cause:1, boot mode:(3,6)

load 0x4010f000, len 1384, room 16 
tail 8
chksum 0x2d
csum 0x2d
v8b899c12
~ld


6.01
 0h00:03.035 2021/05/17T14:52:40z: DS3231
 0h00:03.050 2021/05/17T14:52:40z: BME280 (0x76)
 0h00:03.064 2021/05/17T14:52:40z: 10:52:1c:41:79:b5
 0h00:03.066 2021/05/17T14:52:40z: SSID: ARRIS-5A97
 0h00:03.071 2021/05/17T14:52:40z: AP_STAR tmr
 ets Jan  8 2013,rst cause:1, boot mode:(3,6)

load 0x4010f000, len 1384, room 16 
tail 8
chksum 0x2d
csum 0x2d
v8b899c12
~ld


6.01
 0h00:03.001 2021/05/17T15:12:36z: DS3231
 0h00:03.016 2021/05/17T15:12:36z: BME280 (0x76)
 0h00:03.031 2021/05/17T15:12:36z: 10:52:1c:41:79:b5
 0h00:03.032 2021/05/17T15:12:36z: SSID: ARRIS-5A97
 0h00:03.037 2021/05/17T15:12:36z: AP_STAR tmr
 ets Jan  8 2013,rst cause:1, boot mode:(3,6)

load 0x4010f000, len 1384, room 16 
tail 8
chksum 0x2d
csum 0x2d
v8b899c12
~ld


6.01
 0h00:02.996 2021/05/17T15:32:32z: DS3231
 0h00:03.011 2021/05/17T15:32:32z: BME280 (0x76)
 0h00:03.026 2021/05/17T15:32:32z: 10:52:1c:41:79:b5
 0h00:03.027 2021/05/17T15:32:32z: SSID: ARRIS-5A97
 0h00:03.032 2021/05/17T15:32:32z: AP_STAR tmr
 ets Jan  8 2013,rst cause:1, boot mode:(3,6)

load 0x4010f000, len 1384, room 16 
tail 8
chksum 0x2d
csum 0x2d
v8b899c12
~ld


6.01
 0h00:03.003 2021/05/17T15:52:29z: DS3231
 0h00:03.018 2021/05/17T15:52:29z: BME280 (0x76)
 0h00:03.032 2021/05/17T15:52:29z: 10:52:1c:41:79:b5
 0h00:03.034 2021/05/17T15:52:29z: SSID: ARRIS-5A97
 0h00:03.039 2021/05/17T15:52:29z: AP_STAR tmr
 ets Jan  8 2013,rst cause:1, boot mode:(3,6)

load 0x4010f000, len 1384, room 16 
tail 8
chksum 0x2d
csum 0x2d
v8b899c12
~ld


6.01
 0h00:02.997 2021/05/17T16:12:25z: DS3231
 0h00:03.012 2021/05/17T16:12:25z: BME280 (0x76)
 0h00:03.026 2021/05/17T16:12:25z: 10:52:1c:41:79:b5
 0h00:03.028 2021/05/17T16:12:25z: SSID: ARRIS-5A97
 0h00:03.033 2021/05/17T16:12:25z: AP_STAR tmr
 ets Jan  8 2013,rst cause:1, boot mode:(3,6)

load 0x4010f000, len 1384, room 16 
tail 8
chksum 0x2d
csum 0x2d
v8b899c12
~ld


6.01
 0h00:03.001 2021/05/17T16:32:22z: DS3231
 0h00:03.016 2021/05/17T16:32:22z: BME280 (0x76)
 0h00:03.030 2021/05/17T16:32:22z: 10:52:1c:41:79:b5
 0h00:03.032 2021/05/17T16:32:22z: SSID: ARRIS-5A97
 0h00:03.037 2021/05/17T16:32:22z: AP_STAR tmr
 ets Jan  8 2013,rst cause:1, boot mode:(3,6)

load 0x4010f000, len 1384, room 16 
tail 8
chksum 0x2d
csum 0x2d
v8b899c12
~ld


6.01
 0h00:03.018 2021/05/17T16:52:17z: DS3231
 0h00:03.033 2021/05/17T16:52:17z: BME280 (0x76)
 0h00:03.048 2021/05/17T16:52:17z: 10:52:1c:41:79:b5
 0h00:03.049 2021/05/17T16:52:17z: SSID: ARRIS-5A97
 0h00:03.054 2021/05/17T16:52:17z: AP_STAR tmr
 ets Jan  8 2013,rst cause:1, boot mode:(3,6)

load 0x4010f000, len 1384, room 16 
tail 8
chksum 0x2d
csum 0x2d
v8b899c12
~ld


6.01
 0h00:03.016 2021/05/17T17:12:14z: DS3231
 0h00:03.032 2021/05/17T17:12:14z: BME280 (0x76)
 0h00:03.046 2021/05/17T17:12:14z: 10:52:1c:41:79:b5
 0h00:03.047 2021/05/17T17:12:14z: SSID: ARRIS-5A97
 0h00:03.053 2021/05/17T17:12:14z: AP_STAR tmr
 ets Jan  8 2013,rst cause:1, boot mode:(3,6)

load 0x4010f000, len 1384, room 16 
tail 8
chksum 0x2d
csum 0x2d
v8b899c12
~ld


6.01
 0h00:03.027 2021/05/17T17:32:10z: DS3231
 0h00:03.043 2021/05/17T17:32:10z: BME280 (0x76)
 0h00:03.057 2021/05/17T17:32:10z: 10:52:1c:41:79:b5
 0h00:03.059 2021/05/17T17:32:10z: SSID: ARRIS-5A97
 0h00:03.064 2021/05/17T17:32:10z: AP_STAR tmr
 ets Jan  8 2013,rst cause:1, boot mode:(3,6)

load 0x4010f000, len 1384, room 16 
tail 8
chksum 0x2d
csum 0x2d
v8b899c12
~ld


6.01
 0h00:03.005 2021/05/17T17:52:06z: DS3231
 0h00:03.020 2021/05/17T17:52:06z: BME280 (0x76)
 0h00:03.034 2021/05/17T17:52:06z: 10:52:1c:41:79:b5
 0h00:03.036 2021/05/17T17:52:06z: SSID: ARRIS-5A97
 0h00:03.041 2021/05/17T17:52:06z: AP_STAR tmr
 ets Jan  8 2013,rst cause:1, boot mode:(3,6)

load 0x4010f000, len 1384, room 16 
tail 8
chksum 0x2d
csum 0x2d
v8b899c12
~ld


6.01
 0h00:02.992 2021/05/17T18:12:02z: DS3231
 0h00:03.008 2021/05/17T18:12:02z: BME280 (0x76)
 0h00:03.022 2021/05/17T18:12:02z: 10:52:1c:41:79:b5
 0h00:03.023 2021/05/17T18:12:02z: SSID: ARRIS-5A97
 0h00:03.029 2021/05/17T18:12:02z: AP_STAR tmr
 ets Jan  8 2013,rst cause:1, boot mode:(3,6)

load 0x4010f000, len 1384, room 16 
tail 8
chksum 0x2d
csum 0x2d
v8b899c12
~ld


6.01
 0h00:03.000 2021/05/17T18:31:58z: DS3231
 0h00:03.015 2021/05/17T18:31:58z: BME280 (0x76)
 0h00:03.030 2021/05/17T18:31:58z: 10:52:1c:41:79:b5
 0h00:03.031 2021/05/17T18:31:58z: SSID: ARRIS-5A97
 0h00:03.036 2021/05/17T18:31:58z: AP_STAR tmr
 ets Jan  8 2013,rst cause:1, boot mode:(3,6)

load 0x4010f000, len 1384, room 16 
tail 8
chksum 0x2d
csum 0x2d
v8b899c12
~ld


6.01
 0h00:03.003 2021/05/17T18:51:54z: DS3231
 0h00:03.018 2021/05/17T18:51:54z: BME280 (0x76)
 0h00:03.032 2021/05/17T18:51:54z: 10:52:1c:41:79:b5
 0h00:03.034 2021/05/17T18:51:54z: SSID: ARRIS-5A97
 0h00:03.039 2021/05/17T18:51:54z: AP_STAR tmr
 ets Jan  8 2013,rst cause:1, boot mode:(3,6)

load 0x4010f000, len 1384, room 16 
tail 8
chksum 0x2d
csum 0x2d
v8b899c12
~ld


6.01
 0h00:03.000 2021/05/17T19:11:50z: DS3231
 0h00:03.015 2021/05/17T19:11:50z: BME280 (0x76)
 0h00:03.029 2021/05/17T19:11:50z: 10:52:1c:41:79:b5
 0h00:03.031 2021/05/17T19:11:50z: SSID: ARRIS-5A97
 0h00:03.036 2021/05/17T19:11:50z: AP_STAR tmr
 ets Jan  8 2013,rst cause:1, boot mode:(3,6)

load 0x4010f000, len 1384, room 16 
tail 8
chksum 0x2d
csum 0x2d
v8b899c12
~ld


6.01
 0h00:03.010 2021/05/17T19:31:45z: DS3231
 0h00:03.025 2021/05/17T19:31:45z: BME280 (0x76)
 0h00:03.039 2021/05/17T19:31:45z: 10:52:1c:41:79:b5
 0h00:03.041 2021/05/17T19:31:45z: SSID: ARRIS-5A97
 0h00:03.046 2021/05/17T19:31:45z: AP_STAR tmr
 ets Jan  8 2013,rst cause:1, boot mode:(3,6)

load 0x4010f000, len 1384, room 16 
tail 8
chksum 0x2d
csum 0x2d
v8b899c12
~ld


6.01
 0h00:03.015 2021/05/17T19:51:41z: DS3231
 0h00:03.031 2021/05/17T19:51:41z: BME280 (0x76)
 0h00:03.045 2021/05/17T19:51:41z: 10:52:1c:41:79:b5
 0h00:03.047 2021/05/17T19:51:41z: SSID: ARRIS-5A97
 0h00:03.052 2021/05/17T19:51:41z: AP_STAR tmr
 ets Jan  8 2013,rst cause:1, boot mode:(3,6)

load 0x4010f000, len 1384, room 16 
tail 8
chksum 0x2d
csum 0x2d
v8b899c12
~ld


6.01
 0h00:03.024 2021/05/17T20:11:38z: DS3231
 0h00:03.039 2021/05/17T20:11:38z: BME280 (0x76)
 0h00:03.053 2021/05/17T20:11:38z: 10:52:1c:41:79:b5
 0h00:03.055 2021/05/17T20:11:38z: SSID: ARRIS-5A97
 0h00:03.060 2021/05/17T20:11:38z: AP_STAR tmr
 ets Jan  8 2013,rst cause:1, boot mode:(3,6)

load 0x4010f000, len 1384, room 16 
tail 8
chksum 0x2d
csum 0x2d
v8b899c12
~ld


6.01
 0h00:02.997 2021/05/17T20:31:33z: DS3231
 0h00:03.013 2021/05/17T20:31:33z: BME280 (0x76)
 0h00:03.027 2021/05/17T20:31:33z: 10:52:1c:41:79:b5
 0h00:03.029 2021/05/17T20:31:33z: SSID: ARRIS-5A97
 0h00:03.034 2021/05/17T20:31:33z: AP_STAR tmr
 ets Jan  8 2013,rst cause:1, boot mode:(3,6)

load 0x4010f000, len 1384, room 16 
tail 8
chksum 0x2d
csum 0x2d
v8b899c12
~ld


6.01
 0h00:02.999 2021/05/17T20:51:29z: DS3231
 0h00:03.015 2021/05/17T20:51:29z: BME280 (0x76)
 0h00:03.029 2021/05/17T20:51:29z: 10:52:1c:41:79:b5
 0h00:03.031 2021/05/17T20:51:29z: SSID: ARRIS-5A97
 0h00:03.036 2021/05/17T20:51:29z: AP_STAR tmr
 ets Jan  8 2013,rst cause:1, boot mode:(3,6)

load 0x4010f000, len 1384, room 16 
tail 8
chksum 0x2d
csum 0x2d
v8b899c12
~ld


6.01
 0h00:03.004 2021/05/17T21:11:25z: DS3231
 0h00:03.019 2021/05/17T21:11:25z: BME280 (0x76)
 0h00:03.033 2021/05/17T21:11:25z: 10:52:1c:41:79:b5
 0h00:03.035 2021/05/17T21:11:25z: SSID: ARRIS-5A97
 0h00:03.040 2021/05/17T21:11:25z: AP_STAR tmr
 ets Jan  8 2013,rst cause:1, boot mode:(3,6)

load 0x4010f000, len 1384, room 16 
tail 8
chksum 0x2d
csum 0x2d
v8b899c12
~ld


6.01
 0h00:02.994 2021/05/17T21:31:21z: DS3231
 0h00:03.010 2021/05/17T21:31:21z: BME280 (0x76)
 0h00:03.024 2021/05/17T21:31:21z: 10:52:1c:41:79:b5
 0h00:03.025 2021/05/17T21:31:21z: SSID: ARRIS-5A97
 0h00:03.031 2021/05/17T21:31:21z: AP_STAR tmr
 ets Jan  8 2013,rst cause:1, boot mode:(3,6)

load 0x4010f000, len 1384, room 16 
tail 8
chksum 0x2d
csum 0x2d
v8b899c12
~ld


6.01
 0h00:03.007 2021/05/17T21:51:17z: DS3231
 0h00:03.022 2021/05/17T21:51:17z: BME280 (0x76)
 0h00:03.036 2021/05/17T21:51:17z: 10:52:1c:41:79:b5
 0h00:03.038 2021/05/17T21:51:17z: SSID: ARRIS-5A97
 0h00:03.043 2021/05/17T21:51:17z: AP_STAR tmr
 ets Jan  8 2013,rst cause:1, boot mode:(3,6)

load 0x4010f000, len 1384, room 16 
tail 8
chksum 0x2d
csum 0x2d
v8b899c12
~ld


6.01
 0h00:03.008 2021/05/17T22:11:13z: DS3231
 0h00:03.023 2021/05/17T22:11:13z: BME280 (0x76)
 0h00:03.037 2021/05/17T22:11:13z: 10:52:1c:41:79:b5
 0h00:03.039 2021/05/17T22:11:13z: SSID: ARRIS-5A97
 0h00:03.044 2021/05/17T22:11:13z: AP_STAR tmr
 ets Jan  8 2013,rst cause:1, boot mode:(3,6)

load 0x4010f000, len 1384, room 16 
tail 8
chksum 0x2d
csum 0x2d
v8b899c12
~ld


6.01
 0h00:03.011 2021/05/17T22:31:08z: DS3231
 0h00:03.026 2021/05/17T22:31:09z: BME280 (0x76)
 0h00:03.040 2021/05/17T22:31:09z: 10:52:1c:41:79:b5
 0h00:03.042 2021/05/17T22:31:09z: SSID: ARRIS-5A97
 0h00:03.047 2021/05/17T22:31:09z: AP_STAR tmr
 ets Jan  8 2013,rst cause:1, boot mode:(3,6)

load 0x4010f000, len 1384, room 16 
tail 8
chksum 0x2d
csum 0x2d
v8b899c12
~ld


6.01
 0h00:03.022 2021/05/17T22:51:04z: DS3231
 0h00:03.037 2021/05/17T22:51:04z: BME280 (0x76)
 0h00:03.051 2021/05/17T22:51:04z: 10:52:1c:41:79:b5
 0h00:03.053 2021/05/17T22:51:04z: SSID: ARRIS-5A97
 0h00:03.058 2021/05/17T22:51:04z: AP_STAR tmr
 ets Jan  8 2013,rst cause:1, boot mode:(3,6)

load 0x4010f000, len 1384, room 16 
tail 8
chksum 0x2d
csum 0x2d
v8b899c12
~ld


6.01
 0h00:02.999 2021/05/17T23:11:00z: DS3231
 0h00:03.014 2021/05/17T23:11:00z: BME280 (0x76)
 0h00:03.029 2021/05/17T23:11:00z: 10:52:1c:41:79:b5
 0h00:03.030 2021/05/17T23:11:00z: SSID: ARRIS-5A97
 0h00:03.035 2021/05/17T23:11:00z: AP_STAR tmr
 ets Jan  8 2013,rst cause:1, boot mode:(3,6)

load 0x4010f000, len 1384, room 16 
tail 8
chksum 0x2d
csum 0x2d
v8b899c12
~ld


6.01
 0h00:03.002 2021/05/17T23:30:56z: DS3231
 0h00:03.017 2021/05/17T23:30:56z: BME280 (0x76)
 0h00:03.032 2021/05/17T23:30:56z: 10:52:1c:41:79:b5
 0h00:03.033 2021/05/17T23:30:56z: SSID: ARRIS-5A97
 0h00:03.038 2021/05/17T23:30:56z: AP_STAR tmr
 ets Jan  8 2013,rst cause:1, boot mode:(3,6)

load 0x4010f000, len 1384, room 16 
tail 8
chksum 0x2d
csum 0x2d
v8b899c12
~ld


6.01
 0h00:02.994 2021/05/17T23:50:52z: DS3231
 0h00:03.009 2021/05/17T23:50:52z: BME280 (0x76)
 0h00:03.024 2021/05/17T23:50:52z: 10:52:1c:41:79:b5
 0h00:03.025 2021/05/17T23:50:52z: SSID: ARRIS-5A97
 0h00:03.031 2021/05/17T23:50:52z: AP_STA