R tmr
 ets Jan  8 2013,rst cause:1, boot mode:(3,7)

load 0x4010f000, len 1384, room 16 
tail 8
chksum 0x2d
csum 0x2d
v8b899c12
~ld


6.01
 0h00:03.061 2021/05/17T10:52:56z: DS3231
 0h00:03.076 2021/05/17T10:52:56z: BME280 (0x76)
 0h00:03.090 2021/05/17T10:52:56z: 50:2:91:db:e4:21
 0h00:03.092 2021/05/17T10:52:56z: SSID: Isogeio
 0h00:03.097 2021/05/17T10:52:56z: AP_STAR tmr
 ets Jan  8 2013,rst cause:1, boot mode:(3,7)

load 0x4010f000, len 1384, room 16 
tail 8
chksum 0x2d
csum 0x2d
v8b899c12
~ld


6.01
 0h00:03.030 2021/05/17T11:12:52z: DS3231
 0h00:03.045 2021/05/17T11:12:52z: BME280 (0x76)
 0h00:03.059 2021/05/17T11:12:52z: 50:2:91:db:e4:21
 0h00:03.061 2021/05/17T11:12:52z: SSID: Isogeio
 0h00:03.066 2021/05/17T11:12:52z: AP_STAR tmr
 ets Jan  8 2013,rst cause:1, boot mode:(3,7)

load 0x4010f000, len 1384, room 16 
tail 8
chksum 0x2d
csum 0x2d
v8b899c12
~ld


6.01
 0h00:03.087 2021/05/17T11:32:48z: DS3231
 0h00:03.103 2021/05/17T11:32:48z: BME280 (0x76)
 0h00:03.117 2021/05/17T11:32:48z: 50:2:91:db:e4:21
 0h00:03.119 2021/05/17T11:32:48z: SSID: Isogeio
 0h00:03.124 2021/05/17T11:32:48z: AP_STAR tmr
 ets Jan  8 2013,rst cause:1, boot mode:(3,7)

load 0x4010f000, len 1384, room 16 
tail 8
chksum 0x2d
csum 0x2d
v8b899c12
~ld


6.01
 0h00:03.093 2021/05/17T11:52:45z: DS3231
 0h00:03.108 2021/05/17T11:52:45z: BME280 (0x76)
 0h00:03.122 2021/05/17T11:52:45z: 50:2:91:db:e4:21
 0h00:03.124 2021/05/17T11:52:45z: SSID: Isogeio
 0h00:03.129 2021/05/17T11:52:45z: AP_STAR tmr
 ets Jan  8 2013,rst cause:1, boot mode:(3,7)

load 0x4010f000, len 1384, room 16 
tail 8
chksum 0x2d
csum 0x2d
v8b899c12
~ld


6.01
 0h00:03.047 2021/05/17T12:12:41z: DS3231
 0h00:03.062 2021/05/17T12:12:41z: BME280 (0x76)
 0h00:03.076 2021/05/17T12:12:41z: 50:2:91:db:e4:21
 0h00:03.078 2021/05/17T12:12:41z: SSID: Isogeio
 0h00:03.083 2021/05/17T12:12:41z: AP_STAR tmr
 ets Jan  8 2013,rst cause:1, boot mode:(3,7)

load 0x4010f000, len 1384, room 16 
tail 8
chksum 0x2d
csum 0x2d
v8b899c12
~ld


6.01
 0h00:03.048 2021/05/17T12:32:36z: DS3231
 0h00:03.064 2021/05/17T12:32:36z: BME280 (0x76)
 0h00:03.078 2021/05/17T12:32:36z: 50:2:91:db:e4:21
 0h00:03.079 2021/05/17T12:32:36z: SSID: Isogeio
 0h00:03.085 2021/05/17T12:32:36z: AP_STAR tmr
 ets Jan  8 2013,rst cause:1, boot mode:(3,7)

load 0x4010f000, len 1384, room 16 
tail 8
chksum 0x2d
csum 0x2d
v8b899c12
~ld


6.01
 0h00:03.056 2021/05/17T12:52:32z: DS3231
 0h00:03.071 2021/05/17T12:52:32z: BME280 (0x76)
 0h00:03.085 2021/05/17T12:52:32z: 50:2:91:db:e4:21
 0h00:03.087 2021/05/17T12:52:32z: SSID: Isogeio
 0h00:03.092 2021/05/17T12:52:32z: AP_STAR tmr
 ets Jan  8 2013,rst cause:1, boot mode:(3,7)

load 0x4010f000, len 1384, room 16 
tail 8
chksum 0x2d
csum 0x2d
v8b899c12
~ld


6.01
 0h00:03.031 2021/05/17T13:12:28z: DS3231
 0h00:03.046 2021/05/17T13:12:28z: BME280 (0x76)
 0h00:03.060 2021/05/17T13:12:28z: 50:2:91:db:e4:21
 0h00:03.062 2021/05/17T13:12:28z: SSID: Isogeio
 0h00:03.067 2021/05/17T13:12:28z: AP_STAR tmr
 ets Jan  8 2013,rst cause:1, boot mode:(3,7)

load 0x4010f000, len 1384, room 16 
tail 8
chksum 0x2d
csum 0x2d
v8b899c12
~ld


6.01
 0h00:03.034 2021/05/17T13:32:24z: DS3231
 0h00:03.050 2021/05/17T13:32:24z: BME280 (0x76)
 0h00:03.064 2021/05/17T13:32:24z: 50:2:91:db:e4:21
 0h00:03.065 2021/05/17T13:32:24z: SSID: Isogeio
 0h00:03.071 2021/05/17T13:32:24z: AP_STAR tmr
 ets Jan  8 2013,rst cause:1, boot mode:(3,7)

load 0x4010f000, len 1384, room 16 
tail 8
chksum 0x2d
csum 0x2d
v8b899c12
~ld


6.01
 0h00:03.094 2021/05/17T13:52:21z: DS3231
 0h00:03.109 2021/05/17T13:52:21z: BME280 (0x76)
 0h00:03.123 2021/05/17T13:52:21z: 50:2:91:db:e4:21
 0h00:03.125 2021/05/17T13:52:21z: SSID: Isogeio
 0h00:03.130 2021/05/17T13:52:21z: AP_STAR tmr
 ets Jan  8 2013,rst cause:1, boot mode:(3,7)

load 0x4010f000, len 1384, room 16 
tail 8
chksum 0x2d
csum 0x2d
v8b899c12
~ld


6.01
 0h00:03.038 2021/05/17T14:12:17z: DS3231
 0h00:03.054 2021/05/17T14:12:17z: BME280 (0x76)
 0h00:03.068 2021/05/17T14:12:17z: 50:2:91:db:e4:21
 0h00:03.069 2021/05/17T14:12:17z: SSID: Isogeio
 0h00:03.075 2021/05/17T14:12:17z: AP_STAR tmr
 ets Jan  8 2013,rst cause:1, boot mode:(3,7)

load 0x4010f000, len 1384, room 16 
tail 8
chksum 0x2d
csum 0x2d
v8b899c12
~ld


6.01
 0h00:03.108 2021/05/17T14:32:14z: DS3231
 0h00:03.123 2021/05/17T14:32:14z: BME280 (0x76)
 0h00:03.137 2021/05/17T14:32:14z: 50:2:91:db:e4:21
 0h00:03.139 2021/05/17T14:32:14z: SSID: Isogeio
 0h00:03.144 2021/05/17T14:32:14z: AP_STAR tmr
 ets Jan  8 2013,rst cause:1, boot mode:(3,7)

load 0x4010f000, len 1384, room 16 
tail 8
chksum 0x2d
csum 0x2d
v8b899c12
~ld


6.01
 0h00:03.053 2021/05/17T14:52:09z: DS3231
 0h00:03.068 2021/05/17T14:52:09z: BME280 (0x76)
 0h00:03.082 2021/05/17T14:52:09z: 50:2:91:db:e4:21
 0h00:03.084 2021/05/17T14:52:09z: SSID: Isogeio
 0h00:03.089 2021/05/17T14:52:09z: AP_STAR tmr
 ets Jan  8 2013,rst cause:1, boot mode:(3,7)

load 0x4010f000, len 1384, room 16 
tail 8
chksum 0x2d
csum 0x2d
v8b899c12
~ld


6.01
 0h00:03.096 2021/05/17T15:12:06z: DS3231
 0h00:03.111 2021/05/17T15:12:06z: BME280 (0x76)
 0h00:03.126 2021/05/17T15:12:06z: 50:2:91:db:e4:21
 0h00:03.127 2021/05/17T15:12:06z: SSID: Isogeio
 0h00:03.132 2021/05/17T15:12:06z: AP_STAR tmr
 ets Jan  8 2013,rst cause:1, boot mode:(3,7)

load 0x4010f000, len 1384, room 16 
tail 8
chksum 0x2d
csum 0x2d
v8b899c12
~ld


6.01
 0h00:03.023 2021/05/17T15:32:02z: DS3231
 0h00:03.039 2021/05/17T15:32:02z: BME280 (0x76)
 0h00:03.053 2021/05/17T15:32:02z: 50:2:91:db:e4:21
 0h00:03.054 2021/05/17T15:32:02z: SSID: Isogeio
 0h00:03.060 2021/05/17T15:32:02z: AP_STAR tmr
 ets Jan  8 2013,rst cause:1, boot mode:(3,7)

load 0x4010f000, len 1384, room 16 
tail 8
chksum 0x2d
csum 0x2d
v8b899c12
~ld


6.01
 0h00:03.032 2021/05/17T15:51:58z: DS3231
 0h00:03.047 2021/05/17T15:51:58z: BME280 (0x76)
 0h00:03.061 2021/05/17T15:51:58z: 50:2:91:db:e4:21
 0h00:03.063 2021/05/17T15:51:58z: SSID: Isogeio
 0h00:03.068 2021/05/17T15:51:58z: AP_STAR tmr
 ets Jan  8 2013,rst cause:1, boot mode:(3,7)

load 0x4010f000, len 1384, room 16 
tail 8
chksum 0x2d
csum 0x2d
v8b899c12
~ld


6.01
 0h00:03.033 2021/05/17T16:11:55z: DS3231
 0h00:03.048 2021/05/17T16:11:55z: BME280 (0x76)
 0h00:03.063 2021/05/17T16:11:55z: 50:2:91:db:e4:21
 0h00:03.064 2021/05/17T16:11:55z: SSID: Isogeio
 0h00:03.070 2021/05/17T16:11:55z: AP_STAR tmr
 ets Jan  8 2013,rst cause:1, boot mode:(3,7)

load 0x4010f000, len 1384, room 16 
tail 8
chksum 0x2d
csum 0x2d
v8b899c12
~ld


6.01
 0h00:03.096 2021/05/17T16:31:50z: DS3231
 0h00:03.111 2021/05/17T16:31:50z: BME280 (0x76)
 0h00:03.126 2021/05/17T16:31:50z: 50:2:91:db:e4:21
 0h00:03.127 2021/05/17T16:31:50z: SSID: Isogeio
 0h00:03.133 2021/05/17T16:31:50z: AP_STAR tmr
 ets Jan  8 2013,rst cause:1, boot mode:(3,7)

load 0x4010f000, len 1384, room 16 
tail 8
chksum 0x2d
csum 0x2d
v8b899c12
~ld


6.01
 0h00:03.063 2021/05/17T16:51:46z: DS3231
 0h00:03.078 2021/05/17T16:51:46z: BME280 (0x76)
 0h00:03.092 2021/05/17T16:51:46z: 50:2:91:db:e4:21
 0h00:03.094 2021/05/17T16:51:46z: SSID: Isogeio
 0h00:03.099 2021/05/17T16:51:46z: AP_STAR tmr
 ets Jan  8 2013,rst cause:1, boot mode:(3,7)

load 0x4010f000, len 1384, room 16 
tail 8
chksum 0x2d
csum 0x2d
v8b899c12
~ld


6.01
 0h00:03.031 2021/05/17T17:11:42z: DS3231
 0h00:03.046 2021/05/17T17:11:42z: BME280 (0x76)
 0h00:03.060 2021/05/17T17:11:42z: 50:2:91:db:e4:21
 0h00:03.062 2021/05/17T17:11:42z: SSID: Isogeio
 0h00:03.067 2021/05/17T17:11:42z: AP_STAR tmr
 ets Jan  8 2013,rst cause:1, boot mode:(3,7)

load 0x4010f000, len 1384, room 16 
tail 8
chksum 0x2d
csum 0x2d
v8b899c12
~ld


6.01
 0h00:03.030 2021/05/17T17:31:38z: DS3231
 0h00:03.045 2021/05/17T17:31:38z: BME280 (0x76)
 0h00:03.059 2021/05/17T17:31:38z: 50:2:91:db:e4:21
 0h00:03.061 2021/05/17T17:31:38z: SSID: Isogeio
 0h00:03.066 2021/05/17T17:31:38z: AP_STAR tmr
 ets Jan  8 2013,rst cause:1, boot mode:(3,7)

load 0x4010f000, len 1384, room 16 
tail 8
chksum 0x2d
csum 0x2d
v8b899c12
~ld


6.01
 0h00:03.085 2021/05/17T17:51:34z: DS3231
 0h00:03.100 2021/05/17T17:51:34z: BME280 (0x76)
 0h00:03.114 2021/05/17T17:51:34z: 50:2:91:db:e4:21
 0h00:03.116 2021/05/17T17:51:34z: SSID: Isogeio
 0h00:03.121 2021/05/17T17:51:34z: AP_STAR tmr
 ets Jan  8 2013,rst cause:1, boot mode:(3,7)

load 0x4010f000, len 1384, room 16 
tail 8
chksum 0x2d
csum 0x2d
v8b899c12
~ld


6.01
 0h00:03.092 2021/05/17T18:11:30z: DS3231
 0h00:03.107 2021/05/17T18:11:30z: BME280 (0x76)
 0h00:03.121 2021/05/17T18:11:30z: 50:2:91:db:e4:21
 0h00:03.123 2021/05/17T18:11:30z: SSID: Isogeio
 0h00:03.128 2021/05/17T18:11:30z: AP_STAR tmr
 ets Jan  8 2013,rst cause:1, boot mode:(3,7)

load 0x4010f000, len 1384, room 16 
tail 8
chksum 0x2d
csum 0x2d
v8b899c12
~ld


6.01
 0h00:03.047 2021/05/17T18:31:26z: DS3231
 0h00:03.062 2021/05/17T18:31:26z: BME280 (0x76)
 0h00:03.076 2021/05/17T18:31:26z: 50:2:91:db:e4:21
 0h00:03.078 2021/05/17T18:31:26z: SSID: Isogeio
 0h00:03.083 2021/05/17T18:31:26z: AP_STAR tmr
 ets Jan  8 2013,rst cause:1, boot mode:(3,7)

load 0x4010f000, len 1384, room 16 
tail 8
chksum 0x2d
csum 0x2d
v8b899c12
~ld


6.01
 0h00:03.053 2021/05/17T18:51:22z: DS3231
 0h00:03.068 2021/05/17T18:51:22z: BME280 (0x76)
 0h00:03.082 2021/05/17T18:51:22z: 50:2:91:db:e4:21
 0h00:03.084 2021/05/17T18:51:22z: SSID: Isogeio
 0h00:03.089 2021/05/17T18:51:22z: AP_STAR tmr
 ets Jan  8 2013,rst cause:1, boot mode:(3,7)

load 0x4010f000, len 1384, room 16 
tail 8
chksum 0x2d
csum 0x2d
v8b899c12
~ld


6.01
 0h00:03.032 2021/05/17T19:11:18z: DS3231
 0h00:03.047 2021/05/17T19:11:18z: BME280 (0x76)
 0h00:03.061 2021/05/17T19:11:18z: 50:2:91:db:e4:21
 0h00:03.063 2021/05/17T19:11:18z: SSID: Isogeio
 0h00:03.068 2021/05/17T19:11:18z: AP_STAR tmr
 ets Jan  8 2013,rst cause:1, boot mode:(3,7)

load 0x4010f000, len 1384, room 16 
tail 8
chksum 0x2d
csum 0x2d
v8b899c12
~ld


6.01
 0h00:03.096 2021/05/17T19:31:14z: DS3231
 0h00:03.111 2021/05/17T19:31:14z: BME280 (0x76)
 0h00:03.125 2021/05/17T19:31:14z: 50:2:91:db:e4:21
 0h00:03.127 2021/05/17T19:31:14z: SSID: Isogeio
 0h00:03.132 2021/05/17T19:31:14z: AP_STAR tmr
 ets Jan  8 2013,rst cause:1, boot mode:(3,7)

load 0x4010f000, len 1384, room 16 
tail 8
chksum 0x2d
csum 0x2d
v8b899c12
~ld


6.01
 0h00:03.029 2021/05/17T19:51:11z: DS3231
 0h00:03.044 2021/05/17T19:51:11z: BME280 (0x76)
 0h00:03.058 2021/05/17T19:51:11z: 50:2:91:db:e4:21
 0h00:03.060 2021/05/17T19:51:11z: SSID: Isogeio
 0h00:03.065 2021/05/17T19:51:11z: AP_STAR tmr
 ets Jan  8 2013,rst cause:1, boot mode:(3,7)

load 0x4010f000, len 1384, room 16 
tail 8
chksum 0x2d
csum 0x2d
v8b899c12
~ld


6.01
 0h00:03.097 2021/05/17T20:11:07z: DS3231
 0h00:03.112 2021/05/17T20:11:07z: BME280 (0x76)
 0h00:03.126 2021/05/17T20:11:08z: 50:2:91:db:e4:21
 0h00:03.128 2021/05/17T20:11:08z: SSID: Isogeio
 0h00:03.133 2021/05/17T20:11:08z: AP_STAR tmr
 ets Jan  8 2013,rst cause:1, boot mode:(3,7)

load 0x4010f000, len 1384, room 16 
tail 8
chksum 0x2d
csum 0x2d
v8b899c12
~ld


6.01
 0h00:03.048 2021/05/17T20:31:04z: DS3231
 0h00:03.064 2021/05/17T20:31:04z: BME280 (0x76)
 0h00:03.078 2021/05/17T20:31:04z: 50:2:91:db:e4:21
 0h00:03.079 2021/05/17T20:31:04z: SSID: Isogeio
 0h00:03.085 2021/05/17T20:31:04z: AP_STAR tmr
 ets Jan  8 2013,rst cause:1, boot mode:(3,7)

load 0x4010f000, len 1384, room 16 
tail 8
chksum 0x2d
csum 0x2d
v8b899c12
~ld


6.01
 0h00:03.089 2021/05/17T20:51:00z: DS3231
 0h00:03.105 2021/05/17T20:51:00z: BME280 (0x76)
 0h00:03.119 2021/05/17T20:51:00z: 50:2:91:db:e4:21
 0h00:03.120 2021/05/17T20:51:00z: SSID: Isogeio
 0h00:03.126 2021/05/17T20:51:00z: AP_STAR tmr
 ets Jan  8 2013,rst cause:1, boot mode:(3,7)

load 0x4010f000, len 1384, room 16 
tail 8
chksum 0x2d
csum 0x2d
v8b899c12
~ld


6.01
 0h00:03.090 2021/05/17T21:10:56z: DS3231
 0h00:03.105 2021/05/17T21:10:56z: BME280 (0x76)
 0h00:03.119 2021/05/17T21:10:56z: 50:2:91:db:e4:21
 0h00:03.121 2021/05/17T21:10:56z: SSID: Isogeio
 0h00:03.126 2021/05/17T21:10:56z: AP_STAR tmr
 ets Jan  8 2013,rst cause:1, boot mode:(3,7)

load 0x4010f000, len 1384, room 16 
tail 8
chksum 0x2d
csum 0x2d
v8b899c12
~ld


6.01
 0h00:03.034 2021/05/17T21:30:52z: DS3231
 0h00:03.049 2021/05/17T21:30:52z: BME280 (0x76)
 0h00:03.064 2021/05/17T21:30:52z: 50:2:91:db:e4:21
 0h00:03.065 2021/05/17T21:30:52z: SSID: Isogeio
 0h00:03.070 2021/05/17T21:30:52z: AP_STAR tmr
 ets Jan  8 2013,rst cause:1, boot mode:(3,7)

load 0x4010f000, len 1384, room 16 
tail 8
chksum 0x2d
csum 0x2d
v8b899c12
~ld


6.01
 0h00:03.040 2021/05/17T21:50:48z: DS3231
 0h00:03.055 2021/05/17T21:50:48z: BME280 (0x76)
 0h00:03.070 2021/05/17T21:50:48z: 50:2:91:db:e4:21
 0h00:03.071 2021/05/17T21:50:48z: SSID: Isogeio
 0h00:03.076 2021/05/17T21:50:48z: AP_STAR tmr
 ets Jan  8 2013,rst cause:1, boot mode:(3,7)

load 0x4010f000, len 1384, room 16 
tail 8
chksum 0x2d
csum 0x2d
v8b899c12
~ld


6.01
 0h00:03.105 2021/05/17T22:10:44z: DS3231
 0h00:03.120 2021/05/17T22:10:44z: BME280 (0x76)
 0h00:03.134 2021/05/17T22:10:44z: 50:2:91:db:e4:21
 0h00:03.136 2021/05/17T22:10:44z: SSID: Isogeio
 0h00:03.141 2021/05/17T22:10:44z: AP_STAR tmr
 ets Jan  8 2013,rst cause:1, boot mode:(3,7)

load 0x4010f000, len 1384, room 16 
tail 8
chksum 0x2d
csum 0x2d
v8b899c12
~ld


6.01
 0h00:03.059 2021/05/17T22:30:41z: DS3231
 0h00:03.074 2021/05/17T22:30:41z: BME280 (0x76)
 0h00:03.089 2021/05/17T22:30:41z: 50:2:91:db:e4:21
 0h00:03.090 2021/05/17T22:30:41z: SSID: Isogeio
 0h00:03.095 2021/05/17T22:30:41z: AP_STAR tmr
 ets Jan  8 2013,rst cause:1, boot mode:(3,7)

load 0x4010f000, len 1384, room 16 
tail 8
chksum 0x2d
csum 0x2d
v8b899c12
~ld


6.01
 0h00:03.033 2021/05/17T22:50:37z: DS3231
 0h00:03.048 2021/05/17T22:50:37z: BME280 (0x76)
 0h00:03.063 2021/05/17T22:50:37z: 50:2:91:db:e4:21
 0h00:03.064 2021/05/17T22:50:37z: SSID: Isogeio
 0h00:03.069 2021/05/17T22:50:37z: AP_STAR tmr
 ets Jan  8 2013,rst cause:1, boot mode:(3,7)

load 0x4010f000, len 1384, room 16 
tail 8
chksum 0x2d
csum 0x2d
v8b899c12
~ld


6.01
 0h00:03.029 2021/05/17T23:10:33z: DS3231
 0h00:03.045 2021/05/17T23:10:33z: BME280 (0x76)
 0h00:03.059 2021/05/17T23:10:33z: 50:2:91:db:e4:21
 0h00:03.060 2021/05/17T23:10:33z: SSID: Isogeio
 0h00:03.066 2021/05/17T23:10:33z: AP_STAR tmr
 ets Jan  8 2013,rst cause:1, boot mode:(3,7)

load 0x4010f000, len 1384, room 16 
tail 8
chksum 0x2d
csum 0x2d
v8b899c12
~ld


6.01
 0h00:03.086 2021/05/17T23:30:29z: DS3231
 0h00:03.101 2021/05/17T23:30:29z: BME280 (0x76)
 0h00:03.115 2021/05/17T23:30:29z: 50:2:91:db:e4:21
 0h00:03.117 2021/05/17T23:30:29z: SSID: Isogeio
 0h00:03.122 2021/05/17T23:30:29z: AP_STAR tmr
 ets Jan  8 2013,rst cause:1, boot mode:(3,7)

load 0x4010f000, len 1384, room 16 
tail 8
chksum 0x2d
csum 0x2d
v8b899c12
~ld


6.01
 0h00:03.034 2021/05/17T23:50:25z: DS3231
 0h00:03.050 2021/05/17T23:50:25z: BME280 (0x76)
 0h00:03.064 2021/05/17T23:50:25z: 50:2:91:db:e4:21
 0h00:03.065 2021/05/17T23:50:25z: SSID: Isogeio
 0h00:03.071 2021/05/17T23:50:25z: AP_STA