R tmr
 ets Jan  8 2013,rst cause:1, boot mode:(3,7)

load 0x4010f000, len 1384, room 16 
tail 8
chksum 0x2d
csum 0x2d
v8b899c12
~ld


6.01
 0h00:03.040 2021/06/04T00:11:46z: DS3231
 0h00:03.055 2021/06/04T00:11:46z: BME280 (0x76)
 0h00:03.069 2021/06/04T00:11:46z: 50:2:91:db:e4:21
 0h00:03.071 2021/06/04T00:11:46z: SSID: Isogeio
 0h00:03.076 2021/06/04T00:11:46z: AP_STAR tmr
 ets Jan  8 2013,rst cause:1, boot mode:(3,7)

load 0x4010f000, len 1384, room 16 
tail 8
chksum 0x2d
csum 0x2d
v8b899c12
~ld


6.01
 0h00:03.034 2021/06/04T00:31:42z: DS3231
 0h00:03.049 2021/06/04T00:31:42z: BME280 (0x76)
 0h00:03.063 2021/06/04T00:31:42z: 50:2:91:db:e4:21
 0h00:03.065 2021/06/04T00:31:42z: SSID: Isogeio
 0h00:03.070 2021/06/04T00:31:42z: AP_STAR tmr
 ets Jan  8 2013,rst cause:1, boot mode:(3,7)

load 0x4010f000, len 1384, room 16 
tail 8
chksum 0x2d
csum 0x2d
v8b899c12
~ld


6.01
 0h00:03.043 2021/06/04T00:51:38z: DS3231
 0h00:03.059 2021/06/04T00:51:38z: BME280 (0x76)
 0h00:03.073 2021/06/04T00:51:38z: 50:2:91:db:e4:21
 0h00:03.074 2021/06/04T00:51:38z: SSID: Isogeio
 0h00:03.080 2021/06/04T00:51:38z: AP_STAR tmr
 ets Jan  8 2013,rst cause:1, boot mode:(3,7)

load 0x4010f000, len 1384, room 16 
tail 8
chksum 0x2d
csum 0x2d
v8b899c12
~ld


6.01
 0h00:03.040 2021/06/04T01:11:34z: DS3231
 0h00:03.055 2021/06/04T01:11:34z: BME280 (0x76)
 0h00:03.070 2021/06/04T01:11:34z: 50:2:91:db:e4:21
 0h00:03.071 2021/06/04T01:11:34z: SSID: Isogeio
 0h00:03.076 2021/06/04T01:11:34z: AP_STAR tmr
 ets Jan  8 2013,rst cause:1, boot mode:(3,7)

load 0x4010f000, len 1384, room 16 
tail 8
chksum 0x2d
csum 0x2d
v8b899c12
~ld


6.01
 0h00:03.042 2021/06/04T01:31:30z: DS3231
 0h00:03.058 2021/06/04T01:31:30z: BME280 (0x76)
 0h00:03.072 2021/06/04T01:31:30z: 50:2:91:db:e4:21
 0h00:03.073 2021/06/04T01:31:30z: SSID: Isogeio
 0h00:03.079 2021/06/04T01:31:30z: AP_STAR tmr
 ets Jan  8 2013,rst cause:1, boot mode:(3,7)

load 0x4010f000, len 1384, room 16 
tail 8
chksum 0x2d
csum 0x2d
v8b899c12
~ld


6.01
 0h00:03.112 2021/06/04T01:51:27z: DS3231
 0h00:03.127 2021/06/04T01:51:27z: BME280 (0x76)
 0h00:03.141 2021/06/04T01:51:27z: 50:2:91:db:e4:21
 0h00:03.143 2021/06/04T01:51:27z: SSID: Isogeio
 0h00:03.148 2021/06/04T01:51:27z: AP_STAR tmr
 ets Jan  8 2013,rst cause:1, boot mode:(3,7)

load 0x4010f000, len 1384, room 16 
tail 8
chksum 0x2d
csum 0x2d
v8b899c12
~ld


6.01
 0h00:03.065 2021/06/04T02:11:23z: DS3231
 0h00:03.081 2021/06/04T02:11:23z: BME280 (0x76)
 0h00:03.095 2021/06/04T02:11:23z: 50:2:91:db:e4:21
 0h00:03.096 2021/06/04T02:11:23z: SSID: Isogeio
 0h00:03.102 2021/06/04T02:11:23z: AP_STAR tmr
 ets Jan  8 2013,rst cause:1, boot mode:(3,7)

load 0x4010f000, len 1384, room 16 
tail 8
chksum 0x2d
csum 0x2d
v8b899c12
~ld


6.01
 0h00:03.039 2021/06/04T02:31:19z: DS3231
 0h00:03.054 2021/06/04T02:31:19z: BME280 (0x76)
 0h00:03.068 2021/06/04T02:31:19z: 50:2:91:db:e4:21
 0h00:03.070 2021/06/04T02:31:19z: SSID: Isogeio
 0h00:03.075 2021/06/04T02:31:19z: AP_STAR tmr
 ets Jan  8 2013,rst cause:1, boot mode:(3,7)

load 0x4010f000, len 1384, room 16 
tail 8
chksum 0x2d
csum 0x2d
v8b899c12
~ld


6.01
 0h00:03.041 2021/06/04T02:51:15z: DS3231
 0h00:03.056 2021/06/04T02:51:15z: BME280 (0x76)
 0h00:03.070 2021/06/04T02:51:15z: 50:2:91:db:e4:21
 0h00:03.072 2021/06/04T02:51:15z: SSID: Isogeio
 0h00:03.077 2021/06/04T02:51:15z: AP_STAR tmr
 ets Jan  8 2013,rst cause:1, boot mode:(3,7)

load 0x4010f000, len 1384, room 16 
tail 8
chksum 0x2d
csum 0x2d
v8b899c12
~ld


6.01
 0h00:03.037 2021/06/04T03:11:11z: DS3231
 0h00:03.053 2021/06/04T03:11:11z: BME280 (0x76)
 0h00:03.067 2021/06/04T03:11:11z: 50:2:91:db:e4:21
 0h00:03.068 2021/06/04T03:11:11z: SSID: Isogeio
 0h00:03.074 2021/06/04T03:11:11z: AP_STAR tmr
 ets Jan  8 2013,rst cause:1, boot mode:(3,7)

load 0x4010f000, len 1384, room 16 
tail 8
chksum 0x2d
csum 0x2d
v8b899c12
~ld


6.01
 0h00:03.039 2021/06/04T03:31:06z: DS3231
 0h00:03.054 2021/06/04T03:31:06z: BME280 (0x76)
 0h00:03.068 2021/06/04T03:31:06z: 50:2:91:db:e4:21
 0h00:03.070 2021/06/04T03:31:06z: SSID: Isogeio
 0h00:03.075 2021/06/04T03:31:06z: AP_STAR tmr
 ets Jan  8 2013,rst cause:1, boot mode:(3,7)

load 0x4010f000, len 1384, room 16 
tail 8
chksum 0x2d
csum 0x2d
v8b899c12
~ld


6.01
 0h00:03.042 2021/06/04T03:51:03z: DS3231
 0h00:03.058 2021/06/04T03:51:03z: BME280 (0x76)
 0h00:03.072 2021/06/04T03:51:03z: 50:2:91:db:e4:21
 0h00:03.074 2021/06/04T03:51:03z: SSID: Isogeio
 0h00:03.079 2021/06/04T03:51:03z: AP_STAR tmr
 ets Jan  8 2013,rst cause:1, boot mode:(3,7)

load 0x4010f000, len 1384, room 16 
tail 8
chksum 0x2d
csum 0x2d
v8b899c12
~ld


6.01
 0h00:03.047 2021/06/04T04:10:58z: DS3231
 0h00:03.062 2021/06/04T04:10:58z: BME280 (0x76)
 0h00:03.077 2021/06/04T04:10:59z: 50:2:91:db:e4:21
 0h00:03.078 2021/06/04T04:10:59z: SSID: Isogeio
 0h00:03.083 2021/06/04T04:10:59z: AP_STAR tmr
 ets Jan  8 2013,rst cause:1, boot mode:(3,7)

load 0x4010f000, len 1384, room 16 
tail 8
chksum 0x2d
csum 0x2d
v8b899c12
~ld


6.01
 0h00:03.063 2021/06/04T04:30:54z: DS3231
 0h00:03.078 2021/06/04T04:30:54z: BME280 (0x76)
 0h00:03.093 2021/06/04T04:30:54z: 50:2:91:db:e4:21
 0h00:03.094 2021/06/04T04:30:54z: SSID: Isogeio
 0h00:03.099 2021/06/04T04:30:54z: AP_STAR tmr
 ets Jan  8 2013,rst cause:1, boot mode:(3,7)

load 0x4010f000, len 1384, room 16 
tail 8
chksum 0x2d
csum 0x2d
v8b899c12
~ld


6.01
 0h00:03.063 2021/06/04T04:50:49z: DS3231
 0h00:03.078 2021/06/04T04:50:49z: BME280 (0x76)
 0h00:03.092 2021/06/04T04:50:49z: 50:2:91:db:e4:21
 0h00:03.094 2021/06/04T04:50:50z: SSID: Isogeio
 0h00:03.099 2021/06/04T04:50:50z: AP_STAR tmr
 ets Jan  8 2013,rst cause:1, boot mode:(3,7)

load 0x4010f000, len 1384, room 16 
tail 8
chksum 0x2d
csum 0x2d
v8b899c12
~ld


6.01
 0h00:03.105 2021/06/04T05:10:46z: DS3231
 0h00:03.120 2021/06/04T05:10:46z: BME280 (0x76)
 0h00:03.134 2021/06/04T05:10:46z: 50:2:91:db:e4:21
 0h00:03.136 2021/06/04T05:10:46z: SSID: Isogeio
 0h00:03.141 2021/06/04T05:10:46z: AP_STAR tmr
 ets Jan  8 2013,rst cause:1, boot mode:(3,7)

load 0x4010f000, len 1384, room 16 
tail 8
chksum 0x2d
csum 0x2d
v8b899c12
~ld


6.01
 0h00:03.039 2021/06/04T05:30:42z: DS3231
 0h00:03.054 2021/06/04T05:30:42z: BME280 (0x76)
 0h00:03.068 2021/06/04T05:30:42z: 50:2:91:db:e4:21
 0h00:03.070 2021/06/04T05:30:42z: SSID: Isogeio
 0h00:03.075 2021/06/04T05:30:42z: AP_STAR tmr
 ets Jan  8 2013,rst cause:1, boot mode:(3,7)

load 0x4010f000, len 1384, room 16 
tail 8
chksum 0x2d
csum 0x2d
v8b899c12
~ld


6.01
 0h00:03.037 2021/06/04T05:50:39z: DS3231
 0h00:03.052 2021/06/04T05:50:39z: BME280 (0x76)
 0h00:03.066 2021/06/04T05:50:39z: 50:2:91:db:e4:21
 0h00:03.068 2021/06/04T05:50:39z: SSID: Isogeio
 0h00:03.073 2021/06/04T05:50:39z: AP_STAR tmr
 ets Jan  8 2013,rst cause:1, boot mode:(3,7)

load 0x4010f000, len 1384, room 16 
tail 8
chksum 0x2d
csum 0x2d
v8b899c12
~ld


6.01
 0h00:03.043 2021/06/04T06:10:35z: DS3231
 0h00:03.059 2021/06/04T06:10:35z: BME280 (0x76)
 0h00:03.073 2021/06/04T06:10:35z: 50:2:91:db:e4:21
 0h00:03.074 2021/06/04T06:10:35z: SSID: Isogeio
 0h00:03.080 2021/06/04T06:10:35z: AP_STAR tmr
 ets Jan  8 2013,rst cause:1, boot mode:(3,7)

load 0x4010f000, len 1384, room 16 
tail 8
chksum 0x2d
csum 0x2d
v8b899c12
~ld


6.01
 0h00:03.113 2021/06/04T06:30:31z: DS3231
 0h00:03.128 2021/06/04T06:30:31z: BME280 (0x76)
 0h00:03.142 2021/06/04T06:30:31z: 50:2:91:db:e4:21
 0h00:03.144 2021/06/04T06:30:31z: SSID: Isogeio
 0h00:03.149 2021/06/04T06:30:31z: AP_STAR tmr
 ets Jan  8 2013,rst cause:1, boot mode:(3,7)

load 0x4010f000, len 1384, room 16 
tail 8
chksum 0x2d
csum 0x2d
v8b899c12
~ld


6.01
 0h00:03.057 2021/06/04T06:50:27z: DS3231
 0h00:03.072 2021/06/04T06:50:27z: BME280 (0x76)
 0h00:03.087 2021/06/04T06:50:27z: 50:2:91:db:e4:21
 0h00:03.088 2021/06/04T06:50:27z: SSID: Isogeio
 0h00:03.093 2021/06/04T06:50:27z: AP_STAR tmr
 ets Jan  8 2013,rst cause:1, boot mode:(3,7)

load 0x4010f000, len 1384, room 16 
tail 8
chksum 0x2d
csum 0x2d
v8b899c12
~ld


6.01
 0h00:03.061 2021/06/04T07:10:23z: DS3231
 0h00:03.076 2021/06/04T07:10:23z: BME280 (0x76)
 0h00:03.091 2021/06/04T07:10:23z: 50:2:91:db:e4:21
 0h00:03.092 2021/06/04T07:10:23z: SSID: Isogeio
 0h00:03.097 2021/06/04T07:10:23z: AP_STAR tmr
 ets Jan  8 2013,rst cause:1, boot mode:(3,7)

load 0x4010f000, len 1384, room 16 
tail 8
chksum 0x2d
csum 0x2d
v8b899c12
~ld


6.01
 0h00:03.060 2021/06/04T07:30:19z: DS3231
 0h00:03.076 2021/06/04T07:30:19z: BME280 (0x76)
 0h00:03.090 2021/06/04T07:30:19z: 50:2:91:db:e4:21
 0h00:03.091 2021/06/04T07:30:19z: SSID: Isogeio
 0h00:03.097 2021/06/04T07:30:19z: AP_STAR tmr
 ets Jan  8 2013,rst cause:1, boot mode:(3,7)

load 0x4010f000, len 1384, room 16 
tail 8
chksum 0x2d
csum 0x2d
v8b899c12
~ld


6.01
 0h00:03.054 2021/06/04T07:50:15z: DS3231
 0h00:03.070 2021/06/04T07:50:15z: BME280 (0x76)
 0h00:03.084 2021/06/04T07:50:15z: 50:2:91:db:e4:21
 0h00:03.086 2021/06/04T07:50:15z: SSID: Isogeio
 0h00:03.091 2021/06/04T07:50:15z: AP_STAR tmr
 ets Jan  8 2013,rst cause:1, boot mode:(3,7)

load 0x4010f000, len 1384, room 16 
tail 8
chksum 0x2d
csum 0x2d
v8b899c12
~ld


6.01
 0h00:03.038 2021/06/04T08:10:10z: DS3231
 0h00:03.053 2021/06/04T08:10:10z: BME280 (0x76)
 0h00:03.067 2021/06/04T08:10:10z: 50:2:91:db:e4:21
 0h00:03.069 2021/06/04T08:10:10z: SSID: Isogeio
 0h00:03.074 2021/06/04T08:10:10z: AP_STAR tmr
 ets Jan  8 2013,rst cause:1, boot mode:(3,7)

load 0x4010f000, len 1384, room 16 
tail 8
chksum 0x2d
csum 0x2d
v8b899c12
~ld


6.01
 0h00:03.041 2021/06/04T08:30:06z: DS3231
 0h00:03.056 2021/06/04T08:30:06z: BME280 (0x76)
 0h00:03.070 2021/06/04T08:30:06z: 50:2:91:db:e4:21
 0h00:03.072 2021/06/04T08:30:06z: SSID: Isogeio
 0h00:03.077 2021/06/04T08:30:06z: AP_STAR tmr
 ets Jan  8 2013,rst cause:1, boot mode:(3,7)

load 0x4010f000, len 1384, room 16 
tail 8
chksum 0x2d
csum 0x2d
v8b899c12
~ld


6.01
 0h00:03.044 2021/06/04T08:50:02z: DS3231
 0h00:03.060 2021/06/04T08:50:02z: BME280 (0x76)
 0h00:03.074 2021/06/04T08:50:02z: 50:2:91:db:e4:21
 0h00:03.075 2021/06/04T08:50:02z: SSID: Isogeio
 0h00:03.081 2021/06/04T08:50:02z: AP_STAR tmr
 ets Jan  8 2013,rst cause:1, boot mode:(3,7)

load 0x4010f000, len 1384, room 16 
tail 8
chksum 0x2d
csum 0x2d
v8b899c12
~ld


6.01
 0h00:03.047 2021/06/04T09:09:58z: DS3231
 0h00:03.062 2021/06/04T09:09:58z: BME280 (0x76)
 0h00:03.076 2021/06/04T09:09:58z: 50:2:91:db:e4:21
 0h00:03.078 2021/06/04T09:09:58z: SSID: Isogeio
 0h00:03.083 2021/06/04T09:09:58z: AP_STAR tmr
 ets Jan  8 2013,rst cause:1, boot mode:(3,7)

load 0x4010f000, len 1384, room 16 
tail 8
chksum 0x2d
csum 0x2d
v8b899c12
~ld


6.01
 0h00:03.097 2021/06/04T09:29:55z: DS3231
 0h00:03.113 2021/06/04T09:29:55z: BME280 (0x76)
 0h00:03.127 2021/06/04T09:29:55z: 50:2:91:db:e4:21
 0h00:03.129 2021/06/04T09:29:55z: SSID: Isogeio
 0h00:03.134 2021/06/04T09:29:55z: AP_STAR tmr
 ets Jan  8 2013,rst cause:1, boot mode:(3,7)

load 0x4010f000, len 1384, room 16 
tail 8
chksum 0x2d
csum 0x2d
v8b899c12
~ld


6.01
 0h00:03.047 2021/06/04T09:49:51z: DS3231
 0h00:03.062 2021/06/04T09:49:51z: BME280 (0x76)
 0h00:03.077 2021/06/04T09:49:51z: 50:2:91:db:e4:21
 0h00:03.078 2021/06/04T09:49:51z: SSID: Isogeio
 0h00:03.083 2021/06/04T09:49:51z: AP_STAR tmr
 ets Jan  8 2013,rst cause:1, boot mode:(3,7)

load 0x4010f000, len 1384, room 16 
tail 8
chksum 0x2d
csum 0x2d
v8b899c12
~ld


6.01
 0h00:03.055 2021/06/04T10:09:47z: DS3231
 0h00:03.070 2021/06/04T10:09:47z: BME280 (0x76)
 0h00:03.084 2021/06/04T10:09:47z: 50:2:91:db:e4:21
 0h00:03.086 2021/06/04T10:09:47z: SSID: Isogeio
 0h00:03.091 2021/06/04T10:09:47z: AP_STAR tmr
 ets Jan  8 2013,rst cause:1, boot mode:(3,7)

load 0x4010f000, len 1384, room 16 
tail 8
chksum 0x2d
csum 0x2d
v8b899c12
~ld


6.01
 0h00:03.058 2021/06/04T10:29:43z: DS3231
 0h00:03.073 2021/06/04T10:29:43z: BME280 (0x76)
 0h00:03.087 2021/06/04T10:29:43z: 50:2:91:db:e4:21
 0h00:03.089 2021/06/04T10:29:43z: SSID: Isogeio
 0h00:03.094 2021/06/04T10:29:43z: AP_STAR tmr
 ets Jan  8 2013,rst cause:1, boot mode:(3,7)

load 0x4010f000, len 1384, room 16 
tail 8
chksum 0x2d
csum 0x2d
v8b899c12
~ld


6.01
 0h00:03.104 2021/06/04T10:49:39z: DS3231
 0h00:03.120 2021/06/04T10:49:39z: BME280 (0x76)
 0h00:03.134 2021/06/04T10:49:39z: 50:2:91:db:e4:21
 0h00:03.136 2021/06/04T10:49:39z: SSID: Isogeio
 0h00:03.141 2021/06/04T10:49:39z: AP_STAR tmr
 ets Jan  8 2013,rst cause:1, boot mode:(3,7)

load 0x4010f000, len 1384, room 16 
tail 8
chksum 0x2d
csum 0x2d
v8b899c12
~ld


6.01
 0h00:03.041 2021/06/04T11:09:35z: DS3231
 0h00:03.056 2021/06/04T11:09:35z: BME280 (0x76)
 0h00:03.071 2021/06/04T11:09:35z: 50:2:91:db:e4:21
 0h00:03.072 2021/06/04T11:09:35z: SSID: Isogeio
 0h00:03.077 2021/06/04T11:09:35z: AP_STA