R tmr
 ets Jan  8 2013,rst cause:1, boot mode:(3,7)

load 0x4010f000, len 1384, room 16 
tail 8
chksum 0x2d
csum 0x2d
v8b899c12
~ld


6.01
 0h00:03.004 2021/06/03T00:05:13z: DS3231
 0h00:03.019 2021/06/03T00:05:13z: BME280 (0x76)
 0h00:03.033 2021/06/03T00:05:13z: 10:52:1c:4d:af:f9
 0h00:03.035 2021/06/03T00:05:13z: SSID: Apollonia Students Halls
 0h00:03.040 2021/06/03T00:05:13z: AP_STAR tmr
 ets Jan  8 2013,rst cause:1, boot mode:(3,7)

load 0x4010f000, len 1384, room 16 
tail 8
chksum 0x2d
csum 0x2d
v8b899c12
~ld


6.01
 0h00:02.995 2021/06/03T00:25:09z: DS3231
 0h00:03.011 2021/06/03T00:25:09z: BME280 (0x76)
 0h00:03.025 2021/06/03T00:25:09z: 10:52:1c:4d:af:f9
 0h00:03.027 2021/06/03T00:25:09z: SSID: Apollonia Students Halls
 0h00:03.032 2021/06/03T00:25:09z: AP_STAR tmr
 ets Jan  8 2013,rst cause:1, boot mode:(3,7)

load 0x4010f000, len 1384, room 16 
tail 8
chksum 0x2d
csum 0x2d
v8b899c12
~ld


6.01
 0h00:03.002 2021/06/03T00:45:05z: DS3231
 0h00:03.018 2021/06/03T00:45:05z: BME280 (0x76)
 0h00:03.032 2021/06/03T00:45:05z: 10:52:1c:4d:af:f9
 0h00:03.034 2021/06/03T00:45:05z: SSID: Apollonia Students Halls
 0h00:03.039 2021/06/03T00:45:05z: AP_STAR tmr
 ets Jan  8 2013,rst cause:1, boot mode:(3,7)

load 0x4010f000, len 1384, room 16 
tail 8
chksum 0x2d
csum 0x2d
v8b899c12
~ld


6.01
 0h00:02.999 2021/06/03T01:05:00z: DS3231
 0h00:03.015 2021/06/03T01:05:00z: BME280 (0x76)
 0h00:03.029 2021/06/03T01:05:00z: 10:52:1c:4d:af:f9
 0h00:03.031 2021/06/03T01:05:00z: SSID: Apollonia Students Halls
 0h00:03.036 2021/06/03T01:05:00z: AP_STAR tmr
 ets Jan  8 2013,rst cause:1, boot mode:(3,7)

load 0x4010f000, len 1384, room 16 
tail 8
chksum 0x2d
csum 0x2d
v8b899c12
~ld


6.01
 0h00:02.998 2021/06/03T01:24:56z: DS3231
 0h00:03.014 2021/06/03T01:24:56z: BME280 (0x76)
 0h00:03.028 2021/06/03T01:24:56z: 10:52:1c:4d:af:f9
 0h00:03.030 2021/06/03T01:24:56z: SSID: Apollonia Students Halls
 0h00:03.035 2021/06/03T01:24:56z: AP_STAR tmr
 ets Jan  8 2013,rst cause:1, boot mode:(3,7)

load 0x4010f000, len 1384, room 16 
tail 8
chksum 0x2d
csum 0x2d
v8b899c12
~ld


6.01
 0h00:03.003 2021/06/03T01:44:52z: DS3231
 0h00:03.018 2021/06/03T01:44:52z: BME280 (0x76)
 0h00:03.032 2021/06/03T01:44:52z: 10:52:1c:4d:af:f9
 0h00:03.034 2021/06/03T01:44:52z: SSID: Apollonia Students Halls
 0h00:03.039 2021/06/03T01:44:52z: AP_STAR tmr
 ets Jan  8 2013,rst cause:1, boot mode:(3,7)

load 0x4010f000, len 1384, room 16 
tail 8
chksum 0x2d
csum 0x2d
v8b899c12
~ld


6.01
 0h00:03.011 2021/06/03T02:04:47z: DS3231
 0h00:03.027 2021/06/03T02:04:47z: BME280 (0x76)
 0h00:03.041 2021/06/03T02:04:47z: 10:52:1c:4d:af:f9
 0h00:03.043 2021/06/03T02:04:47z: SSID: Apollonia Students Halls
 0h00:03.048 2021/06/03T02:04:47z: AP_STAR tmr
 ets Jan  8 2013,rst cause:1, boot mode:(3,7)

load 0x4010f000, len 1384, room 16 
tail 8
chksum 0x2d
csum 0x2d
v8b899c12
~ld


6.01
 0h00:03.016 2021/06/03T02:24:44z: DS3231
 0h00:03.031 2021/06/03T02:24:44z: BME280 (0x76)
 0h00:03.045 2021/06/03T02:24:44z: 10:52:1c:4d:af:f9
 0h00:03.047 2021/06/03T02:24:44z: SSID: Apollonia Students Halls
 0h00:03.052 2021/06/03T02:24:44z: AP_STAR tmr
 ets Jan  8 2013,rst cause:1, boot mode:(3,7)

load 0x4010f000, len 1384, room 16 
tail 8
chksum 0x2d
csum 0x2d
v8b899c12
~ld


6.01
 0h00:03.032 2021/06/03T02:44:40z: DS3231
 0h00:03.047 2021/06/03T02:44:40z: BME280 (0x76)
 0h00:03.061 2021/06/03T02:44:40z: 10:52:1c:4d:af:f9
 0h00:03.063 2021/06/03T02:44:40z: SSID: Apollonia Students Halls
 0h00:03.068 2021/06/03T02:44:40z: AP_STAR tmr
 ets Jan  8 2013,rst cause:1, boot mode:(3,7)

load 0x4010f000, len 1384, room 16 
tail 8
chksum 0x2d
csum 0x2d
v8b899c12
~ld


6.01
 0h00:03.002 2021/06/03T03:04:36z: DS3231
 0h00:03.017 2021/06/03T03:04:36z: BME280 (0x76)
 0h00:03.032 2021/06/03T03:04:36z: 10:52:1c:4d:af:f9
 0h00:03.033 2021/06/03T03:04:36z: SSID: Apollonia Students Halls
 0h00:03.038 2021/06/03T03:04:36z: AP_STAR tmr
 ets Jan  8 2013,rst cause:1, boot mode:(3,7)

load 0x4010f000, len 1384, room 16 
tail 8
chksum 0x2d
csum 0x2d
v8b899c12
~ld


6.01
 0h00:03.001 2021/06/03T03:24:32z: DS3231
 0h00:03.016 2021/06/03T03:24:32z: BME280 (0x76)
 0h00:03.030 2021/06/03T03:24:32z: 10:52:1c:4d:af:f9
 0h00:03.032 2021/06/03T03:24:32z: SSID: Apollonia Students Halls
 0h00:03.037 2021/06/03T03:24:32z: AP_STAR tmr
 ets Jan  8 2013,rst cause:1, boot mode:(3,7)

load 0x4010f000, len 1384, room 16 
tail 8
chksum 0x2d
csum 0x2d
v8b899c12
~ld


6.01
 0h00:03.010 2021/06/03T03:44:28z: DS3231
 0h00:03.025 2021/06/03T03:44:28z: BME280 (0x76)
 0h00:03.040 2021/06/03T03:44:28z: 10:52:1c:4d:af:f9
 0h00:03.041 2021/06/03T03:44:28z: SSID: Apollonia Students Halls
 0h00:03.046 2021/06/03T03:44:28z: AP_STAR tmr
 ets Jan  8 2013,rst cause:1, boot mode:(3,7)

load 0x4010f000, len 1384, room 16 
tail 8
chksum 0x2d
csum 0x2d
v8b899c12
~ld


6.01
 0h00:03.005 2021/06/03T04:04:24z: DS3231
 0h00:03.020 2021/06/03T04:04:24z: BME280 (0x76)
 0h00:03.035 2021/06/03T04:04:24z: 10:52:1c:4d:af:f9
 0h00:03.036 2021/06/03T04:04:24z: SSID: Apollonia Students Halls
 0h00:03.041 2021/06/03T04:04:24z: AP_STAR tmr
 ets Jan  8 2013,rst cause:1, boot mode:(3,7)

load 0x4010f000, len 1384, room 16 
tail 8
chksum 0x2d
csum 0x2d
v8b899c12
~ld


6.01
 0h00:03.003 2021/06/03T04:24:20z: DS3231
 0h00:03.018 2021/06/03T04:24:20z: BME280 (0x76)
 0h00:03.032 2021/06/03T04:24:20z: 10:52:1c:4d:af:f9
 0h00:03.034 2021/06/03T04:24:20z: SSID: Apollonia Students Halls
 0h00:03.039 2021/06/03T04:24:20z: AP_STAR tmr
 ets Jan  8 2013,rst cause:1, boot mode:(3,7)

load 0x4010f000, len 1384, room 16 
tail 8
chksum 0x2d
csum 0x2d
v8b899c12
~ld


6.01
 0h00:03.016 2021/06/03T04:44:15z: DS3231
 0h00:03.031 2021/06/03T04:44:15z: BME280 (0x76)
 0h00:03.046 2021/06/03T04:44:15z: 10:52:1c:4d:af:f9
 0h00:03.047 2021/06/03T04:44:15z: SSID: Apollonia Students Halls
 0h00:03.052 2021/06/03T04:44:15z: AP_STAR tmr
 ets Jan  8 2013,rst cause:1, boot mode:(3,7)

load 0x4010f000, len 1384, room 16 
tail 8
chksum 0x2d
csum 0x2d
v8b899c12
~ld


6.01
 0h00:03.021 2021/06/03T05:04:11z: DS3231
 0h00:03.037 2021/06/03T05:04:11z: BME280 (0x76)
 0h00:03.051 2021/06/03T05:04:11z: 10:52:1c:4d:af:f9
 0h00:03.052 2021/06/03T05:04:11z: SSID: Apollonia Students Halls
 0h00:03.058 2021/06/03T05:04:11z: AP_STAR tmr
 ets Jan  8 2013,rst cause:1, boot mode:(3,7)

load 0x4010f000, len 1384, room 16 
tail 8
chksum 0x2d
csum 0x2d
v8b899c12
~ld


6.01
 0h00:03.027 2021/06/03T05:24:07z: DS3231
 0h00:03.042 2021/06/03T05:24:07z: BME280 (0x76)
 0h00:03.056 2021/06/03T05:24:07z: 10:52:1c:4d:af:f9
 0h00:03.058 2021/06/03T05:24:07z: SSID: Apollonia Students Halls
 0h00:03.063 2021/06/03T05:24:07z: AP_STAR tmr
 ets Jan  8 2013,rst cause:1, boot mode:(3,7)

load 0x4010f000, len 1384, room 16 
tail 8
chksum 0x2d
csum 0x2d
v8b899c12
~ld


6.01
 0h00:03.001 2021/06/03T05:44:02z: DS3231
 0h00:03.016 2021/06/03T05:44:02z: BME280 (0x76)
 0h00:03.030 2021/06/03T05:44:02z: 10:52:1c:4d:af:f9
 0h00:03.032 2021/06/03T05:44:02z: SSID: Apollonia Students Halls
 0h00:03.037 2021/06/03T05:44:02z: AP_STAR tmr
 ets Jan  8 2013,rst cause:1, boot mode:(3,7)

load 0x4010f000, len 1384, room 16 
tail 8
chksum 0x2d
csum 0x2d
v8b899c12
~ld


6.01
 0h00:03.004 2021/06/03T06:03:59z: DS3231
 0h00:03.019 2021/06/03T06:03:59z: BME280 (0x76)
 0h00:03.033 2021/06/03T06:03:59z: 10:52:1c:4d:af:f9
 0h00:03.035 2021/06/03T06:03:59z: SSID: Apollonia Students Halls
 0h00:03.040 2021/06/03T06:03:59z: AP_STAR tmr
 ets Jan  8 2013,rst cause:1, boot mode:(3,7)

load 0x4010f000, len 1384, room 16 
tail 8
chksum 0x2d
csum 0x2d
v8b899c12
~ld


6.01
 0h00:03.002 2021/06/03T06:23:54z: DS3231
 0h00:03.017 2021/06/03T06:23:54z: BME280 (0x76)
 0h00:03.032 2021/06/03T06:23:54z: 10:52:1c:4d:af:f9
 0h00:03.033 2021/06/03T06:23:54z: SSID: Apollonia Students Halls
 0h00:03.038 2021/06/03T06:23:54z: AP_STAR tmr
 ets Jan  8 2013,rst cause:1, boot mode:(3,7)

load 0x4010f000, len 1384, room 16 
tail 8
chksum 0x2d
csum 0x2d
v8b899c12
~ld


6.01
 0h00:03.011 2021/06/03T06:43:50z: DS3231
 0h00:03.027 2021/06/03T06:43:50z: BME280 (0x76)
 0h00:03.041 2021/06/03T06:43:50z: 10:52:1c:4d:af:f9
 0h00:03.043 2021/06/03T06:43:50z: SSID: Apollonia Students Halls
 0h00:03.048 2021/06/03T06:43:50z: AP_STAR tmr
 ets Jan  8 2013,rst cause:1, boot mode:(3,7)

load 0x4010f000, len 1384, room 16 
tail 8
chksum 0x2d
csum 0x2d
v8b899c12
~ld


6.01
 0h00:03.008 2021/06/03T07:03:47z: DS3231
 0h00:03.024 2021/06/03T07:03:47z: BME280 (0x76)
 0h00:03.038 2021/06/03T07:03:47z: 10:52:1c:4d:af:f9
 0h00:03.039 2021/06/03T07:03:47z: SSID: Apollonia Students Halls
 0h00:03.045 2021/06/03T07:03:47z: AP_STAR tmr
 ets Jan  8 2013,rst cause:1, boot mode:(3,7)

load 0x4010f000, len 1384, room 16 
tail 8
chksum 0x2d
csum 0x2d
v8b899c12
~ld


6.01
 0h00:03.012 2021/06/03T07:23:43z: DS3231
 0h00:03.027 2021/06/03T07:23:43z: BME280 (0x76)
 0h00:03.041 2021/06/03T07:23:43z: 10:52:1c:4d:af:f9
 0h00:03.043 2021/06/03T07:23:43z: SSID: Apollonia Students Halls
 0h00:03.048 2021/06/03T07:23:43z: AP_STAR tmr
 ets Jan  8 2013,rst cause:1, boot mode:(3,7)

load 0x4010f000, len 1384, room 16 
tail 8
chksum 0x2d
csum 0x2d
v8b899c12
~ld


6.01
 0h00:03.019 2021/06/03T07:43:39z: DS3231
 0h00:03.034 2021/06/03T07:43:39z: BME280 (0x76)
 0h00:03.048 2021/06/03T07:43:39z: 10:52:1c:4d:af:f9
 0h00:03.050 2021/06/03T07:43:39z: SSID: Apollonia Students Halls
 0h00:03.055 2021/06/03T07:43:39z: AP_STAR tmr
 ets Jan  8 2013,rst cause:1, boot mode:(3,7)

load 0x4010f000, len 1384, room 16 
tail 8
chksum 0x2d
csum 0x2d
v8b899c12
~ld


6.01
 0h00:03.027 2021/06/03T08:03:35z: DS3231
 0h00:03.042 2021/06/03T08:03:35z: BME280 (0x76)
 0h00:03.056 2021/06/03T08:03:35z: 10:52:1c:4d:af:f9
 0h00:03.058 2021/06/03T08:03:35z: SSID: Apollonia Students Halls
 0h00:03.063 2021/06/03T08:03:35z: AP_STAR tmr
 ets Jan  8 2013,rst cause:1, boot mode:(3,7)

load 0x4010f000, len 1384, room 16 
tail 8
chksum 0x2d
csum 0x2d
v8b899c12
~ld


6.01
 0h00:02.998 2021/06/03T08:23:31z: DS3231
 0h00:03.013 2021/06/03T08:23:31z: BME280 (0x76)
 0h00:03.027 2021/06/03T08:23:31z: 10:52:1c:4d:af:f9
 0h00:03.029 2021/06/03T08:23:31z: SSID: Apollonia Students Halls
 0h00:03.034 2021/06/03T08:23:31z: AP_STAR tmr
 ets Jan  8 2013,rst cause:1, boot mode:(3,7)

load 0x4010f000, len 1384, room 16 
tail 8
chksum 0x2d
csum 0x2d
v8b899c12
~ld


6.01
 0h00:03.005 2021/06/03T08:43:27z: DS3231
 0h00:03.021 2021/06/03T08:43:27z: BME280 (0x76)
 0h00:03.035 2021/06/03T08:43:27z: 10:52:1c:4d:af:f9
 0h00:03.036 2021/06/03T08:43:27z: SSID: Apollonia Students Halls
 0h00:03.042 2021/06/03T08:43:27z: AP_STAR tmr
 ets Jan  8 2013,rst cause:1, boot mode:(3,7)

load 0x4010f000, len 1384, room 16 
tail 8
chksum 0x2d
csum 0x2d
v8b899c12
~ld


6.01
 0h00:02.998 2021/06/03T09:03:23z: DS3231
 0h00:03.013 2021/06/03T09:03:23z: BME280 (0x76)
 0h00:03.027 2021/06/03T09:03:23z: 10:52:1c:4d:af:f9
 0h00:03.029 2021/06/03T09:03:23z: SSID: Apollonia Students Halls
 0h00:03.034 2021/06/03T09:03:23z: AP_STAR tmr
 ets Jan  8 2013,rst cause:1, boot mode:(3,7)

load 0x4010f000, len 1384, room 16 
tail 8
chksum 0x2d
csum 0x2d
v8b899c12
~ld


6.01
 0h00:02.998 2021/06/03T09:23:19z: DS3231
 0h00:03.013 2021/06/03T09:23:19z: BME280 (0x76)
 0h00:03.027 2021/06/03T09:23:19z: 10:52:1c:4d:af:f9
 0h00:03.029 2021/06/03T09:23:19z: SSID: Apollonia Students Halls
 0h00:03.034 2021/06/03T09:23:19z: AP_STAR tmr
 ets Jan  8 2013,rst cause:1, boot mode:(3,7)

load 0x4010f000, len 1384, room 16 
tail 8
chksum 0x2d
csum 0x2d
v8b899c12
~ld


6.01
 0h00:03.004 2021/06/03T09:43:15z: DS3231
 0h00:03.019 2021/06/03T09:43:15z: BME280 (0x76)
 0h00:03.033 2021/06/03T09:43:15z: 10:52:1c:4d:af:f9
 0h00:03.035 2021/06/03T09:43:15z: SSID: Apollonia Students Halls
 0h00:03.040 2021/06/03T09:43:15z: AP_STAR tmr
 ets Jan  8 2013,rst cause:1, boot mode:(3,7)

load 0x4010f000, len 1384, room 16 
tail 8
chksum 0x2d
csum 0x2d
v8b899c12
~ld


6.01
 0h00:03.015 2021/06/03T10:03:11z: DS3231
 0h00:03.030 2021/06/03T10:03:11z: BME280 (0x76)
 0h00:03.045 2021/06/03T10:03:11z: 10:52:1c:4d:af:f9
 0h00:03.046 2021/06/03T10:03:11z: SSID: Apollonia Students Halls
 0h00:03.051 2021/06/03T10:03:11z: AP_STAR tmr
 ets Jan  8 2013,rst cause:1, boot mode:(3,7)

load 0x4010f000, len 1384, room 16 
tail 8
chksum 0x2d
csum 0x2d
v8b899c12
~ld


6.01
 0h00:03.004 2021/06/03T11:48:38z: DS3231
 0h00:03.019 2021/06/03T11:48:38z: BME280 (0x76)
 0h00:03.034 2021/06/03T11:48:38z: 10:52:1c:4d:af:f9
 0h00:03.035 2021/06/03T11:48:38z: SSID: Apollonia Students Halls
 0h00:03.040 2021/06/03T11:48:38z: AP_STAR tmr
 ets Jan  8 2013,rst cause:1, boot mode:(3,7)

load 0x4010f000, len 1384, room 16 
tail 8
chksum 0x2d
csum 0x2d
v8b899c12
~ld


6.01
 0h00:03.016 2021/06/03T12:08:33z: DS3231
 0h00:03.032 2021/06/03T12:08:33z: BME280 (0x76)
 0h00:03.046 2021/06/03T12:08:34z: 10:52:1c:4d:af:f9
 0h00:03.048 2021/06/03T12:08:34z: SSID: Apollonia Students Halls
 0h00:03.053 2021/06/03T12:08:34z: AP_STAR tmr
 ets Jan  8 2013,rst cause:1, boot mode:(3,7)

load 0x4010f000, len 1384, room 16 
tail 8
chksum 0x2d
csum 0x2d
v8b899c12
~ld


6.01
 0h00:03.025 2021/06/03T12:28:30z: DS3231
 0h00:03.040 2021/06/03T12:28:30z: BME280 (0x76)
 0h00:03.054 2021/06/03T12:28:30z: 10:52:1c:4d:af:f9
 0h00:03.056 2021/06/03T12:28:30z: SSID: Apollonia Students Halls
 0h00:03.061 2021/06/03T12:28:30z: AP_STAR tmr
 ets Jan  8 2013,rst cause:1, boot mode:(3,7)

load 0x4010f000, len 1384, room 16 
tail 8
chksum 0x2d
csum 0x2d
v8b899c12
~ld


6.01
 0h00:03.042 2021/06/03T12:48:27z: DS3231
 0h00:03.057 2021/06/03T12:48:27z: BME280 (0x76)
 0h00:03.071 2021/06/03T12:48:27z: 10:52:1c:4d:af:f9
 0h00:03.073 2021/06/03T12:48:27z: SSID: Apollonia Students Halls
 0h00:03.078 2021/06/03T12:48:27z: AP_STAR tmr
 ets Jan  8 2013,rst cause:1, boot mode:(3,7)

load 0x4010f000, len 1384, room 16 
tail 8
chksum 0x2d
csum 0x2d
v8b899c12
~ld


6.01
 0h00:03.005 2021/06/03T13:08:23z: DS3231
 0h00:03.020 2021/06/03T13:08:23z: BME280 (0x76)
 0h00:03.034 2021/06/03T13:08:23z: 10:52:1c:4d:af:f9
 0h00:03.036 2021/06/03T13:08:23z: SSID: Apollonia Students Halls
 0h00:03.041 2021/06/03T13:08:23z: AP_STAR tmr
 ets Jan  8 2013,rst cause:1, boot mode:(3,7)

load 0x4010f000, len 1384, room 16 
tail 8
chksum 0x2d
csum 0x2d
v8b899c12
~ld


6.01
 0h00:03.011 2021/06/03T13:28:20z: DS3231
 0h00:03.026 2021/06/03T13:28:20z: BME280 (0x76)
 0h00:03.040 2021/06/03T13:28:20z: 10:52:1c:4d:af:f9
 0h00:03.042 2021/06/03T13:28:20z: SSID: Apollonia Students Halls
 0h00:03.047 2021/06/03T13:28:20z: AP_STAR tmr
 ets Jan  8 2013,rst cause:1, boot mode:(3,7)

load 0x4010f000, len 1384, room 16 
tail 8
chksum 0x2d
csum 0x2d
v8b899c12
~ld


6.01
 0h00:03.008 2021/06/03T13:48:16z: DS3231
 0h00:03.024 2021/06/03T13:48:16z: BME280 (0x76)
 0h00:03.038 2021/06/03T13:48:16z: 10:52:1c:4d:af:f9
 0h00:03.040 2021/06/03T13:48:16z: SSID: Apollonia Students Halls
 0h00:03.045 2021/06/03T13:48:16z: AP_STAR tmr
 ets Jan  8 2013,rst cause:1, boot mode:(3,7)

load 0x4010f000, len 1384, room 16 
tail 8
chksum 0x2d
csum 0x2d
v8b899c12
~ld


6.01
 0h00:03.007 2021/06/03T14:08:12z: DS3231
 0h00:03.022 2021/06/03T14:08:12z: BME280 (0x76)
 0h00:03.036 2021/06/03T14:08:12z: 10:52:1c:4d:af:f9
 0h00:03.038 2021/06/03T14:08:12z: SSID: Apollonia Students Halls
 0h00:03.043 2021/06/03T14:08:12z: AP_STAR tmr
 ets Jan  8 2013,rst cause:1, boot mode:(3,7)

load 0x4010f000, len 1384, room 16 
tail 8
chksum 0x2d
csum 0x2d
v8b899c12
~ld


6.01
 0h00:03.006 2021/06/03T14:28:08z: DS3231
 0h00:03.022 2021/06/03T14:28:08z: BME280 (0x76)
 0h00:03.036 2021/06/03T14:28:08z: 10:52:1c:4d:af:f9
 0h00:03.038 2021/06/03T14:28:08z: SSID: Apollonia Students Halls
 0h00:03.043 2021/06/03T14:28:08z: AP_STAR tmr
 ets Jan  8 2013,rst cause:1, boot mode:(3,7)

load 0x4010f000, len 1384, room 16 
tail 8
chksum 0x2d
csum 0x2d
v8b899c12
~ld


6.01
 0h00:03.021 2021/06/03T14:48:04z: DS3231
 0h00:03.036 2021/06/03T14:48:04z: BME280 (0x76)
 0h00:03.051 2021/06/03T14:48:04z: 10:52:1c:4d:af:f9
 0h00:03.052 2021/06/03T14:48:04z: SSID: Apollonia Students Halls
 0h00:03.057 2021/06/03T14:48:04z: AP_STAR tmr
 ets Jan  8 2013,rst cause:1, boot mode:(3,7)

load 0x4010f000, len 1384, room 16 
tail 8
chksum 0x2d
csum 0x2d
v8b899c12
~ld


6.01
 0h00:03.023 2021/06/03T15:08:00z: DS3231
 0h00:03.039 2021/06/03T15:08:00z: BME280 (0x76)
 0h00:03.053 2021/06/03T15:08:01z: 10:52:1c:4d:af:f9
 0h00:03.054 2021/06/03T15:08:01z: SSID: Apollonia Students Halls
 0h00:03.060 2021/06/03T15:08:01z: AP_STAR tmr
 ets Jan  8 2013,rst cause:1, boot mode:(3,7)

load 0x4010f000, len 1384, room 16 
tail 8
chksum 0x2d
csum 0x2d
v8b899c12
~ld


6.01
 0h00:03.032 2021/06/03T15:27:56z: DS3231
 0h00:03.047 2021/06/03T15:27:56z: BME280 (0x76)
 0h00:03.061 2021/06/03T15:27:56z: 10:52:1c:4d:af:f9
 0h00:03.063 2021/06/03T15:27:56z: SSID: Apollonia Students Halls
 0h00:03.068 2021/06/03T15:27:56z: AP_STAR tmr
 ets Jan  8 2013,rst cause:1, boot mode:(3,7)

load 0x4010f000, len 1384, room 16 
tail 8
chksum 0x2d
csum 0x2d
v8b899c12
~ld


6.01
 0h00:03.010 2021/06/03T15:47:52z: DS3231
 0h00:03.025 2021/06/03T15:47:52z: BME280 (0x76)
 0h00:03.039 2021/06/03T15:47:52z: 10:52:1c:4d:af:f9
 0h00:03.041 2021/06/03T15:47:52z: SSID: Apollonia Students Halls
 0h00:03.046 2021/06/03T15:47:52z: AP_STAR tmr
 ets Jan  8 2013,rst cause:1, boot mode:(3,7)

load 0x4010f000, len 1384, room 16 
tail 8
chksum 0x2d
csum 0x2d
v8b899c12
~ld


6.01
 0h00:03.005 2021/06/03T16:07:49z: DS3231
 0h00:03.020 2021/06/03T16:07:49z: BME280 (0x76)
 0h00:03.035 2021/06/03T16:07:49z: 10:52:1c:4d:af:f9
 0h00:03.036 2021/06/03T16:07:49z: SSID: Apollonia Students Halls
 0h00:03.041 2021/06/03T16:07:49z: AP_STAR tmr
 ets Jan  8 2013,rst cause:1, boot mode:(3,7)

load 0x4010f000, len 1384, room 16 
tail 8
chksum 0x2d
csum 0x2d
v8b899c12
~ld


6.01
 0h00:03.003 2021/06/03T16:27:45z: DS3231
 0h00:03.019 2021/06/03T16:27:45z: BME280 (0x76)
 0h00:03.033 2021/06/03T16:27:45z: 10:52:1c:4d:af:f9
 0h00:03.034 2021/06/03T16:27:45z: SSID: Apollonia Students Halls
 0h00:03.040 2021/06/03T16:27:45z: AP_STAR tmr
 ets Jan  8 2013,rst cause:1, boot mode:(3,7)

load 0x4010f000, len 1384, room 16 
tail 8
chksum 0x2d
csum 0x2d
v8b899c12
~ld


6.01
 0h00:03.009 2021/06/03T16:47:41z: DS3231
 0h00:03.024 2021/06/03T16:47:41z: BME280 (0x76)
 0h00:03.038 2021/06/03T16:47:41z: 10:52:1c:4d:af:f9
 0h00:03.040 2021/06/03T16:47:41z: SSID: Apollonia Students Halls
 0h00:03.045 2021/06/03T16:47:41z: AP_STAR tmr
 ets Jan  8 2013,rst cause:1, boot mode:(3,7)

load 0x4010f000, len 1384, room 16 
tail 8
chksum 0x2d
csum 0x2d
v8b899c12
~ld


6.01
 0h00:03.009 2021/06/03T17:07:38z: DS3231
 0h00:03.025 2021/06/03T17:07:38z: BME280 (0x76)
 0h00:03.039 2021/06/03T17:07:38z: 10:52:1c:4d:af:f9
 0h00:03.040 2021/06/03T17:07:38z: SSID: Apollonia Students Halls
 0h00:03.046 2021/06/03T17:07:38z: AP_STAR tmr
 ets Jan  8 2013,rst cause:1, boot mode:(3,7)

load 0x4010f000, len 1384, room 16 
tail 8
chksum 0x2d
csum 0x2d
v8b899c12
~ld


6.01
 0h00:03.019 2021/06/03T17:27:34z: DS3231
 0h00:03.034 2021/06/03T17:27:34z: BME280 (0x76)
 0h00:03.048 2021/06/03T17:27:34z: 10:52:1c:4d:af:f9
 0h00:03.050 2021/06/03T17:27:34z: SSID: Apollonia Students Halls
 0h00:03.055 2021/06/03T17:27:34z: AP_STAR tmr
 ets Jan  8 2013,rst cause:1, boot mode:(3,7)

load 0x4010f000, len 1384, room 16 
tail 8
chksum 0x2d
csum 0x2d
v8b899c12
~ld


6.01
 0h00:03.016 2021/06/03T17:47:30z: DS3231
 0h00:03.031 2021/06/03T17:47:30z: BME280 (0x76)
 0h00:03.046 2021/06/03T17:47:30z: 10:52:1c:4d:af:f9
 0h00:03.047 2021/06/03T17:47:30z: SSID: Apollonia Students Halls
 0h00:03.052 2021/06/03T17:47:30z: AP_STAR tmr
 ets Jan  8 2013,rst cause:1, boot mode:(3,7)

load 0x4010f000, len 1384, room 16 
tail 8
chksum 0x2d
csum 0x2d
v8b899c12
~ld


6.01
 0h00:03.028 2021/06/03T18:07:26z: DS3231
 0h00:03.044 2021/06/03T18:07:26z: BME280 (0x76)
 0h00:03.058 2021/06/03T18:07:26z: 10:52:1c:4d:af:f9
 0h00:03.060 2021/06/03T18:07:26z: SSID: Apollonia Students Halls
 0h00:03.065 2021/06/03T18:07:26z: AP_STAR tmr
 ets Jan  8 2013,rst cause:1, boot mode:(3,7)

load 0x4010f000, len 1384, room 16 
tail 8
chksum 0x2d
csum 0x2d
v8b899c12
~ld


6.01
 0h00:03.005 2021/06/03T18:27:22z: DS3231
 0h00:03.021 2021/06/03T18:27:22z: BME280 (0x76)
 0h00:03.035 2021/06/03T18:27:22z: 10:52:1c:4d:af:f9
 0h00:03.037 2021/06/03T18:27:22z: SSID: Apollonia Students Halls
 0h00:03.042 2021/06/03T18:27:22z: AP_STAR tmr
 ets Jan  8 2013,rst cause:1, boot mode:(3,7)

load 0x4010f000, len 1384, room 16 
tail 8
chksum 0x2d
csum 0x2d
v8b899c12
~ld


6.01
 0h00:03.005 2021/06/03T18:47:18z: DS3231
 0h00:03.020 2021/06/03T18:47:18z: BME280 (0x76)
 0h00:03.034 2021/06/03T18:47:18z: 10:52:1c:4d:af:f9
 0h00:03.036 2021/06/03T18:47:18z: SSID: Apollonia Students Halls
 0h00:03.041 2021/06/03T18:47:18z: AP_STAR tmr
 ets Jan  8 2013,rst cause:1, boot mode:(3,7)

load 0x4010f000, len 1384, room 16 
tail 8
chksum 0x2d
csum 0x2d
v8b899c12
~ld


6.01
 0h00:03.007 2021/06/03T19:07:14z: DS3231
 0h00:03.023 2021/06/03T19:07:14z: BME280 (0x76)
 0h00:03.037 2021/06/03T19:07:14z: 10:52:1c:4d:af:f9
 0h00:03.038 2021/06/03T19:07:14z: SSID: Apollonia Students Halls
 0h00:03.044 2021/06/03T19:07:14z: AP_STAR tmr
 ets Jan  8 2013,rst cause:1, boot mode:(3,7)

load 0x4010f000, len 1384, room 16 
tail 8
chksum 0x2d
csum 0x2d
v8b899c12
~ld


6.01
 0h00:03.005 2021/06/03T19:27:10z: DS3231
 0h00:03.020 2021/06/03T19:27:10z: BME280 (0x76)
 0h00:03.034 2021/06/03T19:27:10z: 10:52:1c:4d:af:f9
 0h00:03.036 2021/06/03T19:27:10z: SSID: Apollonia Students Halls
 0h00:03.041 2021/06/03T19:27:10z: AP_STAR tmr
 ets Jan  8 2013,rst cause:1, boot mode:(3,7)

load 0x4010f000, len 1384, room 16 
tail 8
chksum 0x2d
csum 0x2d
v8b899c12
~ld


6.01
 0h00:03.005 2021/06/03T19:47:06z: DS3231
 0h00:03.020 2021/06/03T19:47:06z: BME280 (0x76)
 0h00:03.034 2021/06/03T19:47:06z: 10:52:1c:4d:af:f9
 0h00:03.036 2021/06/03T19:47:06z: SSID: Apollonia Students Halls
 0h00:03.041 2021/06/03T19:47:06z: AP_STAR tmr
 ets Jan  8 2013,rst cause:1, boot mode:(3,7)

load 0x4010f000, len 1384, room 16 
tail 8
chksum 0x2d
csum 0x2d
v8b899c12
~ld


6.01
 0h00:03.019 2021/06/03T20:07:02z: DS3231
 0h00:03.034 2021/06/03T20:07:02z: BME280 (0x76)
 0h00:03.048 2021/06/03T20:07:02z: 10:52:1c:4d:af:f9
 0h00:03.050 2021/06/03T20:07:02z: SSID: Apollonia Students Halls
 0h00:03.055 2021/06/03T20:07:02z: AP_STAR tmr
 ets Jan  8 2013,rst cause:1, boot mode:(3,7)

load 0x4010f000, len 1384, room 16 
tail 8
chksum 0x2d
csum 0x2d
v8b899c12
~ld


6.01
 0h00:03.018 2021/06/03T20:26:59z: DS3231
 0h00:03.033 2021/06/03T20:26:59z: BME280 (0x76)
 0h00:03.047 2021/06/03T20:26:59z: 10:52:1c:4d:af:f9
 0h00:03.049 2021/06/03T20:26:59z: SSID: Apollonia Students Halls
 0h00:03.054 2021/06/03T20:26:59z: AP_STAR tmr
 ets Jan  8 2013,rst cause:1, boot mode:(3,7)

load 0x4010f000, len 1384, room 16 
tail 8
chksum 0x2d
csum 0x2d
v8b899c12
~ld


6.01
 0h00:03.031 2021/06/03T20:46:55z: DS3231
 0h00:03.046 2021/06/03T20:46:55z: BME280 (0x76)
 0h00:03.060 2021/06/03T20:46:55z: 10:52:1c:4d:af:f9
 0h00:03.062 2021/06/03T20:46:55z: SSID: Apollonia Students Halls
 0h00:03.067 2021/06/03T20:46:55z: AP_STAR tmr
 ets Jan  8 2013,rst cause:1, boot mode:(3,7)

load 0x4010f000, len 1384, room 16 
tail 8
chksum 0x2d
csum 0x2d
v8b899c12
~ld


6.01
 0h00:03.008 2021/06/03T21:06:51z: DS3231
 0h00:03.024 2021/06/03T21:06:51z: BME280 (0x76)
 0h00:03.038 2021/06/03T21:06:51z: 10:52:1c:4d:af:f9
 0h00:03.039 2021/06/03T21:06:51z: SSID: Apollonia Students Halls
 0h00:03.045 2021/06/03T21:06:51z: AP_STAR tmr
 ets Jan  8 2013,rst cause:1, boot mode:(3,7)

load 0x4010f000, len 1384, room 16 
tail 8
chksum 0x2d
csum 0x2d
v8b899c12
~ld


6.01
 0h00:03.006 2021/06/03T21:26:47z: DS3231
 0h00:03.021 2021/06/03T21:26:47z: BME280 (0x76)
 0h00:03.035 2021/06/03T21:26:47z: 10:52:1c:4d:af:f9
 0h00:03.037 2021/06/03T21:26:47z: SSID: Apollonia Students Halls
 0h00:03.042 2021/06/03T21:26:47z: AP_STAR tmr
 ets Jan  8 2013,rst cause:1, boot mode:(3,7)

load 0x4010f000, len 1384, room 16 
tail 8
chksum 0x2d
csum 0x2d
v8b899c12
~ld


6.01
 0h00:03.006 2021/06/03T21:46:44z: DS3231
 0h00:03.021 2021/06/03T21:46:44z: BME280 (0x76)
 0h00:03.035 2021/06/03T21:46:44z: 10:52:1c:4d:af:f9
 0h00:03.037 2021/06/03T21:46:44z: SSID: Apollonia Students Halls
 0h00:03.042 2021/06/03T21:46:44z: AP_STAR tmr
 ets Jan  8 2013,rst cause:1, boot mode:(3,7)

load 0x4010f000, len 1384, room 16 
tail 8
chksum 0x2d
csum 0x2d
v8b899c12
~ld


6.01
 0h00:03.002 2021/06/03T22:06:40z: DS3231
 0h00:03.017 2021/06/03T22:06:40z: BME280 (0x76)
 0h00:03.031 2021/06/03T22:06:40z: 10:52:1c:4d:af:f9
 0h00:03.033 2021/06/03T22:06:40z: SSID: Apollonia Students Halls
 0h00:03.038 2021/06/03T22:06:40z: AP_STAR tmr
 ets Jan  8 2013,rst cause:1, boot mode:(3,7)

load 0x4010f000, len 1384, room 16 
tail 8
chksum 0x2d
csum 0x2d
v8b899c12
~ld


6.01
 0h00:03.006 2021/06/03T22:26:36z: DS3231
 0h00:03.021 2021/06/03T22:26:36z: BME280 (0x76)
 0h00:03.035 2021/06/03T22:26:36z: 10:52:1c:4d:af:f9
 0h00:03.037 2021/06/03T22:26:36z: SSID: Apollonia Students Halls
 0h00:03.042 2021/06/03T22:26:36z: AP_STAR tmr
 ets Jan  8 2013,rst cause:1, boot mode:(3,7)

load 0x4010f000, len 1384, room 16 
tail 8
chksum 0x2d
csum 0x2d
v8b899c12
~ld


6.01
 0h00:03.013 2021/06/03T22:46:32z: DS3231
 0h00:03.028 2021/06/03T22:46:32z: BME280 (0x76)
 0h00:03.043 2021/06/03T22:46:32z: 10:52:1c:4d:af:f9
 0h00:03.044 2021/06/03T22:46:32z: SSID: Apollonia Students Halls
 0h00:03.049 2021/06/03T22:46:32z: AP_STAR tmr
 ets Jan  8 2013,rst cause:1, boot mode:(3,7)

load 0x4010f000, len 1384, room 16 
tail 8
chksum 0x2d
csum 0x2d
v8b899c12
~ld


6.01
 0h00:03.022 2021/06/03T23:06:28z: DS3231
 0h00:03.038 2021/06/03T23:06:28z: BME280 (0x76)
 0h00:03.052 2021/06/03T23:06:28z: 10:52:1c:4d:af:f9
 0h00:03.054 2021/06/03T23:06:28z: SSID: Apollonia Students Halls
 0h00:03.059 2021/06/03T23:06:28z: AP_STAR tmr
 ets Jan  8 2013,rst cause:1, boot mode:(3,7)

load 0x4010f000, len 1384, room 16 
tail 8
chksum 0x2d
csum 0x2d
v8b899c12
~ld


6.01
 0h00:03.023 2021/06/03T23:26:23z: DS3231
 0h00:03.039 2021/06/03T23:26:23z: BME280 (0x76)
 0h00:03.053 2021/06/03T23:26:24z: 10:52:1c:4d:af:f9
 0h00:03.055 2021/06/03T23:26:24z: SSID: Apollonia Students Halls
 0h00:03.060 2021/06/03T23:26:24z: AP_STAR tmr
 ets Jan  8 2013,rst cause:1, boot mode:(3,7)

load 0x4010f000, len 1384, room 16 
tail 8
chksum 0x2d
csum 0x2d
v8b899c12
~ld


6.01
 0h00:02.998 2021/06/03T23:46:20z: DS3231
 0h00:03.013 2021/06/03T23:46:20z: BME280 (0x76)
 0h00:03.028 2021/06/03T23:46:20z: 10:52:1c:4d:af:f9
 0h00:03.029 2021/06/03T23:46:20z: SSID: Apollonia Students Halls
 0h00:03.034 2021/06/03T23:46:20z: AP_STA