R tmr
 ets Jan  8 2013,rst cause:1, boot mode:(3,7)

load 0x4010f000, len 1384, room 16 
tail 8
chksum 0x2d
csum 0x2d
v8b899c12
~ld


6.01
 0h00:03.057 2021/06/03T00:13:46z: DS3231
 0h00:03.072 2021/06/03T00:13:46z: BME280 (0x76)
 0h00:03.087 2021/06/03T00:13:46z: 10:52:1c:4d:86:b6
 0h00:03.088 2021/06/03T00:13:46z: SSID: Apollonia Students Halls
 0h00:03.093 2021/06/03T00:13:46z: AP_STAR tmr
 ets Jan  8 2013,rst cause:1, boot mode:(3,7)

load 0x4010f000, len 1384, room 16 
tail 8
chksum 0x2d
csum 0x2d
v8b899c12
~ld


6.01
 0h00:03.028 2021/06/03T00:33:43z: DS3231
 0h00:03.043 2021/06/03T00:33:43z: BME280 (0x76)
 0h00:03.057 2021/06/03T00:33:43z: 10:52:1c:4d:86:b6
 0h00:03.059 2021/06/03T00:33:43z: SSID: Apollonia Students Halls
 0h00:03.064 2021/06/03T00:33:43z: AP_STAR tmr
 ets Jan  8 2013,rst cause:1, boot mode:(3,7)

load 0x4010f000, len 1384, room 16 
tail 8
chksum 0x2d
csum 0x2d
v8b899c12
~ld


6.01
 0h00:03.029 2021/06/03T00:53:39z: DS3231
 0h00:03.044 2021/06/03T00:53:39z: BME280 (0x76)
 0h00:03.058 2021/06/03T00:53:39z: 10:52:1c:4d:86:b6
 0h00:03.060 2021/06/03T00:53:39z: SSID: Apollonia Students Halls
 0h00:03.065 2021/06/03T00:53:39z: AP_STAR tmr
 ets Jan  8 2013,rst cause:1, boot mode:(3,7)

load 0x4010f000, len 1384, room 16 
tail 8
chksum 0x2d
csum 0x2d
v8b899c12
~ld


6.01
 0h00:03.042 2021/06/03T01:13:35z: DS3231
 0h00:03.058 2021/06/03T01:13:35z: BME280 (0x76)
 0h00:03.072 2021/06/03T01:13:35z: 10:52:1c:4d:86:b6
 0h00:03.073 2021/06/03T01:13:35z: SSID: Apollonia Students Halls
 0h00:03.079 2021/06/03T01:13:35z: AP_STAR tmr
 ets Jan  8 2013,rst cause:1, boot mode:(3,7)

load 0x4010f000, len 1384, room 16 
tail 8
chksum 0x2d
csum 0x2d
v8b899c12
~ld


6.01
 0h00:03.027 2021/06/03T01:33:31z: DS3231
 0h00:03.042 2021/06/03T01:33:31z: BME280 (0x76)
 0h00:03.057 2021/06/03T01:33:31z: 10:52:1c:4d:86:b6
 0h00:03.058 2021/06/03T01:33:31z: SSID: Apollonia Students Halls
 0h00:03.063 2021/06/03T01:33:31z: AP_STAR tmr
 ets Jan  8 2013,rst cause:1, boot mode:(3,7)

load 0x4010f000, len 1384, room 16 
tail 8
chksum 0x2d
csum 0x2d
v8b899c12
~ld


6.01
 0h00:03.029 2021/06/03T01:53:28z: DS3231
 0h00:03.044 2021/06/03T01:53:28z: BME280 (0x76)
 0h00:03.058 2021/06/03T01:53:28z: 10:52:1c:4d:86:b6
 0h00:03.060 2021/06/03T01:53:28z: SSID: Apollonia Students Halls
 0h00:03.065 2021/06/03T01:53:28z: AP_STAR tmr
 ets Jan  8 2013,rst cause:1, boot mode:(3,7)

load 0x4010f000, len 1384, room 16 
tail 8
chksum 0x2d
csum 0x2d
v8b899c12
~ld


6.01
 0h00:03.040 2021/06/03T02:13:24z: DS3231
 0h00:03.055 2021/06/03T02:13:24z: BME280 (0x76)
 0h00:03.070 2021/06/03T02:13:24z: 10:52:1c:4d:86:b6
 0h00:03.071 2021/06/03T02:13:24z: SSID: Apollonia Students Halls
 0h00:03.076 2021/06/03T02:13:24z: AP_STAR tmr
 ets Jan  8 2013,rst cause:1, boot mode:(3,7)

load 0x4010f000, len 1384, room 16 
tail 8
chksum 0x2d
csum 0x2d
v8b899c12
~ld


6.01
 0h00:03.050 2021/06/03T02:33:20z: DS3231
 0h00:03.066 2021/06/03T02:33:20z: BME280 (0x76)
 0h00:03.080 2021/06/03T02:33:20z: 10:52:1c:4d:86:b6
 0h00:03.082 2021/06/03T02:33:20z: SSID: Apollonia Students Halls
 0h00:03.087 2021/06/03T02:33:20z: AP_STAR tmr
 ets Jan  8 2013,rst cause:1, boot mode:(3,7)

load 0x4010f000, len 1384, room 16 
tail 8
chksum 0x2d
csum 0x2d
v8b899c12
~ld


6.01
 0h00:03.054 2021/06/03T02:53:16z: DS3231
 0h00:03.070 2021/06/03T02:53:16z: BME280 (0x76)
 0h00:03.084 2021/06/03T02:53:16z: 10:52:1c:4d:86:b6
 0h00:03.086 2021/06/03T02:53:16z: SSID: Apollonia Students Halls
 0h00:03.091 2021/06/03T02:53:16z: AP_STAR tmr
 ets Jan  8 2013,rst cause:1, boot mode:(3,7)

load 0x4010f000, len 1384, room 16 
tail 8
chksum 0x2d
csum 0x2d
v8b899c12
~ld


6.01
 0h00:03.039 2021/06/03T03:13:12z: DS3231
 0h00:03.055 2021/06/03T03:13:12z: BME280 (0x76)
 0h00:03.069 2021/06/03T03:13:12z: 10:52:1c:4d:86:b6
 0h00:03.071 2021/06/03T03:13:12z: SSID: Apollonia Students Halls
 0h00:03.076 2021/06/03T03:13:12z: AP_STAR tmr
 ets Jan  8 2013,rst cause:1, boot mode:(3,7)

load 0x4010f000, len 1384, room 16 
tail 8
chksum 0x2d
csum 0x2d
v8b899c12
~ld


6.01
 0h00:03.033 2021/06/03T03:33:09z: DS3231
 0h00:03.048 2021/06/03T03:33:09z: BME280 (0x76)
 0h00:03.062 2021/06/03T03:33:09z: 10:52:1c:4d:86:b6
 0h00:03.064 2021/06/03T03:33:09z: SSID: Apollonia Students Halls
 0h00:03.069 2021/06/03T03:33:09z: AP_STAR tmr
 ets Jan  8 2013,rst cause:1, boot mode:(3,7)

load 0x4010f000, len 1384, room 16 
tail 8
chksum 0x2d
csum 0x2d
v8b899c12
~ld


6.01
 0h00:03.032 2021/06/03T03:53:06z: DS3231
 0h00:03.048 2021/06/03T03:53:06z: BME280 (0x76)
 0h00:03.062 2021/06/03T03:53:06z: 10:52:1c:4d:86:b6
 0h00:03.063 2021/06/03T03:53:06z: SSID: Apollonia Students Halls
 0h00:03.069 2021/06/03T03:53:06z: AP_STAR tmr
 ets Jan  8 2013,rst cause:1, boot mode:(3,7)

load 0x4010f000, len 1384, room 16 
tail 8
chksum 0x2d
csum 0x2d
v8b899c12
~ld


6.01
 0h00:03.040 2021/06/03T04:13:02z: DS3231
 0h00:03.055 2021/06/03T04:13:02z: BME280 (0x76)
 0h00:03.069 2021/06/03T04:13:02z: 10:52:1c:4d:86:b6
 0h00:03.071 2021/06/03T04:13:02z: SSID: Apollonia Students Halls
 0h00:03.076 2021/06/03T04:13:02z: AP_STAR tmr
 ets Jan  8 2013,rst cause:1, boot mode:(3,7)

load 0x4010f000, len 1384, room 16 
tail 8
chksum 0x2d
csum 0x2d
v8b899c12
~ld


6.01
 0h00:03.030 2021/06/03T04:32:58z: DS3231
 0h00:03.045 2021/06/03T04:32:58z: BME280 (0x76)
 0h00:03.060 2021/06/03T04:32:59z: 10:52:1c:4d:86:b6
 0h00:03.061 2021/06/03T04:32:59z: SSID: Apollonia Students Halls
 0h00:03.066 2021/06/03T04:32:59z: AP_STAR tmr
 ets Jan  8 2013,rst cause:1, boot mode:(3,7)

load 0x4010f000, len 1384, room 16 
tail 8
chksum 0x2d
csum 0x2d
v8b899c12
~ld


6.01
 0h00:03.055 2021/06/03T04:52:55z: DS3231
 0h00:03.070 2021/06/03T04:52:55z: BME280 (0x76)
 0h00:03.085 2021/06/03T04:52:55z: 10:52:1c:4d:86:b6
 0h00:03.086 2021/06/03T04:52:55z: SSID: Apollonia Students Halls
 0h00:03.091 2021/06/03T04:52:55z: AP_STAR tmr
 ets Jan  8 2013,rst cause:1, boot mode:(3,7)

load 0x4010f000, len 1384, room 16 
tail 8
chksum 0x2d
csum 0x2d
v8b899c12
~ld


6.01
 0h00:03.058 2021/06/03T05:12:51z: DS3231
 0h00:03.073 2021/06/03T05:12:51z: BME280 (0x76)
 0h00:03.087 2021/06/03T05:12:51z: 10:52:1c:4d:86:b6
 0h00:03.089 2021/06/03T05:12:51z: SSID: Apollonia Students Halls
 0h00:03.094 2021/06/03T05:12:51z: AP_STAR tmr
 ets Jan  8 2013,rst cause:1, boot mode:(3,7)

load 0x4010f000, len 1384, room 16 
tail 8
chksum 0x2d
csum 0x2d
v8b899c12
~ld


6.01
 0h00:03.071 2021/06/03T05:32:47z: DS3231
 0h00:03.086 2021/06/03T05:32:47z: BME280 (0x76)
 0h00:03.101 2021/06/03T05:32:47z: 10:52:1c:4d:86:b6
 0h00:03.102 2021/06/03T05:32:47z: SSID: Apollonia Students Halls
 0h00:03.107 2021/06/03T05:32:47z: AP_STAR tmr
 ets Jan  8 2013,rst cause:1, boot mode:(3,7)

load 0x4010f000, len 1384, room 16 
tail 8
chksum 0x2d
csum 0x2d
v8b899c12
~ld


6.01
 0h00:03.035 2021/06/03T05:52:43z: DS3231
 0h00:03.050 2021/06/03T05:52:43z: BME280 (0x76)
 0h00:03.065 2021/06/03T05:52:43z: 10:52:1c:4d:86:b6
 0h00:03.066 2021/06/03T05:52:43z: SSID: Apollonia Students Halls
 0h00:03.071 2021/06/03T05:52:43z: AP_STAR tmr
 ets Jan  8 2013,rst cause:1, boot mode:(3,7)

load 0x4010f000, len 1384, room 16 
tail 8
chksum 0x2d
csum 0x2d
v8b899c12
~ld


6.01
 0h00:03.048 2021/06/03T06:12:39z: DS3231
 0h00:03.063 2021/06/03T06:12:39z: BME280 (0x76)
 0h00:03.078 2021/06/03T06:12:39z: 10:52:1c:4d:86:b6
 0h00:03.079 2021/06/03T06:12:39z: SSID: Apollonia Students Halls
 0h00:03.084 2021/06/03T06:12:39z: AP_STAR tmr
 ets Jan  8 2013,rst cause:1, boot mode:(3,7)

load 0x4010f000, len 1384, room 16 
tail 8
chksum 0x2d
csum 0x2d
v8b899c12
~ld


6.01
 0h00:03.044 2021/06/03T06:32:36z: DS3231
 0h00:03.060 2021/06/03T06:32:36z: BME280 (0x76)
 0h00:03.074 2021/06/03T06:32:36z: 10:52:1c:4d:86:b6
 0h00:03.076 2021/06/03T06:32:36z: SSID: Apollonia Students Halls
 0h00:03.081 2021/06/03T06:32:36z: AP_STAR tmr
 ets Jan  8 2013,rst cause:1, boot mode:(3,7)

load 0x4010f000, len 1384, room 16 
tail 8
chksum 0x2d
csum 0x2d
v8b899c12
~ld


6.01
 0h00:03.033 2021/06/03T06:52:32z: DS3231
 0h00:03.048 2021/06/03T06:52:32z: BME280 (0x76)
 0h00:03.062 2021/06/03T06:52:32z: 10:52:1c:4d:86:b6
 0h00:03.064 2021/06/03T06:52:32z: SSID: Apollonia Students Halls
 0h00:03.069 2021/06/03T06:52:32z: AP_STAR tmr
 ets Jan  8 2013,rst cause:1, boot mode:(3,7)

load 0x4010f000, len 1384, room 16 
tail 8
chksum 0x2d
csum 0x2d
v8b899c12
~ld


6.01
 0h00:03.040 2021/06/03T07:12:28z: DS3231
 0h00:03.055 2021/06/03T07:12:28z: BME280 (0x76)
 0h00:03.069 2021/06/03T07:12:28z: 10:52:1c:4d:86:b6
 0h00:03.071 2021/06/03T07:12:28z: SSID: Apollonia Students Halls
 0h00:03.076 2021/06/03T07:12:28z: AP_STAR tmr
 ets Jan  8 2013,rst cause:1, boot mode:(3,7)

load 0x4010f000, len 1384, room 16 
tail 8
chksum 0x2d
csum 0x2d
v8b899c12
~ld


6.01
 0h00:03.034 2021/06/03T07:32:25z: DS3231
 0h00:03.049 2021/06/03T07:32:25z: BME280 (0x76)
 0h00:03.063 2021/06/03T07:32:25z: 10:52:1c:4d:86:b6
 0h00:03.065 2021/06/03T07:32:25z: SSID: Apollonia Students Halls
 0h00:03.070 2021/06/03T07:32:25z: AP_STAR tmr
 ets Jan  8 2013,rst cause:1, boot mode:(3,7)

load 0x4010f000, len 1384, room 16 
tail 8
chksum 0x2d
csum 0x2d
v8b899c12
~ld


6.01
 0h00:03.037 2021/06/03T07:52:21z: DS3231
 0h00:03.052 2021/06/03T07:52:21z: BME280 (0x76)
 0h00:03.066 2021/06/03T07:52:21z: 10:52:1c:4d:86:b6
 0h00:03.068 2021/06/03T07:52:21z: SSID: Apollonia Students Halls
 0h00:03.073 2021/06/03T07:52:21z: AP_STAR tmr
 ets Jan  8 2013,rst cause:1, boot mode:(3,7)

load 0x4010f000, len 1384, room 16 
tail 8
chksum 0x2d
csum 0x2d
v8b899c12
~ld


6.01
 0h00:03.054 2021/06/03T08:12:17z: DS3231
 0h00:03.069 2021/06/03T08:12:17z: BME280 (0x76)
 0h00:03.084 2021/06/03T08:12:17z: 10:52:1c:4d:86:b6
 0h00:03.086 2021/06/03T08:12:17z: SSID: Apollonia Students Halls
 0h00:03.091 2021/06/03T08:12:17z: AP_STAR tmr
 ets Jan  8 2013,rst cause:1, boot mode:(3,7)

load 0x4010f000, len 1384, room 16 
tail 8
chksum 0x2d
csum 0x2d
v8b899c12
~ld


6.01
 0h00:03.060 2021/06/03T08:32:14z: DS3231
 0h00:03.075 2021/06/03T08:32:14z: BME280 (0x76)
 0h00:03.089 2021/06/03T08:32:14z: 10:52:1c:4d:86:b6
 0h00:03.091 2021/06/03T08:32:14z: SSID: Apollonia Students Halls
 0h00:03.096 2021/06/03T08:32:14z: AP_STAR tmr
 ets Jan  8 2013,rst cause:1, boot mode:(3,7)

load 0x4010f000, len 1384, room 16 
tail 8
chksum 0x2d
csum 0x2d
v8b899c12
~ld


6.01
 0h00:03.065 2021/06/03T08:52:10z: DS3231
 0h00:03.080 2021/06/03T08:52:10z: BME280 (0x76)
 0h00:03.094 2021/06/03T08:52:10z: 10:52:1c:4d:86:b6
 0h00:03.096 2021/06/03T08:52:10z: SSID: Apollonia Students Halls
 0h00:03.101 2021/06/03T08:52:10z: AP_STAR tmr
 ets Jan  8 2013,rst cause:1, boot mode:(3,7)

load 0x4010f000, len 1384, room 16 
tail 8
chksum 0x2d
csum 0x2d
v8b899c12
~ld


6.01
 0h00:03.029 2021/06/03T09:12:06z: DS3231
 0h00:03.044 2021/06/03T09:12:07z: BME280 (0x76)
 0h00:03.058 2021/06/03T09:12:07z: 10:52:1c:4d:86:b6
 0h00:03.060 2021/06/03T09:12:07z: SSID: Apollonia Students Halls
 0h00:03.065 2021/06/03T09:12:07z: AP_STAR tmr
 ets Jan  8 2013,rst cause:1, boot mode:(3,7)

load 0x4010f000, len 1384, room 16 
tail 8
chksum 0x2d
csum 0x2d
v8b899c12
~ld


6.01
 0h00:03.037 2021/06/03T09:32:03z: DS3231
 0h00:03.053 2021/06/03T09:32:03z: BME280 (0x76)
 0h00:03.067 2021/06/03T09:32:03z: 10:52:1c:4d:86:b6
 0h00:03.068 2021/06/03T09:32:03z: SSID: Apollonia Students Halls
 0h00:03.074 2021/06/03T09:32:03z: AP_STAR tmr
 ets Jan  8 2013,rst cause:1, boot mode:(3,7)

load 0x4010f000, len 1384, room 16 
tail 8
chksum 0x2d
csum 0x2d
v8b899c12
~ld


6.01
 0h00:03.036 2021/06/03T09:51:59z: DS3231
 0h00:03.051 2021/06/03T09:51:59z: BME280 (0x76)
 0h00:03.065 2021/06/03T09:51:59z: 10:52:1c:4d:86:b6
 0h00:03.067 2021/06/03T09:51:59z: SSID: Apollonia Students Halls
 0h00:03.072 2021/06/03T09:51:59z: AP_STAR tmr
 ets Jan  8 2013,rst cause:1, boot mode:(3,7)

load 0x4010f000, len 1384, room 16 
tail 8
chksum 0x2d
csum 0x2d
v8b899c12
~ld


6.01
 0h00:03.031 2021/06/03T10:11:55z: DS3231
 0h00:03.046 2021/06/03T10:11:55z: BME280 (0x76)
 0h00:03.061 2021/06/03T10:11:55z: 10:52:1c:4d:86:b6
 0h00:03.062 2021/06/03T10:11:55z: SSID: Apollonia Students Halls
 0h00:03.067 2021/06/03T10:11:55z: AP_STAR tmr
 ets Jan  8 2013,rst cause:1, boot mode:(3,7)

load 0x4010f000, len 1384, room 16 
tail 8
chksum 0x2d
csum 0x2d
v8b899c12
~ld


6.01
 0h00:03.047 2021/06/03T11:36:43z: DS3231
 0h00:03.062 2021/06/03T11:36:43z: BME280 (0x76)
 0h00:03.076 2021/06/03T11:36:43z: 10:52:1c:4d:86:b6
 0h00:03.078 2021/06/03T11:36:43z: SSID: Apollonia Students Halls
 0h00:03.083 2021/06/03T11:36:43z: AP_STAR tmr
 ets Jan  8 2013,rst cause:1, boot mode:(3,7)

load 0x4010f000, len 1384, room 16 
tail 8
chksum 0x2d
csum 0x2d
v8b899c12
~ld


6.01
 0h00:03.039 2021/06/03T11:56:39z: DS3231
 0h00:03.054 2021/06/03T11:56:39z: BME280 (0x76)
 0h00:03.068 2021/06/03T11:56:39z: 10:52:1c:4d:86:b6
 0h00:03.070 2021/06/03T11:56:39z: SSID: Apollonia Students Halls
 0h00:03.075 2021/06/03T11:56:39z: AP_STAR tmr
 ets Jan  8 2013,rst cause:1, boot mode:(3,7)

load 0x4010f000, len 1384, room 16 
tail 8
chksum 0x2d
csum 0x2d
v8b899c12
~ld


6.01
 0h00:03.056 2021/06/03T12:16:36z: DS3231
 0h00:03.071 2021/06/03T12:16:36z: BME280 (0x76)
 0h00:03.086 2021/06/03T12:16:36z: 10:52:1c:4d:86:b6
 0h00:03.087 2021/06/03T12:16:36z: SSID: Apollonia Students Halls
 0h00:03.092 2021/06/03T12:16:36z: AP_STAR tmr
 ets Jan  8 2013,rst cause:1, boot mode:(3,7)

load 0x4010f000, len 1384, room 16 
tail 8
chksum 0x2d
csum 0x2d
v8b899c12
~ld


6.01
 0h00:03.051 2021/06/03T12:36:33z: DS3231
 0h00:03.067 2021/06/03T12:36:33z: BME280 (0x76)
 0h00:03.081 2021/06/03T12:36:33z: 10:52:1c:4d:86:b6
 0h00:03.083 2021/06/03T12:36:33z: SSID: Apollonia Students Halls
 0h00:03.088 2021/06/03T12:36:33z: AP_STAR tmr
 ets Jan  8 2013,rst cause:1, boot mode:(3,7)

load 0x4010f000, len 1384, room 16 
tail 8
chksum 0x2d
csum 0x2d
v8b899c12
~ld


6.01
 0h00:03.058 2021/06/03T12:56:29z: DS3231
 0h00:03.073 2021/06/03T12:56:29z: BME280 (0x76)
 0h00:03.087 2021/06/03T12:56:29z: 10:52:1c:4d:86:b6
 0h00:03.089 2021/06/03T12:56:29z: SSID: Apollonia Students Halls
 0h00:03.094 2021/06/03T12:56:29z: AP_STAR tmr
 ets Jan  8 2013,rst cause:1, boot mode:(3,7)

load 0x4010f000, len 1384, room 16 
tail 8
chksum 0x2d
csum 0x2d
v8b899c12
~ld


6.01
 0h00:03.039 2021/06/03T13:16:25z: DS3231
 0h00:03.055 2021/06/03T13:16:25z: BME280 (0x76)
 0h00:03.069 2021/06/03T13:16:25z: 10:52:1c:4d:86:b6
 0h00:03.070 2021/06/03T13:16:25z: SSID: Apollonia Students Halls
 0h00:03.076 2021/06/03T13:16:25z: AP_STAR tmr
 ets Jan  8 2013,rst cause:1, boot mode:(3,7)

load 0x4010f000, len 1384, room 16 
tail 8
chksum 0x2d
csum 0x2d
v8b899c12
~ld


6.01
 0h00:03.033 2021/06/03T13:36:21z: DS3231
 0h00:03.048 2021/06/03T13:36:21z: BME280 (0x76)
 0h00:03.063 2021/06/03T13:36:21z: 10:52:1c:4d:86:b6
 0h00:03.064 2021/06/03T13:36:21z: SSID: Apollonia Students Halls
 0h00:03.069 2021/06/03T13:36:21z: AP_STAR tmr
 ets Jan  8 2013,rst cause:1, boot mode:(3,7)

load 0x4010f000, len 1384, room 16 
tail 8
chksum 0x2d
csum 0x2d
v8b899c12
~ld


6.01
 0h00:03.035 2021/06/03T13:56:18z: DS3231
 0h00:03.050 2021/06/03T13:56:18z: BME280 (0x76)
 0h00:03.065 2021/06/03T13:56:18z: 10:52:1c:4d:86:b6
 0h00:03.066 2021/06/03T13:56:18z: SSID: Apollonia Students Halls
 0h00:03.071 2021/06/03T13:56:18z: AP_STAR tmr
 ets Jan  8 2013,rst cause:1, boot mode:(3,7)

load 0x4010f000, len 1384, room 16 
tail 8
chksum 0x2d
csum 0x2d
v8b899c12
~ld


6.01
 0h00:03.028 2021/06/03T14:16:14z: DS3231
 0h00:03.044 2021/06/03T14:16:14z: BME280 (0x76)
 0h00:03.058 2021/06/03T14:16:14z: 10:52:1c:4d:86:b6
 0h00:03.060 2021/06/03T14:16:14z: SSID: Apollonia Students Halls
 0h00:03.065 2021/06/03T14:16:14z: AP_STAR tmr
 ets Jan  8 2013,rst cause:1, boot mode:(3,7)

load 0x4010f000, len 1384, room 16 
tail 8
chksum 0x2d
csum 0x2d
v8b899c12
~ld


6.01
 0h00:03.037 2021/06/03T14:36:11z: DS3231
 0h00:03.052 2021/06/03T14:36:11z: BME280 (0x76)
 0h00:03.066 2021/06/03T14:36:11z: 10:52:1c:4d:86:b6
 0h00:03.068 2021/06/03T14:36:11z: SSID: Apollonia Students Halls
 0h00:03.073 2021/06/03T14:36:11z: AP_STAR tmr
 ets Jan  8 2013,rst cause:1, boot mode:(3,7)

load 0x4010f000, len 1384, room 16 
tail 8
chksum 0x2d
csum 0x2d
v8b899c12
~ld


6.01
 0h00:03.037 2021/06/03T14:56:07z: DS3231
 0h00:03.052 2021/06/03T14:56:07z: BME280 (0x76)
 0h00:03.067 2021/06/03T14:56:07z: 10:52:1c:4d:86:b6
 0h00:03.068 2021/06/03T14:56:07z: SSID: Apollonia Students Halls
 0h00:03.073 2021/06/03T14:56:07z: AP_STAR tmr
 ets Jan  8 2013,rst cause:1, boot mode:(3,7)

load 0x4010f000, len 1384, room 16 
tail 8
chksum 0x2d
csum 0x2d
v8b899c12
~ld


6.01
 0h00:03.047 2021/06/03T15:16:04z: DS3231
 0h00:03.062 2021/06/03T15:16:04z: BME280 (0x76)
 0h00:03.076 2021/06/03T15:16:04z: 10:52:1c:4d:86:b6
 0h00:03.078 2021/06/03T15:16:04z: SSID: Apollonia Students Halls
 0h00:03.083 2021/06/03T15:16:04z: AP_STAR tmr
 ets Jan  8 2013,rst cause:1, boot mode:(3,7)

load 0x4010f000, len 1384, room 16 
tail 8
chksum 0x2d
csum 0x2d
v8b899c12
~ld


6.01
 0h00:03.063 2021/06/03T15:36:00z: DS3231
 0h00:03.078 2021/06/03T15:36:00z: BME280 (0x76)
 0h00:03.092 2021/06/03T15:36:00z: 10:52:1c:4d:86:b6
 0h00:03.094 2021/06/03T15:36:00z: SSID: Apollonia Students Halls
 0h00:03.099 2021/06/03T15:36:00z: AP_STAR tmr
 ets Jan  8 2013,rst cause:1, boot mode:(3,7)

load 0x4010f000, len 1384, room 16 
tail 8
chksum 0x2d
csum 0x2d
v8b899c12
~ld


6.01
 0h00:03.032 2021/06/03T15:55:56z: DS3231
 0h00:03.047 2021/06/03T15:55:56z: BME280 (0x76)
 0h00:03.061 2021/06/03T15:55:56z: 10:52:1c:4d:86:b6
 0h00:03.063 2021/06/03T15:55:56z: SSID: Apollonia Students Halls
 0h00:03.068 2021/06/03T15:55:56z: AP_STAR tmr
 ets Jan  8 2013,rst cause:1, boot mode:(3,7)

load 0x4010f000, len 1384, room 16 
tail 8
chksum 0x2d
csum 0x2d
v8b899c12
~ld


6.01
 0h00:03.035 2021/06/03T16:15:53z: DS3231
 0h00:03.050 2021/06/03T16:15:53z: BME280 (0x76)
 0h00:03.064 2021/06/03T16:15:53z: 10:52:1c:4d:86:b6
 0h00:03.066 2021/06/03T16:15:53z: SSID: Apollonia Students Halls
 0h00:03.071 2021/06/03T16:15:53z: AP_STAR tmr
 ets Jan  8 2013,rst cause:1, boot mode:(3,7)

load 0x4010f000, len 1384, room 16 
tail 8
chksum 0x2d
csum 0x2d
v8b899c12
~ld


6.01
 0h00:03.039 2021/06/03T16:35:49z: DS3231
 0h00:03.054 2021/06/03T16:35:49z: BME280 (0x76)
 0h00:03.068 2021/06/03T16:35:49z: 10:52:1c:4d:86:b6
 0h00:03.070 2021/06/03T16:35:49z: SSID: Apollonia Students Halls
 0h00:03.075 2021/06/03T16:35:49z: AP_STAR tmr
 ets Jan  8 2013,rst cause:1, boot mode:(3,7)

load 0x4010f000, len 1384, room 16 
tail 8
chksum 0x2d
csum 0x2d
v8b899c12
~ld


6.01
 0h00:03.036 2021/06/03T16:55:46z: DS3231
 0h00:03.051 2021/06/03T16:55:46z: BME280 (0x76)
 0h00:03.065 2021/06/03T16:55:46z: 10:52:1c:4d:86:b6
 0h00:03.067 2021/06/03T16:55:46z: SSID: Apollonia Students Halls
 0h00:03.072 2021/06/03T16:55:46z: AP_STAR tmr
 ets Jan  8 2013,rst cause:1, boot mode:(3,7)

load 0x4010f000, len 1384, room 16 
tail 8
chksum 0x2d
csum 0x2d
v8b899c12
~ld


6.01
 0h00:03.034 2021/06/03T17:15:42z: DS3231
 0h00:03.050 2021/06/03T17:15:42z: BME280 (0x76)
 0h00:03.064 2021/06/03T17:15:42z: 10:52:1c:4d:86:b6
 0h00:03.066 2021/06/03T17:15:42z: SSID: Apollonia Students Halls
 0h00:03.071 2021/06/03T17:15:42z: AP_STAR tmr
 ets Jan  8 2013,rst cause:1, boot mode:(3,7)

load 0x4010f000, len 1384, room 16 
tail 8
chksum 0x2d
csum 0x2d
v8b899c12
~ld


6.01
 0h00:03.053 2021/06/03T17:35:38z: DS3231
 0h00:03.068 2021/06/03T17:35:38z: BME280 (0x76)
 0h00:03.082 2021/06/03T17:35:38z: 10:52:1c:4d:86:b6
 0h00:03.084 2021/06/03T17:35:38z: SSID: Apollonia Students Halls
 0h00:03.089 2021/06/03T17:35:38z: AP_STAR tmr
 ets Jan  8 2013,rst cause:1, boot mode:(3,7)

load 0x4010f000, len 1384, room 16 
tail 8
chksum 0x2d
csum 0x2d
v8b899c12
~ld


6.01
 0h00:03.059 2021/06/03T17:55:34z: DS3231
 0h00:03.074 2021/06/03T17:55:34z: BME280 (0x76)
 0h00:03.089 2021/06/03T17:55:34z: 10:52:1c:4d:86:b6
 0h00:03.091 2021/06/03T17:55:34z: SSID: Apollonia Students Halls
 0h00:03.096 2021/06/03T17:55:34z: AP_STAR tmr
 ets Jan  8 2013,rst cause:1, boot mode:(3,7)

load 0x4010f000, len 1384, room 16 
tail 8
chksum 0x2d
csum 0x2d
v8b899c12
~ld


6.01
 0h00:03.062 2021/06/03T18:15:31z: DS3231
 0h00:03.077 2021/06/03T18:15:31z: BME280 (0x76)
 0h00:03.092 2021/06/03T18:15:31z: 10:52:1c:4d:86:b6
 0h00:03.093 2021/06/03T18:15:31z: SSID: Apollonia Students Halls
 0h00:03.098 2021/06/03T18:15:31z: AP_STAR tmr
 ets Jan  8 2013,rst cause:1, boot mode:(3,7)

load 0x4010f000, len 1384, room 16 
tail 8
chksum 0x2d
csum 0x2d
v8b899c12
~ld


6.01
 0h00:03.038 2021/06/03T18:35:27z: DS3231
 0h00:03.053 2021/06/03T18:35:27z: BME280 (0x76)
 0h00:03.068 2021/06/03T18:35:27z: 10:52:1c:4d:86:b6
 0h00:03.069 2021/06/03T18:35:27z: SSID: Apollonia Students Halls
 0h00:03.074 2021/06/03T18:35:27z: AP_STAR tmr
 ets Jan  8 2013,rst cause:1, boot mode:(3,7)

load 0x4010f000, len 1384, room 16 
tail 8
chksum 0x2d
csum 0x2d
v8b899c12
~ld


6.01
 0h00:03.041 2021/06/03T18:55:24z: DS3231
 0h00:03.056 2021/06/03T18:55:24z: BME280 (0x76)
 0h00:03.070 2021/06/03T18:55:24z: 10:52:1c:4d:86:b6
 0h00:03.072 2021/06/03T18:55:24z: SSID: Apollonia Students Halls
 0h00:03.077 2021/06/03T18:55:24z: AP_STAR tmr
 ets Jan  8 2013,rst cause:1, boot mode:(3,7)

load 0x4010f000, len 1384, room 16 
tail 8
chksum 0x2d
csum 0x2d
v8b899c12
~ld


6.01
 0h00:03.039 2021/06/03T19:15:21z: DS3231
 0h00:03.054 2021/06/03T19:15:21z: BME280 (0x76)
 0h00:03.068 2021/06/03T19:15:21z: 10:52:1c:4d:86:b6
 0h00:03.070 2021/06/03T19:15:21z: SSID: Apollonia Students Halls
 0h00:03.075 2021/06/03T19:15:21z: AP_STAR tmr
 ets Jan  8 2013,rst cause:1, boot mode:(3,7)

load 0x4010f000, len 1384, room 16 
tail 8
chksum 0x2d
csum 0x2d
v8b899c12
~ld


6.01
 0h00:03.044 2021/06/03T19:35:18z: DS3231
 0h00:03.059 2021/06/03T19:35:18z: BME280 (0x76)
 0h00:03.074 2021/06/03T19:35:18z: 10:52:1c:4d:86:b6
 0h00:03.075 2021/06/03T19:35:18z: SSID: Apollonia Students Halls
 0h00:03.080 2021/06/03T19:35:18z: AP_STAR tmr
 ets Jan  8 2013,rst cause:1, boot mode:(3,7)

load 0x4010f000, len 1384, room 16 
tail 8
chksum 0x2d
csum 0x2d
v8b899c12
~ld


6.01
 0h00:03.039 2021/06/03T19:55:14z: DS3231
 0h00:03.054 2021/06/03T19:55:14z: BME280 (0x76)
 0h00:03.069 2021/06/03T19:55:14z: 10:52:1c:4d:86:b6
 0h00:03.070 2021/06/03T19:55:14z: SSID: Apollonia Students Halls
 0h00:03.075 2021/06/03T19:55:14z: AP_STAR tmr
 ets Jan  8 2013,rst cause:1, boot mode:(3,7)

load 0x4010f000, len 1384, room 16 
tail 8
chksum 0x2d
csum 0x2d
v8b899c12
~ld


6.01
 0h00:03.046 2021/06/03T20:15:11z: DS3231
 0h00:03.061 2021/06/03T20:15:11z: BME280 (0x76)
 0h00:03.075 2021/06/03T20:15:11z: 10:52:1c:4d:86:b6
 0h00:03.077 2021/06/03T20:15:11z: SSID: Apollonia Students Halls
 0h00:03.082 2021/06/03T20:15:11z: AP_STAR tmr
 ets Jan  8 2013,rst cause:1, boot mode:(3,7)

load 0x4010f000, len 1384, room 16 
tail 8
chksum 0x2d
csum 0x2d
v8b899c12
~ld


6.01
 0h00:03.054 2021/06/03T20:35:08z: DS3231
 0h00:03.070 2021/06/03T20:35:08z: BME280 (0x76)
 0h00:03.084 2021/06/03T20:35:08z: 10:52:1c:4d:86:b6
 0h00:03.086 2021/06/03T20:35:08z: SSID: Apollonia Students Halls
 0h00:03.091 2021/06/03T20:35:08z: AP_STAR tmr
 ets Jan  8 2013,rst cause:1, boot mode:(3,7)

load 0x4010f000, len 1384, room 16 
tail 8
chksum 0x2d
csum 0x2d
v8b899c12
~ld


6.01
 0h00:03.064 2021/06/03T20:55:04z: DS3231
 0h00:03.079 2021/06/03T20:55:04z: BME280 (0x76)
 0h00:03.093 2021/06/03T20:55:04z: 10:52:1c:4d:86:b6
 0h00:03.095 2021/06/03T20:55:04z: SSID: Apollonia Students Halls
 0h00:03.100 2021/06/03T20:55:04z: AP_STAR tmr
 ets Jan  8 2013,rst cause:1, boot mode:(3,7)

load 0x4010f000, len 1384, room 16 
tail 8
chksum 0x2d
csum 0x2d
v8b899c12
~ld


6.01
 0h00:03.039 2021/06/03T21:15:00z: DS3231
 0h00:03.055 2021/06/03T21:15:00z: BME280 (0x76)
 0h00:03.069 2021/06/03T21:15:00z: 10:52:1c:4d:86:b6
 0h00:03.071 2021/06/03T21:15:00z: SSID: Apollonia Students Halls
 0h00:03.076 2021/06/03T21:15:00z: AP_STAR tmr
 ets Jan  8 2013,rst cause:1, boot mode:(3,7)

load 0x4010f000, len 1384, room 16 
tail 8
chksum 0x2d
csum 0x2d
v8b899c12
~ld


6.01
 0h00:03.035 2021/06/03T21:34:56z: DS3231
 0h00:03.050 2021/06/03T21:34:56z: BME280 (0x76)
 0h00:03.064 2021/06/03T21:34:56z: 10:52:1c:4d:86:b6
 0h00:03.066 2021/06/03T21:34:56z: SSID: Apollonia Students Halls
 0h00:03.071 2021/06/03T21:34:56z: AP_STAR tmr
 ets Jan  8 2013,rst cause:1, boot mode:(3,7)

load 0x4010f000, len 1384, room 16 
tail 8
chksum 0x2d
csum 0x2d
v8b899c12
~ld


6.01
 0h00:03.040 2021/06/03T21:54:53z: DS3231
 0h00:03.055 2021/06/03T21:54:53z: BME280 (0x76)
 0h00:03.070 2021/06/03T21:54:53z: 10:52:1c:4d:86:b6
 0h00:03.071 2021/06/03T21:54:53z: SSID: Apollonia Students Halls
 0h00:03.076 2021/06/03T21:54:53z: AP_STAR tmr
 ets Jan  8 2013,rst cause:1, boot mode:(3,7)

load 0x4010f000, len 1384, room 16 
tail 8
chksum 0x2d
csum 0x2d
v8b899c12
~ld


6.01
 0h00:03.033 2021/06/03T22:14:49z: DS3231
 0h00:03.048 2021/06/03T22:14:49z: BME280 (0x76)
 0h00:03.062 2021/06/03T22:14:49z: 10:52:1c:4d:86:b6
 0h00:03.064 2021/06/03T22:14:49z: SSID: Apollonia Students Halls
 0h00:03.069 2021/06/03T22:14:49z: AP_STAR tmr
 ets Jan  8 2013,rst cause:1, boot mode:(3,7)

load 0x4010f000, len 1384, room 16 
tail 8
chksum 0x2d
csum 0x2d
v8b899c12
~ld


6.01
 0h00:03.040 2021/06/03T22:34:45z: DS3231
 0h00:03.055 2021/06/03T22:34:45z: BME280 (0x76)
 0h00:03.069 2021/06/03T22:34:45z: 10:52:1c:4d:86:b6
 0h00:03.071 2021/06/03T22:34:45z: SSID: Apollonia Students Halls
 0h00:03.076 2021/06/03T22:34:45z: AP_STAR tmr
 ets Jan  8 2013,rst cause:1, boot mode:(3,7)

load 0x4010f000, len 1384, room 16 
tail 8
chksum 0x2d
csum 0x2d
v8b899c12
~ld


6.01
 0h00:03.052 2021/06/03T22:54:42z: DS3231
 0h00:03.067 2021/06/03T22:54:42z: BME280 (0x76)
 0h00:03.081 2021/06/03T22:54:42z: 10:52:1c:4d:86:b6
 0h00:03.083 2021/06/03T22:54:42z: SSID: Apollonia Students Halls
 0h00:03.088 2021/06/03T22:54:42z: AP_STAR tmr
 ets Jan  8 2013,rst cause:1, boot mode:(3,7)

load 0x4010f000, len 1384, room 16 
tail 8
chksum 0x2d
csum 0x2d
v8b899c12
~ld


6.01
 0h00:03.046 2021/06/03T23:14:38z: DS3231
 0h00:03.061 2021/06/03T23:14:38z: BME280 (0x76)
 0h00:03.075 2021/06/03T23:14:38z: 10:52:1c:4d:86:b6
 0h00:03.077 2021/06/03T23:14:38z: SSID: Apollonia Students Halls
 0h00:03.082 2021/06/03T23:14:38z: AP_STAR tmr
 ets Jan  8 2013,rst cause:1, boot mode:(3,7)

load 0x4010f000, len 1384, room 16 
tail 8
chksum 0x2d
csum 0x2d
v8b899c12
~ld


6.01
 0h00:03.056 2021/06/03T23:34:34z: DS3231
 0h00:03.072 2021/06/03T23:34:34z: BME280 (0x76)
 0h00:03.086 2021/06/03T23:34:34z: 10:52:1c:4d:86:b6
 0h00:03.087 2021/06/03T23:34:34z: SSID: Apollonia Students Halls
 0h00:03.093 2021/06/03T23:34:34z: AP_STAR tmr
 ets Jan  8 2013,rst cause:1, boot mode:(3,7)

load 0x4010f000, len 1384, room 16 
tail 8
chksum 0x2d
csum 0x2d
v8b899c12
~ld


6.01
 0h00:03.032 2021/06/03T23:54:30z: DS3231
 0h00:03.048 2021/06/03T23:54:30z: BME280 (0x76)
 0h00:03.062 2021/06/03T23:54:30z: 10:52:1c:4d:86:b6
 0h00:03.063 2021/06/03T23:54:30z: SSID: Apollonia Students Halls
 0h00:03.069 2021/06/03T23:54:30z: AP_STA