R tmr
 ets Jan  8 2013,rst cause:1, boot mode:(3,7)

load 0x4010f000, len 1384, room 16 
tail 8
chksum 0x2d
csum 0x2d
v8b899c12
~ld


6.01
 0h00:03.120 2021/06/02T11:28:18z: DS3231
 0h00:03.136 2021/06/02T11:28:18z: BME280 (0x76)
 0h00:03.150 2021/06/02T11:28:18z: 10:52:1c:42:2a:d
 0h00:03.152 2021/06/02T11:28:18z: SSID: Apollonia Students Halls
 0h00:03.157 2021/06/02T11:28:18z: AP_STAR tmr
 ets Jan  8 2013,rst cause:1, boot mode:(3,7)

load 0x4010f000, len 1384, room 16 
tail 8
chksum 0x2d
csum 0x2d
v8b899c12
~ld


6.01
 0h00:03.015 2021/06/02T11:48:14z: DS3231
 0h00:03.031 2021/06/02T11:48:14z: BME280 (0x76)
 0h00:03.045 2021/06/02T11:48:14z: 10:52:1c:42:2a:d
 0h00:03.047 2021/06/02T11:48:14z: SSID: Apollonia Students Halls
 0h00:03.052 2021/06/02T11:48:14z: AP_STAR tmr
 ets Jan  8 2013,rst cause:1, boot mode:(3,7)

load 0x4010f000, len 1384, room 16 
tail 8
chksum 0x2d
csum 0x2d
v8b899c12
~ld


6.01
 0h00:03.022 2021/06/02T12:08:10z: DS3231
 0h00:03.037 2021/06/02T12:08:10z: BME280 (0x76)
 0h00:03.051 2021/06/02T12:08:10z: 10:52:1c:42:2a:d
 0h00:03.053 2021/06/02T12:08:10z: SSID: Apollonia Students Halls
 0h00:03.058 2021/06/02T12:08:10z: AP_STAR tmr
 ets Jan  8 2013,rst cause:1, boot mode:(3,7)

load 0x4010f000, len 1384, room 16 
tail 8
chksum 0x2d
csum 0x2d
v8b899c12
~ld


6.01
 0h00:03.023 2021/06/02T12:28:07z: DS3231
 0h00:03.039 2021/06/02T12:28:07z: BME280 (0x76)
 0h00:03.053 2021/06/02T12:28:07z: 10:52:1c:42:2a:d
 0h00:03.054 2021/06/02T12:28:07z: SSID: Apollonia Students Halls
 0h00:03.060 2021/06/02T12:28:07z: AP_STAR tmr
 ets Jan  8 2013,rst cause:1, boot mode:(3,7)

load 0x4010f000, len 1384, room 16 
tail 8
chksum 0x2d
csum 0x2d
v8b899c12
~ld


6.01
 0h00:03.028 2021/06/02T12:48:03z: DS3231
 0h00:03.043 2021/06/02T12:48:03z: BME280 (0x76)
 0h00:03.058 2021/06/02T12:48:03z: 10:52:1c:42:2a:d
 0h00:03.059 2021/06/02T12:48:03z: SSID: Apollonia Students Halls
 0h00:03.064 2021/06/02T12:48:03z: AP_STAR tmr
 ets Jan  8 2013,rst cause:1, boot mode:(3,7)

load 0x4010f000, len 1384, room 16 
tail 8
chksum 0x2d
csum 0x2d
v8b899c12
~ld


6.01
 0h00:03.114 2021/06/02T13:07:59z: DS3231
 0h00:03.130 2021/06/02T13:07:59z: BME280 (0x76)
 0h00:03.144 2021/06/02T13:07:59z: 10:52:1c:42:2a:d
 0h00:03.146 2021/06/02T13:07:59z: SSID: Apollonia Students Halls
 0h00:03.151 2021/06/02T13:07:59z: AP_STAR tmr
 ets Jan  8 2013,rst cause:1, boot mode:(3,7)

load 0x4010f000, len 1384, room 16 
tail 8
chksum 0x2d
csum 0x2d
v8b899c12
~ld


6.01
 0h00:03.073 2021/06/02T13:27:56z: DS3231
 0h00:03.089 2021/06/02T13:27:56z: BME280 (0x76)
 0h00:03.103 2021/06/02T13:27:56z: 10:52:1c:42:2a:d
 0h00:03.105 2021/06/02T13:27:56z: SSID: Apollonia Students Halls
 0h00:03.110 2021/06/02T13:27:56z: AP_STAR tmr
 ets Jan  8 2013,rst cause:1, boot mode:(3,7)

load 0x4010f000, len 1384, room 16 
tail 8
chksum 0x2d
csum 0x2d
v8b899c12
~ld


6.01
 0h00:03.013 2021/06/02T13:47:51z: DS3231
 0h00:03.028 2021/06/02T13:47:51z: BME280 (0x76)
 0h00:03.042 2021/06/02T13:47:51z: 10:52:1c:42:2a:d
 0h00:03.044 2021/06/02T13:47:51z: SSID: Apollonia Students Halls
 0h00:03.049 2021/06/02T13:47:51z: AP_STAR tmr
 ets Jan  8 2013,rst cause:1, boot mode:(3,7)

load 0x4010f000, len 1384, room 16 
tail 8
chksum 0x2d
csum 0x2d
v8b899c12
~ld


6.01
 0h00:03.017 2021/06/02T14:07:47z: DS3231
 0h00:03.032 2021/06/02T14:07:47z: BME280 (0x76)
 0h00:03.046 2021/06/02T14:07:47z: 10:52:1c:42:2a:d
 0h00:03.048 2021/06/02T14:07:47z: SSID: Apollonia Students Halls
 0h00:03.053 2021/06/02T14:07:47z: AP_STAR tmr
 ets Jan  8 2013,rst cause:1, boot mode:(3,7)

load 0x4010f000, len 1384, room 16 
tail 8
chksum 0x2d
csum 0x2d
v8b899c12
~ld


6.01
 0h00:03.030 2021/06/02T14:27:44z: DS3231
 0h00:03.046 2021/06/02T14:27:44z: BME280 (0x76)
 0h00:03.060 2021/06/02T14:27:44z: 10:52:1c:42:2a:d
 0h00:03.062 2021/06/02T14:27:44z: SSID: Apollonia Students Halls
 0h00:03.067 2021/06/02T14:27:44z: AP_STAR tmr
 ets Jan  8 2013,rst cause:1, boot mode:(3,7)

load 0x4010f000, len 1384, room 16 
tail 8
chksum 0x2d
csum 0x2d
v8b899c12
~ld


6.01
 0h00:03.078 2021/06/02T14:47:40z: DS3231
 0h00:03.094 2021/06/02T14:47:40z: BME280 (0x76)
 0h00:03.108 2021/06/02T14:47:40z: 10:52:1c:42:2a:d
 0h00:03.109 2021/06/02T14:47:40z: SSID: Apollonia Students Halls
 0h00:03.115 2021/06/02T14:47:40z: AP_STAR tmr
 ets Jan  8 2013,rst cause:1, boot mode:(3,7)

load 0x4010f000, len 1384, room 16 
tail 8
chksum 0x2d
csum 0x2d
v8b899c12
~ld


6.01
 0h00:03.078 2021/06/02T15:07:35z: DS3231
 0h00:03.093 2021/06/02T15:07:35z: BME280 (0x76)
 0h00:03.107 2021/06/02T15:07:35z: 10:52:1c:42:2a:d
 0h00:03.109 2021/06/02T15:07:35z: SSID: Apollonia Students Halls
 0h00:03.114 2021/06/02T15:07:35z: AP_STAR tmr
 ets Jan  8 2013,rst cause:1, boot mode:(3,7)

load 0x4010f000, len 1384, room 16 
tail 8
chksum 0x2d
csum 0x2d
v8b899c12
~ld


6.01
 0h00:03.065 2021/06/02T15:27:31z: DS3231
 0h00:03.080 2021/06/02T15:27:31z: BME280 (0x76)
 0h00:03.094 2021/06/02T15:27:31z: 10:52:1c:42:2a:d
 0h00:03.096 2021/06/02T15:27:31z: SSID: Apollonia Students Halls
 0h00:03.101 2021/06/02T15:27:31z: AP_STAR tmr
 ets Jan  8 2013,rst cause:1, boot mode:(3,7)

load 0x4010f000, len 1384, room 16 
tail 8
chksum 0x2d
csum 0x2d
v8b899c12
~ld


6.01
 0h00:03.076 2021/06/02T15:47:26z: DS3231
 0h00:03.091 2021/06/02T15:47:26z: BME280 (0x76)
 0h00:03.105 2021/06/02T15:47:26z: 10:52:1c:42:2a:d
 0h00:03.107 2021/06/02T15:47:26z: SSID: Apollonia Students Halls
 0h00:03.112 2021/06/02T15:47:26z: AP_STAR tmr
 ets Jan  8 2013,rst cause:1, boot mode:(3,7)

load 0x4010f000, len 1384, room 16 
tail 8
chksum 0x2d
csum 0x2d
v8b899c12
~ld


6.01
 0h00:03.032 2021/06/02T16:07:22z: DS3231
 0h00:03.048 2021/06/02T16:07:22z: BME280 (0x76)
 0h00:03.062 2021/06/02T16:07:22z: 10:52:1c:42:2a:d
 0h00:03.064 2021/06/02T16:07:22z: SSID: Apollonia Students Halls
 0h00:03.069 2021/06/02T16:07:22z: AP_STAR tmr
 ets Jan  8 2013,rst cause:1, boot mode:(3,7)

load 0x4010f000, len 1384, room 16 
tail 8
chksum 0x2d
csum 0x2d
v8b899c12
~ld


6.01
 0h00:03.046 2021/06/02T16:27:18z: DS3231
 0h00:03.062 2021/06/02T16:27:18z: BME280 (0x76)
 0h00:03.076 2021/06/02T16:27:18z: 10:52:1c:42:2a:d
 0h00:03.078 2021/06/02T16:27:18z: SSID: Apollonia Students Halls
 0h00:03.083 2021/06/02T16:27:18z: AP_STAR tmr
 ets Jan  8 2013,rst cause:1, boot mode:(3,7)

load 0x4010f000, len 1384, room 16 
tail 8
chksum 0x2d
csum 0x2d
v8b899c12
~ld


6.01
 0h00:03.012 2021/06/02T16:47:14z: DS3231
 0h00:03.027 2021/06/02T16:47:14z: BME280 (0x76)
 0h00:03.041 2021/06/02T16:47:14z: 10:52:1c:42:2a:d
 0h00:03.043 2021/06/02T16:47:14z: SSID: Apollonia Students Halls
 0h00:03.048 2021/06/02T16:47:14z: AP_STAR tmr
 ets Jan  8 2013,rst cause:1, boot mode:(3,7)

load 0x4010f000, len 1384, room 16 
tail 8
chksum 0x2d
csum 0x2d
v8b899c12
~ld


6.01
 0h00:03.026 2021/06/02T17:07:09z: DS3231
 0h00:03.041 2021/06/02T17:07:09z: BME280 (0x76)
 0h00:03.055 2021/06/02T17:07:09z: 10:52:1c:42:2a:d
 0h00:03.057 2021/06/02T17:07:09z: SSID: Apollonia Students Halls
 0h00:03.062 2021/06/02T17:07:09z: AP_STAR tmr
 ets Jan  8 2013,rst cause:1, boot mode:(3,7)

load 0x4010f000, len 1384, room 16 
tail 8
chksum 0x2d
csum 0x2d
v8b899c12
~ld


6.01
 0h00:03.007 2021/06/02T17:27:06z: DS3231
 0h00:03.022 2021/06/02T17:27:06z: BME280 (0x76)
 0h00:03.036 2021/06/02T17:27:06z: 10:52:1c:42:2a:d
 0h00:03.038 2021/06/02T17:27:06z: SSID: Apollonia Students Halls
 0h00:03.043 2021/06/02T17:27:06z: AP_STAR tmr
 ets Jan  8 2013,rst cause:1, boot mode:(3,7)

load 0x4010f000, len 1384, room 16 
tail 8
chksum 0x2d
csum 0x2d
v8b899c12
~ld


6.01
 0h00:03.067 2021/06/02T17:47:02z: DS3231
 0h00:03.082 2021/06/02T17:47:02z: BME280 (0x76)
 0h00:03.096 2021/06/02T17:47:02z: 10:52:1c:42:2a:d
 0h00:03.098 2021/06/02T17:47:02z: SSID: Apollonia Students Halls
 0h00:03.103 2021/06/02T17:47:02z: AP_STAR tmr
 ets Jan  8 2013,rst cause:1, boot mode:(3,7)

load 0x4010f000, len 1384, room 16 
tail 8
chksum 0x2d
csum 0x2d
v8b899c12
~ld


6.01
 0h00:03.080 2021/06/02T18:06:58z: DS3231
 0h00:03.096 2021/06/02T18:06:58z: BME280 (0x76)
 0h00:03.110 2021/06/02T18:06:58z: 10:52:1c:42:2a:d
 0h00:03.112 2021/06/02T18:06:58z: SSID: Apollonia Students Halls
 0h00:03.117 2021/06/02T18:06:58z: AP_STAR tmr
 ets Jan  8 2013,rst cause:1, boot mode:(3,7)

load 0x4010f000, len 1384, room 16 
tail 8
chksum 0x2d
csum 0x2d
v8b899c12
~ld


6.01
 0h00:03.050 2021/06/02T18:26:54z: DS3231
 0h00:03.066 2021/06/02T18:26:54z: BME280 (0x76)
 0h00:03.080 2021/06/02T18:26:54z: 10:52:1c:42:2a:d
 0h00:03.082 2021/06/02T18:26:54z: SSID: Apollonia Students Halls
 0h00:03.087 2021/06/02T18:26:54z: AP_STAR tmr
 ets Jan  8 2013,rst cause:1, boot mode:(3,7)

load 0x4010f000, len 1384, room 16 
tail 8
chksum 0x2d
csum 0x2d
v8b899c12
~ld


6.01
 0h00:03.076 2021/06/02T18:46:50z: DS3231
 0h00:03.091 2021/06/02T18:46:50z: BME280 (0x76)
 0h00:03.105 2021/06/02T18:46:50z: 10:52:1c:42:2a:d
 0h00:03.107 2021/06/02T18:46:50z: SSID: Apollonia Students Halls
 0h00:03.112 2021/06/02T18:46:50z: AP_STAR tmr
 ets Jan  8 2013,rst cause:1, boot mode:(3,7)

load 0x4010f000, len 1384, room 16 
tail 8
chksum 0x2d
csum 0x2d
v8b899c12
~ld


6.01
 0h00:03.069 2021/06/02T19:06:46z: DS3231
 0h00:03.084 2021/06/02T19:06:46z: BME280 (0x76)
 0h00:03.098 2021/06/02T19:06:46z: 10:52:1c:42:2a:d
 0h00:03.100 2021/06/02T19:06:46z: SSID: Apollonia Students Halls
 0h00:03.105 2021/06/02T19:06:46z: AP_STAR tmr
 ets Jan  8 2013,rst cause:1, boot mode:(3,7)

load 0x4010f000, len 1384, room 16 
tail 8
chksum 0x2d
csum 0x2d
v8b899c12
~ld


6.01
 0h00:03.064 2021/06/02T19:26:42z: DS3231
 0h00:03.079 2021/06/02T19:26:42z: BME280 (0x76)
 0h00:03.093 2021/06/02T19:26:42z: 10:52:1c:42:2a:d
 0h00:03.095 2021/06/02T19:26:42z: SSID: Apollonia Students Halls
 0h00:03.100 2021/06/02T19:26:42z: AP_STAR tmr
 ets Jan  8 2013,rst cause:1, boot mode:(3,7)

load 0x4010f000, len 1384, room 16 
tail 8
chksum 0x2d
csum 0x2d
v8b899c12
~ld


6.01
 0h00:03.021 2021/06/02T19:46:39z: DS3231
 0h00:03.036 2021/06/02T19:46:39z: BME280 (0x76)
 0h00:03.050 2021/06/02T19:46:39z: 10:52:1c:42:2a:d
 0h00:03.052 2021/06/02T19:46:39z: SSID: Apollonia Students Halls
 0h00:03.057 2021/06/02T19:46:39z: AP_STAR tmr
 ets Jan  8 2013,rst cause:1, boot mode:(3,7)

load 0x4010f000, len 1384, room 16 
tail 8
chksum 0x2d
csum 0x2d
v8b899c12
~ld


6.01
 0h00:03.082 2021/06/02T20:06:35z: DS3231
 0h00:03.097 2021/06/02T20:06:35z: BME280 (0x76)
 0h00:03.111 2021/06/02T20:06:35z: 10:52:1c:42:2a:d
 0h00:03.113 2021/06/02T20:06:35z: SSID: Apollonia Students Halls
 0h00:03.118 2021/06/02T20:06:35z: AP_STAR tmr
 ets Jan  8 2013,rst cause:1, boot mode:(3,7)

load 0x4010f000, len 1384, room 16 
tail 8
chksum 0x2d
csum 0x2d
v8b899c12
~ld


6.01
 0h00:03.069 2021/06/02T20:26:31z: DS3231
 0h00:03.085 2021/06/02T20:26:31z: BME280 (0x76)
 0h00:03.099 2021/06/02T20:26:31z: 10:52:1c:42:2a:d
 0h00:03.100 2021/06/02T20:26:31z: SSID: Apollonia Students Halls
 0h00:03.106 2021/06/02T20:26:31z: AP_STAR tmr
 ets Jan  8 2013,rst cause:1, boot mode:(3,7)

load 0x4010f000, len 1384, room 16 
tail 8
chksum 0x2d
csum 0x2d
v8b899c12
~ld


6.01
 0h00:03.019 2021/06/02T20:46:27z: DS3231
 0h00:03.035 2021/06/02T20:46:27z: BME280 (0x76)
 0h00:03.049 2021/06/02T20:46:27z: 10:52:1c:42:2a:d
 0h00:03.050 2021/06/02T20:46:27z: SSID: Apollonia Students Halls
 0h00:03.056 2021/06/02T20:46:27z: AP_STAR tmr
 ets Jan  8 2013,rst cause:1, boot mode:(3,7)

load 0x4010f000, len 1384, room 16 
tail 8
chksum 0x2d
csum 0x2d
v8b899c12
~ld


6.01
 0h00:03.068 2021/06/02T21:06:23z: DS3231
 0h00:03.083 2021/06/02T21:06:23z: BME280 (0x76)
 0h00:03.097 2021/06/02T21:06:23z: 10:52:1c:42:2a:d
 0h00:03.099 2021/06/02T21:06:23z: SSID: Apollonia Students Halls
 0h00:03.104 2021/06/02T21:06:23z: AP_STAR tmr
 ets Jan  8 2013,rst cause:1, boot mode:(3,7)

load 0x4010f000, len 1384, room 16 
tail 8
chksum 0x2d
csum 0x2d
v8b899c12
~ld


6.01
 0h00:03.084 2021/06/02T21:26:19z: DS3231
 0h00:03.099 2021/06/02T21:26:19z: BME280 (0x76)
 0h00:03.113 2021/06/02T21:26:19z: 10:52:1c:42:2a:d
 0h00:03.115 2021/06/02T21:26:19z: SSID: Apollonia Students Halls
 0h00:03.120 2021/06/02T21:26:19z: AP_STAR tmr
 ets Jan  8 2013,rst cause:1, boot mode:(3,7)

load 0x4010f000, len 1384, room 16 
tail 8
chksum 0x2d
csum 0x2d
v8b899c12
~ld


6.01
 0h00:03.035 2021/06/02T21:46:15z: DS3231
 0h00:03.050 2021/06/02T21:46:15z: BME280 (0x76)
 0h00:03.064 2021/06/02T21:46:15z: 10:52:1c:42:2a:d
 0h00:03.066 2021/06/02T21:46:15z: SSID: Apollonia Students Halls
 0h00:03.071 2021/06/02T21:46:15z: AP_STAR tmr
 ets Jan  8 2013,rst cause:1, boot mode:(3,7)

load 0x4010f000, len 1384, room 16 
tail 8
chksum 0x2d
csum 0x2d
v8b899c12
~ld


6.01
 0h00:03.060 2021/06/02T22:06:10z: DS3231
 0h00:03.075 2021/06/02T22:06:10z: BME280 (0x76)
 0h00:03.089 2021/06/02T22:06:11z: 10:52:1c:42:2a:d
 0h00:03.091 2021/06/02T22:06:11z: SSID: Apollonia Students Halls
 0h00:03.096 2021/06/02T22:06:11z: AP_STAR tmr
 ets Jan  8 2013,rst cause:1, boot mode:(3,7)

load 0x4010f000, len 1384, room 16 
tail 8
chksum 0x2d
csum 0x2d
v8b899c12
~ld


6.01
 0h00:03.009 2021/06/02T22:26:06z: DS3231
 0h00:03.025 2021/06/02T22:26:06z: BME280 (0x76)
 0h00:03.039 2021/06/02T22:26:06z: 10:52:1c:42:2a:d
 0h00:03.040 2021/06/02T22:26:06z: SSID: Apollonia Students Halls
 0h00:03.046 2021/06/02T22:26:06z: AP_STAR tmr
 ets Jan  8 2013,rst cause:1, boot mode:(3,7)

load 0x4010f000, len 1384, room 16 
tail 8
chksum 0x2d
csum 0x2d
v8b899c12
~ld


6.01
 0h00:03.067 2021/06/02T22:46:02z: DS3231
 0h00:03.083 2021/06/02T22:46:02z: BME280 (0x76)
 0h00:03.097 2021/06/02T22:46:02z: 10:52:1c:42:2a:d
 0h00:03.098 2021/06/02T22:46:02z: SSID: Apollonia Students Halls
 0h00:03.104 2021/06/02T22:46:02z: AP_STAR tmr
 ets Jan  8 2013,rst cause:1, boot mode:(3,7)

load 0x4010f000, len 1384, room 16 
tail 8
chksum 0x2d
csum 0x2d
v8b899c12
~ld


6.01
 0h00:03.021 2021/06/02T23:05:58z: DS3231
 0h00:03.037 2021/06/02T23:05:58z: BME280 (0x76)
 0h00:03.051 2021/06/02T23:05:58z: 10:52:1c:42:2a:d
 0h00:03.053 2021/06/02T23:05:58z: SSID: Apollonia Students Halls
 0h00:03.058 2021/06/02T23:05:58z: AP_STAR tmr
 ets Jan  8 2013,rst cause:1, boot mode:(3,7)

load 0x4010f000, len 1384, room 16 
tail 8
chksum 0x2d
csum 0x2d
v8b899c12
~ld


6.01
 0h00:03.028 2021/06/02T23:25:55z: DS3231
 0h00:03.043 2021/06/02T23:25:55z: BME280 (0x76)
 0h00:03.057 2021/06/02T23:25:55z: 10:52:1c:42:2a:d
 0h00:03.059 2021/06/02T23:25:55z: SSID: Apollonia Students Halls
 0h00:03.064 2021/06/02T23:25:55z: AP_STAR tmr
 ets Jan  8 2013,rst cause:1, boot mode:(3,7)

load 0x4010f000, len 1384, room 16 
tail 8
chksum 0x2d
csum 0x2d
v8b899c12
~ld


6.01
 0h00:03.075 2021/06/02T23:45:51z: DS3231
 0h00:03.090 2021/06/02T23:45:51z: BME280 (0x76)
 0h00:03.104 2021/06/02T23:45:51z: 10:52:1c:42:2a:d
 0h00:03.106 2021/06/02T23:45:51z: SSID: Apollonia Students Halls
 0h00:03.111 2021/06/02T23:45:51z: AP_STA