R tmr
 ets Jan  8 2013,rst cause:1, boot mode:(3,7)

load 0x4010f000, len 1384, room 16 
tail 8
chksum 0x2d
csum 0x2d
v8b899c12
~ld


6.01
 0h00:03.047 2021/06/28T13:49:24z: DS3231
 0h00:03.062 2021/06/28T13:49:24z: BME280 (0x76)
 0h00:03.076 2021/06/28T13:49:24z: 50:2:91:db:e4:21
 0h00:03.078 2021/06/28T13:49:24z: SSID: Isogeio
 0h00:03.083 2021/06/28T13:49:24z: AP_STAR tmr
 ets Jan  8 2013,rst cause:1, boot mode:(3,7)

load 0x4010f000, len 1384, room 16 
tail 8
chksum 0x2d
csum 0x2d
v8b899c12
~ld


6.01
 0h00:03.047 2021/06/28T14:09:20z: DS3231
 0h00:03.062 2021/06/28T14:09:20z: BME280 (0x76)
 0h00:03.077 2021/06/28T14:09:20z: 50:2:91:db:e4:21
 0h00:03.078 2021/06/28T14:09:20z: SSID: Isogeio
 0h00:03.083 2021/06/28T14:09:20z: AP_STAR tmr
 ets Jan  8 2013,rst cause:1, boot mode:(3,7)

load 0x4010f000, len 1384, room 16 
tail 8
chksum 0x2d
csum 0x2d
v8b899c12
~ld


6.01
 0h00:03.058 2021/06/28T14:29:17z: DS3231
 0h00:03.073 2021/06/28T14:29:17z: BME280 (0x76)
 0h00:03.087 2021/06/28T14:29:17z: 50:2:91:db:e4:21
 0h00:03.089 2021/06/28T14:29:17z: SSID: Isogeio
 0h00:03.094 2021/06/28T14:29:17z: AP_STAR tmr
 ets Jan  8 2013,rst cause:1, boot mode:(3,7)

load 0x4010f000, len 1384, room 16 
tail 8
chksum 0x2d
csum 0x2d
v8b899c12
~ld


6.01
 0h00:03.062 2021/06/28T14:49:12z: DS3231
 0h00:03.077 2021/06/28T14:49:12z: BME280 (0x76)
 0h00:03.091 2021/06/28T14:49:12z: 50:2:91:db:e4:21
 0h00:03.093 2021/06/28T14:49:12z: SSID: Isogeio
 0h00:03.098 2021/06/28T14:49:12z: AP_STAR tmr
 ets Jan  8 2013,rst cause:1, boot mode:(3,7)

load 0x4010f000, len 1384, room 16 
tail 8
chksum 0x2d
csum 0x2d
v8b899c12
~ld


6.01
 0h00:03.038 2021/06/28T15:09:08z: DS3231
 0h00:03.053 2021/06/28T15:09:08z: BME280 (0x76)
 0h00:03.067 2021/06/28T15:09:08z: 50:2:91:db:e4:21
 0h00:03.069 2021/06/28T15:09:08z: SSID: Isogeio
 0h00:03.074 2021/06/28T15:09:08z: AP_STAR tmr
 ets Jan  8 2013,rst cause:1, boot mode:(3,7)

load 0x4010f000, len 1384, room 16 
tail 8
chksum 0x2d
csum 0x2d
v8b899c12
~ld


6.01
 0h00:03.036 2021/06/28T15:29:04z: DS3231
 0h00:03.052 2021/06/28T15:29:04z: BME280 (0x76)
 0h00:03.066 2021/06/28T15:29:04z: 50:2:91:db:e4:21
 0h00:03.067 2021/06/28T15:29:04z: SSID: Isogeio
 0h00:03.073 2021/06/28T15:29:04z: AP_STAR tmr
 ets Jan  8 2013,rst cause:1, boot mode:(3,7)

load 0x4010f000, len 1384, room 16 
tail 8
chksum 0x2d
csum 0x2d
v8b899c12
~ld


6.01
 0h00:03.032 2021/06/28T15:49:00z: DS3231
 0h00:03.048 2021/06/28T15:49:00z: BME280 (0x76)
 0h00:03.062 2021/06/28T15:49:00z: 50:2:91:db:e4:21
 0h00:03.063 2021/06/28T15:49:00z: SSID: Isogeio
 0h00:03.069 2021/06/28T15:49:00z: AP_STAR tmr
 ets Jan  8 2013,rst cause:1, boot mode:(3,7)

load 0x4010f000, len 1384, room 16 
tail 8
chksum 0x2d
csum 0x2d
v8b899c12
~ld


6.01
 0h00:03.040 2021/06/28T16:08:56z: DS3231
 0h00:03.056 2021/06/28T16:08:56z: BME280 (0x76)
 0h00:03.070 2021/06/28T16:08:56z: 50:2:91:db:e4:21
 0h00:03.071 2021/06/28T16:08:56z: SSID: Isogeio
 0h00:03.077 2021/06/28T16:08:56z: AP_STAR tmr
 ets Jan  8 2013,rst cause:1, boot mode:(3,7)

load 0x4010f000, len 1384, room 16 
tail 8
chksum 0x2d
csum 0x2d
v8b899c12
~ld


6.01
 0h00:03.037 2021/06/28T16:28:52z: DS3231
 0h00:03.053 2021/06/28T16:28:52z: BME280 (0x76)
 0h00:03.067 2021/06/28T16:28:52z: 50:2:91:db:e4:21
 0h00:03.068 2021/06/28T16:28:52z: SSID: Isogeio
 0h00:03.074 2021/06/28T16:28:52z: AP_STAR tmr
 ets Jan  8 2013,rst cause:1, boot mode:(3,7)

load 0x4010f000, len 1384, room 16 
tail 8
chksum 0x2d
csum 0x2d
v8b899c12
~ld


6.01
 0h00:03.053 2021/06/28T16:48:49z: DS3231
 0h00:03.068 2021/06/28T16:48:49z: BME280 (0x76)
 0h00:03.082 2021/06/28T16:48:49z: 50:2:91:db:e4:21
 0h00:03.084 2021/06/28T16:48:49z: SSID: Isogeio
 0h00:03.089 2021/06/28T16:48:49z: AP_STAR tmr
 ets Jan  8 2013,rst cause:1, boot mode:(3,7)

load 0x4010f000, len 1384, room 16 
tail 8
chksum 0x2d
csum 0x2d
v8b899c12
~ld


6.01
 0h00:03.056 2021/06/28T17:08:45z: DS3231
 0h00:03.072 2021/06/28T17:08:45z: BME280 (0x76)
 0h00:03.086 2021/06/28T17:08:45z: 50:2:91:db:e4:21
 0h00:03.088 2021/06/28T17:08:45z: SSID: Isogeio
 0h00:03.093 2021/06/28T17:08:45z: AP_STAR tmr
 ets Jan  8 2013,rst cause:1, boot mode:(3,7)

load 0x4010f000, len 1384, room 16 
tail 8
chksum 0x2d
csum 0x2d
v8b899c12
~ld


6.01
 0h00:03.060 2021/06/28T17:28:41z: DS3231
 0h00:03.075 2021/06/28T17:28:41z: BME280 (0x76)
 0h00:03.089 2021/06/28T17:28:41z: 50:2:91:db:e4:21
 0h00:03.091 2021/06/28T17:28:41z: SSID: Isogeio
 0h00:03.096 2021/06/28T17:28:41z: AP_STAR tmr
 ets Jan  8 2013,rst cause:1, boot mode:(3,7)

load 0x4010f000, len 1384, room 16 
tail 8
chksum 0x2d
csum 0x2d
v8b899c12
~ld


6.01
 0h00:03.039 2021/06/28T17:48:37z: DS3231
 0h00:03.054 2021/06/28T17:48:37z: BME280 (0x76)
 0h00:03.068 2021/06/28T17:48:37z: 50:2:91:db:e4:21
 0h00:03.070 2021/06/28T17:48:37z: SSID: Isogeio
 0h00:03.075 2021/06/28T17:48:37z: AP_STAR tmr
 ets Jan  8 2013,rst cause:1, boot mode:(3,7)

load 0x4010f000, len 1384, room 16 
tail 8
chksum 0x2d
csum 0x2d
v8b899c12
~ld


6.01
 0h00:03.044 2021/06/28T18:08:33z: DS3231
 0h00:03.059 2021/06/28T18:08:33z: BME280 (0x76)
 0h00:03.074 2021/06/28T18:08:33z: 50:2:91:db:e4:21
 0h00:03.075 2021/06/28T18:08:33z: SSID: Isogeio
 0h00:03.080 2021/06/28T18:08:33z: AP_STAR tmr
 ets Jan  8 2013,rst cause:1, boot mode:(3,7)

load 0x4010f000, len 1384, room 16 
tail 8
chksum 0x2d
csum 0x2d
v8b899c12
~ld


6.01
 0h00:03.039 2021/06/28T18:28:29z: DS3231
 0h00:03.054 2021/06/28T18:28:29z: BME280 (0x76)
 0h00:03.068 2021/06/28T18:28:29z: 50:2:91:db:e4:21
 0h00:03.070 2021/06/28T18:28:29z: SSID: Isogeio
 0h00:03.075 2021/06/28T18:28:29z: AP_STAR tmr
 ets Jan  8 2013,rst cause:1, boot mode:(3,7)

load 0x4010f000, len 1384, room 16 
tail 8
chksum 0x2d
csum 0x2d
v8b899c12
~ld


6.01
 0h00:03.042 2021/06/28T18:48:25z: DS3231
 0h00:03.057 2021/06/28T18:48:25z: BME280 (0x76)
 0h00:03.071 2021/06/28T18:48:25z: 50:2:91:db:e4:21
 0h00:03.073 2021/06/28T18:48:25z: SSID: Isogeio
 0h00:03.078 2021/06/28T18:48:25z: AP_STAR tmr
 ets Jan  8 2013,rst cause:1, boot mode:(3,7)

load 0x4010f000, len 1384, room 16 
tail 8
chksum 0x2d
csum 0x2d
v8b899c12
~ld


6.01
 0h00:03.110 2021/06/28T19:08:21z: DS3231
 0h00:03.125 2021/06/28T19:08:21z: BME280 (0x76)
 0h00:03.139 2021/06/28T19:08:21z: 50:2:91:db:e4:21
 0h00:03.141 2021/06/28T19:08:21z: SSID: Isogeio
 0h00:03.146 2021/06/28T19:08:21z: AP_STAR tmr
 ets Jan  8 2013,rst cause:1, boot mode:(3,7)

load 0x4010f000, len 1384, room 16 
tail 8
chksum 0x2d
csum 0x2d
v8b899c12
~ld


6.01
 0h00:03.057 2021/06/28T19:28:16z: DS3231
 0h00:03.072 2021/06/28T19:28:16z: BME280 (0x76)
 0h00:03.086 2021/06/28T19:28:16z: 50:2:91:db:e4:21
 0h00:03.088 2021/06/28T19:28:16z: SSID: Isogeio
 0h00:03.093 2021/06/28T19:28:16z: AP_STAR tmr
 ets Jan  8 2013,rst cause:1, boot mode:(3,7)

load 0x4010f000, len 1384, room 16 
tail 8
chksum 0x2d
csum 0x2d
v8b899c12
~ld


6.01
 0h00:03.067 2021/06/28T19:48:13z: DS3231
 0h00:03.082 2021/06/28T19:48:13z: BME280 (0x76)
 0h00:03.096 2021/06/28T19:48:13z: 50:2:91:db:e4:21
 0h00:03.098 2021/06/28T19:48:13z: SSID: Isogeio
 0h00:03.103 2021/06/28T19:48:13z: AP_STAR tmr
 ets Jan  8 2013,rst cause:1, boot mode:(3,7)

load 0x4010f000, len 1384, room 16 
tail 8
chksum 0x2d
csum 0x2d
v8b899c12
~ld


6.01
 0h00:03.046 2021/06/28T20:08:09z: DS3231
 0h00:03.061 2021/06/28T20:08:09z: BME280 (0x76)
 0h00:03.075 2021/06/28T20:08:09z: 50:2:91:db:e4:21
 0h00:03.077 2021/06/28T20:08:09z: SSID: Isogeio
 0h00:03.082 2021/06/28T20:08:09z: AP_STAR tmr
 ets Jan  8 2013,rst cause:1, boot mode:(3,7)

load 0x4010f000, len 1384, room 16 
tail 8
chksum 0x2d
csum 0x2d
v8b899c12
~ld


6.01
 0h00:03.038 2021/06/28T20:28:05z: DS3231
 0h00:03.053 2021/06/28T20:28:05z: BME280 (0x76)
 0h00:03.068 2021/06/28T20:28:05z: 50:2:91:db:e4:21
 0h00:03.069 2021/06/28T20:28:05z: SSID: Isogeio
 0h00:03.074 2021/06/28T20:28:05z: AP_STAR tmr
 ets Jan  8 2013,rst cause:1, boot mode:(3,7)

load 0x4010f000, len 1384, room 16 
tail 8
chksum 0x2d
csum 0x2d
v8b899c12
~ld


6.01
 0h00:03.042 2021/06/28T20:48:01z: DS3231
 0h00:03.057 2021/06/28T20:48:01z: BME280 (0x76)
 0h00:03.071 2021/06/28T20:48:01z: 50:2:91:db:e4:21
 0h00:03.073 2021/06/28T20:48:01z: SSID: Isogeio
 0h00:03.078 2021/06/28T20:48:01z: AP_STAR tmr
 ets Jan  8 2013,rst cause:1, boot mode:(3,7)

load 0x4010f000, len 1384, room 16 
tail 8
chksum 0x2d
csum 0x2d
v8b899c12
~ld


6.01
 0h00:03.040 2021/06/28T21:07:57z: DS3231
 0h00:03.055 2021/06/28T21:07:57z: BME280 (0x76)
 0h00:03.069 2021/06/28T21:07:57z: 50:2:91:db:e4:21
 0h00:03.071 2021/06/28T21:07:57z: SSID: Isogeio
 0h00:03.076 2021/06/28T21:07:57z: AP_STAR tmr
 ets Jan  8 2013,rst cause:1, boot mode:(3,7)

load 0x4010f000, len 1384, room 16 
tail 8
chksum 0x2d
csum 0x2d
v8b899c12
~ld


6.01
 0h00:03.047 2021/06/28T21:27:52z: DS3231
 0h00:03.062 2021/06/28T21:27:52z: BME280 (0x76)
 0h00:03.077 2021/06/28T21:27:52z: 50:2:91:db:e4:21
 0h00:03.078 2021/06/28T21:27:52z: SSID: Isogeio
 0h00:03.083 2021/06/28T21:27:52z: AP_STAR tmr
 ets Jan  8 2013,rst cause:1, boot mode:(3,7)

load 0x4010f000, len 1384, room 16 
tail 8
chksum 0x2d
csum 0x2d
v8b899c12
~ld


6.01
 0h00:03.053 2021/06/28T21:47:48z: DS3231
 0h00:03.068 2021/06/28T21:47:48z: BME280 (0x76)
 0h00:03.082 2021/06/28T21:47:48z: 50:2:91:db:e4:21
 0h00:03.084 2021/06/28T21:47:48z: SSID: Isogeio
 0h00:03.089 2021/06/28T21:47:48z: AP_STAR tmr
 ets Jan  8 2013,rst cause:1, boot mode:(3,7)

load 0x4010f000, len 1384, room 16 
tail 8
chksum 0x2d
csum 0x2d
v8b899c12
~ld


6.01
 0h00:03.062 2021/06/28T22:07:44z: DS3231
 0h00:03.077 2021/06/28T22:07:44z: BME280 (0x76)
 0h00:03.091 2021/06/28T22:07:44z: 50:2:91:db:e4:21
 0h00:03.093 2021/06/28T22:07:44z: SSID: Isogeio
 0h00:03.098 2021/06/28T22:07:44z: AP_STAR tmr
 ets Jan  8 2013,rst cause:1, boot mode:(3,7)

load 0x4010f000, len 1384, room 16 
tail 8
chksum 0x2d
csum 0x2d
v8b899c12
~ld


6.01
 0h00:03.060 2021/06/28T22:27:40z: DS3231
 0h00:03.076 2021/06/28T22:27:40z: BME280 (0x76)
 0h00:03.090 2021/06/28T22:27:40z: 50:2:91:db:e4:21
 0h00:03.091 2021/06/28T22:27:40z: SSID: Isogeio
 0h00:03.097 2021/06/28T22:27:40z: AP_STAR tmr
 ets Jan  8 2013,rst cause:1, boot mode:(3,7)

load 0x4010f000, len 1384, room 16 
tail 8
chksum 0x2d
csum 0x2d
v8b899c12
~ld


6.01
 0h00:03.041 2021/06/28T22:47:35z: DS3231
 0h00:03.056 2021/06/28T22:47:35z: BME280 (0x76)
 0h00:03.071 2021/06/28T22:47:35z: 50:2:91:db:e4:21
 0h00:03.072 2021/06/28T22:47:35z: SSID: Isogeio
 0h00:03.077 2021/06/28T22:47:35z: AP_STAR tmr
 ets Jan  8 2013,rst cause:1, boot mode:(3,7)

load 0x4010f000, len 1384, room 16 
tail 8
chksum 0x2d
csum 0x2d
v8b899c12
~ld


6.01
 0h00:03.042 2021/06/28T23:07:31z: DS3231
 0h00:03.057 2021/06/28T23:07:31z: BME280 (0x76)
 0h00:03.072 2021/06/28T23:07:31z: 50:2:91:db:e4:21
 0h00:03.073 2021/06/28T23:07:31z: SSID: Isogeio
 0h00:03.078 2021/06/28T23:07:31z: AP_STAR tmr
 ets Jan  8 2013,rst cause:1, boot mode:(3,7)

load 0x4010f000, len 1384, room 16 
tail 8
chksum 0x2d
csum 0x2d
v8b899c12
~ld


6.01
 0h00:03.046 2021/06/28T23:27:28z: DS3231
 0h00:03.061 2021/06/28T23:27:28z: BME280 (0x76)
 0h00:03.075 2021/06/28T23:27:28z: 50:2:91:db:e4:21
 0h00:03.077 2021/06/28T23:27:28z: SSID: Isogeio
 0h00:03.082 2021/06/28T23:27:28z: AP_STAR tmr
 ets Jan  8 2013,rst cause:1, boot mode:(3,7)

load 0x4010f000, len 1384, room 16 
tail 8
chksum 0x2d
csum 0x2d
v8b899c12
~ld


6.01
 0h00:03.102 2021/06/28T23:47:24z: DS3231
 0h00:03.117 2021/06/28T23:47:24z: BME280 (0x76)
 0h00:03.131 2021/06/28T23:47:24z: 50:2:91:db:e4:21
 0h00:03.133 2021/06/28T23:47:24z: SSID: Isogeio
 0h00:03.138 2021/06/28T23:47:24z: AP_STA