R tmr
 ets Jan  8 2013,rst cause:1, boot mode:(3,7)

load 0x4010f000, len 1384, room 16 
tail 8
chksum 0x2d
csum 0x2d
v8b899c12
~ld


6.01
 0h00:03.016 2021/06/08T00:03:56z: DS3231
 0h00:03.032 2021/06/08T00:03:56z: BME280 (0x76)
 0h00:03.046 2021/06/08T00:03:56z: 10:52:1c:41:b0:6b
 0h00:03.047 2021/06/08T00:03:56z: SSID: LIVADIA_KB
 0h00:03.053 2021/06/08T00:03:56z: AP_STAR tmr
 ets Jan  8 2013,rst cause:1, boot mode:(3,7)

load 0x4010f000, len 1384, room 16 
tail 8
chksum 0x2d
csum 0x2d
v8b899c12
~ld


6.01
 0h00:03.022 2021/06/08T00:23:52z: DS3231
 0h00:03.038 2021/06/08T00:23:52z: BME280 (0x76)
 0h00:03.052 2021/06/08T00:23:52z: 10:52:1c:41:b0:6b
 0h00:03.054 2021/06/08T00:23:52z: SSID: LIVADIA_KB
 0h00:03.059 2021/06/08T00:23:52z: AP_STAR tmr
 ets Jan  8 2013,rst cause:1, boot mode:(3,7)

load 0x4010f000, len 1384, room 16 
tail 8
chksum 0x2d
csum 0x2d
v8b899c12
~ld


6.01
 0h00:03.021 2021/06/08T00:43:48z: DS3231
 0h00:03.036 2021/06/08T00:43:48z: BME280 (0x76)
 0h00:03.050 2021/06/08T00:43:48z: 10:52:1c:41:b0:6b
 0h00:03.052 2021/06/08T00:43:48z: SSID: LIVADIA_KB
 0h00:03.057 2021/06/08T00:43:48z: AP_STAR tmr
 ets Jan  8 2013,rst cause:1, boot mode:(3,7)

load 0x4010f000, len 1384, room 16 
tail 8
chksum 0x2d
csum 0x2d
v8b899c12
~ld


6.01
 0h00:03.019 2021/06/08T01:03:45z: DS3231
 0h00:03.035 2021/06/08T01:03:45z: BME280 (0x76)
 0h00:03.049 2021/06/08T01:03:45z: 10:52:1c:41:b0:6b
 0h00:03.050 2021/06/08T01:03:45z: SSID: LIVADIA_KB
 0h00:03.056 2021/06/08T01:03:45z: AP_STAR tmr
 ets Jan  8 2013,rst cause:1, boot mode:(3,7)

load 0x4010f000, len 1384, room 16 
tail 8
chksum 0x2d
csum 0x2d
v8b899c12
~ld


6.01
 0h00:03.026 2021/06/08T01:23:40z: DS3231
 0h00:03.041 2021/06/08T01:23:40z: BME280 (0x76)
 0h00:03.055 2021/06/08T01:23:40z: 10:52:1c:41:b0:6b
 0h00:03.057 2021/06/08T01:23:40z: SSID: LIVADIA_KB
 0h00:03.062 2021/06/08T01:23:40z: AP_STAR tmr
 ets Jan  8 2013,rst cause:1, boot mode:(3,7)

load 0x4010f000, len 1384, room 16 
tail 8
chksum 0x2d
csum 0x2d
v8b899c12
~ld


6.01
 0h00:03.037 2021/06/08T01:43:36z: DS3231
 0h00:03.052 2021/06/08T01:43:36z: BME280 (0x76)
 0h00:03.066 2021/06/08T01:43:36z: 10:52:1c:41:b0:6b
 0h00:03.068 2021/06/08T01:43:36z: SSID: LIVADIA_KB
 0h00:03.073 2021/06/08T01:43:36z: AP_STAR tmr
 ets Jan  8 2013,rst cause:1, boot mode:(3,7)

load 0x4010f000, len 1384, room 16 
tail 8
chksum 0x2d
csum 0x2d
v8b899c12
~ld


6.01
 0h00:03.042 2021/06/08T02:03:32z: DS3231
 0h00:03.057 2021/06/08T02:03:32z: BME280 (0x76)
 0h00:03.071 2021/06/08T02:03:32z: 10:52:1c:41:b0:6b
 0h00:03.073 2021/06/08T02:03:32z: SSID: LIVADIA_KB
 0h00:03.078 2021/06/08T02:03:32z: AP_STAR tmr
 ets Jan  8 2013,rst cause:1, boot mode:(3,7)

load 0x4010f000, len 1384, room 16 
tail 8
chksum 0x2d
csum 0x2d
v8b899c12
~ld


6.01
 0h00:03.025 2021/06/08T02:23:28z: DS3231
 0h00:03.040 2021/06/08T02:23:28z: BME280 (0x76)
 0h00:03.055 2021/06/08T02:23:28z: 10:52:1c:41:b0:6b
 0h00:03.056 2021/06/08T02:23:28z: SSID: LIVADIA_KB
 0h00:03.061 2021/06/08T02:23:28z: AP_STAR tmr
 ets Jan  8 2013,rst cause:1, boot mode:(3,7)

load 0x4010f000, len 1384, room 16 
tail 8
chksum 0x2d
csum 0x2d
v8b899c12
~ld


6.01
 0h00:03.016 2021/06/08T02:43:24z: DS3231
 0h00:03.032 2021/06/08T02:43:24z: BME280 (0x76)
 0h00:03.046 2021/06/08T02:43:24z: 10:52:1c:41:b0:6b
 0h00:03.048 2021/06/08T02:43:24z: SSID: LIVADIA_KB
 0h00:03.053 2021/06/08T02:43:24z: AP_STAR tmr
 ets Jan  8 2013,rst cause:1, boot mode:(3,7)

load 0x4010f000, len 1384, room 16 
tail 8
chksum 0x2d
csum 0x2d
v8b899c12
~ld


6.01
 0h00:03.013 2021/06/08T03:03:21z: DS3231
 0h00:03.028 2021/06/08T03:03:21z: BME280 (0x76)
 0h00:03.043 2021/06/08T03:03:21z: 10:52:1c:41:b0:6b
 0h00:03.044 2021/06/08T03:03:21z: SSID: LIVADIA_KB
 0h00:03.049 2021/06/08T03:03:21z: AP_STAR tmr
 ets Jan  8 2013,rst cause:1, boot mode:(3,7)

load 0x4010f000, len 1384, room 16 
tail 8
chksum 0x2d
csum 0x2d
v8b899c12
~ld


6.01
 0h00:03.015 2021/06/08T03:23:17z: DS3231
 0h00:03.030 2021/06/08T03:23:17z: BME280 (0x76)
 0h00:03.045 2021/06/08T03:23:17z: 10:52:1c:41:b0:6b
 0h00:03.046 2021/06/08T03:23:17z: SSID: LIVADIA_KB
 0h00:03.051 2021/06/08T03:23:17z: AP_STAR tmr
 ets Jan  8 2013,rst cause:1, boot mode:(3,7)

load 0x4010f000, len 1384, room 16 
tail 8
chksum 0x2d
csum 0x2d
v8b899c12
~ld


6.01
 0h00:03.022 2021/06/08T03:43:13z: DS3231
 0h00:03.037 2021/06/08T03:43:13z: BME280 (0x76)
 0h00:03.051 2021/06/08T03:43:13z: 10:52:1c:41:b0:6b
 0h00:03.053 2021/06/08T03:43:13z: SSID: LIVADIA_KB
 0h00:03.058 2021/06/08T03:43:13z: AP_STAR tmr
 ets Jan  8 2013,rst cause:1, boot mode:(3,7)

load 0x4010f000, len 1384, room 16 
tail 8
chksum 0x2d
csum 0x2d
v8b899c12
~ld


6.01
 0h00:03.032 2021/06/08T04:03:10z: DS3231
 0h00:03.047 2021/06/08T04:03:10z: BME280 (0x76)
 0h00:03.061 2021/06/08T04:03:10z: 10:52:1c:41:b0:6b
 0h00:03.063 2021/06/08T04:03:10z: SSID: LIVADIA_KB
 0h00:03.068 2021/06/08T04:03:10z: AP_STAR tmr
 ets Jan  8 2013,rst cause:1, boot mode:(3,7)

load 0x4010f000, len 1384, room 16 
tail 8
chksum 0x2d
csum 0x2d
v8b899c12
~ld


6.01
 0h00:03.034 2021/06/08T04:23:06z: DS3231
 0h00:03.050 2021/06/08T04:23:06z: BME280 (0x76)
 0h00:03.064 2021/06/08T04:23:06z: 10:52:1c:41:b0:6b
 0h00:03.065 2021/06/08T04:23:06z: SSID: LIVADIA_KB
 0h00:03.071 2021/06/08T04:23:06z: AP_STAR tmr
 ets Jan  8 2013,rst cause:1, boot mode:(3,7)

load 0x4010f000, len 1384, room 16 
tail 8
chksum 0x2d
csum 0x2d
v8b899c12
~ld


6.01
 0h00:03.048 2021/06/08T04:43:01z: DS3231
 0h00:03.063 2021/06/08T04:43:01z: BME280 (0x76)
 0h00:03.077 2021/06/08T04:43:01z: 10:52:1c:41:b0:6b
 0h00:03.079 2021/06/08T04:43:01z: SSID: LIVADIA_KB
 0h00:03.084 2021/06/08T04:43:01z: AP_STAR tmr
 ets Jan  8 2013,rst cause:1, boot mode:(3,7)

load 0x4010f000, len 1384, room 16 
tail 8
chksum 0x2d
csum 0x2d
v8b899c12
~ld


6.01
 0h00:03.033 2021/06/08T05:02:57z: DS3231
 0h00:03.048 2021/06/08T05:02:57z: BME280 (0x76)
 0h00:03.062 2021/06/08T05:02:57z: 10:52:1c:41:b0:6b
 0h00:03.064 2021/06/08T05:02:57z: SSID: LIVADIA_KB
 0h00:03.069 2021/06/08T05:02:57z: AP_STAR tmr
 ets Jan  8 2013,rst cause:1, boot mode:(3,7)

load 0x4010f000, len 1384, room 16 
tail 8
chksum 0x2d
csum 0x2d
v8b899c12
~ld


6.01
 0h00:03.045 2021/06/08T05:22:54z: DS3231
 0h00:03.060 2021/06/08T05:22:54z: BME280 (0x76)
 0h00:03.075 2021/06/08T05:22:54z: 10:52:1c:41:b0:6b
 0h00:03.076 2021/06/08T05:22:54z: SSID: LIVADIA_KB
 0h00:03.081 2021/06/08T05:22:54z: AP_STAR tmr
 ets Jan  8 2013,rst cause:1, boot mode:(3,7)

load 0x4010f000, len 1384, room 16 
tail 8
chksum 0x2d
csum 0x2d
v8b899c12
~ld


6.01
 0h00:03.024 2021/06/08T05:42:50z: DS3231
 0h00:03.040 2021/06/08T05:42:50z: BME280 (0x76)
 0h00:03.054 2021/06/08T05:42:50z: 10:52:1c:41:b0:6b
 0h00:03.056 2021/06/08T05:42:50z: SSID: LIVADIA_KB
 0h00:03.061 2021/06/08T05:42:50z: AP_STAR tmr
 ets Jan  8 2013,rst cause:1, boot mode:(3,7)

load 0x4010f000, len 1384, room 16 
tail 8
chksum 0x2d
csum 0x2d
v8b899c12
~ld


6.01
 0h00:03.022 2021/06/08T06:02:46z: DS3231
 0h00:03.038 2021/06/08T06:02:46z: BME280 (0x76)
 0h00:03.052 2021/06/08T06:02:46z: 10:52:1c:41:b0:6b
 0h00:03.053 2021/06/08T06:02:46z: SSID: LIVADIA_KB
 0h00:03.059 2021/06/08T06:02:46z: AP_STAR tmr
 ets Jan  8 2013,rst cause:1, boot mode:(3,7)

load 0x4010f000, len 1384, room 16 
tail 8
chksum 0x2d
csum 0x2d
v8b899c12
~ld


6.01
 0h00:03.022 2021/06/08T06:22:42z: DS3231
 0h00:03.037 2021/06/08T06:22:42z: BME280 (0x76)
 0h00:03.051 2021/06/08T06:22:42z: 10:52:1c:41:b0:6b
 0h00:03.053 2021/06/08T06:22:42z: SSID: LIVADIA_KB
 0h00:03.058 2021/06/08T06:22:42z: AP_STAR tmr
 ets Jan  8 2013,rst cause:1, boot mode:(3,7)

load 0x4010f000, len 1384, room 16 
tail 8
chksum 0x2d
csum 0x2d
v8b899c12
~ld


6.01
 0h00:03.023 2021/06/08T06:42:38z: DS3231
 0h00:03.038 2021/06/08T06:42:38z: BME280 (0x76)
 0h00:03.053 2021/06/08T06:42:38z: 10:52:1c:41:b0:6b
 0h00:03.054 2021/06/08T06:42:38z: SSID: LIVADIA_KB
 0h00:03.059 2021/06/08T06:42:38z: AP_STAR tmr
 ets Jan  8 2013,rst cause:1, boot mode:(3,7)

load 0x4010f000, len 1384, room 16 
tail 8
chksum 0x2d
csum 0x2d
v8b899c12
~ld


6.01
 0h00:03.024 2021/06/08T07:02:34z: DS3231
 0h00:03.039 2021/06/08T07:02:34z: BME280 (0x76)
 0h00:03.053 2021/06/08T07:02:34z: 10:52:1c:41:b0:6b
 0h00:03.055 2021/06/08T07:02:34z: SSID: LIVADIA_KB
 0h00:03.060 2021/06/08T07:02:34z: AP_STAR tmr
 ets Jan  8 2013,rst cause:1, boot mode:(3,7)

load 0x4010f000, len 1384, room 16 
tail 8
chksum 0x2d
csum 0x2d
v8b899c12
~ld


6.01
 0h00:03.038 2021/06/08T07:22:31z: DS3231
 0h00:03.053 2021/06/08T07:22:31z: BME280 (0x76)
 0h00:03.067 2021/06/08T07:22:31z: 10:52:1c:41:b0:6b
 0h00:03.069 2021/06/08T07:22:31z: SSID: LIVADIA_KB
 0h00:03.074 2021/06/08T07:22:31z: AP_STAR tmr
 ets Jan  8 2013,rst cause:1, boot mode:(3,7)

load 0x4010f000, len 1384, room 16 
tail 8
chksum 0x2d
csum 0x2d
v8b899c12
~ld


6.01
 0h00:03.044 2021/06/08T07:42:27z: DS3231
 0h00:03.059 2021/06/08T07:42:27z: BME280 (0x76)
 0h00:03.073 2021/06/08T07:42:27z: 10:52:1c:41:b0:6b
 0h00:03.075 2021/06/08T07:42:27z: SSID: LIVADIA_KB
 0h00:03.080 2021/06/08T07:42:27z: AP_STAR tmr
 ets Jan  8 2013,rst cause:1, boot mode:(3,7)

load 0x4010f000, len 1384, room 16 
tail 8
chksum 0x2d
csum 0x2d
v8b899c12
~ld


6.01
 0h00:03.051 2021/06/08T08:02:23z: DS3231
 0h00:03.066 2021/06/08T08:02:23z: BME280 (0x76)
 0h00:03.080 2021/06/08T08:02:24z: 10:52:1c:41:b0:6b
 0h00:03.082 2021/06/08T08:02:24z: SSID: LIVADIA_KB
 0h00:03.087 2021/06/08T08:02:24z: AP_STAR tmr
 ets Jan  8 2013,rst cause:1, boot mode:(3,7)

load 0x4010f000, len 1384, room 16 
tail 8
chksum 0x2d
csum 0x2d
v8b899c12
~ld


6.01
 0h00:03.016 2021/06/08T08:22:19z: DS3231
 0h00:03.031 2021/06/08T08:22:19z: BME280 (0x76)
 0h00:03.045 2021/06/08T08:22:19z: 10:52:1c:41:b0:6b
 0h00:03.047 2021/06/08T08:22:19z: SSID: LIVADIA_KB
 0h00:03.052 2021/06/08T08:22:19z: AP_STAR tmr
 ets Jan  8 2013,rst cause:1, boot mode:(3,7)

load 0x4010f000, len 1384, room 16 
tail 8
chksum 0x2d
csum 0x2d
v8b899c12
~ld


6.01
 0h00:03.022 2021/06/08T08:42:15z: DS3231
 0h00:03.037 2021/06/08T08:42:15z: BME280 (0x76)
 0h00:03.052 2021/06/08T08:42:15z: 10:52:1c:41:b0:6b
 0h00:03.053 2021/06/08T08:42:15z: SSID: LIVADIA_KB
 0h00:03.058 2021/06/08T08:42:15z: AP_STAR tmr
 ets Jan  8 2013,rst cause:1, boot mode:(3,7)

load 0x4010f000, len 1384, room 16 
tail 8
chksum 0x2d
csum 0x2d
v8b899c12
~ld


6.01
 0h00:03.021 2021/06/08T09:02:11z: DS3231
 0h00:03.036 2021/06/08T09:02:11z: BME280 (0x76)
 0h00:03.050 2021/06/08T09:02:11z: 10:52:1c:41:b0:6b
 0h00:03.052 2021/06/08T09:02:11z: SSID: LIVADIA_KB
 0h00:03.057 2021/06/08T09:02:11z: AP_STAR tmr
 ets Jan  8 2013,rst cause:1, boot mode:(3,7)

load 0x4010f000, len 1384, room 16 
tail 8
chksum 0x2d
csum 0x2d
v8b899c12
~ld


6.01
 0h00:03.019 2021/06/08T09:22:08z: DS3231
 0h00:03.034 2021/06/08T09:22:08z: BME280 (0x76)
 0h00:03.048 2021/06/08T09:22:08z: 10:52:1c:41:b0:6b
 0h00:03.050 2021/06/08T09:22:08z: SSID: LIVADIA_KB
 0h00:03.055 2021/06/08T09:22:08z: AP_STAR tmr
 ets Jan  8 2013,rst cause:1, boot mode:(3,7)

load 0x4010f000, len 1384, room 16 
tail 8
chksum 0x2d
csum 0x2d
v8b899c12
~ld


6.01
 0h00:03.022 2021/06/08T09:42:04z: DS3231
 0h00:03.037 2021/06/08T09:42:04z: BME280 (0x76)
 0h00:03.051 2021/06/08T09:42:04z: 10:52:1c:41:b0:6b
 0h00:03.053 2021/06/08T09:42:04z: SSID: LIVADIA_KB
 0h00:03.058 2021/06/08T09:42:04z: AP_STAR tmr
 ets Jan  8 2013,rst cause:1, boot mode:(3,7)

load 0x4010f000, len 1384, room 16 
tail 8
chksum 0x2d
csum 0x2d
v8b899c12
~ld


6.01
 0h00:03.032 2021/06/08T10:02:00z: DS3231
 0h00:03.047 2021/06/08T10:02:00z: BME280 (0x76)
 0h00:03.061 2021/06/08T10:02:00z: 10:52:1c:41:b0:6b
 0h00:03.063 2021/06/08T10:02:00z: SSID: LIVADIA_KB
 0h00:03.068 2021/06/08T10:02:00z: AP_STAR tmr
 ets Jan  8 2013,rst cause:1, boot mode:(3,7)

load 0x4010f000, len 1384, room 16 
tail 8
chksum 0x2d
csum 0x2d
v8b899c12
~ld


6.01
 0h00:03.024 2021/06/08T10:21:56z: DS3231
 0h00:03.039 2021/06/08T10:21:56z: BME280 (0x76)
 0h00:03.054 2021/06/08T10:21:56z: 10:52:1c:41:b0:6b
 0h00:03.055 2021/06/08T10:21:56z: SSID: LIVADIA_KB
 0h00:03.060 2021/06/08T10:21:56z: AP_STA