R tmr
 ets Jan  8 2013,rst cause:1, boot mode:(3,6)

load 0x4010f000, len 1384, room 16 
tail 8
chksum 0x2d
csum 0x2d
v8b899c12
~ld


6.01
 0h00:03.067 2021/06/16T00:04:57z: DS3231
 0h00:03.082 2021/06/16T00:04:57z: BME280 (0x76)
 0h00:03.096 2021/06/16T00:04:57z: 50:2:91:e5:36:6e
 0h00:03.098 2021/06/16T00:04:57z: SSID: ARRIS-A013
 0h00:03.103 2021/06/16T00:04:57z: AP_STAR tmr
 ets Jan  8 2013,rst cause:1, boot mode:(3,6)

load 0x4010f000, len 1384, room 16 
tail 8
chksum 0x2d
csum 0x2d
v8b899c12
~ld


6.01
 0h00:03.067 2021/06/16T00:24:53z: DS3231
 0h00:03.082 2021/06/16T00:24:53z: BME280 (0x76)
 0h00:03.097 2021/06/16T00:24:53z: 50:2:91:e5:36:6e
 0h00:03.098 2021/06/16T00:24:53z: SSID: ARRIS-A013
 0h00:03.103 2021/06/16T00:24:53z: AP_STAR tmr
 ets Jan  8 2013,rst cause:1, boot mode:(3,6)

load 0x4010f000, len 1384, room 16 
tail 8
chksum 0x2d
csum 0x2d
v8b899c12
~ld


6.01
 0h00:03.064 2021/06/16T00:44:49z: DS3231
 0h00:03.080 2021/06/16T00:44:49z: BME280 (0x76)
 0h00:03.094 2021/06/16T00:44:49z: 50:2:91:e5:36:6e
 0h00:03.096 2021/06/16T00:44:49z: SSID: ARRIS-A013
 0h00:03.101 2021/06/16T00:44:49z: AP_STAR tmr
 ets Jan  8 2013,rst cause:1, boot mode:(3,6)

load 0x4010f000, len 1384, room 16 
tail 8
chksum 0x2d
csum 0x2d
v8b899c12
~ld


6.01
 0h00:03.072 2021/06/16T01:04:45z: DS3231
 0h00:03.087 2021/06/16T01:04:45z: BME280 (0x76)
 0h00:03.101 2021/06/16T01:04:45z: 50:2:91:e5:36:6e
 0h00:03.103 2021/06/16T01:04:45z: SSID: ARRIS-A013
 0h00:03.108 2021/06/16T01:04:45z: AP_STAR tmr
 ets Jan  8 2013,rst cause:1, boot mode:(3,6)

load 0x4010f000, len 1384, room 16 
tail 8
chksum 0x2d
csum 0x2d
v8b899c12
~ld


6.01
 0h00:03.078 2021/06/16T01:24:41z: DS3231
 0h00:03.093 2021/06/16T01:24:41z: BME280 (0x76)
 0h00:03.107 2021/06/16T01:24:41z: 50:2:91:e5:36:6e
 0h00:03.109 2021/06/16T01:24:41z: SSID: ARRIS-A013
 0h00:03.114 2021/06/16T01:24:41z: AP_STAR tmr
 ets Jan  8 2013,rst cause:1, boot mode:(3,6)

load 0x4010f000, len 1384, room 16 
tail 8
chksum 0x2d
csum 0x2d
v8b899c12
~ld


6.01
 0h00:03.081 2021/06/16T01:44:38z: DS3231
 0h00:03.096 2021/06/16T01:44:38z: BME280 (0x76)
 0h00:03.110 2021/06/16T01:44:38z: 50:2:91:e5:36:6e
 0h00:03.112 2021/06/16T01:44:38z: SSID: ARRIS-A013
 0h00:03.117 2021/06/16T01:44:38z: AP_STAR tmr
 ets Jan  8 2013,rst cause:1, boot mode:(3,6)

load 0x4010f000, len 1384, room 16 
tail 8
chksum 0x2d
csum 0x2d
v8b899c12
~ld


6.01
 0h00:03.090 2021/06/16T02:04:34z: DS3231
 0h00:03.106 2021/06/16T02:04:34z: BME280 (0x76)
 0h00:03.120 2021/06/16T02:04:34z: 50:2:91:e5:36:6e
 0h00:03.122 2021/06/16T02:04:34z: SSID: ARRIS-A013
 0h00:03.127 2021/06/16T02:04:34z: AP_STAR tmr
 ets Jan  8 2013,rst cause:1, boot mode:(3,6)

load 0x4010f000, len 1384, room 16 
tail 8
chksum 0x2d
csum 0x2d
v8b899c12
~ld


6.01
 0h00:03.063 2021/06/16T02:24:30z: DS3231
 0h00:03.079 2021/06/16T02:24:30z: BME280 (0x76)
 0h00:03.093 2021/06/16T02:24:30z: 50:2:91:e5:36:6e
 0h00:03.095 2021/06/16T02:24:30z: SSID: ARRIS-A013
 0h00:03.100 2021/06/16T02:24:30z: AP_STAR tmr
 ets Jan  8 2013,rst cause:1, boot mode:(3,6)

load 0x4010f000, len 1384, room 16 
tail 8
chksum 0x2d
csum 0x2d
v8b899c12
~ld


6.01
 0h00:03.070 2021/06/16T02:44:27z: DS3231
 0h00:03.085 2021/06/16T02:44:27z: BME280 (0x76)
 0h00:03.099 2021/06/16T02:44:27z: 50:2:91:e5:36:6e
 0h00:03.101 2021/06/16T02:44:27z: SSID: ARRIS-A013
 0h00:03.106 2021/06/16T02:44:27z: AP_STAR tmr
 ets Jan  8 2013,rst cause:1, boot mode:(3,6)

load 0x4010f000, len 1384, room 16 
tail 8
chksum 0x2d
csum 0x2d
v8b899c12
~ld


6.01
 0h00:03.061 2021/06/16T03:04:23z: DS3231
 0h00:03.077 2021/06/16T03:04:23z: BME280 (0x76)
 0h00:03.091 2021/06/16T03:04:23z: 50:2:91:e5:36:6e
 0h00:03.092 2021/06/16T03:04:23z: SSID: ARRIS-A013
 0h00:03.098 2021/06/16T03:04:23z: AP_STAR tmr
 ets Jan  8 2013,rst cause:1, boot mode:(3,6)

load 0x4010f000, len 1384, room 16 
tail 8
chksum 0x2d
csum 0x2d
v8b899c12
~ld


6.01
 0h00:03.071 2021/06/16T03:24:20z: DS3231
 0h00:03.086 2021/06/16T03:24:20z: BME280 (0x76)
 0h00:03.100 2021/06/16T03:24:20z: 50:2:91:e5:36:6e
 0h00:03.102 2021/06/16T03:24:20z: SSID: ARRIS-A013
 0h00:03.107 2021/06/16T03:24:20z: AP_STAR tmr
 ets Jan  8 2013,rst cause:1, boot mode:(3,6)

load 0x4010f000, len 1384, room 16 
tail 8
chksum 0x2d
csum 0x2d
v8b899c12
~ld


6.01
 0h00:03.070 2021/06/16T03:44:15z: DS3231
 0h00:03.085 2021/06/16T03:44:15z: BME280 (0x76)
 0h00:03.099 2021/06/16T03:44:15z: 50:2:91:e5:36:6e
 0h00:03.101 2021/06/16T03:44:15z: SSID: ARRIS-A013
 0h00:03.106 2021/06/16T03:44:15z: AP_STAR tmr
 ets Jan  8 2013,rst cause:1, boot mode:(3,6)

load 0x4010f000, len 1384, room 16 
tail 8
chksum 0x2d
csum 0x2d
v8b899c12
~ld


6.01
 0h00:03.075 2021/06/16T04:04:11z: DS3231
 0h00:03.090 2021/06/16T04:04:11z: BME280 (0x76)
 0h00:03.104 2021/06/16T04:04:11z: 50:2:91:e5:36:6e
 0h00:03.106 2021/06/16T04:04:11z: SSID: ARRIS-A013
 0h00:03.111 2021/06/16T04:04:11z: AP_STAR tmr
 ets Jan  8 2013,rst cause:1, boot mode:(3,6)

load 0x4010f000, len 1384, room 16 
tail 8
chksum 0x2d
csum 0x2d
v8b899c12
~ld


6.01
 0h00:03.081 2021/06/16T04:24:07z: DS3231
 0h00:03.097 2021/06/16T04:24:07z: BME280 (0x76)
 0h00:03.111 2021/06/16T04:24:07z: 50:2:91:e5:36:6e
 0h00:03.112 2021/06/16T04:24:07z: SSID: ARRIS-A013
 0h00:03.118 2021/06/16T04:24:07z: AP_STAR tmr
 ets Jan  8 2013,rst cause:1, boot mode:(3,6)

load 0x4010f000, len 1384, room 16 
tail 8
chksum 0x2d
csum 0x2d
v8b899c12
~ld


6.01
 0h00:03.094 2021/06/16T04:44:03z: DS3231
 0h00:03.110 2021/06/16T04:44:03z: BME280 (0x76)
 0h00:03.124 2021/06/16T04:44:03z: 50:2:91:e5:36:6e
 0h00:03.126 2021/06/16T04:44:03z: SSID: ARRIS-A013
 0h00:03.131 2021/06/16T04:44:03z: AP_STAR tmr
 ets Jan  8 2013,rst cause:1, boot mode:(3,6)

load 0x4010f000, len 1384, room 16 
tail 8
chksum 0x2d
csum 0x2d
v8b899c12
~ld


6.01
 0h00:03.077 2021/06/16T05:03:59z: DS3231
 0h00:03.092 2021/06/16T05:03:59z: BME280 (0x76)
 0h00:03.106 2021/06/16T05:03:59z: 50:2:91:e5:36:6e
 0h00:03.108 2021/06/16T05:03:59z: SSID: ARRIS-A013
 0h00:03.113 2021/06/16T05:03:59z: AP_STAR tmr
 ets Jan  8 2013,rst cause:1, boot mode:(3,6)

load 0x4010f000, len 1384, room 16 
tail 8
chksum 0x2d
csum 0x2d
v8b899c12
~ld


6.01
 0h00:03.071 2021/06/16T05:23:55z: DS3231
 0h00:03.086 2021/06/16T05:23:55z: BME280 (0x76)
 0h00:03.101 2021/06/16T05:23:56z: 50:2:91:e5:36:6e
 0h00:03.102 2021/06/16T05:23:56z: SSID: ARRIS-A013
 0h00:03.107 2021/06/16T05:23:56z: AP_STAR tmr
 ets Jan  8 2013,rst cause:1, boot mode:(3,6)

load 0x4010f000, len 1384, room 16 
tail 8
chksum 0x2d
csum 0x2d
v8b899c12
~ld


6.01
 0h00:03.066 2021/06/16T05:43:52z: DS3231
 0h00:03.081 2021/06/16T05:43:52z: BME280 (0x76)
 0h00:03.095 2021/06/16T05:43:52z: 50:2:91:e5:36:6e
 0h00:03.097 2021/06/16T05:43:52z: SSID: ARRIS-A013
 0h00:03.102 2021/06/16T05:43:52z: AP_STAR tmr
 ets Jan  8 2013,rst cause:1, boot mode:(3,6)

load 0x4010f000, len 1384, room 16 
tail 8
chksum 0x2d
csum 0x2d
v8b899c12
~ld


6.01
 0h00:03.068 2021/06/16T06:03:48z: DS3231
 0h00:03.083 2021/06/16T06:03:48z: BME280 (0x76)
 0h00:03.097 2021/06/16T06:03:48z: 50:2:91:e5:36:6e
 0h00:03.099 2021/06/16T06:03:48z: SSID: ARRIS-A013
 0h00:03.104 2021/06/16T06:03:48z: AP_STAR tmr
 ets Jan  8 2013,rst cause:1, boot mode:(3,6)

load 0x4010f000, len 1384, room 16 
tail 8
chksum 0x2d
csum 0x2d
v8b899c12
~ld


6.01
 0h00:03.077 2021/06/16T06:23:44z: DS3231
 0h00:03.092 2021/06/16T06:23:44z: BME280 (0x76)
 0h00:03.106 2021/06/16T06:23:44z: 50:2:91:e5:36:6e
 0h00:03.108 2021/06/16T06:23:44z: SSID: ARRIS-A013
 0h00:03.113 2021/06/16T06:23:44z: AP_STAR tmr
 ets Jan  8 2013,rst cause:1, boot mode:(3,6)

load 0x4010f000, len 1384, room 16 
tail 8
chksum 0x2d
csum 0x2d
v8b899c12
~ld


6.01
 0h00:03.078 2021/06/16T06:43:40z: DS3231
 0h00:03.094 2021/06/16T06:43:40z: BME280 (0x76)
 0h00:03.108 2021/06/16T06:43:40z: 50:2:91:e5:36:6e
 0h00:03.110 2021/06/16T06:43:40z: SSID: ARRIS-A013
 0h00:03.115 2021/06/16T06:43:40z: AP_STAR tmr
 ets Jan  8 2013,rst cause:1, boot mode:(3,6)

load 0x4010f000, len 1384, room 16 
tail 8
chksum 0x2d
csum 0x2d
v8b899c12
~ld


6.01
 0h00:03.084 2021/06/16T07:03:36z: DS3231
 0h00:03.099 2021/06/16T07:03:36z: BME280 (0x76)
 0h00:03.113 2021/06/16T07:03:36z: 50:2:91:e5:36:6e
 0h00:03.115 2021/06/16T07:03:36z: SSID: ARRIS-A013
 0h00:03.120 2021/06/16T07:03:36z: AP_STAR tmr
 ets Jan  8 2013,rst cause:1, boot mode:(3,6)

load 0x4010f000, len 1384, room 16 
tail 8
chksum 0x2d
csum 0x2d
v8b899c12
~ld


6.01
 0h00:03.105 2021/06/16T07:23:33z: DS3231
 0h00:03.120 2021/06/16T07:23:33z: BME280 (0x76)
 0h00:03.134 2021/06/16T07:23:33z: 50:2:91:e5:36:6e
 0h00:03.136 2021/06/16T07:23:33z: SSID: ARRIS-A013
 0h00:03.141 2021/06/16T07:23:33z: AP_STAR tmr
 ets Jan  8 2013,rst cause:1, boot mode:(3,6)

load 0x4010f000, len 1384, room 16 
tail 8
chksum 0x2d
csum 0x2d
v8b899c12
~ld


6.01
 0h00:03.067 2021/06/16T07:43:30z: DS3231
 0h00:03.082 2021/06/16T07:43:30z: BME280 (0x76)
 0h00:03.096 2021/06/16T07:43:30z: 50:2:91:e5:36:6e
 0h00:03.098 2021/06/16T07:43:30z: SSID: ARRIS-A013
 0h00:03.103 2021/06/16T07:43:30z: AP_STAR tmr
 ets Jan  8 2013,rst cause:1, boot mode:(3,6)

load 0x4010f000, len 1384, room 16 
tail 8
chksum 0x2d
csum 0x2d
v8b899c12
~ld


6.01
 0h00:03.066 2021/06/16T08:03:26z: DS3231
 0h00:03.081 2021/06/16T08:03:26z: BME280 (0x76)
 0h00:03.096 2021/06/16T08:03:26z: 50:2:91:e5:36:6e
 0h00:03.097 2021/06/16T08:03:26z: SSID: ARRIS-A013
 0h00:03.102 2021/06/16T08:03:26z: AP_STAR tmr
 ets Jan  8 2013,rst cause:1, boot mode:(3,6)

load 0x4010f000, len 1384, room 16 
tail 8
chksum 0x2d
csum 0x2d
v8b899c12
~ld


6.01
 0h00:03.068 2021/06/16T08:23:22z: DS3231
 0h00:03.083 2021/06/16T08:23:22z: BME280 (0x76)
 0h00:03.097 2021/06/16T08:23:22z: 50:2:91:e5:36:6e
 0h00:03.099 2021/06/16T08:23:22z: SSID: ARRIS-A013
 0h00:03.104 2021/06/16T08:23:22z: AP_STAR tmr
 ets Jan  8 2013,rst cause:1, boot mode:(3,6)

load 0x4010f000, len 1384, room 16 
tail 8
chksum 0x2d
csum 0x2d
v8b899c12
~ld


6.01
 0h00:03.066 2021/06/16T08:43:18z: DS3231
 0h00:03.081 2021/06/16T08:43:18z: BME280 (0x76)
 0h00:03.096 2021/06/16T08:43:18z: 50:2:91:e5:36:6e
 0h00:03.097 2021/06/16T08:43:18z: SSID: ARRIS-A013
 0h00:03.102 2021/06/16T08:43:18z: AP_STAR tmr
 ets Jan  8 2013,rst cause:1, boot mode:(3,6)

load 0x4010f000, len 1384, room 16 
tail 8
chksum 0x2d
csum 0x2d
v8b899c12
~ld


6.01
 0h00:03.066 2021/06/16T09:03:14z: DS3231
 0h00:03.081 2021/06/16T09:03:14z: BME280 (0x76)
 0h00:03.095 2021/06/16T09:03:14z: 50:2:91:e5:36:6e
 0h00:03.097 2021/06/16T09:03:14z: SSID: ARRIS-A013
 0h00:03.102 2021/06/16T09:03:14z: AP_STAR tmr
 ets Jan  8 2013,rst cause:1, boot mode:(3,6)

load 0x4010f000, len 1384, room 16 
tail 8
chksum 0x2d
csum 0x2d
v8b899c12
~ld


6.01
 0h00:03.080 2021/06/16T09:23:11z: DS3231
 0h00:03.095 2021/06/16T09:23:11z: BME280 (0x76)
 0h00:03.109 2021/06/16T09:23:11z: 50:2:91:e5:36:6e
 0h00:03.111 2021/06/16T09:23:11z: SSID: ARRIS-A013
 0h00:03.116 2021/06/16T09:23:11z: AP_STAR tmr
 ets Jan  8 2013,rst cause:1, boot mode:(3,6)

load 0x4010f000, len 1384, room 16 
tail 8
chksum 0x2d
csum 0x2d
v8b899c12
~ld


6.01
 0h00:03.086 2021/06/16T09:43:07z: DS3231
 0h00:03.101 2021/06/16T09:43:07z: BME280 (0x76)
 0h00:03.116 2021/06/16T09:43:07z: 50:2:91:e5:36:6e
 0h00:03.117 2021/06/16T09:43:07z: SSID: ARRIS-A013
 0h00:03.123 2021/06/16T09:43:07z: AP_STAR tmr
 ets Jan  8 2013,rst cause:1, boot mode:(3,6)

load 0x4010f000, len 1384, room 16 
tail 8
chksum 0x2d
csum 0x2d
v8b899c12
~ld


6.01
 0h00:03.099 2021/06/16T10:03:04z: DS3231
 0h00:03.114 2021/06/16T10:03:04z: BME280 (0x76)
 0h00:03.128 2021/06/16T10:03:04z: 50:2:91:e5:36:6e
 0h00:03.130 2021/06/16T10:03:04z: SSID: ARRIS-A013
 0h00:03.135 2021/06/16T10:03:04z: AP_STAR tmr
 ets Jan  8 2013,rst cause:1, boot mode:(3,6)

load 0x4010f000, len 1384, room 16 
tail 8
chksum 0x2d
csum 0x2d
v8b899c12
~ld


6.01
 0h00:03.067 2021/06/16T10:23:00z: DS3231
 0h00:03.082 2021/06/16T10:23:00z: BME280 (0x76)
 0h00:03.096 2021/06/16T10:23:00z: 50:2:91:e5:36:6e
 0h00:03.098 2021/06/16T10:23:00z: SSID: ARRIS-A013
 0h00:03.103 2021/06/16T10:23:00z: AP_STA