R tmr
 ets Jan  8 2013,rst cause:1, boot mode:(3,6)

load 0x4010f000, len 1384, room 16 
tail 8
chksum 0x2d
csum 0x2d
v8b899c12
~ld


6.01
 0h00:03.079 2021/06/15T12:27:07z: DS3231
 0h00:03.095 2021/06/15T12:27:07z: BME280 (0x76)
 0h00:03.109 2021/06/15T12:27:07z: 50:2:91:e5:36:6e
 0h00:03.111 2021/06/15T12:27:07z: SSID: ARRIS-A013
 0h00:03.116 2021/06/15T12:27:07z: AP_STAR tmr
 ets Jan  8 2013,rst cause:1, boot mode:(3,6)

load 0x4010f000, len 1384, room 16 
tail 8
chksum 0x2d
csum 0x2d
v8b899c12
~ld


6.01
 0h00:03.086 2021/06/15T12:47:03z: DS3231
 0h00:03.101 2021/06/15T12:47:03z: BME280 (0x76)
 0h00:03.116 2021/06/15T12:47:03z: 50:2:91:e5:36:6e
 0h00:03.117 2021/06/15T12:47:03z: SSID: ARRIS-A013
 0h00:03.122 2021/06/15T12:47:03z: AP_STAR tmr
 ets Jan  8 2013,rst cause:1, boot mode:(3,6)

load 0x4010f000, len 1384, room 16 
tail 8
chksum 0x2d
csum 0x2d
v8b899c12
~ld


6.01
 0h00:03.061 2021/06/15T13:06:59z: DS3231
 0h00:03.076 2021/06/15T13:06:59z: BME280 (0x76)
 0h00:03.090 2021/06/15T13:06:59z: 50:2:91:e5:36:6e
 0h00:03.092 2021/06/15T13:06:59z: SSID: ARRIS-A013
 0h00:03.097 2021/06/15T13:06:59z: AP_STAR tmr
 ets Jan  8 2013,rst cause:1, boot mode:(3,6)

load 0x4010f000, len 1384, room 16 
tail 8
chksum 0x2d
csum 0x2d
v8b899c12
~ld


6.01
 0h00:03.062 2021/06/15T13:26:55z: DS3231
 0h00:03.077 2021/06/15T13:26:55z: BME280 (0x76)
 0h00:03.091 2021/06/15T13:26:55z: 50:2:91:e5:36:6e
 0h00:03.093 2021/06/15T13:26:55z: SSID: ARRIS-A013
 0h00:03.098 2021/06/15T13:26:55z: AP_STAR tmr
 ets Jan  8 2013,rst cause:1, boot mode:(3,6)

load 0x4010f000, len 1384, room 16 
tail 8
chksum 0x2d
csum 0x2d
v8b899c12
~ld


6.01
 0h00:03.057 2021/06/15T13:46:52z: DS3231
 0h00:03.073 2021/06/15T13:46:52z: BME280 (0x76)
 0h00:03.087 2021/06/15T13:46:52z: 50:2:91:e5:36:6e
 0h00:03.089 2021/06/15T13:46:52z: SSID: ARRIS-A013
 0h00:03.094 2021/06/15T13:46:52z: AP_STAR tmr
 ets Jan  8 2013,rst cause:1, boot mode:(3,6)

load 0x4010f000, len 1384, room 16 
tail 8
chksum 0x2d
csum 0x2d
v8b899c12
~ld


6.01
 0h00:03.066 2021/06/15T14:06:48z: DS3231
 0h00:03.082 2021/06/15T14:06:48z: BME280 (0x76)
 0h00:03.096 2021/06/15T14:06:48z: 50:2:91:e5:36:6e
 0h00:03.097 2021/06/15T14:06:48z: SSID: ARRIS-A013
 0h00:03.103 2021/06/15T14:06:48z: AP_STAR tmr
 ets Jan  8 2013,rst cause:1, boot mode:(3,6)

load 0x4010f000, len 1384, room 16 
tail 8
chksum 0x2d
csum 0x2d
v8b899c12
~ld


6.01
 0h00:03.066 2021/06/15T14:26:44z: DS3231
 0h00:03.082 2021/06/15T14:26:44z: BME280 (0x76)
 0h00:03.096 2021/06/15T14:26:44z: 50:2:91:e5:36:6e
 0h00:03.097 2021/06/15T14:26:44z: SSID: ARRIS-A013
 0h00:03.103 2021/06/15T14:26:44z: AP_STAR tmr
 ets Jan  8 2013,rst cause:1, boot mode:(3,6)

load 0x4010f000, len 1384, room 16 
tail 8
chksum 0x2d
csum 0x2d
v8b899c12
~ld


6.01
 0h00:03.077 2021/06/15T14:46:40z: DS3231
 0h00:03.093 2021/06/15T14:46:40z: BME280 (0x76)
 0h00:03.107 2021/06/15T14:46:40z: 50:2:91:e5:36:6e
 0h00:03.109 2021/06/15T14:46:40z: SSID: ARRIS-A013
 0h00:03.114 2021/06/15T14:46:40z: AP_STAR tmr
 ets Jan  8 2013,rst cause:1, boot mode:(3,6)

load 0x4010f000, len 1384, room 16 
tail 8
chksum 0x2d
csum 0x2d
v8b899c12
~ld


6.01
 0h00:03.079 2021/06/15T15:06:37z: DS3231
 0h00:03.094 2021/06/15T15:06:37z: BME280 (0x76)
 0h00:03.109 2021/06/15T15:06:37z: 50:2:91:e5:36:6e
 0h00:03.110 2021/06/15T15:06:37z: SSID: ARRIS-A013
 0h00:03.115 2021/06/15T15:06:37z: AP_STAR tmr
 ets Jan  8 2013,rst cause:1, boot mode:(3,6)

load 0x4010f000, len 1384, room 16 
tail 8
chksum 0x2d
csum 0x2d
v8b899c12
~ld


6.01
 0h00:03.090 2021/06/15T15:26:33z: DS3231
 0h00:03.105 2021/06/15T15:26:33z: BME280 (0x76)
 0h00:03.120 2021/06/15T15:26:33z: 50:2:91:e5:36:6e
 0h00:03.121 2021/06/15T15:26:33z: SSID: ARRIS-A013
 0h00:03.126 2021/06/15T15:26:33z: AP_STAR tmr
 ets Jan  8 2013,rst cause:1, boot mode:(3,6)

load 0x4010f000, len 1384, room 16 
tail 8
chksum 0x2d
csum 0x2d
v8b899c12
~ld


6.01
 0h00:03.060 2021/06/15T15:46:30z: DS3231
 0h00:03.076 2021/06/15T15:46:30z: BME280 (0x76)
 0h00:03.090 2021/06/15T15:46:30z: 50:2:91:e5:36:6e
 0h00:03.091 2021/06/15T15:46:30z: SSID: ARRIS-A013
 0h00:03.097 2021/06/15T15:46:30z: AP_STAR tmr
 ets Jan  8 2013,rst cause:1, boot mode:(3,6)

load 0x4010f000, len 1384, room 16 
tail 8
chksum 0x2d
csum 0x2d
v8b899c12
~ld


6.01
 0h00:03.065 2021/06/15T16:06:26z: DS3231
 0h00:03.080 2021/06/15T16:06:26z: BME280 (0x76)
 0h00:03.094 2021/06/15T16:06:26z: 50:2:91:e5:36:6e
 0h00:03.096 2021/06/15T16:06:26z: SSID: ARRIS-A013
 0h00:03.101 2021/06/15T16:06:26z: AP_STAR tmr
 ets Jan  8 2013,rst cause:1, boot mode:(3,6)

load 0x4010f000, len 1384, room 16 
tail 8
chksum 0x2d
csum 0x2d
v8b899c12
~ld


6.01
 0h00:03.062 2021/06/15T16:26:22z: DS3231
 0h00:03.077 2021/06/15T16:26:22z: BME280 (0x76)
 0h00:03.091 2021/06/15T16:26:22z: 50:2:91:e5:36:6e
 0h00:03.093 2021/06/15T16:26:22z: SSID: ARRIS-A013
 0h00:03.098 2021/06/15T16:26:22z: AP_STAR tmr
 ets Jan  8 2013,rst cause:1, boot mode:(3,6)

load 0x4010f000, len 1384, room 16 
tail 8
chksum 0x2d
csum 0x2d
v8b899c12
~ld


6.01
 0h00:03.061 2021/06/15T16:46:18z: DS3231
 0h00:03.076 2021/06/15T16:46:18z: BME280 (0x76)
 0h00:03.090 2021/06/15T16:46:18z: 50:2:91:e5:36:6e
 0h00:03.092 2021/06/15T16:46:18z: SSID: ARRIS-A013
 0h00:03.097 2021/06/15T16:46:18z: AP_STAR tmr
 ets Jan  8 2013,rst cause:1, boot mode:(3,6)

load 0x4010f000, len 1384, room 16 
tail 8
chksum 0x2d
csum 0x2d
v8b899c12
~ld


6.01
 0h00:03.062 2021/06/15T17:06:14z: DS3231
 0h00:03.078 2021/06/15T17:06:14z: BME280 (0x76)
 0h00:03.092 2021/06/15T17:06:14z: 50:2:91:e5:36:6e
 0h00:03.094 2021/06/15T17:06:14z: SSID: ARRIS-A013
 0h00:03.099 2021/06/15T17:06:14z: AP_STAR tmr
 ets Jan  8 2013,rst cause:1, boot mode:(3,6)

load 0x4010f000, len 1384, room 16 
tail 8
chksum 0x2d
csum 0x2d
v8b899c12
~ld


6.01
 0h00:03.070 2021/06/15T17:26:11z: DS3231
 0h00:03.085 2021/06/15T17:26:11z: BME280 (0x76)
 0h00:03.099 2021/06/15T17:26:11z: 50:2:91:e5:36:6e
 0h00:03.101 2021/06/15T17:26:11z: SSID: ARRIS-A013
 0h00:03.106 2021/06/15T17:26:11z: AP_STAR tmr
 ets Jan  8 2013,rst cause:1, boot mode:(3,6)

load 0x4010f000, len 1384, room 16 
tail 8
chksum 0x2d
csum 0x2d
v8b899c12
~ld


6.01
 0h00:03.077 2021/06/15T17:46:07z: DS3231
 0h00:03.092 2021/06/15T17:46:07z: BME280 (0x76)
 0h00:03.106 2021/06/15T17:46:07z: 50:2:91:e5:36:6e
 0h00:03.108 2021/06/15T17:46:07z: SSID: ARRIS-A013
 0h00:03.113 2021/06/15T17:46:07z: AP_STAR tmr
 ets Jan  8 2013,rst cause:1, boot mode:(3,6)

load 0x4010f000, len 1384, room 16 
tail 8
chksum 0x2d
csum 0x2d
v8b899c12
~ld


6.01
 0h00:03.088 2021/06/15T18:06:03z: DS3231
 0h00:03.103 2021/06/15T18:06:03z: BME280 (0x76)
 0h00:03.117 2021/06/15T18:06:03z: 50:2:91:e5:36:6e
 0h00:03.119 2021/06/15T18:06:03z: SSID: ARRIS-A013
 0h00:03.124 2021/06/15T18:06:03z: AP_STAR tmr
 ets Jan  8 2013,rst cause:1, boot mode:(3,6)

load 0x4010f000, len 1384, room 16 
tail 8
chksum 0x2d
csum 0x2d
v8b899c12
~ld


6.01
 0h00:03.058 2021/06/15T18:26:00z: DS3231
 0h00:03.073 2021/06/15T18:26:00z: BME280 (0x76)
 0h00:03.087 2021/06/15T18:26:00z: 50:2:91:e5:36:6e
 0h00:03.089 2021/06/15T18:26:00z: SSID: ARRIS-A013
 0h00:03.094 2021/06/15T18:26:00z: AP_STAR tmr
 ets Jan  8 2013,rst cause:1, boot mode:(3,6)

load 0x4010f000, len 1384, room 16 
tail 8
chksum 0x2d
csum 0x2d
v8b899c12
~ld


6.01
 0h00:03.059 2021/06/15T18:45:57z: DS3231
 0h00:03.074 2021/06/15T18:45:57z: BME280 (0x76)
 0h00:03.089 2021/06/15T18:45:57z: 50:2:91:e5:36:6e
 0h00:03.090 2021/06/15T18:45:57z: SSID: ARRIS-A013
 0h00:03.095 2021/06/15T18:45:57z: AP_STAR tmr
 ets Jan  8 2013,rst cause:1, boot mode:(3,6)

load 0x4010f000, len 1384, room 16 
tail 8
chksum 0x2d
csum 0x2d
v8b899c12
~ld


6.01
 0h00:03.054 2021/06/15T19:05:53z: DS3231
 0h00:03.069 2021/06/15T19:05:53z: BME280 (0x76)
 0h00:03.083 2021/06/15T19:05:53z: 50:2:91:e5:36:6e
 0h00:03.085 2021/06/15T19:05:53z: SSID: ARRIS-A013
 0h00:03.090 2021/06/15T19:05:53z: AP_STAR tmr
 ets Jan  8 2013,rst cause:1, boot mode:(3,6)

load 0x4010f000, len 1384, room 16 
tail 8
chksum 0x2d
csum 0x2d
v8b899c12
~ld


6.01
 0h00:03.064 2021/06/15T19:25:49z: DS3231
 0h00:03.079 2021/06/15T19:25:49z: BME280 (0x76)
 0h00:03.094 2021/06/15T19:25:49z: 50:2:91:e5:36:6e
 0h00:03.095 2021/06/15T19:25:49z: SSID: ARRIS-A013
 0h00:03.100 2021/06/15T19:25:49z: AP_STAR tmr
 ets Jan  8 2013,rst cause:1, boot mode:(3,6)

load 0x4010f000, len 1384, room 16 
tail 8
chksum 0x2d
csum 0x2d
v8b899c12
~ld


6.01
 0h00:03.070 2021/06/15T19:45:46z: DS3231
 0h00:03.086 2021/06/15T19:45:46z: BME280 (0x76)
 0h00:03.100 2021/06/15T19:45:46z: 50:2:91:e5:36:6e
 0h00:03.102 2021/06/15T19:45:46z: SSID: ARRIS-A013
 0h00:03.107 2021/06/15T19:45:46z: AP_STAR tmr
 ets Jan  8 2013,rst cause:1, boot mode:(3,6)

load 0x4010f000, len 1384, room 16 
tail 8
chksum 0x2d
csum 0x2d
v8b899c12
~ld


6.01
 0h00:03.073 2021/06/15T20:05:42z: DS3231
 0h00:03.088 2021/06/15T20:05:42z: BME280 (0x76)
 0h00:03.102 2021/06/15T20:05:42z: 50:2:91:e5:36:6e
 0h00:03.104 2021/06/15T20:05:42z: SSID: ARRIS-A013
 0h00:03.109 2021/06/15T20:05:42z: AP_STAR tmr
 ets Jan  8 2013,rst cause:1, boot mode:(3,6)

load 0x4010f000, len 1384, room 16 
tail 8
chksum 0x2d
csum 0x2d
v8b899c12
~ld


6.01
 0h00:03.075 2021/06/15T20:25:38z: DS3231
 0h00:03.091 2021/06/15T20:25:38z: BME280 (0x76)
 0h00:03.105 2021/06/15T20:25:38z: 50:2:91:e5:36:6e
 0h00:03.107 2021/06/15T20:25:38z: SSID: ARRIS-A013
 0h00:03.112 2021/06/15T20:25:38z: AP_STAR tmr
 ets Jan  8 2013,rst cause:1, boot mode:(3,6)

load 0x4010f000, len 1384, room 16 
tail 8
chksum 0x2d
csum 0x2d
v8b899c12
~ld


6.01
 0h00:03.080 2021/06/15T20:45:34z: DS3231
 0h00:03.096 2021/06/15T20:45:34z: BME280 (0x76)
 0h00:03.110 2021/06/15T20:45:34z: 50:2:91:e5:36:6e
 0h00:03.112 2021/06/15T20:45:34z: SSID: ARRIS-A013
 0h00:03.117 2021/06/15T20:45:34z: AP_STAR tmr
 ets Jan  8 2013,rst cause:1, boot mode:(3,6)

load 0x4010f000, len 1384, room 16 
tail 8
chksum 0x2d
csum 0x2d
v8b899c12
~ld


6.01
 0h00:03.055 2021/06/15T21:05:31z: DS3231
 0h00:03.071 2021/06/15T21:05:31z: BME280 (0x76)
 0h00:03.085 2021/06/15T21:05:31z: 50:2:91:e5:36:6e
 0h00:03.086 2021/06/15T21:05:31z: SSID: ARRIS-A013
 0h00:03.092 2021/06/15T21:05:31z: AP_STAR tmr
 ets Jan  8 2013,rst cause:1, boot mode:(3,6)

load 0x4010f000, len 1384, room 16 
tail 8
chksum 0x2d
csum 0x2d
v8b899c12
~ld


6.01
 0h00:03.065 2021/06/15T21:25:28z: DS3231
 0h00:03.081 2021/06/15T21:25:28z: BME280 (0x76)
 0h00:03.095 2021/06/15T21:25:28z: 50:2:91:e5:36:6e
 0h00:03.096 2021/06/15T21:25:28z: SSID: ARRIS-A013
 0h00:03.102 2021/06/15T21:25:28z: AP_STAR tmr
 ets Jan  8 2013,rst cause:1, boot mode:(3,6)

load 0x4010f000, len 1384, room 16 
tail 8
chksum 0x2d
csum 0x2d
v8b899c12
~ld


6.01
 0h00:03.067 2021/06/15T21:45:24z: DS3231
 0h00:03.082 2021/06/15T21:45:24z: BME280 (0x76)
 0h00:03.097 2021/06/15T21:45:24z: 50:2:91:e5:36:6e
 0h00:03.098 2021/06/15T21:45:24z: SSID: ARRIS-A013
 0h00:03.103 2021/06/15T21:45:24z: AP_STAR tmr
 ets Jan  8 2013,rst cause:1, boot mode:(3,6)

load 0x4010f000, len 1384, room 16 
tail 8
chksum 0x2d
csum 0x2d
v8b899c12
~ld


6.01
 0h00:03.057 2021/06/15T22:05:20z: DS3231
 0h00:03.072 2021/06/15T22:05:20z: BME280 (0x76)
 0h00:03.087 2021/06/15T22:05:20z: 50:2:91:e5:36:6e
 0h00:03.088 2021/06/15T22:05:20z: SSID: ARRIS-A013
 0h00:03.093 2021/06/15T22:05:20z: AP_STAR tmr
 ets Jan  8 2013,rst cause:1, boot mode:(3,6)

load 0x4010f000, len 1384, room 16 
tail 8
chksum 0x2d
csum 0x2d
v8b899c12
~ld


6.01
 0h00:03.064 2021/06/15T22:25:16z: DS3231
 0h00:03.079 2021/06/15T22:25:16z: BME280 (0x76)
 0h00:03.093 2021/06/15T22:25:16z: 50:2:91:e5:36:6e
 0h00:03.095 2021/06/15T22:25:16z: SSID: ARRIS-A013
 0h00:03.100 2021/06/15T22:25:16z: AP_STAR tmr
 ets Jan  8 2013,rst cause:1, boot mode:(3,6)

load 0x4010f000, len 1384, room 16 
tail 8
chksum 0x2d
csum 0x2d
v8b899c12
~ld


6.01
 0h00:03.077 2021/06/15T22:45:12z: DS3231
 0h00:03.092 2021/06/15T22:45:12z: BME280 (0x76)
 0h00:03.106 2021/06/15T22:45:12z: 50:2:91:e5:36:6e
 0h00:03.108 2021/06/15T22:45:12z: SSID: ARRIS-A013
 0h00:03.113 2021/06/15T22:45:12z: AP_STAR tmr
 ets Jan  8 2013,rst cause:1, boot mode:(3,6)

load 0x4010f000, len 1384, room 16 
tail 8
chksum 0x2d
csum 0x2d
v8b899c12
~ld


6.01
 0h00:03.081 2021/06/15T23:05:09z: DS3231
 0h00:03.097 2021/06/15T23:05:09z: BME280 (0x76)
 0h00:03.111 2021/06/15T23:05:09z: 50:2:91:e5:36:6e
 0h00:03.113 2021/06/15T23:05:09z: SSID: ARRIS-A013
 0h00:03.118 2021/06/15T23:05:09z: AP_STAR tmr
 ets Jan  8 2013,rst cause:1, boot mode:(3,6)

load 0x4010f000, len 1384, room 16 
tail 8
chksum 0x2d
csum 0x2d
v8b899c12
~ld


6.01
 0h00:03.089 2021/06/15T23:25:05z: DS3231
 0h00:03.104 2021/06/15T23:25:05z: BME280 (0x76)
 0h00:03.118 2021/06/15T23:25:05z: 50:2:91:e5:36:6e
 0h00:03.120 2021/06/15T23:25:05z: SSID: ARRIS-A013
 0h00:03.125 2021/06/15T23:25:05z: AP_STAR tmr
 ets Jan  8 2013,rst cause:1, boot mode:(3,6)

load 0x4010f000, len 1384, room 16 
tail 8
chksum 0x2d
csum 0x2d
v8b899c12
~ld


6.01
 0h00:03.063 2021/06/15T23:45:01z: DS3231
 0h00:03.078 2021/06/15T23:45:01z: BME280 (0x76)
 0h00:03.092 2021/06/15T23:45:01z: 50:2:91:e5:36:6e
 0h00:03.094 2021/06/15T23:45:01z: SSID: ARRIS-A013
 0h00:03.099 2021/06/15T23:45:01z: AP_STA