R tmr
 ets Jan  8 2013,rst cause:1, boot mode:(3,7)

load 0x4010f000, len 1384, room 16 
tail 8
chksum 0x2d
csum 0x2d
v8b899c12
~ld


6.01
 0h00:03.002 2021/06/08T00:16:08z: DS3231
 0h00:03.018 2021/06/08T00:16:08z: BME280 (0x76)
 0h00:03.032 2021/06/08T00:16:08z: 10:52:1c:41:79:b5
 0h00:03.034 2021/06/08T00:16:08z: SSID: ARRIS-5A97
 0h00:03.039 2021/06/08T00:16:08z: AP_STAR tmr
 ets Jan  8 2013,rst cause:1, boot mode:(3,7)

load 0x4010f000, len 1384, room 16 
tail 8
chksum 0x2d
csum 0x2d
v8b899c12
~ld


6.01
 0h00:02.996 2021/06/08T00:36:04z: DS3231
 0h00:03.012 2021/06/08T00:36:04z: BME280 (0x76)
 0h00:03.026 2021/06/08T00:36:04z: 10:52:1c:41:79:b5
 0h00:03.028 2021/06/08T00:36:04z: SSID: ARRIS-5A97
 0h00:03.033 2021/06/08T00:36:04z: AP_STAR tmr
 ets Jan  8 2013,rst cause:1, boot mode:(3,7)

load 0x4010f000, len 1384, room 16 
tail 8
chksum 0x2d
csum 0x2d
v8b899c12
~ld


6.01
 0h00:02.997 2021/06/08T00:56:00z: DS3231
 0h00:03.013 2021/06/08T00:56:00z: BME280 (0x76)
 0h00:03.027 2021/06/08T00:56:00z: 10:52:1c:41:79:b5
 0h00:03.029 2021/06/08T00:56:00z: SSID: ARRIS-5A97
 0h00:03.034 2021/06/08T00:56:00z: AP_STAR tmr
 ets Jan  8 2013,rst cause:1, boot mode:(3,7)

load 0x4010f000, len 1384, room 16 
tail 8
chksum 0x2d
csum 0x2d
v8b899c12
~ld


6.01
 0h00:03.000 2021/06/08T01:15:56z: DS3231
 0h00:03.015 2021/06/08T01:15:56z: BME280 (0x76)
 0h00:03.029 2021/06/08T01:15:56z: 10:52:1c:41:79:b5
 0h00:03.031 2021/06/08T01:15:56z: SSID: ARRIS-5A97
 0h00:03.036 2021/06/08T01:15:56z: AP_STAR tmr
 ets Jan  8 2013,rst cause:1, boot mode:(3,7)

load 0x4010f000, len 1384, room 16 
tail 8
chksum 0x2d
csum 0x2d
v8b899c12
~ld


6.01
 0h00:03.009 2021/06/08T01:35:52z: DS3231
 0h00:03.024 2021/06/08T01:35:52z: BME280 (0x76)
 0h00:03.038 2021/06/08T01:35:52z: 10:52:1c:41:79:b5
 0h00:03.040 2021/06/08T01:35:52z: SSID: ARRIS-5A97
 0h00:03.045 2021/06/08T01:35:52z: AP_STAR tmr
 ets Jan  8 2013,rst cause:1, boot mode:(3,7)

load 0x4010f000, len 1384, room 16 
tail 8
chksum 0x2d
csum 0x2d
v8b899c12
~ld


6.01
 0h00:03.014 2021/06/08T01:55:48z: DS3231
 0h00:03.030 2021/06/08T01:55:48z: BME280 (0x76)
 0h00:03.044 2021/06/08T01:55:48z: 10:52:1c:41:79:b5
 0h00:03.045 2021/06/08T01:55:48z: SSID: ARRIS-5A97
 0h00:03.051 2021/06/08T01:55:48z: AP_STAR tmr
 ets Jan  8 2013,rst cause:1, boot mode:(3,7)

load 0x4010f000, len 1384, room 16 
tail 8
chksum 0x2d
csum 0x2d
v8b899c12
~ld


6.01
 0h00:03.022 2021/06/08T02:15:44z: DS3231
 0h00:03.037 2021/06/08T02:15:44z: BME280 (0x76)
 0h00:03.051 2021/06/08T02:15:44z: 10:52:1c:41:79:b5
 0h00:03.053 2021/06/08T02:15:44z: SSID: ARRIS-5A97
 0h00:03.058 2021/06/08T02:15:44z: AP_STAR tmr
 ets Jan  8 2013,rst cause:1, boot mode:(3,7)

load 0x4010f000, len 1384, room 16 
tail 8
chksum 0x2d
csum 0x2d
v8b899c12
~ld


6.01
 0h00:02.997 2021/06/08T02:35:40z: DS3231
 0h00:03.013 2021/06/08T02:35:40z: BME280 (0x76)
 0h00:03.027 2021/06/08T02:35:40z: 10:52:1c:41:79:b5
 0h00:03.028 2021/06/08T02:35:40z: SSID: ARRIS-5A97
 0h00:03.034 2021/06/08T02:35:40z: AP_STAR tmr
 ets Jan  8 2013,rst cause:1, boot mode:(3,7)

load 0x4010f000, len 1384, room 16 
tail 8
chksum 0x2d
csum 0x2d
v8b899c12
~ld


6.01
 0h00:02.999 2021/06/08T02:55:36z: DS3231
 0h00:03.014 2021/06/08T02:55:36z: BME280 (0x76)
 0h00:03.028 2021/06/08T02:55:36z: 10:52:1c:41:79:b5
 0h00:03.030 2021/06/08T02:55:36z: SSID: ARRIS-5A97
 0h00:03.035 2021/06/08T02:55:36z: AP_STAR tmr
 ets Jan  8 2013,rst cause:1, boot mode:(3,7)

load 0x4010f000, len 1384, room 16 
tail 8
chksum 0x2d
csum 0x2d
v8b899c12
~ld


6.01
 0h00:03.001 2021/06/08T03:15:32z: DS3231
 0h00:03.017 2021/06/08T03:15:32z: BME280 (0x76)
 0h00:03.031 2021/06/08T03:15:32z: 10:52:1c:41:79:b5
 0h00:03.033 2021/06/08T03:15:32z: SSID: ARRIS-5A97
 0h00:03.038 2021/06/08T03:15:32z: AP_STAR tmr
 ets Jan  8 2013,rst cause:1, boot mode:(3,7)

load 0x4010f000, len 1384, room 16 
tail 8
chksum 0x2d
csum 0x2d
v8b899c12
~ld


6.01
 0h00:02.996 2021/06/08T03:35:28z: DS3231
 0h00:03.011 2021/06/08T03:35:28z: BME280 (0x76)
 0h00:03.025 2021/06/08T03:35:28z: 10:52:1c:41:79:b5
 0h00:03.027 2021/06/08T03:35:28z: SSID: ARRIS-5A97
 0h00:03.032 2021/06/08T03:35:28z: AP_STAR tmr
 ets Jan  8 2013,rst cause:1, boot mode:(3,7)

load 0x4010f000, len 1384, room 16 
tail 8
chksum 0x2d
csum 0x2d
v8b899c12
~ld


6.01
 0h00:03.004 2021/06/08T03:55:24z: DS3231
 0h00:03.019 2021/06/08T03:55:24z: BME280 (0x76)
 0h00:03.033 2021/06/08T03:55:24z: 10:52:1c:41:79:b5
 0h00:03.035 2021/06/08T03:55:24z: SSID: ARRIS-5A97
 0h00:03.040 2021/06/08T03:55:24z: AP_STAR tmr
 ets Jan  8 2013,rst cause:1, boot mode:(3,7)

load 0x4010f000, len 1384, room 16 
tail 8
chksum 0x2d
csum 0x2d
v8b899c12
~ld


6.01
 0h00:03.010 2021/06/08T04:15:20z: DS3231
 0h00:03.026 2021/06/08T04:15:20z: BME280 (0x76)
 0h00:03.040 2021/06/08T04:15:20z: 10:52:1c:41:79:b5
 0h00:03.042 2021/06/08T04:15:20z: SSID: ARRIS-5A97
 0h00:03.047 2021/06/08T04:15:20z: AP_STAR tmr
 ets Jan  8 2013,rst cause:1, boot mode:(3,7)

load 0x4010f000, len 1384, room 16 
tail 8
chksum 0x2d
csum 0x2d
v8b899c12
~ld


6.01
 0h00:03.014 2021/06/08T04:35:16z: DS3231
 0h00:03.030 2021/06/08T04:35:16z: BME280 (0x76)
 0h00:03.044 2021/06/08T04:35:16z: 10:52:1c:41:79:b5
 0h00:03.045 2021/06/08T04:35:16z: SSID: ARRIS-5A97
 0h00:03.051 2021/06/08T04:35:16z: AP_STAR tmr
 ets Jan  8 2013,rst cause:1, boot mode:(3,7)

load 0x4010f000, len 1384, room 16 
tail 8
chksum 0x2d
csum 0x2d
v8b899c12
~ld


6.01
 0h00:03.024 2021/06/08T04:55:12z: DS3231
 0h00:03.039 2021/06/08T04:55:12z: BME280 (0x76)
 0h00:03.053 2021/06/08T04:55:12z: 10:52:1c:41:79:b5
 0h00:03.055 2021/06/08T04:55:12z: SSID: ARRIS-5A97
 0h00:03.060 2021/06/08T04:55:12z: AP_STAR tmr
 ets Jan  8 2013,rst cause:1, boot mode:(3,7)

load 0x4010f000, len 1384, room 16 
tail 8
chksum 0x2d
csum 0x2d
v8b899c12
~ld


6.01
 0h00:02.997 2021/06/08T05:15:08z: DS3231
 0h00:03.012 2021/06/08T05:15:08z: BME280 (0x76)
 0h00:03.026 2021/06/08T05:15:08z: 10:52:1c:41:79:b5
 0h00:03.028 2021/06/08T05:15:08z: SSID: ARRIS-5A97
 0h00:03.033 2021/06/08T05:15:08z: AP_STAR tmr
 ets Jan  8 2013,rst cause:1, boot mode:(3,7)

load 0x4010f000, len 1384, room 16 
tail 8
chksum 0x2d
csum 0x2d
v8b899c12
~ld


6.01
 0h00:02.999 2021/06/08T05:35:04z: DS3231
 0h00:03.015 2021/06/08T05:35:04z: BME280 (0x76)
 0h00:03.029 2021/06/08T05:35:04z: 10:52:1c:41:79:b5
 0h00:03.031 2021/06/08T05:35:04z: SSID: ARRIS-5A97
 0h00:03.036 2021/06/08T05:35:04z: AP_STAR tmr
 ets Jan  8 2013,rst cause:1, boot mode:(3,7)

load 0x4010f000, len 1384, room 16 
tail 8
chksum 0x2d
csum 0x2d
v8b899c12
~ld


6.01
 0h00:02.996 2021/06/08T05:55:00z: DS3231
 0h00:03.012 2021/06/08T05:55:00z: BME280 (0x76)
 0h00:03.026 2021/06/08T05:55:00z: 10:52:1c:41:79:b5
 0h00:03.027 2021/06/08T05:55:00z: SSID: ARRIS-5A97
 0h00:03.033 2021/06/08T05:55:00z: AP_STAR tmr
 ets Jan  8 2013,rst cause:1, boot mode:(3,7)

load 0x4010f000, len 1384, room 16 
tail 8
chksum 0x2d
csum 0x2d
v8b899c12
~ld


6.01
 0h00:02.999 2021/06/08T06:14:57z: DS3231
 0h00:03.014 2021/06/08T06:14:57z: BME280 (0x76)
 0h00:03.028 2021/06/08T06:14:57z: 10:52:1c:41:79:b5
 0h00:03.030 2021/06/08T06:14:57z: SSID: ARRIS-5A97
 0h00:03.035 2021/06/08T06:14:57z: AP_STAR tmr
 ets Jan  8 2013,rst cause:1, boot mode:(3,7)

load 0x4010f000, len 1384, room 16 
tail 8
chksum 0x2d
csum 0x2d
v8b899c12
~ld


6.01
 0h00:03.003 2021/06/08T06:34:54z: DS3231
 0h00:03.018 2021/06/08T06:34:54z: BME280 (0x76)
 0h00:03.032 2021/06/08T06:34:54z: 10:52:1c:41:79:b5
 0h00:03.034 2021/06/08T06:34:54z: SSID: ARRIS-5A97
 0h00:03.039 2021/06/08T06:34:54z: AP_STAR tmr
 ets Jan  8 2013,rst cause:1, boot mode:(3,7)

load 0x4010f000, len 1384, room 16 
tail 8
chksum 0x2d
csum 0x2d
v8b899c12
~ld


6.01
 0h00:03.021 2021/06/08T06:54:50z: DS3231
 0h00:03.036 2021/06/08T06:54:50z: BME280 (0x76)
 0h00:03.050 2021/06/08T06:54:50z: 10:52:1c:41:79:b5
 0h00:03.052 2021/06/08T06:54:50z: SSID: ARRIS-5A97
 0h00:03.057 2021/06/08T06:54:50z: AP_STAR tmr
 ets Jan  8 2013,rst cause:1, boot mode:(3,7)

load 0x4010f000, len 1384, room 16 
tail 8
chksum 0x2d
csum 0x2d
v8b899c12
~ld


6.01
 0h00:03.015 2021/06/08T07:14:46z: DS3231
 0h00:03.030 2021/06/08T07:14:46z: BME280 (0x76)
 0h00:03.045 2021/06/08T07:14:46z: 10:52:1c:41:79:b5
 0h00:03.046 2021/06/08T07:14:46z: SSID: ARRIS-5A97
 0h00:03.051 2021/06/08T07:14:46z: AP_STAR tmr
 ets Jan  8 2013,rst cause:1, boot mode:(3,7)

load 0x4010f000, len 1384, room 16 
tail 8
chksum 0x2d
csum 0x2d
v8b899c12
~ld


6.01
 0h00:03.025 2021/06/08T07:34:41z: DS3231
 0h00:03.041 2021/06/08T07:34:41z: BME280 (0x76)
 0h00:03.055 2021/06/08T07:34:41z: 10:52:1c:41:79:b5
 0h00:03.057 2021/06/08T07:34:41z: SSID: ARRIS-5A97
 0h00:03.062 2021/06/08T07:34:41z: AP_STAR tmr
 ets Jan  8 2013,rst cause:1, boot mode:(3,7)

load 0x4010f000, len 1384, room 16 
tail 8
chksum 0x2d
csum 0x2d
v8b899c12
~ld


6.01
 0h00:02.999 2021/06/08T07:54:37z: DS3231
 0h00:03.014 2021/06/08T07:54:37z: BME280 (0x76)
 0h00:03.028 2021/06/08T07:54:37z: 10:52:1c:41:79:b5
 0h00:03.030 2021/06/08T07:54:37z: SSID: ARRIS-5A97
 0h00:03.035 2021/06/08T07:54:37z: AP_STAR tmr
 ets Jan  8 2013,rst cause:1, boot mode:(3,7)

load 0x4010f000, len 1384, room 16 
tail 8
chksum 0x2d
csum 0x2d
v8b899c12
~ld


6.01
 0h00:03.001 2021/06/08T08:14:33z: DS3231
 0h00:03.016 2021/06/08T08:14:33z: BME280 (0x76)
 0h00:03.030 2021/06/08T08:14:33z: 10:52:1c:41:79:b5
 0h00:03.032 2021/06/08T08:14:33z: SSID: ARRIS-5A97
 0h00:03.037 2021/06/08T08:14:33z: AP_STAR tmr
 ets Jan  8 2013,rst cause:1, boot mode:(3,7)

load 0x4010f000, len 1384, room 16 
tail 8
chksum 0x2d
csum 0x2d
v8b899c12
~ld


6.01
 0h00:03.000 2021/06/08T08:34:28z: DS3231
 0h00:03.015 2021/06/08T08:34:28z: BME280 (0x76)
 0h00:03.029 2021/06/08T08:34:28z: 10:52:1c:41:79:b5
 0h00:03.031 2021/06/08T08:34:28z: SSID: ARRIS-5A97
 0h00:03.036 2021/06/08T08:34:28z: AP_STAR tmr
 ets Jan  8 2013,rst cause:1, boot mode:(3,7)

load 0x4010f000, len 1384, room 16 
tail 8
chksum 0x2d
csum 0x2d
v8b899c12
~ld


6.01
 0h00:03.001 2021/06/08T08:54:24z: DS3231
 0h00:03.016 2021/06/08T08:54:24z: BME280 (0x76)
 0h00:03.030 2021/06/08T08:54:24z: 10:52:1c:41:79:b5
 0h00:03.032 2021/06/08T08:54:24z: SSID: ARRIS-5A97
 0h00:03.037 2021/06/08T08:54:24z: AP_STAR tmr
 ets Jan  8 2013,rst cause:1, boot mode:(3,7)

load 0x4010f000, len 1384, room 16 
tail 8
chksum 0x2d
csum 0x2d
v8b899c12
~ld


6.01
 0h00:03.000 2021/06/08T09:14:20z: DS3231
 0h00:03.016 2021/06/08T09:14:20z: BME280 (0x76)
 0h00:03.030 2021/06/08T09:14:20z: 10:52:1c:41:79:b5
 0h00:03.032 2021/06/08T09:14:20z: SSID: ARRIS-5A97
 0h00:03.037 2021/06/08T09:14:20z: AP_STAR tmr
 ets Jan  8 2013,rst cause:1, boot mode:(3,7)

load 0x4010f000, len 1384, room 16 
tail 8
chksum 0x2d
csum 0x2d
v8b899c12
~ld


6.01
 0h00:03.007 2021/06/08T09:34:16z: DS3231
 0h00:03.022 2021/06/08T09:34:16z: BME280 (0x76)
 0h00:03.037 2021/06/08T09:34:16z: 10:52:1c:41:79:b5
 0h00:03.038 2021/06/08T09:34:16z: SSID: ARRIS-5A97
 0h00:03.043 2021/06/08T09:34:16z: AP_STAR tmr
 ets Jan  8 2013,rst cause:1, boot mode:(3,7)

load 0x4010f000, len 1384, room 16 
tail 8
chksum 0x2d
csum 0x2d
v8b899c12
~ld


6.01
 0h00:03.019 2021/06/08T09:54:12z: DS3231
 0h00:03.034 2021/06/08T09:54:12z: BME280 (0x76)
 0h00:03.048 2021/06/08T09:54:12z: 10:52:1c:41:79:b5
 0h00:03.050 2021/06/08T09:54:12z: SSID: ARRIS-5A97
 0h00:03.055 2021/06/08T09:54:12z: AP_STAR tmr
 ets Jan  8 2013,rst cause:1, boot mode:(3,7)

load 0x4010f000, len 1384, room 16 
tail 8
chksum 0x2d
csum 0x2d
v8b899c12
~ld


6.01
 0h00:03.022 2021/06/08T10:14:09z: DS3231
 0h00:03.037 2021/06/08T10:14:09z: BME280 (0x76)
 0h00:03.051 2021/06/08T10:14:09z: 10:52:1c:41:79:b5
 0h00:03.053 2021/06/08T10:14:09z: SSID: ARRIS-5A97
 0h00:03.058 2021/06/08T10:14:09z: AP_STA