R tmr
 ets Jan  8 2013,rst cause:1, boot mode:(3,7)

load 0x4010f000, len 1384, room 16 
tail 8
chksum 0x2d
csum 0x2d
v8b899c12
~ld


6.01
 0h00:02.997 2021/06/07T11:18:41z: DS3231
 0h00:03.013 2021/06/07T11:18:41z: BME280 (0x76)
 0h00:03.027 2021/06/07T11:18:41z: 10:52:1c:41:79:b5
 0h00:03.028 2021/06/07T11:18:41z: SSID: ARRIS-5A97
 0h00:03.034 2021/06/07T11:18:41z: AP_STAR tmr
 ets Jan  8 2013,rst cause:1, boot mode:(3,7)

load 0x4010f000, len 1384, room 16 
tail 8
chksum 0x2d
csum 0x2d
v8b899c12
~ld


6.01
 0h00:02.996 2021/06/07T11:38:38z: DS3231
 0h00:03.011 2021/06/07T11:38:38z: BME280 (0x76)
 0h00:03.026 2021/06/07T11:38:38z: 10:52:1c:41:79:b5
 0h00:03.027 2021/06/07T11:38:38z: SSID: ARRIS-5A97
 0h00:03.032 2021/06/07T11:38:38z: AP_STAR tmr
 ets Jan  8 2013,rst cause:1, boot mode:(3,7)

load 0x4010f000, len 1384, room 16 
tail 8
chksum 0x2d
csum 0x2d
v8b899c12
~ld


6.01
 0h00:02.997 2021/06/07T11:58:34z: DS3231
 0h00:03.012 2021/06/07T11:58:34z: BME280 (0x76)
 0h00:03.027 2021/06/07T11:58:34z: 10:52:1c:41:79:b5
 0h00:03.028 2021/06/07T11:58:34z: SSID: ARRIS-5A97
 0h00:03.033 2021/06/07T11:58:34z: AP_STAR tmr
 ets Jan  8 2013,rst cause:1, boot mode:(3,7)

load 0x4010f000, len 1384, room 16 
tail 8
chksum 0x2d
csum 0x2d
v8b899c12
~ld


6.01
 0h00:03.006 2021/06/07T12:18:30z: DS3231
 0h00:03.021 2021/06/07T12:18:30z: BME280 (0x76)
 0h00:03.035 2021/06/07T12:18:30z: 10:52:1c:41:79:b5
 0h00:03.037 2021/06/07T12:18:30z: SSID: ARRIS-5A97
 0h00:03.042 2021/06/07T12:18:30z: AP_STAR tmr
 ets Jan  8 2013,rst cause:1, boot mode:(3,7)

load 0x4010f000, len 1384, room 16 
tail 8
chksum 0x2d
csum 0x2d
v8b899c12
~ld


6.01
 0h00:03.015 2021/06/07T12:38:26z: DS3231
 0h00:03.030 2021/06/07T12:38:26z: BME280 (0x76)
 0h00:03.045 2021/06/07T12:38:26z: 10:52:1c:41:79:b5
 0h00:03.046 2021/06/07T12:38:26z: SSID: ARRIS-5A97
 0h00:03.051 2021/06/07T12:38:26z: AP_STAR tmr
 ets Jan  8 2013,rst cause:1, boot mode:(3,7)

load 0x4010f000, len 1384, room 16 
tail 8
chksum 0x2d
csum 0x2d
v8b899c12
~ld


6.01
 0h00:03.023 2021/06/07T12:58:22z: DS3231
 0h00:03.038 2021/06/07T12:58:22z: BME280 (0x76)
 0h00:03.053 2021/06/07T12:58:22z: 10:52:1c:41:79:b5
 0h00:03.054 2021/06/07T12:58:22z: SSID: ARRIS-5A97
 0h00:03.060 2021/06/07T12:58:22z: AP_STAR tmr
 ets Jan  8 2013,rst cause:1, boot mode:(3,7)

load 0x4010f000, len 1384, room 16 
tail 8
chksum 0x2d
csum 0x2d
v8b899c12
~ld


6.01
 0h00:02.999 2021/06/07T13:18:18z: DS3231
 0h00:03.015 2021/06/07T13:18:18z: BME280 (0x76)
 0h00:03.029 2021/06/07T13:18:18z: 10:52:1c:41:79:b5
 0h00:03.031 2021/06/07T13:18:18z: SSID: ARRIS-5A97
 0h00:03.036 2021/06/07T13:18:18z: AP_STAR tmr
 ets Jan  8 2013,rst cause:1, boot mode:(3,7)

load 0x4010f000, len 1384, room 16 
tail 8
chksum 0x2d
csum 0x2d
v8b899c12
~ld


6.01
 0h00:03.001 2021/06/07T13:38:14z: DS3231
 0h00:03.016 2021/06/07T13:38:14z: BME280 (0x76)
 0h00:03.030 2021/06/07T13:38:14z: 10:52:1c:41:79:b5
 0h00:03.032 2021/06/07T13:38:14z: SSID: ARRIS-5A97
 0h00:03.037 2021/06/07T13:38:14z: AP_STAR tmr
 ets Jan  8 2013,rst cause:1, boot mode:(3,7)

load 0x4010f000, len 1384, room 16 
tail 8
chksum 0x2d
csum 0x2d
v8b899c12
~ld


6.01
 0h00:02.999 2021/06/07T13:58:10z: DS3231
 0h00:03.014 2021/06/07T13:58:10z: BME280 (0x76)
 0h00:03.028 2021/06/07T13:58:10z: 10:52:1c:41:79:b5
 0h00:03.030 2021/06/07T13:58:10z: SSID: ARRIS-5A97
 0h00:03.035 2021/06/07T13:58:10z: AP_STAR tmr
 ets Jan  8 2013,rst cause:1, boot mode:(3,7)

load 0x4010f000, len 1384, room 16 
tail 8
chksum 0x2d
csum 0x2d
v8b899c12
~ld


6.01
 0h00:02.999 2021/06/07T14:18:06z: DS3231
 0h00:03.014 2021/06/07T14:18:06z: BME280 (0x76)
 0h00:03.029 2021/06/07T14:18:06z: 10:52:1c:41:79:b5
 0h00:03.030 2021/06/07T14:18:06z: SSID: ARRIS-5A97
 0h00:03.035 2021/06/07T14:18:06z: AP_STAR tmr
 ets Jan  8 2013,rst cause:1, boot mode:(3,7)

load 0x4010f000, len 1384, room 16 
tail 8
chksum 0x2d
csum 0x2d
v8b899c12
~ld


6.01
 0h00:03.002 2021/06/07T14:38:02z: DS3231
 0h00:03.018 2021/06/07T14:38:02z: BME280 (0x76)
 0h00:03.032 2021/06/07T14:38:02z: 10:52:1c:41:79:b5
 0h00:03.033 2021/06/07T14:38:02z: SSID: ARRIS-5A97
 0h00:03.039 2021/06/07T14:38:02z: AP_STAR tmr
 ets Jan  8 2013,rst cause:1, boot mode:(3,7)

load 0x4010f000, len 1384, room 16 
tail 8
chksum 0x2d
csum 0x2d
v8b899c12
~ld


6.01
 0h00:03.015 2021/06/07T14:57:59z: DS3231
 0h00:03.030 2021/06/07T14:57:59z: BME280 (0x76)
 0h00:03.044 2021/06/07T14:57:59z: 10:52:1c:41:79:b5
 0h00:03.046 2021/06/07T14:57:59z: SSID: ARRIS-5A97
 0h00:03.051 2021/06/07T14:57:59z: AP_STAR tmr
 ets Jan  8 2013,rst cause:1, boot mode:(3,7)

load 0x4010f000, len 1384, room 16 
tail 8
chksum 0x2d
csum 0x2d
v8b899c12
~ld


6.01
 0h00:03.015 2021/06/07T15:17:55z: DS3231
 0h00:03.030 2021/06/07T15:17:55z: BME280 (0x76)
 0h00:03.044 2021/06/07T15:17:55z: 10:52:1c:41:79:b5
 0h00:03.046 2021/06/07T15:17:55z: SSID: ARRIS-5A97
 0h00:03.051 2021/06/07T15:17:55z: AP_STAR tmr
 ets Jan  8 2013,rst cause:1, boot mode:(3,7)

load 0x4010f000, len 1384, room 16 
tail 8
chksum 0x2d
csum 0x2d
v8b899c12
~ld


6.01
 0h00:03.025 2021/06/07T15:37:51z: DS3231
 0h00:03.040 2021/06/07T15:37:51z: BME280 (0x76)
 0h00:03.055 2021/06/07T15:37:51z: 10:52:1c:41:79:b5
 0h00:03.056 2021/06/07T15:37:51z: SSID: ARRIS-5A97
 0h00:03.061 2021/06/07T15:37:51z: AP_STAR tmr
 ets Jan  8 2013,rst cause:1, boot mode:(3,7)

load 0x4010f000, len 1384, room 16 
tail 8
chksum 0x2d
csum 0x2d
v8b899c12
~ld


6.01
 0h00:03.000 2021/06/07T15:57:47z: DS3231
 0h00:03.015 2021/06/07T15:57:47z: BME280 (0x76)
 0h00:03.029 2021/06/07T15:57:47z: 10:52:1c:41:79:b5
 0h00:03.031 2021/06/07T15:57:47z: SSID: ARRIS-5A97
 0h00:03.036 2021/06/07T15:57:47z: AP_STAR tmr
 ets Jan  8 2013,rst cause:1, boot mode:(3,7)

load 0x4010f000, len 1384, room 16 
tail 8
chksum 0x2d
csum 0x2d
v8b899c12
~ld


6.01
 0h00:02.996 2021/06/07T16:17:43z: DS3231
 0h00:03.012 2021/06/07T16:17:43z: BME280 (0x76)
 0h00:03.026 2021/06/07T16:17:43z: 10:52:1c:41:79:b5
 0h00:03.028 2021/06/07T16:17:43z: SSID: ARRIS-5A97
 0h00:03.033 2021/06/07T16:17:43z: AP_STAR tmr
 ets Jan  8 2013,rst cause:1, boot mode:(3,7)

load 0x4010f000, len 1384, room 16 
tail 8
chksum 0x2d
csum 0x2d
v8b899c12
~ld


6.01
 0h00:02.994 2021/06/07T16:37:39z: DS3231
 0h00:03.009 2021/06/07T16:37:39z: BME280 (0x76)
 0h00:03.023 2021/06/07T16:37:39z: 10:52:1c:41:79:b5
 0h00:03.025 2021/06/07T16:37:39z: SSID: ARRIS-5A97
 0h00:03.030 2021/06/07T16:37:39z: AP_STAR tmr
 ets Jan  8 2013,rst cause:1, boot mode:(3,7)

load 0x4010f000, len 1384, room 16 
tail 8
chksum 0x2d
csum 0x2d
v8b899c12
~ld


6.01
 0h00:02.998 2021/06/07T16:57:35z: DS3231
 0h00:03.013 2021/06/07T16:57:35z: BME280 (0x76)
 0h00:03.027 2021/06/07T16:57:35z: 10:52:1c:41:79:b5
 0h00:03.029 2021/06/07T16:57:35z: SSID: ARRIS-5A97
 0h00:03.034 2021/06/07T16:57:35z: AP_STAR tmr
 ets Jan  8 2013,rst cause:1, boot mode:(3,7)

load 0x4010f000, len 1384, room 16 
tail 8
chksum 0x2d
csum 0x2d
v8b899c12
~ld


6.01
 0h00:02.998 2021/06/07T17:17:31z: DS3231
 0h00:03.013 2021/06/07T17:17:31z: BME280 (0x76)
 0h00:03.027 2021/06/07T17:17:31z: 10:52:1c:41:79:b5
 0h00:03.029 2021/06/07T17:17:31z: SSID: ARRIS-5A97
 0h00:03.034 2021/06/07T17:17:31z: AP_STAR tmr
 ets Jan  8 2013,rst cause:1, boot mode:(3,7)

load 0x4010f000, len 1384, room 16 
tail 8
chksum 0x2d
csum 0x2d
v8b899c12
~ld


6.01
 0h00:03.007 2021/06/07T17:37:28z: DS3231
 0h00:03.022 2021/06/07T17:37:28z: BME280 (0x76)
 0h00:03.037 2021/06/07T17:37:28z: 10:52:1c:41:79:b5
 0h00:03.038 2021/06/07T17:37:28z: SSID: ARRIS-5A97
 0h00:03.043 2021/06/07T17:37:28z: AP_STAR tmr
 ets Jan  8 2013,rst cause:1, boot mode:(3,7)

load 0x4010f000, len 1384, room 16 
tail 8
chksum 0x2d
csum 0x2d
v8b899c12
~ld


6.01
 0h00:03.017 2021/06/07T17:57:23z: DS3231
 0h00:03.032 2021/06/07T17:57:23z: BME280 (0x76)
 0h00:03.047 2021/06/07T17:57:23z: 10:52:1c:41:79:b5
 0h00:03.048 2021/06/07T17:57:23z: SSID: ARRIS-5A97
 0h00:03.053 2021/06/07T17:57:23z: AP_STAR tmr
 ets Jan  8 2013,rst cause:1, boot mode:(3,7)

load 0x4010f000, len 1384, room 16 
tail 8
chksum 0x2d
csum 0x2d
v8b899c12
~ld


6.01
 0h00:03.028 2021/06/07T18:17:19z: DS3231
 0h00:03.043 2021/06/07T18:17:19z: BME280 (0x76)
 0h00:03.057 2021/06/07T18:17:19z: 10:52:1c:41:79:b5
 0h00:03.059 2021/06/07T18:17:19z: SSID: ARRIS-5A97
 0h00:03.064 2021/06/07T18:17:19z: AP_STAR tmr
 ets Jan  8 2013,rst cause:1, boot mode:(3,7)

load 0x4010f000, len 1384, room 16 
tail 8
chksum 0x2d
csum 0x2d
v8b899c12
~ld


6.01
 0h00:02.993 2021/06/07T18:37:15z: DS3231
 0h00:03.008 2021/06/07T18:37:15z: BME280 (0x76)
 0h00:03.022 2021/06/07T18:37:15z: 10:52:1c:41:79:b5
 0h00:03.024 2021/06/07T18:37:15z: SSID: ARRIS-5A97
 0h00:03.029 2021/06/07T18:37:15z: AP_STAR tmr
 ets Jan  8 2013,rst cause:1, boot mode:(3,7)

load 0x4010f000, len 1384, room 16 
tail 8
chksum 0x2d
csum 0x2d
v8b899c12
~ld


6.01
 0h00:02.998 2021/06/07T18:57:11z: DS3231
 0h00:03.014 2021/06/07T18:57:11z: BME280 (0x76)
 0h00:03.028 2021/06/07T18:57:11z: 10:52:1c:41:79:b5
 0h00:03.029 2021/06/07T18:57:11z: SSID: ARRIS-5A97
 0h00:03.035 2021/06/07T18:57:11z: AP_STAR tmr
 ets Jan  8 2013,rst cause:1, boot mode:(3,7)

load 0x4010f000, len 1384, room 16 
tail 8
chksum 0x2d
csum 0x2d
v8b899c12
~ld


6.01
 0h00:03.005 2021/06/07T19:17:07z: DS3231
 0h00:03.020 2021/06/07T19:17:07z: BME280 (0x76)
 0h00:03.034 2021/06/07T19:17:07z: 10:52:1c:41:79:b5
 0h00:03.036 2021/06/07T19:17:07z: SSID: ARRIS-5A97
 0h00:03.041 2021/06/07T19:17:07z: AP_STAR tmr
 ets Jan  8 2013,rst cause:1, boot mode:(3,7)

load 0x4010f000, len 1384, room 16 
tail 8
chksum 0x2d
csum 0x2d
v8b899c12
~ld


6.01
 0h00:03.001 2021/06/07T19:37:02z: DS3231
 0h00:03.016 2021/06/07T19:37:02z: BME280 (0x76)
 0h00:03.030 2021/06/07T19:37:02z: 10:52:1c:41:79:b5
 0h00:03.032 2021/06/07T19:37:02z: SSID: ARRIS-5A97
 0h00:03.037 2021/06/07T19:37:02z: AP_STAR tmr
 ets Jan  8 2013,rst cause:1, boot mode:(3,7)

load 0x4010f000, len 1384, room 16 
tail 8
chksum 0x2d
csum 0x2d
v8b899c12
~ld


6.01
 0h00:02.999 2021/06/07T19:56:58z: DS3231
 0h00:03.014 2021/06/07T19:56:58z: BME280 (0x76)
 0h00:03.028 2021/06/07T19:56:58z: 10:52:1c:41:79:b5
 0h00:03.030 2021/06/07T19:56:58z: SSID: ARRIS-5A97
 0h00:03.035 2021/06/07T19:56:58z: AP_STAR tmr
 ets Jan  8 2013,rst cause:1, boot mode:(3,7)

load 0x4010f000, len 1384, room 16 
tail 8
chksum 0x2d
csum 0x2d
v8b899c12
~ld


6.01
 0h00:03.017 2021/06/07T20:16:55z: DS3231
 0h00:03.032 2021/06/07T20:16:55z: BME280 (0x76)
 0h00:03.046 2021/06/07T20:16:55z: 10:52:1c:41:79:b5
 0h00:03.048 2021/06/07T20:16:55z: SSID: ARRIS-5A97
 0h00:03.053 2021/06/07T20:16:55z: AP_STAR tmr
 ets Jan  8 2013,rst cause:1, boot mode:(3,7)

load 0x4010f000, len 1384, room 16 
tail 8
chksum 0x2d
csum 0x2d
v8b899c12
~ld


6.01
 0h00:03.011 2021/06/07T20:36:51z: DS3231
 0h00:03.026 2021/06/07T20:36:51z: BME280 (0x76)
 0h00:03.041 2021/06/07T20:36:51z: 10:52:1c:41:79:b5
 0h00:03.042 2021/06/07T20:36:51z: SSID: ARRIS-5A97
 0h00:03.047 2021/06/07T20:36:51z: AP_STAR tmr
 ets Jan  8 2013,rst cause:1, boot mode:(3,7)

load 0x4010f000, len 1384, room 16 
tail 8
chksum 0x2d
csum 0x2d
v8b899c12
~ld


6.01
 0h00:03.027 2021/06/07T20:56:47z: DS3231
 0h00:03.042 2021/06/07T20:56:47z: BME280 (0x76)
 0h00:03.056 2021/06/07T20:56:47z: 10:52:1c:41:79:b5
 0h00:03.058 2021/06/07T20:56:47z: SSID: ARRIS-5A97
 0h00:03.063 2021/06/07T20:56:47z: AP_STAR tmr
 ets Jan  8 2013,rst cause:1, boot mode:(3,7)

load 0x4010f000, len 1384, room 16 
tail 8
chksum 0x2d
csum 0x2d
v8b899c12
~ld


6.01
 0h00:03.000 2021/06/07T21:16:43z: DS3231
 0h00:03.015 2021/06/07T21:16:43z: BME280 (0x76)
 0h00:03.030 2021/06/07T21:16:44z: 10:52:1c:41:79:b5
 0h00:03.031 2021/06/07T21:16:44z: SSID: ARRIS-5A97
 0h00:03.036 2021/06/07T21:16:44z: AP_STAR tmr
 ets Jan  8 2013,rst cause:1, boot mode:(3,7)

load 0x4010f000, len 1384, room 16 
tail 8
chksum 0x2d
csum 0x2d
v8b899c12
~ld


6.01
 0h00:03.004 2021/06/07T21:36:40z: DS3231
 0h00:03.019 2021/06/07T21:36:40z: BME280 (0x76)
 0h00:03.033 2021/06/07T21:36:40z: 10:52:1c:41:79:b5
 0h00:03.035 2021/06/07T21:36:40z: SSID: ARRIS-5A97
 0h00:03.040 2021/06/07T21:36:40z: AP_STAR tmr
 ets Jan  8 2013,rst cause:1, boot mode:(3,7)

load 0x4010f000, len 1384, room 16 
tail 8
chksum 0x2d
csum 0x2d
v8b899c12
~ld


6.01
 0h00:03.000 2021/06/07T21:56:36z: DS3231
 0h00:03.015 2021/06/07T21:56:36z: BME280 (0x76)
 0h00:03.029 2021/06/07T21:56:36z: 10:52:1c:41:79:b5
 0h00:03.031 2021/06/07T21:56:36z: SSID: ARRIS-5A97
 0h00:03.036 2021/06/07T21:56:36z: AP_STAR tmr
 ets Jan  8 2013,rst cause:1, boot mode:(3,7)

load 0x4010f000, len 1384, room 16 
tail 8
chksum 0x2d
csum 0x2d
v8b899c12
~ld


6.01
 0h00:02.999 2021/06/07T22:16:32z: DS3231
 0h00:03.014 2021/06/07T22:16:32z: BME280 (0x76)
 0h00:03.028 2021/06/07T22:16:32z: 10:52:1c:41:79:b5
 0h00:03.030 2021/06/07T22:16:32z: SSID: ARRIS-5A97
 0h00:03.035 2021/06/07T22:16:32z: AP_STAR tmr
 ets Jan  8 2013,rst cause:1, boot mode:(3,7)

load 0x4010f000, len 1384, room 16 
tail 8
chksum 0x2d
csum 0x2d
v8b899c12
~ld


6.01
 0h00:03.000 2021/06/07T22:36:28z: DS3231
 0h00:03.016 2021/06/07T22:36:28z: BME280 (0x76)
 0h00:03.030 2021/06/07T22:36:28z: 10:52:1c:41:79:b5
 0h00:03.032 2021/06/07T22:36:28z: SSID: ARRIS-5A97
 0h00:03.037 2021/06/07T22:36:28z: AP_STAR tmr
 ets Jan  8 2013,rst cause:1, boot mode:(3,7)

load 0x4010f000, len 1384, room 16 
tail 8
chksum 0x2d
csum 0x2d
v8b899c12
~ld


6.01
 0h00:03.013 2021/06/07T22:56:24z: DS3231
 0h00:03.029 2021/06/07T22:56:24z: BME280 (0x76)
 0h00:03.043 2021/06/07T22:56:24z: 10:52:1c:41:79:b5
 0h00:03.045 2021/06/07T22:56:24z: SSID: ARRIS-5A97
 0h00:03.050 2021/06/07T22:56:24z: AP_STAR tmr
 ets Jan  8 2013,rst cause:1, boot mode:(3,7)

load 0x4010f000, len 1384, room 16 
tail 8
chksum 0x2d
csum 0x2d
v8b899c12
~ld


6.01
 0h00:03.014 2021/06/07T23:16:20z: DS3231
 0h00:03.029 2021/06/07T23:16:20z: BME280 (0x76)
 0h00:03.043 2021/06/07T23:16:20z: 10:52:1c:41:79:b5
 0h00:03.045 2021/06/07T23:16:20z: SSID: ARRIS-5A97
 0h00:03.050 2021/06/07T23:16:20z: AP_STAR tmr
 ets Jan  8 2013,rst cause:1, boot mode:(3,7)

load 0x4010f000, len 1384, room 16 
tail 8
chksum 0x2d
csum 0x2d
v8b899c12
~ld


6.01
 0h00:03.023 2021/06/07T23:36:16z: DS3231
 0h00:03.038 2021/06/07T23:36:16z: BME280 (0x76)
 0h00:03.052 2021/06/07T23:36:16z: 10:52:1c:41:79:b5
 0h00:03.054 2021/06/07T23:36:16z: SSID: ARRIS-5A97
 0h00:03.059 2021/06/07T23:36:16z: AP_STAR tmr
 ets Jan  8 2013,rst cause:1, boot mode:(3,7)

load 0x4010f000, len 1384, room 16 
tail 8
chksum 0x2d
csum 0x2d
v8b899c12
~ld


6.01
 0h00:02.998 2021/06/07T23:56:12z: DS3231
 0h00:03.014 2021/06/07T23:56:12z: BME280 (0x76)
 0h00:03.028 2021/06/07T23:56:12z: 10:52:1c:41:79:b5
 0h00:03.029 2021/06/07T23:56:12z: SSID: ARRIS-5A97
 0h00:03.035 2021/06/07T23:56:12z: AP_STA