R tmr
 ets Jan  8 2013,rst cause:1, boot mode:(3,7)

load 0x4010f000, len 1384, room 16 
tail 8
chksum 0x2d
csum 0x2d
v8b899c12
~ld


6.01
 0h00:02.995 2021/06/07T04:52:38z: DS3231
 0h00:03.011 2021/06/07T04:52:38z: BME280 (0x76)
 0h00:03.025 2021/06/07T04:52:38z: 10:52:1c:4d:af:f9
 0h00:03.026 2021/06/07T04:52:38z: SSID: Apollonia Students Halls
 0h00:03.032 2021/06/07T04:52:38z: AP_STAR tmr
 ets Jan  8 2013,rst cause:1, boot mode:(3,7)

load 0x4010f000, len 1384, room 16 
tail 8
chksum 0x2d
csum 0x2d
v8b899c12
~ld


6.01
 0h00:02.999 2021/06/07T05:12:34z: DS3231
 0h00:03.014 2021/06/07T05:12:34z: BME280 (0x76)
 0h00:03.028 2021/06/07T05:12:34z: 10:52:1c:4d:af:f9
 0h00:03.030 2021/06/07T05:12:34z: SSID: Apollonia Students Halls
 0h00:03.035 2021/06/07T05:12:34z: AP_STAR tmr
 ets Jan  8 2013,rst cause:1, boot mode:(3,7)

load 0x4010f000, len 1384, room 16 
tail 8
chksum 0x2d
csum 0x2d
v8b899c12
~ld


6.01
 0h00:02.996 2021/06/07T05:32:30z: DS3231
 0h00:03.012 2021/06/07T05:32:30z: BME280 (0x76)
 0h00:03.026 2021/06/07T05:32:30z: 10:52:1c:4d:af:f9
 0h00:03.027 2021/06/07T05:32:30z: SSID: Apollonia Students Halls
 0h00:03.033 2021/06/07T05:32:30z: AP_STAR tmr
 ets Jan  8 2013,rst cause:1, boot mode:(3,7)

load 0x4010f000, len 1384, room 16 
tail 8
chksum 0x2d
csum 0x2d
v8b899c12
~ld


6.01
 0h00:02.996 2021/06/07T05:52:26z: DS3231
 0h00:03.011 2021/06/07T05:52:26z: BME280 (0x76)
 0h00:03.025 2021/06/07T05:52:26z: 10:52:1c:4d:af:f9
 0h00:03.027 2021/06/07T05:52:26z: SSID: Apollonia Students Halls
 0h00:03.032 2021/06/07T05:52:26z: AP_STAR tmr
 ets Jan  8 2013,rst cause:1, boot mode:(3,7)

load 0x4010f000, len 1384, room 16 
tail 8
chksum 0x2d
csum 0x2d
v8b899c12
~ld


6.01
 0h00:03.011 2021/06/07T06:12:23z: DS3231
 0h00:03.027 2021/06/07T06:12:23z: BME280 (0x76)
 0h00:03.041 2021/06/07T06:12:23z: 10:52:1c:4d:af:f9
 0h00:03.042 2021/06/07T06:12:23z: SSID: Apollonia Students Halls
 0h00:03.048 2021/06/07T06:12:23z: AP_STAR tmr
 ets Jan  8 2013,rst cause:1, boot mode:(3,7)

load 0x4010f000, len 1384, room 16 
tail 8
chksum 0x2d
csum 0x2d
v8b899c12
~ld


6.01
 0h00:03.020 2021/06/07T06:32:19z: DS3231
 0h00:03.036 2021/06/07T06:32:19z: BME280 (0x76)
 0h00:03.050 2021/06/07T06:32:19z: 10:52:1c:4d:af:f9
 0h00:03.051 2021/06/07T06:32:19z: SSID: Apollonia Students Halls
 0h00:03.057 2021/06/07T06:32:19z: AP_STAR tmr
 ets Jan  8 2013,rst cause:1, boot mode:(3,7)

load 0x4010f000, len 1384, room 16 
tail 8
chksum 0x2d
csum 0x2d
v8b899c12
~ld


6.01
 0h00:03.025 2021/06/07T06:52:15z: DS3231
 0h00:03.040 2021/06/07T06:52:15z: BME280 (0x76)
 0h00:03.054 2021/06/07T06:52:15z: 10:52:1c:4d:af:f9
 0h00:03.056 2021/06/07T06:52:15z: SSID: Apollonia Students Halls
 0h00:03.061 2021/06/07T06:52:15z: AP_STAR tmr
 ets Jan  8 2013,rst cause:1, boot mode:(3,7)

load 0x4010f000, len 1384, room 16 
tail 8
chksum 0x2d
csum 0x2d
v8b899c12
~ld


6.01
 0h00:02.995 2021/06/07T07:12:11z: DS3231
 0h00:03.010 2021/06/07T07:12:11z: BME280 (0x76)
 0h00:03.025 2021/06/07T07:12:11z: 10:52:1c:4d:af:f9
 0h00:03.026 2021/06/07T07:12:11z: SSID: Apollonia Students Halls
 0h00:03.031 2021/06/07T07:12:11z: AP_STAR tmr
 ets Jan  8 2013,rst cause:1, boot mode:(3,7)

load 0x4010f000, len 1384, room 16 
tail 8
chksum 0x2d
csum 0x2d
v8b899c12
~ld


6.01
 0h00:02.997 2021/06/07T07:32:07z: DS3231
 0h00:03.012 2021/06/07T07:32:07z: BME280 (0x76)
 0h00:03.026 2021/06/07T07:32:07z: 10:52:1c:4d:af:f9
 0h00:03.028 2021/06/07T07:32:07z: SSID: Apollonia Students Halls
 0h00:03.033 2021/06/07T07:32:07z: AP_STAR tmr
 ets Jan  8 2013,rst cause:1, boot mode:(3,7)

load 0x4010f000, len 1384, room 16 
tail 8
chksum 0x2d
csum 0x2d
v8b899c12
~ld


6.01
 0h00:02.994 2021/06/07T07:52:03z: DS3231
 0h00:03.010 2021/06/07T07:52:03z: BME280 (0x76)
 0h00:03.024 2021/06/07T07:52:03z: 10:52:1c:4d:af:f9
 0h00:03.025 2021/06/07T07:52:03z: SSID: Apollonia Students Halls
 0h00:03.031 2021/06/07T07:52:03z: AP_STAR tmr
 ets Jan  8 2013,rst cause:1, boot mode:(3,7)

load 0x4010f000, len 1384, room 16 
tail 8
chksum 0x2d
csum 0x2d
v8b899c12
~ld


6.01
 0h00:02.998 2021/06/07T08:11:59z: DS3231
 0h00:03.013 2021/06/07T08:11:59z: BME280 (0x76)
 0h00:03.027 2021/06/07T08:11:59z: 10:52:1c:4d:af:f9
 0h00:03.029 2021/06/07T08:11:59z: SSID: Apollonia Students Halls
 0h00:03.034 2021/06/07T08:11:59z: AP_STAR tmr
 ets Jan  8 2013,rst cause:1, boot mode:(3,7)

load 0x4010f000, len 1384, room 16 
tail 8
chksum 0x2d
csum 0x2d
v8b899c12
~ld


6.01
 0h00:02.996 2021/06/07T08:31:55z: DS3231
 0h00:03.011 2021/06/07T08:31:55z: BME280 (0x76)
 0h00:03.026 2021/06/07T08:31:55z: 10:52:1c:4d:af:f9
 0h00:03.027 2021/06/07T08:31:55z: SSID: Apollonia Students Halls
 0h00:03.032 2021/06/07T08:31:55z: AP_STAR tmr
 ets Jan  8 2013,rst cause:1, boot mode:(3,7)

load 0x4010f000, len 1384, room 16 
tail 8
chksum 0x2d
csum 0x2d
v8b899c12
~ld


6.01
 0h00:03.011 2021/06/07T08:51:51z: DS3231
 0h00:03.026 2021/06/07T08:51:51z: BME280 (0x76)
 0h00:03.041 2021/06/07T08:51:51z: 10:52:1c:4d:af:f9
 0h00:03.042 2021/06/07T08:51:51z: SSID: Apollonia Students Halls
 0h00:03.047 2021/06/07T08:51:51z: AP_STAR tmr
 ets Jan  8 2013,rst cause:1, boot mode:(3,7)

load 0x4010f000, len 1384, room 16 
tail 8
chksum 0x2d
csum 0x2d
v8b899c12
~ld


6.01
 0h00:03.017 2021/06/07T09:11:47z: DS3231
 0h00:03.032 2021/06/07T09:11:47z: BME280 (0x76)
 0h00:03.046 2021/06/07T09:11:47z: 10:52:1c:4d:af:f9
 0h00:03.048 2021/06/07T09:11:47z: SSID: Apollonia Students Halls
 0h00:03.053 2021/06/07T09:11:47z: AP_STAR tmr
 ets Jan  8 2013,rst cause:1, boot mode:(3,7)

load 0x4010f000, len 1384, room 16 
tail 8
chksum 0x2d
csum 0x2d
v8b899c12
~ld


6.01
 0h00:03.026 2021/06/07T09:31:43z: DS3231
 0h00:03.041 2021/06/07T09:31:43z: BME280 (0x76)
 0h00:03.056 2021/06/07T09:31:43z: 10:52:1c:4d:af:f9
 0h00:03.057 2021/06/07T09:31:43z: SSID: Apollonia Students Halls
 0h00:03.062 2021/06/07T09:31:43z: AP_STAR tmr
 ets Jan  8 2013,rst cause:1, boot mode:(3,7)

load 0x4010f000, len 1384, room 16 
tail 8
chksum 0x2d
csum 0x2d
v8b899c12
~ld


6.01
 0h00:02.996 2021/06/07T09:51:39z: DS3231
 0h00:03.012 2021/06/07T09:51:39z: BME280 (0x76)
 0h00:03.026 2021/06/07T09:51:39z: 10:52:1c:4d:af:f9
 0h00:03.027 2021/06/07T09:51:39z: SSID: Apollonia Students Halls
 0h00:03.033 2021/06/07T09:51:39z: AP_STAR tmr
 ets Jan  8 2013,rst cause:1, boot mode:(3,7)

load 0x4010f000, len 1384, room 16 
tail 8
chksum 0x2d
csum 0x2d
v8b899c12
~ld


6.01
 0h00:03.018 2021/06/07T10:11:35z: DS3231
 0h00:03.033 2021/06/07T10:11:35z: BME280 (0x76)
 0h00:03.047 2021/06/07T10:11:35z: 10:52:1c:4d:af:f9
 0h00:03.049 2021/06/07T10:11:35z: SSID: Apollonia Students Halls
 0h00:03.054 2021/06/07T10:11:35z: AP_STAR tmr
 ets Jan  8 2013,rst cause:1, boot mode:(3,7)

load 0x4010f000, len 1384, room 16 
tail 8
chksum 0x2d
csum 0x2d
v8b899c12
~ld


6.01
 0h00:02.998 2021/06/07T10:31:30z: DS3231
 0h00:03.013 2021/06/07T10:31:30z: BME280 (0x76)
 0h00:03.027 2021/06/07T10:31:30z: 10:52:1c:4d:af:f9
 0h00:03.029 2021/06/07T10:31:30z: SSID: Apollonia Students Halls
 0h00:03.034 2021/06/07T10:31:30z: AP_STAR tmr
 ets Jan  8 2013,rst cause:1, boot mode:(3,7)

load 0x4010f000, len 1384, room 16 
tail 8
chksum 0x2d
csum 0x2d
v8b899c12
~ld


6.01
 0h00:02.994 2021/06/07T10:51:26z: DS3231
 0h00:03.009 2021/06/07T10:51:26z: BME280 (0x76)
 0h00:03.024 2021/06/07T10:51:26z: 10:52:1c:4d:af:f9
 0h00:03.025 2021/06/07T10:51:26z: SSID: Apollonia Students Halls
 0h00:03.030 2021/06/07T10:51:26z: AP_STAR tmr
 ets Jan  8 2013,rst cause:1, boot mode:(3,7)

load 0x4010f000, len 1384, room 16 
tail 8
chksum 0x2d
csum 0x2d
v8b899c12
~ld


6.01
 0h00:02.993 2021/06/07T11:11:22z: DS3231
 0h00:03.009 2021/06/07T11:11:22z: BME280 (0x76)
 0h00:03.023 2021/06/07T11:11:22z: 10:52:1c:4d:af:f9
 0h00:03.025 2021/06/07T11:11:22z: SSID: Apollonia Students Halls
 0h00:03.030 2021/06/07T11:11:22z: AP_STAR tmr
 ets Jan  8 2013,rst cause:1, boot mode:(3,7)

load 0x4010f000, len 1384, room 16 
tail 8
chksum 0x2d
csum 0x2d
v8b899c12
~ld


6.01
 0h00:02.996 2021/06/07T11:31:17z: DS3231
 0h00:03.011 2021/06/07T11:31:17z: BME280 (0x76)
 0h00:03.025 2021/06/07T11:31:17z: 10:52:1c:4d:af:f9
 0h00:03.027 2021/06/07T11:31:17z: SSID: Apollonia Students Halls
 0h00:03.032 2021/06/07T11:31:17z: AP_STAR tmr
 ets Jan  8 2013,rst cause:1, boot mode:(3,7)

load 0x4010f000, len 1384, room 16 
tail 8
chksum 0x2d
csum 0x2d
v8b899c12
~ld


6.01
 0h00:03.008 2021/06/07T11:51:13z: DS3231
 0h00:03.023 2021/06/07T11:51:13z: BME280 (0x76)
 0h00:03.037 2021/06/07T11:51:13z: 10:52:1c:4d:af:f9
 0h00:03.039 2021/06/07T11:51:13z: SSID: Apollonia Students Halls
 0h00:03.044 2021/06/07T11:51:13z: AP_STAR tmr
 ets Jan  8 2013,rst cause:1, boot mode:(3,7)

load 0x4010f000, len 1384, room 16 
tail 8
chksum 0x2d
csum 0x2d
v8b899c12
~ld


6.01
 0h00:03.004 2021/06/07T12:11:09z: DS3231
 0h00:03.020 2021/06/07T12:11:09z: BME280 (0x76)
 0h00:03.034 2021/06/07T12:11:09z: 10:52:1c:4d:af:f9
 0h00:03.036 2021/06/07T12:11:09z: SSID: Apollonia Students Halls
 0h00:03.041 2021/06/07T12:11:09z: AP_STAR tmr
 ets Jan  8 2013,rst cause:1, boot mode:(3,7)

load 0x4010f000, len 1384, room 16 
tail 8
chksum 0x2d
csum 0x2d
v8b899c12
~ld


6.01
 0h00:02.999 2021/06/07T12:31:05z: DS3231
 0h00:03.015 2021/06/07T12:31:05z: BME280 (0x76)
 0h00:03.029 2021/06/07T12:31:05z: 10:52:1c:4d:af:f9
 0h00:03.031 2021/06/07T12:31:05z: SSID: Apollonia Students Halls
 0h00:03.036 2021/06/07T12:31:05z: AP_STAR tmr
 ets Jan  8 2013,rst cause:1, boot mode:(3,7)

load 0x4010f000, len 1384, room 16 
tail 8
chksum 0x2d
csum 0x2d
v8b899c12
~ld


6.01
 0h00:03.011 2021/06/07T12:51:01z: DS3231
 0h00:03.026 2021/06/07T12:51:01z: BME280 (0x76)
 0h00:03.041 2021/06/07T12:51:01z: 10:52:1c:4d:af:f9
 0h00:03.042 2021/06/07T12:51:01z: SSID: Apollonia Students Halls
 0h00:03.047 2021/06/07T12:51:01z: AP_STAR tmr
 ets Jan  8 2013,rst cause:1, boot mode:(3,7)

load 0x4010f000, len 1384, room 16 
tail 8
chksum 0x2d
csum 0x2d
v8b899c12
~ld


6.01
 0h00:03.012 2021/06/07T13:10:57z: DS3231
 0h00:03.027 2021/06/07T13:10:57z: BME280 (0x76)
 0h00:03.041 2021/06/07T13:10:57z: 10:52:1c:4d:af:f9
 0h00:03.043 2021/06/07T13:10:57z: SSID: Apollonia Students Halls
 0h00:03.048 2021/06/07T13:10:57z: AP_STAR tmr
 ets Jan  8 2013,rst cause:1, boot mode:(3,7)

load 0x4010f000, len 1384, room 16 
tail 8
chksum 0x2d
csum 0x2d
v8b899c12
~ld


6.01
 0h00:03.028 2021/06/07T13:30:53z: DS3231
 0h00:03.043 2021/06/07T13:30:53z: BME280 (0x76)
 0h00:03.057 2021/06/07T13:30:53z: 10:52:1c:4d:af:f9
 0h00:03.059 2021/06/07T13:30:53z: SSID: Apollonia Students Halls
 0h00:03.064 2021/06/07T13:30:53z: AP_STAR tmr
 ets Jan  8 2013,rst cause:1, boot mode:(3,7)

load 0x4010f000, len 1384, room 16 
tail 8
chksum 0x2d
csum 0x2d
v8b899c12
~ld


6.01
 0h00:02.997 2021/06/07T13:50:48z: DS3231
 0h00:03.012 2021/06/07T13:50:48z: BME280 (0x76)
 0h00:03.026 2021/06/07T13:50:48z: 10:52:1c:4d:af:f9
 0h00:03.028 2021/06/07T13:50:48z: SSID: Apollonia Students Halls
 0h00:03.033 2021/06/07T13:50:48z: AP_STAR tmr
 ets Jan  8 2013,rst cause:1, boot mode:(3,7)

load 0x4010f000, len 1384, room 16 
tail 8
chksum 0x2d
csum 0x2d
v8b899c12
~ld


6.01
 0h00:02.989 2021/06/07T14:10:45z: DS3231
 0h00:03.005 2021/06/07T14:10:45z: BME280 (0x76)
 0h00:03.019 2021/06/07T14:10:45z: 10:52:1c:4d:af:f9
 0h00:03.021 2021/06/07T14:10:45z: SSID: Apollonia Students Halls
 0h00:03.026 2021/06/07T14:10:45z: AP_STAR tmr
 ets Jan  8 2013,rst cause:1, boot mode:(3,7)

load 0x4010f000, len 1384, room 16 
tail 8
chksum 0x2d
csum 0x2d
v8b899c12
~ld


6.01
 0h00:02.996 2021/06/07T14:30:41z: DS3231
 0h00:03.011 2021/06/07T14:30:41z: BME280 (0x76)
 0h00:03.026 2021/06/07T14:30:41z: 10:52:1c:4d:af:f9
 0h00:03.027 2021/06/07T14:30:41z: SSID: Apollonia Students Halls
 0h00:03.033 2021/06/07T14:30:41z: AP_STAR tmr
 ets Jan  8 2013,rst cause:1, boot mode:(3,7)

load 0x4010f000, len 1384, room 16 
tail 8
chksum 0x2d
csum 0x2d
v8b899c12
~ld


6.01
 0h00:03.000 2021/06/07T14:50:36z: DS3231
 0h00:03.016 2021/06/07T14:50:36z: BME280 (0x76)
 0h00:03.030 2021/06/07T14:50:36z: 10:52:1c:4d:af:f9
 0h00:03.031 2021/06/07T14:50:36z: SSID: Apollonia Students Halls
 0h00:03.037 2021/06/07T14:50:36z: AP_STAR tmr
 ets Jan  8 2013,rst cause:1, boot mode:(3,7)

load 0x4010f000, len 1384, room 16 
tail 8
chksum 0x2d
csum 0x2d
v8b899c12
~ld


6.01
 0h00:02.996 2021/06/07T15:10:32z: DS3231
 0h00:03.011 2021/06/07T15:10:32z: BME280 (0x76)
 0h00:03.025 2021/06/07T15:10:32z: 10:52:1c:4d:af:f9
 0h00:03.027 2021/06/07T15:10:32z: SSID: Apollonia Students Halls
 0h00:03.032 2021/06/07T15:10:32z: AP_STAR tmr
 ets Jan  8 2013,rst cause:1, boot mode:(3,7)

load 0x4010f000, len 1384, room 16 
tail 8
chksum 0x2d
csum 0x2d
v8b899c12
~ld


6.01
 0h00:03.005 2021/06/07T15:30:29z: DS3231
 0h00:03.020 2021/06/07T15:30:29z: BME280 (0x76)
 0h00:03.034 2021/06/07T15:30:29z: 10:52:1c:4d:af:f9
 0h00:03.036 2021/06/07T15:30:29z: SSID: Apollonia Students Halls
 0h00:03.041 2021/06/07T15:30:29z: AP_STAR tmr
 ets Jan  8 2013,rst cause:1, boot mode:(3,7)

load 0x4010f000, len 1384, room 16 
tail 8
chksum 0x2d
csum 0x2d
v8b899c12
~ld


6.01
 0h00:03.028 2021/06/07T15:50:25z: DS3231
 0h00:03.044 2021/06/07T15:50:25z: BME280 (0x76)
 0h00:03.058 2021/06/07T15:50:25z: 10:52:1c:4d:af:f9
 0h00:03.059 2021/06/07T15:50:25z: SSID: Apollonia Students Halls
 0h00:03.065 2021/06/07T15:50:25z: AP_STAR tmr
 ets Jan  8 2013,rst cause:1, boot mode:(3,7)

load 0x4010f000, len 1384, room 16 
tail 8
chksum 0x2d
csum 0x2d
v8b899c12
~ld


6.01
 0h00:03.028 2021/06/07T16:10:21z: DS3231
 0h00:03.043 2021/06/07T16:10:21z: BME280 (0x76)
 0h00:03.057 2021/06/07T16:10:21z: 10:52:1c:4d:af:f9
 0h00:03.059 2021/06/07T16:10:21z: SSID: Apollonia Students Halls
 0h00:03.064 2021/06/07T16:10:21z: AP_STAR tmr
 ets Jan  8 2013,rst cause:1, boot mode:(3,7)

load 0x4010f000, len 1384, room 16 
tail 8
chksum 0x2d
csum 0x2d
v8b899c12
~ld


6.01
 0h00:02.996 2021/06/07T16:30:17z: DS3231
 0h00:03.011 2021/06/07T16:30:17z: BME280 (0x76)
 0h00:03.026 2021/06/07T16:30:17z: 10:52:1c:4d:af:f9
 0h00:03.027 2021/06/07T16:30:17z: SSID: Apollonia Students Halls
 0h00:03.032 2021/06/07T16:30:17z: AP_STAR tmr
 ets Jan  8 2013,rst cause:1, boot mode:(3,7)

load 0x4010f000, len 1384, room 16 
tail 8
chksum 0x2d
csum 0x2d
v8b899c12
~ld


6.01
 0h00:02.997 2021/06/07T16:50:12z: DS3231
 0h00:03.012 2021/06/07T16:50:12z: BME280 (0x76)
 0h00:03.027 2021/06/07T16:50:12z: 10:52:1c:4d:af:f9
 0h00:03.028 2021/06/07T16:50:12z: SSID: Apollonia Students Halls
 0h00:03.033 2021/06/07T16:50:13z: AP_STAR tmr
 ets Jan  8 2013,rst cause:1, boot mode:(3,7)

load 0x4010f000, len 1384, room 16 
tail 8
chksum 0x2d
csum 0x2d
v8b899c12
~ld


6.01
 0h00:03.006 2021/06/07T17:10:08z: DS3231
 0h00:03.021 2021/06/07T17:10:08z: BME280 (0x76)
 0h00:03.035 2021/06/07T17:10:08z: 10:52:1c:4d:af:f9
 0h00:03.037 2021/06/07T17:10:08z: SSID: Apollonia Students Halls
 0h00:03.042 2021/06/07T17:10:08z: AP_STAR tmr
 ets Jan  8 2013,rst cause:1, boot mode:(3,7)

load 0x4010f000, len 1384, room 16 
tail 8
chksum 0x2d
csum 0x2d
v8b899c12
~ld


6.01
 0h00:02.998 2021/06/07T17:30:04z: DS3231
 0h00:03.013 2021/06/07T17:30:04z: BME280 (0x76)
 0h00:03.027 2021/06/07T17:30:04z: 10:52:1c:4d:af:f9
 0h00:03.029 2021/06/07T17:30:04z: SSID: Apollonia Students Halls
 0h00:03.034 2021/06/07T17:30:04z: AP_STAR tmr
 ets Jan  8 2013,rst cause:1, boot mode:(3,7)

load 0x4010f000, len 1384, room 16 
tail 8
chksum 0x2d
csum 0x2d
v8b899c12
~ld


6.01
 0h00:03.002 2021/06/07T17:49:59z: DS3231
 0h00:03.017 2021/06/07T17:49:59z: BME280 (0x76)
 0h00:03.031 2021/06/07T17:49:59z: 10:52:1c:4d:af:f9
 0h00:03.033 2021/06/07T17:49:59z: SSID: Apollonia Students Halls
 0h00:03.038 2021/06/07T17:49:59z: AP_STAR tmr
 ets Jan  8 2013,rst cause:1, boot mode:(3,7)

load 0x4010f000, len 1384, room 16 
tail 8
chksum 0x2d
csum 0x2d
v8b899c12
~ld


6.01
 0h00:03.011 2021/06/07T18:09:55z: DS3231
 0h00:03.026 2021/06/07T18:09:55z: BME280 (0x76)
 0h00:03.040 2021/06/07T18:09:55z: 10:52:1c:4d:af:f9
 0h00:03.042 2021/06/07T18:09:55z: SSID: Apollonia Students Halls
 0h00:03.047 2021/06/07T18:09:55z: AP_STAR tmr
 ets Jan  8 2013,rst cause:1, boot mode:(3,7)

load 0x4010f000, len 1384, room 16 
tail 8
chksum 0x2d
csum 0x2d
v8b899c12
~ld


6.01
 0h00:03.016 2021/06/07T18:29:51z: DS3231
 0h00:03.031 2021/06/07T18:29:51z: BME280 (0x76)
 0h00:03.045 2021/06/07T18:29:51z: 10:52:1c:4d:af:f9
 0h00:03.047 2021/06/07T18:29:51z: SSID: Apollonia Students Halls
 0h00:03.052 2021/06/07T18:29:51z: AP_STAR tmr
 ets Jan  8 2013,rst cause:1, boot mode:(3,7)

load 0x4010f000, len 1384, room 16 
tail 8
chksum 0x2d
csum 0x2d
v8b899c12
~ld


6.01
 0h00:03.031 2021/06/07T18:49:47z: DS3231
 0h00:03.046 2021/06/07T18:49:47z: BME280 (0x76)
 0h00:03.060 2021/06/07T18:49:47z: 10:52:1c:4d:af:f9
 0h00:03.062 2021/06/07T18:49:47z: SSID: Apollonia Students Halls
 0h00:03.067 2021/06/07T18:49:47z: AP_STAR tmr
 ets Jan  8 2013,rst cause:1, boot mode:(3,7)

load 0x4010f000, len 1384, room 16 
tail 8
chksum 0x2d
csum 0x2d
v8b899c12
~ld


6.01
 0h00:03.001 2021/06/07T19:09:43z: DS3231
 0h00:03.016 2021/06/07T19:09:43z: BME280 (0x76)
 0h00:03.031 2021/06/07T19:09:43z: 10:52:1c:4d:af:f9
 0h00:03.032 2021/06/07T19:09:43z: SSID: Apollonia Students Halls
 0h00:03.037 2021/06/07T19:09:43z: AP_STAR tmr
 ets Jan  8 2013,rst cause:1, boot mode:(3,7)

load 0x4010f000, len 1384, room 16 
tail 8
chksum 0x2d
csum 0x2d
v8b899c12
~ld


6.01
 0h00:03.004 2021/06/07T19:29:39z: DS3231
 0h00:03.019 2021/06/07T19:29:39z: BME280 (0x76)
 0h00:03.033 2021/06/07T19:29:39z: 10:52:1c:4d:af:f9
 0h00:03.035 2021/06/07T19:29:39z: SSID: Apollonia Students Halls
 0h00:03.040 2021/06/07T19:29:39z: AP_STAR tmr
 ets Jan  8 2013,rst cause:1, boot mode:(3,7)

load 0x4010f000, len 1384, room 16 
tail 8
chksum 0x2d
csum 0x2d
v8b899c12
~ld


6.01
 0h00:03.005 2021/06/07T19:49:35z: DS3231
 0h00:03.020 2021/06/07T19:49:35z: BME280 (0x76)
 0h00:03.034 2021/06/07T19:49:35z: 10:52:1c:4d:af:f9
 0h00:03.036 2021/06/07T19:49:35z: SSID: Apollonia Students Halls
 0h00:03.041 2021/06/07T19:49:35z: AP_STAR tmr
 ets Jan  8 2013,rst cause:1, boot mode:(3,7)

load 0x4010f000, len 1384, room 16 
tail 8
chksum 0x2d
csum 0x2d
v8b899c12
~ld


6.01
 0h00:03.000 2021/06/07T20:09:31z: DS3231
 0h00:03.015 2021/06/07T20:09:31z: BME280 (0x76)
 0h00:03.029 2021/06/07T20:09:31z: 10:52:1c:4d:af:f9
 0h00:03.031 2021/06/07T20:09:31z: SSID: Apollonia Students Halls
 0h00:03.036 2021/06/07T20:09:31z: AP_STAR tmr
 ets Jan  8 2013,rst cause:1, boot mode:(3,7)

load 0x4010f000, len 1384, room 16 
tail 8
chksum 0x2d
csum 0x2d
v8b899c12
~ld


6.01
 0h00:03.004 2021/06/07T20:29:27z: DS3231
 0h00:03.019 2021/06/07T20:29:27z: BME280 (0x76)
 0h00:03.033 2021/06/07T20:29:27z: 10:52:1c:4d:af:f9
 0h00:03.035 2021/06/07T20:29:27z: SSID: Apollonia Students Halls
 0h00:03.040 2021/06/07T20:29:27z: AP_STAR tmr
 ets Jan  8 2013,rst cause:1, boot mode:(3,7)

load 0x4010f000, len 1384, room 16 
tail 8
chksum 0x2d
csum 0x2d
v8b899c12
~ld


6.01
 0h00:03.018 2021/06/07T20:49:23z: DS3231
 0h00:03.033 2021/06/07T20:49:23z: BME280 (0x76)
 0h00:03.047 2021/06/07T20:49:23z: 10:52:1c:4d:af:f9
 0h00:03.049 2021/06/07T20:49:23z: SSID: Apollonia Students Halls
 0h00:03.054 2021/06/07T20:49:23z: AP_STAR tmr
 ets Jan  8 2013,rst cause:1, boot mode:(3,7)

load 0x4010f000, len 1384, room 16 
tail 8
chksum 0x2d
csum 0x2d
v8b899c12
~ld


6.01
 0h00:03.019 2021/06/07T21:09:20z: DS3231
 0h00:03.034 2021/06/07T21:09:20z: BME280 (0x76)
 0h00:03.049 2021/06/07T21:09:20z: 10:52:1c:4d:af:f9
 0h00:03.050 2021/06/07T21:09:20z: SSID: Apollonia Students Halls
 0h00:03.055 2021/06/07T21:09:20z: AP_STAR tmr
 ets Jan  8 2013,rst cause:1, boot mode:(3,7)

load 0x4010f000, len 1384, room 16 
tail 8
chksum 0x2d
csum 0x2d
v8b899c12
~ld


6.01
 0h00:03.025 2021/06/07T21:29:16z: DS3231
 0h00:03.040 2021/06/07T21:29:16z: BME280 (0x76)
 0h00:03.054 2021/06/07T21:29:16z: 10:52:1c:4d:af:f9
 0h00:03.056 2021/06/07T21:29:16z: SSID: Apollonia Students Halls
 0h00:03.061 2021/06/07T21:29:16z: AP_STAR tmr
 ets Jan  8 2013,rst cause:1, boot mode:(3,7)

load 0x4010f000, len 1384, room 16 
tail 8
chksum 0x2d
csum 0x2d
v8b899c12
~ld


6.01
 0h00:03.001 2021/06/07T21:49:12z: DS3231
 0h00:03.016 2021/06/07T21:49:12z: BME280 (0x76)
 0h00:03.030 2021/06/07T21:49:12z: 10:52:1c:4d:af:f9
 0h00:03.032 2021/06/07T21:49:12z: SSID: Apollonia Students Halls
 0h00:03.037 2021/06/07T21:49:12z: AP_STAR tmr
 ets Jan  8 2013,rst cause:1, boot mode:(3,7)

load 0x4010f000, len 1384, room 16 
tail 8
chksum 0x2d
csum 0x2d
v8b899c12
~ld


6.01
 0h00:03.000 2021/06/07T22:09:08z: DS3231
 0h00:03.016 2021/06/07T22:09:08z: BME280 (0x76)
 0h00:03.030 2021/06/07T22:09:08z: 10:52:1c:4d:af:f9
 0h00:03.031 2021/06/07T22:09:08z: SSID: Apollonia Students Halls
 0h00:03.037 2021/06/07T22:09:08z: AP_STAR tmr
 ets Jan  8 2013,rst cause:1, boot mode:(3,7)

load 0x4010f000, len 1384, room 16 
tail 8
chksum 0x2d
csum 0x2d
v8b899c12
~ld


6.01
 0h00:03.001 2021/06/07T22:29:04z: DS3231
 0h00:03.016 2021/06/07T22:29:04z: BME280 (0x76)
 0h00:03.031 2021/06/07T22:29:04z: 10:52:1c:4d:af:f9
 0h00:03.032 2021/06/07T22:29:04z: SSID: Apollonia Students Halls
 0h00:03.037 2021/06/07T22:29:04z: AP_STAR tmr
 ets Jan  8 2013,rst cause:1, boot mode:(3,7)

load 0x4010f000, len 1384, room 16 
tail 8
chksum 0x2d
csum 0x2d
v8b899c12
~ld


6.01
 0h00:02.993 2021/06/07T22:49:00z: DS3231
 0h00:03.009 2021/06/07T22:49:00z: BME280 (0x76)
 0h00:03.023 2021/06/07T22:49:00z: 10:52:1c:4d:af:f9
 0h00:03.024 2021/06/07T22:49:00z: SSID: Apollonia Students Halls
 0h00:03.030 2021/06/07T22:49:00z: AP_STAR tmr
 ets Jan  8 2013,rst cause:1, boot mode:(3,7)

load 0x4010f000, len 1384, room 16 
tail 8
chksum 0x2d
csum 0x2d
v8b899c12
~ld


6.01
 0h00:03.001 2021/06/07T23:08:56z: DS3231
 0h00:03.016 2021/06/07T23:08:56z: BME280 (0x76)
 0h00:03.030 2021/06/07T23:08:56z: 10:52:1c:4d:af:f9
 0h00:03.032 2021/06/07T23:08:56z: SSID: Apollonia Students Halls
 0h00:03.037 2021/06/07T23:08:56z: AP_STAR tmr
 ets Jan  8 2013,rst cause:1, boot mode:(3,7)

load 0x4010f000, len 1384, room 16 
tail 8
chksum 0x2d
csum 0x2d
v8b899c12
~ld


6.01
 0h00:03.009 2021/06/07T23:28:51z: DS3231
 0h00:03.024 2021/06/07T23:28:52z: BME280 (0x76)
 0h00:03.038 2021/06/07T23:28:52z: 10:52:1c:4d:af:f9
 0h00:03.040 2021/06/07T23:28:52z: SSID: Apollonia Students Halls
 0h00:03.045 2021/06/07T23:28:52z: AP_STAR tmr
 ets Jan  8 2013,rst cause:1, boot mode:(3,7)

load 0x4010f000, len 1384, room 16 
tail 8
chksum 0x2d
csum 0x2d
v8b899c12
~ld


6.01
 0h00:03.017 2021/06/07T23:48:47z: DS3231
 0h00:03.032 2021/06/07T23:48:47z: BME280 (0x76)
 0h00:03.046 2021/06/07T23:48:47z: 10:52:1c:4d:af:f9
 0h00:03.048 2021/06/07T23:48:47z: SSID: Apollonia Students Halls
 0h00:03.053 2021/06/07T23:48:47z: AP_STA